[INFO] 2022-09-11 15:22:58,100 [    train.py:  505]:	Namespace(block_att_head_num=1, cased=True, d_block=256, data_aug=2, dataset='res15', do_test=True, do_train=True, do_valid=True, drop_null_data=True, dropout_rate=0.2, epochs=100, extra_attention=True, fuse_strategy='update', init_model_dir='', language='en', loss_ratio=1.0, lr=1e-05, mask_sb=True, model_type='end_to_end', output_dir='./output', save_dir='', task_name='ttee_res15_100epoch_256d_2aug_1e-5lr_cased_0.2dropout_dropnull_1loss', test_batch_size=32, train_batch_size=16, valid_freq=1)
[INFO] 2022-09-11 15:23:10,298 [    train.py:  118]:	{'init_bert_model': 'bert-base-cased', 'sentence_b': DictWrapper({'texts': ListWrapper(['general of ambience', 'price of drinks', 'quality of drinks', 'style options of drinks', 'prices of food', 'quality of food', 'style options of food', 'general of location', 'general of restaurant', 'miscellaneous of restaurant', 'prices of restaurant', 'general of service']), 'sentiments': ListWrapper(['negative', 'neutral', 'positive'])}), 'num_sentiment_classes': 3, 'subblock_hidden_size': 256, 'subblock_head_num': 1, 'cache_dir': 'bert_models/bert-base-cased', 'fuse_strategy': 'update', 'extra_attention': True, 'dropout': 0.2, 'loss_ratio': 1.0}
[INFO] 2022-09-11 15:23:10,299 [    train.py:  120]:	Number of Train Sentence: 1120
[INFO] 2022-09-11 15:23:10,314 [    train.py:  522]:	Data augment: Merge 2 train data together
[INFO] 2022-09-11 15:24:22,154 [    train.py:  184]:	Epoch 1: 
[INFO] 2022-09-11 15:24:22,154 [    train.py:  185]:	Train:
[INFO] 2022-09-11 15:24:22,159 [    train.py:  197]:	Loss 0.3739, ('Ner Loss', 0.10501881688833237),  ('CLS Classification Loss', 0.268850177526474)
[INFO] 2022-09-11 15:24:22,159 [    train.py:  207]:	('Ner Acc', 0.9731072783470154),  ('CLS Classification Acc', 0.9159103631973267)
[INFO] 2022-09-11 15:24:27,601 [    train.py:  219]:	Evaluate:
[INFO] 2022-09-11 15:24:27,602 [    train.py:  226]:	Loss 0.1996, ('Ner Loss', 0.029984085),  ('CLS Classification Loss', 0.16966408)
[INFO] 2022-09-11 15:24:27,602 [    train.py:  227]:	('Ner Acc', 0.9963341), ('CLS Classification Acc', 0.962567)
[INFO] 2022-09-11 15:24:44,153 [    train.py:  236]:	Precision 0.000 Recall 0.000 F1 0.000
[INFO] 2022-09-11 15:25:24,809 [    train.py:  184]:	Epoch 2: 
[INFO] 2022-09-11 15:25:24,810 [    train.py:  185]:	Train:
[INFO] 2022-09-11 15:25:24,814 [    train.py:  197]:	Loss 0.2279, ('Ner Loss', 0.03343641012907028),  ('CLS Classification Loss', 0.19445231556892395)
[INFO] 2022-09-11 15:25:24,814 [    train.py:  207]:	('Ner Acc', 0.9961341023445129),  ('CLS Classification Acc', 0.9360120296478271)
[INFO] 2022-09-11 15:25:27,104 [    train.py:  219]:	Evaluate:
[INFO] 2022-09-11 15:25:27,104 [    train.py:  226]:	Loss 0.1716, ('Ner Loss', 0.025158023),  ('CLS Classification Loss', 0.14642982)
[INFO] 2022-09-11 15:25:27,104 [    train.py:  227]:	('Ner Acc', 0.99689), ('CLS Classification Acc', 0.962567)
[INFO] 2022-09-11 15:25:40,812 [    train.py:  236]:	Precision 0.000 Recall 0.000 F1 0.000
[INFO] 2022-09-11 15:26:21,351 [    train.py:  184]:	Epoch 3: 
[INFO] 2022-09-11 15:26:21,351 [    train.py:  185]:	Train:
[INFO] 2022-09-11 15:26:21,355 [    train.py:  197]:	Loss 0.2105, ('Ner Loss', 0.030819835141301155),  ('CLS Classification Loss', 0.17967084050178528)
[INFO] 2022-09-11 15:26:21,355 [    train.py:  207]:	('Ner Acc', 0.9961350560188293),  ('CLS Classification Acc', 0.9370657801628113)
[INFO] 2022-09-11 15:26:23,671 [    train.py:  219]:	Evaluate:
[INFO] 2022-09-11 15:26:23,671 [    train.py:  226]:	Loss 0.1680, ('Ner Loss', 0.023320682),  ('CLS Classification Loss', 0.1446442)
[INFO] 2022-09-11 15:26:23,672 [    train.py:  227]:	('Ner Acc', 0.9968925), ('CLS Classification Acc', 0.9626126)
[INFO] 2022-09-11 15:26:37,003 [    train.py:  236]:	Precision 0.000 Recall 0.000 F1 0.000
[INFO] 2022-09-11 15:27:17,351 [    train.py:  184]:	Epoch 4: 
[INFO] 2022-09-11 15:27:17,352 [    train.py:  185]:	Train:
[INFO] 2022-09-11 15:27:17,355 [    train.py:  197]:	Loss 0.2027, ('Ner Loss', 0.029015183448791504),  ('CLS Classification Loss', 0.17364256083965302)
[INFO] 2022-09-11 15:27:17,355 [    train.py:  207]:	('Ner Acc', 0.9961567521095276),  ('CLS Classification Acc', 0.9394963979721069)
[INFO] 2022-09-11 15:27:19,645 [    train.py:  219]:	Evaluate:
[INFO] 2022-09-11 15:27:19,646 [    train.py:  226]:	Loss 0.1650, ('Ner Loss', 0.022040842),  ('CLS Classification Loss', 0.14297369)
[INFO] 2022-09-11 15:27:19,646 [    train.py:  227]:	('Ner Acc', 0.99689984), ('CLS Classification Acc', 0.962567)
[INFO] 2022-09-11 15:27:33,123 [    train.py:  236]:	Precision 0.000 Recall 0.000 F1 0.000
[INFO] 2022-09-11 15:28:13,689 [    train.py:  184]:	Epoch 5: 
[INFO] 2022-09-11 15:28:13,689 [    train.py:  185]:	Train:
[INFO] 2022-09-11 15:28:13,693 [    train.py:  197]:	Loss 0.1953, ('Ner Loss', 0.027599988505244255),  ('CLS Classification Loss', 0.16772739589214325)
[INFO] 2022-09-11 15:28:13,693 [    train.py:  207]:	('Ner Acc', 0.9961522817611694),  ('CLS Classification Acc', 0.9411829113960266)
[INFO] 2022-09-11 15:28:15,997 [    train.py:  219]:	Evaluate:
[INFO] 2022-09-11 15:28:15,998 [    train.py:  226]:	Loss 0.1560, ('Ner Loss', 0.020813247),  ('CLS Classification Loss', 0.13518745)
[INFO] 2022-09-11 15:28:15,998 [    train.py:  227]:	('Ner Acc', 0.9968828), ('CLS Classification Acc', 0.9628868)
[INFO] 2022-09-11 15:28:29,486 [    train.py:  236]:	Precision 0.129 Recall 0.005 F1 0.009
[INFO] 2022-09-11 15:29:10,037 [    train.py:  184]:	Epoch 6: 
[INFO] 2022-09-11 15:29:10,038 [    train.py:  185]:	Train:
[INFO] 2022-09-11 15:29:10,041 [    train.py:  197]:	Loss 0.1839, ('Ner Loss', 0.02628253772854805),  ('CLS Classification Loss', 0.15762300789356232)
[INFO] 2022-09-11 15:29:10,041 [    train.py:  207]:	('Ner Acc', 0.9961633086204529),  ('CLS Classification Acc', 0.9429439902305603)
[INFO] 2022-09-11 15:29:12,327 [    train.py:  219]:	Evaluate:
[INFO] 2022-09-11 15:29:12,328 [    train.py:  226]:	Loss 0.1419, ('Ner Loss', 0.020158404),  ('CLS Classification Loss', 0.121726274)
[INFO] 2022-09-11 15:29:12,328 [    train.py:  227]:	('Ner Acc', 0.99689984), ('CLS Classification Acc', 0.9631152)
[INFO] 2022-09-11 15:29:25,786 [    train.py:  236]:	Precision 0.100 Recall 0.002 F1 0.005
[INFO] 2022-09-11 15:30:06,547 [    train.py:  184]:	Epoch 7: 
[INFO] 2022-09-11 15:30:06,547 [    train.py:  185]:	Train:
[INFO] 2022-09-11 15:30:06,551 [    train.py:  197]:	Loss 0.1751, ('Ner Loss', 0.025073500350117683),  ('CLS Classification Loss', 0.14999644458293915)
[INFO] 2022-09-11 15:30:06,551 [    train.py:  207]:	('Ner Acc', 0.9961700439453125),  ('CLS Classification Acc', 0.9440228343009949)
[INFO] 2022-09-11 15:30:08,794 [    train.py:  219]:	Evaluate:
[INFO] 2022-09-11 15:30:08,795 [    train.py:  226]:	Loss 0.1427, ('Ner Loss', 0.019118378),  ('CLS Classification Loss', 0.123608)
[INFO] 2022-09-11 15:30:08,795 [    train.py:  227]:	('Ner Acc', 0.99689984), ('CLS Classification Acc', 0.963298)
[INFO] 2022-09-11 15:30:22,358 [    train.py:  236]:	Precision 0.071 Recall 0.002 F1 0.005
[INFO] 2022-09-11 15:31:02,820 [    train.py:  184]:	Epoch 8: 
[INFO] 2022-09-11 15:31:02,820 [    train.py:  185]:	Train:
[INFO] 2022-09-11 15:31:02,822 [    train.py:  197]:	Loss 0.1678, ('Ner Loss', 0.023690637201070786),  ('CLS Classification Loss', 0.14410042762756348)
[INFO] 2022-09-11 15:31:02,822 [    train.py:  207]:	('Ner Acc', 0.9961538910865784),  ('CLS Classification Acc', 0.9451145529747009)
[INFO] 2022-09-11 15:31:05,068 [    train.py:  219]:	Evaluate:
[INFO] 2022-09-11 15:31:05,068 [    train.py:  226]:	Loss 0.1357, ('Ner Loss', 0.018132254),  ('CLS Classification Loss', 0.11760526)
[INFO] 2022-09-11 15:31:05,069 [    train.py:  227]:	('Ner Acc', 0.9968872), ('CLS Classification Acc', 0.9636635)
[INFO] 2022-09-11 15:31:18,274 [    train.py:  236]:	Precision 0.098 Recall 0.006 F1 0.011
[INFO] 2022-09-11 15:31:58,929 [    train.py:  184]:	Epoch 9: 
[INFO] 2022-09-11 15:31:58,931 [    train.py:  185]:	Train:
[INFO] 2022-09-11 15:31:58,938 [    train.py:  197]:	Loss 0.1620, ('Ner Loss', 0.02251698262989521),  ('CLS Classification Loss', 0.13953162729740143)
[INFO] 2022-09-11 15:31:58,939 [    train.py:  207]:	('Ner Acc', 0.9961280822753906),  ('CLS Classification Acc', 0.9471353888511658)
[INFO] 2022-09-11 15:32:01,228 [    train.py:  219]:	Evaluate:
[INFO] 2022-09-11 15:32:01,229 [    train.py:  226]:	Loss 0.1313, ('Ner Loss', 0.01709704),  ('CLS Classification Loss', 0.11420914)
[INFO] 2022-09-11 15:32:01,229 [    train.py:  227]:	('Ner Acc', 0.99689984), ('CLS Classification Acc', 0.9646686)
[INFO] 2022-09-11 15:32:14,810 [    train.py:  236]:	Precision 0.069 Recall 0.006 F1 0.011
[INFO] 2022-09-11 15:32:55,312 [    train.py:  184]:	Epoch 10: 
[INFO] 2022-09-11 15:32:55,313 [    train.py:  185]:	Train:
[INFO] 2022-09-11 15:32:55,317 [    train.py:  197]:	Loss 0.1527, ('Ner Loss', 0.02056911401450634),  ('CLS Classification Loss', 0.1321658343076706)
[INFO] 2022-09-11 15:32:55,317 [    train.py:  207]:	('Ner Acc', 0.9960877299308777),  ('CLS Classification Acc', 0.9492683410644531)
[INFO] 2022-09-11 15:32:57,574 [    train.py:  219]:	Evaluate:
[INFO] 2022-09-11 15:32:57,574 [    train.py:  226]:	Loss 0.1313, ('Ner Loss', 0.016264794),  ('CLS Classification Loss', 0.115081236)
[INFO] 2022-09-11 15:32:57,574 [    train.py:  227]:	('Ner Acc', 0.9968835), ('CLS Classification Acc', 0.9642117)
[INFO] 2022-09-11 15:33:11,037 [    train.py:  236]:	Precision 0.065 Recall 0.004 F1 0.007
[INFO] 2022-09-11 15:33:51,723 [    train.py:  184]:	Epoch 11: 
[INFO] 2022-09-11 15:33:51,723 [    train.py:  185]:	Train:
[INFO] 2022-09-11 15:33:51,726 [    train.py:  197]:	Loss 0.1462, ('Ner Loss', 0.019389620050787926),  ('CLS Classification Loss', 0.12676380574703217)
[INFO] 2022-09-11 15:33:51,726 [    train.py:  207]:	('Ner Acc', 0.9960625767707825),  ('CLS Classification Acc', 0.9510291814804077)
[INFO] 2022-09-11 15:33:53,990 [    train.py:  219]:	Evaluate:
[INFO] 2022-09-11 15:33:53,990 [    train.py:  226]:	Loss 0.1318, ('Ner Loss', 0.015451736),  ('CLS Classification Loss', 0.116344355)
[INFO] 2022-09-11 15:33:53,991 [    train.py:  227]:	('Ner Acc', 0.9968539), ('CLS Classification Acc', 0.9662525)
[INFO] 2022-09-11 15:34:07,546 [    train.py:  236]:	Precision 0.096 Recall 0.017 F1 0.028
[INFO] 2022-09-11 15:34:48,191 [    train.py:  184]:	Epoch 12: 
[INFO] 2022-09-11 15:34:48,191 [    train.py:  185]:	Train:
[INFO] 2022-09-11 15:34:48,195 [    train.py:  197]:	Loss 0.1396, ('Ner Loss', 0.01790563203394413),  ('CLS Classification Loss', 0.12173335254192352)
[INFO] 2022-09-11 15:34:48,195 [    train.py:  207]:	('Ner Acc', 0.9960641264915466),  ('CLS Classification Acc', 0.9537328481674194)
[INFO] 2022-09-11 15:34:50,475 [    train.py:  219]:	Evaluate:
[INFO] 2022-09-11 15:34:50,475 [    train.py:  226]:	Loss 0.1269, ('Ner Loss', 0.014515806),  ('CLS Classification Loss', 0.11243043)
[INFO] 2022-09-11 15:34:50,476 [    train.py:  227]:	('Ner Acc', 0.9970031), ('CLS Classification Acc', 0.96713567)
[INFO] 2022-09-11 15:35:04,051 [    train.py:  236]:	Precision 0.190 Recall 0.041 F1 0.068
[INFO] 2022-09-11 15:35:44,842 [    train.py:  184]:	Epoch 13: 
[INFO] 2022-09-11 15:35:44,842 [    train.py:  185]:	Train:
[INFO] 2022-09-11 15:35:44,844 [    train.py:  197]:	Loss 0.1284, ('Ner Loss', 0.016276810318231583),  ('CLS Classification Loss', 0.11216074228286743)
[INFO] 2022-09-11 15:35:44,844 [    train.py:  207]:	('Ner Acc', 0.9961544871330261),  ('CLS Classification Acc', 0.9569196701049805)
[INFO] 2022-09-11 15:35:47,107 [    train.py:  219]:	Evaluate:
[INFO] 2022-09-11 15:35:47,107 [    train.py:  226]:	Loss 0.1247, ('Ner Loss', 0.013931921),  ('CLS Classification Loss', 0.11080446)
[INFO] 2022-09-11 15:35:47,107 [    train.py:  227]:	('Ner Acc', 0.99715835), ('CLS Classification Acc', 0.96821696)
[INFO] 2022-09-11 15:36:00,391 [    train.py:  236]:	Precision 0.274 Recall 0.084 F1 0.129
[INFO] 2022-09-11 15:36:41,117 [    train.py:  184]:	Epoch 14: 
[INFO] 2022-09-11 15:36:41,117 [    train.py:  185]:	Train:
[INFO] 2022-09-11 15:36:41,123 [    train.py:  197]:	Loss 0.1208, ('Ner Loss', 0.015148158185184002),  ('CLS Classification Loss', 0.10569356381893158)
[INFO] 2022-09-11 15:36:41,123 [    train.py:  207]:	('Ner Acc', 0.9962197542190552),  ('CLS Classification Acc', 0.9591518044471741)
[INFO] 2022-09-11 15:36:43,438 [    train.py:  219]:	Evaluate:
[INFO] 2022-09-11 15:36:43,439 [    train.py:  226]:	Loss 0.1265, ('Ner Loss', 0.013862442),  ('CLS Classification Loss', 0.11260843)
[INFO] 2022-09-11 15:36:43,439 [    train.py:  227]:	('Ner Acc', 0.99715453), ('CLS Classification Acc', 0.96894795)
[INFO] 2022-09-11 15:36:56,784 [    train.py:  236]:	Precision 0.335 Recall 0.128 F1 0.185
[INFO] 2022-09-11 15:37:37,398 [    train.py:  184]:	Epoch 15: 
[INFO] 2022-09-11 15:37:37,398 [    train.py:  185]:	Train:
[INFO] 2022-09-11 15:37:37,402 [    train.py:  197]:	Loss 0.1146, ('Ner Loss', 0.014194660820066929),  ('CLS Classification Loss', 0.10041151195764542)
[INFO] 2022-09-11 15:37:37,403 [    train.py:  207]:	('Ner Acc', 0.9963735342025757),  ('CLS Classification Acc', 0.9609623551368713)
[INFO] 2022-09-11 15:37:39,693 [    train.py:  219]:	Evaluate:
[INFO] 2022-09-11 15:37:39,694 [    train.py:  226]:	Loss 0.1273, ('Ner Loss', 0.013294342),  ('CLS Classification Loss', 0.11398568)
[INFO] 2022-09-11 15:37:39,694 [    train.py:  227]:	('Ner Acc', 0.99721736), ('CLS Classification Acc', 0.96894807)
[INFO] 2022-09-11 15:37:53,077 [    train.py:  236]:	Precision 0.342 Recall 0.128 F1 0.186
[INFO] 2022-09-11 15:38:33,627 [    train.py:  184]:	Epoch 16: 
[INFO] 2022-09-11 15:38:33,628 [    train.py:  185]:	Train:
[INFO] 2022-09-11 15:38:33,635 [    train.py:  197]:	Loss 0.1049, ('Ner Loss', 0.013268210925161839),  ('CLS Classification Loss', 0.09161875396966934)
[INFO] 2022-09-11 15:38:33,635 [    train.py:  207]:	('Ner Acc', 0.9964125752449036),  ('CLS Classification Acc', 0.9645583033561707)
[INFO] 2022-09-11 15:38:35,934 [    train.py:  219]:	Evaluate:
[INFO] 2022-09-11 15:38:35,935 [    train.py:  226]:	Loss 0.1205, ('Ner Loss', 0.013872352),  ('CLS Classification Loss', 0.106583975)
[INFO] 2022-09-11 15:38:35,935 [    train.py:  227]:	('Ner Acc', 0.9969827), ('CLS Classification Acc', 0.9692983)
[INFO] 2022-09-11 15:38:49,614 [    train.py:  236]:	Precision 0.316 Recall 0.233 F1 0.268
[INFO] 2022-09-11 15:39:30,075 [    train.py:  184]:	Epoch 17: 
[INFO] 2022-09-11 15:39:30,075 [    train.py:  185]:	Train:
[INFO] 2022-09-11 15:39:30,078 [    train.py:  197]:	Loss 0.0965, ('Ner Loss', 0.012566828168928623),  ('CLS Classification Loss', 0.08397497981786728)
[INFO] 2022-09-11 15:39:30,078 [    train.py:  207]:	('Ner Acc', 0.9964850544929504),  ('CLS Classification Acc', 0.9674108028411865)
[INFO] 2022-09-11 15:39:32,359 [    train.py:  219]:	Evaluate:
[INFO] 2022-09-11 15:39:32,360 [    train.py:  226]:	Loss 0.1338, ('Ner Loss', 0.013863591),  ('CLS Classification Loss', 0.119978845)
[INFO] 2022-09-11 15:39:32,360 [    train.py:  227]:	('Ner Acc', 0.99693096), ('CLS Classification Acc', 0.97021204)
[INFO] 2022-09-11 15:39:45,958 [    train.py:  236]:	Precision 0.320 Recall 0.222 F1 0.263
[INFO] 2022-09-11 15:40:26,546 [    train.py:  184]:	Epoch 18: 
[INFO] 2022-09-11 15:40:26,547 [    train.py:  185]:	Train:
[INFO] 2022-09-11 15:40:26,549 [    train.py:  197]:	Loss 0.0912, ('Ner Loss', 0.011812749318778515),  ('CLS Classification Loss', 0.07942001521587372)
[INFO] 2022-09-11 15:40:26,549 [    train.py:  207]:	('Ner Acc', 0.996644139289856),  ('CLS Classification Acc', 0.9689732193946838)
[INFO] 2022-09-11 15:40:28,841 [    train.py:  219]:	Evaluate:
[INFO] 2022-09-11 15:40:28,842 [    train.py:  226]:	Loss 0.1268, ('Ner Loss', 0.013121287),  ('CLS Classification Loss', 0.11368256)
[INFO] 2022-09-11 15:40:28,842 [    train.py:  227]:	('Ner Acc', 0.9970694), ('CLS Classification Acc', 0.9715217)
[INFO] 2022-09-11 15:40:42,445 [    train.py:  236]:	Precision 0.358 Recall 0.221 F1 0.273
[INFO] 2022-09-11 15:41:23,104 [    train.py:  184]:	Epoch 19: 
[INFO] 2022-09-11 15:41:23,105 [    train.py:  185]:	Train:
[INFO] 2022-09-11 15:41:23,112 [    train.py:  197]:	Loss 0.0838, ('Ner Loss', 0.011078383773565292),  ('CLS Classification Loss', 0.07275860011577606)
[INFO] 2022-09-11 15:41:23,112 [    train.py:  207]:	('Ner Acc', 0.9967150092124939),  ('CLS Classification Acc', 0.9713667631149292)
[INFO] 2022-09-11 15:41:25,450 [    train.py:  219]:	Evaluate:
[INFO] 2022-09-11 15:41:25,451 [    train.py:  226]:	Loss 0.1412, ('Ner Loss', 0.014299991),  ('CLS Classification Loss', 0.12693544)
[INFO] 2022-09-11 15:41:25,451 [    train.py:  227]:	('Ner Acc', 0.9969115), ('CLS Classification Acc', 0.9714303)
[INFO] 2022-09-11 15:41:39,513 [    train.py:  236]:	Precision 0.342 Recall 0.232 F1 0.276
[INFO] 2022-09-11 15:42:19,901 [    train.py:  184]:	Epoch 20: 
[INFO] 2022-09-11 15:42:19,901 [    train.py:  185]:	Train:
[INFO] 2022-09-11 15:42:19,905 [    train.py:  197]:	Loss 0.0777, ('Ner Loss', 0.010603556409478188),  ('CLS Classification Loss', 0.06709872931241989)
[INFO] 2022-09-11 15:42:19,905 [    train.py:  207]:	('Ner Acc', 0.996792733669281),  ('CLS Classification Acc', 0.9729539155960083)
[INFO] 2022-09-11 15:42:22,191 [    train.py:  219]:	Evaluate:
[INFO] 2022-09-11 15:42:22,191 [    train.py:  226]:	Loss 0.1325, ('Ner Loss', 0.012673462),  ('CLS Classification Loss', 0.119857)
[INFO] 2022-09-11 15:42:22,191 [    train.py:  227]:	('Ner Acc', 0.9971464), ('CLS Classification Acc', 0.97284657)
[INFO] 2022-09-11 15:42:35,624 [    train.py:  236]:	Precision 0.408 Recall 0.298 F1 0.344
[INFO] 2022-09-11 15:43:16,217 [    train.py:  184]:	Epoch 21: 
[INFO] 2022-09-11 15:43:16,217 [    train.py:  185]:	Train:
[INFO] 2022-09-11 15:43:16,221 [    train.py:  197]:	Loss 0.0727, ('Ner Loss', 0.010012416169047356),  ('CLS Classification Loss', 0.06266269832849503)
[INFO] 2022-09-11 15:43:16,221 [    train.py:  207]:	('Ner Acc', 0.9969673156738281),  ('CLS Classification Acc', 0.9750867486000061)
[INFO] 2022-09-11 15:43:18,512 [    train.py:  219]:	Evaluate:
[INFO] 2022-09-11 15:43:18,513 [    train.py:  226]:	Loss 0.1326, ('Ner Loss', 0.015565229),  ('CLS Classification Loss', 0.11702195)
[INFO] 2022-09-11 15:43:18,513 [    train.py:  227]:	('Ner Acc', 0.9969967), ('CLS Classification Acc', 0.9723593)
[INFO] 2022-09-11 15:43:31,775 [    train.py:  236]:	Precision 0.359 Recall 0.318 F1 0.338
[INFO] 2022-09-11 15:44:12,708 [    train.py:  184]:	Epoch 22: 
[INFO] 2022-09-11 15:44:12,709 [    train.py:  185]:	Train:
[INFO] 2022-09-11 15:44:12,714 [    train.py:  197]:	Loss 0.0668, ('Ner Loss', 0.00936723779886961),  ('CLS Classification Loss', 0.05747620761394501)
[INFO] 2022-09-11 15:44:12,714 [    train.py:  207]:	('Ner Acc', 0.9970744252204895),  ('CLS Classification Acc', 0.9772449135780334)
[INFO] 2022-09-11 15:44:15,012 [    train.py:  219]:	Evaluate:
[INFO] 2022-09-11 15:44:15,012 [    train.py:  226]:	Loss 0.1394, ('Ner Loss', 0.014906553),  ('CLS Classification Loss', 0.12450286)
[INFO] 2022-09-11 15:44:15,013 [    train.py:  227]:	('Ner Acc', 0.99710035), ('CLS Classification Acc', 0.9724202)
[INFO] 2022-09-11 15:44:28,440 [    train.py:  236]:	Precision 0.390 Recall 0.317 F1 0.350
[INFO] 2022-09-11 15:45:09,163 [    train.py:  184]:	Epoch 23: 
[INFO] 2022-09-11 15:45:09,163 [    train.py:  185]:	Train:
[INFO] 2022-09-11 15:45:09,166 [    train.py:  197]:	Loss 0.0620, ('Ner Loss', 0.008791545405983925),  ('CLS Classification Loss', 0.05318169668316841)
[INFO] 2022-09-11 15:45:09,166 [    train.py:  207]:	('Ner Acc', 0.9972318410873413),  ('CLS Classification Acc', 0.9787948727607727)
[INFO] 2022-09-11 15:45:11,477 [    train.py:  219]:	Evaluate:
[INFO] 2022-09-11 15:45:11,478 [    train.py:  226]:	Loss 0.1440, ('Ner Loss', 0.014553247),  ('CLS Classification Loss', 0.12947509)
[INFO] 2022-09-11 15:45:11,478 [    train.py:  227]:	('Ner Acc', 0.9970142), ('CLS Classification Acc', 0.9727858)
[INFO] 2022-09-11 15:45:24,811 [    train.py:  236]:	Precision 0.394 Recall 0.349 F1 0.370
[INFO] 2022-09-11 15:46:05,741 [    train.py:  184]:	Epoch 24: 
[INFO] 2022-09-11 15:46:05,741 [    train.py:  185]:	Train:
[INFO] 2022-09-11 15:46:05,745 [    train.py:  197]:	Loss 0.0576, ('Ner Loss', 0.008402719162404537),  ('CLS Classification Loss', 0.04923061653971672)
[INFO] 2022-09-11 15:46:05,745 [    train.py:  207]:	('Ner Acc', 0.9973032474517822),  ('CLS Classification Acc', 0.9805431962013245)
[INFO] 2022-09-11 15:46:08,055 [    train.py:  219]:	Evaluate:
[INFO] 2022-09-11 15:46:08,056 [    train.py:  226]:	Loss 0.1538, ('Ner Loss', 0.013694197),  ('CLS Classification Loss', 0.14012666)
[INFO] 2022-09-11 15:46:08,056 [    train.py:  227]:	('Ner Acc', 0.99715954), ('CLS Classification Acc', 0.9717654)
[INFO] 2022-09-11 15:46:21,415 [    train.py:  236]:	Precision 0.397 Recall 0.317 F1 0.353
[INFO] 2022-09-11 15:47:01,952 [    train.py:  184]:	Epoch 25: 
[INFO] 2022-09-11 15:47:01,952 [    train.py:  185]:	Train:
[INFO] 2022-09-11 15:47:01,956 [    train.py:  197]:	Loss 0.0530, ('Ner Loss', 0.007900184020400047),  ('CLS Classification Loss', 0.04505870118737221)
[INFO] 2022-09-11 15:47:01,956 [    train.py:  207]:	('Ner Acc', 0.9973922967910767),  ('CLS Classification Acc', 0.9817214012145996)
[INFO] 2022-09-11 15:47:04,218 [    train.py:  219]:	Evaluate:
[INFO] 2022-09-11 15:47:04,218 [    train.py:  226]:	Loss 0.1438, ('Ner Loss', 0.014213443),  ('CLS Classification Loss', 0.1296312)
[INFO] 2022-09-11 15:47:04,218 [    train.py:  227]:	('Ner Acc', 0.9969682), ('CLS Classification Acc', 0.97171974)
[INFO] 2022-09-11 15:47:17,769 [    train.py:  236]:	Precision 0.354 Recall 0.343 F1 0.349
[INFO] 2022-09-11 15:47:58,571 [    train.py:  184]:	Epoch 26: 
[INFO] 2022-09-11 15:47:58,571 [    train.py:  185]:	Train:
[INFO] 2022-09-11 15:47:58,574 [    train.py:  197]:	Loss 0.0482, ('Ner Loss', 0.007487395778298378),  ('CLS Classification Loss', 0.04075250029563904)
[INFO] 2022-09-11 15:47:58,574 [    train.py:  207]:	('Ner Acc', 0.997493326663971),  ('CLS Classification Acc', 0.9834693074226379)
[INFO] 2022-09-11 15:48:00,867 [    train.py:  219]:	Evaluate:
[INFO] 2022-09-11 15:48:00,867 [    train.py:  226]:	Loss 0.1509, ('Ner Loss', 0.014192578),  ('CLS Classification Loss', 0.136751)
[INFO] 2022-09-11 15:48:00,867 [    train.py:  227]:	('Ner Acc', 0.99728084), ('CLS Classification Acc', 0.97359276)
[INFO] 2022-09-11 15:48:14,318 [    train.py:  236]:	Precision 0.407 Recall 0.355 F1 0.379
[INFO] 2022-09-11 15:48:54,979 [    train.py:  184]:	Epoch 27: 
[INFO] 2022-09-11 15:48:54,980 [    train.py:  185]:	Train:
[INFO] 2022-09-11 15:48:54,983 [    train.py:  197]:	Loss 0.0462, ('Ner Loss', 0.007115662097930908),  ('CLS Classification Loss', 0.039106596261262894)
[INFO] 2022-09-11 15:48:54,983 [    train.py:  207]:	('Ner Acc', 0.9975858330726624),  ('CLS Classification Acc', 0.9843629002571106)
[INFO] 2022-09-11 15:48:57,281 [    train.py:  219]:	Evaluate:
[INFO] 2022-09-11 15:48:57,282 [    train.py:  226]:	Loss 0.1577, ('Ner Loss', 0.015239122),  ('CLS Classification Loss', 0.14244375)
[INFO] 2022-09-11 15:48:57,282 [    train.py:  227]:	('Ner Acc', 0.9970436), ('CLS Classification Acc', 0.9727248)
[INFO] 2022-09-11 15:49:10,836 [    train.py:  236]:	Precision 0.374 Recall 0.398 F1 0.386
[INFO] 2022-09-11 15:49:52,977 [    train.py:  184]:	Epoch 28: 
[INFO] 2022-09-11 15:49:52,978 [    train.py:  185]:	Train:
[INFO] 2022-09-11 15:49:52,982 [    train.py:  197]:	Loss 0.0433, ('Ner Loss', 0.0067112441174685955),  ('CLS Classification Loss', 0.03662136569619179)
[INFO] 2022-09-11 15:49:52,982 [    train.py:  207]:	('Ner Acc', 0.9977470636367798),  ('CLS Classification Acc', 0.9853420853614807)
[INFO] 2022-09-11 15:49:55,190 [    train.py:  219]:	Evaluate:
[INFO] 2022-09-11 15:49:55,190 [    train.py:  226]:	Loss 0.1618, ('Ner Loss', 0.01440797),  ('CLS Classification Loss', 0.1473736)
[INFO] 2022-09-11 15:49:55,190 [    train.py:  227]:	('Ner Acc', 0.9972478), ('CLS Classification Acc', 0.9722984)
[INFO] 2022-09-11 15:50:12,359 [    train.py:  236]:	Precision 0.403 Recall 0.328 F1 0.361
[INFO] 2022-09-11 15:50:56,522 [    train.py:  184]:	Epoch 29: 
[INFO] 2022-09-11 15:50:56,522 [    train.py:  185]:	Train:
[INFO] 2022-09-11 15:50:56,525 [    train.py:  197]:	Loss 0.0407, ('Ner Loss', 0.006444192957133055),  ('CLS Classification Loss', 0.034237731248140335)
[INFO] 2022-09-11 15:50:56,525 [    train.py:  207]:	('Ner Acc', 0.9978090524673462),  ('CLS Classification Acc', 0.986284613609314)
[INFO] 2022-09-11 15:50:58,886 [    train.py:  219]:	Evaluate:
[INFO] 2022-09-11 15:50:58,887 [    train.py:  226]:	Loss 0.1631, ('Ner Loss', 0.015722852),  ('CLS Classification Loss', 0.14733735)
[INFO] 2022-09-11 15:50:58,887 [    train.py:  227]:	('Ner Acc', 0.99708), ('CLS Classification Acc', 0.9739126)
[INFO] 2022-09-11 15:51:15,915 [    train.py:  236]:	Precision 0.400 Recall 0.380 F1 0.390
[INFO] 2022-09-11 15:51:59,922 [    train.py:  184]:	Epoch 30: 
[INFO] 2022-09-11 15:51:59,923 [    train.py:  185]:	Train:
[INFO] 2022-09-11 15:51:59,926 [    train.py:  197]:	Loss 0.0352, ('Ner Loss', 0.006109902169555426),  ('CLS Classification Loss', 0.029057594016194344)
[INFO] 2022-09-11 15:51:59,926 [    train.py:  207]:	('Ner Acc', 0.9978786110877991),  ('CLS Classification Acc', 0.9881945848464966)
[INFO] 2022-09-11 15:52:02,163 [    train.py:  219]:	Evaluate:
[INFO] 2022-09-11 15:52:02,164 [    train.py:  226]:	Loss 0.1637, ('Ner Loss', 0.014359963),  ('CLS Classification Loss', 0.14929238)
[INFO] 2022-09-11 15:52:02,164 [    train.py:  227]:	('Ner Acc', 0.99731266), ('CLS Classification Acc', 0.9740193)
[INFO] 2022-09-11 15:52:18,979 [    train.py:  236]:	Precision 0.417 Recall 0.359 F1 0.386
[INFO] 2022-09-11 15:53:03,154 [    train.py:  184]:	Epoch 31: 
[INFO] 2022-09-11 15:53:03,154 [    train.py:  185]:	Train:
[INFO] 2022-09-11 15:53:03,157 [    train.py:  197]:	Loss 0.0331, ('Ner Loss', 0.005673022009432316),  ('CLS Classification Loss', 0.027467647567391396)
[INFO] 2022-09-11 15:53:03,157 [    train.py:  207]:	('Ner Acc', 0.9980161190032959),  ('CLS Classification Acc', 0.9892605543136597)
[INFO] 2022-09-11 15:53:05,496 [    train.py:  219]:	Evaluate:
[INFO] 2022-09-11 15:53:05,496 [    train.py:  226]:	Loss 0.1731, ('Ner Loss', 0.017153338),  ('CLS Classification Loss', 0.15590675)
[INFO] 2022-09-11 15:53:05,497 [    train.py:  227]:	('Ner Acc', 0.99702466), ('CLS Classification Acc', 0.9731055)
[INFO] 2022-09-11 15:53:22,367 [    train.py:  236]:	Precision 0.382 Recall 0.380 F1 0.381
[INFO] 2022-09-11 15:54:05,517 [    train.py:  184]:	Epoch 32: 
[INFO] 2022-09-11 15:54:05,517 [    train.py:  185]:	Train:
[INFO] 2022-09-11 15:54:05,519 [    train.py:  197]:	Loss 0.0301, ('Ner Loss', 0.005410908255726099),  ('CLS Classification Loss', 0.02473890781402588)
[INFO] 2022-09-11 15:54:05,519 [    train.py:  207]:	('Ner Acc', 0.9980605244636536),  ('CLS Classification Acc', 0.9900420308113098)
[INFO] 2022-09-11 15:54:07,762 [    train.py:  219]:	Evaluate:
[INFO] 2022-09-11 15:54:07,763 [    train.py:  226]:	Loss 0.2074, ('Ner Loss', 0.018490562),  ('CLS Classification Loss', 0.18893547)
[INFO] 2022-09-11 15:54:07,763 [    train.py:  227]:	('Ner Acc', 0.99724597), ('CLS Classification Acc', 0.9739584)
[INFO] 2022-09-11 15:54:24,179 [    train.py:  236]:	Precision 0.412 Recall 0.354 F1 0.381
[INFO] 2022-09-11 15:55:06,929 [    train.py:  184]:	Epoch 33: 
[INFO] 2022-09-11 15:55:06,930 [    train.py:  185]:	Train:
[INFO] 2022-09-11 15:55:06,937 [    train.py:  197]:	Loss 0.0296, ('Ner Loss', 0.005514419171959162),  ('CLS Classification Loss', 0.024079743772745132)
[INFO] 2022-09-11 15:55:06,937 [    train.py:  207]:	('Ner Acc', 0.9980455636978149),  ('CLS Classification Acc', 0.9910709857940674)
[INFO] 2022-09-11 15:55:09,250 [    train.py:  219]:	Evaluate:
[INFO] 2022-09-11 15:55:09,251 [    train.py:  226]:	Loss 0.2075, ('Ner Loss', 0.016646553),  ('CLS Classification Loss', 0.1908866)
[INFO] 2022-09-11 15:55:09,251 [    train.py:  227]:	('Ner Acc', 0.9972244), ('CLS Classification Acc', 0.97255725)
[INFO] 2022-09-11 15:55:25,318 [    train.py:  236]:	Precision 0.399 Recall 0.333 F1 0.363
[INFO] 2022-09-11 15:56:08,780 [    train.py:  184]:	Epoch 34: 
[INFO] 2022-09-11 15:56:08,781 [    train.py:  185]:	Train:
[INFO] 2022-09-11 15:56:08,784 [    train.py:  197]:	Loss 0.0274, ('Ner Loss', 0.005055149085819721),  ('CLS Classification Loss', 0.022300932556390762)
[INFO] 2022-09-11 15:56:08,784 [    train.py:  207]:	('Ner Acc', 0.9982205033302307),  ('CLS Classification Acc', 0.9913439154624939)
[INFO] 2022-09-11 15:56:11,054 [    train.py:  219]:	Evaluate:
[INFO] 2022-09-11 15:56:11,054 [    train.py:  226]:	Loss 0.1940, ('Ner Loss', 0.01856505),  ('CLS Classification Loss', 0.17544447)
[INFO] 2022-09-11 15:56:11,054 [    train.py:  227]:	('Ner Acc', 0.99718595), ('CLS Classification Acc', 0.97315127)
[INFO] 2022-09-11 15:56:27,530 [    train.py:  236]:	Precision 0.413 Recall 0.374 F1 0.393
[INFO] 2022-09-11 15:57:10,744 [    train.py:  184]:	Epoch 35: 
[INFO] 2022-09-11 15:57:10,744 [    train.py:  185]:	Train:
[INFO] 2022-09-11 15:57:10,749 [    train.py:  197]:	Loss 0.0257, ('Ner Loss', 0.004867556970566511),  ('CLS Classification Loss', 0.02083292230963707)
[INFO] 2022-09-11 15:57:10,749 [    train.py:  207]:	('Ner Acc', 0.9982749819755554),  ('CLS Classification Acc', 0.9922618269920349)
[INFO] 2022-09-11 15:57:13,096 [    train.py:  219]:	Evaluate:
[INFO] 2022-09-11 15:57:13,097 [    train.py:  226]:	Loss 0.1727, ('Ner Loss', 0.016779011),  ('CLS Classification Loss', 0.15591751)
[INFO] 2022-09-11 15:57:13,097 [    train.py:  227]:	('Ner Acc', 0.9973776), ('CLS Classification Acc', 0.9739888)
[INFO] 2022-09-11 15:57:29,433 [    train.py:  236]:	Precision 0.430 Recall 0.396 F1 0.413
[INFO] 2022-09-11 15:58:10,481 [    train.py:  184]:	Epoch 36: 
[INFO] 2022-09-11 15:58:10,482 [    train.py:  185]:	Train:
[INFO] 2022-09-11 15:58:10,485 [    train.py:  197]:	Loss 0.0225, ('Ner Loss', 0.00455878209322691),  ('CLS Classification Loss', 0.01797017827630043)
[INFO] 2022-09-11 15:58:10,486 [    train.py:  207]:	('Ner Acc', 0.9983340501785278),  ('CLS Classification Acc', 0.9931668043136597)
[INFO] 2022-09-11 15:58:12,777 [    train.py:  219]:	Evaluate:
[INFO] 2022-09-11 15:58:12,777 [    train.py:  226]:	Loss 0.1891, ('Ner Loss', 0.018093718),  ('CLS Classification Loss', 0.17100066)
[INFO] 2022-09-11 15:58:12,777 [    train.py:  227]:	('Ner Acc', 0.99734026), ('CLS Classification Acc', 0.97337955)
[INFO] 2022-09-11 15:58:26,206 [    train.py:  236]:	Precision 0.415 Recall 0.346 F1 0.377
[INFO] 2022-09-11 15:59:07,130 [    train.py:  184]:	Epoch 37: 
[INFO] 2022-09-11 15:59:07,130 [    train.py:  185]:	Train:
[INFO] 2022-09-11 15:59:07,134 [    train.py:  197]:	Loss 0.0208, ('Ner Loss', 0.004261167719960213),  ('CLS Classification Loss', 0.01654588244855404)
[INFO] 2022-09-11 15:59:07,134 [    train.py:  207]:	('Ner Acc', 0.9984368681907654),  ('CLS Classification Acc', 0.9938862323760986)
[INFO] 2022-09-11 15:59:09,399 [    train.py:  219]:	Evaluate:
[INFO] 2022-09-11 15:59:09,400 [    train.py:  226]:	Loss 0.1875, ('Ner Loss', 0.018083574),  ('CLS Classification Loss', 0.16941176)
[INFO] 2022-09-11 15:59:09,400 [    train.py:  227]:	('Ner Acc', 0.99730754), ('CLS Classification Acc', 0.97281605)
[INFO] 2022-09-11 15:59:22,669 [    train.py:  236]:	Precision 0.420 Recall 0.405 F1 0.412
[INFO] 2022-09-11 16:00:03,380 [    train.py:  184]:	Epoch 38: 
[INFO] 2022-09-11 16:00:03,381 [    train.py:  185]:	Train:
[INFO] 2022-09-11 16:00:03,389 [    train.py:  197]:	Loss 0.0194, ('Ner Loss', 0.0041076368652284145),  ('CLS Classification Loss', 0.015283644199371338)
[INFO] 2022-09-11 16:00:03,389 [    train.py:  207]:	('Ner Acc', 0.9985045194625854),  ('CLS Classification Acc', 0.9941590428352356)
[INFO] 2022-09-11 16:00:05,716 [    train.py:  219]:	Evaluate:
[INFO] 2022-09-11 16:00:05,717 [    train.py:  226]:	Loss 0.1922, ('Ner Loss', 0.017118873),  ('CLS Classification Loss', 0.17512767)
[INFO] 2022-09-11 16:00:05,717 [    train.py:  227]:	('Ner Acc', 0.99720633), ('CLS Classification Acc', 0.9731206)
[INFO] 2022-09-11 16:00:19,383 [    train.py:  236]:	Precision 0.399 Recall 0.388 F1 0.393
[INFO] 2022-09-11 16:01:00,188 [    train.py:  184]:	Epoch 39: 
[INFO] 2022-09-11 16:01:00,188 [    train.py:  185]:	Train:
[INFO] 2022-09-11 16:01:00,192 [    train.py:  197]:	Loss 0.0178, ('Ner Loss', 0.003959462512284517),  ('CLS Classification Loss', 0.013864118605852127)
[INFO] 2022-09-11 16:01:00,192 [    train.py:  207]:	('Ner Acc', 0.9985336065292358),  ('CLS Classification Acc', 0.9943699240684509)
[INFO] 2022-09-11 16:01:02,498 [    train.py:  219]:	Evaluate:
[INFO] 2022-09-11 16:01:02,499 [    train.py:  226]:	Loss 0.1911, ('Ner Loss', 0.01819434),  ('CLS Classification Loss', 0.17288949)
[INFO] 2022-09-11 16:01:02,499 [    train.py:  227]:	('Ner Acc', 0.9973444), ('CLS Classification Acc', 0.97468936)
[INFO] 2022-09-11 16:01:16,304 [    train.py:  236]:	Precision 0.427 Recall 0.400 F1 0.413
[INFO] 2022-09-11 16:01:57,213 [    train.py:  184]:	Epoch 40: 
[INFO] 2022-09-11 16:01:57,213 [    train.py:  185]:	Train:
[INFO] 2022-09-11 16:01:57,216 [    train.py:  197]:	Loss 0.0162, ('Ner Loss', 0.0037407141644507647),  ('CLS Classification Loss', 0.012476234696805477)
[INFO] 2022-09-11 16:01:57,216 [    train.py:  207]:	('Ner Acc', 0.998607337474823),  ('CLS Classification Acc', 0.995361864566803)
[INFO] 2022-09-11 16:01:59,507 [    train.py:  219]:	Evaluate:
[INFO] 2022-09-11 16:01:59,508 [    train.py:  226]:	Loss 0.2233, ('Ner Loss', 0.020243937),  ('CLS Classification Loss', 0.20310278)
[INFO] 2022-09-11 16:01:59,508 [    train.py:  227]:	('Ner Acc', 0.9972791), ('CLS Classification Acc', 0.97392786)
[INFO] 2022-09-11 16:02:13,050 [    train.py:  236]:	Precision 0.436 Recall 0.413 F1 0.424
[INFO] 2022-09-11 16:02:53,824 [    train.py:  184]:	Epoch 41: 
[INFO] 2022-09-11 16:02:53,824 [    train.py:  185]:	Train:
[INFO] 2022-09-11 16:02:53,828 [    train.py:  197]:	Loss 0.0150, ('Ner Loss', 0.003565051592886448),  ('CLS Classification Loss', 0.011420744471251965)
[INFO] 2022-09-11 16:02:53,828 [    train.py:  207]:	('Ner Acc', 0.9986873269081116),  ('CLS Classification Acc', 0.9958081841468811)
[INFO] 2022-09-11 16:02:56,065 [    train.py:  219]:	Evaluate:
[INFO] 2022-09-11 16:02:56,066 [    train.py:  226]:	Loss 0.2016, ('Ner Loss', 0.018661955),  ('CLS Classification Loss', 0.1829592)
[INFO] 2022-09-11 16:02:56,066 [    train.py:  227]:	('Ner Acc', 0.9973874), ('CLS Classification Acc', 0.974796)
[INFO] 2022-09-11 16:03:09,507 [    train.py:  236]:	Precision 0.429 Recall 0.404 F1 0.416
[INFO] 2022-09-11 16:03:50,302 [    train.py:  184]:	Epoch 42: 
[INFO] 2022-09-11 16:03:50,302 [    train.py:  185]:	Train:
[INFO] 2022-09-11 16:03:50,306 [    train.py:  197]:	Loss 0.0149, ('Ner Loss', 0.0033897000830620527),  ('CLS Classification Loss', 0.011476482264697552)
[INFO] 2022-09-11 16:03:50,306 [    train.py:  207]:	('Ner Acc', 0.9987473487854004),  ('CLS Classification Acc', 0.9956346750259399)
[INFO] 2022-09-11 16:03:52,611 [    train.py:  219]:	Evaluate:
[INFO] 2022-09-11 16:03:52,611 [    train.py:  226]:	Loss 0.2117, ('Ner Loss', 0.018605001),  ('CLS Classification Loss', 0.19312733)
[INFO] 2022-09-11 16:03:52,611 [    train.py:  227]:	('Ner Acc', 0.9975175), ('CLS Classification Acc', 0.97456753)
[INFO] 2022-09-11 16:04:06,065 [    train.py:  236]:	Precision 0.482 Recall 0.370 F1 0.419
[INFO] 2022-09-11 16:04:46,689 [    train.py:  184]:	Epoch 43: 
[INFO] 2022-09-11 16:04:46,690 [    train.py:  185]:	Train:
[INFO] 2022-09-11 16:04:46,692 [    train.py:  197]:	Loss 0.0147, ('Ner Loss', 0.0033571566455066204),  ('CLS Classification Loss', 0.011311521753668785)
[INFO] 2022-09-11 16:04:46,693 [    train.py:  207]:	('Ner Acc', 0.9987461566925049),  ('CLS Classification Acc', 0.9958578944206238)
[INFO] 2022-09-11 16:04:48,922 [    train.py:  219]:	Evaluate:
[INFO] 2022-09-11 16:04:48,923 [    train.py:  226]:	Loss 0.2208, ('Ner Loss', 0.019267095),  ('CLS Classification Loss', 0.20155156)
[INFO] 2022-09-11 16:04:48,923 [    train.py:  227]:	('Ner Acc', 0.9974518), ('CLS Classification Acc', 0.9739888)
[INFO] 2022-09-11 16:05:02,305 [    train.py:  236]:	Precision 0.472 Recall 0.389 F1 0.427
[INFO] 2022-09-11 16:05:43,028 [    train.py:  184]:	Epoch 44: 
[INFO] 2022-09-11 16:05:43,029 [    train.py:  185]:	Train:
[INFO] 2022-09-11 16:05:43,036 [    train.py:  197]:	Loss 0.0141, ('Ner Loss', 0.0031418476719409227),  ('CLS Classification Loss', 0.010980828665196896)
[INFO] 2022-09-11 16:05:43,036 [    train.py:  207]:	('Ner Acc', 0.9987978339195251),  ('CLS Classification Acc', 0.9960809946060181)
[INFO] 2022-09-11 16:05:45,353 [    train.py:  219]:	Evaluate:
[INFO] 2022-09-11 16:05:45,354 [    train.py:  226]:	Loss 0.2012, ('Ner Loss', 0.019564029),  ('CLS Classification Loss', 0.18160479)
[INFO] 2022-09-11 16:05:45,354 [    train.py:  227]:	('Ner Acc', 0.99746054), ('CLS Classification Acc', 0.97482634)
[INFO] 2022-09-11 16:05:58,893 [    train.py:  236]:	Precision 0.445 Recall 0.398 F1 0.420
[INFO] 2022-09-11 16:06:39,497 [    train.py:  184]:	Epoch 45: 
[INFO] 2022-09-11 16:06:39,497 [    train.py:  185]:	Train:
[INFO] 2022-09-11 16:06:39,500 [    train.py:  197]:	Loss 0.0115, ('Ner Loss', 0.002919214777648449),  ('CLS Classification Loss', 0.008577867411077023)
[INFO] 2022-09-11 16:06:39,500 [    train.py:  207]:	('Ner Acc', 0.9989012479782104),  ('CLS Classification Acc', 0.9969737529754639)
[INFO] 2022-09-11 16:06:41,781 [    train.py:  219]:	Evaluate:
[INFO] 2022-09-11 16:06:41,782 [    train.py:  226]:	Loss 0.2249, ('Ner Loss', 0.021136206),  ('CLS Classification Loss', 0.20377411)
[INFO] 2022-09-11 16:06:41,782 [    train.py:  227]:	('Ner Acc', 0.99748653), ('CLS Classification Acc', 0.97421724)
[INFO] 2022-09-11 16:06:55,326 [    train.py:  236]:	Precision 0.475 Recall 0.375 F1 0.419
[INFO] 2022-09-11 16:07:36,008 [    train.py:  184]:	Epoch 46: 
[INFO] 2022-09-11 16:07:36,009 [    train.py:  185]:	Train:
[INFO] 2022-09-11 16:07:36,011 [    train.py:  197]:	Loss 0.0114, ('Ner Loss', 0.0027679295744746923),  ('CLS Classification Loss', 0.00866958312690258)
[INFO] 2022-09-11 16:07:36,011 [    train.py:  207]:	('Ner Acc', 0.9989305734634399),  ('CLS Classification Acc', 0.9967629313468933)
[INFO] 2022-09-11 16:07:38,307 [    train.py:  219]:	Evaluate:
[INFO] 2022-09-11 16:07:38,307 [    train.py:  226]:	Loss 0.2197, ('Ner Loss', 0.021667885),  ('CLS Classification Loss', 0.19807202)
[INFO] 2022-09-11 16:07:38,307 [    train.py:  227]:	('Ner Acc', 0.9975076), ('CLS Classification Acc', 0.9750548)
[INFO] 2022-09-11 16:07:51,973 [    train.py:  236]:	Precision 0.492 Recall 0.383 F1 0.431
[INFO] 2022-09-11 16:08:32,645 [    train.py:  184]:	Epoch 47: 
[INFO] 2022-09-11 16:08:32,645 [    train.py:  185]:	Train:
[INFO] 2022-09-11 16:08:32,649 [    train.py:  197]:	Loss 0.0125, ('Ner Loss', 0.002722550882026553),  ('CLS Classification Loss', 0.009754924103617668)
[INFO] 2022-09-11 16:08:32,650 [    train.py:  207]:	('Ner Acc', 0.9989714622497559),  ('CLS Classification Acc', 0.9965028762817383)
[INFO] 2022-09-11 16:08:34,958 [    train.py:  219]:	Evaluate:
[INFO] 2022-09-11 16:08:34,958 [    train.py:  226]:	Loss 0.1983, ('Ner Loss', 0.019739514),  ('CLS Classification Loss', 0.17855571)
[INFO] 2022-09-11 16:08:34,958 [    train.py:  227]:	('Ner Acc', 0.99744403), ('CLS Classification Acc', 0.9738365)
[INFO] 2022-09-11 16:08:48,272 [    train.py:  236]:	Precision 0.453 Recall 0.443 F1 0.448
[INFO] 2022-09-11 16:09:29,112 [    train.py:  184]:	Epoch 48: 
[INFO] 2022-09-11 16:09:29,112 [    train.py:  185]:	Train:
[INFO] 2022-09-11 16:09:29,118 [    train.py:  197]:	Loss 0.0096, ('Ner Loss', 0.002542869420722127),  ('CLS Classification Loss', 0.007054186891764402)
[INFO] 2022-09-11 16:09:29,118 [    train.py:  207]:	('Ner Acc', 0.999049186706543),  ('CLS Classification Acc', 0.9971846342086792)
[INFO] 2022-09-11 16:09:31,368 [    train.py:  219]:	Evaluate:
[INFO] 2022-09-11 16:09:31,369 [    train.py:  226]:	Loss 0.2253, ('Ner Loss', 0.022530954),  ('CLS Classification Loss', 0.20277742)
[INFO] 2022-09-11 16:09:31,369 [    train.py:  227]:	('Ner Acc', 0.9973815), ('CLS Classification Acc', 0.9737603)
[INFO] 2022-09-11 16:09:44,970 [    train.py:  236]:	Precision 0.453 Recall 0.421 F1 0.437
[INFO] 2022-09-11 16:10:25,450 [    train.py:  184]:	Epoch 49: 
[INFO] 2022-09-11 16:10:25,450 [    train.py:  185]:	Train:
[INFO] 2022-09-11 16:10:25,454 [    train.py:  197]:	Loss 0.0096, ('Ner Loss', 0.0025232848711311817),  ('CLS Classification Loss', 0.007105077151209116)
[INFO] 2022-09-11 16:10:25,454 [    train.py:  207]:	('Ner Acc', 0.9990313649177551),  ('CLS Classification Acc', 0.9975689649581909)
[INFO] 2022-09-11 16:10:27,686 [    train.py:  219]:	Evaluate:
[INFO] 2022-09-11 16:10:27,686 [    train.py:  226]:	Loss 0.2203, ('Ner Loss', 0.020767244),  ('CLS Classification Loss', 0.19956058)
[INFO] 2022-09-11 16:10:27,687 [    train.py:  227]:	('Ner Acc', 0.9973303), ('CLS Classification Acc', 0.97274)
[INFO] 2022-09-11 16:10:41,075 [    train.py:  236]:	Precision 0.419 Recall 0.418 F1 0.418
[INFO] 2022-09-11 16:11:21,641 [    train.py:  184]:	Epoch 50: 
[INFO] 2022-09-11 16:11:21,642 [    train.py:  185]:	Train:
[INFO] 2022-09-11 16:11:21,647 [    train.py:  197]:	Loss 0.0092, ('Ner Loss', 0.0023924836423248053),  ('CLS Classification Loss', 0.00681710010394454)
[INFO] 2022-09-11 16:11:21,647 [    train.py:  207]:	('Ner Acc', 0.9991060495376587),  ('CLS Classification Acc', 0.997692883014679)
[INFO] 2022-09-11 16:11:23,950 [    train.py:  219]:	Evaluate:
[INFO] 2022-09-11 16:11:23,950 [    train.py:  226]:	Loss 0.2304, ('Ner Loss', 0.02142663),  ('CLS Classification Loss', 0.208951)
[INFO] 2022-09-11 16:11:23,951 [    train.py:  227]:	('Ner Acc', 0.9975209), ('CLS Classification Acc', 0.9750548)
[INFO] 2022-09-11 16:11:38,073 [    train.py:  236]:	Precision 0.495 Recall 0.394 F1 0.439
[INFO] 2022-09-11 16:12:18,843 [    train.py:  184]:	Epoch 51: 
[INFO] 2022-09-11 16:12:18,843 [    train.py:  185]:	Train:
[INFO] 2022-09-11 16:12:18,847 [    train.py:  197]:	Loss 0.0083, ('Ner Loss', 0.0022134671453386545),  ('CLS Classification Loss', 0.006056798156350851)
[INFO] 2022-09-11 16:12:18,847 [    train.py:  207]:	('Ner Acc', 0.9991603493690491),  ('CLS Classification Acc', 0.9977178573608398)
[INFO] 2022-09-11 16:12:21,136 [    train.py:  219]:	Evaluate:
[INFO] 2022-09-11 16:12:21,137 [    train.py:  226]:	Loss 0.2463, ('Ner Loss', 0.023760792),  ('CLS Classification Loss', 0.22253048)
[INFO] 2022-09-11 16:12:21,137 [    train.py:  227]:	('Ner Acc', 0.99746805), ('CLS Classification Acc', 0.973136)
[INFO] 2022-09-11 16:12:34,779 [    train.py:  236]:	Precision 0.464 Recall 0.370 F1 0.412
[INFO] 2022-09-11 16:13:15,268 [    train.py:  184]:	Epoch 52: 
[INFO] 2022-09-11 16:13:15,269 [    train.py:  185]:	Train:
[INFO] 2022-09-11 16:13:15,272 [    train.py:  197]:	Loss 0.0089, ('Ner Loss', 0.0022408156655728817),  ('CLS Classification Loss', 0.006666160188615322)
[INFO] 2022-09-11 16:13:15,272 [    train.py:  207]:	('Ner Acc', 0.9991530179977417),  ('CLS Classification Acc', 0.9975690841674805)
[INFO] 2022-09-11 16:13:17,580 [    train.py:  219]:	Evaluate:
[INFO] 2022-09-11 16:13:17,580 [    train.py:  226]:	Loss 0.2298, ('Ner Loss', 0.021196453),  ('CLS Classification Loss', 0.20863086)
[INFO] 2022-09-11 16:13:17,580 [    train.py:  227]:	('Ner Acc', 0.9975108), ('CLS Classification Acc', 0.97385174)
[INFO] 2022-09-11 16:13:31,076 [    train.py:  236]:	Precision 0.475 Recall 0.430 F1 0.451
[INFO] 2022-09-11 16:14:11,673 [    train.py:  184]:	Epoch 53: 
[INFO] 2022-09-11 16:14:11,673 [    train.py:  185]:	Train:
[INFO] 2022-09-11 16:14:11,676 [    train.py:  197]:	Loss 0.0082, ('Ner Loss', 0.00217689317651093),  ('CLS Classification Loss', 0.006031356751918793)
[INFO] 2022-09-11 16:14:11,676 [    train.py:  207]:	('Ner Acc', 0.9991732835769653),  ('CLS Classification Acc', 0.9979161024093628)
[INFO] 2022-09-11 16:14:13,987 [    train.py:  219]:	Evaluate:
[INFO] 2022-09-11 16:14:13,988 [    train.py:  226]:	Loss 0.2305, ('Ner Loss', 0.021221682),  ('CLS Classification Loss', 0.20928782)
[INFO] 2022-09-11 16:14:13,988 [    train.py:  227]:	('Ner Acc', 0.9974304), ('CLS Classification Acc', 0.9739431)
[INFO] 2022-09-11 16:14:27,462 [    train.py:  236]:	Precision 0.463 Recall 0.417 F1 0.439
[INFO] 2022-09-11 16:15:08,203 [    train.py:  184]:	Epoch 54: 
[INFO] 2022-09-11 16:15:08,203 [    train.py:  185]:	Train:
[INFO] 2022-09-11 16:15:08,209 [    train.py:  197]:	Loss 0.0075, ('Ner Loss', 0.0020927884615957737),  ('CLS Classification Loss', 0.005373082589358091)
[INFO] 2022-09-11 16:15:08,209 [    train.py:  207]:	('Ner Acc', 0.9991920590400696),  ('CLS Classification Acc', 0.997953474521637)
[INFO] 2022-09-11 16:15:10,507 [    train.py:  219]:	Evaluate:
[INFO] 2022-09-11 16:15:10,508 [    train.py:  226]:	Loss 0.2440, ('Ner Loss', 0.02172161),  ('CLS Classification Loss', 0.22232005)
[INFO] 2022-09-11 16:15:10,508 [    train.py:  227]:	('Ner Acc', 0.997586), ('CLS Classification Acc', 0.97478074)
[INFO] 2022-09-11 16:15:23,789 [    train.py:  236]:	Precision 0.497 Recall 0.413 F1 0.451
[INFO] 2022-09-11 16:16:04,396 [    train.py:  184]:	Epoch 55: 
[INFO] 2022-09-11 16:16:04,396 [    train.py:  185]:	Train:
[INFO] 2022-09-11 16:16:04,399 [    train.py:  197]:	Loss 0.0074, ('Ner Loss', 0.0019147326238453388),  ('CLS Classification Loss', 0.00544629106298089)
[INFO] 2022-09-11 16:16:04,400 [    train.py:  207]:	('Ner Acc', 0.9992622137069702),  ('CLS Classification Acc', 0.9980527758598328)
[INFO] 2022-09-11 16:16:06,670 [    train.py:  219]:	Evaluate:
[INFO] 2022-09-11 16:16:06,670 [    train.py:  226]:	Loss 0.2275, ('Ner Loss', 0.021969568),  ('CLS Classification Loss', 0.20554096)
[INFO] 2022-09-11 16:16:06,671 [    train.py:  227]:	('Ner Acc', 0.99764544), ('CLS Classification Acc', 0.9747198)
[INFO] 2022-09-11 16:16:20,222 [    train.py:  236]:	Precision 0.494 Recall 0.427 F1 0.458
[INFO] 2022-09-11 16:17:00,802 [    train.py:  184]:	Epoch 56: 
[INFO] 2022-09-11 16:17:00,803 [    train.py:  185]:	Train:
[INFO] 2022-09-11 16:17:00,805 [    train.py:  197]:	Loss 0.0080, ('Ner Loss', 0.002039307728409767),  ('CLS Classification Loss', 0.0060087465681135654)
[INFO] 2022-09-11 16:17:00,806 [    train.py:  207]:	('Ner Acc', 0.9992182850837708),  ('CLS Classification Acc', 0.9977549910545349)
[INFO] 2022-09-11 16:17:03,095 [    train.py:  219]:	Evaluate:
[INFO] 2022-09-11 16:17:03,095 [    train.py:  226]:	Loss 0.2136, ('Ner Loss', 0.020559717),  ('CLS Classification Loss', 0.19300553)
[INFO] 2022-09-11 16:17:03,095 [    train.py:  227]:	('Ner Acc', 0.9974563), ('CLS Classification Acc', 0.97484165)
[INFO] 2022-09-11 16:17:16,446 [    train.py:  236]:	Precision 0.467 Recall 0.443 F1 0.454
[INFO] 2022-09-11 16:17:57,287 [    train.py:  184]:	Epoch 57: 
[INFO] 2022-09-11 16:17:57,288 [    train.py:  185]:	Train:
[INFO] 2022-09-11 16:17:57,293 [    train.py:  197]:	Loss 0.0063, ('Ner Loss', 0.0017281622858718038),  ('CLS Classification Loss', 0.004615376703441143)
[INFO] 2022-09-11 16:17:57,293 [    train.py:  207]:	('Ner Acc', 0.9993278384208679),  ('CLS Classification Acc', 0.9984496235847473)
[INFO] 2022-09-11 16:17:59,565 [    train.py:  219]:	Evaluate:
[INFO] 2022-09-11 16:17:59,566 [    train.py:  226]:	Loss 0.2158, ('Ner Loss', 0.021819523),  ('CLS Classification Loss', 0.1940274)
[INFO] 2022-09-11 16:17:59,566 [    train.py:  227]:	('Ner Acc', 0.99752575), ('CLS Classification Acc', 0.97404975)
[INFO] 2022-09-11 16:18:13,145 [    train.py:  236]:	Precision 0.452 Recall 0.439 F1 0.445
[INFO] 2022-09-11 16:18:53,642 [    train.py:  184]:	Epoch 58: 
[INFO] 2022-09-11 16:18:53,642 [    train.py:  185]:	Train:
[INFO] 2022-09-11 16:18:53,646 [    train.py:  197]:	Loss 0.0049, ('Ner Loss', 0.001734009012579918),  ('CLS Classification Loss', 0.003197361947968602)
[INFO] 2022-09-11 16:18:53,646 [    train.py:  207]:	('Ner Acc', 0.9993776679039001),  ('CLS Classification Acc', 0.9988090395927429)
[INFO] 2022-09-11 16:18:55,932 [    train.py:  219]:	Evaluate:
[INFO] 2022-09-11 16:18:55,932 [    train.py:  226]:	Loss 0.2545, ('Ner Loss', 0.025273573),  ('CLS Classification Loss', 0.22921653)
[INFO] 2022-09-11 16:18:55,933 [    train.py:  227]:	('Ner Acc', 0.99754643), ('CLS Classification Acc', 0.9747655)
[INFO] 2022-09-11 16:19:09,374 [    train.py:  236]:	Precision 0.473 Recall 0.428 F1 0.450
[INFO] 2022-09-11 16:19:49,966 [    train.py:  184]:	Epoch 59: 
[INFO] 2022-09-11 16:19:49,967 [    train.py:  185]:	Train:
[INFO] 2022-09-11 16:19:49,973 [    train.py:  197]:	Loss 0.0062, ('Ner Loss', 0.0016467247623950243),  ('CLS Classification Loss', 0.004516272805631161)
[INFO] 2022-09-11 16:19:49,973 [    train.py:  207]:	('Ner Acc', 0.9993616342544556),  ('CLS Classification Acc', 0.9984743595123291)
[INFO] 2022-09-11 16:19:52,282 [    train.py:  219]:	Evaluate:
[INFO] 2022-09-11 16:19:52,282 [    train.py:  226]:	Loss 0.2453, ('Ner Loss', 0.024261756),  ('CLS Classification Loss', 0.22100182)
[INFO] 2022-09-11 16:19:52,282 [    train.py:  227]:	('Ner Acc', 0.99763536), ('CLS Classification Acc', 0.97456753)
[INFO] 2022-09-11 16:20:05,963 [    train.py:  236]:	Precision 0.499 Recall 0.401 F1 0.445
[INFO] 2022-09-11 16:20:46,731 [    train.py:  184]:	Epoch 60: 
[INFO] 2022-09-11 16:20:46,732 [    train.py:  185]:	Train:
[INFO] 2022-09-11 16:20:46,735 [    train.py:  197]:	Loss 0.0058, ('Ner Loss', 0.0015476803528144956),  ('CLS Classification Loss', 0.004229600541293621)
[INFO] 2022-09-11 16:20:46,735 [    train.py:  207]:	('Ner Acc', 0.9994136095046997),  ('CLS Classification Acc', 0.9984370470046997)
[INFO] 2022-09-11 16:20:48,990 [    train.py:  219]:	Evaluate:
[INFO] 2022-09-11 16:20:48,991 [    train.py:  226]:	Loss 0.2460, ('Ner Loss', 0.023409726),  ('CLS Classification Loss', 0.22261131)
[INFO] 2022-09-11 16:20:48,991 [    train.py:  227]:	('Ner Acc', 0.9975871), ('CLS Classification Acc', 0.9738822)
[INFO] 2022-09-11 16:21:02,699 [    train.py:  236]:	Precision 0.483 Recall 0.441 F1 0.461
[INFO] 2022-09-11 16:21:43,627 [    train.py:  184]:	Epoch 61: 
[INFO] 2022-09-11 16:21:43,627 [    train.py:  185]:	Train:
[INFO] 2022-09-11 16:21:43,631 [    train.py:  197]:	Loss 0.0067, ('Ner Loss', 0.0015648079570382833),  ('CLS Classification Loss', 0.005122860427945852)
[INFO] 2022-09-11 16:21:43,631 [    train.py:  207]:	('Ner Acc', 0.999403178691864),  ('CLS Classification Acc', 0.9981892108917236)
[INFO] 2022-09-11 16:21:45,887 [    train.py:  219]:	Evaluate:
[INFO] 2022-09-11 16:21:45,887 [    train.py:  226]:	Loss 0.2481, ('Ner Loss', 0.023567328),  ('CLS Classification Loss', 0.22450554)
[INFO] 2022-09-11 16:21:45,887 [    train.py:  227]:	('Ner Acc', 0.9976431), ('CLS Classification Acc', 0.97374517)
[INFO] 2022-09-11 16:21:59,148 [    train.py:  236]:	Precision 0.514 Recall 0.424 F1 0.464
[INFO] 2022-09-11 16:22:39,513 [    train.py:  184]:	Epoch 62: 
[INFO] 2022-09-11 16:22:39,514 [    train.py:  185]:	Train:
[INFO] 2022-09-11 16:22:39,519 [    train.py:  197]:	Loss 0.0057, ('Ner Loss', 0.0014533954672515392),  ('CLS Classification Loss', 0.004199718125164509)
[INFO] 2022-09-11 16:22:39,519 [    train.py:  207]:	('Ner Acc', 0.9994245171546936),  ('CLS Classification Acc', 0.9984866380691528)
[INFO] 2022-09-11 16:22:41,815 [    train.py:  219]:	Evaluate:
[INFO] 2022-09-11 16:22:41,816 [    train.py:  226]:	Loss 0.2349, ('Ner Loss', 0.023627155),  ('CLS Classification Loss', 0.21124707)
[INFO] 2022-09-11 16:22:41,816 [    train.py:  227]:	('Ner Acc', 0.9976039), ('CLS Classification Acc', 0.97411066)
[INFO] 2022-09-11 16:22:54,935 [    train.py:  236]:	Precision 0.500 Recall 0.449 F1 0.473
[INFO] 2022-09-11 16:23:35,549 [    train.py:  184]:	Epoch 63: 
[INFO] 2022-09-11 16:23:35,550 [    train.py:  185]:	Train:
[INFO] 2022-09-11 16:23:35,552 [    train.py:  197]:	Loss 0.0056, ('Ner Loss', 0.0014129816554486752),  ('CLS Classification Loss', 0.004206202924251556)
[INFO] 2022-09-11 16:23:35,552 [    train.py:  207]:	('Ner Acc', 0.9994527697563171),  ('CLS Classification Acc', 0.9984121322631836)
[INFO] 2022-09-11 16:23:37,852 [    train.py:  219]:	Evaluate:
[INFO] 2022-09-11 16:23:37,853 [    train.py:  226]:	Loss 0.2313, ('Ner Loss', 0.02433413),  ('CLS Classification Loss', 0.20697123)
[INFO] 2022-09-11 16:23:37,853 [    train.py:  227]:	('Ner Acc', 0.9975845), ('CLS Classification Acc', 0.97385174)
[INFO] 2022-09-11 16:23:51,282 [    train.py:  236]:	Precision 0.472 Recall 0.443 F1 0.457
[INFO] 2022-09-11 16:24:31,904 [    train.py:  184]:	Epoch 64: 
[INFO] 2022-09-11 16:24:31,904 [    train.py:  185]:	Train:
[INFO] 2022-09-11 16:24:31,907 [    train.py:  197]:	Loss 0.0065, ('Ner Loss', 0.0014219935983419418),  ('CLS Classification Loss', 0.005125803407281637)
[INFO] 2022-09-11 16:24:31,907 [    train.py:  207]:	('Ner Acc', 0.9994467496871948),  ('CLS Classification Acc', 0.9982635378837585)
[INFO] 2022-09-11 16:24:34,212 [    train.py:  219]:	Evaluate:
[INFO] 2022-09-11 16:24:34,212 [    train.py:  226]:	Loss 0.2399, ('Ner Loss', 0.024437055),  ('CLS Classification Loss', 0.21546708)
[INFO] 2022-09-11 16:24:34,213 [    train.py:  227]:	('Ner Acc', 0.99751353), ('CLS Classification Acc', 0.9738822)
[INFO] 2022-09-11 16:24:47,621 [    train.py:  236]:	Precision 0.467 Recall 0.454 F1 0.461
[INFO] 2022-09-11 16:25:28,484 [    train.py:  184]:	Epoch 65: 
[INFO] 2022-09-11 16:25:28,485 [    train.py:  185]:	Train:
[INFO] 2022-09-11 16:25:28,487 [    train.py:  197]:	Loss 0.0061, ('Ner Loss', 0.001358741894364357),  ('CLS Classification Loss', 0.004724795464426279)
[INFO] 2022-09-11 16:25:28,487 [    train.py:  207]:	('Ner Acc', 0.999464213848114),  ('CLS Classification Acc', 0.9983378648757935)
[INFO] 2022-09-11 16:25:30,806 [    train.py:  219]:	Evaluate:
[INFO] 2022-09-11 16:25:30,807 [    train.py:  226]:	Loss 0.2275, ('Ner Loss', 0.022368914),  ('CLS Classification Loss', 0.2051513)
[INFO] 2022-09-11 16:25:30,807 [    train.py:  227]:	('Ner Acc', 0.99775636), ('CLS Classification Acc', 0.9740953)
[INFO] 2022-09-11 16:25:44,530 [    train.py:  236]:	Precision 0.541 Recall 0.424 F1 0.475
[INFO] 2022-09-11 16:26:25,020 [    train.py:  184]:	Epoch 66: 
[INFO] 2022-09-11 16:26:25,021 [    train.py:  185]:	Train:
[INFO] 2022-09-11 16:26:25,024 [    train.py:  197]:	Loss 0.0045, ('Ner Loss', 0.001278318464756012),  ('CLS Classification Loss', 0.0032200070563703775)
[INFO] 2022-09-11 16:26:25,024 [    train.py:  207]:	('Ner Acc', 0.9995143413543701),  ('CLS Classification Acc', 0.9989455938339233)
[INFO] 2022-09-11 16:26:27,270 [    train.py:  219]:	Evaluate:
[INFO] 2022-09-11 16:26:27,270 [    train.py:  226]:	Loss 0.2389, ('Ner Loss', 0.024230763),  ('CLS Classification Loss', 0.21471584)
[INFO] 2022-09-11 16:26:27,270 [    train.py:  227]:	('Ner Acc', 0.9975731), ('CLS Classification Acc', 0.97435427)
[INFO] 2022-09-11 16:26:44,017 [    train.py:  236]:	Precision 0.488 Recall 0.408 F1 0.445
[INFO] 2022-09-11 16:27:27,383 [    train.py:  184]:	Epoch 67: 
[INFO] 2022-09-11 16:27:27,384 [    train.py:  185]:	Train:
[INFO] 2022-09-11 16:27:27,386 [    train.py:  197]:	Loss 0.0039, ('Ner Loss', 0.001242100726813078),  ('CLS Classification Loss', 0.0026210967916995287)
[INFO] 2022-09-11 16:27:27,386 [    train.py:  207]:	('Ner Acc', 0.9995163083076477),  ('CLS Classification Acc', 0.9990201592445374)
[INFO] 2022-09-11 16:27:29,565 [    train.py:  219]:	Evaluate:
[INFO] 2022-09-11 16:27:29,566 [    train.py:  226]:	Loss 0.2202, ('Ner Loss', 0.022566628),  ('CLS Classification Loss', 0.19763961)
[INFO] 2022-09-11 16:27:29,566 [    train.py:  227]:	('Ner Acc', 0.99765605), ('CLS Classification Acc', 0.9749634)
[INFO] 2022-09-11 16:27:46,430 [    train.py:  236]:	Precision 0.489 Recall 0.444 F1 0.465
[INFO] 2022-09-11 16:28:30,268 [    train.py:  184]:	Epoch 68: 
[INFO] 2022-09-11 16:28:30,269 [    train.py:  185]:	Train:
[INFO] 2022-09-11 16:28:30,274 [    train.py:  197]:	Loss 0.0040, ('Ner Loss', 0.0011508945608511567),  ('CLS Classification Loss', 0.0028596422635018826)
[INFO] 2022-09-11 16:28:30,274 [    train.py:  207]:	('Ner Acc', 0.9995406866073608),  ('CLS Classification Acc', 0.9990200400352478)
[INFO] 2022-09-11 16:28:32,470 [    train.py:  219]:	Evaluate:
[INFO] 2022-09-11 16:28:32,471 [    train.py:  226]:	Loss 0.2525, ('Ner Loss', 0.024574157),  ('CLS Classification Loss', 0.22792566)
[INFO] 2022-09-11 16:28:32,471 [    train.py:  227]:	('Ner Acc', 0.9977493), ('CLS Classification Acc', 0.9743086)
[INFO] 2022-09-11 16:28:49,021 [    train.py:  236]:	Precision 0.539 Recall 0.411 F1 0.466
[INFO] 2022-09-11 16:29:32,294 [    train.py:  184]:	Epoch 69: 
[INFO] 2022-09-11 16:29:32,294 [    train.py:  185]:	Train:
[INFO] 2022-09-11 16:29:32,297 [    train.py:  197]:	Loss 0.0036, ('Ner Loss', 0.0010263893054798245),  ('CLS Classification Loss', 0.0025906774681061506)
[INFO] 2022-09-11 16:29:32,297 [    train.py:  207]:	('Ner Acc', 0.9996152520179749),  ('CLS Classification Acc', 0.9991440773010254)
[INFO] 2022-09-11 16:29:34,501 [    train.py:  219]:	Evaluate:
[INFO] 2022-09-11 16:29:34,502 [    train.py:  226]:	Loss 0.2485, ('Ner Loss', 0.02455867),  ('CLS Classification Loss', 0.22391759)
[INFO] 2022-09-11 16:29:34,502 [    train.py:  227]:	('Ner Acc', 0.99759555), ('CLS Classification Acc', 0.9735624)
[INFO] 2022-09-11 16:29:51,217 [    train.py:  236]:	Precision 0.498 Recall 0.441 F1 0.468
[INFO] 2022-09-11 16:30:34,898 [    train.py:  184]:	Epoch 70: 
[INFO] 2022-09-11 16:30:34,898 [    train.py:  185]:	Train:
[INFO] 2022-09-11 16:30:34,901 [    train.py:  197]:	Loss 0.0040, ('Ner Loss', 0.0011046857107430696),  ('CLS Classification Loss', 0.0029349783435463905)
[INFO] 2022-09-11 16:30:34,901 [    train.py:  207]:	('Ner Acc', 0.999585747718811),  ('CLS Classification Acc', 0.9990197420120239)
[INFO] 2022-09-11 16:30:37,164 [    train.py:  219]:	Evaluate:
[INFO] 2022-09-11 16:30:37,165 [    train.py:  226]:	Loss 0.2636, ('Ner Loss', 0.025338301),  ('CLS Classification Loss', 0.23825891)
[INFO] 2022-09-11 16:30:37,165 [    train.py:  227]:	('Ner Acc', 0.99773145), ('CLS Classification Acc', 0.9737908)
[INFO] 2022-09-11 16:30:54,418 [    train.py:  236]:	Precision 0.519 Recall 0.418 F1 0.463
[INFO] 2022-09-11 16:31:38,681 [    train.py:  184]:	Epoch 71: 
[INFO] 2022-09-11 16:31:38,681 [    train.py:  185]:	Train:
[INFO] 2022-09-11 16:31:38,686 [    train.py:  197]:	Loss 0.0048, ('Ner Loss', 0.001021623844280839),  ('CLS Classification Loss', 0.0037311327178031206)
[INFO] 2022-09-11 16:31:38,686 [    train.py:  207]:	('Ner Acc', 0.9995960593223572),  ('CLS Classification Acc', 0.9989580512046814)
[INFO] 2022-09-11 16:31:40,998 [    train.py:  219]:	Evaluate:
[INFO] 2022-09-11 16:31:40,998 [    train.py:  226]:	Loss 0.2365, ('Ner Loss', 0.024336474),  ('CLS Classification Loss', 0.2121739)
[INFO] 2022-09-11 16:31:40,998 [    train.py:  227]:	('Ner Acc', 0.9977382), ('CLS Classification Acc', 0.9743391)
[INFO] 2022-09-11 16:31:57,793 [    train.py:  236]:	Precision 0.541 Recall 0.407 F1 0.465
[INFO] 2022-09-11 16:32:41,865 [    train.py:  184]:	Epoch 72: 
[INFO] 2022-09-11 16:32:41,866 [    train.py:  185]:	Train:
[INFO] 2022-09-11 16:32:41,870 [    train.py:  197]:	Loss 0.0034, ('Ner Loss', 0.0009598045726306736),  ('CLS Classification Loss', 0.0024739259388297796)
[INFO] 2022-09-11 16:32:41,870 [    train.py:  207]:	('Ner Acc', 0.999638020992279),  ('CLS Classification Acc', 0.9993300437927246)
[INFO] 2022-09-11 16:32:44,102 [    train.py:  219]:	Evaluate:
[INFO] 2022-09-11 16:32:44,102 [    train.py:  226]:	Loss 0.2263, ('Ner Loss', 0.024340527),  ('CLS Classification Loss', 0.20193596)
[INFO] 2022-09-11 16:32:44,103 [    train.py:  227]:	('Ner Acc', 0.9977153), ('CLS Classification Acc', 0.97503966)
[INFO] 2022-09-11 16:33:01,481 [    train.py:  236]:	Precision 0.512 Recall 0.451 F1 0.480
[INFO] 2022-09-11 16:33:45,890 [    train.py:  184]:	Epoch 73: 
[INFO] 2022-09-11 16:33:45,891 [    train.py:  185]:	Train:
[INFO] 2022-09-11 16:33:45,895 [    train.py:  197]:	Loss 0.0033, ('Ner Loss', 0.0008924320572987199),  ('CLS Classification Loss', 0.002403026446700096)
[INFO] 2022-09-11 16:33:45,895 [    train.py:  207]:	('Ner Acc', 0.999659538269043),  ('CLS Classification Acc', 0.9991317987442017)
[INFO] 2022-09-11 16:33:48,065 [    train.py:  219]:	Evaluate:
[INFO] 2022-09-11 16:33:48,066 [    train.py:  226]:	Loss 0.2554, ('Ner Loss', 0.02536879),  ('CLS Classification Loss', 0.23001179)
[INFO] 2022-09-11 16:33:48,066 [    train.py:  227]:	('Ner Acc', 0.99768907), ('CLS Classification Acc', 0.974004)
[INFO] 2022-09-11 16:34:05,202 [    train.py:  236]:	Precision 0.530 Recall 0.420 F1 0.469
[INFO] 2022-09-11 16:34:48,104 [    train.py:  184]:	Epoch 74: 
[INFO] 2022-09-11 16:34:48,105 [    train.py:  185]:	Train:
[INFO] 2022-09-11 16:34:48,109 [    train.py:  197]:	Loss 0.0030, ('Ner Loss', 0.0008602661546319723),  ('CLS Classification Loss', 0.0020908552687615156)
[INFO] 2022-09-11 16:34:48,109 [    train.py:  207]:	('Ner Acc', 0.9996635317802429),  ('CLS Classification Acc', 0.9992182850837708)
[INFO] 2022-09-11 16:34:50,385 [    train.py:  219]:	Evaluate:
[INFO] 2022-09-11 16:34:50,386 [    train.py:  226]:	Loss 0.2581, ('Ner Loss', 0.0255912),  ('CLS Classification Loss', 0.23253635)
[INFO] 2022-09-11 16:34:50,386 [    train.py:  227]:	('Ner Acc', 0.9975867), ('CLS Classification Acc', 0.97356236)
[INFO] 2022-09-11 16:35:04,170 [    train.py:  236]:	Precision 0.488 Recall 0.450 F1 0.468
[INFO] 2022-09-11 16:35:44,941 [    train.py:  184]:	Epoch 75: 
[INFO] 2022-09-11 16:35:44,942 [    train.py:  185]:	Train:
[INFO] 2022-09-11 16:35:44,944 [    train.py:  197]:	Loss 0.0037, ('Ner Loss', 0.000885607732925564),  ('CLS Classification Loss', 0.0028005761560052633)
[INFO] 2022-09-11 16:35:44,944 [    train.py:  207]:	('Ner Acc', 0.9996517896652222),  ('CLS Classification Acc', 0.9990694522857666)
[INFO] 2022-09-11 16:35:47,235 [    train.py:  219]:	Evaluate:
[INFO] 2022-09-11 16:35:47,236 [    train.py:  226]:	Loss 0.2514, ('Ner Loss', 0.026070679),  ('CLS Classification Loss', 0.2252963)
[INFO] 2022-09-11 16:35:47,236 [    train.py:  227]:	('Ner Acc', 0.99770135), ('CLS Classification Acc', 0.9739888)
[INFO] 2022-09-11 16:36:01,002 [    train.py:  236]:	Precision 0.502 Recall 0.421 F1 0.458
[INFO] 2022-09-11 16:36:41,857 [    train.py:  184]:	Epoch 76: 
[INFO] 2022-09-11 16:36:41,857 [    train.py:  185]:	Train:
[INFO] 2022-09-11 16:36:41,860 [    train.py:  197]:	Loss 0.0031, ('Ner Loss', 0.000816582643892616),  ('CLS Classification Loss', 0.0022826644126325846)
[INFO] 2022-09-11 16:36:41,860 [    train.py:  207]:	('Ner Acc', 0.9996932744979858),  ('CLS Classification Acc', 0.9992182850837708)
[INFO] 2022-09-11 16:36:44,140 [    train.py:  219]:	Evaluate:
[INFO] 2022-09-11 16:36:44,141 [    train.py:  226]:	Loss 0.2607, ('Ner Loss', 0.026640093),  ('CLS Classification Loss', 0.23404355)
[INFO] 2022-09-11 16:36:44,141 [    train.py:  227]:	('Ner Acc', 0.99773014), ('CLS Classification Acc', 0.97426295)
[INFO] 2022-09-11 16:36:57,511 [    train.py:  236]:	Precision 0.507 Recall 0.420 F1 0.460
[INFO] 2022-09-11 16:37:38,274 [    train.py:  184]:	Epoch 77: 
[INFO] 2022-09-11 16:37:38,274 [    train.py:  185]:	Train:
[INFO] 2022-09-11 16:37:38,279 [    train.py:  197]:	Loss 0.0055, ('Ner Loss', 0.0009743167902342975),  ('CLS Classification Loss', 0.004517840687185526)
[INFO] 2022-09-11 16:37:38,279 [    train.py:  207]:	('Ner Acc', 0.999633252620697),  ('CLS Classification Acc', 0.9986603856086731)
[INFO] 2022-09-11 16:37:40,582 [    train.py:  219]:	Evaluate:
[INFO] 2022-09-11 16:37:40,583 [    train.py:  226]:	Loss 0.2409, ('Ner Loss', 0.024873972),  ('CLS Classification Loss', 0.21607307)
[INFO] 2022-09-11 16:37:40,583 [    train.py:  227]:	('Ner Acc', 0.99765867), ('CLS Classification Acc', 0.97408015)
[INFO] 2022-09-11 16:37:54,108 [    train.py:  236]:	Precision 0.514 Recall 0.420 F1 0.463
[INFO] 2022-09-11 16:38:34,798 [    train.py:  184]:	Epoch 78: 
[INFO] 2022-09-11 16:38:34,799 [    train.py:  185]:	Train:
[INFO] 2022-09-11 16:38:34,802 [    train.py:  197]:	Loss 0.0024, ('Ner Loss', 0.0007844938663765788),  ('CLS Classification Loss', 0.0015850316267460585)
[INFO] 2022-09-11 16:38:34,803 [    train.py:  207]:	('Ner Acc', 0.9997090101242065),  ('CLS Classification Acc', 0.999478816986084)
[INFO] 2022-09-11 16:38:37,067 [    train.py:  219]:	Evaluate:
[INFO] 2022-09-11 16:38:37,067 [    train.py:  226]:	Loss 0.2659, ('Ner Loss', 0.02709598),  ('CLS Classification Loss', 0.23882098)
[INFO] 2022-09-11 16:38:37,068 [    train.py:  227]:	('Ner Acc', 0.9976761), ('CLS Classification Acc', 0.97447616)
[INFO] 2022-09-11 16:38:50,377 [    train.py:  236]:	Precision 0.539 Recall 0.386 F1 0.450
[INFO] 2022-09-11 16:39:31,097 [    train.py:  184]:	Epoch 79: 
[INFO] 2022-09-11 16:39:31,098 [    train.py:  185]:	Train:
[INFO] 2022-09-11 16:39:31,101 [    train.py:  197]:	Loss 0.0037, ('Ner Loss', 0.0008352138684131205),  ('CLS Classification Loss', 0.0028418018482625484)
[INFO] 2022-09-11 16:39:31,101 [    train.py:  207]:	('Ner Acc', 0.9996955990791321),  ('CLS Classification Acc', 0.9990696310997009)
[INFO] 2022-09-11 16:39:33,430 [    train.py:  219]:	Evaluate:
[INFO] 2022-09-11 16:39:33,430 [    train.py:  226]:	Loss 0.2344, ('Ner Loss', 0.025487702),  ('CLS Classification Loss', 0.20887093)
[INFO] 2022-09-11 16:39:33,430 [    train.py:  227]:	('Ner Acc', 0.9976811), ('CLS Classification Acc', 0.9754965)
[INFO] 2022-09-11 16:39:47,069 [    train.py:  236]:	Precision 0.516 Recall 0.445 F1 0.478
[INFO] 2022-09-11 16:40:27,665 [    train.py:  184]:	Epoch 80: 
[INFO] 2022-09-11 16:40:27,665 [    train.py:  185]:	Train:
[INFO] 2022-09-11 16:40:27,669 [    train.py:  197]:	Loss 0.0026, ('Ner Loss', 0.0007499362109228969),  ('CLS Classification Loss', 0.0018591785337775946)
[INFO] 2022-09-11 16:40:27,669 [    train.py:  207]:	('Ner Acc', 0.9997300505638123),  ('CLS Classification Acc', 0.9993921518325806)
[INFO] 2022-09-11 16:40:29,988 [    train.py:  219]:	Evaluate:
[INFO] 2022-09-11 16:40:29,989 [    train.py:  226]:	Loss 0.2596, ('Ner Loss', 0.026615394),  ('CLS Classification Loss', 0.23294239)
[INFO] 2022-09-11 16:40:29,989 [    train.py:  227]:	('Ner Acc', 0.9976277), ('CLS Classification Acc', 0.97421724)
[INFO] 2022-09-11 16:40:43,331 [    train.py:  236]:	Precision 0.516 Recall 0.447 F1 0.479
[INFO] 2022-09-11 16:41:24,004 [    train.py:  184]:	Epoch 81: 
[INFO] 2022-09-11 16:41:24,004 [    train.py:  185]:	Train:
[INFO] 2022-09-11 16:41:24,008 [    train.py:  197]:	Loss 0.0031, ('Ner Loss', 0.0007472388097085059),  ('CLS Classification Loss', 0.002332716714590788)
[INFO] 2022-09-11 16:41:24,008 [    train.py:  207]:	('Ner Acc', 0.9997325539588928),  ('CLS Classification Acc', 0.9991564154624939)
[INFO] 2022-09-11 16:41:26,281 [    train.py:  219]:	Evaluate:
[INFO] 2022-09-11 16:41:26,281 [    train.py:  226]:	Loss 0.2685, ('Ner Loss', 0.027615914),  ('CLS Classification Loss', 0.24091944)
[INFO] 2022-09-11 16:41:26,282 [    train.py:  227]:	('Ner Acc', 0.9975753), ('CLS Classification Acc', 0.9736537)
[INFO] 2022-09-11 16:41:40,211 [    train.py:  236]:	Precision 0.485 Recall 0.446 F1 0.465
[INFO] 2022-09-11 16:42:21,061 [    train.py:  184]:	Epoch 82: 
[INFO] 2022-09-11 16:42:21,061 [    train.py:  185]:	Train:
[INFO] 2022-09-11 16:42:21,064 [    train.py:  197]:	Loss 0.0037, ('Ner Loss', 0.0008129802299663424),  ('CLS Classification Loss', 0.0029283303301781416)
[INFO] 2022-09-11 16:42:21,064 [    train.py:  207]:	('Ner Acc', 0.9997029900550842),  ('CLS Classification Acc', 0.9988960027694702)
[INFO] 2022-09-11 16:42:23,335 [    train.py:  219]:	Evaluate:
[INFO] 2022-09-11 16:42:23,335 [    train.py:  226]:	Loss 0.2393, ('Ner Loss', 0.024479862),  ('CLS Classification Loss', 0.21482465)
[INFO] 2022-09-11 16:42:23,335 [    train.py:  227]:	('Ner Acc', 0.99765277), ('CLS Classification Acc', 0.97411066)
[INFO] 2022-09-11 16:42:36,651 [    train.py:  236]:	Precision 0.509 Recall 0.422 F1 0.462
[INFO] 2022-09-11 16:43:17,354 [    train.py:  184]:	Epoch 83: 
[INFO] 2022-09-11 16:43:17,355 [    train.py:  185]:	Train:
[INFO] 2022-09-11 16:43:17,360 [    train.py:  197]:	Loss 0.0031, ('Ner Loss', 0.000732645858079195),  ('CLS Classification Loss', 0.0024105634074658155)
[INFO] 2022-09-11 16:43:17,360 [    train.py:  207]:	('Ner Acc', 0.9997255802154541),  ('CLS Classification Acc', 0.999206006526947)
[INFO] 2022-09-11 16:43:19,662 [    train.py:  219]:	Evaluate:
[INFO] 2022-09-11 16:43:19,663 [    train.py:  226]:	Loss 0.2513, ('Ner Loss', 0.026763197),  ('CLS Classification Loss', 0.22450626)
[INFO] 2022-09-11 16:43:19,663 [    train.py:  227]:	('Ner Acc', 0.99765867), ('CLS Classification Acc', 0.9749483)
[INFO] 2022-09-11 16:43:33,207 [    train.py:  236]:	Precision 0.523 Recall 0.433 F1 0.474
[INFO] 2022-09-11 16:44:14,063 [    train.py:  184]:	Epoch 84: 
[INFO] 2022-09-11 16:44:14,064 [    train.py:  185]:	Train:
[INFO] 2022-09-11 16:44:14,067 [    train.py:  197]:	Loss 0.0024, ('Ner Loss', 0.0006503726472146809),  ('CLS Classification Loss', 0.001730014686472714)
[INFO] 2022-09-11 16:44:14,067 [    train.py:  207]:	('Ner Acc', 0.9997591376304626),  ('CLS Classification Acc', 0.9994417428970337)
[INFO] 2022-09-11 16:44:16,330 [    train.py:  219]:	Evaluate:
[INFO] 2022-09-11 16:44:16,331 [    train.py:  226]:	Loss 0.2624, ('Ner Loss', 0.028179696),  ('CLS Classification Loss', 0.23421566)
[INFO] 2022-09-11 16:44:16,331 [    train.py:  227]:	('Ner Acc', 0.99765027), ('CLS Classification Acc', 0.97366893)
[INFO] 2022-09-11 16:44:30,747 [    train.py:  236]:	Precision 0.509 Recall 0.409 F1 0.454
[INFO] 2022-09-11 16:45:11,704 [    train.py:  184]:	Epoch 85: 
[INFO] 2022-09-11 16:45:11,704 [    train.py:  185]:	Train:
[INFO] 2022-09-11 16:45:11,709 [    train.py:  197]:	Loss 0.0028, ('Ner Loss', 0.0005938545800745487),  ('CLS Classification Loss', 0.00221624574624002)
[INFO] 2022-09-11 16:45:11,709 [    train.py:  207]:	('Ner Acc', 0.9997925758361816),  ('CLS Classification Acc', 0.9992186427116394)
[INFO] 2022-09-11 16:45:14,022 [    train.py:  219]:	Evaluate:
[INFO] 2022-09-11 16:45:14,023 [    train.py:  226]:	Loss 0.2413, ('Ner Loss', 0.027763005),  ('CLS Classification Loss', 0.21350291)
[INFO] 2022-09-11 16:45:14,023 [    train.py:  227]:	('Ner Acc', 0.99759483), ('CLS Classification Acc', 0.97400403)
[INFO] 2022-09-11 16:45:27,444 [    train.py:  236]:	Precision 0.477 Recall 0.460 F1 0.469
[INFO] 2022-09-11 16:46:08,489 [    train.py:  184]:	Epoch 86: 
[INFO] 2022-09-11 16:46:08,489 [    train.py:  185]:	Train:
[INFO] 2022-09-11 16:46:08,494 [    train.py:  197]:	Loss 0.0033, ('Ner Loss', 0.0007093523745425045),  ('CLS Classification Loss', 0.00257129967212677)
[INFO] 2022-09-11 16:46:08,494 [    train.py:  207]:	('Ner Acc', 0.9997584819793701),  ('CLS Classification Acc', 0.9991934895515442)
[INFO] 2022-09-11 16:46:10,793 [    train.py:  219]:	Evaluate:
[INFO] 2022-09-11 16:46:10,793 [    train.py:  226]:	Loss 0.2543, ('Ner Loss', 0.027069863),  ('CLS Classification Loss', 0.22722922)
[INFO] 2022-09-11 16:46:10,794 [    train.py:  227]:	('Ner Acc', 0.99768114), ('CLS Classification Acc', 0.9732883)
[INFO] 2022-09-11 16:46:25,163 [    train.py:  236]:	Precision 0.492 Recall 0.433 F1 0.461
[INFO] 2022-09-11 16:47:06,689 [    train.py:  184]:	Epoch 87: 
[INFO] 2022-09-11 16:47:06,690 [    train.py:  185]:	Train:
[INFO] 2022-09-11 16:47:06,693 [    train.py:  197]:	Loss 0.0021, ('Ner Loss', 0.0005858793156221509),  ('CLS Classification Loss', 0.001487869187258184)
[INFO] 2022-09-11 16:47:06,693 [    train.py:  207]:	('Ner Acc', 0.999786913394928),  ('CLS Classification Acc', 0.9995409250259399)
[INFO] 2022-09-11 16:47:08,984 [    train.py:  219]:	Evaluate:
[INFO] 2022-09-11 16:47:08,985 [    train.py:  226]:	Loss 0.2555, ('Ner Loss', 0.028291872),  ('CLS Classification Loss', 0.22719137)
[INFO] 2022-09-11 16:47:08,985 [    train.py:  227]:	('Ner Acc', 0.99773204), ('CLS Classification Acc', 0.97494817)
[INFO] 2022-09-11 16:47:23,026 [    train.py:  236]:	Precision 0.536 Recall 0.453 F1 0.491
[INFO] 2022-09-11 16:48:04,411 [    train.py:  184]:	Epoch 88: 
[INFO] 2022-09-11 16:48:04,411 [    train.py:  185]:	Train:
[INFO] 2022-09-11 16:48:04,414 [    train.py:  197]:	Loss 0.0016, ('Ner Loss', 0.0005120736313983798),  ('CLS Classification Loss', 0.0010900880442932248)
[INFO] 2022-09-11 16:48:04,415 [    train.py:  207]:	('Ner Acc', 0.9998063445091248),  ('CLS Classification Acc', 0.9996277689933777)
[INFO] 2022-09-11 16:48:06,707 [    train.py:  219]:	Evaluate:
[INFO] 2022-09-11 16:48:06,708 [    train.py:  226]:	Loss 0.2903, ('Ner Loss', 0.030049035),  ('CLS Classification Loss', 0.2602679)
[INFO] 2022-09-11 16:48:06,708 [    train.py:  227]:	('Ner Acc', 0.9976375), ('CLS Classification Acc', 0.9741563)
[INFO] 2022-09-11 16:48:20,771 [    train.py:  236]:	Precision 0.521 Recall 0.428 F1 0.470
[INFO] 2022-09-11 16:49:01,713 [    train.py:  184]:	Epoch 89: 
[INFO] 2022-09-11 16:49:01,713 [    train.py:  185]:	Train:
[INFO] 2022-09-11 16:49:01,720 [    train.py:  197]:	Loss 0.0029, ('Ner Loss', 0.0005752904689870775),  ('CLS Classification Loss', 0.002290262607857585)
[INFO] 2022-09-11 16:49:01,721 [    train.py:  207]:	('Ner Acc', 0.999782145023346),  ('CLS Classification Acc', 0.9993177056312561)
[INFO] 2022-09-11 16:49:04,066 [    train.py:  219]:	Evaluate:
[INFO] 2022-09-11 16:49:04,067 [    train.py:  226]:	Loss 0.2490, ('Ner Loss', 0.026767928),  ('CLS Classification Loss', 0.22218958)
[INFO] 2022-09-11 16:49:04,067 [    train.py:  227]:	('Ner Acc', 0.9976334), ('CLS Classification Acc', 0.9754508)
[INFO] 2022-09-11 16:49:17,772 [    train.py:  236]:	Precision 0.525 Recall 0.418 F1 0.465
[INFO] 2022-09-11 16:49:59,025 [    train.py:  184]:	Epoch 90: 
[INFO] 2022-09-11 16:49:59,025 [    train.py:  185]:	Train:
[INFO] 2022-09-11 16:49:59,028 [    train.py:  197]:	Loss 0.0031, ('Ner Loss', 0.0005644718185067177),  ('CLS Classification Loss', 0.0025381252635270357)
[INFO] 2022-09-11 16:49:59,028 [    train.py:  207]:	('Ner Acc', 0.9997924566268921),  ('CLS Classification Acc', 0.9992184042930603)
[INFO] 2022-09-11 16:50:01,341 [    train.py:  219]:	Evaluate:
[INFO] 2022-09-11 16:50:01,342 [    train.py:  226]:	Loss 0.2459, ('Ner Loss', 0.026238268),  ('CLS Classification Loss', 0.21965826)
[INFO] 2022-09-11 16:50:01,342 [    train.py:  227]:	('Ner Acc', 0.9977197), ('CLS Classification Acc', 0.9752985)
[INFO] 2022-09-11 16:50:15,456 [    train.py:  236]:	Precision 0.519 Recall 0.446 F1 0.480
[INFO] 2022-09-11 16:50:56,545 [    train.py:  184]:	Epoch 91: 
[INFO] 2022-09-11 16:50:56,545 [    train.py:  185]:	Train:
[INFO] 2022-09-11 16:50:56,548 [    train.py:  197]:	Loss 0.0023, ('Ner Loss', 0.0005217889556661248),  ('CLS Classification Loss', 0.0018043332966044545)
[INFO] 2022-09-11 16:50:56,548 [    train.py:  207]:	('Ner Acc', 0.9998124241828918),  ('CLS Classification Acc', 0.9994418621063232)
[INFO] 2022-09-11 16:50:58,821 [    train.py:  219]:	Evaluate:
[INFO] 2022-09-11 16:50:58,822 [    train.py:  226]:	Loss 0.2719, ('Ner Loss', 0.027387504),  ('CLS Classification Loss', 0.24453625)
[INFO] 2022-09-11 16:50:58,822 [    train.py:  227]:	('Ner Acc', 0.9977175), ('CLS Classification Acc', 0.97517663)
[INFO] 2022-09-11 16:51:12,793 [    train.py:  236]:	Precision 0.540 Recall 0.431 F1 0.479
[INFO] 2022-09-11 16:51:53,913 [    train.py:  184]:	Epoch 92: 
[INFO] 2022-09-11 16:51:53,913 [    train.py:  185]:	Train:
[INFO] 2022-09-11 16:51:53,915 [    train.py:  197]:	Loss 0.0016, ('Ner Loss', 0.0005046604201197624),  ('CLS Classification Loss', 0.0010613342747092247)
[INFO] 2022-09-11 16:51:53,915 [    train.py:  207]:	('Ner Acc', 0.9998195171356201),  ('CLS Classification Acc', 0.9996277689933777)
[INFO] 2022-09-11 16:51:56,170 [    train.py:  219]:	Evaluate:
[INFO] 2022-09-11 16:51:56,170 [    train.py:  226]:	Loss 0.2671, ('Ner Loss', 0.02820798),  ('CLS Classification Loss', 0.23890375)
[INFO] 2022-09-11 16:51:56,170 [    train.py:  227]:	('Ner Acc', 0.99768317), ('CLS Classification Acc', 0.97435427)
[INFO] 2022-09-11 16:52:10,090 [    train.py:  236]:	Precision 0.517 Recall 0.424 F1 0.466
[INFO] 2022-09-11 16:52:51,027 [    train.py:  184]:	Epoch 93: 
[INFO] 2022-09-11 16:52:51,027 [    train.py:  185]:	Train:
[INFO] 2022-09-11 16:52:51,031 [    train.py:  197]:	Loss 0.0021, ('Ner Loss', 0.00048637145664542913),  ('CLS Classification Loss', 0.001646263524889946)
[INFO] 2022-09-11 16:52:51,031 [    train.py:  207]:	('Ner Acc', 0.9998296499252319),  ('CLS Classification Acc', 0.9994417428970337)
[INFO] 2022-09-11 16:52:53,307 [    train.py:  219]:	Evaluate:
[INFO] 2022-09-11 16:52:53,308 [    train.py:  226]:	Loss 0.2706, ('Ner Loss', 0.028795516),  ('CLS Classification Loss', 0.24185327)
[INFO] 2022-09-11 16:52:53,308 [    train.py:  227]:	('Ner Acc', 0.9977141), ('CLS Classification Acc', 0.97528327)
[INFO] 2022-09-11 16:53:07,500 [    train.py:  236]:	Precision 0.555 Recall 0.421 F1 0.479
[INFO] 2022-09-11 16:53:48,603 [    train.py:  184]:	Epoch 94: 
[INFO] 2022-09-11 16:53:48,604 [    train.py:  185]:	Train:
[INFO] 2022-09-11 16:53:48,608 [    train.py:  197]:	Loss 0.0049, ('Ner Loss', 0.0006645423709414899),  ('CLS Classification Loss', 0.004205110017210245)
[INFO] 2022-09-11 16:53:48,608 [    train.py:  207]:	('Ner Acc', 0.9997842907905579),  ('CLS Classification Acc', 0.9986727237701416)
[INFO] 2022-09-11 16:53:50,884 [    train.py:  219]:	Evaluate:
[INFO] 2022-09-11 16:53:50,885 [    train.py:  226]:	Loss 0.2399, ('Ner Loss', 0.02603069),  ('CLS Classification Loss', 0.2139017)
[INFO] 2022-09-11 16:53:50,885 [    train.py:  227]:	('Ner Acc', 0.997664), ('CLS Classification Acc', 0.9741258)
[INFO] 2022-09-11 16:54:04,872 [    train.py:  236]:	Precision 0.518 Recall 0.451 F1 0.482
[INFO] 2022-09-11 16:54:46,162 [    train.py:  184]:	Epoch 95: 
[INFO] 2022-09-11 16:54:46,162 [    train.py:  185]:	Train:
[INFO] 2022-09-11 16:54:46,167 [    train.py:  197]:	Loss 0.0022, ('Ner Loss', 0.0004916572943329811),  ('CLS Classification Loss', 0.0016808120999485254)
[INFO] 2022-09-11 16:54:46,167 [    train.py:  207]:	('Ner Acc', 0.9998267292976379),  ('CLS Classification Acc', 0.9994417428970337)
[INFO] 2022-09-11 16:54:48,459 [    train.py:  219]:	Evaluate:
[INFO] 2022-09-11 16:54:48,460 [    train.py:  226]:	Loss 0.2545, ('Ner Loss', 0.027133945),  ('CLS Classification Loss', 0.22739132)
[INFO] 2022-09-11 16:54:48,460 [    train.py:  227]:	('Ner Acc', 0.997741), ('CLS Classification Acc', 0.97432375)
[INFO] 2022-09-11 16:55:02,559 [    train.py:  236]:	Precision 0.518 Recall 0.460 F1 0.487
[INFO] 2022-09-11 16:55:43,778 [    train.py:  184]:	Epoch 96: 
[INFO] 2022-09-11 16:55:43,778 [    train.py:  185]:	Train:
[INFO] 2022-09-11 16:55:43,782 [    train.py:  197]:	Loss 0.0016, ('Ner Loss', 0.0004396364383865148),  ('CLS Classification Loss', 0.0011661660391837358)
[INFO] 2022-09-11 16:55:43,782 [    train.py:  207]:	('Ner Acc', 0.999842643737793),  ('CLS Classification Acc', 0.9996031522750854)
[INFO] 2022-09-11 16:55:46,077 [    train.py:  219]:	Evaluate:
[INFO] 2022-09-11 16:55:46,077 [    train.py:  226]:	Loss 0.2749, ('Ner Loss', 0.028292907),  ('CLS Classification Loss', 0.2466136)
[INFO] 2022-09-11 16:55:46,078 [    train.py:  227]:	('Ner Acc', 0.9976958), ('CLS Classification Acc', 0.974339)
[INFO] 2022-09-11 16:55:59,936 [    train.py:  236]:	Precision 0.524 Recall 0.457 F1 0.488
[INFO] 2022-09-11 16:56:40,896 [    train.py:  184]:	Epoch 97: 
[INFO] 2022-09-11 16:56:40,897 [    train.py:  185]:	Train:
[INFO] 2022-09-11 16:56:40,901 [    train.py:  197]:	Loss 0.0016, ('Ner Loss', 0.00037764868466183543),  ('CLS Classification Loss', 0.001238923636265099)
[INFO] 2022-09-11 16:56:40,901 [    train.py:  207]:	('Ner Acc', 0.9998622536659241),  ('CLS Classification Acc', 0.9996153712272644)
[INFO] 2022-09-11 16:56:43,211 [    train.py:  219]:	Evaluate:
[INFO] 2022-09-11 16:56:43,211 [    train.py:  226]:	Loss 0.2657, ('Ner Loss', 0.028194433),  ('CLS Classification Loss', 0.23751621)
[INFO] 2022-09-11 16:56:43,212 [    train.py:  227]:	('Ner Acc', 0.99779993), ('CLS Classification Acc', 0.97561824)
[INFO] 2022-09-11 16:56:57,128 [    train.py:  236]:	Precision 0.541 Recall 0.444 F1 0.488
[INFO] 2022-09-11 16:57:38,308 [    train.py:  184]:	Epoch 98: 
[INFO] 2022-09-11 16:57:38,309 [    train.py:  185]:	Train:
[INFO] 2022-09-11 16:57:38,313 [    train.py:  197]:	Loss 0.0029, ('Ner Loss', 0.0004993838956579566),  ('CLS Classification Loss', 0.002384594641625881)
[INFO] 2022-09-11 16:57:38,314 [    train.py:  207]:	('Ner Acc', 0.9998267889022827),  ('CLS Classification Acc', 0.999392032623291)
[INFO] 2022-09-11 16:57:40,602 [    train.py:  219]:	Evaluate:
[INFO] 2022-09-11 16:57:40,602 [    train.py:  226]:	Loss 0.2337, ('Ner Loss', 0.026536675),  ('CLS Classification Loss', 0.20714651)
[INFO] 2022-09-11 16:57:40,603 [    train.py:  227]:	('Ner Acc', 0.99769914), ('CLS Classification Acc', 0.97604483)
[INFO] 2022-09-11 16:57:54,386 [    train.py:  236]:	Precision 0.528 Recall 0.451 F1 0.487
[INFO] 2022-09-11 16:58:35,396 [    train.py:  184]:	Epoch 99: 
[INFO] 2022-09-11 16:58:35,397 [    train.py:  185]:	Train:
[INFO] 2022-09-11 16:58:35,399 [    train.py:  197]:	Loss 0.0018, ('Ner Loss', 0.00048803474055603147),  ('CLS Classification Loss', 0.0012923027388751507)
[INFO] 2022-09-11 16:58:35,399 [    train.py:  207]:	('Ner Acc', 0.9998375773429871),  ('CLS Classification Acc', 0.9995036721229553)
[INFO] 2022-09-11 16:58:37,703 [    train.py:  219]:	Evaluate:
[INFO] 2022-09-11 16:58:37,704 [    train.py:  226]:	Loss 0.2552, ('Ner Loss', 0.027126376),  ('CLS Classification Loss', 0.2280247)
[INFO] 2022-09-11 16:58:37,704 [    train.py:  227]:	('Ner Acc', 0.99774945), ('CLS Classification Acc', 0.97485685)
[INFO] 2022-09-11 16:58:52,108 [    train.py:  236]:	Precision 0.531 Recall 0.436 F1 0.479
[INFO] 2022-09-11 16:59:33,540 [    train.py:  184]:	Epoch 100: 
[INFO] 2022-09-11 16:59:33,541 [    train.py:  185]:	Train:
[INFO] 2022-09-11 16:59:33,546 [    train.py:  197]:	Loss 0.0013, ('Ner Loss', 0.000405465776566416),  ('CLS Classification Loss', 0.0008754293085075915)
[INFO] 2022-09-11 16:59:33,546 [    train.py:  207]:	('Ner Acc', 0.9998471140861511),  ('CLS Classification Acc', 0.9997766613960266)
[INFO] 2022-09-11 16:59:35,867 [    train.py:  219]:	Evaluate:
[INFO] 2022-09-11 16:59:35,868 [    train.py:  226]:	Loss 0.2632, ('Ner Loss', 0.027734518),  ('CLS Classification Loss', 0.23546152)
[INFO] 2022-09-11 16:59:35,868 [    train.py:  227]:	('Ner Acc', 0.99770385), ('CLS Classification Acc', 0.9752071)
[INFO] 2022-09-11 16:59:49,948 [    train.py:  236]:	Precision 0.521 Recall 0.451 F1 0.484
[INFO] 2022-09-11 16:59:49,949 [    train.py:  256]:	Best Epoch 87; Best f1 0.49134060295060933 precision 0.5364145658263305 recall 0.4532544378698225;
