[INFO] 2022-09-26 11:58:59,689 [    train.py:  505]:	Namespace(block_att_head_num=1, cased=True, d_block=128, data_aug=2, dataset='res16', do_test=True, do_train=True, do_valid=True, drop_null_data=True, dropout_rate=0.3, epochs=100, extra_attention=True, fuse_strategy='update', init_model_dir='', language='en', loss_ratio=1.0, lr=2e-05, mask_sb=True, model_type='end_to_end', output_dir='./output', save_dir='', task_name='ttee_res16_100epoch_128d_2aug_2e-5lr_cased_0.3dropout_dropnull_1loss', test_batch_size=32, train_batch_size=16, valid_freq=1)
[INFO] 2022-09-26 11:59:13,175 [    train.py:  118]:	{'init_bert_model': 'bert-base-cased', 'sentence_b': DictWrapper({'texts': ListWrapper(['general of ambience', 'price of drinks', 'quality of drinks', 'style options of drinks', 'prices of food', 'quality of food', 'style options of food', 'general of location', 'general of restaurant', 'miscellaneous of restaurant', 'prices of restaurant', 'general of service']), 'sentiments': ListWrapper(['negative', 'neutral', 'positive'])}), 'num_sentiment_classes': 3, 'subblock_hidden_size': 128, 'subblock_head_num': 1, 'cache_dir': 'bert_models/bert-base-cased', 'fuse_strategy': 'update', 'extra_attention': True, 'dropout': 0.3, 'loss_ratio': 1.0}
[INFO] 2022-09-26 11:59:13,175 [    train.py:  120]:	Number of Train Sentence: 1708
[INFO] 2022-09-26 11:59:13,185 [    train.py:  522]:	Data augment: Merge 2 train data together
[INFO] 2022-09-26 12:01:09,818 [    train.py:  184]:	Epoch 1: 
[INFO] 2022-09-26 12:01:09,819 [    train.py:  185]:	Train:
[INFO] 2022-09-26 12:01:09,824 [    train.py:  197]:	Loss 0.3061, ('Ner Loss', 0.08115159720182419),  ('CLS Classification Loss', 0.22493650019168854)
[INFO] 2022-09-26 12:01:09,824 [    train.py:  207]:	('Ner Acc', 0.9804724454879761),  ('CLS Classification Acc', 0.9297119379043579)
[INFO] 2022-09-26 12:01:15,955 [    train.py:  219]:	Evaluate:
[INFO] 2022-09-26 12:01:15,956 [    train.py:  226]:	Loss 0.1561, ('Ner Loss', 0.030460233),  ('CLS Classification Loss', 0.12563853)
[INFO] 2022-09-26 12:01:15,956 [    train.py:  227]:	('Ner Acc', 0.9962898), ('CLS Classification Acc', 0.9642063)
[INFO] 2022-09-26 12:01:33,991 [    train.py:  236]:	Precision 0.000 Recall 0.000 F1 0.000
[INFO] 2022-09-26 12:03:02,730 [    train.py:  184]:	Epoch 2: 
[INFO] 2022-09-26 12:03:02,731 [    train.py:  185]:	Train:
[INFO] 2022-09-26 12:03:02,735 [    train.py:  197]:	Loss 0.2110, ('Ner Loss', 0.030170494690537453),  ('CLS Classification Loss', 0.18079575896263123)
[INFO] 2022-09-26 12:03:02,735 [    train.py:  207]:	('Ner Acc', 0.9962924718856812),  ('CLS Classification Acc', 0.9394956231117249)
[INFO] 2022-09-26 12:03:05,608 [    train.py:  219]:	Evaluate:
[INFO] 2022-09-26 12:03:05,609 [    train.py:  226]:	Loss 0.1453, ('Ner Loss', 0.025135165),  ('CLS Classification Loss', 0.12014303)
[INFO] 2022-09-26 12:03:05,609 [    train.py:  227]:	('Ner Acc', 0.9962898), ('CLS Classification Acc', 0.9643433)
[INFO] 2022-09-26 12:03:19,314 [    train.py:  236]:	Precision 0.053 Recall 0.001 F1 0.002
[INFO] 2022-09-26 12:04:48,079 [    train.py:  184]:	Epoch 3: 
[INFO] 2022-09-26 12:04:48,080 [    train.py:  185]:	Train:
[INFO] 2022-09-26 12:04:48,084 [    train.py:  197]:	Loss 0.1980, ('Ner Loss', 0.02555435337126255),  ('CLS Classification Loss', 0.172419011592865)
[INFO] 2022-09-26 12:04:48,084 [    train.py:  207]:	('Ner Acc', 0.9962822794914246),  ('CLS Classification Acc', 0.9418970942497253)
[INFO] 2022-09-26 12:04:51,220 [    train.py:  219]:	Evaluate:
[INFO] 2022-09-26 12:04:51,221 [    train.py:  226]:	Loss 0.1337, ('Ner Loss', 0.020491324),  ('CLS Classification Loss', 0.113171905)
[INFO] 2022-09-26 12:04:51,221 [    train.py:  227]:	('Ner Acc', 0.99624383), ('CLS Classification Acc', 0.96607107)
[INFO] 2022-09-26 12:05:04,891 [    train.py:  236]:	Precision 0.073 Recall 0.007 F1 0.013
[INFO] 2022-09-26 12:06:34,557 [    train.py:  184]:	Epoch 4: 
[INFO] 2022-09-26 12:06:34,557 [    train.py:  185]:	Train:
[INFO] 2022-09-26 12:06:34,561 [    train.py:  197]:	Loss 0.1829, ('Ner Loss', 0.021379832178354263),  ('CLS Classification Loss', 0.16147705912590027)
[INFO] 2022-09-26 12:06:34,561 [    train.py:  207]:	('Ner Acc', 0.9962575435638428),  ('CLS Classification Acc', 0.9450446963310242)
[INFO] 2022-09-26 12:06:37,592 [    train.py:  219]:	Evaluate:
[INFO] 2022-09-26 12:06:37,592 [    train.py:  226]:	Loss 0.1289, ('Ner Loss', 0.018081121),  ('CLS Classification Loss', 0.11080116)
[INFO] 2022-09-26 12:06:37,593 [    train.py:  227]:	('Ner Acc', 0.9962898), ('CLS Classification Acc', 0.9659756)
[INFO] 2022-09-26 12:06:51,352 [    train.py:  236]:	Precision 0.066 Recall 0.005 F1 0.009
[INFO] 2022-09-26 12:08:20,077 [    train.py:  184]:	Epoch 5: 
[INFO] 2022-09-26 12:08:20,078 [    train.py:  185]:	Train:
[INFO] 2022-09-26 12:08:20,081 [    train.py:  197]:	Loss 0.1657, ('Ner Loss', 0.019097520038485527),  ('CLS Classification Loss', 0.14660263061523438)
[INFO] 2022-09-26 12:08:20,081 [    train.py:  207]:	('Ner Acc', 0.9962303042411804),  ('CLS Classification Acc', 0.9472432136535645)
[INFO] 2022-09-26 12:08:22,976 [    train.py:  219]:	Evaluate:
[INFO] 2022-09-26 12:08:22,976 [    train.py:  226]:	Loss 0.1132, ('Ner Loss', 0.016171398),  ('CLS Classification Loss', 0.09702045)
[INFO] 2022-09-26 12:08:22,976 [    train.py:  227]:	('Ner Acc', 0.9965374), ('CLS Classification Acc', 0.96884555)
[INFO] 2022-09-26 12:08:36,749 [    train.py:  236]:	Precision 0.211 Recall 0.066 F1 0.101
[INFO] 2022-09-26 12:10:05,531 [    train.py:  184]:	Epoch 6: 
[INFO] 2022-09-26 12:10:05,532 [    train.py:  185]:	Train:
[INFO] 2022-09-26 12:10:05,538 [    train.py:  197]:	Loss 0.1472, ('Ner Loss', 0.016897397115826607),  ('CLS Classification Loss', 0.1302681267261505)
[INFO] 2022-09-26 12:10:05,539 [    train.py:  207]:	('Ner Acc', 0.9963433742523193),  ('CLS Classification Acc', 0.9511781930923462)
[INFO] 2022-09-26 12:10:08,616 [    train.py:  219]:	Evaluate:
[INFO] 2022-09-26 12:10:08,617 [    train.py:  226]:	Loss 0.1044, ('Ner Loss', 0.01499607),  ('CLS Classification Loss', 0.089384556)
[INFO] 2022-09-26 12:10:08,617 [    train.py:  227]:	('Ner Acc', 0.9968818), ('CLS Classification Acc', 0.97071457)
[INFO] 2022-09-26 12:10:22,688 [    train.py:  236]:	Precision 0.301 Recall 0.121 F1 0.173
[INFO] 2022-09-26 12:11:51,628 [    train.py:  184]:	Epoch 7: 
[INFO] 2022-09-26 12:11:51,629 [    train.py:  185]:	Train:
[INFO] 2022-09-26 12:11:51,636 [    train.py:  197]:	Loss 0.1323, ('Ner Loss', 0.01481203455477953),  ('CLS Classification Loss', 0.11747291684150696)
[INFO] 2022-09-26 12:11:51,636 [    train.py:  207]:	('Ner Acc', 0.9965111613273621),  ('CLS Classification Acc', 0.9548526406288147)
[INFO] 2022-09-26 12:11:54,592 [    train.py:  219]:	Evaluate:
[INFO] 2022-09-26 12:11:54,593 [    train.py:  226]:	Loss 0.1004, ('Ner Loss', 0.01372535),  ('CLS Classification Loss', 0.0867243)
[INFO] 2022-09-26 12:11:54,593 [    train.py:  227]:	('Ner Acc', 0.99708635), ('CLS Classification Acc', 0.9707686)
[INFO] 2022-09-26 12:12:08,366 [    train.py:  236]:	Precision 0.319 Recall 0.187 F1 0.236
[INFO] 2022-09-26 12:13:36,860 [    train.py:  184]:	Epoch 8: 
[INFO] 2022-09-26 12:13:36,860 [    train.py:  185]:	Train:
[INFO] 2022-09-26 12:13:36,867 [    train.py:  197]:	Loss 0.1197, ('Ner Loss', 0.013177203945815563),  ('CLS Classification Loss', 0.10654304921627045)
[INFO] 2022-09-26 12:13:36,867 [    train.py:  207]:	('Ner Acc', 0.9966968894004822),  ('CLS Classification Acc', 0.9583006501197815)
[INFO] 2022-09-26 12:13:39,944 [    train.py:  219]:	Evaluate:
[INFO] 2022-09-26 12:13:39,944 [    train.py:  226]:	Loss 0.0908, ('Ner Loss', 0.013310375),  ('CLS Classification Loss', 0.077521555)
[INFO] 2022-09-26 12:13:39,945 [    train.py:  227]:	('Ner Acc', 0.9970719), ('CLS Classification Acc', 0.97423244)
[INFO] 2022-09-26 12:13:53,872 [    train.py:  236]:	Precision 0.414 Recall 0.215 F1 0.283
[INFO] 2022-09-26 12:15:23,672 [    train.py:  184]:	Epoch 9: 
[INFO] 2022-09-26 12:15:23,673 [    train.py:  185]:	Train:
[INFO] 2022-09-26 12:15:23,676 [    train.py:  197]:	Loss 0.1024, ('Ner Loss', 0.011427451856434345),  ('CLS Classification Loss', 0.09094657003879547)
[INFO] 2022-09-26 12:15:23,676 [    train.py:  207]:	('Ner Acc', 0.9968944787979126),  ('CLS Classification Acc', 0.964206874370575)
[INFO] 2022-09-26 12:15:26,590 [    train.py:  219]:	Evaluate:
[INFO] 2022-09-26 12:15:26,591 [    train.py:  226]:	Loss 0.0839, ('Ner Loss', 0.012534635),  ('CLS Classification Loss', 0.07135246)
[INFO] 2022-09-26 12:15:26,591 [    train.py:  227]:	('Ner Acc', 0.99723005), ('CLS Classification Acc', 0.9776589)
[INFO] 2022-09-26 12:15:40,813 [    train.py:  236]:	Precision 0.434 Recall 0.292 F1 0.349
[INFO] 2022-09-26 12:17:09,499 [    train.py:  184]:	Epoch 10: 
[INFO] 2022-09-26 12:17:09,500 [    train.py:  185]:	Train:
[INFO] 2022-09-26 12:17:09,507 [    train.py:  197]:	Loss 0.0878, ('Ner Loss', 0.010173571296036243),  ('CLS Classification Loss', 0.07761488109827042)
[INFO] 2022-09-26 12:17:09,508 [    train.py:  207]:	('Ner Acc', 0.9970545768737793),  ('CLS Classification Acc', 0.9699670672416687)
[INFO] 2022-09-26 12:17:12,056 [    train.py:  219]:	Evaluate:
[INFO] 2022-09-26 12:17:12,056 [    train.py:  226]:	Loss 0.0798, ('Ner Loss', 0.011758934),  ('CLS Classification Loss', 0.06806016)
[INFO] 2022-09-26 12:17:12,057 [    train.py:  227]:	('Ner Acc', 0.9974048), ('CLS Classification Acc', 0.97837335)
[INFO] 2022-09-26 12:17:26,369 [    train.py:  236]:	Precision 0.458 Recall 0.366 F1 0.407
[INFO] 2022-09-26 12:18:33,126 [    train.py:  184]:	Epoch 11: 
[INFO] 2022-09-26 12:18:33,127 [    train.py:  185]:	Train:
[INFO] 2022-09-26 12:18:33,135 [    train.py:  197]:	Loss 0.0735, ('Ner Loss', 0.008607451803982258),  ('CLS Classification Loss', 0.06485018134117126)
[INFO] 2022-09-26 12:18:33,135 [    train.py:  207]:	('Ner Acc', 0.9973145723342896),  ('CLS Classification Acc', 0.9744532108306885)
[INFO] 2022-09-26 12:18:35,305 [    train.py:  219]:	Evaluate:
[INFO] 2022-09-26 12:18:35,305 [    train.py:  226]:	Loss 0.0795, ('Ner Loss', 0.011487859),  ('CLS Classification Loss', 0.068052314)
[INFO] 2022-09-26 12:18:35,305 [    train.py:  227]:	('Ner Acc', 0.9975429), ('CLS Classification Acc', 0.9790296)
[INFO] 2022-09-26 12:18:50,491 [    train.py:  236]:	Precision 0.508 Recall 0.432 F1 0.467
[INFO] 2022-09-26 12:19:56,933 [    train.py:  184]:	Epoch 12: 
[INFO] 2022-09-26 12:19:56,935 [    train.py:  185]:	Train:
[INFO] 2022-09-26 12:19:56,942 [    train.py:  197]:	Loss 0.0637, ('Ner Loss', 0.007552457973361015),  ('CLS Classification Loss', 0.05618777498602867)
[INFO] 2022-09-26 12:19:56,942 [    train.py:  207]:	('Ner Acc', 0.997563362121582),  ('CLS Classification Acc', 0.977917492389679)
[INFO] 2022-09-26 12:19:59,209 [    train.py:  219]:	Evaluate:
[INFO] 2022-09-26 12:19:59,209 [    train.py:  226]:	Loss 0.0923, ('Ner Loss', 0.012062836),  ('CLS Classification Loss', 0.08023844)
[INFO] 2022-09-26 12:19:59,209 [    train.py:  227]:	('Ner Acc', 0.99762815), ('CLS Classification Acc', 0.9779415)
[INFO] 2022-09-26 12:20:14,484 [    train.py:  236]:	Precision 0.511 Recall 0.482 F1 0.496
[INFO] 2022-09-26 12:21:20,984 [    train.py:  184]:	Epoch 13: 
[INFO] 2022-09-26 12:21:20,985 [    train.py:  185]:	Train:
[INFO] 2022-09-26 12:21:20,993 [    train.py:  197]:	Loss 0.0553, ('Ner Loss', 0.006831827107816935),  ('CLS Classification Loss', 0.048453379422426224)
[INFO] 2022-09-26 12:21:20,993 [    train.py:  207]:	('Ner Acc', 0.997743546962738),  ('CLS Classification Acc', 0.9804641604423523)
[INFO] 2022-09-26 12:21:23,003 [    train.py:  219]:	Evaluate:
[INFO] 2022-09-26 12:21:23,004 [    train.py:  226]:	Loss 0.0886, ('Ner Loss', 0.011323217),  ('CLS Classification Loss', 0.07723012)
[INFO] 2022-09-26 12:21:23,004 [    train.py:  227]:	('Ner Acc', 0.99746275), ('CLS Classification Acc', 0.979528)
[INFO] 2022-09-26 12:21:38,354 [    train.py:  236]:	Precision 0.536 Recall 0.494 F1 0.514
[INFO] 2022-09-26 12:22:45,309 [    train.py:  184]:	Epoch 14: 
[INFO] 2022-09-26 12:22:45,309 [    train.py:  185]:	Train:
[INFO] 2022-09-26 12:22:45,312 [    train.py:  197]:	Loss 0.0493, ('Ner Loss', 0.006098601501435041),  ('CLS Classification Loss', 0.04322004318237305)
[INFO] 2022-09-26 12:22:45,312 [    train.py:  207]:	('Ner Acc', 0.997925877571106),  ('CLS Classification Acc', 0.9824116826057434)
[INFO] 2022-09-26 12:22:47,392 [    train.py:  219]:	Evaluate:
[INFO] 2022-09-26 12:22:47,392 [    train.py:  226]:	Loss 0.1023, ('Ner Loss', 0.0115176095),  ('CLS Classification Loss', 0.09075237)
[INFO] 2022-09-26 12:22:47,392 [    train.py:  227]:	('Ner Acc', 0.99767816), ('CLS Classification Acc', 0.98015505)
[INFO] 2022-09-26 12:23:02,848 [    train.py:  236]:	Precision 0.552 Recall 0.522 F1 0.536
[INFO] 2022-09-26 12:24:09,572 [    train.py:  184]:	Epoch 15: 
[INFO] 2022-09-26 12:24:09,573 [    train.py:  185]:	Train:
[INFO] 2022-09-26 12:24:09,578 [    train.py:  197]:	Loss 0.0429, ('Ner Loss', 0.005389584228396416),  ('CLS Classification Loss', 0.037531353533267975)
[INFO] 2022-09-26 12:24:09,578 [    train.py:  207]:	('Ner Acc', 0.9980915784835815),  ('CLS Classification Acc', 0.9849262237548828)
[INFO] 2022-09-26 12:24:11,720 [    train.py:  219]:	Evaluate:
[INFO] 2022-09-26 12:24:11,720 [    train.py:  226]:	Loss 0.1053, ('Ner Loss', 0.012655293),  ('CLS Classification Loss', 0.09263766)
[INFO] 2022-09-26 12:24:11,720 [    train.py:  227]:	('Ner Acc', 0.9976701), ('CLS Classification Acc', 0.97952795)
[INFO] 2022-09-26 12:24:27,165 [    train.py:  236]:	Precision 0.556 Recall 0.551 F1 0.554
[INFO] 2022-09-26 12:25:32,214 [    train.py:  184]:	Epoch 16: 
[INFO] 2022-09-26 12:25:32,214 [    train.py:  185]:	Train:
[INFO] 2022-09-26 12:25:32,218 [    train.py:  197]:	Loss 0.0361, ('Ner Loss', 0.004728501196950674),  ('CLS Classification Loss', 0.03140346705913544)
[INFO] 2022-09-26 12:25:32,218 [    train.py:  207]:	('Ner Acc', 0.9983087182044983),  ('CLS Classification Acc', 0.987457275390625)
[INFO] 2022-09-26 12:25:34,560 [    train.py:  219]:	Evaluate:
[INFO] 2022-09-26 12:25:34,561 [    train.py:  226]:	Loss 0.1120, ('Ner Loss', 0.014229933),  ('CLS Classification Loss', 0.09776618)
[INFO] 2022-09-26 12:25:34,561 [    train.py:  227]:	('Ner Acc', 0.99773175), ('CLS Classification Acc', 0.9793992)
[INFO] 2022-09-26 12:25:47,989 [    train.py:  236]:	Precision 0.568 Recall 0.538 F1 0.552
[INFO] 2022-09-26 12:26:53,122 [    train.py:  184]:	Epoch 17: 
[INFO] 2022-09-26 12:26:53,122 [    train.py:  185]:	Train:
[INFO] 2022-09-26 12:26:53,125 [    train.py:  197]:	Loss 0.0331, ('Ner Loss', 0.004276183899492025),  ('CLS Classification Loss', 0.02881472371518612)
[INFO] 2022-09-26 12:26:53,125 [    train.py:  207]:	('Ner Acc', 0.9984508752822876),  ('CLS Classification Acc', 0.9887802004814148)
[INFO] 2022-09-26 12:26:55,690 [    train.py:  219]:	Evaluate:
[INFO] 2022-09-26 12:26:55,691 [    train.py:  226]:	Loss 0.1122, ('Ner Loss', 0.014525193),  ('CLS Classification Loss', 0.097641714)
[INFO] 2022-09-26 12:26:55,691 [    train.py:  227]:	('Ner Acc', 0.9977443), ('CLS Classification Acc', 0.97897136)
[INFO] 2022-09-26 12:27:09,616 [    train.py:  236]:	Precision 0.548 Recall 0.574 F1 0.561
[INFO] 2022-09-26 12:28:17,338 [    train.py:  184]:	Epoch 18: 
[INFO] 2022-09-26 12:28:17,338 [    train.py:  185]:	Train:
[INFO] 2022-09-26 12:28:17,342 [    train.py:  197]:	Loss 0.0288, ('Ner Loss', 0.003999805077910423),  ('CLS Classification Loss', 0.024754850193858147)
[INFO] 2022-09-26 12:28:17,342 [    train.py:  207]:	('Ner Acc', 0.9985434412956238),  ('CLS Classification Acc', 0.9899721741676331)
[INFO] 2022-09-26 12:28:19,619 [    train.py:  219]:	Evaluate:
[INFO] 2022-09-26 12:28:19,619 [    train.py:  226]:	Loss 0.1160, ('Ner Loss', 0.0148397805),  ('CLS Classification Loss', 0.101120226)
[INFO] 2022-09-26 12:28:19,620 [    train.py:  227]:	('Ner Acc', 0.9977034), ('CLS Classification Acc', 0.9794656)
[INFO] 2022-09-26 12:28:35,985 [    train.py:  236]:	Precision 0.545 Recall 0.576 F1 0.560
[INFO] 2022-09-26 12:29:44,362 [    train.py:  184]:	Epoch 19: 
[INFO] 2022-09-26 12:29:44,363 [    train.py:  185]:	Train:
[INFO] 2022-09-26 12:29:44,370 [    train.py:  197]:	Loss 0.0256, ('Ner Loss', 0.003752593882381916),  ('CLS Classification Loss', 0.021819068118929863)
[INFO] 2022-09-26 12:29:44,371 [    train.py:  207]:	('Ner Acc', 0.9986276626586914),  ('CLS Classification Acc', 0.9911485314369202)
[INFO] 2022-09-26 12:29:46,626 [    train.py:  219]:	Evaluate:
[INFO] 2022-09-26 12:29:46,626 [    train.py:  226]:	Loss 0.1167, ('Ner Loss', 0.0140689425),  ('CLS Classification Loss', 0.10267899)
[INFO] 2022-09-26 12:29:46,626 [    train.py:  227]:	('Ner Acc', 0.9976129), ('CLS Classification Acc', 0.97961926)
[INFO] 2022-09-26 12:30:03,477 [    train.py:  236]:	Precision 0.524 Recall 0.575 F1 0.548
[INFO] 2022-09-26 12:31:12,176 [    train.py:  184]:	Epoch 20: 
[INFO] 2022-09-26 12:31:12,176 [    train.py:  185]:	Train:
[INFO] 2022-09-26 12:31:12,181 [    train.py:  197]:	Loss 0.0235, ('Ner Loss', 0.0033524283207952976),  ('CLS Classification Loss', 0.020160775631666183)
[INFO] 2022-09-26 12:31:12,181 [    train.py:  207]:	('Ner Acc', 0.9987514615058899),  ('CLS Classification Acc', 0.9924060702323914)
[INFO] 2022-09-26 12:31:14,446 [    train.py:  219]:	Evaluate:
[INFO] 2022-09-26 12:31:14,447 [    train.py:  226]:	Loss 0.1142, ('Ner Loss', 0.015692817),  ('CLS Classification Loss', 0.09851712)
[INFO] 2022-09-26 12:31:14,447 [    train.py:  227]:	('Ner Acc', 0.9977689), ('CLS Classification Acc', 0.97989756)
[INFO] 2022-09-26 12:31:31,068 [    train.py:  236]:	Precision 0.539 Recall 0.586 F1 0.561
[INFO] 2022-09-26 12:32:39,865 [    train.py:  184]:	Epoch 21: 
[INFO] 2022-09-26 12:32:39,866 [    train.py:  185]:	Train:
[INFO] 2022-09-26 12:32:39,871 [    train.py:  197]:	Loss 0.0193, ('Ner Loss', 0.0029410466086119413),  ('CLS Classification Loss', 0.016315821558237076)
[INFO] 2022-09-26 12:32:39,872 [    train.py:  207]:	('Ner Acc', 0.9989002346992493),  ('CLS Classification Acc', 0.9938825964927673)
[INFO] 2022-09-26 12:32:42,119 [    train.py:  219]:	Evaluate:
[INFO] 2022-09-26 12:32:42,119 [    train.py:  226]:	Loss 0.1203, ('Ner Loss', 0.016101945),  ('CLS Classification Loss', 0.104210496)
[INFO] 2022-09-26 12:32:42,119 [    train.py:  227]:	('Ner Acc', 0.99785525), ('CLS Classification Acc', 0.98074913)
[INFO] 2022-09-26 12:32:58,685 [    train.py:  236]:	Precision 0.550 Recall 0.572 F1 0.561
[INFO] 2022-09-26 12:34:07,466 [    train.py:  184]:	Epoch 22: 
[INFO] 2022-09-26 12:34:07,467 [    train.py:  185]:	Train:
[INFO] 2022-09-26 12:34:07,474 [    train.py:  197]:	Loss 0.0184, ('Ner Loss', 0.0027156563010066748),  ('CLS Classification Loss', 0.015679921954870224)
[INFO] 2022-09-26 12:34:07,474 [    train.py:  207]:	('Ner Acc', 0.9989957213401794),  ('CLS Classification Acc', 0.9941826462745667)
[INFO] 2022-09-26 12:34:09,617 [    train.py:  219]:	Evaluate:
[INFO] 2022-09-26 12:34:09,617 [    train.py:  226]:	Loss 0.1425, ('Ner Loss', 0.018844413),  ('CLS Classification Loss', 0.12364723)
[INFO] 2022-09-26 12:34:09,617 [    train.py:  227]:	('Ner Acc', 0.9978719), ('CLS Classification Acc', 0.98098165)
[INFO] 2022-09-26 12:34:26,505 [    train.py:  236]:	Precision 0.584 Recall 0.586 F1 0.585
[INFO] 2022-09-26 12:35:35,386 [    train.py:  184]:	Epoch 23: 
[INFO] 2022-09-26 12:35:35,387 [    train.py:  185]:	Train:
[INFO] 2022-09-26 12:35:35,389 [    train.py:  197]:	Loss 0.0161, ('Ner Loss', 0.0025895857252180576),  ('CLS Classification Loss', 0.013558330945670605)
[INFO] 2022-09-26 12:35:35,390 [    train.py:  207]:	('Ner Acc', 0.9990487694740295),  ('CLS Classification Acc', 0.995074987411499)
[INFO] 2022-09-26 12:35:37,619 [    train.py:  219]:	Evaluate:
[INFO] 2022-09-26 12:35:37,620 [    train.py:  226]:	Loss 0.1440, ('Ner Loss', 0.019227391),  ('CLS Classification Loss', 0.12475043)
[INFO] 2022-09-26 12:35:37,620 [    train.py:  227]:	('Ner Acc', 0.99789447), ('CLS Classification Acc', 0.979528)
[INFO] 2022-09-26 12:35:52,405 [    train.py:  236]:	Precision 0.587 Recall 0.590 F1 0.589
[INFO] 2022-09-26 12:37:15,190 [    train.py:  184]:	Epoch 24: 
[INFO] 2022-09-26 12:37:15,191 [    train.py:  185]:	Train:
[INFO] 2022-09-26 12:37:15,196 [    train.py:  197]:	Loss 0.0151, ('Ner Loss', 0.0023225548211485147),  ('CLS Classification Loss', 0.012807914055883884)
[INFO] 2022-09-26 12:37:15,196 [    train.py:  207]:	('Ner Acc', 0.9991381168365479),  ('CLS Classification Acc', 0.9951643347740173)
[INFO] 2022-09-26 12:37:18,211 [    train.py:  219]:	Evaluate:
[INFO] 2022-09-26 12:37:18,212 [    train.py:  226]:	Loss 0.1251, ('Ner Loss', 0.016957514),  ('CLS Classification Loss', 0.10814825)
[INFO] 2022-09-26 12:37:18,212 [    train.py:  227]:	('Ner Acc', 0.9978299), ('CLS Classification Acc', 0.98097754)
[INFO] 2022-09-26 12:37:32,675 [    train.py:  236]:	Precision 0.575 Recall 0.595 F1 0.585
[INFO] 2022-09-26 12:38:56,012 [    train.py:  184]:	Epoch 25: 
[INFO] 2022-09-26 12:38:56,013 [    train.py:  185]:	Train:
[INFO] 2022-09-26 12:38:56,022 [    train.py:  197]:	Loss 0.0132, ('Ner Loss', 0.002104113344103098),  ('CLS Classification Loss', 0.011094502173364162)
[INFO] 2022-09-26 12:38:56,022 [    train.py:  207]:	('Ner Acc', 0.9992010593414307),  ('CLS Classification Acc', 0.9960243105888367)
[INFO] 2022-09-26 12:38:58,957 [    train.py:  219]:	Evaluate:
[INFO] 2022-09-26 12:38:58,957 [    train.py:  226]:	Loss 0.1483, ('Ner Loss', 0.019430125),  ('CLS Classification Loss', 0.12882656)
[INFO] 2022-09-26 12:38:58,957 [    train.py:  227]:	('Ner Acc', 0.9977181), ('CLS Classification Acc', 0.9806078)
[INFO] 2022-09-26 12:39:13,007 [    train.py:  236]:	Precision 0.581 Recall 0.602 F1 0.591
[INFO] 2022-09-26 12:40:36,250 [    train.py:  184]:	Epoch 26: 
[INFO] 2022-09-26 12:40:36,250 [    train.py:  185]:	Train:
[INFO] 2022-09-26 12:40:36,254 [    train.py:  197]:	Loss 0.0116, ('Ner Loss', 0.002016301965340972),  ('CLS Classification Loss', 0.009569634683430195)
[INFO] 2022-09-26 12:40:36,254 [    train.py:  207]:	('Ner Acc', 0.9992647767066956),  ('CLS Classification Acc', 0.9964624047279358)
[INFO] 2022-09-26 12:40:39,064 [    train.py:  219]:	Evaluate:
[INFO] 2022-09-26 12:40:39,065 [    train.py:  226]:	Loss 0.1370, ('Ner Loss', 0.018859351),  ('CLS Classification Loss', 0.11811131)
[INFO] 2022-09-26 12:40:39,065 [    train.py:  227]:	('Ner Acc', 0.9978698), ('CLS Classification Acc', 0.9804293)
[INFO] 2022-09-26 12:40:53,494 [    train.py:  236]:	Precision 0.574 Recall 0.607 F1 0.590
[INFO] 2022-09-26 12:42:17,337 [    train.py:  184]:	Epoch 27: 
[INFO] 2022-09-26 12:42:17,338 [    train.py:  185]:	Train:
[INFO] 2022-09-26 12:42:17,346 [    train.py:  197]:	Loss 0.0128, ('Ner Loss', 0.002046228153631091),  ('CLS Classification Loss', 0.01071466039866209)
[INFO] 2022-09-26 12:42:17,346 [    train.py:  207]:	('Ner Acc', 0.9992374181747437),  ('CLS Classification Acc', 0.9961052536964417)
[INFO] 2022-09-26 12:42:20,220 [    train.py:  219]:	Evaluate:
[INFO] 2022-09-26 12:42:20,221 [    train.py:  226]:	Loss 0.1340, ('Ner Loss', 0.018637003),  ('CLS Classification Loss', 0.11535322)
[INFO] 2022-09-26 12:42:20,221 [    train.py:  227]:	('Ner Acc', 0.9977949), ('CLS Classification Acc', 0.9802964)
[INFO] 2022-09-26 12:42:34,138 [    train.py:  236]:	Precision 0.570 Recall 0.632 F1 0.599
[INFO] 2022-09-26 12:43:57,555 [    train.py:  184]:	Epoch 28: 
[INFO] 2022-09-26 12:43:57,556 [    train.py:  185]:	Train:
[INFO] 2022-09-26 12:43:57,559 [    train.py:  197]:	Loss 0.0098, ('Ner Loss', 0.0018251725705340505),  ('CLS Classification Loss', 0.007971111685037613)
[INFO] 2022-09-26 12:43:57,559 [    train.py:  207]:	('Ner Acc', 0.9993265271186829),  ('CLS Classification Acc', 0.9971679449081421)
[INFO] 2022-09-26 12:44:00,315 [    train.py:  219]:	Evaluate:
[INFO] 2022-09-26 12:44:00,316 [    train.py:  226]:	Loss 0.1395, ('Ner Loss', 0.01956398),  ('CLS Classification Loss', 0.11998454)
[INFO] 2022-09-26 12:44:00,316 [    train.py:  227]:	('Ner Acc', 0.9977983), ('CLS Classification Acc', 0.98057467)
[INFO] 2022-09-26 12:44:14,467 [    train.py:  236]:	Precision 0.567 Recall 0.609 F1 0.587
[INFO] 2022-09-26 12:45:36,599 [    train.py:  184]:	Epoch 29: 
[INFO] 2022-09-26 12:45:36,600 [    train.py:  185]:	Train:
[INFO] 2022-09-26 12:45:36,603 [    train.py:  197]:	Loss 0.0088, ('Ner Loss', 0.0016837252769619226),  ('CLS Classification Loss', 0.007074288558214903)
[INFO] 2022-09-26 12:45:36,603 [    train.py:  207]:	('Ner Acc', 0.9993730783462524),  ('CLS Classification Acc', 0.9974113702774048)
[INFO] 2022-09-26 12:45:39,441 [    train.py:  219]:	Evaluate:
[INFO] 2022-09-26 12:45:39,442 [    train.py:  226]:	Loss 0.1451, ('Ner Loss', 0.020030135),  ('CLS Classification Loss', 0.12503271)
[INFO] 2022-09-26 12:45:39,442 [    train.py:  227]:	('Ner Acc', 0.9978173), ('CLS Classification Acc', 0.98088205)
[INFO] 2022-09-26 12:45:53,590 [    train.py:  236]:	Precision 0.564 Recall 0.602 F1 0.583
[INFO] 2022-09-26 12:47:17,484 [    train.py:  184]:	Epoch 30: 
[INFO] 2022-09-26 12:47:17,484 [    train.py:  185]:	Train:
[INFO] 2022-09-26 12:47:17,491 [    train.py:  197]:	Loss 0.0077, ('Ner Loss', 0.0014647265197709203),  ('CLS Classification Loss', 0.006207252386957407)
[INFO] 2022-09-26 12:47:17,491 [    train.py:  207]:	('Ner Acc', 0.9994723796844482),  ('CLS Classification Acc', 0.9977279901504517)
[INFO] 2022-09-26 12:47:20,150 [    train.py:  219]:	Evaluate:
[INFO] 2022-09-26 12:47:20,150 [    train.py:  226]:	Loss 0.1608, ('Ner Loss', 0.020901091),  ('CLS Classification Loss', 0.1399031)
[INFO] 2022-09-26 12:47:20,151 [    train.py:  227]:	('Ner Acc', 0.997901), ('CLS Classification Acc', 0.98020506)
[INFO] 2022-09-26 12:47:34,800 [    train.py:  236]:	Precision 0.570 Recall 0.612 F1 0.590
[INFO] 2022-09-26 12:48:58,621 [    train.py:  184]:	Epoch 31: 
[INFO] 2022-09-26 12:48:58,621 [    train.py:  185]:	Train:
[INFO] 2022-09-26 12:48:58,625 [    train.py:  197]:	Loss 0.0078, ('Ner Loss', 0.0015068688662722707),  ('CLS Classification Loss', 0.006317742634564638)
[INFO] 2022-09-26 12:48:58,625 [    train.py:  207]:	('Ner Acc', 0.999439001083374),  ('CLS Classification Acc', 0.9978172779083252)
[INFO] 2022-09-26 12:49:01,423 [    train.py:  219]:	Evaluate:
[INFO] 2022-09-26 12:49:01,424 [    train.py:  226]:	Loss 0.1485, ('Ner Loss', 0.021438489),  ('CLS Classification Loss', 0.1270992)
[INFO] 2022-09-26 12:49:01,424 [    train.py:  227]:	('Ner Acc', 0.9976509), ('CLS Classification Acc', 0.9812474)
[INFO] 2022-09-26 12:49:15,603 [    train.py:  236]:	Precision 0.562 Recall 0.608 F1 0.584
[INFO] 2022-09-26 12:50:38,511 [    train.py:  184]:	Epoch 32: 
[INFO] 2022-09-26 12:50:38,511 [    train.py:  185]:	Train:
[INFO] 2022-09-26 12:50:38,514 [    train.py:  197]:	Loss 0.0074, ('Ner Loss', 0.0012917178682982922),  ('CLS Classification Loss', 0.00609061773866415)
[INFO] 2022-09-26 12:50:38,514 [    train.py:  207]:	('Ner Acc', 0.9995095133781433),  ('CLS Classification Acc', 0.997890055179596)
[INFO] 2022-09-26 12:50:41,341 [    train.py:  219]:	Evaluate:
[INFO] 2022-09-26 12:50:41,342 [    train.py:  226]:	Loss 0.1632, ('Ner Loss', 0.023206877),  ('CLS Classification Loss', 0.13994507)
[INFO] 2022-09-26 12:50:41,342 [    train.py:  227]:	('Ner Acc', 0.99784106), ('CLS Classification Acc', 0.98103565)
[INFO] 2022-09-26 12:50:55,500 [    train.py:  236]:	Precision 0.611 Recall 0.566 F1 0.587
[INFO] 2022-09-26 12:52:19,859 [    train.py:  184]:	Epoch 33: 
[INFO] 2022-09-26 12:52:19,859 [    train.py:  185]:	Train:
[INFO] 2022-09-26 12:52:19,865 [    train.py:  197]:	Loss 0.0068, ('Ner Loss', 0.0012234257301315665),  ('CLS Classification Loss', 0.005539210047572851)
[INFO] 2022-09-26 12:52:19,865 [    train.py:  207]:	('Ner Acc', 0.9995236992835999),  ('CLS Classification Acc', 0.9981090426445007)
[INFO] 2022-09-26 12:52:22,739 [    train.py:  219]:	Evaluate:
[INFO] 2022-09-26 12:52:22,739 [    train.py:  226]:	Loss 0.1670, ('Ner Loss', 0.023670638),  ('CLS Classification Loss', 0.14331621)
[INFO] 2022-09-26 12:52:22,739 [    train.py:  227]:	('Ner Acc', 0.99795264), ('CLS Classification Acc', 0.9819038)
[INFO] 2022-09-26 12:52:36,592 [    train.py:  236]:	Precision 0.609 Recall 0.608 F1 0.608
[INFO] 2022-09-26 12:54:00,967 [    train.py:  184]:	Epoch 34: 
[INFO] 2022-09-26 12:54:00,967 [    train.py:  185]:	Train:
[INFO] 2022-09-26 12:54:00,972 [    train.py:  197]:	Loss 0.0072, ('Ner Loss', 0.0011444201227277517),  ('CLS Classification Loss', 0.0060445331037044525)
[INFO] 2022-09-26 12:54:00,972 [    train.py:  207]:	('Ner Acc', 0.9995909929275513),  ('CLS Classification Acc', 0.9978901743888855)
[INFO] 2022-09-26 12:54:03,857 [    train.py:  219]:	Evaluate:
[INFO] 2022-09-26 12:54:03,857 [    train.py:  226]:	Loss 0.1601, ('Ner Loss', 0.022141796),  ('CLS Classification Loss', 0.13800558)
[INFO] 2022-09-26 12:54:03,858 [    train.py:  227]:	('Ner Acc', 0.99778044), ('CLS Classification Acc', 0.9799765)
[INFO] 2022-09-26 12:54:17,832 [    train.py:  236]:	Precision 0.549 Recall 0.603 F1 0.575
[INFO] 2022-09-26 12:55:40,684 [    train.py:  184]:	Epoch 35: 
[INFO] 2022-09-26 12:55:40,685 [    train.py:  185]:	Train:
[INFO] 2022-09-26 12:55:40,688 [    train.py:  197]:	Loss 0.0058, ('Ner Loss', 0.0010480362689122558),  ('CLS Classification Loss', 0.004779853392392397)
[INFO] 2022-09-26 12:55:40,688 [    train.py:  207]:	('Ner Acc', 0.9996140599250793),  ('CLS Classification Acc', 0.9983929991722107)
[INFO] 2022-09-26 12:55:43,481 [    train.py:  219]:	Evaluate:
[INFO] 2022-09-26 12:55:43,482 [    train.py:  226]:	Loss 0.1670, ('Ner Loss', 0.02266946),  ('CLS Classification Loss', 0.14429468)
[INFO] 2022-09-26 12:55:43,482 [    train.py:  227]:	('Ner Acc', 0.9979009), ('CLS Classification Acc', 0.9806244)
[INFO] 2022-09-26 12:55:57,229 [    train.py:  236]:	Precision 0.584 Recall 0.616 F1 0.599
[INFO] 2022-09-26 12:57:20,655 [    train.py:  184]:	Epoch 36: 
[INFO] 2022-09-26 12:57:20,655 [    train.py:  185]:	Train:
[INFO] 2022-09-26 12:57:20,660 [    train.py:  197]:	Loss 0.0050, ('Ner Loss', 0.0009731582249514759),  ('CLS Classification Loss', 0.0040423027239739895)
[INFO] 2022-09-26 12:57:20,660 [    train.py:  207]:	('Ner Acc', 0.999634861946106),  ('CLS Classification Acc', 0.9986281991004944)
[INFO] 2022-09-26 12:57:23,505 [    train.py:  219]:	Evaluate:
[INFO] 2022-09-26 12:57:23,505 [    train.py:  226]:	Loss 0.1675, ('Ner Loss', 0.02396805),  ('CLS Classification Loss', 0.14357436)
[INFO] 2022-09-26 12:57:23,505 [    train.py:  227]:	('Ner Acc', 0.99788314), ('CLS Classification Acc', 0.9808405)
[INFO] 2022-09-26 12:57:37,671 [    train.py:  236]:	Precision 0.589 Recall 0.609 F1 0.599
[INFO] 2022-09-26 12:59:00,230 [    train.py:  184]:	Epoch 37: 
[INFO] 2022-09-26 12:59:00,230 [    train.py:  185]:	Train:
[INFO] 2022-09-26 12:59:00,234 [    train.py:  197]:	Loss 0.0062, ('Ner Loss', 0.0010752750094980001),  ('CLS Classification Loss', 0.0050909752026200294)
[INFO] 2022-09-26 12:59:00,234 [    train.py:  207]:	('Ner Acc', 0.9996093511581421),  ('CLS Classification Acc', 0.998174250125885)
[INFO] 2022-09-26 12:59:03,010 [    train.py:  219]:	Evaluate:
[INFO] 2022-09-26 12:59:03,011 [    train.py:  226]:	Loss 0.1588, ('Ner Loss', 0.023517534),  ('CLS Classification Loss', 0.13530502)
[INFO] 2022-09-26 12:59:03,011 [    train.py:  227]:	('Ner Acc', 0.99789065), ('CLS Classification Acc', 0.9808071)
[INFO] 2022-09-26 12:59:17,167 [    train.py:  236]:	Precision 0.607 Recall 0.589 F1 0.598
[INFO] 2022-09-26 13:00:40,776 [    train.py:  184]:	Epoch 38: 
[INFO] 2022-09-26 13:00:40,776 [    train.py:  185]:	Train:
[INFO] 2022-09-26 13:00:40,786 [    train.py:  197]:	Loss 0.0060, ('Ner Loss', 0.0010440298356115818),  ('CLS Classification Loss', 0.004960361868143082)
[INFO] 2022-09-26 13:00:40,786 [    train.py:  207]:	('Ner Acc', 0.9996181130409241),  ('CLS Classification Acc', 0.9983850121498108)
[INFO] 2022-09-26 13:00:43,631 [    train.py:  219]:	Evaluate:
[INFO] 2022-09-26 13:00:43,632 [    train.py:  226]:	Loss 0.1665, ('Ner Loss', 0.023779418),  ('CLS Classification Loss', 0.1426956)
[INFO] 2022-09-26 13:00:43,632 [    train.py:  227]:	('Ner Acc', 0.9979351), ('CLS Classification Acc', 0.9817624)
[INFO] 2022-09-26 13:00:57,433 [    train.py:  236]:	Precision 0.612 Recall 0.597 F1 0.605
[INFO] 2022-09-26 13:02:20,318 [    train.py:  184]:	Epoch 39: 
[INFO] 2022-09-26 13:02:20,319 [    train.py:  185]:	Train:
[INFO] 2022-09-26 13:02:20,327 [    train.py:  197]:	Loss 0.0048, ('Ner Loss', 0.0009565214859321713),  ('CLS Classification Loss', 0.0038583173882216215)
[INFO] 2022-09-26 13:02:20,328 [    train.py:  207]:	('Ner Acc', 0.9996511340141296),  ('CLS Classification Acc', 0.9987255930900574)
[INFO] 2022-09-26 13:02:23,220 [    train.py:  219]:	Evaluate:
[INFO] 2022-09-26 13:02:23,221 [    train.py:  226]:	Loss 0.1570, ('Ner Loss', 0.02226565),  ('CLS Classification Loss', 0.13474278)
[INFO] 2022-09-26 13:02:23,221 [    train.py:  227]:	('Ner Acc', 0.9978955), ('CLS Classification Acc', 0.98048323)
[INFO] 2022-09-26 13:02:37,411 [    train.py:  236]:	Precision 0.590 Recall 0.595 F1 0.592
[INFO] 2022-09-26 13:04:00,994 [    train.py:  184]:	Epoch 40: 
[INFO] 2022-09-26 13:04:00,994 [    train.py:  185]:	Train:
[INFO] 2022-09-26 13:04:00,998 [    train.py:  197]:	Loss 0.0052, ('Ner Loss', 0.0009275401826016605),  ('CLS Classification Loss', 0.004285066854208708)
[INFO] 2022-09-26 13:04:00,999 [    train.py:  207]:	('Ner Acc', 0.999663233757019),  ('CLS Classification Acc', 0.998547375202179)
[INFO] 2022-09-26 13:04:03,837 [    train.py:  219]:	Evaluate:
[INFO] 2022-09-26 13:04:03,838 [    train.py:  226]:	Loss 0.1515, ('Ner Loss', 0.021981725),  ('CLS Classification Loss', 0.12948291)
[INFO] 2022-09-26 13:04:03,838 [    train.py:  227]:	('Ner Acc', 0.99787784), ('CLS Classification Acc', 0.980342)
[INFO] 2022-09-26 13:04:17,636 [    train.py:  236]:	Precision 0.578 Recall 0.627 F1 0.602
[INFO] 2022-09-26 13:05:40,557 [    train.py:  184]:	Epoch 41: 
[INFO] 2022-09-26 13:05:40,558 [    train.py:  185]:	Train:
[INFO] 2022-09-26 13:05:40,561 [    train.py:  197]:	Loss 0.0047, ('Ner Loss', 0.0008960433187894523),  ('CLS Classification Loss', 0.0037739004474133253)
[INFO] 2022-09-26 13:05:40,561 [    train.py:  207]:	('Ner Acc', 0.9996681809425354),  ('CLS Classification Acc', 0.9987581372261047)
[INFO] 2022-09-26 13:05:43,377 [    train.py:  219]:	Evaluate:
[INFO] 2022-09-26 13:05:43,377 [    train.py:  226]:	Loss 0.1738, ('Ner Loss', 0.023244299),  ('CLS Classification Loss', 0.15059943)
[INFO] 2022-09-26 13:05:43,378 [    train.py:  227]:	('Ner Acc', 0.9979396), ('CLS Classification Acc', 0.98125577)
[INFO] 2022-09-26 13:05:57,702 [    train.py:  236]:	Precision 0.589 Recall 0.588 F1 0.589
[INFO] 2022-09-26 13:07:20,601 [    train.py:  184]:	Epoch 42: 
[INFO] 2022-09-26 13:07:20,602 [    train.py:  185]:	Train:
[INFO] 2022-09-26 13:07:20,606 [    train.py:  197]:	Loss 0.0050, ('Ner Loss', 0.0008361986256204545),  ('CLS Classification Loss', 0.00418831454589963)
[INFO] 2022-09-26 13:07:20,606 [    train.py:  207]:	('Ner Acc', 0.999696671962738),  ('CLS Classification Acc', 0.9985551238059998)
[INFO] 2022-09-26 13:07:23,352 [    train.py:  219]:	Evaluate:
[INFO] 2022-09-26 13:07:23,352 [    train.py:  226]:	Loss 0.1624, ('Ner Loss', 0.023370892),  ('CLS Classification Loss', 0.13898341)
[INFO] 2022-09-26 13:07:23,353 [    train.py:  227]:	('Ner Acc', 0.99790645), ('CLS Classification Acc', 0.97998476)
[INFO] 2022-09-26 13:07:38,048 [    train.py:  236]:	Precision 0.585 Recall 0.583 F1 0.584
[INFO] 2022-09-26 13:09:00,795 [    train.py:  184]:	Epoch 43: 
[INFO] 2022-09-26 13:09:00,796 [    train.py:  185]:	Train:
[INFO] 2022-09-26 13:09:00,801 [    train.py:  197]:	Loss 0.0031, ('Ner Loss', 0.0006813237559981644),  ('CLS Classification Loss', 0.002423672005534172)
[INFO] 2022-09-26 13:09:00,801 [    train.py:  207]:	('Ner Acc', 0.9997448325157166),  ('CLS Classification Acc', 0.999131441116333)
[INFO] 2022-09-26 13:09:03,554 [    train.py:  219]:	Evaluate:
[INFO] 2022-09-26 13:09:03,555 [    train.py:  226]:	Loss 0.1790, ('Ner Loss', 0.024135781),  ('CLS Classification Loss', 0.15486945)
[INFO] 2022-09-26 13:09:03,555 [    train.py:  227]:	('Ner Acc', 0.9979254), ('CLS Classification Acc', 0.9821196)
[INFO] 2022-09-26 13:09:17,868 [    train.py:  236]:	Precision 0.595 Recall 0.612 F1 0.604
[INFO] 2022-09-26 13:10:40,890 [    train.py:  184]:	Epoch 44: 
[INFO] 2022-09-26 13:10:40,890 [    train.py:  185]:	Train:
[INFO] 2022-09-26 13:10:40,894 [    train.py:  197]:	Loss 0.0036, ('Ner Loss', 0.0006372074130922556),  ('CLS Classification Loss', 0.002946721389889717)
[INFO] 2022-09-26 13:10:40,894 [    train.py:  207]:	('Ner Acc', 0.9997721910476685),  ('CLS Classification Acc', 0.9989932775497437)
[INFO] 2022-09-26 13:10:43,695 [    train.py:  219]:	Evaluate:
[INFO] 2022-09-26 13:10:43,696 [    train.py:  226]:	Loss 0.1632, ('Ner Loss', 0.0251751),  ('CLS Classification Loss', 0.13798659)
[INFO] 2022-09-26 13:10:43,696 [    train.py:  227]:	('Ner Acc', 0.99792975), ('CLS Classification Acc', 0.9810191)
[INFO] 2022-09-26 13:10:57,714 [    train.py:  236]:	Precision 0.574 Recall 0.612 F1 0.592
[INFO] 2022-09-26 13:12:19,865 [    train.py:  184]:	Epoch 45: 
[INFO] 2022-09-26 13:12:19,865 [    train.py:  185]:	Train:
[INFO] 2022-09-26 13:12:19,870 [    train.py:  197]:	Loss 0.0031, ('Ner Loss', 0.0006169771659187973),  ('CLS Classification Loss', 0.0024757725186645985)
[INFO] 2022-09-26 13:12:19,870 [    train.py:  207]:	('Ner Acc', 0.999782145023346),  ('CLS Classification Acc', 0.9993179440498352)
[INFO] 2022-09-26 13:12:22,701 [    train.py:  219]:	Evaluate:
[INFO] 2022-09-26 13:12:22,701 [    train.py:  226]:	Loss 0.1658, ('Ner Loss', 0.023842758),  ('CLS Classification Loss', 0.14192156)
[INFO] 2022-09-26 13:12:22,702 [    train.py:  227]:	('Ner Acc', 0.9979292), ('CLS Classification Acc', 0.98011357)
[INFO] 2022-09-26 13:12:37,212 [    train.py:  236]:	Precision 0.585 Recall 0.634 F1 0.609
[INFO] 2022-09-26 13:13:59,676 [    train.py:  184]:	Epoch 46: 
[INFO] 2022-09-26 13:13:59,676 [    train.py:  185]:	Train:
[INFO] 2022-09-26 13:13:59,678 [    train.py:  197]:	Loss 0.0026, ('Ner Loss', 0.0005522096180357039),  ('CLS Classification Loss', 0.002053564880043268)
[INFO] 2022-09-26 13:13:59,679 [    train.py:  207]:	('Ner Acc', 0.9997946619987488),  ('CLS Classification Acc', 0.9992693662643433)
[INFO] 2022-09-26 13:14:02,484 [    train.py:  219]:	Evaluate:
[INFO] 2022-09-26 13:14:02,485 [    train.py:  226]:	Loss 0.1789, ('Ner Loss', 0.025102891),  ('CLS Classification Loss', 0.15378112)
[INFO] 2022-09-26 13:14:02,485 [    train.py:  227]:	('Ner Acc', 0.99796444), ('CLS Classification Acc', 0.9819493)
[INFO] 2022-09-26 13:14:16,559 [    train.py:  236]:	Precision 0.605 Recall 0.583 F1 0.594
[INFO] 2022-09-26 13:15:39,253 [    train.py:  184]:	Epoch 47: 
[INFO] 2022-09-26 13:15:39,254 [    train.py:  185]:	Train:
[INFO] 2022-09-26 13:15:39,260 [    train.py:  197]:	Loss 0.0048, ('Ner Loss', 0.0006172086577862501),  ('CLS Classification Loss', 0.00415486004203558)
[INFO] 2022-09-26 13:15:39,260 [    train.py:  207]:	('Ner Acc', 0.9997823238372803),  ('CLS Classification Acc', 0.9985632300376892)
[INFO] 2022-09-26 13:15:42,087 [    train.py:  219]:	Evaluate:
[INFO] 2022-09-26 13:15:42,087 [    train.py:  226]:	Loss 0.1631, ('Ner Loss', 0.024493203),  ('CLS Classification Loss', 0.13862018)
[INFO] 2022-09-26 13:15:42,088 [    train.py:  227]:	('Ner Acc', 0.9979), ('CLS Classification Acc', 0.98026305)
[INFO] 2022-09-26 13:15:56,627 [    train.py:  236]:	Precision 0.573 Recall 0.597 F1 0.585
[INFO] 2022-09-26 13:17:18,823 [    train.py:  184]:	Epoch 48: 
[INFO] 2022-09-26 13:17:18,823 [    train.py:  185]:	Train:
[INFO] 2022-09-26 13:17:18,828 [    train.py:  197]:	Loss 0.0031, ('Ner Loss', 0.0005560588324442506),  ('CLS Classification Loss', 0.002520558889955282)
[INFO] 2022-09-26 13:17:18,828 [    train.py:  207]:	('Ner Acc', 0.9997823238372803),  ('CLS Classification Acc', 0.9992125034332275)
[INFO] 2022-09-26 13:17:21,581 [    train.py:  219]:	Evaluate:
[INFO] 2022-09-26 13:17:21,582 [    train.py:  226]:	Loss 0.1814, ('Ner Loss', 0.02483182),  ('CLS Classification Loss', 0.15661044)
[INFO] 2022-09-26 13:17:21,582 [    train.py:  227]:	('Ner Acc', 0.9979015), ('CLS Classification Acc', 0.9804874)
[INFO] 2022-09-26 13:17:36,283 [    train.py:  236]:	Precision 0.581 Recall 0.625 F1 0.602
[INFO] 2022-09-26 13:18:59,615 [    train.py:  184]:	Epoch 49: 
[INFO] 2022-09-26 13:18:59,615 [    train.py:  185]:	Train:
[INFO] 2022-09-26 13:18:59,619 [    train.py:  197]:	Loss 0.0025, ('Ner Loss', 0.0004941512597724795),  ('CLS Classification Loss', 0.0019764299504458904)
[INFO] 2022-09-26 13:18:59,620 [    train.py:  207]:	('Ner Acc', 0.9998314380645752),  ('CLS Classification Acc', 0.9993829727172852)
[INFO] 2022-09-26 13:19:02,510 [    train.py:  219]:	Evaluate:
[INFO] 2022-09-26 13:19:02,511 [    train.py:  226]:	Loss 0.1837, ('Ner Loss', 0.025100395),  ('CLS Classification Loss', 0.1586449)
[INFO] 2022-09-26 13:19:02,511 [    train.py:  227]:	('Ner Acc', 0.99795765), ('CLS Classification Acc', 0.97915417)
[INFO] 2022-09-26 13:19:17,134 [    train.py:  236]:	Precision 0.571 Recall 0.644 F1 0.605
[INFO] 2022-09-26 13:20:39,915 [    train.py:  184]:	Epoch 50: 
[INFO] 2022-09-26 13:20:39,916 [    train.py:  185]:	Train:
[INFO] 2022-09-26 13:20:39,923 [    train.py:  197]:	Loss 0.0021, ('Ner Loss', 0.00042985231266357005),  ('CLS Classification Loss', 0.0016452514100819826)
[INFO] 2022-09-26 13:20:39,924 [    train.py:  207]:	('Ner Acc', 0.9998462796211243),  ('CLS Classification Acc', 0.9995047450065613)
[INFO] 2022-09-26 13:20:42,848 [    train.py:  219]:	Evaluate:
[INFO] 2022-09-26 13:20:42,849 [    train.py:  226]:	Loss 0.1701, ('Ner Loss', 0.024222199),  ('CLS Classification Loss', 0.14590774)
[INFO] 2022-09-26 13:20:42,849 [    train.py:  227]:	('Ner Acc', 0.9979314), ('CLS Classification Acc', 0.98080724)
[INFO] 2022-09-26 13:20:57,201 [    train.py:  236]:	Precision 0.576 Recall 0.609 F1 0.592
[INFO] 2022-09-26 13:22:19,603 [    train.py:  184]:	Epoch 51: 
[INFO] 2022-09-26 13:22:19,603 [    train.py:  185]:	Train:
[INFO] 2022-09-26 13:22:19,606 [    train.py:  197]:	Loss 0.0027, ('Ner Loss', 0.00046402274165302515),  ('CLS Classification Loss', 0.002272679703310132)
[INFO] 2022-09-26 13:22:19,606 [    train.py:  207]:	('Ner Acc', 0.9998260736465454),  ('CLS Classification Acc', 0.9992609024047852)
[INFO] 2022-09-26 13:22:22,363 [    train.py:  219]:	Evaluate:
[INFO] 2022-09-26 13:22:22,364 [    train.py:  226]:	Loss 0.1598, ('Ner Loss', 0.022175664),  ('CLS Classification Loss', 0.13758968)
[INFO] 2022-09-26 13:22:22,364 [    train.py:  227]:	('Ner Acc', 0.99780345), ('CLS Classification Acc', 0.9798436)
[INFO] 2022-09-26 13:22:36,943 [    train.py:  236]:	Precision 0.546 Recall 0.597 F1 0.570
[INFO] 2022-09-26 13:23:54,949 [    train.py:  184]:	Epoch 52: 
[INFO] 2022-09-26 13:23:54,949 [    train.py:  185]:	Train:
[INFO] 2022-09-26 13:23:54,954 [    train.py:  197]:	Loss 0.0031, ('Ner Loss', 0.0005264162900857627),  ('CLS Classification Loss', 0.0025824226904660463)
[INFO] 2022-09-26 13:23:54,954 [    train.py:  207]:	('Ner Acc', 0.999815046787262),  ('CLS Classification Acc', 0.999228835105896)
[INFO] 2022-09-26 13:23:57,182 [    train.py:  219]:	Evaluate:
[INFO] 2022-09-26 13:23:57,183 [    train.py:  226]:	Loss 0.1558, ('Ner Loss', 0.023658626),  ('CLS Classification Loss', 0.1321419)
[INFO] 2022-09-26 13:23:57,183 [    train.py:  227]:	('Ner Acc', 0.99794024), ('CLS Classification Acc', 0.9806202)
[INFO] 2022-09-26 13:24:14,791 [    train.py:  236]:	Precision 0.579 Recall 0.608 F1 0.593
[INFO] 2022-09-26 13:25:25,890 [    train.py:  184]:	Epoch 53: 
[INFO] 2022-09-26 13:25:25,891 [    train.py:  185]:	Train:
[INFO] 2022-09-26 13:25:25,896 [    train.py:  197]:	Loss 0.0026, ('Ner Loss', 0.00044848339166492224),  ('CLS Classification Loss', 0.0021352670155465603)
[INFO] 2022-09-26 13:25:25,896 [    train.py:  207]:	('Ner Acc', 0.999843418598175),  ('CLS Classification Acc', 0.9994398951530457)
[INFO] 2022-09-26 13:25:28,152 [    train.py:  219]:	Evaluate:
[INFO] 2022-09-26 13:25:28,152 [    train.py:  226]:	Loss 0.1693, ('Ner Loss', 0.02468444),  ('CLS Classification Loss', 0.14462328)
[INFO] 2022-09-26 13:25:28,152 [    train.py:  227]:	('Ner Acc', 0.9978544), ('CLS Classification Acc', 0.98057044)
[INFO] 2022-09-26 13:25:45,583 [    train.py:  236]:	Precision 0.593 Recall 0.609 F1 0.601
[INFO] 2022-09-26 13:26:54,702 [    train.py:  184]:	Epoch 54: 
[INFO] 2022-09-26 13:26:54,702 [    train.py:  185]:	Train:
[INFO] 2022-09-26 13:26:54,705 [    train.py:  197]:	Loss 0.0024, ('Ner Loss', 0.00048647160292603076),  ('CLS Classification Loss', 0.0019219289533793926)
[INFO] 2022-09-26 13:26:54,705 [    train.py:  207]:	('Ner Acc', 0.9998242259025574),  ('CLS Classification Acc', 0.9993991851806641)
[INFO] 2022-09-26 13:26:56,842 [    train.py:  219]:	Evaluate:
[INFO] 2022-09-26 13:26:56,842 [    train.py:  226]:	Loss 0.1714, ('Ner Loss', 0.024325956),  ('CLS Classification Loss', 0.14703748)
[INFO] 2022-09-26 13:26:56,843 [    train.py:  227]:	('Ner Acc', 0.9980551), ('CLS Classification Acc', 0.9823896)
[INFO] 2022-09-26 13:27:13,706 [    train.py:  236]:	Precision 0.639 Recall 0.624 F1 0.631
[INFO] 2022-09-26 13:28:22,862 [    train.py:  184]:	Epoch 55: 
[INFO] 2022-09-26 13:28:22,863 [    train.py:  185]:	Train:
[INFO] 2022-09-26 13:28:22,867 [    train.py:  197]:	Loss 0.0029, ('Ner Loss', 0.00043390406062826514),  ('CLS Classification Loss', 0.002495761960744858)
[INFO] 2022-09-26 13:28:22,867 [    train.py:  207]:	('Ner Acc', 0.9998411536216736),  ('CLS Classification Acc', 0.999212384223938)
[INFO] 2022-09-26 13:28:25,011 [    train.py:  219]:	Evaluate:
[INFO] 2022-09-26 13:28:25,012 [    train.py:  226]:	Loss 0.1742, ('Ner Loss', 0.02504039),  ('CLS Classification Loss', 0.14913467)
[INFO] 2022-09-26 13:28:25,012 [    train.py:  227]:	('Ner Acc', 0.99780977), ('CLS Classification Acc', 0.9796983)
[INFO] 2022-09-26 13:28:42,532 [    train.py:  236]:	Precision 0.574 Recall 0.624 F1 0.598
[INFO] 2022-09-26 13:29:51,637 [    train.py:  184]:	Epoch 56: 
[INFO] 2022-09-26 13:29:51,638 [    train.py:  185]:	Train:
[INFO] 2022-09-26 13:29:51,642 [    train.py:  197]:	Loss 0.0027, ('Ner Loss', 0.00044340931344777346),  ('CLS Classification Loss', 0.002271329052746296)
[INFO] 2022-09-26 13:29:51,642 [    train.py:  207]:	('Ner Acc', 0.9998551607131958),  ('CLS Classification Acc', 0.9993100762367249)
[INFO] 2022-09-26 13:29:53,931 [    train.py:  219]:	Evaluate:
[INFO] 2022-09-26 13:29:53,933 [    train.py:  226]:	Loss 0.1643, ('Ner Loss', 0.023890456),  ('CLS Classification Loss', 0.14036913)
[INFO] 2022-09-26 13:29:53,933 [    train.py:  227]:	('Ner Acc', 0.9980304), ('CLS Classification Acc', 0.98098165)
[INFO] 2022-09-26 13:30:10,564 [    train.py:  236]:	Precision 0.623 Recall 0.583 F1 0.603
[INFO] 2022-09-26 13:31:19,121 [    train.py:  184]:	Epoch 57: 
[INFO] 2022-09-26 13:31:19,121 [    train.py:  185]:	Train:
[INFO] 2022-09-26 13:31:19,124 [    train.py:  197]:	Loss 0.0038, ('Ner Loss', 0.0004428089305292815),  ('CLS Classification Loss', 0.0033941734582185745)
[INFO] 2022-09-26 13:31:19,124 [    train.py:  207]:	('Ner Acc', 0.9998429417610168),  ('CLS Classification Acc', 0.9989528059959412)
[INFO] 2022-09-26 13:31:21,331 [    train.py:  219]:	Evaluate:
[INFO] 2022-09-26 13:31:21,331 [    train.py:  226]:	Loss 0.1604, ('Ner Loss', 0.023618028),  ('CLS Classification Loss', 0.13673921)
[INFO] 2022-09-26 13:31:21,331 [    train.py:  227]:	('Ner Acc', 0.9980156), ('CLS Classification Acc', 0.9804334)
[INFO] 2022-09-26 13:31:38,207 [    train.py:  236]:	Precision 0.606 Recall 0.588 F1 0.597
[INFO] 2022-09-26 13:32:47,585 [    train.py:  184]:	Epoch 58: 
[INFO] 2022-09-26 13:32:47,586 [    train.py:  185]:	Train:
[INFO] 2022-09-26 13:32:47,589 [    train.py:  197]:	Loss 0.0021, ('Ner Loss', 0.0003414163365960121),  ('CLS Classification Loss', 0.0017658740980550647)
[INFO] 2022-09-26 13:32:47,589 [    train.py:  207]:	('Ner Acc', 0.9998818635940552),  ('CLS Classification Acc', 0.9994396567344666)
[INFO] 2022-09-26 13:32:49,926 [    train.py:  219]:	Evaluate:
[INFO] 2022-09-26 13:32:49,926 [    train.py:  226]:	Loss 0.1905, ('Ner Loss', 0.026790261),  ('CLS Classification Loss', 0.16371359)
[INFO] 2022-09-26 13:32:49,926 [    train.py:  227]:	('Ner Acc', 0.99801666), ('CLS Classification Acc', 0.9802964)
[INFO] 2022-09-26 13:33:06,281 [    train.py:  236]:	Precision 0.606 Recall 0.618 F1 0.612
[INFO] 2022-09-26 13:34:15,807 [    train.py:  184]:	Epoch 59: 
[INFO] 2022-09-26 13:34:15,807 [    train.py:  185]:	Train:
[INFO] 2022-09-26 13:34:15,810 [    train.py:  197]:	Loss 0.0017, ('Ner Loss', 0.0003920801973436028),  ('CLS Classification Loss', 0.001355819869786501)
[INFO] 2022-09-26 13:34:15,810 [    train.py:  207]:	('Ner Acc', 0.9998835921287537),  ('CLS Classification Acc', 0.999545156955719)
[INFO] 2022-09-26 13:34:18,007 [    train.py:  219]:	Evaluate:
[INFO] 2022-09-26 13:34:18,008 [    train.py:  226]:	Loss 0.1839, ('Ner Loss', 0.025412826),  ('CLS Classification Loss', 0.15844402)
[INFO] 2022-09-26 13:34:18,008 [    train.py:  227]:	('Ner Acc', 0.9979314), ('CLS Classification Acc', 0.97997653)
[INFO] 2022-09-26 13:34:34,590 [    train.py:  236]:	Precision 0.573 Recall 0.620 F1 0.596
[INFO] 2022-09-26 13:35:43,986 [    train.py:  184]:	Epoch 60: 
[INFO] 2022-09-26 13:35:43,987 [    train.py:  185]:	Train:
[INFO] 2022-09-26 13:35:43,989 [    train.py:  197]:	Loss 0.0023, ('Ner Loss', 0.00033993981196545064),  ('CLS Classification Loss', 0.0019832556135952473)
[INFO] 2022-09-26 13:35:43,989 [    train.py:  207]:	('Ner Acc', 0.9998754262924194),  ('CLS Classification Acc', 0.9993992447853088)
[INFO] 2022-09-26 13:35:46,128 [    train.py:  219]:	Evaluate:
[INFO] 2022-09-26 13:35:46,129 [    train.py:  226]:	Loss 0.1793, ('Ner Loss', 0.024938239),  ('CLS Classification Loss', 0.15434933)
[INFO] 2022-09-26 13:35:46,129 [    train.py:  227]:	('Ner Acc', 0.9979283), ('CLS Classification Acc', 0.97984356)
[INFO] 2022-09-26 13:36:03,173 [    train.py:  236]:	Precision 0.579 Recall 0.627 F1 0.602
[INFO] 2022-09-26 13:37:11,835 [    train.py:  184]:	Epoch 61: 
[INFO] 2022-09-26 13:37:11,836 [    train.py:  185]:	Train:
[INFO] 2022-09-26 13:37:11,840 [    train.py:  197]:	Loss 0.0025, ('Ner Loss', 0.0003571891866158694),  ('CLS Classification Loss', 0.002187093487009406)
[INFO] 2022-09-26 13:37:11,840 [    train.py:  207]:	('Ner Acc', 0.9998705983161926),  ('CLS Classification Acc', 0.999366819858551)
[INFO] 2022-09-26 13:37:14,088 [    train.py:  219]:	Evaluate:
[INFO] 2022-09-26 13:37:14,089 [    train.py:  226]:	Loss 0.1818, ('Ner Loss', 0.026566312),  ('CLS Classification Loss', 0.15524347)
[INFO] 2022-09-26 13:37:14,089 [    train.py:  227]:	('Ner Acc', 0.9979411), ('CLS Classification Acc', 0.9801593)
[INFO] 2022-09-26 13:37:27,539 [    train.py:  236]:	Precision 0.585 Recall 0.615 F1 0.599
[INFO] 2022-09-26 13:38:50,081 [    train.py:  184]:	Epoch 62: 
[INFO] 2022-09-26 13:38:50,081 [    train.py:  185]:	Train:
[INFO] 2022-09-26 13:38:50,085 [    train.py:  197]:	Loss 0.0017, ('Ner Loss', 0.0002912743075285107),  ('CLS Classification Loss', 0.0014074585633352399)
[INFO] 2022-09-26 13:38:50,085 [    train.py:  207]:	('Ner Acc', 0.9998984932899475),  ('CLS Classification Acc', 0.9995777606964111)
[INFO] 2022-09-26 13:38:52,975 [    train.py:  219]:	Evaluate:
[INFO] 2022-09-26 13:38:52,975 [    train.py:  226]:	Loss 0.1912, ('Ner Loss', 0.026802517),  ('CLS Classification Loss', 0.16439378)
[INFO] 2022-09-26 13:38:52,975 [    train.py:  227]:	('Ner Acc', 0.9979216), ('CLS Classification Acc', 0.9807575)
[INFO] 2022-09-26 13:39:07,288 [    train.py:  236]:	Precision 0.592 Recall 0.604 F1 0.598
[INFO] 2022-09-26 13:40:28,978 [    train.py:  184]:	Epoch 63: 
[INFO] 2022-09-26 13:40:28,978 [    train.py:  185]:	Train:
[INFO] 2022-09-26 13:40:28,981 [    train.py:  197]:	Loss 0.0027, ('Ner Loss', 0.00040454004192724824),  ('CLS Classification Loss', 0.002261542249470949)
[INFO] 2022-09-26 13:40:28,981 [    train.py:  207]:	('Ner Acc', 0.9998651146888733),  ('CLS Classification Acc', 0.9992614388465881)
[INFO] 2022-09-26 13:40:31,844 [    train.py:  219]:	Evaluate:
[INFO] 2022-09-26 13:40:31,845 [    train.py:  226]:	Loss 0.1858, ('Ner Loss', 0.025598824),  ('CLS Classification Loss', 0.16021216)
[INFO] 2022-09-26 13:40:31,845 [    train.py:  227]:	('Ner Acc', 0.99785423), ('CLS Classification Acc', 0.9793867)
[INFO] 2022-09-26 13:40:45,763 [    train.py:  236]:	Precision 0.583 Recall 0.627 F1 0.605
[INFO] 2022-09-26 13:42:09,078 [    train.py:  184]:	Epoch 64: 
[INFO] 2022-09-26 13:42:09,078 [    train.py:  185]:	Train:
[INFO] 2022-09-26 13:42:09,084 [    train.py:  197]:	Loss 0.0023, ('Ner Loss', 0.0002972642832901329),  ('CLS Classification Loss', 0.001976849976927042)
[INFO] 2022-09-26 13:42:09,084 [    train.py:  207]:	('Ner Acc', 0.9998939037322998),  ('CLS Classification Acc', 0.9992937445640564)
[INFO] 2022-09-26 13:42:11,888 [    train.py:  219]:	Evaluate:
[INFO] 2022-09-26 13:42:11,889 [    train.py:  226]:	Loss 0.1693, ('Ner Loss', 0.026228761),  ('CLS Classification Loss', 0.14309259)
[INFO] 2022-09-26 13:42:11,889 [    train.py:  227]:	('Ner Acc', 0.9978728), ('CLS Classification Acc', 0.9805663)
[INFO] 2022-09-26 13:42:25,656 [    train.py:  236]:	Precision 0.625 Recall 0.586 F1 0.605
[INFO] 2022-09-26 13:43:48,239 [    train.py:  184]:	Epoch 65: 
[INFO] 2022-09-26 13:43:48,240 [    train.py:  185]:	Train:
[INFO] 2022-09-26 13:43:48,247 [    train.py:  197]:	Loss 0.0028, ('Ner Loss', 0.0003468443755991757),  ('CLS Classification Loss', 0.0024341486860066652)
[INFO] 2022-09-26 13:43:48,247 [    train.py:  207]:	('Ner Acc', 0.9998747706413269),  ('CLS Classification Acc', 0.9991151094436646)
[INFO] 2022-09-26 13:43:51,103 [    train.py:  219]:	Evaluate:
[INFO] 2022-09-26 13:43:51,104 [    train.py:  226]:	Loss 0.1837, ('Ner Loss', 0.024762351),  ('CLS Classification Loss', 0.15896092)
[INFO] 2022-09-26 13:43:51,104 [    train.py:  227]:	('Ner Acc', 0.9979555), ('CLS Classification Acc', 0.98039186)
[INFO] 2022-09-26 13:44:04,996 [    train.py:  236]:	Precision 0.599 Recall 0.627 F1 0.613
[INFO] 2022-09-26 13:45:27,280 [    train.py:  184]:	Epoch 66: 
[INFO] 2022-09-26 13:45:27,280 [    train.py:  185]:	Train:
[INFO] 2022-09-26 13:45:27,284 [    train.py:  197]:	Loss 0.0022, ('Ner Loss', 0.00028103592921979725),  ('CLS Classification Loss', 0.0018792423652485013)
[INFO] 2022-09-26 13:45:27,284 [    train.py:  207]:	('Ner Acc', 0.9998989701271057),  ('CLS Classification Acc', 0.9994072318077087)
[INFO] 2022-09-26 13:45:30,128 [    train.py:  219]:	Evaluate:
[INFO] 2022-09-26 13:45:30,129 [    train.py:  226]:	Loss 0.1715, ('Ner Loss', 0.025253436),  ('CLS Classification Loss', 0.14626917)
[INFO] 2022-09-26 13:45:30,129 [    train.py:  227]:	('Ner Acc', 0.9978554), ('CLS Classification Acc', 0.97912085)
[INFO] 2022-09-26 13:45:43,998 [    train.py:  236]:	Precision 0.584 Recall 0.638 F1 0.610
[INFO] 2022-09-26 13:47:06,767 [    train.py:  184]:	Epoch 67: 
[INFO] 2022-09-26 13:47:06,767 [    train.py:  185]:	Train:
[INFO] 2022-09-26 13:47:06,773 [    train.py:  197]:	Loss 0.0010, ('Ner Loss', 0.00022725928283762187),  ('CLS Classification Loss', 0.0007761906017549336)
[INFO] 2022-09-26 13:47:06,773 [    train.py:  207]:	('Ner Acc', 0.9999201893806458),  ('CLS Classification Acc', 0.9997726678848267)
[INFO] 2022-09-26 13:47:09,786 [    train.py:  219]:	Evaluate:
[INFO] 2022-09-26 13:47:09,787 [    train.py:  226]:	Loss 0.1974, ('Ner Loss', 0.027308084),  ('CLS Classification Loss', 0.17004792)
[INFO] 2022-09-26 13:47:09,787 [    train.py:  227]:	('Ner Acc', 0.99791926), ('CLS Classification Acc', 0.98106885)
[INFO] 2022-09-26 13:47:24,392 [    train.py:  236]:	Precision 0.593 Recall 0.618 F1 0.605
[INFO] 2022-09-26 13:48:47,922 [    train.py:  184]:	Epoch 68: 
[INFO] 2022-09-26 13:48:47,922 [    train.py:  185]:	Train:
[INFO] 2022-09-26 13:48:47,924 [    train.py:  197]:	Loss 0.0023, ('Ner Loss', 0.00031129727722145617),  ('CLS Classification Loss', 0.0019396726274862885)
[INFO] 2022-09-26 13:48:47,924 [    train.py:  207]:	('Ner Acc', 0.999893069267273),  ('CLS Classification Acc', 0.9994722008705139)
[INFO] 2022-09-26 13:48:50,794 [    train.py:  219]:	Evaluate:
[INFO] 2022-09-26 13:48:50,795 [    train.py:  226]:	Loss 0.1634, ('Ner Loss', 0.02289353),  ('CLS Classification Loss', 0.1404769)
[INFO] 2022-09-26 13:48:50,795 [    train.py:  227]:	('Ner Acc', 0.99791676), ('CLS Classification Acc', 0.9796735)
[INFO] 2022-09-26 13:49:04,816 [    train.py:  236]:	Precision 0.595 Recall 0.626 F1 0.610
[INFO] 2022-09-26 13:50:27,637 [    train.py:  184]:	Epoch 69: 
[INFO] 2022-09-26 13:50:27,637 [    train.py:  185]:	Train:
[INFO] 2022-09-26 13:50:27,640 [    train.py:  197]:	Loss 0.0019, ('Ner Loss', 0.00035697812563739717),  ('CLS Classification Loss', 0.0015652147121727467)
[INFO] 2022-09-26 13:50:27,640 [    train.py:  207]:	('Ner Acc', 0.9998927116394043),  ('CLS Classification Acc', 0.9994802474975586)
[INFO] 2022-09-26 13:50:30,532 [    train.py:  219]:	Evaluate:
[INFO] 2022-09-26 13:50:30,533 [    train.py:  226]:	Loss 0.1705, ('Ner Loss', 0.024102941),  ('CLS Classification Loss', 0.1463796)
[INFO] 2022-09-26 13:50:30,533 [    train.py:  227]:	('Ner Acc', 0.99790704), ('CLS Classification Acc', 0.98094016)
[INFO] 2022-09-26 13:50:44,300 [    train.py:  236]:	Precision 0.617 Recall 0.622 F1 0.619
[INFO] 2022-09-26 13:52:08,169 [    train.py:  184]:	Epoch 70: 
[INFO] 2022-09-26 13:52:08,170 [    train.py:  185]:	Train:
[INFO] 2022-09-26 13:52:08,177 [    train.py:  197]:	Loss 0.0015, ('Ner Loss', 0.0002817280765157193),  ('CLS Classification Loss', 0.0012159639736637473)
[INFO] 2022-09-26 13:52:08,178 [    train.py:  207]:	('Ner Acc', 0.9999088644981384),  ('CLS Classification Acc', 0.9995859265327454)
[INFO] 2022-09-26 13:52:10,982 [    train.py:  219]:	Evaluate:
[INFO] 2022-09-26 13:52:10,983 [    train.py:  226]:	Loss 0.2045, ('Ner Loss', 0.029226651),  ('CLS Classification Loss', 0.17524244)
[INFO] 2022-09-26 13:52:10,983 [    train.py:  227]:	('Ner Acc', 0.99769473), ('CLS Classification Acc', 0.97990197)
[INFO] 2022-09-26 13:52:24,444 [    train.py:  236]:	Precision 0.602 Recall 0.555 F1 0.577
[INFO] 2022-09-26 13:53:45,870 [    train.py:  184]:	Epoch 71: 
[INFO] 2022-09-26 13:53:45,870 [    train.py:  185]:	Train:
[INFO] 2022-09-26 13:53:45,874 [    train.py:  197]:	Loss 0.0018, ('Ner Loss', 0.0002414191549178213),  ('CLS Classification Loss', 0.0015353846829384565)
[INFO] 2022-09-26 13:53:45,874 [    train.py:  207]:	('Ner Acc', 0.9999138116836548),  ('CLS Classification Acc', 0.9995695948600769)
[INFO] 2022-09-26 13:53:48,730 [    train.py:  219]:	Evaluate:
[INFO] 2022-09-26 13:53:48,730 [    train.py:  226]:	Loss 0.1798, ('Ner Loss', 0.025158877),  ('CLS Classification Loss', 0.15464278)
[INFO] 2022-09-26 13:53:48,730 [    train.py:  227]:	('Ner Acc', 0.997823), ('CLS Classification Acc', 0.9801178)
[INFO] 2022-09-26 13:54:02,728 [    train.py:  236]:	Precision 0.594 Recall 0.619 F1 0.607
[INFO] 2022-09-26 13:55:26,421 [    train.py:  184]:	Epoch 72: 
[INFO] 2022-09-26 13:55:26,422 [    train.py:  185]:	Train:
[INFO] 2022-09-26 13:55:26,426 [    train.py:  197]:	Loss 0.0015, ('Ner Loss', 0.00021806317090522498),  ('CLS Classification Loss', 0.0013101143995299935)
[INFO] 2022-09-26 13:55:26,426 [    train.py:  207]:	('Ner Acc', 0.9999281764030457),  ('CLS Classification Acc', 0.9996914863586426)
[INFO] 2022-09-26 13:55:29,310 [    train.py:  219]:	Evaluate:
[INFO] 2022-09-26 13:55:29,310 [    train.py:  226]:	Loss 0.1953, ('Ner Loss', 0.026255831),  ('CLS Classification Loss', 0.16902544)
[INFO] 2022-09-26 13:55:29,310 [    train.py:  227]:	('Ner Acc', 0.9979518), ('CLS Classification Acc', 0.9795654)
[INFO] 2022-09-26 13:55:43,303 [    train.py:  236]:	Precision 0.584 Recall 0.600 F1 0.592
[INFO] 2022-09-26 13:57:05,476 [    train.py:  184]:	Epoch 73: 
[INFO] 2022-09-26 13:57:05,477 [    train.py:  185]:	Train:
[INFO] 2022-09-26 13:57:05,480 [    train.py:  197]:	Loss 0.0016, ('Ner Loss', 0.0002436771901557222),  ('CLS Classification Loss', 0.0013425095239654183)
[INFO] 2022-09-26 13:57:05,480 [    train.py:  207]:	('Ner Acc', 0.9999181628227234),  ('CLS Classification Acc', 0.9996752738952637)
[INFO] 2022-09-26 13:57:08,286 [    train.py:  219]:	Evaluate:
[INFO] 2022-09-26 13:57:08,287 [    train.py:  226]:	Loss 0.1959, ('Ner Loss', 0.026154503),  ('CLS Classification Loss', 0.16970652)
[INFO] 2022-09-26 13:57:08,287 [    train.py:  227]:	('Ner Acc', 0.9979525), ('CLS Classification Acc', 0.9805788)
[INFO] 2022-09-26 13:57:21,793 [    train.py:  236]:	Precision 0.613 Recall 0.643 F1 0.627
[INFO] 2022-09-26 13:58:43,325 [    train.py:  184]:	Epoch 74: 
[INFO] 2022-09-26 13:58:43,326 [    train.py:  185]:	Train:
[INFO] 2022-09-26 13:58:43,330 [    train.py:  197]:	Loss 0.0014, ('Ner Loss', 0.00020691815007012337),  ('CLS Classification Loss', 0.0012061626184731722)
[INFO] 2022-09-26 13:58:43,330 [    train.py:  207]:	('Ner Acc', 0.9999301433563232),  ('CLS Classification Acc', 0.9996345639228821)
[INFO] 2022-09-26 13:58:46,090 [    train.py:  219]:	Evaluate:
[INFO] 2022-09-26 13:58:46,091 [    train.py:  226]:	Loss 0.1775, ('Ner Loss', 0.024816973),  ('CLS Classification Loss', 0.15271668)
[INFO] 2022-09-26 13:58:46,091 [    train.py:  227]:	('Ner Acc', 0.9979094), ('CLS Classification Acc', 0.97952384)
[INFO] 2022-09-26 13:58:59,959 [    train.py:  236]:	Precision 0.574 Recall 0.626 F1 0.599
[INFO] 2022-09-26 14:00:22,229 [    train.py:  184]:	Epoch 75: 
[INFO] 2022-09-26 14:00:22,230 [    train.py:  185]:	Train:
[INFO] 2022-09-26 14:00:22,236 [    train.py:  197]:	Loss 0.0015, ('Ner Loss', 0.00023134078946895897),  ('CLS Classification Loss', 0.001227177563123405)
[INFO] 2022-09-26 14:00:22,236 [    train.py:  207]:	('Ner Acc', 0.9999272227287292),  ('CLS Classification Acc', 0.9996588826179504)
[INFO] 2022-09-26 14:00:24,891 [    train.py:  219]:	Evaluate:
[INFO] 2022-09-26 14:00:24,892 [    train.py:  226]:	Loss 0.1820, ('Ner Loss', 0.024123123),  ('CLS Classification Loss', 0.15789339)
[INFO] 2022-09-26 14:00:24,892 [    train.py:  227]:	('Ner Acc', 0.99790174), ('CLS Classification Acc', 0.98152584)
[INFO] 2022-09-26 14:00:38,940 [    train.py:  236]:	Precision 0.607 Recall 0.619 F1 0.613
[INFO] 2022-09-26 14:02:01,944 [    train.py:  184]:	Epoch 76: 
[INFO] 2022-09-26 14:02:01,944 [    train.py:  185]:	Train:
[INFO] 2022-09-26 14:02:01,947 [    train.py:  197]:	Loss 0.0015, ('Ner Loss', 0.00020576780661940575),  ('CLS Classification Loss', 0.0013069978449493647)
[INFO] 2022-09-26 14:02:01,947 [    train.py:  207]:	('Ner Acc', 0.999924898147583),  ('CLS Classification Acc', 0.9995859265327454)
[INFO] 2022-09-26 14:02:04,785 [    train.py:  219]:	Evaluate:
[INFO] 2022-09-26 14:02:04,786 [    train.py:  226]:	Loss 0.1874, ('Ner Loss', 0.026055586),  ('CLS Classification Loss', 0.16133158)
[INFO] 2022-09-26 14:02:04,786 [    train.py:  227]:	('Ner Acc', 0.9979235), ('CLS Classification Acc', 0.9809318)
[INFO] 2022-09-26 14:02:18,500 [    train.py:  236]:	Precision 0.606 Recall 0.610 F1 0.608
[INFO] 2022-09-26 14:03:41,638 [    train.py:  184]:	Epoch 77: 
[INFO] 2022-09-26 14:03:41,639 [    train.py:  185]:	Train:
[INFO] 2022-09-26 14:03:41,646 [    train.py:  197]:	Loss 0.0031, ('Ner Loss', 0.0004247011383995414),  ('CLS Classification Loss', 0.002668969798833132)
[INFO] 2022-09-26 14:03:41,647 [    train.py:  207]:	('Ner Acc', 0.9998813271522522),  ('CLS Classification Acc', 0.9992206692695618)
[INFO] 2022-09-26 14:03:44,397 [    train.py:  219]:	Evaluate:
[INFO] 2022-09-26 14:03:44,398 [    train.py:  226]:	Loss 0.1441, ('Ner Loss', 0.022880275),  ('CLS Classification Loss', 0.1212234)
[INFO] 2022-09-26 14:03:44,398 [    train.py:  227]:	('Ner Acc', 0.99794066), ('CLS Classification Acc', 0.98033375)
[INFO] 2022-09-26 14:03:58,092 [    train.py:  236]:	Precision 0.601 Recall 0.589 F1 0.595
[INFO] 2022-09-26 14:05:20,751 [    train.py:  184]:	Epoch 78: 
[INFO] 2022-09-26 14:05:20,751 [    train.py:  185]:	Train:
[INFO] 2022-09-26 14:05:20,756 [    train.py:  197]:	Loss 0.0019, ('Ner Loss', 0.0002944634179584682),  ('CLS Classification Loss', 0.0015852916985750198)
[INFO] 2022-09-26 14:05:20,756 [    train.py:  207]:	('Ner Acc', 0.9999051690101624),  ('CLS Classification Acc', 0.999512791633606)
[INFO] 2022-09-26 14:05:23,720 [    train.py:  219]:	Evaluate:
[INFO] 2022-09-26 14:05:23,721 [    train.py:  226]:	Loss 0.1732, ('Ner Loss', 0.022547852),  ('CLS Classification Loss', 0.1506503)
[INFO] 2022-09-26 14:05:23,721 [    train.py:  227]:	('Ner Acc', 0.99788904), ('CLS Classification Acc', 0.98029214)
[INFO] 2022-09-26 14:05:38,268 [    train.py:  236]:	Precision 0.602 Recall 0.619 F1 0.611
[INFO] 2022-09-26 14:06:59,555 [    train.py:  184]:	Epoch 79: 
[INFO] 2022-09-26 14:06:59,556 [    train.py:  185]:	Train:
[INFO] 2022-09-26 14:06:59,563 [    train.py:  197]:	Loss 0.0017, ('Ner Loss', 0.00020655477419495583),  ('CLS Classification Loss', 0.0014713244745507836)
[INFO] 2022-09-26 14:06:59,563 [    train.py:  207]:	('Ner Acc', 0.9999223351478577),  ('CLS Classification Acc', 0.9995452165603638)
[INFO] 2022-09-26 14:07:02,291 [    train.py:  219]:	Evaluate:
[INFO] 2022-09-26 14:07:02,291 [    train.py:  226]:	Loss 0.1796, ('Ner Loss', 0.024729429),  ('CLS Classification Loss', 0.15482704)
[INFO] 2022-09-26 14:07:02,291 [    train.py:  227]:	('Ner Acc', 0.99795866), ('CLS Classification Acc', 0.98112285)
[INFO] 2022-09-26 14:07:16,315 [    train.py:  236]:	Precision 0.615 Recall 0.587 F1 0.601
[INFO] 2022-09-26 14:08:38,738 [    train.py:  184]:	Epoch 80: 
[INFO] 2022-09-26 14:08:38,738 [    train.py:  185]:	Train:
[INFO] 2022-09-26 14:08:38,742 [    train.py:  197]:	Loss 0.0016, ('Ner Loss', 0.00025786709738895297),  ('CLS Classification Loss', 0.0013205197174102068)
[INFO] 2022-09-26 14:08:38,742 [    train.py:  207]:	('Ner Acc', 0.9999263882637024),  ('CLS Classification Acc', 0.9995859265327454)
[INFO] 2022-09-26 14:08:41,503 [    train.py:  219]:	Evaluate:
[INFO] 2022-09-26 14:08:41,504 [    train.py:  226]:	Loss 0.1850, ('Ner Loss', 0.02446189),  ('CLS Classification Loss', 0.16058671)
[INFO] 2022-09-26 14:08:41,504 [    train.py:  227]:	('Ner Acc', 0.99795), ('CLS Classification Acc', 0.97971076)
[INFO] 2022-09-26 14:08:55,595 [    train.py:  236]:	Precision 0.600 Recall 0.610 F1 0.605
[INFO] 2022-09-26 14:10:18,414 [    train.py:  184]:	Epoch 81: 
[INFO] 2022-09-26 14:10:18,414 [    train.py:  185]:	Train:
[INFO] 2022-09-26 14:10:18,418 [    train.py:  197]:	Loss 0.0013, ('Ner Loss', 0.0002498420362826437),  ('CLS Classification Loss', 0.0010899208718910813)
[INFO] 2022-09-26 14:10:18,418 [    train.py:  207]:	('Ner Acc', 0.9999301433563232),  ('CLS Classification Acc', 0.9996508359909058)
[INFO] 2022-09-26 14:10:21,303 [    train.py:  219]:	Evaluate:
[INFO] 2022-09-26 14:10:21,304 [    train.py:  226]:	Loss 0.1832, ('Ner Loss', 0.023246666),  ('CLS Classification Loss', 0.15996383)
[INFO] 2022-09-26 14:10:21,304 [    train.py:  227]:	('Ner Acc', 0.99795544), ('CLS Classification Acc', 0.9808488)
[INFO] 2022-09-26 14:10:35,128 [    train.py:  236]:	Precision 0.617 Recall 0.596 F1 0.606
[INFO] 2022-09-26 14:11:58,196 [    train.py:  184]:	Epoch 82: 
[INFO] 2022-09-26 14:11:58,196 [    train.py:  185]:	Train:
[INFO] 2022-09-26 14:11:58,200 [    train.py:  197]:	Loss 0.0012, ('Ner Loss', 0.00022339496354106814),  ('CLS Classification Loss', 0.0010077436454594135)
[INFO] 2022-09-26 14:11:58,200 [    train.py:  207]:	('Ner Acc', 0.9999276995658875),  ('CLS Classification Acc', 0.9996345639228821)
[INFO] 2022-09-26 14:12:01,178 [    train.py:  219]:	Evaluate:
[INFO] 2022-09-26 14:12:01,179 [    train.py:  226]:	Loss 0.1829, ('Ner Loss', 0.025118386),  ('CLS Classification Loss', 0.15781738)
[INFO] 2022-09-26 14:12:01,179 [    train.py:  227]:	('Ner Acc', 0.99800605), ('CLS Classification Acc', 0.9807616)
[INFO] 2022-09-26 14:12:15,220 [    train.py:  236]:	Precision 0.637 Recall 0.596 F1 0.616
[INFO] 2022-09-26 14:13:38,719 [    train.py:  184]:	Epoch 83: 
[INFO] 2022-09-26 14:13:38,719 [    train.py:  185]:	Train:
[INFO] 2022-09-26 14:13:38,724 [    train.py:  197]:	Loss 0.0015, ('Ner Loss', 0.00018840045959223062),  ('CLS Classification Loss', 0.0012868075864389539)
[INFO] 2022-09-26 14:13:38,724 [    train.py:  207]:	('Ner Acc', 0.9999313950538635),  ('CLS Classification Acc', 0.9995372295379639)
[INFO] 2022-09-26 14:13:41,514 [    train.py:  219]:	Evaluate:
[INFO] 2022-09-26 14:13:41,515 [    train.py:  226]:	Loss 0.1843, ('Ner Loss', 0.026551848),  ('CLS Classification Loss', 0.15774591)
[INFO] 2022-09-26 14:13:41,515 [    train.py:  227]:	('Ner Acc', 0.9980221), ('CLS Classification Acc', 0.9808404)
[INFO] 2022-09-26 14:13:55,467 [    train.py:  236]:	Precision 0.636 Recall 0.612 F1 0.624
[INFO] 2022-09-26 14:15:18,298 [    train.py:  184]:	Epoch 84: 
[INFO] 2022-09-26 14:15:18,299 [    train.py:  185]:	Train:
[INFO] 2022-09-26 14:15:18,302 [    train.py:  197]:	Loss 0.0014, ('Ner Loss', 0.00021304545225575566),  ('CLS Classification Loss', 0.0011777650797739625)
[INFO] 2022-09-26 14:15:18,302 [    train.py:  207]:	('Ner Acc', 0.9999253749847412),  ('CLS Classification Acc', 0.9996834397315979)
[INFO] 2022-09-26 14:15:21,039 [    train.py:  219]:	Evaluate:
[INFO] 2022-09-26 14:15:21,040 [    train.py:  226]:	Loss 0.1833, ('Ner Loss', 0.023643961),  ('CLS Classification Loss', 0.15969835)
[INFO] 2022-09-26 14:15:21,040 [    train.py:  227]:	('Ner Acc', 0.99791425), ('CLS Classification Acc', 0.9809858)
[INFO] 2022-09-26 14:15:35,216 [    train.py:  236]:	Precision 0.608 Recall 0.643 F1 0.625
[INFO] 2022-09-26 14:16:57,619 [    train.py:  184]:	Epoch 85: 
[INFO] 2022-09-26 14:16:57,619 [    train.py:  185]:	Train:
[INFO] 2022-09-26 14:16:57,623 [    train.py:  197]:	Loss 0.0010, ('Ner Loss', 0.00017647063941694796),  ('CLS Classification Loss', 0.0007756177801638842)
[INFO] 2022-09-26 14:16:57,623 [    train.py:  207]:	('Ner Acc', 0.9999441504478455),  ('CLS Classification Acc', 0.9997806549072266)
[INFO] 2022-09-26 14:17:00,331 [    train.py:  219]:	Evaluate:
[INFO] 2022-09-26 14:17:00,332 [    train.py:  226]:	Loss 0.1877, ('Ner Loss', 0.025188243),  ('CLS Classification Loss', 0.16252618)
[INFO] 2022-09-26 14:17:00,332 [    train.py:  227]:	('Ner Acc', 0.9979945), ('CLS Classification Acc', 0.9803046)
[INFO] 2022-09-26 14:17:14,160 [    train.py:  236]:	Precision 0.610 Recall 0.607 F1 0.608
[INFO] 2022-09-26 14:18:36,356 [    train.py:  184]:	Epoch 86: 
[INFO] 2022-09-26 14:18:36,356 [    train.py:  185]:	Train:
[INFO] 2022-09-26 14:18:36,359 [    train.py:  197]:	Loss 0.0017, ('Ner Loss', 0.00017241385648958385),  ('CLS Classification Loss', 0.0014841689262539148)
[INFO] 2022-09-26 14:18:36,359 [    train.py:  207]:	('Ner Acc', 0.9999443292617798),  ('CLS Classification Acc', 0.999699592590332)
[INFO] 2022-09-26 14:18:39,154 [    train.py:  219]:	Evaluate:
[INFO] 2022-09-26 14:18:39,154 [    train.py:  226]:	Loss 0.1861, ('Ner Loss', 0.025308553),  ('CLS Classification Loss', 0.16076478)
[INFO] 2022-09-26 14:18:39,154 [    train.py:  227]:	('Ner Acc', 0.99801415), ('CLS Classification Acc', 0.98047906)
[INFO] 2022-09-26 14:18:52,915 [    train.py:  236]:	Precision 0.614 Recall 0.615 F1 0.614
[INFO] 2022-09-26 14:20:17,069 [    train.py:  184]:	Epoch 87: 
[INFO] 2022-09-26 14:20:17,069 [    train.py:  185]:	Train:
[INFO] 2022-09-26 14:20:17,072 [    train.py:  197]:	Loss 0.0009, ('Ner Loss', 0.00016147606947924942),  ('CLS Classification Loss', 0.0007563303224742413)
[INFO] 2022-09-26 14:20:17,073 [    train.py:  207]:	('Ner Acc', 0.9999483227729797),  ('CLS Classification Acc', 0.9997562766075134)
[INFO] 2022-09-26 14:20:19,919 [    train.py:  219]:	Evaluate:
[INFO] 2022-09-26 14:20:19,920 [    train.py:  226]:	Loss 0.1956, ('Ner Loss', 0.02500445),  ('CLS Classification Loss', 0.17055716)
[INFO] 2022-09-26 14:20:19,920 [    train.py:  227]:	('Ner Acc', 0.99796385), ('CLS Classification Acc', 0.9810274)
[INFO] 2022-09-26 14:20:33,903 [    train.py:  236]:	Precision 0.607 Recall 0.618 F1 0.612
[INFO] 2022-09-26 14:21:58,146 [    train.py:  184]:	Epoch 88: 
[INFO] 2022-09-26 14:21:58,147 [    train.py:  185]:	Train:
[INFO] 2022-09-26 14:21:58,154 [    train.py:  197]:	Loss 0.0008, ('Ner Loss', 0.00012770772445946932),  ('CLS Classification Loss', 0.0006771251792088151)
[INFO] 2022-09-26 14:21:58,154 [    train.py:  207]:	('Ner Acc', 0.9999592900276184),  ('CLS Classification Acc', 0.9997808337211609)
[INFO] 2022-09-26 14:22:01,007 [    train.py:  219]:	Evaluate:
[INFO] 2022-09-26 14:22:01,007 [    train.py:  226]:	Loss 0.2020, ('Ner Loss', 0.024856046),  ('CLS Classification Loss', 0.17714898)
[INFO] 2022-09-26 14:22:01,007 [    train.py:  227]:	('Ner Acc', 0.9980276), ('CLS Classification Acc', 0.98125166)
[INFO] 2022-09-26 14:22:14,707 [    train.py:  236]:	Precision 0.617 Recall 0.616 F1 0.616
[INFO] 2022-09-26 14:23:38,236 [    train.py:  184]:	Epoch 89: 
[INFO] 2022-09-26 14:23:38,236 [    train.py:  185]:	Train:
[INFO] 2022-09-26 14:23:38,240 [    train.py:  197]:	Loss 0.0015, ('Ner Loss', 0.00015102083852980286),  ('CLS Classification Loss', 0.0013864520005881786)
[INFO] 2022-09-26 14:23:38,240 [    train.py:  207]:	('Ner Acc', 0.9999545812606812),  ('CLS Classification Acc', 0.9995777010917664)
[INFO] 2022-09-26 14:23:41,172 [    train.py:  219]:	Evaluate:
[INFO] 2022-09-26 14:23:41,173 [    train.py:  226]:	Loss 0.1820, ('Ner Loss', 0.024727816),  ('CLS Classification Loss', 0.15730123)
[INFO] 2022-09-26 14:23:41,173 [    train.py:  227]:	('Ner Acc', 0.9979801), ('CLS Classification Acc', 0.9804375)
[INFO] 2022-09-26 14:23:54,951 [    train.py:  236]:	Precision 0.608 Recall 0.608 F1 0.608
[INFO] 2022-09-26 14:25:13,316 [    train.py:  184]:	Epoch 90: 
[INFO] 2022-09-26 14:25:13,317 [    train.py:  185]:	Train:
[INFO] 2022-09-26 14:25:13,336 [    train.py:  197]:	Loss 0.0014, ('Ner Loss', 0.00022343370073940605),  ('CLS Classification Loss', 0.001187036861665547)
[INFO] 2022-09-26 14:25:13,336 [    train.py:  207]:	('Ner Acc', 0.9999276995658875),  ('CLS Classification Acc', 0.9996264576911926)
[INFO] 2022-09-26 14:25:15,615 [    train.py:  219]:	Evaluate:
[INFO] 2022-09-26 14:25:15,615 [    train.py:  226]:	Loss 0.1988, ('Ner Loss', 0.026400745),  ('CLS Classification Loss', 0.17243446)
[INFO] 2022-09-26 14:25:15,615 [    train.py:  227]:	('Ner Acc', 0.99783665), ('CLS Classification Acc', 0.9805829)
[INFO] 2022-09-26 14:25:31,377 [    train.py:  236]:	Precision 0.613 Recall 0.604 F1 0.608
[INFO] 2022-09-26 14:26:37,889 [    train.py:  184]:	Epoch 91: 
[INFO] 2022-09-26 14:26:37,889 [    train.py:  185]:	Train:
[INFO] 2022-09-26 14:26:37,892 [    train.py:  197]:	Loss 0.0016, ('Ner Loss', 0.00023918879742268473),  ('CLS Classification Loss', 0.0013181929243728518)
[INFO] 2022-09-26 14:26:37,892 [    train.py:  207]:	('Ner Acc', 0.9999245405197144),  ('CLS Classification Acc', 0.9996182322502136)
[INFO] 2022-09-26 14:26:40,154 [    train.py:  219]:	Evaluate:
[INFO] 2022-09-26 14:26:40,155 [    train.py:  226]:	Loss 0.2066, ('Ner Loss', 0.024906999),  ('CLS Classification Loss', 0.18167245)
[INFO] 2022-09-26 14:26:40,155 [    train.py:  227]:	('Ner Acc', 0.99783766), ('CLS Classification Acc', 0.9766539)
[INFO] 2022-09-26 14:26:55,389 [    train.py:  236]:	Precision 0.544 Recall 0.646 F1 0.591
[INFO] 2022-09-26 14:28:02,299 [    train.py:  184]:	Epoch 92: 
[INFO] 2022-09-26 14:28:02,299 [    train.py:  185]:	Train:
[INFO] 2022-09-26 14:28:02,302 [    train.py:  197]:	Loss 0.0015, ('Ner Loss', 0.00018215339514426887),  ('CLS Classification Loss', 0.0012813768116757274)
[INFO] 2022-09-26 14:28:02,303 [    train.py:  207]:	('Ner Acc', 0.9999468326568604),  ('CLS Classification Acc', 0.9995371103286743)
[INFO] 2022-09-26 14:28:04,656 [    train.py:  219]:	Evaluate:
[INFO] 2022-09-26 14:28:04,657 [    train.py:  226]:	Loss 0.1875, ('Ner Loss', 0.024224743),  ('CLS Classification Loss', 0.1633044)
[INFO] 2022-09-26 14:28:04,657 [    train.py:  227]:	('Ner Acc', 0.99798024), ('CLS Classification Acc', 0.98038775)
[INFO] 2022-09-26 14:28:20,097 [    train.py:  236]:	Precision 0.600 Recall 0.638 F1 0.619
[INFO] 2022-09-26 14:29:26,795 [    train.py:  184]:	Epoch 93: 
[INFO] 2022-09-26 14:29:26,795 [    train.py:  185]:	Train:
[INFO] 2022-09-26 14:29:26,799 [    train.py:  197]:	Loss 0.0015, ('Ner Loss', 0.00017025931447278708),  ('CLS Classification Loss', 0.0013250901829451323)
[INFO] 2022-09-26 14:29:26,799 [    train.py:  207]:	('Ner Acc', 0.9999470710754395),  ('CLS Classification Acc', 0.9996182918548584)
[INFO] 2022-09-26 14:29:28,843 [    train.py:  219]:	Evaluate:
[INFO] 2022-09-26 14:29:28,843 [    train.py:  226]:	Loss 0.1769, ('Ner Loss', 0.024514385),  ('CLS Classification Loss', 0.152411)
[INFO] 2022-09-26 14:29:28,844 [    train.py:  227]:	('Ner Acc', 0.9979456), ('CLS Classification Acc', 0.9795696)
[INFO] 2022-09-26 14:29:44,604 [    train.py:  236]:	Precision 0.593 Recall 0.589 F1 0.591
[INFO] 2022-09-26 14:30:51,079 [    train.py:  184]:	Epoch 94: 
[INFO] 2022-09-26 14:30:51,079 [    train.py:  185]:	Train:
[INFO] 2022-09-26 14:30:51,083 [    train.py:  197]:	Loss 0.0012, ('Ner Loss', 0.00013740724534727633),  ('CLS Classification Loss', 0.0010970104485750198)
[INFO] 2022-09-26 14:30:51,084 [    train.py:  207]:	('Ner Acc', 0.9999561309814453),  ('CLS Classification Acc', 0.9996994733810425)
[INFO] 2022-09-26 14:30:53,323 [    train.py:  219]:	Evaluate:
[INFO] 2022-09-26 14:30:53,323 [    train.py:  226]:	Loss 0.1877, ('Ner Loss', 0.027434917),  ('CLS Classification Loss', 0.1602699)
[INFO] 2022-09-26 14:30:53,323 [    train.py:  227]:	('Ner Acc', 0.99796265), ('CLS Classification Acc', 0.97942835)
[INFO] 2022-09-26 14:31:09,673 [    train.py:  236]:	Precision 0.593 Recall 0.590 F1 0.592
[INFO] 2022-09-26 14:32:21,282 [    train.py:  184]:	Epoch 95: 
[INFO] 2022-09-26 14:32:21,282 [    train.py:  185]:	Train:
[INFO] 2022-09-26 14:32:21,285 [    train.py:  197]:	Loss 0.0019, ('Ner Loss', 0.00023068621521815658),  ('CLS Classification Loss', 0.0016668898751959205)
[INFO] 2022-09-26 14:32:21,285 [    train.py:  207]:	('Ner Acc', 0.9999425411224365),  ('CLS Classification Acc', 0.9995938539505005)
[INFO] 2022-09-26 14:32:24,086 [    train.py:  219]:	Evaluate:
[INFO] 2022-09-26 14:32:24,087 [    train.py:  226]:	Loss 0.1712, ('Ner Loss', 0.02494585),  ('CLS Classification Loss', 0.14622392)
[INFO] 2022-09-26 14:32:24,087 [    train.py:  227]:	('Ner Acc', 0.9978915), ('CLS Classification Acc', 0.97988933)
[INFO] 2022-09-26 14:32:37,814 [    train.py:  236]:	Precision 0.613 Recall 0.591 F1 0.602
[INFO] 2022-09-26 14:34:00,722 [    train.py:  184]:	Epoch 96: 
[INFO] 2022-09-26 14:34:00,723 [    train.py:  185]:	Train:
[INFO] 2022-09-26 14:34:00,728 [    train.py:  197]:	Loss 0.0015, ('Ner Loss', 0.00017880467930808663),  ('CLS Classification Loss', 0.0013534524478018284)
[INFO] 2022-09-26 14:34:00,728 [    train.py:  207]:	('Ner Acc', 0.9999399185180664),  ('CLS Classification Acc', 0.9995534420013428)
[INFO] 2022-09-26 14:34:03,655 [    train.py:  219]:	Evaluate:
[INFO] 2022-09-26 14:34:03,656 [    train.py:  226]:	Loss 0.1796, ('Ner Loss', 0.02729474),  ('CLS Classification Loss', 0.15226273)
[INFO] 2022-09-26 14:34:03,656 [    train.py:  227]:	('Ner Acc', 0.9978915), ('CLS Classification Acc', 0.9808903)
[INFO] 2022-09-26 14:34:17,720 [    train.py:  236]:	Precision 0.597 Recall 0.607 F1 0.602
[INFO] 2022-09-26 14:35:41,590 [    train.py:  184]:	Epoch 97: 
[INFO] 2022-09-26 14:35:41,591 [    train.py:  185]:	Train:
[INFO] 2022-09-26 14:35:41,595 [    train.py:  197]:	Loss 0.0021, ('Ner Loss', 0.00024108082288876176),  ('CLS Classification Loss', 0.0018260650103911757)
[INFO] 2022-09-26 14:35:41,595 [    train.py:  207]:	('Ner Acc', 0.999926745891571),  ('CLS Classification Acc', 0.9995128512382507)
[INFO] 2022-09-26 14:35:44,393 [    train.py:  219]:	Evaluate:
[INFO] 2022-09-26 14:35:44,393 [    train.py:  226]:	Loss 0.1753, ('Ner Loss', 0.02578243),  ('CLS Classification Loss', 0.1495422)
[INFO] 2022-09-26 14:35:44,394 [    train.py:  227]:	('Ner Acc', 0.9978991), ('CLS Classification Acc', 0.9805872)
[INFO] 2022-09-26 14:35:58,133 [    train.py:  236]:	Precision 0.600 Recall 0.594 F1 0.597
[INFO] 2022-09-26 14:37:22,226 [    train.py:  184]:	Epoch 98: 
[INFO] 2022-09-26 14:37:22,226 [    train.py:  185]:	Train:
[INFO] 2022-09-26 14:37:22,229 [    train.py:  197]:	Loss 0.0007, ('Ner Loss', 0.00015245111717376858),  ('CLS Classification Loss', 0.0005686474614776671)
[INFO] 2022-09-26 14:37:22,230 [    train.py:  207]:	('Ner Acc', 0.9999499320983887),  ('CLS Classification Acc', 0.9997807145118713)
[INFO] 2022-09-26 14:37:25,045 [    train.py:  219]:	Evaluate:
[INFO] 2022-09-26 14:37:25,045 [    train.py:  226]:	Loss 0.2168, ('Ner Loss', 0.027553517),  ('CLS Classification Loss', 0.18921919)
[INFO] 2022-09-26 14:37:25,046 [    train.py:  227]:	('Ner Acc', 0.9978233), ('CLS Classification Acc', 0.9793079)
[INFO] 2022-09-26 14:37:39,237 [    train.py:  236]:	Precision 0.576 Recall 0.615 F1 0.595
[INFO] 2022-09-26 14:39:03,244 [    train.py:  184]:	Epoch 99: 
[INFO] 2022-09-26 14:39:03,245 [    train.py:  185]:	Train:
[INFO] 2022-09-26 14:39:03,250 [    train.py:  197]:	Loss 0.0011, ('Ner Loss', 0.00019451009575277567),  ('CLS Classification Loss', 0.0008989157504402101)
[INFO] 2022-09-26 14:39:03,250 [    train.py:  207]:	('Ner Acc', 0.9999421238899231),  ('CLS Classification Acc', 0.9997157454490662)
[INFO] 2022-09-26 14:39:06,113 [    train.py:  219]:	Evaluate:
[INFO] 2022-09-26 14:39:06,114 [    train.py:  226]:	Loss 0.2083, ('Ner Loss', 0.026777111),  ('CLS Classification Loss', 0.18147887)
[INFO] 2022-09-26 14:39:06,114 [    train.py:  227]:	('Ner Acc', 0.9978689), ('CLS Classification Acc', 0.980529)
[INFO] 2022-09-26 14:39:19,895 [    train.py:  236]:	Precision 0.595 Recall 0.593 F1 0.594
[INFO] 2022-09-26 14:40:44,008 [    train.py:  184]:	Epoch 100: 
[INFO] 2022-09-26 14:40:44,008 [    train.py:  185]:	Train:
[INFO] 2022-09-26 14:40:44,012 [    train.py:  197]:	Loss 0.0011, ('Ner Loss', 0.00017691201355773956),  ('CLS Classification Loss', 0.0008767198887653649)
[INFO] 2022-09-26 14:40:44,012 [    train.py:  207]:	('Ner Acc', 0.999943196773529),  ('CLS Classification Acc', 0.9997564554214478)
[INFO] 2022-09-26 14:40:46,781 [    train.py:  219]:	Evaluate:
[INFO] 2022-09-26 14:40:46,781 [    train.py:  226]:	Loss 0.2058, ('Ner Loss', 0.027438045),  ('CLS Classification Loss', 0.17838901)
[INFO] 2022-09-26 14:40:46,781 [    train.py:  227]:	('Ner Acc', 0.99793184), ('CLS Classification Acc', 0.9810813)
[INFO] 2022-09-26 14:41:00,631 [    train.py:  236]:	Precision 0.623 Recall 0.591 F1 0.607
[INFO] 2022-09-26 14:41:00,631 [    train.py:  256]:	Best Epoch 54; Best f1 0.6313309776207302 precision 0.6388557806912991 recall 0.6239813736903376;
