[INFO] 2022-09-28 21:44:11,018 [    train.py:  509]:	Namespace(block_att_head_num=1, cased=True, d_block=64, data_aug=1, dataset='res15', do_test=True, do_train=True, do_valid=True, drop_null_data=True, dropout_rate=0.3, epochs=100, extra_attention=True, fuse_strategy='update', init_model_dir='', language='en', loss_ratio=1.0, lr=2e-05, mask_sb=True, model_type='end_to_end', output_dir='./output', save_dir='', schema='BIO', task_name='ttee_res15_100epoch_64d_1aug_2e-5lr_cased_0.3dropout_dropnull_1loss_BIO', test_batch_size=32, train_batch_size=16, valid_freq=1)
[INFO] 2022-09-28 21:44:22,913 [    train.py:  119]:	{'init_bert_model': 'bert-base-cased', 'sentence_b': DictWrapper({'texts': ListWrapper(['general of ambience', 'price of drinks', 'quality of drinks', 'style options of drinks', 'prices of food', 'quality of food', 'style options of food', 'general of location', 'general of restaurant', 'miscellaneous of restaurant', 'prices of restaurant', 'general of service']), 'sentiments': ListWrapper(['negative', 'neutral', 'positive'])}), 'num_sentiment_classes': 3, 'subblock_hidden_size': 64, 'subblock_head_num': 1, 'cache_dir': 'bert_models/bert-base-cased', 'fuse_strategy': 'update', 'tagging_schema': 'BIO', 'extra_attention': True, 'dropout': 0.3, 'loss_ratio': 1.0}
[INFO] 2022-09-28 21:44:22,914 [    train.py:  121]:	Number of Train Sentence: 1120
[INFO] 2022-09-28 21:44:22,923 [    train.py:  526]:	Data augment: Merge 1 train data together
[INFO] 2022-09-28 21:45:10,065 [    train.py:  185]:	Epoch 1: 
[INFO] 2022-09-28 21:45:10,066 [    train.py:  186]:	Train:
[INFO] 2022-09-28 21:45:10,070 [    train.py:  198]:	Loss 0.4748, ('Ner Loss', 0.22667604684829712),  ('CLS Classification Loss', 0.24809689819812775)
[INFO] 2022-09-28 21:45:10,070 [    train.py:  208]:	('Ner Acc', 0.9162862300872803),  ('CLS Classification Acc', 0.9199902415275574)
[INFO] 2022-09-28 21:45:15,279 [    train.py:  220]:	Evaluate:
[INFO] 2022-09-28 21:45:15,280 [    train.py:  227]:	Loss 0.2071, ('Ner Loss', 0.032662094),  ('CLS Classification Loss', 0.17443757)
[INFO] 2022-09-28 21:45:15,281 [    train.py:  228]:	('Ner Acc', 0.99689984), ('CLS Classification Acc', 0.962567)
[INFO] 2022-09-28 21:45:26,903 [    train.py:  237]:	Precision 0.000 Recall 0.000 F1 0.000
[INFO] 2022-09-28 21:45:42,682 [    train.py:  185]:	Epoch 2: 
[INFO] 2022-09-28 21:45:42,682 [    train.py:  186]:	Train:
[INFO] 2022-09-28 21:45:42,687 [    train.py:  198]:	Loss 0.1845, ('Ner Loss', 0.03489043936133385),  ('CLS Classification Loss', 0.149599090218544)
[INFO] 2022-09-28 21:45:42,688 [    train.py:  208]:	('Ner Acc', 0.996200680732727),  ('CLS Classification Acc', 0.9623511433601379)
[INFO] 2022-09-28 21:45:44,985 [    train.py:  220]:	Evaluate:
[INFO] 2022-09-28 21:45:44,986 [    train.py:  227]:	Loss 0.1792, ('Ner Loss', 0.028402247),  ('CLS Classification Loss', 0.15079692)
[INFO] 2022-09-28 21:45:44,986 [    train.py:  228]:	('Ner Acc', 0.99689984), ('CLS Classification Acc', 0.962567)
[INFO] 2022-09-28 21:45:53,609 [    train.py:  237]:	Precision 0.000 Recall 0.000 F1 0.000
[INFO] 2022-09-28 21:46:09,334 [    train.py:  185]:	Epoch 3: 
[INFO] 2022-09-28 21:46:09,334 [    train.py:  186]:	Train:
[INFO] 2022-09-28 21:46:09,339 [    train.py:  198]:	Loss 0.1698, ('Ner Loss', 0.03115987777709961),  ('CLS Classification Loss', 0.13864091038703918)
[INFO] 2022-09-28 21:46:09,340 [    train.py:  208]:	('Ner Acc', 0.996259868144989),  ('CLS Classification Acc', 0.9622274041175842)
[INFO] 2022-09-28 21:46:11,628 [    train.py:  220]:	Evaluate:
[INFO] 2022-09-28 21:46:11,629 [    train.py:  227]:	Loss 0.1621, ('Ner Loss', 0.025211455),  ('CLS Classification Loss', 0.13690166)
[INFO] 2022-09-28 21:46:11,629 [    train.py:  228]:	('Ner Acc', 0.99689984), ('CLS Classification Acc', 0.962567)
[INFO] 2022-09-28 21:46:20,247 [    train.py:  237]:	Precision 0.000 Recall 0.000 F1 0.000
[INFO] 2022-09-28 21:46:35,975 [    train.py:  185]:	Epoch 4: 
[INFO] 2022-09-28 21:46:35,976 [    train.py:  186]:	Train:
[INFO] 2022-09-28 21:46:35,980 [    train.py:  198]:	Loss 0.1611, ('Ner Loss', 0.028704697266221046),  ('CLS Classification Loss', 0.1323658972978592)
[INFO] 2022-09-28 21:46:35,980 [    train.py:  208]:	('Ner Acc', 0.9962989687919617),  ('CLS Classification Acc', 0.9621528387069702)
[INFO] 2022-09-28 21:46:38,279 [    train.py:  220]:	Evaluate:
[INFO] 2022-09-28 21:46:38,279 [    train.py:  227]:	Loss 0.1604, ('Ner Loss', 0.022687282),  ('CLS Classification Loss', 0.13775395)
[INFO] 2022-09-28 21:46:38,279 [    train.py:  228]:	('Ner Acc', 0.99689984), ('CLS Classification Acc', 0.962567)
[INFO] 2022-09-28 21:46:46,847 [    train.py:  237]:	Precision 0.000 Recall 0.000 F1 0.000
[INFO] 2022-09-28 21:47:02,535 [    train.py:  185]:	Epoch 5: 
[INFO] 2022-09-28 21:47:02,536 [    train.py:  186]:	Train:
[INFO] 2022-09-28 21:47:02,542 [    train.py:  198]:	Loss 0.1569, ('Ner Loss', 0.026379011571407318),  ('CLS Classification Loss', 0.13050277531147003)
[INFO] 2022-09-28 21:47:02,542 [    train.py:  208]:	('Ner Acc', 0.9963119626045227),  ('CLS Classification Acc', 0.9626984596252441)
[INFO] 2022-09-28 21:47:04,826 [    train.py:  220]:	Evaluate:
[INFO] 2022-09-28 21:47:04,827 [    train.py:  227]:	Loss 0.1602, ('Ner Loss', 0.020754162),  ('CLS Classification Loss', 0.13948844)
[INFO] 2022-09-28 21:47:04,827 [    train.py:  228]:	('Ner Acc', 0.99689984), ('CLS Classification Acc', 0.962567)
[INFO] 2022-09-28 21:47:13,283 [    train.py:  237]:	Precision 0.000 Recall 0.000 F1 0.000
[INFO] 2022-09-28 21:47:28,818 [    train.py:  185]:	Epoch 6: 
[INFO] 2022-09-28 21:47:28,819 [    train.py:  186]:	Train:
[INFO] 2022-09-28 21:47:28,822 [    train.py:  198]:	Loss 0.1525, ('Ner Loss', 0.024365149438381195),  ('CLS Classification Loss', 0.12813766300678253)
[INFO] 2022-09-28 21:47:28,822 [    train.py:  208]:	('Ner Acc', 0.9962872266769409),  ('CLS Classification Acc', 0.9625248312950134)
[INFO] 2022-09-28 21:47:31,122 [    train.py:  220]:	Evaluate:
[INFO] 2022-09-28 21:47:31,122 [    train.py:  227]:	Loss 0.1566, ('Ner Loss', 0.019341057),  ('CLS Classification Loss', 0.13725467)
[INFO] 2022-09-28 21:47:31,122 [    train.py:  228]:	('Ner Acc', 0.99689984), ('CLS Classification Acc', 0.962567)
[INFO] 2022-09-28 21:47:40,013 [    train.py:  237]:	Precision 0.000 Recall 0.000 F1 0.000
[INFO] 2022-09-28 21:47:55,750 [    train.py:  185]:	Epoch 7: 
[INFO] 2022-09-28 21:47:55,751 [    train.py:  186]:	Train:
[INFO] 2022-09-28 21:47:55,755 [    train.py:  198]:	Loss 0.1486, ('Ner Loss', 0.023314105346798897),  ('CLS Classification Loss', 0.12525957822799683)
[INFO] 2022-09-28 21:47:55,756 [    train.py:  208]:	('Ner Acc', 0.9963181614875793),  ('CLS Classification Acc', 0.9626984596252441)
[INFO] 2022-09-28 21:47:58,069 [    train.py:  220]:	Evaluate:
[INFO] 2022-09-28 21:47:58,070 [    train.py:  227]:	Loss 0.1534, ('Ner Loss', 0.018206215),  ('CLS Classification Loss', 0.13521518)
[INFO] 2022-09-28 21:47:58,070 [    train.py:  228]:	('Ner Acc', 0.99689984), ('CLS Classification Acc', 0.962567)
[INFO] 2022-09-28 21:48:06,693 [    train.py:  237]:	Precision 0.000 Recall 0.000 F1 0.000
[INFO] 2022-09-28 21:48:22,359 [    train.py:  185]:	Epoch 8: 
[INFO] 2022-09-28 21:48:22,359 [    train.py:  186]:	Train:
[INFO] 2022-09-28 21:48:22,362 [    train.py:  198]:	Loss 0.1457, ('Ner Loss', 0.02247890830039978),  ('CLS Classification Loss', 0.12320993840694427)
[INFO] 2022-09-28 21:48:22,362 [    train.py:  208]:	('Ner Acc', 0.9963134527206421),  ('CLS Classification Acc', 0.9624999761581421)
[INFO] 2022-09-28 21:48:24,683 [    train.py:  220]:	Evaluate:
[INFO] 2022-09-28 21:48:24,684 [    train.py:  227]:	Loss 0.1484, ('Ner Loss', 0.017500246),  ('CLS Classification Loss', 0.13090353)
[INFO] 2022-09-28 21:48:24,684 [    train.py:  228]:	('Ner Acc', 0.99689984), ('CLS Classification Acc', 0.962567)
[INFO] 2022-09-28 21:48:33,164 [    train.py:  237]:	Precision 0.000 Recall 0.000 F1 0.000
[INFO] 2022-09-28 21:48:48,689 [    train.py:  185]:	Epoch 9: 
[INFO] 2022-09-28 21:48:48,690 [    train.py:  186]:	Train:
[INFO] 2022-09-28 21:48:48,697 [    train.py:  198]:	Loss 0.1419, ('Ner Loss', 0.021285979077219963),  ('CLS Classification Loss', 0.12056998908519745)
[INFO] 2022-09-28 21:48:48,697 [    train.py:  208]:	('Ner Acc', 0.9963248372077942),  ('CLS Classification Acc', 0.9630458354949951)
[INFO] 2022-09-28 21:48:50,991 [    train.py:  220]:	Evaluate:
[INFO] 2022-09-28 21:48:50,992 [    train.py:  227]:	Loss 0.1470, ('Ner Loss', 0.016570127),  ('CLS Classification Loss', 0.13046776)
[INFO] 2022-09-28 21:48:50,992 [    train.py:  228]:	('Ner Acc', 0.99689984), ('CLS Classification Acc', 0.96261275)
[INFO] 2022-09-28 21:48:59,450 [    train.py:  237]:	Precision 0.000 Recall 0.000 F1 0.000
[INFO] 2022-09-28 21:49:14,882 [    train.py:  185]:	Epoch 10: 
[INFO] 2022-09-28 21:49:14,882 [    train.py:  186]:	Train:
[INFO] 2022-09-28 21:49:14,885 [    train.py:  198]:	Loss 0.1378, ('Ner Loss', 0.019811410456895828),  ('CLS Classification Loss', 0.11800611019134521)
[INFO] 2022-09-28 21:49:14,885 [    train.py:  208]:	('Ner Acc', 0.9963076114654541),  ('CLS Classification Acc', 0.9631448984146118)
[INFO] 2022-09-28 21:49:17,181 [    train.py:  220]:	Evaluate:
[INFO] 2022-09-28 21:49:17,182 [    train.py:  227]:	Loss 0.1446, ('Ner Loss', 0.01561644),  ('CLS Classification Loss', 0.12902603)
[INFO] 2022-09-28 21:49:17,182 [    train.py:  228]:	('Ner Acc', 0.99689984), ('CLS Classification Acc', 0.962567)
[INFO] 2022-09-28 21:49:25,941 [    train.py:  237]:	Precision 0.000 Recall 0.000 F1 0.000
[INFO] 2022-09-28 21:49:41,278 [    train.py:  185]:	Epoch 11: 
[INFO] 2022-09-28 21:49:41,279 [    train.py:  186]:	Train:
[INFO] 2022-09-28 21:49:41,283 [    train.py:  198]:	Loss 0.1338, ('Ner Loss', 0.018289020285010338),  ('CLS Classification Loss', 0.11550530046224594)
[INFO] 2022-09-28 21:49:41,283 [    train.py:  208]:	('Ner Acc', 0.9962829351425171),  ('CLS Classification Acc', 0.9636409282684326)
[INFO] 2022-09-28 21:49:43,583 [    train.py:  220]:	Evaluate:
[INFO] 2022-09-28 21:49:43,584 [    train.py:  227]:	Loss 0.1402, ('Ner Loss', 0.0144155435),  ('CLS Classification Loss', 0.12582844)
[INFO] 2022-09-28 21:49:43,584 [    train.py:  228]:	('Ner Acc', 0.99689984), ('CLS Classification Acc', 0.96380055)
[INFO] 2022-09-28 21:49:52,292 [    train.py:  237]:	Precision 0.030 Recall 0.001 F1 0.002
[INFO] 2022-09-28 21:50:07,576 [    train.py:  185]:	Epoch 12: 
[INFO] 2022-09-28 21:50:07,577 [    train.py:  186]:	Train:
[INFO] 2022-09-28 21:50:07,580 [    train.py:  198]:	Loss 0.1292, ('Ner Loss', 0.01700468361377716),  ('CLS Classification Loss', 0.1122141033411026)
[INFO] 2022-09-28 21:50:07,580 [    train.py:  208]:	('Ner Acc', 0.9962804317474365),  ('CLS Classification Acc', 0.9642112851142883)
[INFO] 2022-09-28 21:50:09,849 [    train.py:  220]:	Evaluate:
[INFO] 2022-09-28 21:50:09,850 [    train.py:  227]:	Loss 0.1417, ('Ner Loss', 0.014322414),  ('CLS Classification Loss', 0.12735873)
[INFO] 2022-09-28 21:50:09,850 [    train.py:  228]:	('Ner Acc', 0.99689984), ('CLS Classification Acc', 0.9661306)
[INFO] 2022-09-28 21:50:18,629 [    train.py:  237]:	Precision 0.061 Recall 0.007 F1 0.013
[INFO] 2022-09-28 21:50:33,869 [    train.py:  185]:	Epoch 13: 
[INFO] 2022-09-28 21:50:33,869 [    train.py:  186]:	Train:
[INFO] 2022-09-28 21:50:33,871 [    train.py:  198]:	Loss 0.1248, ('Ner Loss', 0.016474032774567604),  ('CLS Classification Loss', 0.10832849144935608)
[INFO] 2022-09-28 21:50:33,872 [    train.py:  208]:	('Ner Acc', 0.9962205290794373),  ('CLS Classification Acc', 0.9661708474159241)
[INFO] 2022-09-28 21:50:36,136 [    train.py:  220]:	Evaluate:
[INFO] 2022-09-28 21:50:36,137 [    train.py:  227]:	Loss 0.1417, ('Ner Loss', 0.014150122),  ('CLS Classification Loss', 0.12759739)
[INFO] 2022-09-28 21:50:36,137 [    train.py:  228]:	('Ner Acc', 0.99689794), ('CLS Classification Acc', 0.9627498)
[INFO] 2022-09-28 21:50:45,315 [    train.py:  237]:	Precision 0.000 Recall 0.000 F1 0.000
[INFO] 2022-09-28 21:51:00,625 [    train.py:  185]:	Epoch 14: 
[INFO] 2022-09-28 21:51:00,626 [    train.py:  186]:	Train:
[INFO] 2022-09-28 21:51:00,634 [    train.py:  198]:	Loss 0.1187, ('Ner Loss', 0.015781573951244354),  ('CLS Classification Loss', 0.10291826725006104)
[INFO] 2022-09-28 21:51:00,634 [    train.py:  208]:	('Ner Acc', 0.9962670207023621),  ('CLS Classification Acc', 0.9659225344657898)
[INFO] 2022-09-28 21:51:02,925 [    train.py:  220]:	Evaluate:
[INFO] 2022-09-28 21:51:02,926 [    train.py:  227]:	Loss 0.1350, ('Ner Loss', 0.013820864),  ('CLS Classification Loss', 0.12117993)
[INFO] 2022-09-28 21:51:02,926 [    train.py:  228]:	('Ner Acc', 0.99689984), ('CLS Classification Acc', 0.9663133)
[INFO] 2022-09-28 21:51:11,558 [    train.py:  237]:	Precision 0.056 Recall 0.007 F1 0.013
[INFO] 2022-09-28 21:51:26,846 [    train.py:  185]:	Epoch 15: 
[INFO] 2022-09-28 21:51:26,847 [    train.py:  186]:	Train:
[INFO] 2022-09-28 21:51:26,853 [    train.py:  198]:	Loss 0.1111, ('Ner Loss', 0.015119262970983982),  ('CLS Classification Loss', 0.09596425294876099)
[INFO] 2022-09-28 21:51:26,854 [    train.py:  208]:	('Ner Acc', 0.9962631464004517),  ('CLS Classification Acc', 0.9677333235740662)
[INFO] 2022-09-28 21:51:29,137 [    train.py:  220]:	Evaluate:
[INFO] 2022-09-28 21:51:29,138 [    train.py:  227]:	Loss 0.1268, ('Ner Loss', 0.0133099975),  ('CLS Classification Loss', 0.1135308)
[INFO] 2022-09-28 21:51:29,138 [    train.py:  228]:	('Ner Acc', 0.99689984), ('CLS Classification Acc', 0.96654177)
[INFO] 2022-09-28 21:51:38,363 [    train.py:  237]:	Precision 0.129 Recall 0.022 F1 0.038
[INFO] 2022-09-28 21:51:53,649 [    train.py:  185]:	Epoch 16: 
[INFO] 2022-09-28 21:51:53,650 [    train.py:  186]:	Train:
[INFO] 2022-09-28 21:51:53,654 [    train.py:  198]:	Loss 0.0993, ('Ner Loss', 0.014353764243423939),  ('CLS Classification Loss', 0.08495248854160309)
[INFO] 2022-09-28 21:51:53,654 [    train.py:  208]:	('Ner Acc', 0.9962788224220276),  ('CLS Classification Acc', 0.970014750957489)
[INFO] 2022-09-28 21:51:55,932 [    train.py:  220]:	Evaluate:
[INFO] 2022-09-28 21:51:55,933 [    train.py:  227]:	Loss 0.1332, ('Ner Loss', 0.012919201),  ('CLS Classification Loss', 0.12024804)
[INFO] 2022-09-28 21:51:55,933 [    train.py:  228]:	('Ner Acc', 0.99689984), ('CLS Classification Acc', 0.9674556)
[INFO] 2022-09-28 21:52:04,698 [    train.py:  237]:	Precision 0.142 Recall 0.033 F1 0.054
[INFO] 2022-09-28 21:52:20,017 [    train.py:  185]:	Epoch 17: 
[INFO] 2022-09-28 21:52:20,018 [    train.py:  186]:	Train:
[INFO] 2022-09-28 21:52:20,022 [    train.py:  198]:	Loss 0.0898, ('Ner Loss', 0.013162647373974323),  ('CLS Classification Loss', 0.07667485624551773)
[INFO] 2022-09-28 21:52:20,022 [    train.py:  208]:	('Ner Acc', 0.9963961839675903),  ('CLS Classification Acc', 0.9720981121063232)
[INFO] 2022-09-28 21:52:22,312 [    train.py:  220]:	Evaluate:
[INFO] 2022-09-28 21:52:22,313 [    train.py:  227]:	Loss 0.1255, ('Ner Loss', 0.012916648),  ('CLS Classification Loss', 0.11253366)
[INFO] 2022-09-28 21:52:22,313 [    train.py:  228]:	('Ner Acc', 0.99707353), ('CLS Classification Acc', 0.96789724)
[INFO] 2022-09-28 21:52:30,991 [    train.py:  237]:	Precision 0.196 Recall 0.078 F1 0.112
[INFO] 2022-09-28 21:52:46,316 [    train.py:  185]:	Epoch 18: 
[INFO] 2022-09-28 21:52:46,316 [    train.py:  186]:	Train:
[INFO] 2022-09-28 21:52:46,319 [    train.py:  198]:	Loss 0.0810, ('Ner Loss', 0.012034091167151928),  ('CLS Classification Loss', 0.06892523169517517)
[INFO] 2022-09-28 21:52:46,320 [    train.py:  208]:	('Ner Acc', 0.9965311288833618),  ('CLS Classification Acc', 0.9751982688903809)
[INFO] 2022-09-28 21:52:48,717 [    train.py:  220]:	Evaluate:
[INFO] 2022-09-28 21:52:48,718 [    train.py:  227]:	Loss 0.1307, ('Ner Loss', 0.013203938),  ('CLS Classification Loss', 0.11750509)
[INFO] 2022-09-28 21:52:48,718 [    train.py:  228]:	('Ner Acc', 0.9969151), ('CLS Classification Acc', 0.9684149)
[INFO] 2022-09-28 21:52:57,450 [    train.py:  237]:	Precision 0.160 Recall 0.047 F1 0.073
[INFO] 2022-09-28 21:53:12,791 [    train.py:  185]:	Epoch 19: 
[INFO] 2022-09-28 21:53:12,792 [    train.py:  186]:	Train:
[INFO] 2022-09-28 21:53:12,796 [    train.py:  198]:	Loss 0.0753, ('Ner Loss', 0.011177330277860165),  ('CLS Classification Loss', 0.06417024880647659)
[INFO] 2022-09-28 21:53:12,796 [    train.py:  208]:	('Ner Acc', 0.9966803193092346),  ('CLS Classification Acc', 0.9764136075973511)
[INFO] 2022-09-28 21:53:15,070 [    train.py:  220]:	Evaluate:
[INFO] 2022-09-28 21:53:15,071 [    train.py:  227]:	Loss 0.1227, ('Ner Loss', 0.012568312),  ('CLS Classification Loss', 0.11017344)
[INFO] 2022-09-28 21:53:15,071 [    train.py:  228]:	('Ner Acc', 0.99713755), ('CLS Classification Acc', 0.9690089)
[INFO] 2022-09-28 21:53:23,893 [    train.py:  237]:	Precision 0.279 Recall 0.098 F1 0.145
[INFO] 2022-09-28 21:53:39,245 [    train.py:  185]:	Epoch 20: 
[INFO] 2022-09-28 21:53:39,246 [    train.py:  186]:	Train:
[INFO] 2022-09-28 21:53:39,252 [    train.py:  198]:	Loss 0.0673, ('Ner Loss', 0.010689869523048401),  ('CLS Classification Loss', 0.05660416930913925)
[INFO] 2022-09-28 21:53:39,252 [    train.py:  208]:	('Ner Acc', 0.996752917766571),  ('CLS Classification Acc', 0.9795882105827332)
[INFO] 2022-09-28 21:53:41,509 [    train.py:  220]:	Evaluate:
[INFO] 2022-09-28 21:53:41,509 [    train.py:  227]:	Loss 0.1251, ('Ner Loss', 0.0128118545),  ('CLS Classification Loss', 0.11230183)
[INFO] 2022-09-28 21:53:41,510 [    train.py:  228]:	('Ner Acc', 0.997155), ('CLS Classification Acc', 0.97138464)
[INFO] 2022-09-28 21:53:50,146 [    train.py:  237]:	Precision 0.253 Recall 0.112 F1 0.156
[INFO] 2022-09-28 21:54:05,401 [    train.py:  185]:	Epoch 21: 
[INFO] 2022-09-28 21:54:05,402 [    train.py:  186]:	Train:
[INFO] 2022-09-28 21:54:05,405 [    train.py:  198]:	Loss 0.0602, ('Ner Loss', 0.010195763781666756),  ('CLS Classification Loss', 0.05000634863972664)
[INFO] 2022-09-28 21:54:05,405 [    train.py:  208]:	('Ner Acc', 0.9968709945678711),  ('CLS Classification Acc', 0.9816715717315674)
[INFO] 2022-09-28 21:54:07,675 [    train.py:  220]:	Evaluate:
[INFO] 2022-09-28 21:54:07,675 [    train.py:  227]:	Loss 0.1347, ('Ner Loss', 0.013880739),  ('CLS Classification Loss', 0.12077545)
[INFO] 2022-09-28 21:54:07,676 [    train.py:  228]:	('Ner Acc', 0.9971988), ('CLS Classification Acc', 0.97065365)
[INFO] 2022-09-28 21:54:16,344 [    train.py:  237]:	Precision 0.321 Recall 0.157 F1 0.211
[INFO] 2022-09-28 21:54:31,510 [    train.py:  185]:	Epoch 22: 
[INFO] 2022-09-28 21:54:31,510 [    train.py:  186]:	Train:
[INFO] 2022-09-28 21:54:31,516 [    train.py:  198]:	Loss 0.0552, ('Ner Loss', 0.009381735697388649),  ('CLS Classification Loss', 0.045774444937705994)
[INFO] 2022-09-28 21:54:31,516 [    train.py:  208]:	('Ner Acc', 0.9969223141670227),  ('CLS Classification Acc', 0.9830605387687683)
[INFO] 2022-09-28 21:54:33,777 [    train.py:  220]:	Evaluate:
[INFO] 2022-09-28 21:54:33,778 [    train.py:  227]:	Loss 0.1250, ('Ner Loss', 0.011615474),  ('CLS Classification Loss', 0.11342445)
[INFO] 2022-09-28 21:54:33,778 [    train.py:  228]:	('Ner Acc', 0.997242), ('CLS Classification Acc', 0.97272474)
[INFO] 2022-09-28 21:54:42,520 [    train.py:  237]:	Precision 0.311 Recall 0.180 F1 0.228
[INFO] 2022-09-28 21:54:57,727 [    train.py:  185]:	Epoch 23: 
[INFO] 2022-09-28 21:54:57,728 [    train.py:  186]:	Train:
[INFO] 2022-09-28 21:54:57,731 [    train.py:  198]:	Loss 0.0511, ('Ner Loss', 0.00881099235266447),  ('CLS Classification Loss', 0.04228299483656883)
[INFO] 2022-09-28 21:54:57,731 [    train.py:  208]:	('Ner Acc', 0.9970318675041199),  ('CLS Classification Acc', 0.984300434589386)
[INFO] 2022-09-28 21:54:59,994 [    train.py:  220]:	Evaluate:
[INFO] 2022-09-28 21:54:59,995 [    train.py:  227]:	Loss 0.1189, ('Ner Loss', 0.012221552),  ('CLS Classification Loss', 0.106671534)
[INFO] 2022-09-28 21:54:59,995 [    train.py:  228]:	('Ner Acc', 0.9973014), ('CLS Classification Acc', 0.97325784)
[INFO] 2022-09-28 21:55:08,691 [    train.py:  237]:	Precision 0.308 Recall 0.195 F1 0.239
[INFO] 2022-09-28 21:55:23,903 [    train.py:  185]:	Epoch 24: 
[INFO] 2022-09-28 21:55:23,903 [    train.py:  186]:	Train:
[INFO] 2022-09-28 21:55:23,907 [    train.py:  198]:	Loss 0.0454, ('Ner Loss', 0.008219019509851933),  ('CLS Classification Loss', 0.037230633199214935)
[INFO] 2022-09-28 21:55:23,907 [    train.py:  208]:	('Ner Acc', 0.9971933364868164),  ('CLS Classification Acc', 0.9859374165534973)
[INFO] 2022-09-28 21:55:26,162 [    train.py:  220]:	Evaluate:
[INFO] 2022-09-28 21:55:26,162 [    train.py:  227]:	Loss 0.1287, ('Ner Loss', 0.0125031695),  ('CLS Classification Loss', 0.11623665)
[INFO] 2022-09-28 21:55:26,162 [    train.py:  228]:	('Ner Acc', 0.99729335), ('CLS Classification Acc', 0.9726943)
[INFO] 2022-09-28 21:55:35,211 [    train.py:  237]:	Precision 0.352 Recall 0.225 F1 0.274
[INFO] 2022-09-28 21:55:50,511 [    train.py:  185]:	Epoch 25: 
[INFO] 2022-09-28 21:55:50,511 [    train.py:  186]:	Train:
[INFO] 2022-09-28 21:55:50,515 [    train.py:  198]:	Loss 0.0420, ('Ner Loss', 0.007583008613437414),  ('CLS Classification Loss', 0.034414906054735184)
[INFO] 2022-09-28 21:55:50,515 [    train.py:  208]:	('Ner Acc', 0.9972841739654541),  ('CLS Classification Acc', 0.9874008297920227)
[INFO] 2022-09-28 21:55:52,798 [    train.py:  220]:	Evaluate:
[INFO] 2022-09-28 21:55:52,798 [    train.py:  227]:	Loss 0.1380, ('Ner Loss', 0.01234625),  ('CLS Classification Loss', 0.12569335)
[INFO] 2022-09-28 21:55:52,798 [    train.py:  228]:	('Ner Acc', 0.9972986), ('CLS Classification Acc', 0.9712933)
[INFO] 2022-09-28 21:56:02,035 [    train.py:  237]:	Precision 0.355 Recall 0.217 F1 0.269
[INFO] 2022-09-28 21:56:17,275 [    train.py:  185]:	Epoch 26: 
[INFO] 2022-09-28 21:56:17,275 [    train.py:  186]:	Train:
[INFO] 2022-09-28 21:56:17,279 [    train.py:  198]:	Loss 0.0381, ('Ner Loss', 0.007156986743211746),  ('CLS Classification Loss', 0.030928224325180054)
[INFO] 2022-09-28 21:56:17,279 [    train.py:  208]:	('Ner Acc', 0.9973315596580505),  ('CLS Classification Acc', 0.9881696701049805)
[INFO] 2022-09-28 21:56:19,531 [    train.py:  220]:	Evaluate:
[INFO] 2022-09-28 21:56:19,532 [    train.py:  227]:	Loss 0.1408, ('Ner Loss', 0.012909837),  ('CLS Classification Loss', 0.1278629)
[INFO] 2022-09-28 21:56:19,532 [    train.py:  228]:	('Ner Acc', 0.9971623), ('CLS Classification Acc', 0.9729532)
[INFO] 2022-09-28 21:56:28,223 [    train.py:  237]:	Precision 0.386 Recall 0.264 F1 0.314
[INFO] 2022-09-28 21:56:43,484 [    train.py:  185]:	Epoch 27: 
[INFO] 2022-09-28 21:56:43,485 [    train.py:  186]:	Train:
[INFO] 2022-09-28 21:56:43,489 [    train.py:  198]:	Loss 0.0377, ('Ner Loss', 0.006799233611673117),  ('CLS Classification Loss', 0.030880184844136238)
[INFO] 2022-09-28 21:56:43,490 [    train.py:  208]:	('Ner Acc', 0.9973757863044739),  ('CLS Classification Acc', 0.9882192611694336)
[INFO] 2022-09-28 21:56:45,748 [    train.py:  220]:	Evaluate:
[INFO] 2022-09-28 21:56:45,748 [    train.py:  227]:	Loss 0.1529, ('Ner Loss', 0.0135320425),  ('CLS Classification Loss', 0.13937667)
[INFO] 2022-09-28 21:56:45,748 [    train.py:  228]:	('Ner Acc', 0.9973261), ('CLS Classification Acc', 0.97270954)
[INFO] 2022-09-28 21:56:54,467 [    train.py:  237]:	Precision 0.403 Recall 0.244 F1 0.304
[INFO] 2022-09-28 21:57:09,677 [    train.py:  185]:	Epoch 28: 
[INFO] 2022-09-28 21:57:09,677 [    train.py:  186]:	Train:
[INFO] 2022-09-28 21:57:09,681 [    train.py:  198]:	Loss 0.0334, ('Ner Loss', 0.006471534725278616),  ('CLS Classification Loss', 0.026884758844971657)
[INFO] 2022-09-28 21:57:09,681 [    train.py:  208]:	('Ner Acc', 0.9974616169929504),  ('CLS Classification Acc', 0.989409863948822)
[INFO] 2022-09-28 21:57:11,957 [    train.py:  220]:	Evaluate:
[INFO] 2022-09-28 21:57:11,958 [    train.py:  227]:	Loss 0.1494, ('Ner Loss', 0.013219875),  ('CLS Classification Loss', 0.13616511)
[INFO] 2022-09-28 21:57:11,958 [    train.py:  228]:	('Ner Acc', 0.99726886), ('CLS Classification Acc', 0.9719937)
[INFO] 2022-09-28 21:57:20,712 [    train.py:  237]:	Precision 0.393 Recall 0.262 F1 0.314
[INFO] 2022-09-28 21:57:36,024 [    train.py:  185]:	Epoch 29: 
[INFO] 2022-09-28 21:57:36,025 [    train.py:  186]:	Train:
[INFO] 2022-09-28 21:57:36,029 [    train.py:  198]:	Loss 0.0324, ('Ner Loss', 0.006236770655959845),  ('CLS Classification Loss', 0.026141613721847534)
[INFO] 2022-09-28 21:57:36,029 [    train.py:  208]:	('Ner Acc', 0.9975119233131409),  ('CLS Classification Acc', 0.9898561835289001)
[INFO] 2022-09-28 21:57:38,288 [    train.py:  220]:	Evaluate:
[INFO] 2022-09-28 21:57:38,289 [    train.py:  227]:	Loss 0.1489, ('Ner Loss', 0.012968007),  ('CLS Classification Loss', 0.13595043)
[INFO] 2022-09-28 21:57:38,289 [    train.py:  228]:	('Ner Acc', 0.99726075), ('CLS Classification Acc', 0.9722984)
[INFO] 2022-09-28 21:57:47,029 [    train.py:  237]:	Precision 0.413 Recall 0.305 F1 0.351
[INFO] 2022-09-28 21:58:02,204 [    train.py:  185]:	Epoch 30: 
[INFO] 2022-09-28 21:58:02,204 [    train.py:  186]:	Train:
[INFO] 2022-09-28 21:58:02,208 [    train.py:  198]:	Loss 0.0294, ('Ner Loss', 0.005720526911318302),  ('CLS Classification Loss', 0.02366054430603981)
[INFO] 2022-09-28 21:58:02,208 [    train.py:  208]:	('Ner Acc', 0.9976571202278137),  ('CLS Classification Acc', 0.9907490611076355)
[INFO] 2022-09-28 21:58:04,459 [    train.py:  220]:	Evaluate:
[INFO] 2022-09-28 21:58:04,460 [    train.py:  227]:	Loss 0.1422, ('Ner Loss', 0.013549408),  ('CLS Classification Loss', 0.12866469)
[INFO] 2022-09-28 21:58:04,460 [    train.py:  228]:	('Ner Acc', 0.9973268), ('CLS Classification Acc', 0.9735624)
[INFO] 2022-09-28 21:58:13,246 [    train.py:  237]:	Precision 0.408 Recall 0.282 F1 0.333
[INFO] 2022-09-28 21:58:28,466 [    train.py:  185]:	Epoch 31: 
[INFO] 2022-09-28 21:58:28,466 [    train.py:  186]:	Train:
[INFO] 2022-09-28 21:58:28,470 [    train.py:  198]:	Loss 0.0271, ('Ner Loss', 0.005449120886623859),  ('CLS Classification Loss', 0.02163303829729557)
[INFO] 2022-09-28 21:58:28,470 [    train.py:  208]:	('Ner Acc', 0.9977890253067017),  ('CLS Classification Acc', 0.9921627640724182)
[INFO] 2022-09-28 21:58:30,717 [    train.py:  220]:	Evaluate:
[INFO] 2022-09-28 21:58:30,718 [    train.py:  227]:	Loss 0.1582, ('Ner Loss', 0.016012916),  ('CLS Classification Loss', 0.1421959)
[INFO] 2022-09-28 21:58:30,718 [    train.py:  228]:	('Ner Acc', 0.99736524), ('CLS Classification Acc', 0.9731359)
[INFO] 2022-09-28 21:58:39,335 [    train.py:  237]:	Precision 0.425 Recall 0.302 F1 0.353
[INFO] 2022-09-28 21:58:54,563 [    train.py:  185]:	Epoch 32: 
[INFO] 2022-09-28 21:58:54,563 [    train.py:  186]:	Train:
[INFO] 2022-09-28 21:58:54,567 [    train.py:  198]:	Loss 0.0266, ('Ner Loss', 0.00527587067335844),  ('CLS Classification Loss', 0.021321767941117287)
[INFO] 2022-09-28 21:58:54,567 [    train.py:  208]:	('Ner Acc', 0.9979512691497803),  ('CLS Classification Acc', 0.9917908906936646)
[INFO] 2022-09-28 21:58:56,833 [    train.py:  220]:	Evaluate:
[INFO] 2022-09-28 21:58:56,833 [    train.py:  227]:	Loss 0.1510, ('Ner Loss', 0.01292285),  ('CLS Classification Loss', 0.13811852)
[INFO] 2022-09-28 21:58:56,834 [    train.py:  228]:	('Ner Acc', 0.99741095), ('CLS Classification Acc', 0.97156733)
[INFO] 2022-09-28 21:59:05,465 [    train.py:  237]:	Precision 0.430 Recall 0.374 F1 0.400
[INFO] 2022-09-28 21:59:20,705 [    train.py:  185]:	Epoch 33: 
[INFO] 2022-09-28 21:59:20,705 [    train.py:  186]:	Train:
[INFO] 2022-09-28 21:59:20,710 [    train.py:  198]:	Loss 0.0250, ('Ner Loss', 0.004885856993496418),  ('CLS Classification Loss', 0.020102867856621742)
[INFO] 2022-09-28 21:59:20,710 [    train.py:  208]:	('Ner Acc', 0.9980319142341614),  ('CLS Classification Acc', 0.9924604296684265)
[INFO] 2022-09-28 21:59:22,966 [    train.py:  220]:	Evaluate:
[INFO] 2022-09-28 21:59:22,967 [    train.py:  227]:	Loss 0.1710, ('Ner Loss', 0.014586902),  ('CLS Classification Loss', 0.15639386)
[INFO] 2022-09-28 21:59:22,967 [    train.py:  228]:	('Ner Acc', 0.9973257), ('CLS Classification Acc', 0.9732883)
[INFO] 2022-09-28 21:59:31,618 [    train.py:  237]:	Precision 0.456 Recall 0.310 F1 0.369
[INFO] 2022-09-28 21:59:46,908 [    train.py:  185]:	Epoch 34: 
[INFO] 2022-09-28 21:59:46,909 [    train.py:  186]:	Train:
[INFO] 2022-09-28 21:59:46,913 [    train.py:  198]:	Loss 0.0239, ('Ner Loss', 0.004762185737490654),  ('CLS Classification Loss', 0.019103236496448517)
[INFO] 2022-09-28 21:59:46,914 [    train.py:  208]:	('Ner Acc', 0.9979904294013977),  ('CLS Classification Acc', 0.9925345182418823)
[INFO] 2022-09-28 21:59:49,233 [    train.py:  220]:	Evaluate:
[INFO] 2022-09-28 21:59:49,234 [    train.py:  227]:	Loss 0.1551, ('Ner Loss', 0.013498678),  ('CLS Classification Loss', 0.14163227)
[INFO] 2022-09-28 21:59:49,234 [    train.py:  228]:	('Ner Acc', 0.99739736), ('CLS Classification Acc', 0.9721156)
[INFO] 2022-09-28 21:59:57,883 [    train.py:  237]:	Precision 0.457 Recall 0.374 F1 0.411
[INFO] 2022-09-28 22:00:13,126 [    train.py:  185]:	Epoch 35: 
[INFO] 2022-09-28 22:00:13,127 [    train.py:  186]:	Train:
[INFO] 2022-09-28 22:00:13,130 [    train.py:  198]:	Loss 0.0202, ('Ner Loss', 0.004309609066694975),  ('CLS Classification Loss', 0.01588357985019684)
[INFO] 2022-09-28 22:00:13,131 [    train.py:  208]:	('Ner Acc', 0.9981119632720947),  ('CLS Classification Acc', 0.9937750697135925)
[INFO] 2022-09-28 22:00:15,384 [    train.py:  220]:	Evaluate:
[INFO] 2022-09-28 22:00:15,385 [    train.py:  227]:	Loss 0.1593, ('Ner Loss', 0.014331642),  ('CLS Classification Loss', 0.14496922)
[INFO] 2022-09-28 22:00:15,385 [    train.py:  228]:	('Ner Acc', 0.99736655), ('CLS Classification Acc', 0.9728009)
[INFO] 2022-09-28 22:00:24,109 [    train.py:  237]:	Precision 0.444 Recall 0.353 F1 0.393
[INFO] 2022-09-28 22:00:39,348 [    train.py:  185]:	Epoch 36: 
[INFO] 2022-09-28 22:00:39,349 [    train.py:  186]:	Train:
[INFO] 2022-09-28 22:00:39,351 [    train.py:  198]:	Loss 0.0212, ('Ner Loss', 0.00439757714048028),  ('CLS Classification Loss', 0.01682877168059349)
[INFO] 2022-09-28 22:00:39,351 [    train.py:  208]:	('Ner Acc', 0.9981511831283569),  ('CLS Classification Acc', 0.9931548833847046)
[INFO] 2022-09-28 22:00:41,617 [    train.py:  220]:	Evaluate:
[INFO] 2022-09-28 22:00:41,618 [    train.py:  227]:	Loss 0.1646, ('Ner Loss', 0.013491619),  ('CLS Classification Loss', 0.15107673)
[INFO] 2022-09-28 22:00:41,618 [    train.py:  228]:	('Ner Acc', 0.99738234), ('CLS Classification Acc', 0.97351664)
[INFO] 2022-09-28 22:00:50,341 [    train.py:  237]:	Precision 0.447 Recall 0.324 F1 0.376
[INFO] 2022-09-28 22:01:05,536 [    train.py:  185]:	Epoch 37: 
[INFO] 2022-09-28 22:01:05,537 [    train.py:  186]:	Train:
[INFO] 2022-09-28 22:01:05,541 [    train.py:  198]:	Loss 0.0181, ('Ner Loss', 0.004049955867230892),  ('CLS Classification Loss', 0.014021382667124271)
[INFO] 2022-09-28 22:01:05,541 [    train.py:  208]:	('Ner Acc', 0.9982381463050842),  ('CLS Classification Acc', 0.9947419166564941)
[INFO] 2022-09-28 22:01:07,807 [    train.py:  220]:	Evaluate:
[INFO] 2022-09-28 22:01:07,807 [    train.py:  227]:	Loss 0.1682, ('Ner Loss', 0.014754651),  ('CLS Classification Loss', 0.1534547)
[INFO] 2022-09-28 22:01:07,807 [    train.py:  228]:	('Ner Acc', 0.9972547), ('CLS Classification Acc', 0.9728009)
[INFO] 2022-09-28 22:01:16,999 [    train.py:  237]:	Precision 0.429 Recall 0.378 F1 0.402
[INFO] 2022-09-28 22:01:32,238 [    train.py:  185]:	Epoch 38: 
[INFO] 2022-09-28 22:01:32,239 [    train.py:  186]:	Train:
[INFO] 2022-09-28 22:01:32,243 [    train.py:  198]:	Loss 0.0185, ('Ner Loss', 0.003698805347084999),  ('CLS Classification Loss', 0.014815494418144226)
[INFO] 2022-09-28 22:01:32,243 [    train.py:  208]:	('Ner Acc', 0.9983725547790527),  ('CLS Classification Acc', 0.9944199919700623)
[INFO] 2022-09-28 22:01:34,555 [    train.py:  220]:	Evaluate:
[INFO] 2022-09-28 22:01:34,556 [    train.py:  227]:	Loss 0.1518, ('Ner Loss', 0.013727439),  ('CLS Classification Loss', 0.1380803)
[INFO] 2022-09-28 22:01:34,556 [    train.py:  228]:	('Ner Acc', 0.99747115), ('CLS Classification Acc', 0.97470456)
[INFO] 2022-09-28 22:01:43,466 [    train.py:  237]:	Precision 0.485 Recall 0.347 F1 0.404
[INFO] 2022-09-28 22:01:58,721 [    train.py:  185]:	Epoch 39: 
[INFO] 2022-09-28 22:01:58,721 [    train.py:  186]:	Train:
[INFO] 2022-09-28 22:01:58,724 [    train.py:  198]:	Loss 0.0178, ('Ner Loss', 0.0037730876356363297),  ('CLS Classification Loss', 0.014023201540112495)
[INFO] 2022-09-28 22:01:58,724 [    train.py:  208]:	('Ner Acc', 0.9983993768692017),  ('CLS Classification Acc', 0.9943702816963196)
[INFO] 2022-09-28 22:02:00,998 [    train.py:  220]:	Evaluate:
[INFO] 2022-09-28 22:02:00,999 [    train.py:  227]:	Loss 0.1723, ('Ner Loss', 0.015853852),  ('CLS Classification Loss', 0.15640992)
[INFO] 2022-09-28 22:02:00,999 [    train.py:  228]:	('Ner Acc', 0.99704885), ('CLS Classification Acc', 0.97237456)
[INFO] 2022-09-28 22:02:09,675 [    train.py:  237]:	Precision 0.411 Recall 0.347 F1 0.376
[INFO] 2022-09-28 22:02:24,873 [    train.py:  185]:	Epoch 40: 
[INFO] 2022-09-28 22:02:24,873 [    train.py:  186]:	Train:
[INFO] 2022-09-28 22:02:24,876 [    train.py:  198]:	Loss 0.0159, ('Ner Loss', 0.003454300109297037),  ('CLS Classification Loss', 0.012447950430214405)
[INFO] 2022-09-28 22:02:24,876 [    train.py:  208]:	('Ner Acc', 0.9984930753707886),  ('CLS Classification Acc', 0.995486319065094)
[INFO] 2022-09-28 22:02:27,127 [    train.py:  220]:	Evaluate:
[INFO] 2022-09-28 22:02:27,128 [    train.py:  227]:	Loss 0.1654, ('Ner Loss', 0.014853053),  ('CLS Classification Loss', 0.15053438)
[INFO] 2022-09-28 22:02:27,128 [    train.py:  228]:	('Ner Acc', 0.9973796), ('CLS Classification Acc', 0.9729532)
[INFO] 2022-09-28 22:02:35,787 [    train.py:  237]:	Precision 0.461 Recall 0.364 F1 0.407
[INFO] 2022-09-28 22:02:50,905 [    train.py:  185]:	Epoch 41: 
[INFO] 2022-09-28 22:02:50,906 [    train.py:  186]:	Train:
[INFO] 2022-09-28 22:02:50,909 [    train.py:  198]:	Loss 0.0163, ('Ner Loss', 0.0037095171865075827),  ('CLS Classification Loss', 0.012595558539032936)
[INFO] 2022-09-28 22:02:50,910 [    train.py:  208]:	('Ner Acc', 0.998340904712677),  ('CLS Classification Acc', 0.9952878952026367)
[INFO] 2022-09-28 22:02:53,173 [    train.py:  220]:	Evaluate:
[INFO] 2022-09-28 22:02:53,173 [    train.py:  227]:	Loss 0.1585, ('Ner Loss', 0.0140389),  ('CLS Classification Loss', 0.1444476)
[INFO] 2022-09-28 22:02:53,173 [    train.py:  228]:	('Ner Acc', 0.99710023), ('CLS Classification Acc', 0.97318166)
[INFO] 2022-09-28 22:03:01,899 [    train.py:  237]:	Precision 0.416 Recall 0.356 F1 0.384
[INFO] 2022-09-28 22:03:16,978 [    train.py:  185]:	Epoch 42: 
[INFO] 2022-09-28 22:03:16,978 [    train.py:  186]:	Train:
[INFO] 2022-09-28 22:03:16,982 [    train.py:  198]:	Loss 0.0149, ('Ner Loss', 0.00331887393258512),  ('CLS Classification Loss', 0.011571262963116169)
[INFO] 2022-09-28 22:03:16,982 [    train.py:  208]:	('Ner Acc', 0.998519241809845),  ('CLS Classification Acc', 0.9956350922584534)
[INFO] 2022-09-28 22:03:19,242 [    train.py:  220]:	Evaluate:
[INFO] 2022-09-28 22:03:19,243 [    train.py:  227]:	Loss 0.1555, ('Ner Loss', 0.013323163),  ('CLS Classification Loss', 0.14218986)
[INFO] 2022-09-28 22:03:19,243 [    train.py:  228]:	('Ner Acc', 0.9973728), ('CLS Classification Acc', 0.97274)
[INFO] 2022-09-28 22:03:27,908 [    train.py:  237]:	Precision 0.444 Recall 0.396 F1 0.419
[INFO] 2022-09-28 22:03:43,228 [    train.py:  185]:	Epoch 43: 
[INFO] 2022-09-28 22:03:43,229 [    train.py:  186]:	Train:
[INFO] 2022-09-28 22:03:43,232 [    train.py:  198]:	Loss 0.0145, ('Ner Loss', 0.0030936249531805515),  ('CLS Classification Loss', 0.01140625961124897)
[INFO] 2022-09-28 22:03:43,232 [    train.py:  208]:	('Ner Acc', 0.9985054135322571),  ('CLS Classification Acc', 0.9953622817993164)
[INFO] 2022-09-28 22:03:45,511 [    train.py:  220]:	Evaluate:
[INFO] 2022-09-28 22:03:45,511 [    train.py:  227]:	Loss 0.1793, ('Ner Loss', 0.016190832),  ('CLS Classification Loss', 0.16310427)
[INFO] 2022-09-28 22:03:45,511 [    train.py:  228]:	('Ner Acc', 0.9974285), ('CLS Classification Acc', 0.97462845)
[INFO] 2022-09-28 22:03:54,181 [    train.py:  237]:	Precision 0.491 Recall 0.367 F1 0.420
[INFO] 2022-09-28 22:04:09,463 [    train.py:  185]:	Epoch 44: 
[INFO] 2022-09-28 22:04:09,464 [    train.py:  186]:	Train:
[INFO] 2022-09-28 22:04:09,467 [    train.py:  198]:	Loss 0.0142, ('Ner Loss', 0.002993547823280096),  ('CLS Classification Loss', 0.011212083511054516)
[INFO] 2022-09-28 22:04:09,467 [    train.py:  208]:	('Ner Acc', 0.9986790418624878),  ('CLS Classification Acc', 0.9954865574836731)
[INFO] 2022-09-28 22:04:11,703 [    train.py:  220]:	Evaluate:
[INFO] 2022-09-28 22:04:11,703 [    train.py:  227]:	Loss 0.1692, ('Ner Loss', 0.015215325),  ('CLS Classification Loss', 0.15396413)
[INFO] 2022-09-28 22:04:11,704 [    train.py:  228]:	('Ner Acc', 0.9970914), ('CLS Classification Acc', 0.9731664)
[INFO] 2022-09-28 22:04:20,348 [    train.py:  237]:	Precision 0.438 Recall 0.372 F1 0.402
[INFO] 2022-09-28 22:04:35,589 [    train.py:  185]:	Epoch 45: 
[INFO] 2022-09-28 22:04:35,590 [    train.py:  186]:	Train:
[INFO] 2022-09-28 22:04:35,597 [    train.py:  198]:	Loss 0.0121, ('Ner Loss', 0.002900015562772751),  ('CLS Classification Loss', 0.009153789840638638)
[INFO] 2022-09-28 22:04:35,598 [    train.py:  208]:	('Ner Acc', 0.9986440539360046),  ('CLS Classification Acc', 0.9968752264976501)
[INFO] 2022-09-28 22:04:37,866 [    train.py:  220]:	Evaluate:
[INFO] 2022-09-28 22:04:37,867 [    train.py:  227]:	Loss 0.1803, ('Ner Loss', 0.015541666),  ('CLS Classification Loss', 0.16473876)
[INFO] 2022-09-28 22:04:37,867 [    train.py:  228]:	('Ner Acc', 0.9974061), ('CLS Classification Acc', 0.9739431)
[INFO] 2022-09-28 22:04:46,656 [    train.py:  237]:	Precision 0.498 Recall 0.381 F1 0.432
[INFO] 2022-09-28 22:05:01,782 [    train.py:  185]:	Epoch 46: 
[INFO] 2022-09-28 22:05:01,783 [    train.py:  186]:	Train:
[INFO] 2022-09-28 22:05:01,786 [    train.py:  198]:	Loss 0.0116, ('Ner Loss', 0.002868935000151396),  ('CLS Classification Loss', 0.008729568682610989)
[INFO] 2022-09-28 22:05:01,786 [    train.py:  208]:	('Ner Acc', 0.9987457394599915),  ('CLS Classification Acc', 0.9966022968292236)
[INFO] 2022-09-28 22:05:04,029 [    train.py:  220]:	Evaluate:
[INFO] 2022-09-28 22:05:04,030 [    train.py:  227]:	Loss 0.1859, ('Ner Loss', 0.015890056),  ('CLS Classification Loss', 0.16997352)
[INFO] 2022-09-28 22:05:04,030 [    train.py:  228]:	('Ner Acc', 0.99708027), ('CLS Classification Acc', 0.9733796)
[INFO] 2022-09-28 22:05:12,757 [    train.py:  237]:	Precision 0.436 Recall 0.363 F1 0.396
[INFO] 2022-09-28 22:05:27,930 [    train.py:  185]:	Epoch 47: 
[INFO] 2022-09-28 22:05:27,930 [    train.py:  186]:	Train:
[INFO] 2022-09-28 22:05:27,933 [    train.py:  198]:	Loss 0.0124, ('Ner Loss', 0.002792153274640441),  ('CLS Classification Loss', 0.009563407860696316)
[INFO] 2022-09-28 22:05:27,934 [    train.py:  208]:	('Ner Acc', 0.9988007545471191),  ('CLS Classification Acc', 0.9965031147003174)
[INFO] 2022-09-28 22:05:30,212 [    train.py:  220]:	Evaluate:
[INFO] 2022-09-28 22:05:30,212 [    train.py:  227]:	Loss 0.1828, ('Ner Loss', 0.016669206),  ('CLS Classification Loss', 0.16613618)
[INFO] 2022-09-28 22:05:30,213 [    train.py:  228]:	('Ner Acc', 0.9969635), ('CLS Classification Acc', 0.9729228)
[INFO] 2022-09-28 22:05:39,201 [    train.py:  237]:	Precision 0.437 Recall 0.392 F1 0.413
[INFO] 2022-09-28 22:05:54,348 [    train.py:  185]:	Epoch 48: 
[INFO] 2022-09-28 22:05:54,348 [    train.py:  186]:	Train:
[INFO] 2022-09-28 22:05:54,352 [    train.py:  198]:	Loss 0.0122, ('Ner Loss', 0.003123115748167038),  ('CLS Classification Loss', 0.009115173481404781)
[INFO] 2022-09-28 22:05:54,352 [    train.py:  208]:	('Ner Acc', 0.9986842274665833),  ('CLS Classification Acc', 0.9961061477661133)
[INFO] 2022-09-28 22:05:56,621 [    train.py:  220]:	Evaluate:
[INFO] 2022-09-28 22:05:56,622 [    train.py:  227]:	Loss 0.1525, ('Ner Loss', 0.0150799565),  ('CLS Classification Loss', 0.13744077)
[INFO] 2022-09-28 22:05:56,622 [    train.py:  228]:	('Ner Acc', 0.99702185), ('CLS Classification Acc', 0.97164357)
[INFO] 2022-09-28 22:06:05,317 [    train.py:  237]:	Precision 0.399 Recall 0.391 F1 0.395
[INFO] 2022-09-28 22:06:20,763 [    train.py:  185]:	Epoch 49: 
[INFO] 2022-09-28 22:06:20,763 [    train.py:  186]:	Train:
[INFO] 2022-09-28 22:06:20,769 [    train.py:  198]:	Loss 0.0130, ('Ner Loss', 0.0029575799126178026),  ('CLS Classification Loss', 0.010073085315525532)
[INFO] 2022-09-28 22:06:20,769 [    train.py:  208]:	('Ner Acc', 0.9987132549285889),  ('CLS Classification Acc', 0.9962801337242126)
[INFO] 2022-09-28 22:06:23,038 [    train.py:  220]:	Evaluate:
[INFO] 2022-09-28 22:06:23,039 [    train.py:  227]:	Loss 0.1737, ('Ner Loss', 0.013841498),  ('CLS Classification Loss', 0.15982194)
[INFO] 2022-09-28 22:06:23,039 [    train.py:  228]:	('Ner Acc', 0.9975665), ('CLS Classification Acc', 0.9737452)
[INFO] 2022-09-28 22:06:31,823 [    train.py:  237]:	Precision 0.483 Recall 0.362 F1 0.414
[INFO] 2022-09-28 22:06:46,914 [    train.py:  185]:	Epoch 50: 
[INFO] 2022-09-28 22:06:46,915 [    train.py:  186]:	Train:
[INFO] 2022-09-28 22:06:46,920 [    train.py:  198]:	Loss 0.0106, ('Ner Loss', 0.0024588298983871937),  ('CLS Classification Loss', 0.008104851469397545)
[INFO] 2022-09-28 22:06:46,921 [    train.py:  208]:	('Ner Acc', 0.9989281892776489),  ('CLS Classification Acc', 0.9969990253448486)
[INFO] 2022-09-28 22:06:49,210 [    train.py:  220]:	Evaluate:
[INFO] 2022-09-28 22:06:49,211 [    train.py:  227]:	Loss 0.1931, ('Ner Loss', 0.015380458),  ('CLS Classification Loss', 0.17771247)
[INFO] 2022-09-28 22:06:49,211 [    train.py:  228]:	('Ner Acc', 0.99736637), ('CLS Classification Acc', 0.97275525)
[INFO] 2022-09-28 22:06:57,944 [    train.py:  237]:	Precision 0.459 Recall 0.382 F1 0.417
[INFO] 2022-09-28 22:07:13,189 [    train.py:  185]:	Epoch 51: 
[INFO] 2022-09-28 22:07:13,190 [    train.py:  186]:	Train:
[INFO] 2022-09-28 22:07:13,192 [    train.py:  198]:	Loss 0.0095, ('Ner Loss', 0.0023588708136230707),  ('CLS Classification Loss', 0.0070998892188072205)
[INFO] 2022-09-28 22:07:13,192 [    train.py:  208]:	('Ner Acc', 0.9989292621612549),  ('CLS Classification Acc', 0.9971480369567871)
[INFO] 2022-09-28 22:07:15,464 [    train.py:  220]:	Evaluate:
[INFO] 2022-09-28 22:07:15,464 [    train.py:  227]:	Loss 0.1948, ('Ner Loss', 0.01557263),  ('CLS Classification Loss', 0.17922263)
[INFO] 2022-09-28 22:07:15,464 [    train.py:  228]:	('Ner Acc', 0.9974456), ('CLS Classification Acc', 0.97141504)
[INFO] 2022-09-28 22:07:24,246 [    train.py:  237]:	Precision 0.442 Recall 0.434 F1 0.438
[INFO] 2022-09-28 22:07:39,554 [    train.py:  185]:	Epoch 52: 
[INFO] 2022-09-28 22:07:39,555 [    train.py:  186]:	Train:
[INFO] 2022-09-28 22:07:39,561 [    train.py:  198]:	Loss 0.0098, ('Ner Loss', 0.0022724741138517857),  ('CLS Classification Loss', 0.0075682383030653)
[INFO] 2022-09-28 22:07:39,561 [    train.py:  208]:	('Ner Acc', 0.9989827871322632),  ('CLS Classification Acc', 0.9970488548278809)
[INFO] 2022-09-28 22:07:41,812 [    train.py:  220]:	Evaluate:
[INFO] 2022-09-28 22:07:41,813 [    train.py:  227]:	Loss 0.1813, ('Ner Loss', 0.016638137),  ('CLS Classification Loss', 0.16461691)
[INFO] 2022-09-28 22:07:41,813 [    train.py:  228]:	('Ner Acc', 0.99728113), ('CLS Classification Acc', 0.97423244)
[INFO] 2022-09-28 22:07:50,462 [    train.py:  237]:	Precision 0.460 Recall 0.350 F1 0.398
[INFO] 2022-09-28 22:08:05,637 [    train.py:  185]:	Epoch 53: 
[INFO] 2022-09-28 22:08:05,638 [    train.py:  186]:	Train:
[INFO] 2022-09-28 22:08:05,642 [    train.py:  198]:	Loss 0.0087, ('Ner Loss', 0.0021949512884020805),  ('CLS Classification Loss', 0.006518000271171331)
[INFO] 2022-09-28 22:08:05,642 [    train.py:  208]:	('Ner Acc', 0.9989700317382812),  ('CLS Classification Acc', 0.9975945353507996)
[INFO] 2022-09-28 22:08:07,905 [    train.py:  220]:	Evaluate:
[INFO] 2022-09-28 22:08:07,906 [    train.py:  227]:	Loss 0.1884, ('Ner Loss', 0.016725978),  ('CLS Classification Loss', 0.171666)
[INFO] 2022-09-28 22:08:07,906 [    train.py:  228]:	('Ner Acc', 0.9973407), ('CLS Classification Acc', 0.9736233)
[INFO] 2022-09-28 22:08:16,533 [    train.py:  237]:	Precision 0.464 Recall 0.398 F1 0.428
[INFO] 2022-09-28 22:08:31,817 [    train.py:  185]:	Epoch 54: 
[INFO] 2022-09-28 22:08:31,817 [    train.py:  186]:	Train:
[INFO] 2022-09-28 22:08:31,821 [    train.py:  198]:	Loss 0.0071, ('Ner Loss', 0.0020794605370610952),  ('CLS Classification Loss', 0.005036418791860342)
[INFO] 2022-09-28 22:08:31,821 [    train.py:  208]:	('Ner Acc', 0.9990118741989136),  ('CLS Classification Acc', 0.9980407953262329)
[INFO] 2022-09-28 22:08:34,055 [    train.py:  220]:	Evaluate:
[INFO] 2022-09-28 22:08:34,056 [    train.py:  227]:	Loss 0.2018, ('Ner Loss', 0.017058339),  ('CLS Classification Loss', 0.18469758)
[INFO] 2022-09-28 22:08:34,056 [    train.py:  228]:	('Ner Acc', 0.99738795), ('CLS Classification Acc', 0.9737603)
[INFO] 2022-09-28 22:08:42,722 [    train.py:  237]:	Precision 0.471 Recall 0.393 F1 0.428
[INFO] 2022-09-28 22:08:57,959 [    train.py:  185]:	Epoch 55: 
[INFO] 2022-09-28 22:08:57,959 [    train.py:  186]:	Train:
[INFO] 2022-09-28 22:08:57,963 [    train.py:  198]:	Loss 0.0078, ('Ner Loss', 0.001967371441423893),  ('CLS Classification Loss', 0.005865046288818121)
[INFO] 2022-09-28 22:08:57,963 [    train.py:  208]:	('Ner Acc', 0.999103844165802),  ('CLS Classification Acc', 0.9978423118591309)
[INFO] 2022-09-28 22:09:00,251 [    train.py:  220]:	Evaluate:
[INFO] 2022-09-28 22:09:00,252 [    train.py:  227]:	Loss 0.2025, ('Ner Loss', 0.017791342),  ('CLS Classification Loss', 0.18469949)
[INFO] 2022-09-28 22:09:00,252 [    train.py:  228]:	('Ner Acc', 0.9975605), ('CLS Classification Acc', 0.9733186)
[INFO] 2022-09-28 22:09:09,058 [    train.py:  237]:	Precision 0.475 Recall 0.334 F1 0.392
[INFO] 2022-09-28 22:09:24,279 [    train.py:  185]:	Epoch 56: 
[INFO] 2022-09-28 22:09:24,279 [    train.py:  186]:	Train:
[INFO] 2022-09-28 22:09:24,282 [    train.py:  198]:	Loss 0.0090, ('Ner Loss', 0.002016775542870164),  ('CLS Classification Loss', 0.006939515005797148)
[INFO] 2022-09-28 22:09:24,282 [    train.py:  208]:	('Ner Acc', 0.9991114735603333),  ('CLS Classification Acc', 0.9974952936172485)
[INFO] 2022-09-28 22:09:26,557 [    train.py:  220]:	Evaluate:
[INFO] 2022-09-28 22:09:26,558 [    train.py:  227]:	Loss 0.1932, ('Ner Loss', 0.01751768),  ('CLS Classification Loss', 0.17564666)
[INFO] 2022-09-28 22:09:26,558 [    train.py:  228]:	('Ner Acc', 0.9972179), ('CLS Classification Acc', 0.97351664)
[INFO] 2022-09-28 22:09:35,571 [    train.py:  237]:	Precision 0.443 Recall 0.437 F1 0.440
[INFO] 2022-09-28 22:09:50,805 [    train.py:  185]:	Epoch 57: 
[INFO] 2022-09-28 22:09:50,806 [    train.py:  186]:	Train:
[INFO] 2022-09-28 22:09:50,810 [    train.py:  198]:	Loss 0.0073, ('Ner Loss', 0.0019488645484670997),  ('CLS Classification Loss', 0.00539369648322463)
[INFO] 2022-09-28 22:09:50,810 [    train.py:  208]:	('Ner Acc', 0.9991011619567871),  ('CLS Classification Acc', 0.9979912638664246)
[INFO] 2022-09-28 22:09:53,063 [    train.py:  220]:	Evaluate:
[INFO] 2022-09-28 22:09:53,063 [    train.py:  227]:	Loss 0.1994, ('Ner Loss', 0.01699628),  ('CLS Classification Loss', 0.18242517)
[INFO] 2022-09-28 22:09:53,064 [    train.py:  228]:	('Ner Acc', 0.9976242), ('CLS Classification Acc', 0.97397363)
[INFO] 2022-09-28 22:10:01,691 [    train.py:  237]:	Precision 0.524 Recall 0.376 F1 0.438
[INFO] 2022-09-28 22:10:16,836 [    train.py:  185]:	Epoch 58: 
[INFO] 2022-09-28 22:10:16,836 [    train.py:  186]:	Train:
[INFO] 2022-09-28 22:10:16,839 [    train.py:  198]:	Loss 0.0066, ('Ner Loss', 0.0018985775532200933),  ('CLS Classification Loss', 0.004721221048384905)
[INFO] 2022-09-28 22:10:16,839 [    train.py:  208]:	('Ner Acc', 0.9991347193717957),  ('CLS Classification Acc', 0.9983384013175964)
[INFO] 2022-09-28 22:10:19,087 [    train.py:  220]:	Evaluate:
[INFO] 2022-09-28 22:10:19,087 [    train.py:  227]:	Loss 0.1936, ('Ner Loss', 0.01718852),  ('CLS Classification Loss', 0.17644545)
[INFO] 2022-09-28 22:10:19,087 [    train.py:  228]:	('Ner Acc', 0.99734575), ('CLS Classification Acc', 0.9750548)
[INFO] 2022-09-28 22:10:27,627 [    train.py:  237]:	Precision 0.485 Recall 0.408 F1 0.443
[INFO] 2022-09-28 22:10:42,848 [    train.py:  185]:	Epoch 59: 
[INFO] 2022-09-28 22:10:42,849 [    train.py:  186]:	Train:
[INFO] 2022-09-28 22:10:42,852 [    train.py:  198]:	Loss 0.0078, ('Ner Loss', 0.001964478986337781),  ('CLS Classification Loss', 0.005880488082766533)
[INFO] 2022-09-28 22:10:42,852 [    train.py:  208]:	('Ner Acc', 0.9990964531898499),  ('CLS Classification Acc', 0.9976688027381897)
[INFO] 2022-09-28 22:10:45,096 [    train.py:  220]:	Evaluate:
[INFO] 2022-09-28 22:10:45,096 [    train.py:  227]:	Loss 0.1974, ('Ner Loss', 0.015897496),  ('CLS Classification Loss', 0.18152328)
[INFO] 2022-09-28 22:10:45,097 [    train.py:  228]:	('Ner Acc', 0.99748915), ('CLS Classification Acc', 0.9722375)
[INFO] 2022-09-28 22:10:53,814 [    train.py:  237]:	Precision 0.456 Recall 0.432 F1 0.443
[INFO] 2022-09-28 22:11:09,167 [    train.py:  185]:	Epoch 60: 
[INFO] 2022-09-28 22:11:09,167 [    train.py:  186]:	Train:
[INFO] 2022-09-28 22:11:09,173 [    train.py:  198]:	Loss 0.0061, ('Ner Loss', 0.0018179246690124273),  ('CLS Classification Loss', 0.004320773296058178)
[INFO] 2022-09-28 22:11:09,173 [    train.py:  208]:	('Ner Acc', 0.9991719722747803),  ('CLS Classification Acc', 0.9981897473335266)
[INFO] 2022-09-28 22:11:11,447 [    train.py:  220]:	Evaluate:
[INFO] 2022-09-28 22:11:11,448 [    train.py:  227]:	Loss 0.1909, ('Ner Loss', 0.018152291),  ('CLS Classification Loss', 0.17273502)
[INFO] 2022-09-28 22:11:11,448 [    train.py:  228]:	('Ner Acc', 0.99723196), ('CLS Classification Acc', 0.9735013)
[INFO] 2022-09-28 22:11:20,607 [    train.py:  237]:	Precision 0.440 Recall 0.401 F1 0.420
[INFO] 2022-09-28 22:11:35,927 [    train.py:  185]:	Epoch 61: 
[INFO] 2022-09-28 22:11:35,927 [    train.py:  186]:	Train:
[INFO] 2022-09-28 22:11:35,930 [    train.py:  198]:	Loss 0.0068, ('Ner Loss', 0.0018235838506370783),  ('CLS Classification Loss', 0.004967901855707169)
[INFO] 2022-09-28 22:11:35,930 [    train.py:  208]:	('Ner Acc', 0.9991305470466614),  ('CLS Classification Acc', 0.9981895685195923)
[INFO] 2022-09-28 22:11:38,211 [    train.py:  220]:	Evaluate:
[INFO] 2022-09-28 22:11:38,213 [    train.py:  227]:	Loss 0.2134, ('Ner Loss', 0.017669411),  ('CLS Classification Loss', 0.19575219)
[INFO] 2022-09-28 22:11:38,213 [    train.py:  228]:	('Ner Acc', 0.9974527), ('CLS Classification Acc', 0.9747198)
[INFO] 2022-09-28 22:11:46,963 [    train.py:  237]:	Precision 0.483 Recall 0.405 F1 0.440
[INFO] 2022-09-28 22:12:02,141 [    train.py:  185]:	Epoch 62: 
[INFO] 2022-09-28 22:12:02,142 [    train.py:  186]:	Train:
[INFO] 2022-09-28 22:12:02,145 [    train.py:  198]:	Loss 0.0086, ('Ner Loss', 0.0016992930322885513),  ('CLS Classification Loss', 0.006898628082126379)
[INFO] 2022-09-28 22:12:02,145 [    train.py:  208]:	('Ner Acc', 0.9992873072624207),  ('CLS Classification Acc', 0.9977928996086121)
[INFO] 2022-09-28 22:12:04,399 [    train.py:  220]:	Evaluate:
[INFO] 2022-09-28 22:12:04,399 [    train.py:  227]:	Loss 0.1780, ('Ner Loss', 0.016973047),  ('CLS Classification Loss', 0.16104555)
[INFO] 2022-09-28 22:12:04,400 [    train.py:  228]:	('Ner Acc', 0.99733305), ('CLS Classification Acc', 0.9741258)
[INFO] 2022-09-28 22:12:12,984 [    train.py:  237]:	Precision 0.463 Recall 0.421 F1 0.441
[INFO] 2022-09-28 22:12:28,133 [    train.py:  185]:	Epoch 63: 
[INFO] 2022-09-28 22:12:28,133 [    train.py:  186]:	Train:
[INFO] 2022-09-28 22:12:28,136 [    train.py:  198]:	Loss 0.0064, ('Ner Loss', 0.0017174351960420609),  ('CLS Classification Loss', 0.0046357885003089905)
[INFO] 2022-09-28 22:12:28,137 [    train.py:  208]:	('Ner Acc', 0.9992266893386841),  ('CLS Classification Acc', 0.9985367655754089)
[INFO] 2022-09-28 22:12:30,390 [    train.py:  220]:	Evaluate:
[INFO] 2022-09-28 22:12:30,391 [    train.py:  227]:	Loss 0.2122, ('Ner Loss', 0.01879792),  ('CLS Classification Loss', 0.193428)
[INFO] 2022-09-28 22:12:30,391 [    train.py:  228]:	('Ner Acc', 0.9972088), ('CLS Classification Acc', 0.9732273)
[INFO] 2022-09-28 22:12:39,088 [    train.py:  237]:	Precision 0.448 Recall 0.406 F1 0.426
[INFO] 2022-09-28 22:12:54,258 [    train.py:  185]:	Epoch 64: 
[INFO] 2022-09-28 22:12:54,258 [    train.py:  186]:	Train:
[INFO] 2022-09-28 22:12:54,261 [    train.py:  198]:	Loss 0.0060, ('Ner Loss', 0.0016513140872120857),  ('CLS Classification Loss', 0.004392092116177082)
[INFO] 2022-09-28 22:12:54,261 [    train.py:  208]:	('Ner Acc', 0.9992049932479858),  ('CLS Classification Acc', 0.9984375238418579)
[INFO] 2022-09-28 22:12:56,508 [    train.py:  220]:	Evaluate:
[INFO] 2022-09-28 22:12:56,508 [    train.py:  227]:	Loss 0.2036, ('Ner Loss', 0.018130241),  ('CLS Classification Loss', 0.18543924)
[INFO] 2022-09-28 22:12:56,508 [    train.py:  228]:	('Ner Acc', 0.9972961), ('CLS Classification Acc', 0.9743086)
[INFO] 2022-09-28 22:13:05,188 [    train.py:  237]:	Precision 0.477 Recall 0.413 F1 0.443
[INFO] 2022-09-28 22:13:20,376 [    train.py:  185]:	Epoch 65: 
[INFO] 2022-09-28 22:13:20,377 [    train.py:  186]:	Train:
[INFO] 2022-09-28 22:13:20,379 [    train.py:  198]:	Loss 0.0049, ('Ner Loss', 0.0014705415815114975),  ('CLS Classification Loss', 0.003405591705814004)
[INFO] 2022-09-28 22:13:20,380 [    train.py:  208]:	('Ner Acc', 0.999297559261322),  ('CLS Classification Acc', 0.9987848401069641)
[INFO] 2022-09-28 22:13:22,640 [    train.py:  220]:	Evaluate:
[INFO] 2022-09-28 22:13:22,641 [    train.py:  227]:	Loss 0.2251, ('Ner Loss', 0.018657789),  ('CLS Classification Loss', 0.20644517)
[INFO] 2022-09-28 22:13:22,641 [    train.py:  228]:	('Ner Acc', 0.99718785), ('CLS Classification Acc', 0.97369945)
[INFO] 2022-09-28 22:13:31,428 [    train.py:  237]:	Precision 0.444 Recall 0.395 F1 0.418
[INFO] 2022-09-28 22:13:46,737 [    train.py:  185]:	Epoch 66: 
[INFO] 2022-09-28 22:13:46,738 [    train.py:  186]:	Train:
[INFO] 2022-09-28 22:13:46,741 [    train.py:  198]:	Loss 0.0039, ('Ner Loss', 0.001284393365494907),  ('CLS Classification Loss', 0.0026193184312433004)
[INFO] 2022-09-28 22:13:46,741 [    train.py:  208]:	('Ner Acc', 0.9994001984596252),  ('CLS Classification Acc', 0.998859167098999)
[INFO] 2022-09-28 22:13:48,988 [    train.py:  220]:	Evaluate:
[INFO] 2022-09-28 22:13:48,989 [    train.py:  227]:	Loss 0.2232, ('Ner Loss', 0.01790062),  ('CLS Classification Loss', 0.20531222)
[INFO] 2022-09-28 22:13:48,989 [    train.py:  228]:	('Ner Acc', 0.9974945), ('CLS Classification Acc', 0.97182626)
[INFO] 2022-09-28 22:13:57,659 [    train.py:  237]:	Precision 0.446 Recall 0.426 F1 0.436
[INFO] 2022-09-28 22:14:12,764 [    train.py:  185]:	Epoch 67: 
[INFO] 2022-09-28 22:14:12,765 [    train.py:  186]:	Train:
[INFO] 2022-09-28 22:14:12,770 [    train.py:  198]:	Loss 0.0043, ('Ner Loss', 0.00142004806548357),  ('CLS Classification Loss', 0.002881507622078061)
[INFO] 2022-09-28 22:14:12,771 [    train.py:  208]:	('Ner Acc', 0.9993654489517212),  ('CLS Classification Acc', 0.9988840222358704)
[INFO] 2022-09-28 22:14:15,019 [    train.py:  220]:	Evaluate:
[INFO] 2022-09-28 22:14:15,020 [    train.py:  227]:	Loss 0.2209, ('Ner Loss', 0.01897878),  ('CLS Classification Loss', 0.20193729)
[INFO] 2022-09-28 22:14:15,020 [    train.py:  228]:	('Ner Acc', 0.99716115), ('CLS Classification Acc', 0.97385174)
[INFO] 2022-09-28 22:14:23,599 [    train.py:  237]:	Precision 0.443 Recall 0.443 F1 0.443
[INFO] 2022-09-28 22:14:38,793 [    train.py:  185]:	Epoch 68: 
[INFO] 2022-09-28 22:14:38,793 [    train.py:  186]:	Train:
[INFO] 2022-09-28 22:14:38,798 [    train.py:  198]:	Loss 0.0050, ('Ner Loss', 0.0013174263294786215),  ('CLS Classification Loss', 0.0036640604957938194)
[INFO] 2022-09-28 22:14:38,798 [    train.py:  208]:	('Ner Acc', 0.9994258284568787),  ('CLS Classification Acc', 0.9986856579780579)
[INFO] 2022-09-28 22:14:41,046 [    train.py:  220]:	Evaluate:
[INFO] 2022-09-28 22:14:41,046 [    train.py:  227]:	Loss 0.2205, ('Ner Loss', 0.018585773),  ('CLS Classification Loss', 0.20193799)
[INFO] 2022-09-28 22:14:41,046 [    train.py:  228]:	('Ner Acc', 0.99726117), ('CLS Classification Acc', 0.97237456)
[INFO] 2022-09-28 22:14:49,690 [    train.py:  237]:	Precision 0.442 Recall 0.434 F1 0.438
[INFO] 2022-09-28 22:15:04,891 [    train.py:  185]:	Epoch 69: 
[INFO] 2022-09-28 22:15:04,891 [    train.py:  186]:	Train:
[INFO] 2022-09-28 22:15:04,894 [    train.py:  198]:	Loss 0.0046, ('Ner Loss', 0.0013029228430241346),  ('CLS Classification Loss', 0.0032608204055577517)
[INFO] 2022-09-28 22:15:04,894 [    train.py:  208]:	('Ner Acc', 0.9993971586227417),  ('CLS Classification Acc', 0.9987848401069641)
[INFO] 2022-09-28 22:15:07,145 [    train.py:  220]:	Evaluate:
[INFO] 2022-09-28 22:15:07,146 [    train.py:  227]:	Loss 0.2391, ('Ner Loss', 0.020789618),  ('CLS Classification Loss', 0.21828212)
[INFO] 2022-09-28 22:15:07,146 [    train.py:  228]:	('Ner Acc', 0.99718285), ('CLS Classification Acc', 0.9728771)
[INFO] 2022-09-28 22:15:15,800 [    train.py:  237]:	Precision 0.438 Recall 0.440 F1 0.439
[INFO] 2022-09-28 22:15:31,086 [    train.py:  185]:	Epoch 70: 
[INFO] 2022-09-28 22:15:31,087 [    train.py:  186]:	Train:
[INFO] 2022-09-28 22:15:31,090 [    train.py:  198]:	Loss 0.0040, ('Ner Loss', 0.0012168866815045476),  ('CLS Classification Loss', 0.002740360563620925)
[INFO] 2022-09-28 22:15:31,091 [    train.py:  208]:	('Ner Acc', 0.9994320273399353),  ('CLS Classification Acc', 0.9988840222358704)
[INFO] 2022-09-28 22:15:33,368 [    train.py:  220]:	Evaluate:
[INFO] 2022-09-28 22:15:33,369 [    train.py:  227]:	Loss 0.2389, ('Ner Loss', 0.020280909),  ('CLS Classification Loss', 0.21861608)
[INFO] 2022-09-28 22:15:33,369 [    train.py:  228]:	('Ner Acc', 0.99728376), ('CLS Classification Acc', 0.97255725)
[INFO] 2022-09-28 22:15:42,138 [    train.py:  237]:	Precision 0.441 Recall 0.382 F1 0.409
[INFO] 2022-09-28 22:15:57,348 [    train.py:  185]:	Epoch 71: 
[INFO] 2022-09-28 22:15:57,349 [    train.py:  186]:	Train:
[INFO] 2022-09-28 22:15:57,356 [    train.py:  198]:	Loss 0.0051, ('Ner Loss', 0.0012033721432089806),  ('CLS Classification Loss', 0.0038972434122115374)
[INFO] 2022-09-28 22:15:57,356 [    train.py:  208]:	('Ner Acc', 0.9994875192642212),  ('CLS Classification Acc', 0.9987351298332214)
[INFO] 2022-09-28 22:15:59,631 [    train.py:  220]:	Evaluate:
[INFO] 2022-09-28 22:15:59,631 [    train.py:  227]:	Loss 0.2050, ('Ner Loss', 0.020441497),  ('CLS Classification Loss', 0.18460467)
[INFO] 2022-09-28 22:15:59,631 [    train.py:  228]:	('Ner Acc', 0.9970543), ('CLS Classification Acc', 0.9733948)
[INFO] 2022-09-28 22:16:08,319 [    train.py:  237]:	Precision 0.436 Recall 0.421 F1 0.428
[INFO] 2022-09-28 22:16:23,581 [    train.py:  185]:	Epoch 72: 
[INFO] 2022-09-28 22:16:23,581 [    train.py:  186]:	Train:
[INFO] 2022-09-28 22:16:23,584 [    train.py:  198]:	Loss 0.0066, ('Ner Loss', 0.0013957348419353366),  ('CLS Classification Loss', 0.005218629725277424)
[INFO] 2022-09-28 22:16:23,584 [    train.py:  208]:	('Ner Acc', 0.9993734955787659),  ('CLS Classification Acc', 0.9983384013175964)
[INFO] 2022-09-28 22:16:25,856 [    train.py:  220]:	Evaluate:
[INFO] 2022-09-28 22:16:25,857 [    train.py:  227]:	Loss 0.2197, ('Ner Loss', 0.02378158),  ('CLS Classification Loss', 0.19588427)
[INFO] 2022-09-28 22:16:25,857 [    train.py:  228]:	('Ner Acc', 0.996544), ('CLS Classification Acc', 0.9711104)
[INFO] 2022-09-28 22:16:34,865 [    train.py:  237]:	Precision 0.365 Recall 0.407 F1 0.385
[INFO] 2022-09-28 22:16:50,076 [    train.py:  185]:	Epoch 73: 
[INFO] 2022-09-28 22:16:50,076 [    train.py:  186]:	Train:
[INFO] 2022-09-28 22:16:50,082 [    train.py:  198]:	Loss 0.0043, ('Ner Loss', 0.0012057384010404348),  ('CLS Classification Loss', 0.0030478150583803654)
[INFO] 2022-09-28 22:16:50,082 [    train.py:  208]:	('Ner Acc', 0.999409019947052),  ('CLS Classification Acc', 0.998809814453125)
[INFO] 2022-09-28 22:16:52,350 [    train.py:  220]:	Evaluate:
[INFO] 2022-09-28 22:16:52,351 [    train.py:  227]:	Loss 0.2162, ('Ner Loss', 0.019183809),  ('CLS Classification Loss', 0.19702435)
[INFO] 2022-09-28 22:16:52,351 [    train.py:  228]:	('Ner Acc', 0.99759734), ('CLS Classification Acc', 0.97377557)
[INFO] 2022-09-28 22:17:00,910 [    train.py:  237]:	Precision 0.506 Recall 0.389 F1 0.440
[INFO] 2022-09-28 22:17:16,257 [    train.py:  185]:	Epoch 74: 
[INFO] 2022-09-28 22:17:16,258 [    train.py:  186]:	Train:
[INFO] 2022-09-28 22:17:16,260 [    train.py:  198]:	Loss 0.0043, ('Ner Loss', 0.0012272413587197661),  ('CLS Classification Loss', 0.003119015134871006)
[INFO] 2022-09-28 22:17:16,260 [    train.py:  208]:	('Ner Acc', 0.999421238899231),  ('CLS Classification Acc', 0.998859167098999)
[INFO] 2022-09-28 22:17:18,497 [    train.py:  220]:	Evaluate:
[INFO] 2022-09-28 22:17:18,498 [    train.py:  227]:	Loss 0.2096, ('Ner Loss', 0.020319773),  ('CLS Classification Loss', 0.18924916)
[INFO] 2022-09-28 22:17:18,498 [    train.py:  228]:	('Ner Acc', 0.9973859), ('CLS Classification Acc', 0.9746131)
[INFO] 2022-09-28 22:17:27,061 [    train.py:  237]:	Precision 0.456 Recall 0.405 F1 0.429
[INFO] 2022-09-28 22:17:42,396 [    train.py:  185]:	Epoch 75: 
[INFO] 2022-09-28 22:17:42,396 [    train.py:  186]:	Train:
[INFO] 2022-09-28 22:17:42,399 [    train.py:  198]:	Loss 0.0056, ('Ner Loss', 0.0012286421842873096),  ('CLS Classification Loss', 0.0043289936147630215)
[INFO] 2022-09-28 22:17:42,399 [    train.py:  208]:	('Ner Acc', 0.9994605779647827),  ('CLS Classification Acc', 0.9985367655754089)
[INFO] 2022-09-28 22:17:44,657 [    train.py:  220]:	Evaluate:
[INFO] 2022-09-28 22:17:44,658 [    train.py:  227]:	Loss 0.1892, ('Ner Loss', 0.017468153),  ('CLS Classification Loss', 0.17175844)
[INFO] 2022-09-28 22:17:44,658 [    train.py:  228]:	('Ner Acc', 0.9975831), ('CLS Classification Acc', 0.97216135)
[INFO] 2022-09-28 22:17:53,335 [    train.py:  237]:	Precision 0.436 Recall 0.415 F1 0.425
[INFO] 2022-09-28 22:18:08,676 [    train.py:  185]:	Epoch 76: 
[INFO] 2022-09-28 22:18:08,677 [    train.py:  186]:	Train:
[INFO] 2022-09-28 22:18:08,682 [    train.py:  198]:	Loss 0.0069, ('Ner Loss', 0.001288319705054164),  ('CLS Classification Loss', 0.00556449918076396)
[INFO] 2022-09-28 22:18:08,683 [    train.py:  208]:	('Ner Acc', 0.9994627833366394),  ('CLS Classification Acc', 0.9978672862052917)
[INFO] 2022-09-28 22:18:10,945 [    train.py:  220]:	Evaluate:
[INFO] 2022-09-28 22:18:10,945 [    train.py:  227]:	Loss 0.2039, ('Ner Loss', 0.01931559),  ('CLS Classification Loss', 0.18459852)
[INFO] 2022-09-28 22:18:10,946 [    train.py:  228]:	('Ner Acc', 0.9974547), ('CLS Classification Acc', 0.9732578)
[INFO] 2022-09-28 22:18:19,748 [    train.py:  237]:	Precision 0.456 Recall 0.401 F1 0.427
[INFO] 2022-09-28 22:18:34,929 [    train.py:  185]:	Epoch 77: 
[INFO] 2022-09-28 22:18:34,930 [    train.py:  186]:	Train:
[INFO] 2022-09-28 22:18:34,935 [    train.py:  198]:	Loss 0.0037, ('Ner Loss', 0.0011061163386330009),  ('CLS Classification Loss', 0.002553341444581747)
[INFO] 2022-09-28 22:18:34,935 [    train.py:  208]:	('Ner Acc', 0.9995034337043762),  ('CLS Classification Acc', 0.9992806315422058)
[INFO] 2022-09-28 22:18:37,200 [    train.py:  220]:	Evaluate:
[INFO] 2022-09-28 22:18:37,201 [    train.py:  227]:	Loss 0.2119, ('Ner Loss', 0.02081889),  ('CLS Classification Loss', 0.19108458)
[INFO] 2022-09-28 22:18:37,201 [    train.py:  228]:	('Ner Acc', 0.9973288), ('CLS Classification Acc', 0.9733949)
[INFO] 2022-09-28 22:18:45,830 [    train.py:  237]:	Precision 0.444 Recall 0.407 F1 0.425
[INFO] 2022-09-28 22:19:01,017 [    train.py:  185]:	Epoch 78: 
[INFO] 2022-09-28 22:19:01,018 [    train.py:  186]:	Train:
[INFO] 2022-09-28 22:19:01,020 [    train.py:  198]:	Loss 0.0034, ('Ner Loss', 0.0009703680989332497),  ('CLS Classification Loss', 0.002392032416537404)
[INFO] 2022-09-28 22:19:01,021 [    train.py:  208]:	('Ner Acc', 0.9995887875556946),  ('CLS Classification Acc', 0.9991815686225891)
[INFO] 2022-09-28 22:19:03,310 [    train.py:  220]:	Evaluate:
[INFO] 2022-09-28 22:19:03,311 [    train.py:  227]:	Loss 0.2253, ('Ner Loss', 0.02086684),  ('CLS Classification Loss', 0.20439096)
[INFO] 2022-09-28 22:19:03,311 [    train.py:  228]:	('Ner Acc', 0.99734133), ('CLS Classification Acc', 0.9729988)
[INFO] 2022-09-28 22:19:11,979 [    train.py:  237]:	Precision 0.435 Recall 0.375 F1 0.403
[INFO] 2022-09-28 22:19:27,228 [    train.py:  185]:	Epoch 79: 
[INFO] 2022-09-28 22:19:27,229 [    train.py:  186]:	Train:
[INFO] 2022-09-28 22:19:27,233 [    train.py:  198]:	Loss 0.0036, ('Ner Loss', 0.0008838654612191021),  ('CLS Classification Loss', 0.002760897157713771)
[INFO] 2022-09-28 22:19:27,233 [    train.py:  208]:	('Ner Acc', 0.9996082782745361),  ('CLS Classification Acc', 0.999008059501648)
[INFO] 2022-09-28 22:19:29,457 [    train.py:  220]:	Evaluate:
[INFO] 2022-09-28 22:19:29,457 [    train.py:  227]:	Loss 0.2256, ('Ner Loss', 0.020865748),  ('CLS Classification Loss', 0.20473146)
[INFO] 2022-09-28 22:19:29,458 [    train.py:  228]:	('Ner Acc', 0.9973171), ('CLS Classification Acc', 0.9744914)
[INFO] 2022-09-28 22:19:38,439 [    train.py:  237]:	Precision 0.441 Recall 0.400 F1 0.420
[INFO] 2022-09-28 22:19:53,568 [    train.py:  185]:	Epoch 80: 
[INFO] 2022-09-28 22:19:53,569 [    train.py:  186]:	Train:
[INFO] 2022-09-28 22:19:53,571 [    train.py:  198]:	Loss 0.0037, ('Ner Loss', 0.001019549323245883),  ('CLS Classification Loss', 0.002651854185387492)
[INFO] 2022-09-28 22:19:53,571 [    train.py:  208]:	('Ner Acc', 0.9995322227478027),  ('CLS Classification Acc', 0.9989830851554871)
[INFO] 2022-09-28 22:19:55,820 [    train.py:  220]:	Evaluate:
[INFO] 2022-09-28 22:19:55,821 [    train.py:  227]:	Loss 0.2102, ('Ner Loss', 0.020100717),  ('CLS Classification Loss', 0.19014207)
[INFO] 2022-09-28 22:19:55,821 [    train.py:  228]:	('Ner Acc', 0.99731296), ('CLS Classification Acc', 0.97436947)
[INFO] 2022-09-28 22:20:04,591 [    train.py:  237]:	Precision 0.448 Recall 0.430 F1 0.438
[INFO] 2022-09-28 22:20:19,812 [    train.py:  185]:	Epoch 81: 
[INFO] 2022-09-28 22:20:19,812 [    train.py:  186]:	Train:
[INFO] 2022-09-28 22:20:19,815 [    train.py:  198]:	Loss 0.0042, ('Ner Loss', 0.0009852000512182713),  ('CLS Classification Loss', 0.0031918634194880724)
[INFO] 2022-09-28 22:20:19,815 [    train.py:  208]:	('Ner Acc', 0.999539852142334),  ('CLS Classification Acc', 0.9989830851554871)
[INFO] 2022-09-28 22:20:22,090 [    train.py:  220]:	Evaluate:
[INFO] 2022-09-28 22:20:22,091 [    train.py:  227]:	Loss 0.1959, ('Ner Loss', 0.017998293),  ('CLS Classification Loss', 0.17791337)
[INFO] 2022-09-28 22:20:22,091 [    train.py:  228]:	('Ner Acc', 0.9975045), ('CLS Classification Acc', 0.9747655)
[INFO] 2022-09-28 22:20:30,859 [    train.py:  237]:	Precision 0.481 Recall 0.446 F1 0.463
[INFO] 2022-09-28 22:20:46,043 [    train.py:  185]:	Epoch 82: 
[INFO] 2022-09-28 22:20:46,044 [    train.py:  186]:	Train:
[INFO] 2022-09-28 22:20:46,048 [    train.py:  198]:	Loss 0.0038, ('Ner Loss', 0.0009413582156412303),  ('CLS Classification Loss', 0.002830132842063904)
[INFO] 2022-09-28 22:20:46,048 [    train.py:  208]:	('Ner Acc', 0.999554455280304),  ('CLS Classification Acc', 0.9990327954292297)
[INFO] 2022-09-28 22:20:48,292 [    train.py:  220]:	Evaluate:
[INFO] 2022-09-28 22:20:48,293 [    train.py:  227]:	Loss 0.2076, ('Ner Loss', 0.020553473),  ('CLS Classification Loss', 0.18702194)
[INFO] 2022-09-28 22:20:48,293 [    train.py:  228]:	('Ner Acc', 0.99725914), ('CLS Classification Acc', 0.97363853)
[INFO] 2022-09-28 22:20:56,937 [    train.py:  237]:	Precision 0.440 Recall 0.431 F1 0.435
[INFO] 2022-09-28 22:21:12,103 [    train.py:  185]:	Epoch 83: 
[INFO] 2022-09-28 22:21:12,104 [    train.py:  186]:	Train:
[INFO] 2022-09-28 22:21:12,106 [    train.py:  198]:	Loss 0.0025, ('Ner Loss', 0.0008085494046099484),  ('CLS Classification Loss', 0.0017099404940381646)
[INFO] 2022-09-28 22:21:12,106 [    train.py:  208]:	('Ner Acc', 0.9996164441108704),  ('CLS Classification Acc', 0.9994792342185974)
[INFO] 2022-09-28 22:21:14,353 [    train.py:  220]:	Evaluate:
[INFO] 2022-09-28 22:21:14,354 [    train.py:  227]:	Loss 0.2133, ('Ner Loss', 0.020428374),  ('CLS Classification Loss', 0.19284025)
[INFO] 2022-09-28 22:21:14,354 [    train.py:  228]:	('Ner Acc', 0.99757135), ('CLS Classification Acc', 0.97510046)
[INFO] 2022-09-28 22:21:22,942 [    train.py:  237]:	Precision 0.503 Recall 0.427 F1 0.462
[INFO] 2022-09-28 22:21:38,347 [    train.py:  185]:	Epoch 84: 
[INFO] 2022-09-28 22:21:38,347 [    train.py:  186]:	Train:
[INFO] 2022-09-28 22:21:38,350 [    train.py:  198]:	Loss 0.0030, ('Ner Loss', 0.0008236746652983129),  ('CLS Classification Loss', 0.0021418873220682144)
[INFO] 2022-09-28 22:21:38,350 [    train.py:  208]:	('Ner Acc', 0.9996285438537598),  ('CLS Classification Acc', 0.9993800520896912)
[INFO] 2022-09-28 22:21:40,591 [    train.py:  220]:	Evaluate:
[INFO] 2022-09-28 22:21:40,591 [    train.py:  227]:	Loss 0.2145, ('Ner Loss', 0.021602614),  ('CLS Classification Loss', 0.19288695)
[INFO] 2022-09-28 22:21:40,591 [    train.py:  228]:	('Ner Acc', 0.99737245), ('CLS Classification Acc', 0.9735929)
[INFO] 2022-09-28 22:21:49,512 [    train.py:  237]:	Precision 0.446 Recall 0.446 F1 0.446
[INFO] 2022-09-28 22:22:04,755 [    train.py:  185]:	Epoch 85: 
[INFO] 2022-09-28 22:22:04,756 [    train.py:  186]:	Train:
[INFO] 2022-09-28 22:22:04,761 [    train.py:  198]:	Loss 0.0029, ('Ner Loss', 0.0007614789647050202),  ('CLS Classification Loss', 0.0021803395356982946)
[INFO] 2022-09-28 22:22:04,762 [    train.py:  208]:	('Ner Acc', 0.9996443390846252),  ('CLS Classification Acc', 0.9993551969528198)
[INFO] 2022-09-28 22:22:07,021 [    train.py:  220]:	Evaluate:
[INFO] 2022-09-28 22:22:07,022 [    train.py:  227]:	Loss 0.2223, ('Ner Loss', 0.021439375),  ('CLS Classification Loss', 0.20089963)
[INFO] 2022-09-28 22:22:07,022 [    train.py:  228]:	('Ner Acc', 0.9973523), ('CLS Classification Acc', 0.97436947)
[INFO] 2022-09-28 22:22:15,686 [    train.py:  237]:	Precision 0.493 Recall 0.396 F1 0.440
[INFO] 2022-09-28 22:22:30,810 [    train.py:  185]:	Epoch 86: 
[INFO] 2022-09-28 22:22:30,811 [    train.py:  186]:	Train:
[INFO] 2022-09-28 22:22:30,813 [    train.py:  198]:	Loss 0.0023, ('Ner Loss', 0.0007496610633097589),  ('CLS Classification Loss', 0.0015412865905091166)
[INFO] 2022-09-28 22:22:30,813 [    train.py:  208]:	('Ner Acc', 0.9996517896652222),  ('CLS Classification Acc', 0.9994792342185974)
[INFO] 2022-09-28 22:22:33,081 [    train.py:  220]:	Evaluate:
[INFO] 2022-09-28 22:22:33,082 [    train.py:  227]:	Loss 0.2168, ('Ner Loss', 0.020530637),  ('CLS Classification Loss', 0.19629511)
[INFO] 2022-09-28 22:22:33,082 [    train.py:  228]:	('Ner Acc', 0.99735653), ('CLS Classification Acc', 0.97385174)
[INFO] 2022-09-28 22:22:41,644 [    train.py:  237]:	Precision 0.457 Recall 0.404 F1 0.429
[INFO] 2022-09-28 22:22:56,875 [    train.py:  185]:	Epoch 87: 
[INFO] 2022-09-28 22:22:56,876 [    train.py:  186]:	Train:
[INFO] 2022-09-28 22:22:56,879 [    train.py:  198]:	Loss 0.0028, ('Ner Loss', 0.0007876420859247446),  ('CLS Classification Loss', 0.0020590461790561676)
[INFO] 2022-09-28 22:22:56,879 [    train.py:  208]:	('Ner Acc', 0.9996260404586792),  ('CLS Classification Acc', 0.9992064237594604)
[INFO] 2022-09-28 22:22:59,137 [    train.py:  220]:	Evaluate:
[INFO] 2022-09-28 22:22:59,138 [    train.py:  227]:	Loss 0.2476, ('Ner Loss', 0.025076224),  ('CLS Classification Loss', 0.22249232)
[INFO] 2022-09-28 22:22:59,138 [    train.py:  228]:	('Ner Acc', 0.9971968), ('CLS Classification Acc', 0.9729228)
[INFO] 2022-09-28 22:23:07,794 [    train.py:  237]:	Precision 0.427 Recall 0.414 F1 0.421
[INFO] 2022-09-28 22:23:23,070 [    train.py:  185]:	Epoch 88: 
[INFO] 2022-09-28 22:23:23,071 [    train.py:  186]:	Train:
[INFO] 2022-09-28 22:23:23,074 [    train.py:  198]:	Loss 0.0042, ('Ner Loss', 0.0007982805836945772),  ('CLS Classification Loss', 0.003430783050134778)
[INFO] 2022-09-28 22:23:23,074 [    train.py:  208]:	('Ner Acc', 0.9996095895767212),  ('CLS Classification Acc', 0.9990823864936829)
[INFO] 2022-09-28 22:23:25,319 [    train.py:  220]:	Evaluate:
[INFO] 2022-09-28 22:23:25,319 [    train.py:  227]:	Loss 0.2056, ('Ner Loss', 0.022461498),  ('CLS Classification Loss', 0.18317905)
[INFO] 2022-09-28 22:23:25,319 [    train.py:  228]:	('Ner Acc', 0.997689), ('CLS Classification Acc', 0.97473496)
[INFO] 2022-09-28 22:23:34,367 [    train.py:  237]:	Precision 0.528 Recall 0.412 F1 0.463
[INFO] 2022-09-28 22:23:49,623 [    train.py:  185]:	Epoch 89: 
[INFO] 2022-09-28 22:23:49,623 [    train.py:  186]:	Train:
[INFO] 2022-09-28 22:23:49,629 [    train.py:  198]:	Loss 0.0040, ('Ner Loss', 0.0010076994076371193),  ('CLS Classification Loss', 0.00299269356764853)
[INFO] 2022-09-28 22:23:49,629 [    train.py:  208]:	('Ner Acc', 0.9995823502540588),  ('CLS Classification Acc', 0.9990327954292297)
[INFO] 2022-09-28 22:23:51,896 [    train.py:  220]:	Evaluate:
[INFO] 2022-09-28 22:23:51,897 [    train.py:  227]:	Loss 0.1792, ('Ner Loss', 0.019202745),  ('CLS Classification Loss', 0.16004458)
[INFO] 2022-09-28 22:23:51,897 [    train.py:  228]:	('Ner Acc', 0.9972207), ('CLS Classification Acc', 0.97380596)
[INFO] 2022-09-28 22:24:00,577 [    train.py:  237]:	Precision 0.463 Recall 0.431 F1 0.446
[INFO] 2022-09-28 22:24:15,839 [    train.py:  185]:	Epoch 90: 
[INFO] 2022-09-28 22:24:15,839 [    train.py:  186]:	Train:
[INFO] 2022-09-28 22:24:15,845 [    train.py:  198]:	Loss 0.0054, ('Ner Loss', 0.0012179730692878366),  ('CLS Classification Loss', 0.004185464698821306)
[INFO] 2022-09-28 22:24:15,845 [    train.py:  208]:	('Ner Acc', 0.9994600415229797),  ('CLS Classification Acc', 0.998759925365448)
[INFO] 2022-09-28 22:24:18,118 [    train.py:  220]:	Evaluate:
[INFO] 2022-09-28 22:24:18,118 [    train.py:  227]:	Loss 0.1966, ('Ner Loss', 0.019381508),  ('CLS Classification Loss', 0.17719908)
[INFO] 2022-09-28 22:24:18,118 [    train.py:  228]:	('Ner Acc', 0.997459), ('CLS Classification Acc', 0.97336435)
[INFO] 2022-09-28 22:24:26,739 [    train.py:  237]:	Precision 0.497 Recall 0.396 F1 0.441
[INFO] 2022-09-28 22:24:41,987 [    train.py:  185]:	Epoch 91: 
[INFO] 2022-09-28 22:24:41,988 [    train.py:  186]:	Train:
[INFO] 2022-09-28 22:24:41,992 [    train.py:  198]:	Loss 0.0026, ('Ner Loss', 0.00105816381983459),  ('CLS Classification Loss', 0.001565949758514762)
[INFO] 2022-09-28 22:24:41,992 [    train.py:  208]:	('Ner Acc', 0.9996349811553955),  ('CLS Classification Acc', 0.9995288252830505)
[INFO] 2022-09-28 22:24:44,242 [    train.py:  220]:	Evaluate:
[INFO] 2022-09-28 22:24:44,243 [    train.py:  227]:	Loss 0.2060, ('Ner Loss', 0.020947129),  ('CLS Classification Loss', 0.1850307)
[INFO] 2022-09-28 22:24:44,243 [    train.py:  228]:	('Ner Acc', 0.9974819), ('CLS Classification Acc', 0.9736538)
[INFO] 2022-09-28 22:24:52,822 [    train.py:  237]:	Precision 0.480 Recall 0.415 F1 0.445
[INFO] 2022-09-28 22:25:08,021 [    train.py:  185]:	Epoch 92: 
[INFO] 2022-09-28 22:25:08,021 [    train.py:  186]:	Train:
[INFO] 2022-09-28 22:25:08,027 [    train.py:  198]:	Loss 0.0025, ('Ner Loss', 0.000828948977869004),  ('CLS Classification Loss', 0.0017123752040788531)
[INFO] 2022-09-28 22:25:08,027 [    train.py:  208]:	('Ner Acc', 0.9996573328971863),  ('CLS Classification Acc', 0.9995534420013428)
[INFO] 2022-09-28 22:25:10,258 [    train.py:  220]:	Evaluate:
[INFO] 2022-09-28 22:25:10,258 [    train.py:  227]:	Loss 0.2300, ('Ner Loss', 0.021684574),  ('CLS Classification Loss', 0.20828116)
[INFO] 2022-09-28 22:25:10,259 [    train.py:  228]:	('Ner Acc', 0.9975316), ('CLS Classification Acc', 0.97321206)
[INFO] 2022-09-28 22:25:18,867 [    train.py:  237]:	Precision 0.494 Recall 0.382 F1 0.431
[INFO] 2022-09-28 22:25:34,184 [    train.py:  185]:	Epoch 93: 
[INFO] 2022-09-28 22:25:34,184 [    train.py:  186]:	Train:
[INFO] 2022-09-28 22:25:34,187 [    train.py:  198]:	Loss 0.0020, ('Ner Loss', 0.0007558739162050188),  ('CLS Classification Loss', 0.001270918408408761)
[INFO] 2022-09-28 22:25:34,187 [    train.py:  208]:	('Ner Acc', 0.9996705055236816),  ('CLS Classification Acc', 0.999603271484375)
[INFO] 2022-09-28 22:25:36,460 [    train.py:  220]:	Evaluate:
[INFO] 2022-09-28 22:25:36,461 [    train.py:  227]:	Loss 0.2240, ('Ner Loss', 0.020949852),  ('CLS Classification Loss', 0.20309423)
[INFO] 2022-09-28 22:25:36,461 [    train.py:  228]:	('Ner Acc', 0.99745077), ('CLS Classification Acc', 0.9738365)
[INFO] 2022-09-28 22:25:45,104 [    train.py:  237]:	Precision 0.480 Recall 0.431 F1 0.454
[INFO] 2022-09-28 22:26:00,326 [    train.py:  185]:	Epoch 94: 
[INFO] 2022-09-28 22:26:00,326 [    train.py:  186]:	Train:
[INFO] 2022-09-28 22:26:00,332 [    train.py:  198]:	Loss 0.0023, ('Ner Loss', 0.000659244426060468),  ('CLS Classification Loss', 0.0016136191552504897)
[INFO] 2022-09-28 22:26:00,332 [    train.py:  208]:	('Ner Acc', 0.9997241497039795),  ('CLS Classification Acc', 0.9995039701461792)
[INFO] 2022-09-28 22:26:02,585 [    train.py:  220]:	Evaluate:
[INFO] 2022-09-28 22:26:02,585 [    train.py:  227]:	Loss 0.2142, ('Ner Loss', 0.019934429),  ('CLS Classification Loss', 0.19423741)
[INFO] 2022-09-28 22:26:02,585 [    train.py:  228]:	('Ner Acc', 0.9973671), ('CLS Classification Acc', 0.9719938)
[INFO] 2022-09-28 22:26:11,213 [    train.py:  237]:	Precision 0.443 Recall 0.415 F1 0.429
[INFO] 2022-09-28 22:26:26,398 [    train.py:  185]:	Epoch 95: 
[INFO] 2022-09-28 22:26:26,398 [    train.py:  186]:	Train:
[INFO] 2022-09-28 22:26:26,401 [    train.py:  198]:	Loss 0.0024, ('Ner Loss', 0.0006393673829734325),  ('CLS Classification Loss', 0.0018076907144859433)
[INFO] 2022-09-28 22:26:26,401 [    train.py:  208]:	('Ner Acc', 0.9996957182884216),  ('CLS Classification Acc', 0.9996527433395386)
[INFO] 2022-09-28 22:26:28,641 [    train.py:  220]:	Evaluate:
[INFO] 2022-09-28 22:26:28,641 [    train.py:  227]:	Loss 0.2285, ('Ner Loss', 0.022038436),  ('CLS Classification Loss', 0.2064443)
[INFO] 2022-09-28 22:26:28,641 [    train.py:  228]:	('Ner Acc', 0.99760616), ('CLS Classification Acc', 0.9731969)
[INFO] 2022-09-28 22:26:37,318 [    train.py:  237]:	Precision 0.512 Recall 0.415 F1 0.459
[INFO] 2022-09-28 22:26:52,503 [    train.py:  185]:	Epoch 96: 
[INFO] 2022-09-28 22:26:52,503 [    train.py:  186]:	Train:
[INFO] 2022-09-28 22:26:52,506 [    train.py:  198]:	Loss 0.0013, ('Ner Loss', 0.0005299350596033037),  ('CLS Classification Loss', 0.0007291545043699443)
[INFO] 2022-09-28 22:26:52,506 [    train.py:  208]:	('Ner Acc', 0.9997625946998596),  ('CLS Classification Acc', 0.9997024536132812)
[INFO] 2022-09-28 22:26:54,747 [    train.py:  220]:	Evaluate:
[INFO] 2022-09-28 22:26:54,748 [    train.py:  227]:	Loss 0.2351, ('Ner Loss', 0.021752939),  ('CLS Classification Loss', 0.21330816)
[INFO] 2022-09-28 22:26:54,748 [    train.py:  228]:	('Ner Acc', 0.99757123), ('CLS Classification Acc', 0.9723592)
[INFO] 2022-09-28 22:27:03,632 [    train.py:  237]:	Precision 0.480 Recall 0.405 F1 0.439
[INFO] 2022-09-28 22:27:18,743 [    train.py:  185]:	Epoch 97: 
[INFO] 2022-09-28 22:27:18,744 [    train.py:  186]:	Train:
[INFO] 2022-09-28 22:27:18,747 [    train.py:  198]:	Loss 0.0023, ('Ner Loss', 0.0006379424594342709),  ('CLS Classification Loss', 0.0017080805264413357)
[INFO] 2022-09-28 22:27:18,747 [    train.py:  208]:	('Ner Acc', 0.9997605681419373),  ('CLS Classification Acc', 0.9994792342185974)
[INFO] 2022-09-28 22:27:21,009 [    train.py:  220]:	Evaluate:
[INFO] 2022-09-28 22:27:21,011 [    train.py:  227]:	Loss 0.2253, ('Ner Loss', 0.0220745),  ('CLS Classification Loss', 0.20323326)
[INFO] 2022-09-28 22:27:21,011 [    train.py:  228]:	('Ner Acc', 0.9976538), ('CLS Classification Acc', 0.9735776)
[INFO] 2022-09-28 22:27:29,631 [    train.py:  237]:	Precision 0.492 Recall 0.412 F1 0.448
[INFO] 2022-09-28 22:27:45,008 [    train.py:  185]:	Epoch 98: 
[INFO] 2022-09-28 22:27:45,008 [    train.py:  186]:	Train:
[INFO] 2022-09-28 22:27:45,012 [    train.py:  198]:	Loss 0.0041, ('Ner Loss', 0.0008747468236833811),  ('CLS Classification Loss', 0.0032564771827310324)
[INFO] 2022-09-28 22:27:45,012 [    train.py:  208]:	('Ner Acc', 0.9996670484542847),  ('CLS Classification Acc', 0.9987353682518005)
[INFO] 2022-09-28 22:27:47,259 [    train.py:  220]:	Evaluate:
[INFO] 2022-09-28 22:27:47,259 [    train.py:  227]:	Loss 0.2057, ('Ner Loss', 0.019194094),  ('CLS Classification Loss', 0.18651387)
[INFO] 2022-09-28 22:27:47,260 [    train.py:  228]:	('Ner Acc', 0.9976366), ('CLS Classification Acc', 0.97386694)
[INFO] 2022-09-28 22:27:55,974 [    train.py:  237]:	Precision 0.514 Recall 0.441 F1 0.475
[INFO] 2022-09-28 22:28:11,153 [    train.py:  185]:	Epoch 99: 
[INFO] 2022-09-28 22:28:11,154 [    train.py:  186]:	Train:
[INFO] 2022-09-28 22:28:11,158 [    train.py:  198]:	Loss 0.0043, ('Ner Loss', 0.000907250156160444),  ('CLS Classification Loss', 0.003404152113944292)
[INFO] 2022-09-28 22:28:11,158 [    train.py:  208]:	('Ner Acc', 0.9996584057807922),  ('CLS Classification Acc', 0.9990576505661011)
[INFO] 2022-09-28 22:28:13,427 [    train.py:  220]:	Evaluate:
[INFO] 2022-09-28 22:28:13,428 [    train.py:  227]:	Loss 0.2228, ('Ner Loss', 0.023207558),  ('CLS Classification Loss', 0.19959188)
[INFO] 2022-09-28 22:28:13,428 [    train.py:  228]:	('Ner Acc', 0.99747515), ('CLS Classification Acc', 0.97481114)
[INFO] 2022-09-28 22:28:22,147 [    train.py:  237]:	Precision 0.480 Recall 0.393 F1 0.432
[INFO] 2022-09-28 22:28:37,280 [    train.py:  185]:	Epoch 100: 
[INFO] 2022-09-28 22:28:37,281 [    train.py:  186]:	Train:
[INFO] 2022-09-28 22:28:37,284 [    train.py:  198]:	Loss 0.0018, ('Ner Loss', 0.0006127820233814418),  ('CLS Classification Loss', 0.0011714576976373792)
[INFO] 2022-09-28 22:28:37,284 [    train.py:  208]:	('Ner Acc', 0.9997332096099854),  ('CLS Classification Acc', 0.9997270703315735)
[INFO] 2022-09-28 22:28:39,526 [    train.py:  220]:	Evaluate:
[INFO] 2022-09-28 22:28:39,527 [    train.py:  227]:	Loss 0.2153, ('Ner Loss', 0.02262386),  ('CLS Classification Loss', 0.19272138)
[INFO] 2022-09-28 22:28:39,527 [    train.py:  228]:	('Ner Acc', 0.99744046), ('CLS Classification Acc', 0.9736538)
[INFO] 2022-09-28 22:28:48,241 [    train.py:  237]:	Precision 0.446 Recall 0.408 F1 0.426
[INFO] 2022-09-28 22:28:48,242 [    train.py:  257]:	Best Epoch 98; Best f1 0.47485677912157864 precision 0.5137741046831956 recall 0.4414201183431953;
