[INFO] 2022-09-10 06:07:20,019 [    train.py:  505]:	Namespace(block_att_head_num=1, cased=True, d_block=256, data_aug=None, dataset='res15', do_test=True, do_train=True, do_valid=True, drop_null_data=True, dropout_rate=0.1, epochs=50, extra_attention=True, fuse_strategy='update', init_model_dir='', language='en', loss_ratio=1.0, lr=2e-05, mask_sb=True, model_type='end_to_end', output_dir='./output', save_dir='', task_name='ttee_res15_50epoch_256d_2e-5lr_cased_0.1dropout_dropnull_1loss', test_batch_size=32, train_batch_size=16, valid_freq=1)
[INFO] 2022-09-10 06:07:31,883 [    train.py:  118]:	{'init_bert_model': 'bert-base-cased', 'sentence_b': DictWrapper({'texts': ListWrapper(['general of ambience', 'price of drinks', 'quality of drinks', 'style options of drinks', 'prices of food', 'quality of food', 'style options of food', 'general of location', 'general of restaurant', 'miscellaneous of restaurant', 'prices of restaurant', 'general of service']), 'sentiments': ListWrapper(['negative', 'neutral', 'positive'])}), 'num_sentiment_classes': 3, 'subblock_hidden_size': 256, 'subblock_head_num': 1, 'cache_dir': 'bert_models/bert-base-cased', 'fuse_strategy': 'update', 'extra_attention': True, 'dropout': 0.1, 'loss_ratio': 1.0}
[INFO] 2022-09-10 06:07:31,883 [    train.py:  120]:	Number of Train Sentence: 1120
[INFO] 2022-09-10 06:08:20,249 [    train.py:  184]:	Epoch 1: 
[INFO] 2022-09-10 06:08:20,249 [    train.py:  185]:	Train:
[INFO] 2022-09-10 06:08:20,254 [    train.py:  197]:	Loss 0.3316, ('Ner Loss', 0.12946180999279022),  ('CLS Classification Loss', 0.20214198529720306)
[INFO] 2022-09-10 06:08:20,254 [    train.py:  207]:	('Ner Acc', 0.9634220600128174),  ('CLS Classification Acc', 0.9414187669754028)
[INFO] 2022-09-10 06:08:25,498 [    train.py:  219]:	Evaluate:
[INFO] 2022-09-10 06:08:25,500 [    train.py:  226]:	Loss 0.1948, ('Ner Loss', 0.029933644),  ('CLS Classification Loss', 0.16486414)
[INFO] 2022-09-10 06:08:25,500 [    train.py:  227]:	('Ner Acc', 0.99689984), ('CLS Classification Acc', 0.962567)
[INFO] 2022-09-10 06:08:42,605 [    train.py:  236]:	Precision 0.000 Recall 0.000 F1 0.000
[INFO] 2022-09-10 06:08:57,686 [    train.py:  184]:	Epoch 2: 
[INFO] 2022-09-10 06:08:57,687 [    train.py:  185]:	Train:
[INFO] 2022-09-10 06:08:57,695 [    train.py:  197]:	Loss 0.1915, ('Ner Loss', 0.03076258674263954),  ('CLS Classification Loss', 0.1607869267463684)
[INFO] 2022-09-10 06:08:57,695 [    train.py:  207]:	('Ner Acc', 0.9963461756706238),  ('CLS Classification Acc', 0.9626984596252441)
[INFO] 2022-09-10 06:08:59,938 [    train.py:  219]:	Evaluate:
[INFO] 2022-09-10 06:08:59,938 [    train.py:  226]:	Loss 0.1858, ('Ner Loss', 0.023975745),  ('CLS Classification Loss', 0.16184334)
[INFO] 2022-09-10 06:08:59,938 [    train.py:  227]:	('Ner Acc', 0.99689984), ('CLS Classification Acc', 0.962567)
[INFO] 2022-09-10 06:09:13,609 [    train.py:  236]:	Precision 0.000 Recall 0.000 F1 0.000
[INFO] 2022-09-10 06:09:28,662 [    train.py:  184]:	Epoch 3: 
[INFO] 2022-09-10 06:09:28,663 [    train.py:  185]:	Train:
[INFO] 2022-09-10 06:09:28,667 [    train.py:  197]:	Loss 0.1738, ('Ner Loss', 0.029463376849889755),  ('CLS Classification Loss', 0.14434485137462616)
[INFO] 2022-09-10 06:09:28,667 [    train.py:  207]:	('Ner Acc', 0.996079683303833),  ('CLS Classification Acc', 0.9626737236976624)
[INFO] 2022-09-10 06:09:30,868 [    train.py:  219]:	Evaluate:
[INFO] 2022-09-10 06:09:30,868 [    train.py:  226]:	Loss 0.1599, ('Ner Loss', 0.022602912),  ('CLS Classification Loss', 0.13732281)
[INFO] 2022-09-10 06:09:30,868 [    train.py:  227]:	('Ner Acc', 0.99689984), ('CLS Classification Acc', 0.962567)
[INFO] 2022-09-10 06:09:45,120 [    train.py:  236]:	Precision 0.000 Recall 0.000 F1 0.000
[INFO] 2022-09-10 06:10:00,157 [    train.py:  184]:	Epoch 4: 
[INFO] 2022-09-10 06:10:00,158 [    train.py:  185]:	Train:
[INFO] 2022-09-10 06:10:00,162 [    train.py:  197]:	Loss 0.1566, ('Ner Loss', 0.02639688551425934),  ('CLS Classification Loss', 0.1302160918712616)
[INFO] 2022-09-10 06:10:00,162 [    train.py:  207]:	('Ner Acc', 0.9963460564613342),  ('CLS Classification Acc', 0.9626737236976624)
[INFO] 2022-09-10 06:10:02,460 [    train.py:  219]:	Evaluate:
[INFO] 2022-09-10 06:10:02,461 [    train.py:  226]:	Loss 0.1643, ('Ner Loss', 0.021351794),  ('CLS Classification Loss', 0.14297405)
[INFO] 2022-09-10 06:10:02,461 [    train.py:  227]:	('Ner Acc', 0.99689984), ('CLS Classification Acc', 0.962567)
[INFO] 2022-09-10 06:10:16,218 [    train.py:  236]:	Precision 0.000 Recall 0.000 F1 0.000
[INFO] 2022-09-10 06:10:31,332 [    train.py:  184]:	Epoch 5: 
[INFO] 2022-09-10 06:10:31,333 [    train.py:  185]:	Train:
[INFO] 2022-09-10 06:10:31,337 [    train.py:  197]:	Loss 0.1520, ('Ner Loss', 0.025191599503159523),  ('CLS Classification Loss', 0.1268240213394165)
[INFO] 2022-09-10 06:10:31,337 [    train.py:  207]:	('Ner Acc', 0.9963460564613342),  ('CLS Classification Acc', 0.9628473520278931)
[INFO] 2022-09-10 06:10:33,617 [    train.py:  219]:	Evaluate:
[INFO] 2022-09-10 06:10:33,617 [    train.py:  226]:	Loss 0.1544, ('Ner Loss', 0.020529917),  ('CLS Classification Loss', 0.13389926)
[INFO] 2022-09-10 06:10:33,617 [    train.py:  227]:	('Ner Acc', 0.99689984), ('CLS Classification Acc', 0.962567)
[INFO] 2022-09-10 06:10:47,369 [    train.py:  236]:	Precision 0.000 Recall 0.000 F1 0.000
[INFO] 2022-09-10 06:11:02,290 [    train.py:  184]:	Epoch 6: 
[INFO] 2022-09-10 06:11:02,291 [    train.py:  185]:	Train:
[INFO] 2022-09-10 06:11:02,295 [    train.py:  197]:	Loss 0.1470, ('Ner Loss', 0.024142799898982048),  ('CLS Classification Loss', 0.12287763506174088)
[INFO] 2022-09-10 06:11:02,295 [    train.py:  207]:	('Ner Acc', 0.9963446259498596),  ('CLS Classification Acc', 0.9628968238830566)
[INFO] 2022-09-10 06:11:04,525 [    train.py:  219]:	Evaluate:
[INFO] 2022-09-10 06:11:04,526 [    train.py:  226]:	Loss 0.1548, ('Ner Loss', 0.019807162),  ('CLS Classification Loss', 0.13503678)
[INFO] 2022-09-10 06:11:04,526 [    train.py:  227]:	('Ner Acc', 0.99689984), ('CLS Classification Acc', 0.962567)
[INFO] 2022-09-10 06:11:18,071 [    train.py:  236]:	Precision 0.000 Recall 0.000 F1 0.000
[INFO] 2022-09-10 06:11:33,164 [    train.py:  184]:	Epoch 7: 
[INFO] 2022-09-10 06:11:33,164 [    train.py:  185]:	Train:
[INFO] 2022-09-10 06:11:33,167 [    train.py:  197]:	Loss 0.1434, ('Ner Loss', 0.023386448621749878),  ('CLS Classification Loss', 0.11998112499713898)
[INFO] 2022-09-10 06:11:33,167 [    train.py:  207]:	('Ner Acc', 0.9963405132293701),  ('CLS Classification Acc', 0.9634178280830383)
[INFO] 2022-09-10 06:11:35,383 [    train.py:  219]:	Evaluate:
[INFO] 2022-09-10 06:11:35,383 [    train.py:  226]:	Loss 0.1553, ('Ner Loss', 0.019183949),  ('CLS Classification Loss', 0.13610095)
[INFO] 2022-09-10 06:11:35,383 [    train.py:  227]:	('Ner Acc', 0.99689984), ('CLS Classification Acc', 0.962567)
[INFO] 2022-09-10 06:11:49,323 [    train.py:  236]:	Precision 0.000 Recall 0.000 F1 0.000
[INFO] 2022-09-10 06:12:04,497 [    train.py:  184]:	Epoch 8: 
[INFO] 2022-09-10 06:12:04,498 [    train.py:  185]:	Train:
[INFO] 2022-09-10 06:12:04,503 [    train.py:  197]:	Loss 0.1397, ('Ner Loss', 0.022649528458714485),  ('CLS Classification Loss', 0.11707007884979248)
[INFO] 2022-09-10 06:12:04,503 [    train.py:  207]:	('Ner Acc', 0.996325671672821),  ('CLS Classification Acc', 0.9635912179946899)
[INFO] 2022-09-10 06:12:06,757 [    train.py:  219]:	Evaluate:
[INFO] 2022-09-10 06:12:06,758 [    train.py:  226]:	Loss 0.1461, ('Ner Loss', 0.01848234),  ('CLS Classification Loss', 0.1276572)
[INFO] 2022-09-10 06:12:06,759 [    train.py:  227]:	('Ner Acc', 0.99689436), ('CLS Classification Acc', 0.96471435)
[INFO] 2022-09-10 06:12:20,321 [    train.py:  236]:	Precision 0.070 Recall 0.006 F1 0.011
[INFO] 2022-09-10 06:12:35,233 [    train.py:  184]:	Epoch 9: 
[INFO] 2022-09-10 06:12:35,234 [    train.py:  185]:	Train:
[INFO] 2022-09-10 06:12:35,238 [    train.py:  197]:	Loss 0.1360, ('Ner Loss', 0.02146030217409134),  ('CLS Classification Loss', 0.11451038718223572)
[INFO] 2022-09-10 06:12:35,238 [    train.py:  207]:	('Ner Acc', 0.9963032603263855),  ('CLS Classification Acc', 0.9643105864524841)
[INFO] 2022-09-10 06:12:37,468 [    train.py:  219]:	Evaluate:
[INFO] 2022-09-10 06:12:37,468 [    train.py:  226]:	Loss 0.1486, ('Ner Loss', 0.017782703),  ('CLS Classification Loss', 0.13079995)
[INFO] 2022-09-10 06:12:37,468 [    train.py:  227]:	('Ner Acc', 0.99686575), ('CLS Classification Acc', 0.96585643)
[INFO] 2022-09-10 06:12:51,100 [    train.py:  236]:	Precision 0.082 Recall 0.008 F1 0.015
[INFO] 2022-09-10 06:13:06,206 [    train.py:  184]:	Epoch 10: 
[INFO] 2022-09-10 06:13:06,207 [    train.py:  185]:	Train:
[INFO] 2022-09-10 06:13:06,211 [    train.py:  197]:	Loss 0.1310, ('Ner Loss', 0.02016131952404976),  ('CLS Classification Loss', 0.11086428165435791)
[INFO] 2022-09-10 06:13:06,212 [    train.py:  207]:	('Ner Acc', 0.9963070750236511),  ('CLS Classification Acc', 0.965104341506958)
[INFO] 2022-09-10 06:13:08,456 [    train.py:  219]:	Evaluate:
[INFO] 2022-09-10 06:13:08,457 [    train.py:  226]:	Loss 0.1424, ('Ner Loss', 0.016394794),  ('CLS Classification Loss', 0.12599795)
[INFO] 2022-09-10 06:13:08,457 [    train.py:  227]:	('Ner Acc', 0.99687344), ('CLS Classification Acc', 0.96549094)
[INFO] 2022-09-10 06:13:22,182 [    train.py:  236]:	Precision 0.085 Recall 0.011 F1 0.019
[INFO] 2022-09-10 06:13:37,293 [    train.py:  184]:	Epoch 11: 
[INFO] 2022-09-10 06:13:37,294 [    train.py:  185]:	Train:
[INFO] 2022-09-10 06:13:37,301 [    train.py:  197]:	Loss 0.1258, ('Ner Loss', 0.018511945381760597),  ('CLS Classification Loss', 0.10731559991836548)
[INFO] 2022-09-10 06:13:37,301 [    train.py:  207]:	('Ner Acc', 0.9962881803512573),  ('CLS Classification Acc', 0.9662697911262512)
[INFO] 2022-09-10 06:13:39,535 [    train.py:  219]:	Evaluate:
[INFO] 2022-09-10 06:13:39,535 [    train.py:  226]:	Loss 0.1468, ('Ner Loss', 0.015552278),  ('CLS Classification Loss', 0.13122854)
[INFO] 2022-09-10 06:13:39,535 [    train.py:  227]:	('Ner Acc', 0.9969032), ('CLS Classification Acc', 0.96590215)
[INFO] 2022-09-10 06:13:53,177 [    train.py:  236]:	Precision 0.088 Recall 0.013 F1 0.023
[INFO] 2022-09-10 06:14:08,209 [    train.py:  184]:	Epoch 12: 
[INFO] 2022-09-10 06:14:08,210 [    train.py:  185]:	Train:
[INFO] 2022-09-10 06:14:08,217 [    train.py:  197]:	Loss 0.1201, ('Ner Loss', 0.01731288619339466),  ('CLS Classification Loss', 0.10279356688261032)
[INFO] 2022-09-10 06:14:08,217 [    train.py:  207]:	('Ner Acc', 0.9962550401687622),  ('CLS Classification Acc', 0.9676586985588074)
[INFO] 2022-09-10 06:14:10,539 [    train.py:  219]:	Evaluate:
[INFO] 2022-09-10 06:14:10,540 [    train.py:  226]:	Loss 0.1388, ('Ner Loss', 0.015393597),  ('CLS Classification Loss', 0.12340651)
[INFO] 2022-09-10 06:14:10,540 [    train.py:  227]:	('Ner Acc', 0.99689794), ('CLS Classification Acc', 0.96626765)
[INFO] 2022-09-10 06:14:23,637 [    train.py:  236]:	Precision 0.068 Recall 0.008 F1 0.015
[INFO] 2022-09-10 06:14:38,923 [    train.py:  184]:	Epoch 13: 
[INFO] 2022-09-10 06:14:38,923 [    train.py:  185]:	Train:
[INFO] 2022-09-10 06:14:38,928 [    train.py:  197]:	Loss 0.1119, ('Ner Loss', 0.01691448502242565),  ('CLS Classification Loss', 0.09497282654047012)
[INFO] 2022-09-10 06:14:38,928 [    train.py:  207]:	('Ner Acc', 0.9962025284767151),  ('CLS Classification Acc', 0.9692708849906921)
[INFO] 2022-09-10 06:14:41,172 [    train.py:  219]:	Evaluate:
[INFO] 2022-09-10 06:14:41,172 [    train.py:  226]:	Loss 0.1372, ('Ner Loss', 0.015460883),  ('CLS Classification Loss', 0.12174195)
[INFO] 2022-09-10 06:14:41,172 [    train.py:  227]:	('Ner Acc', 0.9968887), ('CLS Classification Acc', 0.9654758)
[INFO] 2022-09-10 06:14:54,357 [    train.py:  236]:	Precision 0.126 Recall 0.044 F1 0.065
[INFO] 2022-09-10 06:15:09,689 [    train.py:  184]:	Epoch 14: 
[INFO] 2022-09-10 06:15:09,690 [    train.py:  185]:	Train:
[INFO] 2022-09-10 06:15:09,697 [    train.py:  197]:	Loss 0.1016, ('Ner Loss', 0.016001814976334572),  ('CLS Classification Loss', 0.08560879528522491)
[INFO] 2022-09-10 06:15:09,697 [    train.py:  207]:	('Ner Acc', 0.996274471282959),  ('CLS Classification Acc', 0.973239004611969)
[INFO] 2022-09-10 06:15:12,006 [    train.py:  219]:	Evaluate:
[INFO] 2022-09-10 06:15:12,006 [    train.py:  226]:	Loss 0.1345, ('Ner Loss', 0.015097155),  ('CLS Classification Loss', 0.1193751)
[INFO] 2022-09-10 06:15:12,007 [    train.py:  227]:	('Ner Acc', 0.9969073), ('CLS Classification Acc', 0.9677297)
[INFO] 2022-09-10 06:15:25,152 [    train.py:  236]:	Precision 0.189 Recall 0.069 F1 0.101
[INFO] 2022-09-10 06:15:40,535 [    train.py:  184]:	Epoch 15: 
[INFO] 2022-09-10 06:15:40,535 [    train.py:  185]:	Train:
[INFO] 2022-09-10 06:15:40,538 [    train.py:  197]:	Loss 0.0880, ('Ner Loss', 0.015340971760451794),  ('CLS Classification Loss', 0.07268305867910385)
[INFO] 2022-09-10 06:15:40,538 [    train.py:  207]:	('Ner Acc', 0.9963086843490601),  ('CLS Classification Acc', 0.9752730131149292)
[INFO] 2022-09-10 06:15:42,817 [    train.py:  219]:	Evaluate:
[INFO] 2022-09-10 06:15:42,818 [    train.py:  226]:	Loss 0.1393, ('Ner Loss', 0.01448391),  ('CLS Classification Loss', 0.12476941)
[INFO] 2022-09-10 06:15:42,818 [    train.py:  227]:	('Ner Acc', 0.99692667), ('CLS Classification Acc', 0.96873474)
[INFO] 2022-09-10 06:15:55,884 [    train.py:  236]:	Precision 0.212 Recall 0.070 F1 0.105
[INFO] 2022-09-10 06:16:11,100 [    train.py:  184]:	Epoch 16: 
[INFO] 2022-09-10 06:16:11,100 [    train.py:  185]:	Train:
[INFO] 2022-09-10 06:16:11,103 [    train.py:  197]:	Loss 0.0803, ('Ner Loss', 0.01376251969486475),  ('CLS Classification Loss', 0.06658188998699188)
[INFO] 2022-09-10 06:16:11,103 [    train.py:  207]:	('Ner Acc', 0.9964587688446045),  ('CLS Classification Acc', 0.9767364263534546)
[INFO] 2022-09-10 06:16:13,395 [    train.py:  219]:	Evaluate:
[INFO] 2022-09-10 06:16:13,396 [    train.py:  226]:	Loss 0.1410, ('Ner Loss', 0.014407851),  ('CLS Classification Loss', 0.12662521)
[INFO] 2022-09-10 06:16:13,396 [    train.py:  227]:	('Ner Acc', 0.9970975), ('CLS Classification Acc', 0.9684149)
[INFO] 2022-09-10 06:16:26,917 [    train.py:  236]:	Precision 0.291 Recall 0.154 F1 0.201
[INFO] 2022-09-10 06:16:42,157 [    train.py:  184]:	Epoch 17: 
[INFO] 2022-09-10 06:16:42,157 [    train.py:  185]:	Train:
[INFO] 2022-09-10 06:16:42,162 [    train.py:  197]:	Loss 0.0715, ('Ner Loss', 0.012386818416416645),  ('CLS Classification Loss', 0.05911619961261749)
[INFO] 2022-09-10 06:16:42,162 [    train.py:  207]:	('Ner Acc', 0.9966817498207092),  ('CLS Classification Acc', 0.9790427088737488)
[INFO] 2022-09-10 06:16:44,489 [    train.py:  219]:	Evaluate:
[INFO] 2022-09-10 06:16:44,490 [    train.py:  226]:	Loss 0.1229, ('Ner Loss', 0.012603362),  ('CLS Classification Loss', 0.110345125)
[INFO] 2022-09-10 06:16:44,490 [    train.py:  227]:	('Ner Acc', 0.9972706), ('CLS Classification Acc', 0.9694657)
[INFO] 2022-09-10 06:16:57,807 [    train.py:  236]:	Precision 0.319 Recall 0.164 F1 0.217
[INFO] 2022-09-10 06:17:13,051 [    train.py:  184]:	Epoch 18: 
[INFO] 2022-09-10 06:17:13,053 [    train.py:  185]:	Train:
[INFO] 2022-09-10 06:17:13,060 [    train.py:  197]:	Loss 0.0632, ('Ner Loss', 0.011409886181354523),  ('CLS Classification Loss', 0.05183880776166916)
[INFO] 2022-09-10 06:17:13,060 [    train.py:  207]:	('Ner Acc', 0.9968183040618896),  ('CLS Classification Acc', 0.9814735651016235)
[INFO] 2022-09-10 06:17:15,347 [    train.py:  219]:	Evaluate:
[INFO] 2022-09-10 06:17:15,348 [    train.py:  226]:	Loss 0.1444, ('Ner Loss', 0.012465668),  ('CLS Classification Loss', 0.13194454)
[INFO] 2022-09-10 06:17:15,348 [    train.py:  227]:	('Ner Acc', 0.9973003), ('CLS Classification Acc', 0.9704403)
[INFO] 2022-09-10 06:17:29,014 [    train.py:  236]:	Precision 0.373 Recall 0.182 F1 0.245
[INFO] 2022-09-10 06:17:44,179 [    train.py:  184]:	Epoch 19: 
[INFO] 2022-09-10 06:17:44,179 [    train.py:  185]:	Train:
[INFO] 2022-09-10 06:17:44,183 [    train.py:  197]:	Loss 0.0564, ('Ner Loss', 0.010523398406803608),  ('CLS Classification Loss', 0.0458952859044075)
[INFO] 2022-09-10 06:17:44,183 [    train.py:  207]:	('Ner Acc', 0.9969181418418884),  ('CLS Classification Acc', 0.9835068583488464)
[INFO] 2022-09-10 06:17:46,432 [    train.py:  219]:	Evaluate:
[INFO] 2022-09-10 06:17:46,433 [    train.py:  226]:	Loss 0.1314, ('Ner Loss', 0.013377277),  ('CLS Classification Loss', 0.11800023)
[INFO] 2022-09-10 06:17:46,433 [    train.py:  227]:	('Ner Acc', 0.9972002), ('CLS Classification Acc', 0.9721462)
[INFO] 2022-09-10 06:17:59,974 [    train.py:  236]:	Precision 0.325 Recall 0.219 F1 0.262
[INFO] 2022-09-10 06:18:14,943 [    train.py:  184]:	Epoch 20: 
[INFO] 2022-09-10 06:18:14,944 [    train.py:  185]:	Train:
[INFO] 2022-09-10 06:18:14,947 [    train.py:  197]:	Loss 0.0523, ('Ner Loss', 0.009432915598154068),  ('CLS Classification Loss', 0.04291212558746338)
[INFO] 2022-09-10 06:18:14,947 [    train.py:  207]:	('Ner Acc', 0.9971605539321899),  ('CLS Classification Acc', 0.9844990372657776)
[INFO] 2022-09-10 06:18:17,150 [    train.py:  219]:	Evaluate:
[INFO] 2022-09-10 06:18:17,151 [    train.py:  226]:	Loss 0.1322, ('Ner Loss', 0.012985484),  ('CLS Classification Loss', 0.11924551)
[INFO] 2022-09-10 06:18:17,151 [    train.py:  227]:	('Ner Acc', 0.9971796), ('CLS Classification Acc', 0.9734252)
[INFO] 2022-09-10 06:18:30,979 [    train.py:  236]:	Precision 0.371 Recall 0.298 F1 0.331
[INFO] 2022-09-10 06:18:46,036 [    train.py:  184]:	Epoch 21: 
[INFO] 2022-09-10 06:18:46,037 [    train.py:  185]:	Train:
[INFO] 2022-09-10 06:18:46,044 [    train.py:  197]:	Loss 0.0453, ('Ner Loss', 0.008790681138634682),  ('CLS Classification Loss', 0.03647695481777191)
[INFO] 2022-09-10 06:18:46,044 [    train.py:  207]:	('Ner Acc', 0.9972634315490723),  ('CLS Classification Acc', 0.986830472946167)
[INFO] 2022-09-10 06:18:48,275 [    train.py:  219]:	Evaluate:
[INFO] 2022-09-10 06:18:48,275 [    train.py:  226]:	Loss 0.1410, ('Ner Loss', 0.013100893),  ('CLS Classification Loss', 0.12789209)
[INFO] 2022-09-10 06:18:48,276 [    train.py:  227]:	('Ner Acc', 0.99733555), ('CLS Classification Acc', 0.97312075)
[INFO] 2022-09-10 06:19:01,971 [    train.py:  236]:	Precision 0.368 Recall 0.257 F1 0.303
[INFO] 2022-09-10 06:19:17,091 [    train.py:  184]:	Epoch 22: 
[INFO] 2022-09-10 06:19:17,092 [    train.py:  185]:	Train:
[INFO] 2022-09-10 06:19:17,094 [    train.py:  197]:	Loss 0.0416, ('Ner Loss', 0.008004031144082546),  ('CLS Classification Loss', 0.0336446650326252)
[INFO] 2022-09-10 06:19:17,094 [    train.py:  207]:	('Ner Acc', 0.9973848462104797),  ('CLS Classification Acc', 0.9872767925262451)
[INFO] 2022-09-10 06:19:19,352 [    train.py:  219]:	Evaluate:
[INFO] 2022-09-10 06:19:19,353 [    train.py:  226]:	Loss 0.1345, ('Ner Loss', 0.012843238),  ('CLS Classification Loss', 0.12168922)
[INFO] 2022-09-10 06:19:19,353 [    train.py:  227]:	('Ner Acc', 0.99718493), ('CLS Classification Acc', 0.9738822)
[INFO] 2022-09-10 06:19:33,085 [    train.py:  236]:	Precision 0.383 Recall 0.312 F1 0.344
[INFO] 2022-09-10 06:19:48,150 [    train.py:  184]:	Epoch 23: 
[INFO] 2022-09-10 06:19:48,151 [    train.py:  185]:	Train:
[INFO] 2022-09-10 06:19:48,155 [    train.py:  197]:	Loss 0.0409, ('Ner Loss', 0.007931334897875786),  ('CLS Classification Loss', 0.032962922006845474)
[INFO] 2022-09-10 06:19:48,155 [    train.py:  207]:	('Ner Acc', 0.9974144101142883),  ('CLS Classification Acc', 0.9874998927116394)
[INFO] 2022-09-10 06:19:50,391 [    train.py:  219]:	Evaluate:
[INFO] 2022-09-10 06:19:50,392 [    train.py:  226]:	Loss 0.1474, ('Ner Loss', 0.013900832),  ('CLS Classification Loss', 0.1335289)
[INFO] 2022-09-10 06:19:50,392 [    train.py:  227]:	('Ner Acc', 0.997301), ('CLS Classification Acc', 0.97296834)
[INFO] 2022-09-10 06:20:03,859 [    train.py:  236]:	Precision 0.371 Recall 0.308 F1 0.336
[INFO] 2022-09-10 06:20:18,932 [    train.py:  184]:	Epoch 24: 
[INFO] 2022-09-10 06:20:18,932 [    train.py:  185]:	Train:
[INFO] 2022-09-10 06:20:18,938 [    train.py:  197]:	Loss 0.0352, ('Ner Loss', 0.00699289096519351),  ('CLS Classification Loss', 0.0282369963824749)
[INFO] 2022-09-10 06:20:18,938 [    train.py:  207]:	('Ner Acc', 0.9976910352706909),  ('CLS Classification Acc', 0.9890375137329102)
[INFO] 2022-09-10 06:20:21,167 [    train.py:  219]:	Evaluate:
[INFO] 2022-09-10 06:20:21,168 [    train.py:  226]:	Loss 0.1366, ('Ner Loss', 0.013837707),  ('CLS Classification Loss', 0.12275654)
[INFO] 2022-09-10 06:20:21,168 [    train.py:  227]:	('Ner Acc', 0.9972056), ('CLS Classification Acc', 0.9752224)
[INFO] 2022-09-10 06:20:34,965 [    train.py:  236]:	Precision 0.376 Recall 0.357 F1 0.366
[INFO] 2022-09-10 06:20:49,856 [    train.py:  184]:	Epoch 25: 
[INFO] 2022-09-10 06:20:49,857 [    train.py:  185]:	Train:
[INFO] 2022-09-10 06:20:49,860 [    train.py:  197]:	Loss 0.0333, ('Ner Loss', 0.006226012483239174),  ('CLS Classification Loss', 0.027089979499578476)
[INFO] 2022-09-10 06:20:49,861 [    train.py:  207]:	('Ner Acc', 0.9978381395339966),  ('CLS Classification Acc', 0.9897817373275757)
[INFO] 2022-09-10 06:20:52,039 [    train.py:  219]:	Evaluate:
[INFO] 2022-09-10 06:20:52,039 [    train.py:  226]:	Loss 0.1486, ('Ner Loss', 0.014577699),  ('CLS Classification Loss', 0.13398437)
[INFO] 2022-09-10 06:20:52,040 [    train.py:  227]:	('Ner Acc', 0.9972367), ('CLS Classification Acc', 0.97284657)
[INFO] 2022-09-10 06:21:05,998 [    train.py:  236]:	Precision 0.407 Recall 0.318 F1 0.357
[INFO] 2022-09-10 06:21:21,110 [    train.py:  184]:	Epoch 26: 
[INFO] 2022-09-10 06:21:21,110 [    train.py:  185]:	Train:
[INFO] 2022-09-10 06:21:21,113 [    train.py:  197]:	Loss 0.0307, ('Ner Loss', 0.005828318651765585),  ('CLS Classification Loss', 0.02485666424036026)
[INFO] 2022-09-10 06:21:21,113 [    train.py:  207]:	('Ner Acc', 0.9979091286659241),  ('CLS Classification Acc', 0.990252673625946)
[INFO] 2022-09-10 06:21:23,360 [    train.py:  219]:	Evaluate:
[INFO] 2022-09-10 06:21:23,360 [    train.py:  226]:	Loss 0.1647, ('Ner Loss', 0.014856191),  ('CLS Classification Loss', 0.14989036)
[INFO] 2022-09-10 06:21:23,360 [    train.py:  227]:	('Ner Acc', 0.9970539), ('CLS Classification Acc', 0.9724812)
[INFO] 2022-09-10 06:21:37,729 [    train.py:  236]:	Precision 0.358 Recall 0.314 F1 0.334
[INFO] 2022-09-10 06:21:52,790 [    train.py:  184]:	Epoch 27: 
[INFO] 2022-09-10 06:21:52,790 [    train.py:  185]:	Train:
[INFO] 2022-09-10 06:21:52,794 [    train.py:  197]:	Loss 0.0272, ('Ner Loss', 0.0054400647059082985),  ('CLS Classification Loss', 0.02173040620982647)
[INFO] 2022-09-10 06:21:52,794 [    train.py:  207]:	('Ner Acc', 0.9980180859565735),  ('CLS Classification Acc', 0.9914683699607849)
[INFO] 2022-09-10 06:21:55,041 [    train.py:  219]:	Evaluate:
[INFO] 2022-09-10 06:21:55,041 [    train.py:  226]:	Loss 0.1669, ('Ner Loss', 0.015112455),  ('CLS Classification Loss', 0.15181066)
[INFO] 2022-09-10 06:21:55,041 [    train.py:  227]:	('Ner Acc', 0.99728), ('CLS Classification Acc', 0.9726943)
[INFO] 2022-09-10 06:22:08,618 [    train.py:  236]:	Precision 0.417 Recall 0.368 F1 0.391
[INFO] 2022-09-10 06:22:23,653 [    train.py:  184]:	Epoch 28: 
[INFO] 2022-09-10 06:22:23,654 [    train.py:  185]:	Train:
[INFO] 2022-09-10 06:22:23,657 [    train.py:  197]:	Loss 0.0254, ('Ner Loss', 0.005196245852857828),  ('CLS Classification Loss', 0.02024911716580391)
[INFO] 2022-09-10 06:22:23,658 [    train.py:  207]:	('Ner Acc', 0.99810791015625),  ('CLS Classification Acc', 0.9922126531600952)
[INFO] 2022-09-10 06:22:25,924 [    train.py:  219]:	Evaluate:
[INFO] 2022-09-10 06:22:25,924 [    train.py:  226]:	Loss 0.1641, ('Ner Loss', 0.015525909),  ('CLS Classification Loss', 0.14854759)
[INFO] 2022-09-10 06:22:25,924 [    train.py:  227]:	('Ner Acc', 0.99728495), ('CLS Classification Acc', 0.97374517)
[INFO] 2022-09-10 06:22:40,032 [    train.py:  236]:	Precision 0.414 Recall 0.337 F1 0.372
[INFO] 2022-09-10 06:22:55,036 [    train.py:  184]:	Epoch 29: 
[INFO] 2022-09-10 06:22:55,037 [    train.py:  185]:	Train:
[INFO] 2022-09-10 06:22:55,040 [    train.py:  197]:	Loss 0.0235, ('Ner Loss', 0.004893624223768711),  ('CLS Classification Loss', 0.01861490309238434)
[INFO] 2022-09-10 06:22:55,040 [    train.py:  207]:	('Ner Acc', 0.9981922507286072),  ('CLS Classification Acc', 0.9925099015235901)
[INFO] 2022-09-10 06:22:57,252 [    train.py:  219]:	Evaluate:
[INFO] 2022-09-10 06:22:57,252 [    train.py:  226]:	Loss 0.1749, ('Ner Loss', 0.017400732),  ('CLS Classification Loss', 0.15749726)
[INFO] 2022-09-10 06:22:57,253 [    train.py:  227]:	('Ner Acc', 0.9969911), ('CLS Classification Acc', 0.9730141)
[INFO] 2022-09-10 06:23:11,041 [    train.py:  236]:	Precision 0.407 Recall 0.406 F1 0.406
[INFO] 2022-09-10 06:23:25,960 [    train.py:  184]:	Epoch 30: 
[INFO] 2022-09-10 06:23:25,961 [    train.py:  185]:	Train:
[INFO] 2022-09-10 06:23:25,968 [    train.py:  197]:	Loss 0.0247, ('Ner Loss', 0.004588570911437273),  ('CLS Classification Loss', 0.02015838958323002)
[INFO] 2022-09-10 06:23:25,968 [    train.py:  207]:	('Ner Acc', 0.9983314275741577),  ('CLS Classification Acc', 0.992460310459137)
[INFO] 2022-09-10 06:23:28,253 [    train.py:  219]:	Evaluate:
[INFO] 2022-09-10 06:23:28,254 [    train.py:  226]:	Loss 0.1479, ('Ner Loss', 0.014727994),  ('CLS Classification Loss', 0.13321751)
[INFO] 2022-09-10 06:23:28,254 [    train.py:  227]:	('Ner Acc', 0.9971967), ('CLS Classification Acc', 0.97411066)
[INFO] 2022-09-10 06:23:42,474 [    train.py:  236]:	Precision 0.391 Recall 0.395 F1 0.393
[INFO] 2022-09-10 06:23:57,453 [    train.py:  184]:	Epoch 31: 
[INFO] 2022-09-10 06:23:57,453 [    train.py:  185]:	Train:
[INFO] 2022-09-10 06:23:57,456 [    train.py:  197]:	Loss 0.0212, ('Ner Loss', 0.0043847085908055305),  ('CLS Classification Loss', 0.01679977774620056)
[INFO] 2022-09-10 06:23:57,456 [    train.py:  207]:	('Ner Acc', 0.9983860850334167),  ('CLS Classification Acc', 0.9930557012557983)
[INFO] 2022-09-10 06:23:59,683 [    train.py:  219]:	Evaluate:
[INFO] 2022-09-10 06:23:59,684 [    train.py:  226]:	Loss 0.1569, ('Ner Loss', 0.016121257),  ('CLS Classification Loss', 0.14075533)
[INFO] 2022-09-10 06:23:59,684 [    train.py:  227]:	('Ner Acc', 0.99731016), ('CLS Classification Acc', 0.97274)
[INFO] 2022-09-10 06:24:13,256 [    train.py:  236]:	Precision 0.377 Recall 0.356 F1 0.366
[INFO] 2022-09-10 06:24:28,247 [    train.py:  184]:	Epoch 32: 
[INFO] 2022-09-10 06:24:28,247 [    train.py:  185]:	Train:
[INFO] 2022-09-10 06:24:28,252 [    train.py:  197]:	Loss 0.0217, ('Ner Loss', 0.004184545483440161),  ('CLS Classification Loss', 0.017499404028058052)
[INFO] 2022-09-10 06:24:28,252 [    train.py:  207]:	('Ner Acc', 0.9984236359596252),  ('CLS Classification Acc', 0.9929811954498291)
[INFO] 2022-09-10 06:24:30,447 [    train.py:  219]:	Evaluate:
[INFO] 2022-09-10 06:24:30,447 [    train.py:  226]:	Loss 0.1724, ('Ner Loss', 0.016329559),  ('CLS Classification Loss', 0.15602575)
[INFO] 2022-09-10 06:24:30,448 [    train.py:  227]:	('Ner Acc', 0.9972217), ('CLS Classification Acc', 0.9728009)
[INFO] 2022-09-10 06:24:44,250 [    train.py:  236]:	Precision 0.427 Recall 0.356 F1 0.388
[INFO] 2022-09-10 06:24:59,453 [    train.py:  184]:	Epoch 33: 
[INFO] 2022-09-10 06:24:59,454 [    train.py:  185]:	Train:
[INFO] 2022-09-10 06:24:59,459 [    train.py:  197]:	Loss 0.0182, ('Ner Loss', 0.0038240032736212015),  ('CLS Classification Loss', 0.014399931766092777)
[INFO] 2022-09-10 06:24:59,459 [    train.py:  207]:	('Ner Acc', 0.9985616207122803),  ('CLS Classification Acc', 0.9941717982292175)
[INFO] 2022-09-10 06:25:01,660 [    train.py:  219]:	Evaluate:
[INFO] 2022-09-10 06:25:01,661 [    train.py:  226]:	Loss 0.1946, ('Ner Loss', 0.017731054),  ('CLS Classification Loss', 0.1768394)
[INFO] 2022-09-10 06:25:01,661 [    train.py:  227]:	('Ner Acc', 0.99736863), ('CLS Classification Acc', 0.9732578)
[INFO] 2022-09-10 06:25:15,411 [    train.py:  236]:	Precision 0.437 Recall 0.374 F1 0.403
[INFO] 2022-09-10 06:25:30,562 [    train.py:  184]:	Epoch 34: 
[INFO] 2022-09-10 06:25:30,563 [    train.py:  185]:	Train:
[INFO] 2022-09-10 06:25:30,570 [    train.py:  197]:	Loss 0.0184, ('Ner Loss', 0.003689028089866042),  ('CLS Classification Loss', 0.014681960456073284)
[INFO] 2022-09-10 06:25:30,570 [    train.py:  207]:	('Ner Acc', 0.9985415935516357),  ('CLS Classification Acc', 0.9942708611488342)
[INFO] 2022-09-10 06:25:32,868 [    train.py:  219]:	Evaluate:
[INFO] 2022-09-10 06:25:32,869 [    train.py:  226]:	Loss 0.1652, ('Ner Loss', 0.017066248),  ('CLS Classification Loss', 0.14817154)
[INFO] 2022-09-10 06:25:32,869 [    train.py:  227]:	('Ner Acc', 0.9973096), ('CLS Classification Acc', 0.9736384)
[INFO] 2022-09-10 06:25:46,467 [    train.py:  236]:	Precision 0.442 Recall 0.438 F1 0.440
[INFO] 2022-09-10 06:26:01,491 [    train.py:  184]:	Epoch 35: 
[INFO] 2022-09-10 06:26:01,492 [    train.py:  185]:	Train:
[INFO] 2022-09-10 06:26:01,495 [    train.py:  197]:	Loss 0.0175, ('Ner Loss', 0.003561548888683319),  ('CLS Classification Loss', 0.013910067267715931)
[INFO] 2022-09-10 06:26:01,495 [    train.py:  207]:	('Ner Acc', 0.9986168742179871),  ('CLS Classification Acc', 0.9943948984146118)
[INFO] 2022-09-10 06:26:03,742 [    train.py:  219]:	Evaluate:
[INFO] 2022-09-10 06:26:03,742 [    train.py:  226]:	Loss 0.1799, ('Ner Loss', 0.018749034),  ('CLS Classification Loss', 0.16116923)
[INFO] 2022-09-10 06:26:03,742 [    train.py:  227]:	('Ner Acc', 0.9972936), ('CLS Classification Acc', 0.97411066)
[INFO] 2022-09-10 06:26:17,433 [    train.py:  236]:	Precision 0.456 Recall 0.415 F1 0.435
[INFO] 2022-09-10 06:26:32,578 [    train.py:  184]:	Epoch 36: 
[INFO] 2022-09-10 06:26:32,578 [    train.py:  185]:	Train:
[INFO] 2022-09-10 06:26:32,581 [    train.py:  197]:	Loss 0.0168, ('Ner Loss', 0.003294105175882578),  ('CLS Classification Loss', 0.013460447080433369)
[INFO] 2022-09-10 06:26:32,581 [    train.py:  207]:	('Ner Acc', 0.9987436532974243),  ('CLS Classification Acc', 0.994915783405304)
[INFO] 2022-09-10 06:26:34,839 [    train.py:  219]:	Evaluate:
[INFO] 2022-09-10 06:26:34,839 [    train.py:  226]:	Loss 0.1705, ('Ner Loss', 0.017378293),  ('CLS Classification Loss', 0.15313874)
[INFO] 2022-09-10 06:26:34,839 [    train.py:  227]:	('Ner Acc', 0.9972227), ('CLS Classification Acc', 0.97441524)
[INFO] 2022-09-10 06:26:49,267 [    train.py:  236]:	Precision 0.440 Recall 0.440 F1 0.440
[INFO] 2022-09-10 06:27:04,405 [    train.py:  184]:	Epoch 37: 
[INFO] 2022-09-10 06:27:04,405 [    train.py:  185]:	Train:
[INFO] 2022-09-10 06:27:04,408 [    train.py:  197]:	Loss 0.0158, ('Ner Loss', 0.003259818535298109),  ('CLS Classification Loss', 0.012530081905424595)
[INFO] 2022-09-10 06:27:04,409 [    train.py:  207]:	('Ner Acc', 0.9986521005630493),  ('CLS Classification Acc', 0.9951887130737305)
[INFO] 2022-09-10 06:27:06,659 [    train.py:  219]:	Evaluate:
[INFO] 2022-09-10 06:27:06,660 [    train.py:  226]:	Loss 0.1686, ('Ner Loss', 0.016482266),  ('CLS Classification Loss', 0.15213364)
[INFO] 2022-09-10 06:27:06,660 [    train.py:  227]:	('Ner Acc', 0.9971843), ('CLS Classification Acc', 0.9747959)
[INFO] 2022-09-10 06:27:20,409 [    train.py:  236]:	Precision 0.415 Recall 0.426 F1 0.420
[INFO] 2022-09-10 06:27:35,656 [    train.py:  184]:	Epoch 38: 
[INFO] 2022-09-10 06:27:35,656 [    train.py:  185]:	Train:
[INFO] 2022-09-10 06:27:35,660 [    train.py:  197]:	Loss 0.0136, ('Ner Loss', 0.0030407137237489223),  ('CLS Classification Loss', 0.010599208995699883)
[INFO] 2022-09-10 06:27:35,660 [    train.py:  207]:	('Ner Acc', 0.9988203048706055),  ('CLS Classification Acc', 0.9958829879760742)
[INFO] 2022-09-10 06:27:37,926 [    train.py:  219]:	Evaluate:
[INFO] 2022-09-10 06:27:37,926 [    train.py:  226]:	Loss 0.1835, ('Ner Loss', 0.01812092),  ('CLS Classification Loss', 0.16539213)
[INFO] 2022-09-10 06:27:37,927 [    train.py:  227]:	('Ner Acc', 0.99713236), ('CLS Classification Acc', 0.9733796)
[INFO] 2022-09-10 06:27:51,738 [    train.py:  236]:	Precision 0.426 Recall 0.427 F1 0.426
[INFO] 2022-09-10 06:28:06,851 [    train.py:  184]:	Epoch 39: 
[INFO] 2022-09-10 06:28:06,852 [    train.py:  185]:	Train:
[INFO] 2022-09-10 06:28:06,857 [    train.py:  197]:	Loss 0.0123, ('Ner Loss', 0.002783342031762004),  ('CLS Classification Loss', 0.009470527060329914)
[INFO] 2022-09-10 06:28:06,858 [    train.py:  207]:	('Ner Acc', 0.998859703540802),  ('CLS Classification Acc', 0.9961312413215637)
[INFO] 2022-09-10 06:28:09,118 [    train.py:  219]:	Evaluate:
[INFO] 2022-09-10 06:28:09,119 [    train.py:  226]:	Loss 0.1847, ('Ner Loss', 0.017967349),  ('CLS Classification Loss', 0.16668883)
[INFO] 2022-09-10 06:28:09,119 [    train.py:  227]:	('Ner Acc', 0.9974547), ('CLS Classification Acc', 0.9751919)
[INFO] 2022-09-10 06:28:23,084 [    train.py:  236]:	Precision 0.455 Recall 0.406 F1 0.429
[INFO] 2022-09-10 06:28:38,345 [    train.py:  184]:	Epoch 40: 
[INFO] 2022-09-10 06:28:38,346 [    train.py:  185]:	Train:
[INFO] 2022-09-10 06:28:38,352 [    train.py:  197]:	Loss 0.0126, ('Ner Loss', 0.0026825207751244307),  ('CLS Classification Loss', 0.0099414037540555)
[INFO] 2022-09-10 06:28:38,353 [    train.py:  207]:	('Ner Acc', 0.9989296793937683),  ('CLS Classification Acc', 0.9961808323860168)
[INFO] 2022-09-10 06:28:40,656 [    train.py:  219]:	Evaluate:
[INFO] 2022-09-10 06:28:40,656 [    train.py:  226]:	Loss 0.1897, ('Ner Loss', 0.018381605),  ('CLS Classification Loss', 0.17129447)
[INFO] 2022-09-10 06:28:40,656 [    train.py:  227]:	('Ner Acc', 0.9972509), ('CLS Classification Acc', 0.97360814)
[INFO] 2022-09-10 06:28:54,404 [    train.py:  236]:	Precision 0.438 Recall 0.437 F1 0.437
[INFO] 2022-09-10 06:29:09,467 [    train.py:  184]:	Epoch 41: 
[INFO] 2022-09-10 06:29:09,467 [    train.py:  185]:	Train:
[INFO] 2022-09-10 06:29:09,470 [    train.py:  197]:	Loss 0.0113, ('Ner Loss', 0.002580035477876663),  ('CLS Classification Loss', 0.008753396570682526)
[INFO] 2022-09-10 06:29:09,471 [    train.py:  207]:	('Ner Acc', 0.9989681839942932),  ('CLS Classification Acc', 0.9965529441833496)
[INFO] 2022-09-10 06:29:11,742 [    train.py:  219]:	Evaluate:
[INFO] 2022-09-10 06:29:11,742 [    train.py:  226]:	Loss 0.1918, ('Ner Loss', 0.01764466),  ('CLS Classification Loss', 0.17414129)
[INFO] 2022-09-10 06:29:11,742 [    train.py:  227]:	('Ner Acc', 0.9973324), ('CLS Classification Acc', 0.97257245)
[INFO] 2022-09-10 06:29:25,007 [    train.py:  236]:	Precision 0.446 Recall 0.432 F1 0.439
[INFO] 2022-09-10 06:29:40,091 [    train.py:  184]:	Epoch 42: 
[INFO] 2022-09-10 06:29:40,091 [    train.py:  185]:	Train:
[INFO] 2022-09-10 06:29:40,095 [    train.py:  197]:	Loss 0.0109, ('Ner Loss', 0.0025459439493715763),  ('CLS Classification Loss', 0.008384131826460361)
[INFO] 2022-09-10 06:29:40,095 [    train.py:  207]:	('Ner Acc', 0.9989592432975769),  ('CLS Classification Acc', 0.996428906917572)
[INFO] 2022-09-10 06:29:42,356 [    train.py:  219]:	Evaluate:
[INFO] 2022-09-10 06:29:42,356 [    train.py:  226]:	Loss 0.1921, ('Ner Loss', 0.018169932),  ('CLS Classification Loss', 0.17390138)
[INFO] 2022-09-10 06:29:42,356 [    train.py:  227]:	('Ner Acc', 0.99743474), ('CLS Classification Acc', 0.97447604)
[INFO] 2022-09-10 06:29:56,150 [    train.py:  236]:	Precision 0.461 Recall 0.454 F1 0.458
[INFO] 2022-09-10 06:30:11,208 [    train.py:  184]:	Epoch 43: 
[INFO] 2022-09-10 06:30:11,208 [    train.py:  185]:	Train:
[INFO] 2022-09-10 06:30:11,211 [    train.py:  197]:	Loss 0.0117, ('Ner Loss', 0.0024715482722967863),  ('CLS Classification Loss', 0.009231077507138252)
[INFO] 2022-09-10 06:30:11,211 [    train.py:  207]:	('Ner Acc', 0.9989994764328003),  ('CLS Classification Acc', 0.9963047504425049)
[INFO] 2022-09-10 06:30:13,471 [    train.py:  219]:	Evaluate:
[INFO] 2022-09-10 06:30:13,471 [    train.py:  226]:	Loss 0.1972, ('Ner Loss', 0.01764842),  ('CLS Classification Loss', 0.17956872)
[INFO] 2022-09-10 06:30:13,471 [    train.py:  227]:	('Ner Acc', 0.9973108), ('CLS Classification Acc', 0.9737147)
[INFO] 2022-09-10 06:30:27,156 [    train.py:  236]:	Precision 0.444 Recall 0.465 F1 0.454
[INFO] 2022-09-10 06:30:42,364 [    train.py:  184]:	Epoch 44: 
[INFO] 2022-09-10 06:30:42,365 [    train.py:  185]:	Train:
[INFO] 2022-09-10 06:30:42,371 [    train.py:  197]:	Loss 0.0103, ('Ner Loss', 0.002270603086799383),  ('CLS Classification Loss', 0.008068904280662537)
[INFO] 2022-09-10 06:30:42,371 [    train.py:  207]:	('Ner Acc', 0.9990561604499817),  ('CLS Classification Acc', 0.996874988079071)
[INFO] 2022-09-10 06:30:44,641 [    train.py:  219]:	Evaluate:
[INFO] 2022-09-10 06:30:44,641 [    train.py:  226]:	Loss 0.2125, ('Ner Loss', 0.019766605),  ('CLS Classification Loss', 0.19272077)
[INFO] 2022-09-10 06:30:44,641 [    train.py:  227]:	('Ner Acc', 0.9974368), ('CLS Classification Acc', 0.9743695)
[INFO] 2022-09-10 06:30:57,984 [    train.py:  236]:	Precision 0.481 Recall 0.425 F1 0.451
[INFO] 2022-09-10 06:31:13,065 [    train.py:  184]:	Epoch 45: 
[INFO] 2022-09-10 06:31:13,065 [    train.py:  185]:	Train:
[INFO] 2022-09-10 06:31:13,068 [    train.py:  197]:	Loss 0.0083, ('Ner Loss', 0.002003428526222706),  ('CLS Classification Loss', 0.006317033898085356)
[INFO] 2022-09-10 06:31:13,068 [    train.py:  207]:	('Ner Acc', 0.9991748332977295),  ('CLS Classification Acc', 0.9973959922790527)
[INFO] 2022-09-10 06:31:15,263 [    train.py:  219]:	Evaluate:
[INFO] 2022-09-10 06:31:15,264 [    train.py:  226]:	Loss 0.2316, ('Ner Loss', 0.020854706),  ('CLS Classification Loss', 0.21072134)
[INFO] 2022-09-10 06:31:15,264 [    train.py:  227]:	('Ner Acc', 0.99733144), ('CLS Classification Acc', 0.97270954)
[INFO] 2022-09-10 06:31:29,230 [    train.py:  236]:	Precision 0.440 Recall 0.406 F1 0.422
[INFO] 2022-09-10 06:31:44,554 [    train.py:  184]:	Epoch 46: 
[INFO] 2022-09-10 06:31:44,555 [    train.py:  185]:	Train:
[INFO] 2022-09-10 06:31:44,559 [    train.py:  197]:	Loss 0.0115, ('Ner Loss', 0.0024583006743341684),  ('CLS Classification Loss', 0.009079886600375175)
[INFO] 2022-09-10 06:31:44,559 [    train.py:  207]:	('Ner Acc', 0.9990366101264954),  ('CLS Classification Acc', 0.9965279698371887)
[INFO] 2022-09-10 06:31:46,762 [    train.py:  219]:	Evaluate:
[INFO] 2022-09-10 06:31:46,762 [    train.py:  226]:	Loss 0.1936, ('Ner Loss', 0.018111054),  ('CLS Classification Loss', 0.17550538)
[INFO] 2022-09-10 06:31:46,762 [    train.py:  227]:	('Ner Acc', 0.99746174), ('CLS Classification Acc', 0.97426295)
[INFO] 2022-09-10 06:32:00,389 [    train.py:  236]:	Precision 0.481 Recall 0.430 F1 0.454
[INFO] 2022-09-10 06:32:15,340 [    train.py:  184]:	Epoch 47: 
[INFO] 2022-09-10 06:32:15,340 [    train.py:  185]:	Train:
[INFO] 2022-09-10 06:32:15,348 [    train.py:  197]:	Loss 0.0105, ('Ner Loss', 0.0022236304357647896),  ('CLS Classification Loss', 0.008228943683207035)
[INFO] 2022-09-10 06:32:15,348 [    train.py:  207]:	('Ner Acc', 0.9991067051887512),  ('CLS Classification Acc', 0.9970985651016235)
[INFO] 2022-09-10 06:32:17,568 [    train.py:  219]:	Evaluate:
[INFO] 2022-09-10 06:32:17,569 [    train.py:  226]:	Loss 0.1780, ('Ner Loss', 0.018582873),  ('CLS Classification Loss', 0.1594389)
[INFO] 2022-09-10 06:32:17,569 [    train.py:  227]:	('Ner Acc', 0.9974082), ('CLS Classification Acc', 0.97327304)
[INFO] 2022-09-10 06:32:31,164 [    train.py:  236]:	Precision 0.436 Recall 0.422 F1 0.429
[INFO] 2022-09-10 06:32:46,082 [    train.py:  184]:	Epoch 48: 
[INFO] 2022-09-10 06:32:46,082 [    train.py:  185]:	Train:
[INFO] 2022-09-10 06:32:46,085 [    train.py:  197]:	Loss 0.0072, ('Ner Loss', 0.0019133497262373567),  ('CLS Classification Loss', 0.0052376133389770985)
[INFO] 2022-09-10 06:32:46,085 [    train.py:  207]:	('Ner Acc', 0.9992029666900635),  ('CLS Classification Acc', 0.9979912638664246)
[INFO] 2022-09-10 06:32:48,284 [    train.py:  219]:	Evaluate:
[INFO] 2022-09-10 06:32:48,285 [    train.py:  226]:	Loss 0.2034, ('Ner Loss', 0.01917869),  ('CLS Classification Loss', 0.18418041)
[INFO] 2022-09-10 06:32:48,285 [    train.py:  227]:	('Ner Acc', 0.9972701), ('CLS Classification Acc', 0.9723897)
[INFO] 2022-09-10 06:33:01,893 [    train.py:  236]:	Precision 0.433 Recall 0.434 F1 0.434
[INFO] 2022-09-10 06:33:17,008 [    train.py:  184]:	Epoch 49: 
[INFO] 2022-09-10 06:33:17,009 [    train.py:  185]:	Train:
[INFO] 2022-09-10 06:33:17,012 [    train.py:  197]:	Loss 0.0079, ('Ner Loss', 0.0018267616396769881),  ('CLS Classification Loss', 0.0060302941128611565)
[INFO] 2022-09-10 06:33:17,012 [    train.py:  207]:	('Ner Acc', 0.9992334842681885),  ('CLS Classification Acc', 0.9976688027381897)
[INFO] 2022-09-10 06:33:19,262 [    train.py:  219]:	Evaluate:
[INFO] 2022-09-10 06:33:19,262 [    train.py:  226]:	Loss 0.1918, ('Ner Loss', 0.018349964),  ('CLS Classification Loss', 0.17346685)
[INFO] 2022-09-10 06:33:19,262 [    train.py:  227]:	('Ner Acc', 0.9974577), ('CLS Classification Acc', 0.97519183)
[INFO] 2022-09-10 06:33:32,981 [    train.py:  236]:	Precision 0.468 Recall 0.482 F1 0.475
[INFO] 2022-09-10 06:33:48,136 [    train.py:  184]:	Epoch 50: 
[INFO] 2022-09-10 06:33:48,137 [    train.py:  185]:	Train:
[INFO] 2022-09-10 06:33:48,143 [    train.py:  197]:	Loss 0.0079, ('Ner Loss', 0.001822715625166893),  ('CLS Classification Loss', 0.006047866307199001)
[INFO] 2022-09-10 06:33:48,143 [    train.py:  207]:	('Ner Acc', 0.9992440342903137),  ('CLS Classification Acc', 0.9979912042617798)
[INFO] 2022-09-10 06:33:50,389 [    train.py:  219]:	Evaluate:
[INFO] 2022-09-10 06:33:50,390 [    train.py:  226]:	Loss 0.2030, ('Ner Loss', 0.018973965),  ('CLS Classification Loss', 0.1840028)
[INFO] 2022-09-10 06:33:50,390 [    train.py:  227]:	('Ner Acc', 0.9972882), ('CLS Classification Acc', 0.9733491)
[INFO] 2022-09-10 06:34:04,049 [    train.py:  236]:	Precision 0.448 Recall 0.431 F1 0.439
[INFO] 2022-09-10 06:34:04,049 [    train.py:  256]:	Best Epoch 49; Best f1 0.4746355685131195 precision 0.46781609195402296 recall 0.4816568047337278;
