[INFO] 2022-10-01 10:39:06,188 [    train.py:  509]:	Namespace(block_att_head_num=1, cased=False, d_block=512, data_aug=2, dataset='res16', do_test=True, do_train=True, do_valid=True, drop_null_data=True, dropout_rate=0.2, epochs=100, extra_attention=True, fuse_strategy='update', init_model_dir='', language='en', loss_ratio=1.0, lr=2e-05, mask_sb=True, model_type='end_to_end', output_dir='./output', save_dir='', schema='BIO', task_name='ttee_res16_100epoch_512d_2aug_2e-5lr_uncased_0.2dropout_dropnull_1loss_BIO', test_batch_size=32, train_batch_size=16, valid_freq=1)
[INFO] 2022-10-01 10:39:18,030 [    train.py:  119]:	{'init_bert_model': 'bert-base-uncased', 'sentence_b': DictWrapper({'texts': ListWrapper(['general of ambience', 'price of drinks', 'quality of drinks', 'style options of drinks', 'prices of food', 'quality of food', 'style options of food', 'general of location', 'general of restaurant', 'miscellaneous of restaurant', 'prices of restaurant', 'general of service']), 'sentiments': ListWrapper(['negative', 'neutral', 'positive'])}), 'num_sentiment_classes': 3, 'subblock_hidden_size': 512, 'subblock_head_num': 1, 'cache_dir': 'bert_models/bert-base-uncased', 'fuse_strategy': 'update', 'tagging_schema': 'BIO', 'extra_attention': True, 'dropout': 0.2, 'loss_ratio': 1.0}
[INFO] 2022-10-01 10:39:18,030 [    train.py:  121]:	Number of Train Sentence: 1708
[INFO] 2022-10-01 10:39:18,043 [    train.py:  526]:	Data augment: Merge 2 train data together
[INFO] 2022-10-01 10:40:56,783 [    train.py:  185]:	Epoch 1: 
[INFO] 2022-10-01 10:40:56,784 [    train.py:  186]:	Train:
[INFO] 2022-10-01 10:40:56,788 [    train.py:  198]:	Loss 0.3006, ('Ner Loss', 0.05953098461031914),  ('CLS Classification Loss', 0.24107462167739868)
[INFO] 2022-10-01 10:40:56,788 [    train.py:  208]:	('Ner Acc', 0.979533314704895),  ('CLS Classification Acc', 0.9369077086448669)
[INFO] 2022-10-01 10:41:01,925 [    train.py:  220]:	Evaluate:
[INFO] 2022-10-01 10:41:01,927 [    train.py:  227]:	Loss 0.1774, ('Ner Loss', 0.021620408),  ('CLS Classification Loss', 0.155815)
[INFO] 2022-10-01 10:41:01,927 [    train.py:  228]:	('Ner Acc', 0.9965958), ('CLS Classification Acc', 0.9642063)
[INFO] 2022-10-01 10:41:13,547 [    train.py:  237]:	Precision 0.000 Recall 0.000 F1 0.000
[INFO] 2022-10-01 10:42:18,739 [    train.py:  185]:	Epoch 2: 
[INFO] 2022-10-01 10:42:18,739 [    train.py:  186]:	Train:
[INFO] 2022-10-01 10:42:18,743 [    train.py:  198]:	Loss 0.2259, ('Ner Loss', 0.020560313016176224),  ('CLS Classification Loss', 0.2053760141134262)
[INFO] 2022-10-01 10:42:18,743 [    train.py:  208]:	('Ner Acc', 0.996534526348114),  ('CLS Classification Acc', 0.9379215836524963)
[INFO] 2022-10-01 10:42:20,968 [    train.py:  220]:	Evaluate:
[INFO] 2022-10-01 10:42:20,969 [    train.py:  227]:	Loss 0.1383, ('Ner Loss', 0.01722295),  ('CLS Classification Loss', 0.12105188)
[INFO] 2022-10-01 10:42:20,969 [    train.py:  228]:	('Ner Acc', 0.9965958), ('CLS Classification Acc', 0.9662041)
[INFO] 2022-10-01 10:42:29,237 [    train.py:  237]:	Precision 0.050 Recall 0.010 F1 0.017
[INFO] 2022-10-01 10:43:34,433 [    train.py:  185]:	Epoch 3: 
[INFO] 2022-10-01 10:43:34,434 [    train.py:  186]:	Train:
[INFO] 2022-10-01 10:43:34,441 [    train.py:  198]:	Loss 0.1904, ('Ner Loss', 0.017055967822670937),  ('CLS Classification Loss', 0.17333677411079407)
[INFO] 2022-10-01 10:43:34,442 [    train.py:  208]:	('Ner Acc', 0.996526837348938),  ('CLS Classification Acc', 0.9428223371505737)
[INFO] 2022-10-01 10:43:36,680 [    train.py:  220]:	Evaluate:
[INFO] 2022-10-01 10:43:36,681 [    train.py:  227]:	Loss 0.1276, ('Ner Loss', 0.014693759),  ('CLS Classification Loss', 0.1129185)
[INFO] 2022-10-01 10:43:36,681 [    train.py:  228]:	('Ner Acc', 0.9965958), ('CLS Classification Acc', 0.9683057)
[INFO] 2022-10-01 10:43:45,390 [    train.py:  237]:	Precision 0.066 Recall 0.010 F1 0.018
[INFO] 2022-10-01 10:44:50,144 [    train.py:  185]:	Epoch 4: 
[INFO] 2022-10-01 10:44:50,145 [    train.py:  186]:	Train:
[INFO] 2022-10-01 10:44:50,148 [    train.py:  198]:	Loss 0.1756, ('Ner Loss', 0.014544793404638767),  ('CLS Classification Loss', 0.16100993752479553)
[INFO] 2022-10-01 10:44:50,148 [    train.py:  208]:	('Ner Acc', 0.9965723156929016),  ('CLS Classification Acc', 0.9468376636505127)
[INFO] 2022-10-01 10:44:52,341 [    train.py:  220]:	Evaluate:
[INFO] 2022-10-01 10:44:52,341 [    train.py:  227]:	Loss 0.1125, ('Ner Loss', 0.012364111),  ('CLS Classification Loss', 0.10014582)
[INFO] 2022-10-01 10:44:52,341 [    train.py:  228]:	('Ner Acc', 0.9968859), ('CLS Classification Acc', 0.9694437)
[INFO] 2022-10-01 10:45:00,610 [    train.py:  237]:	Precision 0.217 Recall 0.080 F1 0.117
[INFO] 2022-10-01 10:46:05,803 [    train.py:  185]:	Epoch 5: 
[INFO] 2022-10-01 10:46:05,803 [    train.py:  186]:	Train:
[INFO] 2022-10-01 10:46:05,806 [    train.py:  198]:	Loss 0.1520, ('Ner Loss', 0.012983230873942375),  ('CLS Classification Loss', 0.1390591859817505)
[INFO] 2022-10-01 10:46:05,806 [    train.py:  208]:	('Ner Acc', 0.9967814087867737),  ('CLS Classification Acc', 0.9517055153846741)
[INFO] 2022-10-01 10:46:07,987 [    train.py:  220]:	Evaluate:
[INFO] 2022-10-01 10:46:07,988 [    train.py:  227]:	Loss 0.1010, ('Ner Loss', 0.011240248),  ('CLS Classification Loss', 0.089787625)
[INFO] 2022-10-01 10:46:07,988 [    train.py:  228]:	('Ner Acc', 0.9971774), ('CLS Classification Acc', 0.9716823)
[INFO] 2022-10-01 10:46:16,450 [    train.py:  237]:	Precision 0.324 Recall 0.213 F1 0.257
[INFO] 2022-10-01 10:47:21,167 [    train.py:  185]:	Epoch 6: 
[INFO] 2022-10-01 10:47:21,168 [    train.py:  186]:	Train:
[INFO] 2022-10-01 10:47:21,174 [    train.py:  198]:	Loss 0.1335, ('Ner Loss', 0.011534481309354305),  ('CLS Classification Loss', 0.12192655354738235)
[INFO] 2022-10-01 10:47:21,174 [    train.py:  208]:	('Ner Acc', 0.9969517588615417),  ('CLS Classification Acc', 0.9576191902160645)
[INFO] 2022-10-01 10:47:23,376 [    train.py:  220]:	Evaluate:
[INFO] 2022-10-01 10:47:23,377 [    train.py:  227]:	Loss 0.0883, ('Ner Loss', 0.010158432),  ('CLS Classification Loss', 0.07813361)
[INFO] 2022-10-01 10:47:23,377 [    train.py:  228]:	('Ner Acc', 0.9972726), ('CLS Classification Acc', 0.97528315)
[INFO] 2022-10-01 10:47:31,955 [    train.py:  237]:	Precision 0.398 Recall 0.267 F1 0.319
[INFO] 2022-10-01 10:48:37,357 [    train.py:  185]:	Epoch 7: 
[INFO] 2022-10-01 10:48:37,358 [    train.py:  186]:	Train:
[INFO] 2022-10-01 10:48:37,362 [    train.py:  198]:	Loss 0.1156, ('Ner Loss', 0.010160732083022594),  ('CLS Classification Loss', 0.10539589822292328)
[INFO] 2022-10-01 10:48:37,362 [    train.py:  208]:	('Ner Acc', 0.9971134662628174),  ('CLS Classification Acc', 0.9623488783836365)
[INFO] 2022-10-01 10:48:39,553 [    train.py:  220]:	Evaluate:
[INFO] 2022-10-01 10:48:39,554 [    train.py:  227]:	Loss 0.0886, ('Ner Loss', 0.0089453),  ('CLS Classification Loss', 0.07963457)
[INFO] 2022-10-01 10:48:39,554 [    train.py:  228]:	('Ner Acc', 0.9974351), ('CLS Classification Acc', 0.9749634)
[INFO] 2022-10-01 10:48:47,897 [    train.py:  237]:	Precision 0.398 Recall 0.348 F1 0.371
[INFO] 2022-10-01 10:49:52,840 [    train.py:  185]:	Epoch 8: 
[INFO] 2022-10-01 10:49:52,840 [    train.py:  186]:	Train:
[INFO] 2022-10-01 10:49:52,845 [    train.py:  198]:	Loss 0.1022, ('Ner Loss', 0.008834490552544594),  ('CLS Classification Loss', 0.09337282925844193)
[INFO] 2022-10-01 10:49:52,845 [    train.py:  208]:	('Ner Acc', 0.9973268508911133),  ('CLS Classification Acc', 0.966576337814331)
[INFO] 2022-10-01 10:49:55,032 [    train.py:  220]:	Evaluate:
[INFO] 2022-10-01 10:49:55,032 [    train.py:  227]:	Loss 0.0815, ('Ner Loss', 0.008606966),  ('CLS Classification Loss', 0.07290691)
[INFO] 2022-10-01 10:49:55,032 [    train.py:  228]:	('Ner Acc', 0.99745417), ('CLS Classification Acc', 0.9752334)
[INFO] 2022-10-01 10:50:03,724 [    train.py:  237]:	Precision 0.390 Recall 0.383 F1 0.387
[INFO] 2022-10-01 10:51:08,133 [    train.py:  185]:	Epoch 9: 
[INFO] 2022-10-01 10:51:08,133 [    train.py:  186]:	Train:
[INFO] 2022-10-01 10:51:08,137 [    train.py:  198]:	Loss 0.0887, ('Ner Loss', 0.007746682967990637),  ('CLS Classification Loss', 0.08091598004102707)
[INFO] 2022-10-01 10:51:08,137 [    train.py:  208]:	('Ner Acc', 0.9974912405014038),  ('CLS Classification Acc', 0.9700967073440552)
[INFO] 2022-10-01 10:51:10,351 [    train.py:  220]:	Evaluate:
[INFO] 2022-10-01 10:51:10,352 [    train.py:  227]:	Loss 0.0832, ('Ner Loss', 0.008434915),  ('CLS Classification Loss', 0.07476697)
[INFO] 2022-10-01 10:51:10,352 [    train.py:  228]:	('Ner Acc', 0.99764955), ('CLS Classification Acc', 0.97716063)
[INFO] 2022-10-01 10:51:18,583 [    train.py:  237]:	Precision 0.460 Recall 0.406 F1 0.432
[INFO] 2022-10-01 10:52:23,912 [    train.py:  185]:	Epoch 10: 
[INFO] 2022-10-01 10:52:23,913 [    train.py:  186]:	Train:
[INFO] 2022-10-01 10:52:23,919 [    train.py:  198]:	Loss 0.0776, ('Ner Loss', 0.006661347579210997),  ('CLS Classification Loss', 0.07092905789613724)
[INFO] 2022-10-01 10:52:23,919 [    train.py:  208]:	('Ner Acc', 0.9977177381515503),  ('CLS Classification Acc', 0.9741931557655334)
[INFO] 2022-10-01 10:52:26,139 [    train.py:  220]:	Evaluate:
[INFO] 2022-10-01 10:52:26,140 [    train.py:  227]:	Loss 0.0839, ('Ner Loss', 0.008668914),  ('CLS Classification Loss', 0.07520753)
[INFO] 2022-10-01 10:52:26,140 [    train.py:  228]:	('Ner Acc', 0.997711), ('CLS Classification Acc', 0.97660404)
[INFO] 2022-10-01 10:52:34,653 [    train.py:  237]:	Precision 0.464 Recall 0.452 F1 0.458
[INFO] 2022-10-01 10:53:39,741 [    train.py:  185]:	Epoch 11: 
[INFO] 2022-10-01 10:53:39,742 [    train.py:  186]:	Train:
[INFO] 2022-10-01 10:53:39,749 [    train.py:  198]:	Loss 0.0690, ('Ner Loss', 0.006065238732844591),  ('CLS Classification Loss', 0.06296578049659729)
[INFO] 2022-10-01 10:53:39,749 [    train.py:  208]:	('Ner Acc', 0.9978628158569336),  ('CLS Classification Acc', 0.9765706062316895)
[INFO] 2022-10-01 10:53:41,958 [    train.py:  220]:	Evaluate:
[INFO] 2022-10-01 10:53:41,959 [    train.py:  227]:	Loss 0.0857, ('Ner Loss', 0.008295847),  ('CLS Classification Loss', 0.07742627)
[INFO] 2022-10-01 10:53:41,959 [    train.py:  228]:	('Ner Acc', 0.99774593), ('CLS Classification Acc', 0.97719383)
[INFO] 2022-10-01 10:53:50,271 [    train.py:  237]:	Precision 0.483 Recall 0.498 F1 0.490
[INFO] 2022-10-01 10:54:55,050 [    train.py:  185]:	Epoch 12: 
[INFO] 2022-10-01 10:54:55,051 [    train.py:  186]:	Train:
[INFO] 2022-10-01 10:54:55,056 [    train.py:  198]:	Loss 0.0606, ('Ner Loss', 0.005396715831011534),  ('CLS Classification Loss', 0.05515655130147934)
[INFO] 2022-10-01 10:54:55,056 [    train.py:  208]:	('Ner Acc', 0.9980520606040955),  ('CLS Classification Acc', 0.978947639465332)
[INFO] 2022-10-01 10:54:57,231 [    train.py:  220]:	Evaluate:
[INFO] 2022-10-01 10:54:57,231 [    train.py:  227]:	Loss 0.0941, ('Ner Loss', 0.008929259),  ('CLS Classification Loss', 0.0851365)
[INFO] 2022-10-01 10:54:57,232 [    train.py:  228]:	('Ner Acc', 0.99780595), ('CLS Classification Acc', 0.9776049)
[INFO] 2022-10-01 10:55:05,661 [    train.py:  237]:	Precision 0.514 Recall 0.458 F1 0.484
[INFO] 2022-10-01 10:56:10,666 [    train.py:  185]:	Epoch 13: 
[INFO] 2022-10-01 10:56:10,666 [    train.py:  186]:	Train:
[INFO] 2022-10-01 10:56:10,671 [    train.py:  198]:	Loss 0.0561, ('Ner Loss', 0.004882476758211851),  ('CLS Classification Loss', 0.05120706930756569)
[INFO] 2022-10-01 10:56:10,671 [    train.py:  208]:	('Ner Acc', 0.9981749057769775),  ('CLS Classification Acc', 0.9805620312690735)
[INFO] 2022-10-01 10:56:12,854 [    train.py:  220]:	Evaluate:
[INFO] 2022-10-01 10:56:12,855 [    train.py:  227]:	Loss 0.0993, ('Ner Loss', 0.008390977),  ('CLS Classification Loss', 0.09092352)
[INFO] 2022-10-01 10:56:12,855 [    train.py:  228]:	('Ner Acc', 0.9978738), ('CLS Classification Acc', 0.9778375)
[INFO] 2022-10-01 10:56:21,108 [    train.py:  237]:	Precision 0.499 Recall 0.525 F1 0.512
[INFO] 2022-10-01 10:57:25,964 [    train.py:  185]:	Epoch 14: 
[INFO] 2022-10-01 10:57:25,965 [    train.py:  186]:	Train:
[INFO] 2022-10-01 10:57:25,971 [    train.py:  198]:	Loss 0.0479, ('Ner Loss', 0.0043077291920781136),  ('CLS Classification Loss', 0.043611302971839905)
[INFO] 2022-10-01 10:57:25,972 [    train.py:  208]:	('Ner Acc', 0.9983363747596741),  ('CLS Classification Acc', 0.9833526015281677)
[INFO] 2022-10-01 10:57:28,168 [    train.py:  220]:	Evaluate:
[INFO] 2022-10-01 10:57:28,168 [    train.py:  227]:	Loss 0.0946, ('Ner Loss', 0.00874985),  ('CLS Classification Loss', 0.08587557)
[INFO] 2022-10-01 10:57:28,169 [    train.py:  228]:	('Ner Acc', 0.99783677), ('CLS Classification Acc', 0.97856444)
[INFO] 2022-10-01 10:57:37,253 [    train.py:  237]:	Precision 0.501 Recall 0.471 F1 0.486
[INFO] 2022-10-01 10:58:42,099 [    train.py:  185]:	Epoch 15: 
[INFO] 2022-10-01 10:58:42,100 [    train.py:  186]:	Train:
[INFO] 2022-10-01 10:58:42,103 [    train.py:  198]:	Loss 0.0437, ('Ner Loss', 0.004045403096824884),  ('CLS Classification Loss', 0.03962401673197746)
[INFO] 2022-10-01 10:58:42,103 [    train.py:  208]:	('Ner Acc', 0.9983956813812256),  ('CLS Classification Acc', 0.9847888946533203)
[INFO] 2022-10-01 10:58:44,269 [    train.py:  220]:	Evaluate:
[INFO] 2022-10-01 10:58:44,270 [    train.py:  227]:	Loss 0.1087, ('Ner Loss', 0.008936395),  ('CLS Classification Loss', 0.09978122)
[INFO] 2022-10-01 10:58:44,270 [    train.py:  228]:	('Ner Acc', 0.99780035), ('CLS Classification Acc', 0.97875136)
[INFO] 2022-10-01 10:58:52,591 [    train.py:  237]:	Precision 0.514 Recall 0.496 F1 0.505
[INFO] 2022-10-01 10:59:57,736 [    train.py:  185]:	Epoch 16: 
[INFO] 2022-10-01 10:59:57,737 [    train.py:  186]:	Train:
[INFO] 2022-10-01 10:59:57,740 [    train.py:  198]:	Loss 0.0402, ('Ner Loss', 0.0038187578320503235),  ('CLS Classification Loss', 0.03642876073718071)
[INFO] 2022-10-01 10:59:57,740 [    train.py:  208]:	('Ner Acc', 0.9985187649726868),  ('CLS Classification Acc', 0.9860050678253174)
[INFO] 2022-10-01 10:59:59,928 [    train.py:  220]:	Evaluate:
[INFO] 2022-10-01 10:59:59,929 [    train.py:  227]:	Loss 0.1011, ('Ner Loss', 0.009456401),  ('CLS Classification Loss', 0.09164735)
[INFO] 2022-10-01 10:59:59,929 [    train.py:  228]:	('Ner Acc', 0.99782294), ('CLS Classification Acc', 0.9778749)
[INFO] 2022-10-01 11:00:08,373 [    train.py:  237]:	Precision 0.494 Recall 0.534 F1 0.513
[INFO] 2022-10-01 11:01:13,186 [    train.py:  185]:	Epoch 17: 
[INFO] 2022-10-01 11:01:13,186 [    train.py:  186]:	Train:
[INFO] 2022-10-01 11:01:13,194 [    train.py:  198]:	Loss 0.0343, ('Ner Loss', 0.0034931120462715626),  ('CLS Classification Loss', 0.030803928151726723)
[INFO] 2022-10-01 11:01:13,194 [    train.py:  208]:	('Ner Acc', 0.9985911846160889),  ('CLS Classification Acc', 0.9882445931434631)
[INFO] 2022-10-01 11:01:15,388 [    train.py:  220]:	Evaluate:
[INFO] 2022-10-01 11:01:15,389 [    train.py:  227]:	Loss 0.1186, ('Ner Loss', 0.010223903),  ('CLS Classification Loss', 0.10837393)
[INFO] 2022-10-01 11:01:15,389 [    train.py:  228]:	('Ner Acc', 0.9979499), ('CLS Classification Acc', 0.97764647)
[INFO] 2022-10-01 11:01:23,768 [    train.py:  237]:	Precision 0.494 Recall 0.546 F1 0.519
[INFO] 2022-10-01 11:02:29,208 [    train.py:  185]:	Epoch 18: 
[INFO] 2022-10-01 11:02:29,209 [    train.py:  186]:	Train:
[INFO] 2022-10-01 11:02:29,216 [    train.py:  198]:	Loss 0.0307, ('Ner Loss', 0.0031271930783987045),  ('CLS Classification Loss', 0.027587054297327995)
[INFO] 2022-10-01 11:02:29,216 [    train.py:  208]:	('Ner Acc', 0.9987187385559082),  ('CLS Classification Acc', 0.9895585775375366)
[INFO] 2022-10-01 11:02:31,406 [    train.py:  220]:	Evaluate:
[INFO] 2022-10-01 11:02:31,406 [    train.py:  227]:	Loss 0.1185, ('Ner Loss', 0.010210984),  ('CLS Classification Loss', 0.108303726)
[INFO] 2022-10-01 11:02:31,406 [    train.py:  228]:	('Ner Acc', 0.9978045), ('CLS Classification Acc', 0.975549)
[INFO] 2022-10-01 11:02:39,792 [    train.py:  237]:	Precision 0.459 Recall 0.558 F1 0.503
[INFO] 2022-10-01 11:03:44,690 [    train.py:  185]:	Epoch 19: 
[INFO] 2022-10-01 11:03:44,690 [    train.py:  186]:	Train:
[INFO] 2022-10-01 11:03:44,694 [    train.py:  198]:	Loss 0.0279, ('Ner Loss', 0.002886990550905466),  ('CLS Classification Loss', 0.024986743927001953)
[INFO] 2022-10-01 11:03:44,694 [    train.py:  208]:	('Ner Acc', 0.9988287091255188),  ('CLS Classification Acc', 0.99044269323349)
[INFO] 2022-10-01 11:03:46,889 [    train.py:  220]:	Evaluate:
[INFO] 2022-10-01 11:03:46,890 [    train.py:  227]:	Loss 0.1253, ('Ner Loss', 0.011638355),  ('CLS Classification Loss', 0.113689624)
[INFO] 2022-10-01 11:03:46,890 [    train.py:  228]:	('Ner Acc', 0.99778235), ('CLS Classification Acc', 0.97865576)
[INFO] 2022-10-01 11:03:55,149 [    train.py:  237]:	Precision 0.515 Recall 0.560 F1 0.537
[INFO] 2022-10-01 11:04:59,800 [    train.py:  185]:	Epoch 20: 
[INFO] 2022-10-01 11:04:59,801 [    train.py:  186]:	Train:
[INFO] 2022-10-01 11:04:59,804 [    train.py:  198]:	Loss 0.0251, ('Ner Loss', 0.0027930294163525105),  ('CLS Classification Loss', 0.022269023582339287)
[INFO] 2022-10-01 11:04:59,804 [    train.py:  208]:	('Ner Acc', 0.9988675117492676),  ('CLS Classification Acc', 0.9915136694908142)
[INFO] 2022-10-01 11:05:01,966 [    train.py:  220]:	Evaluate:
[INFO] 2022-10-01 11:05:01,967 [    train.py:  227]:	Loss 0.1133, ('Ner Loss', 0.010976355),  ('CLS Classification Loss', 0.10227538)
[INFO] 2022-10-01 11:05:01,967 [    train.py:  228]:	('Ner Acc', 0.9978673), ('CLS Classification Acc', 0.9801219)
[INFO] 2022-10-01 11:05:10,411 [    train.py:  237]:	Precision 0.531 Recall 0.534 F1 0.532
[INFO] 2022-10-01 11:06:15,628 [    train.py:  185]:	Epoch 21: 
[INFO] 2022-10-01 11:06:15,628 [    train.py:  186]:	Train:
[INFO] 2022-10-01 11:06:15,631 [    train.py:  198]:	Loss 0.0235, ('Ner Loss', 0.0025332518853247166),  ('CLS Classification Loss', 0.021008681505918503)
[INFO] 2022-10-01 11:06:15,631 [    train.py:  208]:	('Ner Acc', 0.9989137053489685),  ('CLS Classification Acc', 0.9923494458198547)
[INFO] 2022-10-01 11:06:17,799 [    train.py:  220]:	Evaluate:
[INFO] 2022-10-01 11:06:17,800 [    train.py:  227]:	Loss 0.1156, ('Ner Loss', 0.010560938),  ('CLS Classification Loss', 0.10508802)
[INFO] 2022-10-01 11:06:17,800 [    train.py:  228]:	('Ner Acc', 0.9979512), ('CLS Classification Acc', 0.9797149)
[INFO] 2022-10-01 11:06:25,812 [    train.py:  237]:	Precision 0.544 Recall 0.573 F1 0.558
[INFO] 2022-10-01 11:07:30,342 [    train.py:  185]:	Epoch 22: 
[INFO] 2022-10-01 11:07:30,342 [    train.py:  186]:	Train:
[INFO] 2022-10-01 11:07:30,345 [    train.py:  198]:	Loss 0.0205, ('Ner Loss', 0.0022633783519268036),  ('CLS Classification Loss', 0.018247153609991074)
[INFO] 2022-10-01 11:07:30,346 [    train.py:  208]:	('Ner Acc', 0.9990515112876892),  ('CLS Classification Acc', 0.9929249286651611)
[INFO] 2022-10-01 11:07:32,592 [    train.py:  220]:	Evaluate:
[INFO] 2022-10-01 11:07:32,593 [    train.py:  227]:	Loss 0.1323, ('Ner Loss', 0.01235545),  ('CLS Classification Loss', 0.119900405)
[INFO] 2022-10-01 11:07:32,593 [    train.py:  228]:	('Ner Acc', 0.9978952), ('CLS Classification Acc', 0.9797024)
[INFO] 2022-10-01 11:07:41,395 [    train.py:  237]:	Precision 0.526 Recall 0.581 F1 0.552
[INFO] 2022-10-01 11:08:46,269 [    train.py:  185]:	Epoch 23: 
[INFO] 2022-10-01 11:08:46,270 [    train.py:  186]:	Train:
[INFO] 2022-10-01 11:08:46,274 [    train.py:  198]:	Loss 0.0174, ('Ner Loss', 0.002057163044810295),  ('CLS Classification Loss', 0.015359600074589252)
[INFO] 2022-10-01 11:08:46,274 [    train.py:  208]:	('Ner Acc', 0.9991435408592224),  ('CLS Classification Acc', 0.9939880967140198)
[INFO] 2022-10-01 11:08:48,455 [    train.py:  220]:	Evaluate:
[INFO] 2022-10-01 11:08:48,456 [    train.py:  227]:	Loss 0.1427, ('Ner Loss', 0.012528983),  ('CLS Classification Loss', 0.13016695)
[INFO] 2022-10-01 11:08:48,456 [    train.py:  228]:	('Ner Acc', 0.9979801), ('CLS Classification Acc', 0.97975653)
[INFO] 2022-10-01 11:08:56,696 [    train.py:  237]:	Precision 0.551 Recall 0.605 F1 0.577
[INFO] 2022-10-01 11:10:01,535 [    train.py:  185]:	Epoch 24: 
[INFO] 2022-10-01 11:10:01,536 [    train.py:  186]:	Train:
[INFO] 2022-10-01 11:10:01,541 [    train.py:  198]:	Loss 0.0147, ('Ner Loss', 0.0019968512933701277),  ('CLS Classification Loss', 0.012658688239753246)
[INFO] 2022-10-01 11:10:01,541 [    train.py:  208]:	('Ner Acc', 0.9991626739501953),  ('CLS Classification Acc', 0.9952369928359985)
[INFO] 2022-10-01 11:10:03,729 [    train.py:  220]:	Evaluate:
[INFO] 2022-10-01 11:10:03,729 [    train.py:  227]:	Loss 0.1400, ('Ner Loss', 0.01234103),  ('CLS Classification Loss', 0.12765798)
[INFO] 2022-10-01 11:10:03,730 [    train.py:  228]:	('Ner Acc', 0.99804527), ('CLS Classification Acc', 0.97915417)
[INFO] 2022-10-01 11:10:12,259 [    train.py:  237]:	Precision 0.529 Recall 0.555 F1 0.542
[INFO] 2022-10-01 11:11:17,062 [    train.py:  185]:	Epoch 25: 
[INFO] 2022-10-01 11:11:17,063 [    train.py:  186]:	Train:
[INFO] 2022-10-01 11:11:17,070 [    train.py:  198]:	Loss 0.0157, ('Ner Loss', 0.0018685649847611785),  ('CLS Classification Loss', 0.013878009282052517)
[INFO] 2022-10-01 11:11:17,070 [    train.py:  208]:	('Ner Acc', 0.9992111921310425),  ('CLS Classification Acc', 0.9950261116027832)
[INFO] 2022-10-01 11:11:19,250 [    train.py:  220]:	Evaluate:
[INFO] 2022-10-01 11:11:19,251 [    train.py:  227]:	Loss 0.1397, ('Ner Loss', 0.013080045),  ('CLS Classification Loss', 0.12661871)
[INFO] 2022-10-01 11:11:19,251 [    train.py:  228]:	('Ner Acc', 0.9980466), ('CLS Classification Acc', 0.9801178)
[INFO] 2022-10-01 11:11:27,516 [    train.py:  237]:	Precision 0.556 Recall 0.624 F1 0.588
[INFO] 2022-10-01 11:12:32,729 [    train.py:  185]:	Epoch 26: 
[INFO] 2022-10-01 11:12:32,730 [    train.py:  186]:	Train:
[INFO] 2022-10-01 11:12:32,734 [    train.py:  198]:	Loss 0.0146, ('Ner Loss', 0.001731549622491002),  ('CLS Classification Loss', 0.012871170416474342)
[INFO] 2022-10-01 11:12:32,734 [    train.py:  208]:	('Ner Acc', 0.9992965459823608),  ('CLS Classification Acc', 0.9951804876327515)
[INFO] 2022-10-01 11:12:34,947 [    train.py:  220]:	Evaluate:
[INFO] 2022-10-01 11:12:34,947 [    train.py:  227]:	Loss 0.1436, ('Ner Loss', 0.012480748),  ('CLS Classification Loss', 0.13109119)
[INFO] 2022-10-01 11:12:34,947 [    train.py:  228]:	('Ner Acc', 0.9980604), ('CLS Classification Acc', 0.980018)
[INFO] 2022-10-01 11:12:43,165 [    train.py:  237]:	Precision 0.539 Recall 0.608 F1 0.571
[INFO] 2022-10-01 11:13:48,239 [    train.py:  185]:	Epoch 27: 
[INFO] 2022-10-01 11:13:48,239 [    train.py:  186]:	Train:
[INFO] 2022-10-01 11:13:48,242 [    train.py:  198]:	Loss 0.0124, ('Ner Loss', 0.0016749713104218245),  ('CLS Classification Loss', 0.010699504055082798)
[INFO] 2022-10-01 11:13:48,242 [    train.py:  208]:	('Ner Acc', 0.9993128776550293),  ('CLS Classification Acc', 0.9960649013519287)
[INFO] 2022-10-01 11:13:50,454 [    train.py:  220]:	Evaluate:
[INFO] 2022-10-01 11:13:50,455 [    train.py:  227]:	Loss 0.1320, ('Ner Loss', 0.01149747),  ('CLS Classification Loss', 0.12052226)
[INFO] 2022-10-01 11:13:50,455 [    train.py:  228]:	('Ner Acc', 0.9980325), ('CLS Classification Acc', 0.9808903)
[INFO] 2022-10-01 11:13:58,885 [    train.py:  237]:	Precision 0.558 Recall 0.574 F1 0.566
[INFO] 2022-10-01 11:15:04,021 [    train.py:  185]:	Epoch 28: 
[INFO] 2022-10-01 11:15:04,021 [    train.py:  186]:	Train:
[INFO] 2022-10-01 11:15:04,027 [    train.py:  198]:	Loss 0.0128, ('Ner Loss', 0.0015538290608674288),  ('CLS Classification Loss', 0.011282527819275856)
[INFO] 2022-10-01 11:15:04,027 [    train.py:  208]:	('Ner Acc', 0.9993278384208679),  ('CLS Classification Acc', 0.9957078099250793)
[INFO] 2022-10-01 11:15:06,229 [    train.py:  220]:	Evaluate:
[INFO] 2022-10-01 11:15:06,230 [    train.py:  227]:	Loss 0.1354, ('Ner Loss', 0.013102373),  ('CLS Classification Loss', 0.122255415)
[INFO] 2022-10-01 11:15:06,230 [    train.py:  228]:	('Ner Acc', 0.9979753), ('CLS Classification Acc', 0.9809817)
[INFO] 2022-10-01 11:15:14,473 [    train.py:  237]:	Precision 0.549 Recall 0.609 F1 0.578
[INFO] 2022-10-01 11:16:19,658 [    train.py:  185]:	Epoch 29: 
[INFO] 2022-10-01 11:16:19,659 [    train.py:  186]:	Train:
[INFO] 2022-10-01 11:16:19,663 [    train.py:  198]:	Loss 0.0104, ('Ner Loss', 0.0014676402788609266),  ('CLS Classification Loss', 0.008923073299229145)
[INFO] 2022-10-01 11:16:19,663 [    train.py:  208]:	('Ner Acc', 0.999381422996521),  ('CLS Classification Acc', 0.9969167113304138)
[INFO] 2022-10-01 11:16:21,846 [    train.py:  220]:	Evaluate:
[INFO] 2022-10-01 11:16:21,847 [    train.py:  227]:	Loss 0.1499, ('Ner Loss', 0.014069739),  ('CLS Classification Loss', 0.13587902)
[INFO] 2022-10-01 11:16:21,847 [    train.py:  228]:	('Ner Acc', 0.9979732), ('CLS Classification Acc', 0.97997653)
[INFO] 2022-10-01 11:16:30,155 [    train.py:  237]:	Precision 0.536 Recall 0.569 F1 0.552
[INFO] 2022-10-01 11:17:35,079 [    train.py:  185]:	Epoch 30: 
[INFO] 2022-10-01 11:17:35,080 [    train.py:  186]:	Train:
[INFO] 2022-10-01 11:17:35,086 [    train.py:  198]:	Loss 0.0093, ('Ner Loss', 0.001307044760324061),  ('CLS Classification Loss', 0.008020453155040741)
[INFO] 2022-10-01 11:17:35,086 [    train.py:  208]:	('Ner Acc', 0.9994477033615112),  ('CLS Classification Acc', 0.9971601366996765)
[INFO] 2022-10-01 11:17:37,315 [    train.py:  220]:	Evaluate:
[INFO] 2022-10-01 11:17:37,316 [    train.py:  227]:	Loss 0.1469, ('Ner Loss', 0.012892309),  ('CLS Classification Loss', 0.13398668)
[INFO] 2022-10-01 11:17:37,316 [    train.py:  228]:	('Ner Acc', 0.99807435), ('CLS Classification Acc', 0.9792498)
[INFO] 2022-10-01 11:17:45,833 [    train.py:  237]:	Precision 0.539 Recall 0.623 F1 0.578
[INFO] 2022-10-01 11:18:50,798 [    train.py:  185]:	Epoch 31: 
[INFO] 2022-10-01 11:18:50,799 [    train.py:  186]:	Train:
[INFO] 2022-10-01 11:18:50,806 [    train.py:  198]:	Loss 0.0077, ('Ner Loss', 0.0013013978023082018),  ('CLS Classification Loss', 0.006390080787241459)
[INFO] 2022-10-01 11:18:50,806 [    train.py:  208]:	('Ner Acc', 0.9994705319404602),  ('CLS Classification Acc', 0.9976793527603149)
[INFO] 2022-10-01 11:18:53,005 [    train.py:  220]:	Evaluate:
[INFO] 2022-10-01 11:18:53,006 [    train.py:  227]:	Loss 0.1478, ('Ner Loss', 0.013089245),  ('CLS Classification Loss', 0.13466801)
[INFO] 2022-10-01 11:18:53,006 [    train.py:  228]:	('Ner Acc', 0.99804455), ('CLS Classification Acc', 0.9811187)
[INFO] 2022-10-01 11:19:01,263 [    train.py:  237]:	Precision 0.568 Recall 0.612 F1 0.589
[INFO] 2022-10-01 11:20:06,308 [    train.py:  185]:	Epoch 32: 
[INFO] 2022-10-01 11:20:06,308 [    train.py:  186]:	Train:
[INFO] 2022-10-01 11:20:06,313 [    train.py:  198]:	Loss 0.0076, ('Ner Loss', 0.0012110827956348658),  ('CLS Classification Loss', 0.006435046903789043)
[INFO] 2022-10-01 11:20:06,313 [    train.py:  208]:	('Ner Acc', 0.9994868636131287),  ('CLS Classification Acc', 0.997841477394104)
[INFO] 2022-10-01 11:20:08,512 [    train.py:  220]:	Evaluate:
[INFO] 2022-10-01 11:20:08,513 [    train.py:  227]:	Loss 0.1586, ('Ner Loss', 0.013681655),  ('CLS Classification Loss', 0.14487796)
[INFO] 2022-10-01 11:20:08,513 [    train.py:  228]:	('Ner Acc', 0.9980045), ('CLS Classification Acc', 0.9789257)
[INFO] 2022-10-01 11:20:16,751 [    train.py:  237]:	Precision 0.541 Recall 0.623 F1 0.579
[INFO] 2022-10-01 11:21:21,684 [    train.py:  185]:	Epoch 33: 
[INFO] 2022-10-01 11:21:21,685 [    train.py:  186]:	Train:
[INFO] 2022-10-01 11:21:21,692 [    train.py:  198]:	Loss 0.0078, ('Ner Loss', 0.0011369072599336505),  ('CLS Classification Loss', 0.006694836542010307)
[INFO] 2022-10-01 11:21:21,693 [    train.py:  208]:	('Ner Acc', 0.9995110034942627),  ('CLS Classification Acc', 0.99769526720047)
[INFO] 2022-10-01 11:21:23,856 [    train.py:  220]:	Evaluate:
[INFO] 2022-10-01 11:21:23,856 [    train.py:  227]:	Loss 0.1436, ('Ner Loss', 0.013626772),  ('CLS Classification Loss', 0.12997268)
[INFO] 2022-10-01 11:21:23,857 [    train.py:  228]:	('Ner Acc', 0.99802196), ('CLS Classification Acc', 0.9784232)
[INFO] 2022-10-01 11:21:32,770 [    train.py:  237]:	Precision 0.533 Recall 0.601 F1 0.565
[INFO] 2022-10-01 11:22:37,910 [    train.py:  185]:	Epoch 34: 
[INFO] 2022-10-01 11:22:37,910 [    train.py:  186]:	Train:
[INFO] 2022-10-01 11:22:37,915 [    train.py:  198]:	Loss 0.0073, ('Ner Loss', 0.0010695834644138813),  ('CLS Classification Loss', 0.006187402177602053)
[INFO] 2022-10-01 11:22:37,915 [    train.py:  208]:	('Ner Acc', 0.9995715618133545),  ('CLS Classification Acc', 0.9978578686714172)
[INFO] 2022-10-01 11:22:40,106 [    train.py:  220]:	Evaluate:
[INFO] 2022-10-01 11:22:40,107 [    train.py:  227]:	Loss 0.1491, ('Ner Loss', 0.015250692),  ('CLS Classification Loss', 0.13388415)
[INFO] 2022-10-01 11:22:40,107 [    train.py:  228]:	('Ner Acc', 0.9981067), ('CLS Classification Acc', 0.9795695)
[INFO] 2022-10-01 11:22:48,739 [    train.py:  237]:	Precision 0.544 Recall 0.581 F1 0.562
[INFO] 2022-10-01 11:23:53,450 [    train.py:  185]:	Epoch 35: 
[INFO] 2022-10-01 11:23:53,451 [    train.py:  186]:	Train:
[INFO] 2022-10-01 11:23:53,456 [    train.py:  198]:	Loss 0.0069, ('Ner Loss', 0.0010118202771991491),  ('CLS Classification Loss', 0.005846384912729263)
[INFO] 2022-10-01 11:23:53,456 [    train.py:  208]:	('Ner Acc', 0.9995837211608887),  ('CLS Classification Acc', 0.9980199933052063)
[INFO] 2022-10-01 11:23:55,634 [    train.py:  220]:	Evaluate:
[INFO] 2022-10-01 11:23:55,635 [    train.py:  227]:	Loss 0.1684, ('Ner Loss', 0.015183941),  ('CLS Classification Loss', 0.15323739)
[INFO] 2022-10-01 11:23:55,635 [    train.py:  228]:	('Ner Acc', 0.9980793), ('CLS Classification Acc', 0.97893393)
[INFO] 2022-10-01 11:24:04,087 [    train.py:  237]:	Precision 0.547 Recall 0.618 F1 0.581
[INFO] 2022-10-01 11:25:08,930 [    train.py:  185]:	Epoch 36: 
[INFO] 2022-10-01 11:25:08,930 [    train.py:  186]:	Train:
[INFO] 2022-10-01 11:25:08,935 [    train.py:  198]:	Loss 0.0061, ('Ner Loss', 0.0009276525815948844),  ('CLS Classification Loss', 0.005206272471696138)
[INFO] 2022-10-01 11:25:08,935 [    train.py:  208]:	('Ner Acc', 0.9996059536933899),  ('CLS Classification Acc', 0.998166024684906)
[INFO] 2022-10-01 11:25:11,121 [    train.py:  220]:	Evaluate:
[INFO] 2022-10-01 11:25:11,122 [    train.py:  227]:	Loss 0.1673, ('Ner Loss', 0.014235355),  ('CLS Classification Loss', 0.15309691)
[INFO] 2022-10-01 11:25:11,122 [    train.py:  228]:	('Ner Acc', 0.9980874), ('CLS Classification Acc', 0.98125577)
[INFO] 2022-10-01 11:25:19,434 [    train.py:  237]:	Precision 0.588 Recall 0.614 F1 0.601
[INFO] 2022-10-01 11:26:24,645 [    train.py:  185]:	Epoch 37: 
[INFO] 2022-10-01 11:26:24,646 [    train.py:  186]:	Train:
[INFO] 2022-10-01 11:26:24,650 [    train.py:  198]:	Loss 0.0060, ('Ner Loss', 0.0009512728429399431),  ('CLS Classification Loss', 0.005035329144448042)
[INFO] 2022-10-01 11:26:24,651 [    train.py:  208]:	('Ner Acc', 0.9995847940444946),  ('CLS Classification Acc', 0.9981576800346375)
[INFO] 2022-10-01 11:26:26,873 [    train.py:  220]:	Evaluate:
[INFO] 2022-10-01 11:26:26,874 [    train.py:  227]:	Loss 0.1552, ('Ner Loss', 0.014452187),  ('CLS Classification Loss', 0.14072385)
[INFO] 2022-10-01 11:26:26,874 [    train.py:  228]:	('Ner Acc', 0.9980614), ('CLS Classification Acc', 0.9802133)
[INFO] 2022-10-01 11:26:35,126 [    train.py:  237]:	Precision 0.543 Recall 0.612 F1 0.575
[INFO] 2022-10-01 11:27:40,222 [    train.py:  185]:	Epoch 38: 
[INFO] 2022-10-01 11:27:40,223 [    train.py:  186]:	Train:
[INFO] 2022-10-01 11:27:40,228 [    train.py:  198]:	Loss 0.0045, ('Ner Loss', 0.0008543441072106361),  ('CLS Classification Loss', 0.003605290548875928)
[INFO] 2022-10-01 11:27:40,228 [    train.py:  208]:	('Ner Acc', 0.9996273517608643),  ('CLS Classification Acc', 0.99869304895401)
[INFO] 2022-10-01 11:27:42,423 [    train.py:  220]:	Evaluate:
[INFO] 2022-10-01 11:27:42,424 [    train.py:  227]:	Loss 0.1660, ('Ner Loss', 0.015216605),  ('CLS Classification Loss', 0.15079117)
[INFO] 2022-10-01 11:27:42,424 [    train.py:  228]:	('Ner Acc', 0.9981035), ('CLS Classification Acc', 0.98071593)
[INFO] 2022-10-01 11:27:50,882 [    train.py:  237]:	Precision 0.579 Recall 0.608 F1 0.593
[INFO] 2022-10-01 11:28:55,846 [    train.py:  185]:	Epoch 39: 
[INFO] 2022-10-01 11:28:55,848 [    train.py:  186]:	Train:
[INFO] 2022-10-01 11:28:55,854 [    train.py:  198]:	Loss 0.0048, ('Ner Loss', 0.0007490402786061168),  ('CLS Classification Loss', 0.004010031931102276)
[INFO] 2022-10-01 11:28:55,855 [    train.py:  208]:	('Ner Acc', 0.9996809363365173),  ('CLS Classification Acc', 0.998677134513855)
[INFO] 2022-10-01 11:28:58,071 [    train.py:  220]:	Evaluate:
[INFO] 2022-10-01 11:28:58,071 [    train.py:  227]:	Loss 0.1614, ('Ner Loss', 0.016739992),  ('CLS Classification Loss', 0.14466466)
[INFO] 2022-10-01 11:28:58,072 [    train.py:  228]:	('Ner Acc', 0.9980407), ('CLS Classification Acc', 0.98189545)
[INFO] 2022-10-01 11:29:06,480 [    train.py:  237]:	Precision 0.576 Recall 0.594 F1 0.585
[INFO] 2022-10-01 11:30:11,426 [    train.py:  185]:	Epoch 40: 
[INFO] 2022-10-01 11:30:11,427 [    train.py:  186]:	Train:
[INFO] 2022-10-01 11:30:11,430 [    train.py:  198]:	Loss 0.0054, ('Ner Loss', 0.0008402391104027629),  ('CLS Classification Loss', 0.004604723304510117)
[INFO] 2022-10-01 11:30:11,431 [    train.py:  208]:	('Ner Acc', 0.9996442794799805),  ('CLS Classification Acc', 0.998408854007721)
[INFO] 2022-10-01 11:30:13,650 [    train.py:  220]:	Evaluate:
[INFO] 2022-10-01 11:30:13,651 [    train.py:  227]:	Loss 0.1437, ('Ner Loss', 0.015424071),  ('CLS Classification Loss', 0.12828703)
[INFO] 2022-10-01 11:30:13,651 [    train.py:  228]:	('Ner Acc', 0.9981583), ('CLS Classification Acc', 0.9801177)
[INFO] 2022-10-01 11:30:22,024 [    train.py:  237]:	Precision 0.562 Recall 0.600 F1 0.580
[INFO] 2022-10-01 11:31:26,782 [    train.py:  185]:	Epoch 41: 
[INFO] 2022-10-01 11:31:26,782 [    train.py:  186]:	Train:
[INFO] 2022-10-01 11:31:26,786 [    train.py:  198]:	Loss 0.0053, ('Ner Loss', 0.0007421272457577288),  ('CLS Classification Loss', 0.004568738862872124)
[INFO] 2022-10-01 11:31:26,786 [    train.py:  208]:	('Ner Acc', 0.9996702671051025),  ('CLS Classification Acc', 0.9984657764434814)
[INFO] 2022-10-01 11:31:28,999 [    train.py:  220]:	Evaluate:
[INFO] 2022-10-01 11:31:29,000 [    train.py:  227]:	Loss 0.1550, ('Ner Loss', 0.016796334),  ('CLS Classification Loss', 0.13823819)
[INFO] 2022-10-01 11:31:29,000 [    train.py:  228]:	('Ner Acc', 0.9980227), ('CLS Classification Acc', 0.97838163)
[INFO] 2022-10-01 11:31:38,189 [    train.py:  237]:	Precision 0.519 Recall 0.609 F1 0.560
[INFO] 2022-10-01 11:32:43,249 [    train.py:  185]:	Epoch 42: 
[INFO] 2022-10-01 11:32:43,250 [    train.py:  186]:	Train:
[INFO] 2022-10-01 11:32:43,255 [    train.py:  198]:	Loss 0.0044, ('Ner Loss', 0.0006499341106973588),  ('CLS Classification Loss', 0.003775134449824691)
[INFO] 2022-10-01 11:32:43,255 [    train.py:  208]:	('Ner Acc', 0.9997156262397766),  ('CLS Classification Acc', 0.9987421035766602)
[INFO] 2022-10-01 11:32:45,450 [    train.py:  220]:	Evaluate:
[INFO] 2022-10-01 11:32:45,450 [    train.py:  227]:	Loss 0.1555, ('Ner Loss', 0.016869938),  ('CLS Classification Loss', 0.13858014)
[INFO] 2022-10-01 11:32:45,451 [    train.py:  228]:	('Ner Acc', 0.99806124), ('CLS Classification Acc', 0.9797066)
[INFO] 2022-10-01 11:32:53,765 [    train.py:  237]:	Precision 0.544 Recall 0.630 F1 0.584
[INFO] 2022-10-01 11:33:59,095 [    train.py:  185]:	Epoch 43: 
[INFO] 2022-10-01 11:33:59,096 [    train.py:  186]:	Train:
[INFO] 2022-10-01 11:33:59,102 [    train.py:  198]:	Loss 0.0041, ('Ner Loss', 0.0006109194364398718),  ('CLS Classification Loss', 0.003470112569630146)
[INFO] 2022-10-01 11:33:59,102 [    train.py:  208]:	('Ner Acc', 0.9997435808181763),  ('CLS Classification Acc', 0.998863697052002)
[INFO] 2022-10-01 11:34:01,349 [    train.py:  220]:	Evaluate:
[INFO] 2022-10-01 11:34:01,350 [    train.py:  227]:	Loss 0.1525, ('Ner Loss', 0.01851716),  ('CLS Classification Loss', 0.13400805)
[INFO] 2022-10-01 11:34:01,350 [    train.py:  228]:	('Ner Acc', 0.99809635), ('CLS Classification Acc', 0.9815216)
[INFO] 2022-10-01 11:34:09,707 [    train.py:  237]:	Precision 0.612 Recall 0.530 F1 0.568
[INFO] 2022-10-01 11:35:14,570 [    train.py:  185]:	Epoch 44: 
[INFO] 2022-10-01 11:35:14,571 [    train.py:  186]:	Train:
[INFO] 2022-10-01 11:35:14,576 [    train.py:  198]:	Loss 0.0039, ('Ner Loss', 0.0006293219048529863),  ('CLS Classification Loss', 0.0032879977952688932)
[INFO] 2022-10-01 11:35:14,576 [    train.py:  208]:	('Ner Acc', 0.9997318387031555),  ('CLS Classification Acc', 0.9988069534301758)
[INFO] 2022-10-01 11:35:16,766 [    train.py:  220]:	Evaluate:
[INFO] 2022-10-01 11:35:16,767 [    train.py:  227]:	Loss 0.1593, ('Ner Loss', 0.017750937),  ('CLS Classification Loss', 0.14153825)
[INFO] 2022-10-01 11:35:16,767 [    train.py:  228]:	('Ner Acc', 0.9980357), ('CLS Classification Acc', 0.9813015)
[INFO] 2022-10-01 11:35:24,960 [    train.py:  237]:	Precision 0.584 Recall 0.568 F1 0.576
[INFO] 2022-10-01 11:36:30,029 [    train.py:  185]:	Epoch 45: 
[INFO] 2022-10-01 11:36:30,029 [    train.py:  186]:	Train:
[INFO] 2022-10-01 11:36:30,034 [    train.py:  198]:	Loss 0.0048, ('Ner Loss', 0.0006848399643786252),  ('CLS Classification Loss', 0.004140312317758799)
[INFO] 2022-10-01 11:36:30,034 [    train.py:  208]:	('Ner Acc', 0.9997400045394897),  ('CLS Classification Acc', 0.998677134513855)
[INFO] 2022-10-01 11:36:32,233 [    train.py:  220]:	Evaluate:
[INFO] 2022-10-01 11:36:32,233 [    train.py:  227]:	Loss 0.1637, ('Ner Loss', 0.017094286),  ('CLS Classification Loss', 0.14656033)
[INFO] 2022-10-01 11:36:32,233 [    train.py:  228]:	('Ner Acc', 0.99801177), ('CLS Classification Acc', 0.9812973)
[INFO] 2022-10-01 11:36:40,562 [    train.py:  237]:	Precision 0.571 Recall 0.580 F1 0.575
[INFO] 2022-10-01 11:37:45,622 [    train.py:  185]:	Epoch 46: 
[INFO] 2022-10-01 11:37:45,622 [    train.py:  186]:	Train:
[INFO] 2022-10-01 11:37:45,626 [    train.py:  198]:	Loss 0.0037, ('Ner Loss', 0.0006593781872652471),  ('CLS Classification Loss', 0.002995898015797138)
[INFO] 2022-10-01 11:37:45,626 [    train.py:  208]:	('Ner Acc', 0.9997463226318359),  ('CLS Classification Acc', 0.9990583062171936)
[INFO] 2022-10-01 11:37:47,827 [    train.py:  220]:	Evaluate:
[INFO] 2022-10-01 11:37:47,828 [    train.py:  227]:	Loss 0.1586, ('Ner Loss', 0.015413118),  ('CLS Classification Loss', 0.14321326)
[INFO] 2022-10-01 11:37:47,828 [    train.py:  228]:	('Ner Acc', 0.9979973), ('CLS Classification Acc', 0.97998065)
[INFO] 2022-10-01 11:37:56,184 [    train.py:  237]:	Precision 0.556 Recall 0.587 F1 0.571
[INFO] 2022-10-01 11:39:01,943 [    train.py:  185]:	Epoch 47: 
[INFO] 2022-10-01 11:39:01,943 [    train.py:  186]:	Train:
[INFO] 2022-10-01 11:39:01,946 [    train.py:  198]:	Loss 0.0030, ('Ner Loss', 0.0006404859595932066),  ('CLS Classification Loss', 0.002402978017926216)
[INFO] 2022-10-01 11:39:01,946 [    train.py:  208]:	('Ner Acc', 0.9997653961181641),  ('CLS Classification Acc', 0.9991395473480225)
[INFO] 2022-10-01 11:39:04,146 [    train.py:  220]:	Evaluate:
[INFO] 2022-10-01 11:39:04,148 [    train.py:  227]:	Loss 0.1741, ('Ner Loss', 0.01607608),  ('CLS Classification Loss', 0.15803523)
[INFO] 2022-10-01 11:39:04,148 [    train.py:  228]:	('Ner Acc', 0.99811023), ('CLS Classification Acc', 0.9806203)
[INFO] 2022-10-01 11:39:12,337 [    train.py:  237]:	Precision 0.574 Recall 0.579 F1 0.576
[INFO] 2022-10-01 11:40:17,614 [    train.py:  185]:	Epoch 48: 
[INFO] 2022-10-01 11:40:17,615 [    train.py:  186]:	Train:
[INFO] 2022-10-01 11:40:17,622 [    train.py:  198]:	Loss 0.0034, ('Ner Loss', 0.0012123310007154942),  ('CLS Classification Loss', 0.0021738403011113405)
[INFO] 2022-10-01 11:40:17,622 [    train.py:  208]:	('Ner Acc', 0.9996832609176636),  ('CLS Classification Acc', 0.9992287158966064)
[INFO] 2022-10-01 11:40:19,839 [    train.py:  220]:	Evaluate:
[INFO] 2022-10-01 11:40:19,839 [    train.py:  227]:	Loss 0.1641, ('Ner Loss', 0.015883699),  ('CLS Classification Loss', 0.14821391)
[INFO] 2022-10-01 11:40:19,839 [    train.py:  228]:	('Ner Acc', 0.9979901), ('CLS Classification Acc', 0.98075736)
[INFO] 2022-10-01 11:40:28,216 [    train.py:  237]:	Precision 0.523 Recall 0.576 F1 0.548
[INFO] 2022-10-01 11:41:33,291 [    train.py:  185]:	Epoch 49: 
[INFO] 2022-10-01 11:41:33,292 [    train.py:  186]:	Train:
[INFO] 2022-10-01 11:41:33,300 [    train.py:  198]:	Loss 0.0039, ('Ner Loss', 0.001416848972439766),  ('CLS Classification Loss', 0.0024670197162777185)
[INFO] 2022-10-01 11:41:33,300 [    train.py:  208]:	('Ner Acc', 0.9996326565742493),  ('CLS Classification Acc', 0.9991477727890015)
[INFO] 2022-10-01 11:41:35,555 [    train.py:  220]:	Evaluate:
[INFO] 2022-10-01 11:41:35,556 [    train.py:  227]:	Loss 0.1648, ('Ner Loss', 0.013769764),  ('CLS Classification Loss', 0.15106225)
[INFO] 2022-10-01 11:41:35,556 [    train.py:  228]:	('Ner Acc', 0.9981107), ('CLS Classification Acc', 0.98016346)
[INFO] 2022-10-01 11:41:44,097 [    train.py:  237]:	Precision 0.563 Recall 0.619 F1 0.590
[INFO] 2022-10-01 11:42:48,931 [    train.py:  185]:	Epoch 50: 
[INFO] 2022-10-01 11:42:48,931 [    train.py:  186]:	Train:
[INFO] 2022-10-01 11:42:48,934 [    train.py:  198]:	Loss 0.0032, ('Ner Loss', 0.0007300506695173681),  ('CLS Classification Loss', 0.0024282666854560375)
[INFO] 2022-10-01 11:42:48,935 [    train.py:  208]:	('Ner Acc', 0.9997267127037048),  ('CLS Classification Acc', 0.9992126226425171)
[INFO] 2022-10-01 11:42:51,132 [    train.py:  220]:	Evaluate:
[INFO] 2022-10-01 11:42:51,133 [    train.py:  227]:	Loss 0.1437, ('Ner Loss', 0.013532761),  ('CLS Classification Loss', 0.13012055)
[INFO] 2022-10-01 11:42:51,133 [    train.py:  228]:	('Ner Acc', 0.9979276), ('CLS Classification Acc', 0.9789838)
[INFO] 2022-10-01 11:42:59,511 [    train.py:  237]:	Precision 0.545 Recall 0.614 F1 0.577
[INFO] 2022-10-01 11:44:04,734 [    train.py:  185]:	Epoch 51: 
[INFO] 2022-10-01 11:44:04,735 [    train.py:  186]:	Train:
[INFO] 2022-10-01 11:44:04,742 [    train.py:  198]:	Loss 0.0032, ('Ner Loss', 0.0006673563038930297),  ('CLS Classification Loss', 0.0024907714687287807)
[INFO] 2022-10-01 11:44:04,742 [    train.py:  208]:	('Ner Acc', 0.9997358322143555),  ('CLS Classification Acc', 0.9991315603256226)
[INFO] 2022-10-01 11:44:06,938 [    train.py:  220]:	Evaluate:
[INFO] 2022-10-01 11:44:06,939 [    train.py:  227]:	Loss 0.1611, ('Ner Loss', 0.015588379),  ('CLS Classification Loss', 0.14553408)
[INFO] 2022-10-01 11:44:06,939 [    train.py:  228]:	('Ner Acc', 0.9981145), ('CLS Classification Acc', 0.98134714)
[INFO] 2022-10-01 11:44:15,266 [    train.py:  237]:	Precision 0.600 Recall 0.602 F1 0.601
[INFO] 2022-10-01 11:45:20,244 [    train.py:  185]:	Epoch 52: 
[INFO] 2022-10-01 11:45:20,245 [    train.py:  186]:	Train:
[INFO] 2022-10-01 11:45:20,252 [    train.py:  198]:	Loss 0.0023, ('Ner Loss', 0.0005324462545104325),  ('CLS Classification Loss', 0.0017672833055257797)
[INFO] 2022-10-01 11:45:20,252 [    train.py:  208]:	('Ner Acc', 0.9998043179512024),  ('CLS Classification Acc', 0.99931800365448)
[INFO] 2022-10-01 11:45:22,448 [    train.py:  220]:	Evaluate:
[INFO] 2022-10-01 11:45:22,449 [    train.py:  227]:	Loss 0.1712, ('Ner Loss', 0.015616167),  ('CLS Classification Loss', 0.15557595)
[INFO] 2022-10-01 11:45:22,449 [    train.py:  228]:	('Ner Acc', 0.99812436), ('CLS Classification Acc', 0.9808404)
[INFO] 2022-10-01 11:45:31,075 [    train.py:  237]:	Precision 0.583 Recall 0.608 F1 0.595
[INFO] 2022-10-01 11:46:36,243 [    train.py:  185]:	Epoch 53: 
[INFO] 2022-10-01 11:46:36,243 [    train.py:  186]:	Train:
[INFO] 2022-10-01 11:46:36,247 [    train.py:  198]:	Loss 0.0024, ('Ner Loss', 0.0004652562492992729),  ('CLS Classification Loss', 0.001900387229397893)
[INFO] 2022-10-01 11:46:36,247 [    train.py:  208]:	('Ner Acc', 0.9998100996017456),  ('CLS Classification Acc', 0.9993991851806641)
[INFO] 2022-10-01 11:46:38,436 [    train.py:  220]:	Evaluate:
[INFO] 2022-10-01 11:46:38,436 [    train.py:  227]:	Loss 0.1646, ('Ner Loss', 0.015196443),  ('CLS Classification Loss', 0.14942163)
[INFO] 2022-10-01 11:46:38,437 [    train.py:  228]:	('Ner Acc', 0.9980736), ('CLS Classification Acc', 0.9808944)
[INFO] 2022-10-01 11:46:46,665 [    train.py:  237]:	Precision 0.584 Recall 0.611 F1 0.597
[INFO] 2022-10-01 11:47:51,545 [    train.py:  185]:	Epoch 54: 
[INFO] 2022-10-01 11:47:51,546 [    train.py:  186]:	Train:
[INFO] 2022-10-01 11:47:51,549 [    train.py:  198]:	Loss 0.0025, ('Ner Loss', 0.0004231781931594014),  ('CLS Classification Loss', 0.0020967230666428804)
[INFO] 2022-10-01 11:47:51,549 [    train.py:  208]:	('Ner Acc', 0.9998349547386169),  ('CLS Classification Acc', 0.9993830919265747)
[INFO] 2022-10-01 11:47:53,715 [    train.py:  220]:	Evaluate:
[INFO] 2022-10-01 11:47:53,715 [    train.py:  227]:	Loss 0.1573, ('Ner Loss', 0.016174845),  ('CLS Classification Loss', 0.14109068)
[INFO] 2022-10-01 11:47:53,715 [    train.py:  228]:	('Ner Acc', 0.998176), ('CLS Classification Acc', 0.98112285)
[INFO] 2022-10-01 11:48:02,002 [    train.py:  237]:	Precision 0.625 Recall 0.581 F1 0.602
[INFO] 2022-10-01 11:49:06,174 [    train.py:  185]:	Epoch 55: 
[INFO] 2022-10-01 11:49:06,175 [    train.py:  186]:	Train:
[INFO] 2022-10-01 11:49:06,177 [    train.py:  198]:	Loss 0.0032, ('Ner Loss', 0.0004309455107431859),  ('CLS Classification Loss', 0.0027310263831168413)
[INFO] 2022-10-01 11:49:06,177 [    train.py:  208]:	('Ner Acc', 0.9998289942741394),  ('CLS Classification Acc', 0.9990015029907227)
[INFO] 2022-10-01 11:49:08,384 [    train.py:  220]:	Evaluate:
[INFO] 2022-10-01 11:49:08,385 [    train.py:  227]:	Loss 0.1669, ('Ner Loss', 0.016869212),  ('CLS Classification Loss', 0.15004694)
[INFO] 2022-10-01 11:49:08,385 [    train.py:  228]:	('Ner Acc', 0.99800414), ('CLS Classification Acc', 0.9794408)
[INFO] 2022-10-01 11:49:16,278 [    train.py:  237]:	Precision 0.577 Recall 0.609 F1 0.592
[INFO] 2022-10-01 11:50:21,144 [    train.py:  185]:	Epoch 56: 
[INFO] 2022-10-01 11:50:21,144 [    train.py:  186]:	Train:
[INFO] 2022-10-01 11:50:21,148 [    train.py:  198]:	Loss 0.0019, ('Ner Loss', 0.00039241695776581764),  ('CLS Classification Loss', 0.0015235452447086573)
[INFO] 2022-10-01 11:50:21,148 [    train.py:  208]:	('Ner Acc', 0.9998304843902588),  ('CLS Classification Acc', 0.9994721412658691)
[INFO] 2022-10-01 11:50:23,400 [    train.py:  220]:	Evaluate:
[INFO] 2022-10-01 11:50:23,401 [    train.py:  227]:	Loss 0.1741, ('Ner Loss', 0.018355193),  ('CLS Classification Loss', 0.15574121)
[INFO] 2022-10-01 11:50:23,401 [    train.py:  228]:	('Ner Acc', 0.9981364), ('CLS Classification Acc', 0.9810731)
[INFO] 2022-10-01 11:50:31,163 [    train.py:  237]:	Precision 0.592 Recall 0.607 F1 0.599
[INFO] 2022-10-01 11:51:36,549 [    train.py:  185]:	Epoch 57: 
[INFO] 2022-10-01 11:51:36,550 [    train.py:  186]:	Train:
[INFO] 2022-10-01 11:51:36,552 [    train.py:  198]:	Loss 0.0027, ('Ner Loss', 0.0003783511056099087),  ('CLS Classification Loss', 0.002303526271134615)
[INFO] 2022-10-01 11:51:36,552 [    train.py:  208]:	('Ner Acc', 0.9998536109924316),  ('CLS Classification Acc', 0.9992774128913879)
[INFO] 2022-10-01 11:51:38,750 [    train.py:  220]:	Evaluate:
[INFO] 2022-10-01 11:51:38,751 [    train.py:  227]:	Loss 0.1665, ('Ner Loss', 0.017713426),  ('CLS Classification Loss', 0.1488127)
[INFO] 2022-10-01 11:51:38,751 [    train.py:  228]:	('Ner Acc', 0.9981255), ('CLS Classification Acc', 0.9803503)
[INFO] 2022-10-01 11:51:46,560 [    train.py:  237]:	Precision 0.613 Recall 0.577 F1 0.595
[INFO] 2022-10-01 11:52:51,269 [    train.py:  185]:	Epoch 58: 
[INFO] 2022-10-01 11:52:51,270 [    train.py:  186]:	Train:
[INFO] 2022-10-01 11:52:51,272 [    train.py:  198]:	Loss 0.0020, ('Ner Loss', 0.00036016266676597297),  ('CLS Classification Loss', 0.0016444430220872164)
[INFO] 2022-10-01 11:52:51,272 [    train.py:  208]:	('Ner Acc', 0.9998593330383301),  ('CLS Classification Acc', 0.9993910789489746)
[INFO] 2022-10-01 11:52:53,478 [    train.py:  220]:	Evaluate:
[INFO] 2022-10-01 11:52:53,478 [    train.py:  227]:	Loss 0.1811, ('Ner Loss', 0.016529584),  ('CLS Classification Loss', 0.16460909)
[INFO] 2022-10-01 11:52:53,479 [    train.py:  228]:	('Ner Acc', 0.99811584), ('CLS Classification Acc', 0.9797482)
[INFO] 2022-10-01 11:53:01,241 [    train.py:  237]:	Precision 0.564 Recall 0.637 F1 0.598
[INFO] 2022-10-01 11:54:05,966 [    train.py:  185]:	Epoch 59: 
[INFO] 2022-10-01 11:54:05,966 [    train.py:  186]:	Train:
[INFO] 2022-10-01 11:54:05,969 [    train.py:  198]:	Loss 0.0021, ('Ner Loss', 0.0003256599011365324),  ('CLS Classification Loss', 0.0017574033699929714)
[INFO] 2022-10-01 11:54:05,969 [    train.py:  208]:	('Ner Acc', 0.9998676180839539),  ('CLS Classification Acc', 0.9994154572486877)
[INFO] 2022-10-01 11:54:08,169 [    train.py:  220]:	Evaluate:
[INFO] 2022-10-01 11:54:08,169 [    train.py:  227]:	Loss 0.1656, ('Ner Loss', 0.017523054),  ('CLS Classification Loss', 0.14806311)
[INFO] 2022-10-01 11:54:08,170 [    train.py:  228]:	('Ner Acc', 0.99812186), ('CLS Classification Acc', 0.9807575)
[INFO] 2022-10-01 11:54:15,963 [    train.py:  237]:	Precision 0.582 Recall 0.601 F1 0.591
[INFO] 2022-10-01 11:55:20,268 [    train.py:  185]:	Epoch 60: 
[INFO] 2022-10-01 11:55:20,268 [    train.py:  186]:	Train:
[INFO] 2022-10-01 11:55:20,275 [    train.py:  198]:	Loss 0.0027, ('Ner Loss', 0.00040272981277666986),  ('CLS Classification Loss', 0.0022990957368165255)
[INFO] 2022-10-01 11:55:20,276 [    train.py:  208]:	('Ner Acc', 0.999835729598999),  ('CLS Classification Acc', 0.9992694854736328)
[INFO] 2022-10-01 11:55:22,514 [    train.py:  220]:	Evaluate:
[INFO] 2022-10-01 11:55:22,515 [    train.py:  227]:	Loss 0.1592, ('Ner Loss', 0.01674132),  ('CLS Classification Loss', 0.14246899)
[INFO] 2022-10-01 11:55:22,515 [    train.py:  228]:	('Ner Acc', 0.99813956), ('CLS Classification Acc', 0.98098993)
[INFO] 2022-10-01 11:55:30,320 [    train.py:  237]:	Precision 0.602 Recall 0.603 F1 0.603
[INFO] 2022-10-01 11:56:34,773 [    train.py:  185]:	Epoch 61: 
[INFO] 2022-10-01 11:56:34,774 [    train.py:  186]:	Train:
[INFO] 2022-10-01 11:56:34,776 [    train.py:  198]:	Loss 0.0023, ('Ner Loss', 0.0003404238959774375),  ('CLS Classification Loss', 0.0019576738122850657)
[INFO] 2022-10-01 11:56:34,776 [    train.py:  208]:	('Ner Acc', 0.9998652935028076),  ('CLS Classification Acc', 0.9994480013847351)
[INFO] 2022-10-01 11:56:36,967 [    train.py:  220]:	Evaluate:
[INFO] 2022-10-01 11:56:36,967 [    train.py:  227]:	Loss 0.1617, ('Ner Loss', 0.016812105),  ('CLS Classification Loss', 0.14492305)
[INFO] 2022-10-01 11:56:36,967 [    train.py:  228]:	('Ner Acc', 0.9980765), ('CLS Classification Acc', 0.980533)
[INFO] 2022-10-01 11:56:44,797 [    train.py:  237]:	Precision 0.575 Recall 0.595 F1 0.585
[INFO] 2022-10-01 11:57:49,184 [    train.py:  185]:	Epoch 62: 
[INFO] 2022-10-01 11:57:49,185 [    train.py:  186]:	Train:
[INFO] 2022-10-01 11:57:49,188 [    train.py:  198]:	Loss 0.0011, ('Ner Loss', 0.00025241420371457934),  ('CLS Classification Loss', 0.0008880413952283561)
[INFO] 2022-10-01 11:57:49,189 [    train.py:  208]:	('Ner Acc', 0.999898374080658),  ('CLS Classification Acc', 0.9996832609176636)
[INFO] 2022-10-01 11:57:51,380 [    train.py:  220]:	Evaluate:
[INFO] 2022-10-01 11:57:51,381 [    train.py:  227]:	Loss 0.1952, ('Ner Loss', 0.018734073),  ('CLS Classification Loss', 0.17650977)
[INFO] 2022-10-01 11:57:51,381 [    train.py:  228]:	('Ner Acc', 0.99804425), ('CLS Classification Acc', 0.9799392)
[INFO] 2022-10-01 11:57:59,244 [    train.py:  237]:	Precision 0.561 Recall 0.603 F1 0.581
[INFO] 2022-10-01 11:59:03,742 [    train.py:  185]:	Epoch 63: 
[INFO] 2022-10-01 11:59:03,743 [    train.py:  186]:	Train:
[INFO] 2022-10-01 11:59:03,745 [    train.py:  198]:	Loss 0.0017, ('Ner Loss', 0.0002767806581687182),  ('CLS Classification Loss', 0.001424124464392662)
[INFO] 2022-10-01 11:59:03,745 [    train.py:  208]:	('Ner Acc', 0.999886691570282),  ('CLS Classification Acc', 0.9996101260185242)
[INFO] 2022-10-01 11:59:05,956 [    train.py:  220]:	Evaluate:
[INFO] 2022-10-01 11:59:05,957 [    train.py:  227]:	Loss 0.1650, ('Ner Loss', 0.016933585),  ('CLS Classification Loss', 0.14804383)
[INFO] 2022-10-01 11:59:05,957 [    train.py:  228]:	('Ner Acc', 0.99806356), ('CLS Classification Acc', 0.98094016)
[INFO] 2022-10-01 11:59:13,764 [    train.py:  237]:	Precision 0.587 Recall 0.575 F1 0.581
[INFO] 2022-10-01 12:00:17,987 [    train.py:  185]:	Epoch 64: 
[INFO] 2022-10-01 12:00:17,987 [    train.py:  186]:	Train:
[INFO] 2022-10-01 12:00:17,993 [    train.py:  198]:	Loss 0.0022, ('Ner Loss', 0.00030468666227534413),  ('CLS Classification Loss', 0.0019190567545592785)
[INFO] 2022-10-01 12:00:17,993 [    train.py:  208]:	('Ner Acc', 0.9998863935470581),  ('CLS Classification Acc', 0.999415397644043)
[INFO] 2022-10-01 12:00:20,196 [    train.py:  220]:	Evaluate:
[INFO] 2022-10-01 12:00:20,197 [    train.py:  227]:	Loss 0.1696, ('Ner Loss', 0.018555852),  ('CLS Classification Loss', 0.15102902)
[INFO] 2022-10-01 12:00:20,197 [    train.py:  228]:	('Ner Acc', 0.99805653), ('CLS Classification Acc', 0.9818912)
[INFO] 2022-10-01 12:00:28,108 [    train.py:  237]:	Precision 0.588 Recall 0.604 F1 0.596
[INFO] 2022-10-01 12:01:32,573 [    train.py:  185]:	Epoch 65: 
[INFO] 2022-10-01 12:01:32,573 [    train.py:  186]:	Train:
[INFO] 2022-10-01 12:01:32,576 [    train.py:  198]:	Loss 0.0016, ('Ner Loss', 0.0002871054457500577),  ('CLS Classification Loss', 0.0013306025648489594)
[INFO] 2022-10-01 12:01:32,576 [    train.py:  208]:	('Ner Acc', 0.9998909831047058),  ('CLS Classification Acc', 0.9995859265327454)
[INFO] 2022-10-01 12:01:34,793 [    train.py:  220]:	Evaluate:
[INFO] 2022-10-01 12:01:34,794 [    train.py:  227]:	Loss 0.1809, ('Ner Loss', 0.018584289),  ('CLS Classification Loss', 0.16227134)
[INFO] 2022-10-01 12:01:34,794 [    train.py:  228]:	('Ner Acc', 0.9981047), ('CLS Classification Acc', 0.9807656)
[INFO] 2022-10-01 12:01:42,903 [    train.py:  237]:	Precision 0.613 Recall 0.586 F1 0.599
[INFO] 2022-10-01 12:02:47,118 [    train.py:  185]:	Epoch 66: 
[INFO] 2022-10-01 12:02:47,118 [    train.py:  186]:	Train:
[INFO] 2022-10-01 12:02:47,124 [    train.py:  198]:	Loss 0.0016, ('Ner Loss', 0.00028473223210312426),  ('CLS Classification Loss', 0.0012837148969992995)
[INFO] 2022-10-01 12:02:47,124 [    train.py:  208]:	('Ner Acc', 0.9998906850814819),  ('CLS Classification Acc', 0.9995694756507874)
[INFO] 2022-10-01 12:02:49,329 [    train.py:  220]:	Evaluate:
[INFO] 2022-10-01 12:02:49,329 [    train.py:  227]:	Loss 0.1829, ('Ner Loss', 0.019445768),  ('CLS Classification Loss', 0.16344695)
[INFO] 2022-10-01 12:02:49,329 [    train.py:  228]:	('Ner Acc', 0.9980602), ('CLS Classification Acc', 0.98067015)
[INFO] 2022-10-01 12:02:57,183 [    train.py:  237]:	Precision 0.573 Recall 0.600 F1 0.586
[INFO] 2022-10-01 12:04:01,531 [    train.py:  185]:	Epoch 67: 
[INFO] 2022-10-01 12:04:01,531 [    train.py:  186]:	Train:
[INFO] 2022-10-01 12:04:01,534 [    train.py:  198]:	Loss 0.0022, ('Ner Loss', 0.00030216414597816765),  ('CLS Classification Loss', 0.0019278057152405381)
[INFO] 2022-10-01 12:04:01,534 [    train.py:  208]:	('Ner Acc', 0.9998857975006104),  ('CLS Classification Acc', 0.9994398951530457)
[INFO] 2022-10-01 12:04:03,739 [    train.py:  220]:	Evaluate:
[INFO] 2022-10-01 12:04:03,739 [    train.py:  227]:	Loss 0.1965, ('Ner Loss', 0.01871635),  ('CLS Classification Loss', 0.17778786)
[INFO] 2022-10-01 12:04:03,739 [    train.py:  228]:	('Ner Acc', 0.99805), ('CLS Classification Acc', 0.97961104)
[INFO] 2022-10-01 12:04:11,580 [    train.py:  237]:	Precision 0.562 Recall 0.630 F1 0.594
[INFO] 2022-10-01 12:05:16,251 [    train.py:  185]:	Epoch 68: 
[INFO] 2022-10-01 12:05:16,252 [    train.py:  186]:	Train:
[INFO] 2022-10-01 12:05:16,255 [    train.py:  198]:	Loss 0.0018, ('Ner Loss', 0.0002536702959332615),  ('CLS Classification Loss', 0.001511640497483313)
[INFO] 2022-10-01 12:05:16,256 [    train.py:  208]:	('Ner Acc', 0.9998992681503296),  ('CLS Classification Acc', 0.9995289444923401)
[INFO] 2022-10-01 12:05:18,468 [    train.py:  220]:	Evaluate:
[INFO] 2022-10-01 12:05:18,468 [    train.py:  227]:	Loss 0.1871, ('Ner Loss', 0.018698642),  ('CLS Classification Loss', 0.16836458)
[INFO] 2022-10-01 12:05:18,469 [    train.py:  228]:	('Ner Acc', 0.9979911), ('CLS Classification Acc', 0.97952384)
[INFO] 2022-10-01 12:05:26,222 [    train.py:  237]:	Precision 0.565 Recall 0.601 F1 0.582
[INFO] 2022-10-01 12:06:30,844 [    train.py:  185]:	Epoch 69: 
[INFO] 2022-10-01 12:06:30,845 [    train.py:  186]:	Train:
[INFO] 2022-10-01 12:06:30,852 [    train.py:  198]:	Loss 0.0017, ('Ner Loss', 0.0002717414463404566),  ('CLS Classification Loss', 0.0013896645978093147)
[INFO] 2022-10-01 12:06:30,852 [    train.py:  208]:	('Ner Acc', 0.9999024868011475),  ('CLS Classification Acc', 0.9995940923690796)
[INFO] 2022-10-01 12:06:33,057 [    train.py:  220]:	Evaluate:
[INFO] 2022-10-01 12:06:33,058 [    train.py:  227]:	Loss 0.1717, ('Ner Loss', 0.01880665),  ('CLS Classification Loss', 0.15293221)
[INFO] 2022-10-01 12:06:33,058 [    train.py:  228]:	('Ner Acc', 0.998105), ('CLS Classification Acc', 0.9800305)
[INFO] 2022-10-01 12:06:40,785 [    train.py:  237]:	Precision 0.574 Recall 0.607 F1 0.590
[INFO] 2022-10-01 12:07:45,218 [    train.py:  185]:	Epoch 70: 
[INFO] 2022-10-01 12:07:45,218 [    train.py:  186]:	Train:
[INFO] 2022-10-01 12:07:45,222 [    train.py:  198]:	Loss 0.0016, ('Ner Loss', 0.0002629418740980327),  ('CLS Classification Loss', 0.0012929554795846343)
[INFO] 2022-10-01 12:07:45,222 [    train.py:  208]:	('Ner Acc', 0.999902606010437),  ('CLS Classification Acc', 0.9995697140693665)
[INFO] 2022-10-01 12:07:47,419 [    train.py:  220]:	Evaluate:
[INFO] 2022-10-01 12:07:47,420 [    train.py:  227]:	Loss 0.1847, ('Ner Loss', 0.019433836),  ('CLS Classification Loss', 0.16524829)
[INFO] 2022-10-01 12:07:47,420 [    train.py:  228]:	('Ner Acc', 0.997974), ('CLS Classification Acc', 0.9799309)
[INFO] 2022-10-01 12:07:55,256 [    train.py:  237]:	Precision 0.569 Recall 0.597 F1 0.583
[INFO] 2022-10-01 12:09:00,165 [    train.py:  185]:	Epoch 71: 
[INFO] 2022-10-01 12:09:00,165 [    train.py:  186]:	Train:
[INFO] 2022-10-01 12:09:00,169 [    train.py:  198]:	Loss 0.0017, ('Ner Loss', 0.0002881757100112736),  ('CLS Classification Loss', 0.0014614980900660157)
[INFO] 2022-10-01 12:09:00,169 [    train.py:  208]:	('Ner Acc', 0.9998869299888611),  ('CLS Classification Acc', 0.999553382396698)
[INFO] 2022-10-01 12:09:02,392 [    train.py:  220]:	Evaluate:
[INFO] 2022-10-01 12:09:02,393 [    train.py:  227]:	Loss 0.1861, ('Ner Loss', 0.02050761),  ('CLS Classification Loss', 0.16562468)
[INFO] 2022-10-01 12:09:02,393 [    train.py:  228]:	('Ner Acc', 0.9980298), ('CLS Classification Acc', 0.98094016)
[INFO] 2022-10-01 12:09:10,382 [    train.py:  237]:	Precision 0.587 Recall 0.590 F1 0.589
[INFO] 2022-10-01 12:10:15,222 [    train.py:  185]:	Epoch 72: 
[INFO] 2022-10-01 12:10:15,222 [    train.py:  186]:	Train:
[INFO] 2022-10-01 12:10:15,225 [    train.py:  198]:	Loss 0.0024, ('Ner Loss', 0.0003557593154255301),  ('CLS Classification Loss', 0.002072347328066826)
[INFO] 2022-10-01 12:10:15,225 [    train.py:  208]:	('Ner Acc', 0.9998785853385925),  ('CLS Classification Acc', 0.9994640946388245)
[INFO] 2022-10-01 12:10:17,427 [    train.py:  220]:	Evaluate:
[INFO] 2022-10-01 12:10:17,427 [    train.py:  227]:	Loss 0.1649, ('Ner Loss', 0.01774857),  ('CLS Classification Loss', 0.14713301)
[INFO] 2022-10-01 12:10:17,427 [    train.py:  228]:	('Ner Acc', 0.998053), ('CLS Classification Acc', 0.9801219)
[INFO] 2022-10-01 12:10:25,204 [    train.py:  237]:	Precision 0.567 Recall 0.623 F1 0.593
[INFO] 2022-10-01 12:11:29,757 [    train.py:  185]:	Epoch 73: 
[INFO] 2022-10-01 12:11:29,757 [    train.py:  186]:	Train:
[INFO] 2022-10-01 12:11:29,760 [    train.py:  198]:	Loss 0.0017, ('Ner Loss', 0.0002237155131297186),  ('CLS Classification Loss', 0.0014363972004503012)
[INFO] 2022-10-01 12:11:29,760 [    train.py:  208]:	('Ner Acc', 0.9999085664749146),  ('CLS Classification Acc', 0.999553382396698)
[INFO] 2022-10-01 12:11:31,966 [    train.py:  220]:	Evaluate:
[INFO] 2022-10-01 12:11:31,967 [    train.py:  227]:	Loss 0.1724, ('Ner Loss', 0.018126423),  ('CLS Classification Loss', 0.15427436)
[INFO] 2022-10-01 12:11:31,967 [    train.py:  228]:	('Ner Acc', 0.9980617), ('CLS Classification Acc', 0.98016757)
[INFO] 2022-10-01 12:11:40,238 [    train.py:  237]:	Precision 0.566 Recall 0.618 F1 0.591
[INFO] 2022-10-01 12:12:44,548 [    train.py:  185]:	Epoch 74: 
[INFO] 2022-10-01 12:12:44,549 [    train.py:  186]:	Train:
[INFO] 2022-10-01 12:12:44,554 [    train.py:  198]:	Loss 0.0010, ('Ner Loss', 0.00019061203056480736),  ('CLS Classification Loss', 0.0007885852828621864)
[INFO] 2022-10-01 12:12:44,554 [    train.py:  208]:	('Ner Acc', 0.9999248385429382),  ('CLS Classification Acc', 0.9997320175170898)
[INFO] 2022-10-01 12:12:46,770 [    train.py:  220]:	Evaluate:
[INFO] 2022-10-01 12:12:46,771 [    train.py:  227]:	Loss 0.1884, ('Ner Loss', 0.018329466),  ('CLS Classification Loss', 0.17008008)
[INFO] 2022-10-01 12:12:46,771 [    train.py:  228]:	('Ner Acc', 0.9980045), ('CLS Classification Acc', 0.97998065)
[INFO] 2022-10-01 12:12:54,844 [    train.py:  237]:	Precision 0.558 Recall 0.601 F1 0.578
[INFO] 2022-10-01 12:13:59,126 [    train.py:  185]:	Epoch 75: 
[INFO] 2022-10-01 12:13:59,126 [    train.py:  186]:	Train:
[INFO] 2022-10-01 12:13:59,133 [    train.py:  198]:	Loss 0.0010, ('Ner Loss', 0.00017466973804403096),  ('CLS Classification Loss', 0.0008150481153279543)
[INFO] 2022-10-01 12:13:59,133 [    train.py:  208]:	('Ner Acc', 0.9999324679374695),  ('CLS Classification Acc', 0.9997645020484924)
[INFO] 2022-10-01 12:14:01,353 [    train.py:  220]:	Evaluate:
[INFO] 2022-10-01 12:14:01,354 [    train.py:  227]:	Loss 0.1898, ('Ner Loss', 0.020831143),  ('CLS Classification Loss', 0.16898358)
[INFO] 2022-10-01 12:14:01,354 [    train.py:  228]:	('Ner Acc', 0.9979984), ('CLS Classification Acc', 0.9803462)
[INFO] 2022-10-01 12:14:09,286 [    train.py:  237]:	Precision 0.573 Recall 0.598 F1 0.585
[INFO] 2022-10-01 12:15:13,634 [    train.py:  185]:	Epoch 76: 
[INFO] 2022-10-01 12:15:13,635 [    train.py:  186]:	Train:
[INFO] 2022-10-01 12:15:13,643 [    train.py:  198]:	Loss 0.0024, ('Ner Loss', 0.00021037891565356404),  ('CLS Classification Loss', 0.0021538580767810345)
[INFO] 2022-10-01 12:15:13,643 [    train.py:  208]:	('Ner Acc', 0.999915361404419),  ('CLS Classification Acc', 0.9993909597396851)
[INFO] 2022-10-01 12:15:15,861 [    train.py:  220]:	Evaluate:
[INFO] 2022-10-01 12:15:15,862 [    train.py:  227]:	Loss 0.1551, ('Ner Loss', 0.019384632),  ('CLS Classification Loss', 0.13571458)
[INFO] 2022-10-01 12:15:15,862 [    train.py:  228]:	('Ner Acc', 0.99809515), ('CLS Classification Acc', 0.9810274)
[INFO] 2022-10-01 12:15:23,607 [    train.py:  237]:	Precision 0.605 Recall 0.574 F1 0.589
[INFO] 2022-10-01 12:16:27,985 [    train.py:  185]:	Epoch 77: 
[INFO] 2022-10-01 12:16:27,986 [    train.py:  186]:	Train:
[INFO] 2022-10-01 12:16:27,988 [    train.py:  198]:	Loss 0.0023, ('Ner Loss', 0.00030257529579102993),  ('CLS Classification Loss', 0.001976169878616929)
[INFO] 2022-10-01 12:16:27,988 [    train.py:  208]:	('Ner Acc', 0.9998851418495178),  ('CLS Classification Acc', 0.9994316697120667)
[INFO] 2022-10-01 12:16:30,192 [    train.py:  220]:	Evaluate:
[INFO] 2022-10-01 12:16:30,193 [    train.py:  227]:	Loss 0.1843, ('Ner Loss', 0.02012137),  ('CLS Classification Loss', 0.16419779)
[INFO] 2022-10-01 12:16:30,193 [    train.py:  228]:	('Ner Acc', 0.9979718), ('CLS Classification Acc', 0.9793411)
[INFO] 2022-10-01 12:16:38,091 [    train.py:  237]:	Precision 0.563 Recall 0.611 F1 0.586
[INFO] 2022-10-01 12:17:42,459 [    train.py:  185]:	Epoch 78: 
[INFO] 2022-10-01 12:17:42,460 [    train.py:  186]:	Train:
[INFO] 2022-10-01 12:17:42,464 [    train.py:  198]:	Loss 0.0010, ('Ner Loss', 0.00021215551532804966),  ('CLS Classification Loss', 0.0008369623101316392)
[INFO] 2022-10-01 12:17:42,465 [    train.py:  208]:	('Ner Acc', 0.9999182224273682),  ('CLS Classification Acc', 0.9997644424438477)
[INFO] 2022-10-01 12:17:44,692 [    train.py:  220]:	Evaluate:
[INFO] 2022-10-01 12:17:44,693 [    train.py:  227]:	Loss 0.1792, ('Ner Loss', 0.019864859),  ('CLS Classification Loss', 0.15930721)
[INFO] 2022-10-01 12:17:44,693 [    train.py:  228]:	('Ner Acc', 0.99808615), ('CLS Classification Acc', 0.9802507)
[INFO] 2022-10-01 12:17:52,481 [    train.py:  237]:	Precision 0.586 Recall 0.574 F1 0.580
[INFO] 2022-10-01 12:18:56,835 [    train.py:  185]:	Epoch 79: 
[INFO] 2022-10-01 12:18:56,835 [    train.py:  186]:	Train:
[INFO] 2022-10-01 12:18:56,841 [    train.py:  198]:	Loss 0.0023, ('Ner Loss', 0.00030744384275749326),  ('CLS Classification Loss', 0.00200441456399858)
[INFO] 2022-10-01 12:18:56,842 [    train.py:  208]:	('Ner Acc', 0.9998887777328491),  ('CLS Classification Acc', 0.9993991851806641)
[INFO] 2022-10-01 12:18:59,017 [    train.py:  220]:	Evaluate:
[INFO] 2022-10-01 12:18:59,018 [    train.py:  227]:	Loss 0.1623, ('Ner Loss', 0.016836695),  ('CLS Classification Loss', 0.1454643)
[INFO] 2022-10-01 12:18:59,018 [    train.py:  228]:	('Ner Acc', 0.9980324), ('CLS Classification Acc', 0.98011357)
[INFO] 2022-10-01 12:19:07,290 [    train.py:  237]:	Precision 0.555 Recall 0.596 F1 0.575
[INFO] 2022-10-01 12:20:11,985 [    train.py:  185]:	Epoch 80: 
[INFO] 2022-10-01 12:20:11,986 [    train.py:  186]:	Train:
[INFO] 2022-10-01 12:20:11,989 [    train.py:  198]:	Loss 0.0015, ('Ner Loss', 0.00020892609609290957),  ('CLS Classification Loss', 0.0012911194935441017)
[INFO] 2022-10-01 12:20:11,989 [    train.py:  208]:	('Ner Acc', 0.9999255537986755),  ('CLS Classification Acc', 0.9996020793914795)
[INFO] 2022-10-01 12:20:14,177 [    train.py:  220]:	Evaluate:
[INFO] 2022-10-01 12:20:14,178 [    train.py:  227]:	Loss 0.1695, ('Ner Loss', 0.01787793),  ('CLS Classification Loss', 0.15165251)
[INFO] 2022-10-01 12:20:14,178 [    train.py:  228]:	('Ner Acc', 0.99804777), ('CLS Classification Acc', 0.979013)
[INFO] 2022-10-01 12:20:22,093 [    train.py:  237]:	Precision 0.556 Recall 0.587 F1 0.571
[INFO] 2022-10-01 12:21:26,388 [    train.py:  185]:	Epoch 81: 
[INFO] 2022-10-01 12:21:26,389 [    train.py:  186]:	Train:
[INFO] 2022-10-01 12:21:26,391 [    train.py:  198]:	Loss 0.0018, ('Ner Loss', 0.00020107804448343813),  ('CLS Classification Loss', 0.0016103803645819426)
[INFO] 2022-10-01 12:21:26,391 [    train.py:  208]:	('Ner Acc', 0.9999229311943054),  ('CLS Classification Acc', 0.9995047450065613)
[INFO] 2022-10-01 12:21:28,594 [    train.py:  220]:	Evaluate:
[INFO] 2022-10-01 12:21:28,594 [    train.py:  227]:	Loss 0.1530, ('Ner Loss', 0.017001042),  ('CLS Classification Loss', 0.13603705)
[INFO] 2022-10-01 12:21:28,595 [    train.py:  228]:	('Ner Acc', 0.9980547), ('CLS Classification Acc', 0.9796526)
[INFO] 2022-10-01 12:21:37,005 [    train.py:  237]:	Precision 0.557 Recall 0.579 F1 0.567
[INFO] 2022-10-01 12:22:41,411 [    train.py:  185]:	Epoch 82: 
[INFO] 2022-10-01 12:22:41,412 [    train.py:  186]:	Train:
[INFO] 2022-10-01 12:22:41,415 [    train.py:  198]:	Loss 0.0025, ('Ner Loss', 0.0002117137482855469),  ('CLS Classification Loss', 0.0023022135719656944)
[INFO] 2022-10-01 12:22:41,415 [    train.py:  208]:	('Ner Acc', 0.999922513961792),  ('CLS Classification Acc', 0.9992289543151855)
[INFO] 2022-10-01 12:22:43,598 [    train.py:  220]:	Evaluate:
[INFO] 2022-10-01 12:22:43,599 [    train.py:  227]:	Loss 0.1523, ('Ner Loss', 0.018722732),  ('CLS Classification Loss', 0.13361783)
[INFO] 2022-10-01 12:22:43,599 [    train.py:  228]:	('Ner Acc', 0.9980846), ('CLS Classification Acc', 0.982344)
[INFO] 2022-10-01 12:22:51,478 [    train.py:  237]:	Precision 0.617 Recall 0.555 F1 0.585
[INFO] 2022-10-01 12:23:55,929 [    train.py:  185]:	Epoch 83: 
[INFO] 2022-10-01 12:23:55,929 [    train.py:  186]:	Train:
[INFO] 2022-10-01 12:23:55,933 [    train.py:  198]:	Loss 0.0010, ('Ner Loss', 0.00015626102685928345),  ('CLS Classification Loss', 0.0008631461532786489)
[INFO] 2022-10-01 12:23:55,933 [    train.py:  208]:	('Ner Acc', 0.9999468326568604),  ('CLS Classification Acc', 0.9997482895851135)
[INFO] 2022-10-01 12:23:58,128 [    train.py:  220]:	Evaluate:
[INFO] 2022-10-01 12:23:58,129 [    train.py:  227]:	Loss 0.1879, ('Ner Loss', 0.019335771),  ('CLS Classification Loss', 0.16855355)
[INFO] 2022-10-01 12:23:58,129 [    train.py:  228]:	('Ner Acc', 0.99811685), ('CLS Classification Acc', 0.9793826)
[INFO] 2022-10-01 12:24:06,006 [    train.py:  237]:	Precision 0.568 Recall 0.607 F1 0.587
[INFO] 2022-10-01 12:25:10,224 [    train.py:  185]:	Epoch 84: 
[INFO] 2022-10-01 12:25:10,224 [    train.py:  186]:	Train:
[INFO] 2022-10-01 12:25:10,228 [    train.py:  198]:	Loss 0.0013, ('Ner Loss', 0.00017370549903716892),  ('CLS Classification Loss', 0.0010938472114503384)
[INFO] 2022-10-01 12:25:10,228 [    train.py:  208]:	('Ner Acc', 0.9999433159828186),  ('CLS Classification Acc', 0.9996750950813293)
[INFO] 2022-10-01 12:25:12,428 [    train.py:  220]:	Evaluate:
[INFO] 2022-10-01 12:25:12,429 [    train.py:  227]:	Loss 0.1855, ('Ner Loss', 0.019934243),  ('CLS Classification Loss', 0.16560747)
[INFO] 2022-10-01 12:25:12,429 [    train.py:  228]:	('Ner Acc', 0.99803865), ('CLS Classification Acc', 0.9789216)
[INFO] 2022-10-01 12:25:20,309 [    train.py:  237]:	Precision 0.547 Recall 0.601 F1 0.573
[INFO] 2022-10-01 12:26:24,583 [    train.py:  185]:	Epoch 85: 
[INFO] 2022-10-01 12:26:24,583 [    train.py:  186]:	Train:
[INFO] 2022-10-01 12:26:24,587 [    train.py:  198]:	Loss 0.0010, ('Ner Loss', 0.00014541903510689735),  ('CLS Classification Loss', 0.0008718287572264671)
[INFO] 2022-10-01 12:26:24,587 [    train.py:  208]:	('Ner Acc', 0.9999492168426514),  ('CLS Classification Acc', 0.9997970461845398)
[INFO] 2022-10-01 12:26:26,777 [    train.py:  220]:	Evaluate:
[INFO] 2022-10-01 12:26:26,778 [    train.py:  227]:	Loss 0.1837, ('Ner Loss', 0.020420741),  ('CLS Classification Loss', 0.16324358)
[INFO] 2022-10-01 12:26:26,778 [    train.py:  228]:	('Ner Acc', 0.9981236), ('CLS Classification Acc', 0.9805663)
[INFO] 2022-10-01 12:26:34,576 [    train.py:  237]:	Precision 0.582 Recall 0.618 F1 0.599
[INFO] 2022-10-01 12:27:38,672 [    train.py:  185]:	Epoch 86: 
[INFO] 2022-10-01 12:27:38,672 [    train.py:  186]:	Train:
[INFO] 2022-10-01 12:27:38,676 [    train.py:  198]:	Loss 0.0004, ('Ner Loss', 0.00011938520765397698),  ('CLS Classification Loss', 0.0002454894711263478)
[INFO] 2022-10-01 12:27:38,676 [    train.py:  208]:	('Ner Acc', 0.9999577403068542),  ('CLS Classification Acc', 0.9999025464057922)
[INFO] 2022-10-01 12:27:40,850 [    train.py:  220]:	Evaluate:
[INFO] 2022-10-01 12:27:40,850 [    train.py:  227]:	Loss 0.2039, ('Ner Loss', 0.020890245),  ('CLS Classification Loss', 0.18301702)
[INFO] 2022-10-01 12:27:40,850 [    train.py:  228]:	('Ner Acc', 0.9980831), ('CLS Classification Acc', 0.9806577)
[INFO] 2022-10-01 12:27:48,685 [    train.py:  237]:	Precision 0.584 Recall 0.618 F1 0.600
[INFO] 2022-10-01 12:28:52,954 [    train.py:  185]:	Epoch 87: 
[INFO] 2022-10-01 12:28:52,955 [    train.py:  186]:	Train:
[INFO] 2022-10-01 12:28:52,958 [    train.py:  198]:	Loss 0.0011, ('Ner Loss', 0.0001412278215866536),  ('CLS Classification Loss', 0.0009147240198217332)
[INFO] 2022-10-01 12:28:52,958 [    train.py:  208]:	('Ner Acc', 0.9999510049819946),  ('CLS Classification Acc', 0.9997321367263794)
[INFO] 2022-10-01 12:28:55,179 [    train.py:  220]:	Evaluate:
[INFO] 2022-10-01 12:28:55,180 [    train.py:  227]:	Loss 0.1903, ('Ner Loss', 0.020086575),  ('CLS Classification Loss', 0.17025879)
[INFO] 2022-10-01 12:28:55,180 [    train.py:  228]:	('Ner Acc', 0.99812526), ('CLS Classification Acc', 0.9796608)
[INFO] 2022-10-01 12:29:03,000 [    train.py:  237]:	Precision 0.576 Recall 0.622 F1 0.598
[INFO] 2022-10-01 12:30:07,527 [    train.py:  185]:	Epoch 88: 
[INFO] 2022-10-01 12:30:07,527 [    train.py:  186]:	Train:
[INFO] 2022-10-01 12:30:07,530 [    train.py:  198]:	Loss 0.0014, ('Ner Loss', 0.0002138005947927013),  ('CLS Classification Loss', 0.0011836106423288584)
[INFO] 2022-10-01 12:30:07,530 [    train.py:  208]:	('Ner Acc', 0.9999212622642517),  ('CLS Classification Acc', 0.9996264576911926)
[INFO] 2022-10-01 12:30:09,746 [    train.py:  220]:	Evaluate:
[INFO] 2022-10-01 12:30:09,747 [    train.py:  227]:	Loss 0.1761, ('Ner Loss', 0.01843448),  ('CLS Classification Loss', 0.15763201)
[INFO] 2022-10-01 12:30:09,747 [    train.py:  228]:	('Ner Acc', 0.99815), ('CLS Classification Acc', 0.9808405)
[INFO] 2022-10-01 12:30:17,598 [    train.py:  237]:	Precision 0.594 Recall 0.591 F1 0.593
[INFO] 2022-10-01 12:31:22,016 [    train.py:  185]:	Epoch 89: 
[INFO] 2022-10-01 12:31:22,016 [    train.py:  186]:	Train:
[INFO] 2022-10-01 12:31:22,022 [    train.py:  198]:	Loss 0.0021, ('Ner Loss', 0.0002469478058628738),  ('CLS Classification Loss', 0.0018081080634146929)
[INFO] 2022-10-01 12:31:22,022 [    train.py:  208]:	('Ner Acc', 0.9999008774757385),  ('CLS Classification Acc', 0.999521017074585)
[INFO] 2022-10-01 12:31:24,230 [    train.py:  220]:	Evaluate:
[INFO] 2022-10-01 12:31:24,231 [    train.py:  227]:	Loss 0.1731, ('Ner Loss', 0.017452851),  ('CLS Classification Loss', 0.15560281)
[INFO] 2022-10-01 12:31:24,231 [    train.py:  228]:	('Ner Acc', 0.99801207), ('CLS Classification Acc', 0.98015505)
[INFO] 2022-10-01 12:31:32,398 [    train.py:  237]:	Precision 0.566 Recall 0.580 F1 0.573
[INFO] 2022-10-01 12:32:36,665 [    train.py:  185]:	Epoch 90: 
[INFO] 2022-10-01 12:32:36,665 [    train.py:  186]:	Train:
[INFO] 2022-10-01 12:32:36,668 [    train.py:  198]:	Loss 0.0021, ('Ner Loss', 0.00026836906909011304),  ('CLS Classification Loss', 0.0018547744257375598)
[INFO] 2022-10-01 12:32:36,668 [    train.py:  208]:	('Ner Acc', 0.9999121427536011),  ('CLS Classification Acc', 0.9994722008705139)
[INFO] 2022-10-01 12:32:38,856 [    train.py:  220]:	Evaluate:
[INFO] 2022-10-01 12:32:38,857 [    train.py:  227]:	Loss 0.1392, ('Ner Loss', 0.013981021),  ('CLS Classification Loss', 0.12520447)
[INFO] 2022-10-01 12:32:38,857 [    train.py:  228]:	('Ner Acc', 0.99811566), ('CLS Classification Acc', 0.98057055)
[INFO] 2022-10-01 12:32:46,527 [    train.py:  237]:	Precision 0.588 Recall 0.601 F1 0.594
[INFO] 2022-10-01 12:33:50,791 [    train.py:  185]:	Epoch 91: 
[INFO] 2022-10-01 12:33:50,792 [    train.py:  186]:	Train:
[INFO] 2022-10-01 12:33:50,797 [    train.py:  198]:	Loss 0.0015, ('Ner Loss', 0.00020820851204916835),  ('CLS Classification Loss', 0.0013412726111710072)
[INFO] 2022-10-01 12:33:50,797 [    train.py:  208]:	('Ner Acc', 0.9999207258224487),  ('CLS Classification Acc', 0.9996509552001953)
[INFO] 2022-10-01 12:33:53,034 [    train.py:  220]:	Evaluate:
[INFO] 2022-10-01 12:33:53,035 [    train.py:  227]:	Loss 0.1723, ('Ner Loss', 0.017862216),  ('CLS Classification Loss', 0.15439618)
[INFO] 2022-10-01 12:33:53,035 [    train.py:  228]:	('Ner Acc', 0.9980302), ('CLS Classification Acc', 0.98057467)
[INFO] 2022-10-01 12:34:00,870 [    train.py:  237]:	Precision 0.583 Recall 0.624 F1 0.603
[INFO] 2022-10-01 12:35:05,040 [    train.py:  185]:	Epoch 92: 
[INFO] 2022-10-01 12:35:05,041 [    train.py:  186]:	Train:
[INFO] 2022-10-01 12:35:05,047 [    train.py:  198]:	Loss 0.0015, ('Ner Loss', 0.0001848980609793216),  ('CLS Classification Loss', 0.001343090203590691)
[INFO] 2022-10-01 12:35:05,048 [    train.py:  208]:	('Ner Acc', 0.9999356269836426),  ('CLS Classification Acc', 0.9996588826179504)
[INFO] 2022-10-01 12:35:07,258 [    train.py:  220]:	Evaluate:
[INFO] 2022-10-01 12:35:07,259 [    train.py:  227]:	Loss 0.1607, ('Ner Loss', 0.015785268),  ('CLS Classification Loss', 0.14492357)
[INFO] 2022-10-01 12:35:07,259 [    train.py:  228]:	('Ner Acc', 0.99809504), ('CLS Classification Acc', 0.9805331)
[INFO] 2022-10-01 12:35:15,017 [    train.py:  237]:	Precision 0.583 Recall 0.612 F1 0.597
[INFO] 2022-10-01 12:36:19,402 [    train.py:  185]:	Epoch 93: 
[INFO] 2022-10-01 12:36:19,403 [    train.py:  186]:	Train:
[INFO] 2022-10-01 12:36:19,408 [    train.py:  198]:	Loss 0.0015, ('Ner Loss', 0.00016952060104813427),  ('CLS Classification Loss', 0.0012958298902958632)
[INFO] 2022-10-01 12:36:19,408 [    train.py:  208]:	('Ner Acc', 0.9999435544013977),  ('CLS Classification Acc', 0.999618411064148)
[INFO] 2022-10-01 12:36:21,624 [    train.py:  220]:	Evaluate:
[INFO] 2022-10-01 12:36:21,624 [    train.py:  227]:	Loss 0.1777, ('Ner Loss', 0.016400456),  ('CLS Classification Loss', 0.16129573)
[INFO] 2022-10-01 12:36:21,624 [    train.py:  228]:	('Ner Acc', 0.99810296), ('CLS Classification Acc', 0.980392)
[INFO] 2022-10-01 12:36:29,520 [    train.py:  237]:	Precision 0.585 Recall 0.632 F1 0.608
[INFO] 2022-10-01 12:37:33,976 [    train.py:  185]:	Epoch 94: 
[INFO] 2022-10-01 12:37:33,977 [    train.py:  186]:	Train:
[INFO] 2022-10-01 12:37:33,980 [    train.py:  198]:	Loss 0.0013, ('Ner Loss', 0.0001482910884078592),  ('CLS Classification Loss', 0.0011747932294383645)
[INFO] 2022-10-01 12:37:33,980 [    train.py:  208]:	('Ner Acc', 0.9999459385871887),  ('CLS Classification Acc', 0.9996915459632874)
[INFO] 2022-10-01 12:37:36,153 [    train.py:  220]:	Evaluate:
[INFO] 2022-10-01 12:37:36,153 [    train.py:  227]:	Loss 0.1742, ('Ner Loss', 0.017367505),  ('CLS Classification Loss', 0.15687281)
[INFO] 2022-10-01 12:37:36,153 [    train.py:  228]:	('Ner Acc', 0.9981987), ('CLS Classification Acc', 0.98088616)
[INFO] 2022-10-01 12:37:44,074 [    train.py:  237]:	Precision 0.618 Recall 0.595 F1 0.606
[INFO] 2022-10-01 12:38:48,554 [    train.py:  185]:	Epoch 95: 
[INFO] 2022-10-01 12:38:48,554 [    train.py:  186]:	Train:
[INFO] 2022-10-01 12:38:48,557 [    train.py:  198]:	Loss 0.0015, ('Ner Loss', 0.00014314560394268483),  ('CLS Classification Loss', 0.0013158933725208044)
[INFO] 2022-10-01 12:38:48,557 [    train.py:  208]:	('Ner Acc', 0.9999496340751648),  ('CLS Classification Acc', 0.99965900182724)
[INFO] 2022-10-01 12:38:50,768 [    train.py:  220]:	Evaluate:
[INFO] 2022-10-01 12:38:50,769 [    train.py:  227]:	Loss 0.1718, ('Ner Loss', 0.017980412),  ('CLS Classification Loss', 0.1537739)
[INFO] 2022-10-01 12:38:50,769 [    train.py:  228]:	('Ner Acc', 0.99814844), ('CLS Classification Acc', 0.9802632)
[INFO] 2022-10-01 12:38:58,568 [    train.py:  237]:	Precision 0.588 Recall 0.619 F1 0.604
[INFO] 2022-10-01 12:40:03,072 [    train.py:  185]:	Epoch 96: 
[INFO] 2022-10-01 12:40:03,072 [    train.py:  186]:	Train:
[INFO] 2022-10-01 12:40:03,077 [    train.py:  198]:	Loss 0.0009, ('Ner Loss', 0.000112987203465309),  ('CLS Classification Loss', 0.0007440962945111096)
[INFO] 2022-10-01 12:40:03,077 [    train.py:  208]:	('Ner Acc', 0.9999624490737915),  ('CLS Classification Acc', 0.9998131990432739)
[INFO] 2022-10-01 12:40:05,284 [    train.py:  220]:	Evaluate:
[INFO] 2022-10-01 12:40:05,285 [    train.py:  227]:	Loss 0.1823, ('Ner Loss', 0.019028798),  ('CLS Classification Loss', 0.16331497)
[INFO] 2022-10-01 12:40:05,285 [    train.py:  228]:	('Ner Acc', 0.99821925), ('CLS Classification Acc', 0.9816255)
[INFO] 2022-10-01 12:40:13,170 [    train.py:  237]:	Precision 0.618 Recall 0.611 F1 0.615
[INFO] 2022-10-01 12:41:17,613 [    train.py:  185]:	Epoch 97: 
[INFO] 2022-10-01 12:41:17,613 [    train.py:  186]:	Train:
[INFO] 2022-10-01 12:41:17,617 [    train.py:  198]:	Loss 0.0009, ('Ner Loss', 0.00011286300286883488),  ('CLS Classification Loss', 0.0007780108135193586)
[INFO] 2022-10-01 12:41:17,617 [    train.py:  208]:	('Ner Acc', 0.9999610185623169),  ('CLS Classification Acc', 0.9997888207435608)
[INFO] 2022-10-01 12:41:19,825 [    train.py:  220]:	Evaluate:
[INFO] 2022-10-01 12:41:19,825 [    train.py:  227]:	Loss 0.1749, ('Ner Loss', 0.018971741),  ('CLS Classification Loss', 0.15589185)
[INFO] 2022-10-01 12:41:19,826 [    train.py:  228]:	('Ner Acc', 0.99811596), ('CLS Classification Acc', 0.98098165)
[INFO] 2022-10-01 12:41:27,651 [    train.py:  237]:	Precision 0.586 Recall 0.625 F1 0.605
[INFO] 2022-10-01 12:42:32,081 [    train.py:  185]:	Epoch 98: 
[INFO] 2022-10-01 12:42:32,082 [    train.py:  186]:	Train:
[INFO] 2022-10-01 12:42:32,086 [    train.py:  198]:	Loss 0.0020, ('Ner Loss', 0.00020483687694650143),  ('CLS Classification Loss', 0.0017485007410869002)
[INFO] 2022-10-01 12:42:32,086 [    train.py:  208]:	('Ner Acc', 0.9999252557754517),  ('CLS Classification Acc', 0.999569833278656)
[INFO] 2022-10-01 12:42:34,298 [    train.py:  220]:	Evaluate:
[INFO] 2022-10-01 12:42:34,299 [    train.py:  227]:	Loss 0.1620, ('Ner Loss', 0.017255101),  ('CLS Classification Loss', 0.14475302)
[INFO] 2022-10-01 12:42:34,299 [    train.py:  228]:	('Ner Acc', 0.9980677), ('CLS Classification Acc', 0.9804833)
[INFO] 2022-10-01 12:42:42,201 [    train.py:  237]:	Precision 0.583 Recall 0.615 F1 0.598
[INFO] 2022-10-01 12:43:46,459 [    train.py:  185]:	Epoch 99: 
[INFO] 2022-10-01 12:43:46,459 [    train.py:  186]:	Train:
[INFO] 2022-10-01 12:43:46,463 [    train.py:  198]:	Loss 0.0013, ('Ner Loss', 0.00018122635083273053),  ('CLS Classification Loss', 0.0011368286795914173)
[INFO] 2022-10-01 12:43:46,464 [    train.py:  208]:	('Ner Acc', 0.9999381303787231),  ('CLS Classification Acc', 0.9996347427368164)
[INFO] 2022-10-01 12:43:48,671 [    train.py:  220]:	Evaluate:
[INFO] 2022-10-01 12:43:48,671 [    train.py:  227]:	Loss 0.1757, ('Ner Loss', 0.016284483),  ('CLS Classification Loss', 0.15941441)
[INFO] 2022-10-01 12:43:48,672 [    train.py:  228]:	('Ner Acc', 0.9980629), ('CLS Classification Acc', 0.9800679)
[INFO] 2022-10-01 12:43:56,551 [    train.py:  237]:	Precision 0.570 Recall 0.602 F1 0.586
[INFO] 2022-10-01 12:45:00,800 [    train.py:  185]:	Epoch 100: 
[INFO] 2022-10-01 12:45:00,801 [    train.py:  186]:	Train:
[INFO] 2022-10-01 12:45:00,804 [    train.py:  198]:	Loss 0.0007, ('Ner Loss', 0.0001296982663916424),  ('CLS Classification Loss', 0.0005792167503386736)
[INFO] 2022-10-01 12:45:00,804 [    train.py:  208]:	('Ner Acc', 0.9999545812606812),  ('CLS Classification Acc', 0.9998131990432739)
[INFO] 2022-10-01 12:45:03,011 [    train.py:  220]:	Evaluate:
[INFO] 2022-10-01 12:45:03,012 [    train.py:  227]:	Loss 0.1818, ('Ner Loss', 0.017411454),  ('CLS Classification Loss', 0.16436765)
[INFO] 2022-10-01 12:45:03,012 [    train.py:  228]:	('Ner Acc', 0.99816686), ('CLS Classification Acc', 0.9821654)
[INFO] 2022-10-01 12:45:10,883 [    train.py:  237]:	Precision 0.625 Recall 0.597 F1 0.611
[INFO] 2022-10-01 12:45:10,883 [    train.py:  257]:	Best Epoch 96; Best f1 0.6147540983606558 precision 0.6183745583038869 recall 0.6111757857974389;
