[INFO] 2022-09-29 21:37:27,890 [    train.py:  509]:	Namespace(block_att_head_num=1, cased=True, d_block=256, data_aug=2, dataset='res16', do_test=True, do_train=True, do_valid=True, drop_null_data=True, dropout_rate=0.2, epochs=100, extra_attention=True, fuse_strategy='update', init_model_dir='', language='en', loss_ratio=1.0, lr=2e-05, mask_sb=True, model_type='end_to_end', output_dir='./output', save_dir='', schema='BIO', task_name='ttee_res16_100epoch_256d_2aug_2e-5lr_cased_0.2dropout_dropnull_1loss_BIO', test_batch_size=32, train_batch_size=16, valid_freq=1)
[INFO] 2022-09-29 21:37:41,062 [    train.py:  119]:	{'init_bert_model': 'bert-base-cased', 'sentence_b': DictWrapper({'texts': ListWrapper(['general of ambience', 'price of drinks', 'quality of drinks', 'style options of drinks', 'prices of food', 'quality of food', 'style options of food', 'general of location', 'general of restaurant', 'miscellaneous of restaurant', 'prices of restaurant', 'general of service']), 'sentiments': ListWrapper(['negative', 'neutral', 'positive'])}), 'num_sentiment_classes': 3, 'subblock_hidden_size': 256, 'subblock_head_num': 1, 'cache_dir': 'bert_models/bert-base-cased', 'fuse_strategy': 'update', 'tagging_schema': 'BIO', 'extra_attention': True, 'dropout': 0.2, 'loss_ratio': 1.0}
[INFO] 2022-09-29 21:37:41,063 [    train.py:  121]:	Number of Train Sentence: 1708
[INFO] 2022-09-29 21:37:41,072 [    train.py:  526]:	Data augment: Merge 2 train data together
[INFO] 2022-09-29 21:39:42,577 [    train.py:  185]:	Epoch 1: 
[INFO] 2022-09-29 21:39:42,578 [    train.py:  186]:	Train:
[INFO] 2022-09-29 21:39:42,587 [    train.py:  198]:	Loss 0.2764, ('Ner Loss', 0.04424731060862541),  ('CLS Classification Loss', 0.23213313519954681)
[INFO] 2022-09-29 21:39:42,587 [    train.py:  208]:	('Ner Acc', 0.9880286455154419),  ('CLS Classification Acc', 0.9285028576850891)
[INFO] 2022-09-29 21:39:48,742 [    train.py:  220]:	Evaluate:
[INFO] 2022-09-29 21:39:48,744 [    train.py:  227]:	Loss 0.1594, ('Ner Loss', 0.02168926),  ('CLS Classification Loss', 0.13769884)
[INFO] 2022-09-29 21:39:48,744 [    train.py:  228]:	('Ner Acc', 0.9962898), ('CLS Classification Acc', 0.9642063)
[INFO] 2022-09-29 21:40:01,531 [    train.py:  237]:	Precision 0.000 Recall 0.000 F1 0.000
[INFO] 2022-09-29 21:41:32,988 [    train.py:  185]:	Epoch 2: 
[INFO] 2022-09-29 21:41:32,990 [    train.py:  186]:	Train:
[INFO] 2022-09-29 21:41:32,997 [    train.py:  198]:	Loss 0.2025, ('Ner Loss', 0.0217441339045763),  ('CLS Classification Loss', 0.18078240752220154)
[INFO] 2022-09-29 21:41:32,998 [    train.py:  208]:	('Ner Acc', 0.9962875247001648),  ('CLS Classification Acc', 0.9386599063873291)
[INFO] 2022-09-29 21:41:36,125 [    train.py:  220]:	Evaluate:
[INFO] 2022-09-29 21:41:36,126 [    train.py:  227]:	Loss 0.1441, ('Ner Loss', 0.018444257),  ('CLS Classification Loss', 0.1256422)
[INFO] 2022-09-29 21:41:36,126 [    train.py:  228]:	('Ner Acc', 0.9962898), ('CLS Classification Acc', 0.964252)
[INFO] 2022-09-29 21:41:45,317 [    train.py:  237]:	Precision 0.000 Recall 0.000 F1 0.000
[INFO] 2022-09-29 21:43:15,712 [    train.py:  185]:	Epoch 3: 
[INFO] 2022-09-29 21:43:15,712 [    train.py:  186]:	Train:
[INFO] 2022-09-29 21:43:15,716 [    train.py:  198]:	Loss 0.1895, ('Ner Loss', 0.019122332334518433),  ('CLS Classification Loss', 0.17035701870918274)
[INFO] 2022-09-29 21:43:15,716 [    train.py:  208]:	('Ner Acc', 0.9962840676307678),  ('CLS Classification Acc', 0.9422701001167297)
[INFO] 2022-09-29 21:43:18,660 [    train.py:  220]:	Evaluate:
[INFO] 2022-09-29 21:43:18,661 [    train.py:  227]:	Loss 0.1312, ('Ner Loss', 0.015989736),  ('CLS Classification Loss', 0.115253866)
[INFO] 2022-09-29 21:43:18,661 [    train.py:  228]:	('Ner Acc', 0.9962898), ('CLS Classification Acc', 0.9650245)
[INFO] 2022-09-29 21:43:27,648 [    train.py:  237]:	Precision 0.078 Recall 0.006 F1 0.011
[INFO] 2022-09-29 21:44:58,556 [    train.py:  185]:	Epoch 4: 
[INFO] 2022-09-29 21:44:58,557 [    train.py:  186]:	Train:
[INFO] 2022-09-29 21:44:58,560 [    train.py:  198]:	Loss 0.1732, ('Ner Loss', 0.016089651733636856),  ('CLS Classification Loss', 0.1570674479007721)
[INFO] 2022-09-29 21:44:58,560 [    train.py:  208]:	('Ner Acc', 0.9962606430053711),  ('CLS Classification Acc', 0.9444606900215149)
[INFO] 2022-09-29 21:45:01,667 [    train.py:  220]:	Evaluate:
[INFO] 2022-09-29 21:45:01,667 [    train.py:  227]:	Loss 0.1220, ('Ner Loss', 0.013684722),  ('CLS Classification Loss', 0.10826544)
[INFO] 2022-09-29 21:45:01,667 [    train.py:  228]:	('Ner Acc', 0.99629474), ('CLS Classification Acc', 0.9656142)
[INFO] 2022-09-29 21:45:11,024 [    train.py:  237]:	Precision 0.073 Recall 0.005 F1 0.009
[INFO] 2022-09-29 21:46:41,542 [    train.py:  185]:	Epoch 5: 
[INFO] 2022-09-29 21:46:41,542 [    train.py:  186]:	Train:
[INFO] 2022-09-29 21:46:41,546 [    train.py:  198]:	Loss 0.1550, ('Ner Loss', 0.01452612318098545),  ('CLS Classification Loss', 0.14042767882347107)
[INFO] 2022-09-29 21:46:41,546 [    train.py:  208]:	('Ner Acc', 0.9962249994277954),  ('CLS Classification Acc', 0.9482574462890625)
[INFO] 2022-09-29 21:46:44,605 [    train.py:  220]:	Evaluate:
[INFO] 2022-09-29 21:46:44,605 [    train.py:  227]:	Loss 0.1114, ('Ner Loss', 0.012627031),  ('CLS Classification Loss', 0.098809585)
[INFO] 2022-09-29 21:46:44,606 [    train.py:  228]:	('Ner Acc', 0.9965408), ('CLS Classification Acc', 0.97002923)
[INFO] 2022-09-29 21:46:53,524 [    train.py:  237]:	Precision 0.256 Recall 0.071 F1 0.111
[INFO] 2022-09-29 21:48:23,435 [    train.py:  185]:	Epoch 6: 
[INFO] 2022-09-29 21:48:23,436 [    train.py:  186]:	Train:
[INFO] 2022-09-29 21:48:23,441 [    train.py:  198]:	Loss 0.1410, ('Ner Loss', 0.012859304435551167),  ('CLS Classification Loss', 0.1281813681125641)
[INFO] 2022-09-29 21:48:23,441 [    train.py:  208]:	('Ner Acc', 0.996397078037262),  ('CLS Classification Acc', 0.9520619511604309)
[INFO] 2022-09-29 21:48:26,380 [    train.py:  220]:	Evaluate:
[INFO] 2022-09-29 21:48:26,380 [    train.py:  227]:	Loss 0.1025, ('Ner Loss', 0.011127599),  ('CLS Classification Loss', 0.091330364)
[INFO] 2022-09-29 21:48:26,380 [    train.py:  228]:	('Ner Acc', 0.9967607), ('CLS Classification Acc', 0.97016627)
[INFO] 2022-09-29 21:48:35,406 [    train.py:  237]:	Precision 0.408 Recall 0.113 F1 0.177
[INFO] 2022-09-29 21:49:47,517 [    train.py:  185]:	Epoch 7: 
[INFO] 2022-09-29 21:49:47,517 [    train.py:  186]:	Train:
[INFO] 2022-09-29 21:49:47,521 [    train.py:  198]:	Loss 0.1254, ('Ner Loss', 0.011004085652530193),  ('CLS Classification Loss', 0.1144002228975296)
[INFO] 2022-09-29 21:49:47,521 [    train.py:  208]:	('Ner Acc', 0.9967180490493774),  ('CLS Classification Acc', 0.9564836621284485)
[INFO] 2022-09-29 21:49:49,922 [    train.py:  220]:	Evaluate:
[INFO] 2022-09-29 21:49:49,923 [    train.py:  227]:	Loss 0.0950, ('Ner Loss', 0.010067128),  ('CLS Classification Loss', 0.084981345)
[INFO] 2022-09-29 21:49:49,923 [    train.py:  228]:	('Ner Acc', 0.9971569), ('CLS Classification Acc', 0.9739126)
[INFO] 2022-09-29 21:49:59,122 [    train.py:  237]:	Precision 0.398 Recall 0.244 F1 0.303
[INFO] 2022-09-29 21:51:13,189 [    train.py:  185]:	Epoch 8: 
[INFO] 2022-09-29 21:51:13,190 [    train.py:  186]:	Train:
[INFO] 2022-09-29 21:51:13,195 [    train.py:  198]:	Loss 0.1135, ('Ner Loss', 0.009916394017636776),  ('CLS Classification Loss', 0.10356613993644714)
[INFO] 2022-09-29 21:51:13,195 [    train.py:  208]:	('Ner Acc', 0.9968971610069275),  ('CLS Classification Acc', 0.9600611925125122)
[INFO] 2022-09-29 21:51:16,230 [    train.py:  220]:	Evaluate:
[INFO] 2022-09-29 21:51:16,231 [    train.py:  227]:	Loss 0.0830, ('Ner Loss', 0.009226578),  ('CLS Classification Loss', 0.07374952)
[INFO] 2022-09-29 21:51:16,231 [    train.py:  228]:	('Ner Acc', 0.9972533), ('CLS Classification Acc', 0.9767868)
[INFO] 2022-09-29 21:51:25,474 [    train.py:  237]:	Precision 0.518 Recall 0.302 F1 0.381
[INFO] 2022-09-29 21:52:56,073 [    train.py:  185]:	Epoch 9: 
[INFO] 2022-09-29 21:52:56,073 [    train.py:  186]:	Train:
[INFO] 2022-09-29 21:52:56,078 [    train.py:  198]:	Loss 0.0979, ('Ner Loss', 0.008777810260653496),  ('CLS Classification Loss', 0.08913944661617279)
[INFO] 2022-09-29 21:52:56,078 [    train.py:  208]:	('Ner Acc', 0.9970772862434387),  ('CLS Classification Acc', 0.9660891890525818)
[INFO] 2022-09-29 21:52:59,020 [    train.py:  220]:	Evaluate:
[INFO] 2022-09-29 21:52:59,021 [    train.py:  227]:	Loss 0.0880, ('Ner Loss', 0.009457302),  ('CLS Classification Loss', 0.07855917)
[INFO] 2022-09-29 21:52:59,021 [    train.py:  228]:	('Ner Acc', 0.99727994), ('CLS Classification Acc', 0.9780702)
[INFO] 2022-09-29 21:53:08,216 [    train.py:  237]:	Precision 0.509 Recall 0.363 F1 0.424
[INFO] 2022-09-29 21:54:37,228 [    train.py:  185]:	Epoch 10: 
[INFO] 2022-09-29 21:54:37,229 [    train.py:  186]:	Train:
[INFO] 2022-09-29 21:54:37,237 [    train.py:  198]:	Loss 0.0837, ('Ner Loss', 0.008022062480449677),  ('CLS Classification Loss', 0.07566080242395401)
[INFO] 2022-09-29 21:54:37,237 [    train.py:  208]:	('Ner Acc', 0.9972072839736938),  ('CLS Classification Acc', 0.9712728261947632)
[INFO] 2022-09-29 21:54:40,259 [    train.py:  220]:	Evaluate:
[INFO] 2022-09-29 21:54:40,260 [    train.py:  227]:	Loss 0.0820, ('Ner Loss', 0.008859939),  ('CLS Classification Loss', 0.07314258)
[INFO] 2022-09-29 21:54:40,260 [    train.py:  228]:	('Ner Acc', 0.9972958), ('CLS Classification Acc', 0.97860587)
[INFO] 2022-09-29 21:54:49,492 [    train.py:  237]:	Precision 0.495 Recall 0.398 F1 0.441
[INFO] 2022-09-29 21:56:18,833 [    train.py:  185]:	Epoch 11: 
[INFO] 2022-09-29 21:56:18,833 [    train.py:  186]:	Train:
[INFO] 2022-09-29 21:56:18,838 [    train.py:  198]:	Loss 0.0715, ('Ner Loss', 0.007310991175472736),  ('CLS Classification Loss', 0.06421861797571182)
[INFO] 2022-09-29 21:56:18,838 [    train.py:  208]:	('Ner Acc', 0.9973303079605103),  ('CLS Classification Acc', 0.9751914143562317)
[INFO] 2022-09-29 21:56:21,804 [    train.py:  220]:	Evaluate:
[INFO] 2022-09-29 21:56:21,804 [    train.py:  227]:	Loss 0.0952, ('Ner Loss', 0.009477012),  ('CLS Classification Loss', 0.0856942)
[INFO] 2022-09-29 21:56:21,804 [    train.py:  228]:	('Ner Acc', 0.99720895), ('CLS Classification Acc', 0.9777462)
[INFO] 2022-09-29 21:56:30,944 [    train.py:  237]:	Precision 0.482 Recall 0.490 F1 0.486
[INFO] 2022-09-29 21:58:01,075 [    train.py:  185]:	Epoch 12: 
[INFO] 2022-09-29 21:58:01,076 [    train.py:  186]:	Train:
[INFO] 2022-09-29 21:58:01,083 [    train.py:  198]:	Loss 0.0644, ('Ner Loss', 0.00675724633038044),  ('CLS Classification Loss', 0.05760383978486061)
[INFO] 2022-09-29 21:58:01,083 [    train.py:  208]:	('Ner Acc', 0.9974958896636963),  ('CLS Classification Acc', 0.9772520661354065)
[INFO] 2022-09-29 21:58:04,104 [    train.py:  220]:	Evaluate:
[INFO] 2022-09-29 21:58:04,104 [    train.py:  227]:	Loss 0.1121, ('Ner Loss', 0.009197249),  ('CLS Classification Loss', 0.102952026)
[INFO] 2022-09-29 21:58:04,104 [    train.py:  228]:	('Ner Acc', 0.99739057), ('CLS Classification Acc', 0.97942835)
[INFO] 2022-09-29 21:58:13,335 [    train.py:  237]:	Precision 0.513 Recall 0.477 F1 0.495
[INFO] 2022-09-29 21:59:42,957 [    train.py:  185]:	Epoch 13: 
[INFO] 2022-09-29 21:59:42,958 [    train.py:  186]:	Train:
[INFO] 2022-09-29 21:59:42,964 [    train.py:  198]:	Loss 0.0542, ('Ner Loss', 0.006202843505889177),  ('CLS Classification Loss', 0.04799165949225426)
[INFO] 2022-09-29 21:59:42,964 [    train.py:  208]:	('Ner Acc', 0.9975917339324951),  ('CLS Classification Acc', 0.9810246229171753)
[INFO] 2022-09-29 21:59:45,944 [    train.py:  220]:	Evaluate:
[INFO] 2022-09-29 21:59:45,945 [    train.py:  227]:	Loss 0.1028, ('Ner Loss', 0.008567408),  ('CLS Classification Loss', 0.094262786)
[INFO] 2022-09-29 21:59:45,945 [    train.py:  228]:	('Ner Acc', 0.9974669), ('CLS Classification Acc', 0.9802548)
[INFO] 2022-09-29 21:59:55,137 [    train.py:  237]:	Precision 0.549 Recall 0.489 F1 0.517
[INFO] 2022-09-29 22:01:24,439 [    train.py:  185]:	Epoch 14: 
[INFO] 2022-09-29 22:01:24,440 [    train.py:  186]:	Train:
[INFO] 2022-09-29 22:01:24,443 [    train.py:  198]:	Loss 0.0448, ('Ner Loss', 0.005677107721567154),  ('CLS Classification Loss', 0.03916284069418907)
[INFO] 2022-09-29 22:01:24,443 [    train.py:  208]:	('Ner Acc', 0.9977332353591919),  ('CLS Classification Acc', 0.9844399690628052)
[INFO] 2022-09-29 22:01:27,498 [    train.py:  220]:	Evaluate:
[INFO] 2022-09-29 22:01:27,499 [    train.py:  227]:	Loss 0.1083, ('Ner Loss', 0.008629616),  ('CLS Classification Loss', 0.09962406)
[INFO] 2022-09-29 22:01:27,499 [    train.py:  228]:	('Ner Acc', 0.9975772), ('CLS Classification Acc', 0.97956115)
[INFO] 2022-09-29 22:01:37,054 [    train.py:  237]:	Precision 0.561 Recall 0.499 F1 0.528
[INFO] 2022-09-29 22:03:07,151 [    train.py:  185]:	Epoch 15: 
[INFO] 2022-09-29 22:03:07,152 [    train.py:  186]:	Train:
[INFO] 2022-09-29 22:03:07,154 [    train.py:  198]:	Loss 0.0365, ('Ner Loss', 0.005039803683757782),  ('CLS Classification Loss', 0.03149515017867088)
[INFO] 2022-09-29 22:03:07,154 [    train.py:  208]:	('Ner Acc', 0.9979451298713684),  ('CLS Classification Acc', 0.987806499004364)
[INFO] 2022-09-29 22:03:10,160 [    train.py:  220]:	Evaluate:
[INFO] 2022-09-29 22:03:10,161 [    train.py:  227]:	Loss 0.1234, ('Ner Loss', 0.008435931),  ('CLS Classification Loss', 0.11492969)
[INFO] 2022-09-29 22:03:10,161 [    train.py:  228]:	('Ner Acc', 0.9977234), ('CLS Classification Acc', 0.98051643)
[INFO] 2022-09-29 22:03:19,423 [    train.py:  237]:	Precision 0.596 Recall 0.483 F1 0.534
[INFO] 2022-09-29 22:04:48,508 [    train.py:  185]:	Epoch 16: 
[INFO] 2022-09-29 22:04:48,509 [    train.py:  186]:	Train:
[INFO] 2022-09-29 22:04:48,513 [    train.py:  198]:	Loss 0.0313, ('Ner Loss', 0.0046707140281796455),  ('CLS Classification Loss', 0.026632389053702354)
[INFO] 2022-09-29 22:04:48,514 [    train.py:  208]:	('Ner Acc', 0.9979968070983887),  ('CLS Classification Acc', 0.9900530576705933)
[INFO] 2022-09-29 22:04:51,433 [    train.py:  220]:	Evaluate:
[INFO] 2022-09-29 22:04:51,434 [    train.py:  227]:	Loss 0.1173, ('Ner Loss', 0.008275235),  ('CLS Classification Loss', 0.10907025)
[INFO] 2022-09-29 22:04:51,434 [    train.py:  228]:	('Ner Acc', 0.9978167), ('CLS Classification Acc', 0.9808405)
[INFO] 2022-09-29 22:05:00,274 [    train.py:  237]:	Precision 0.573 Recall 0.531 F1 0.551
[INFO] 2022-09-29 22:06:30,005 [    train.py:  185]:	Epoch 17: 
[INFO] 2022-09-29 22:06:30,006 [    train.py:  186]:	Train:
[INFO] 2022-09-29 22:06:30,010 [    train.py:  198]:	Loss 0.0253, ('Ner Loss', 0.004162149503827095),  ('CLS Classification Loss', 0.021175023168325424)
[INFO] 2022-09-29 22:06:30,010 [    train.py:  208]:	('Ner Acc', 0.998145341873169),  ('CLS Classification Acc', 0.9919191002845764)
[INFO] 2022-09-29 22:06:33,058 [    train.py:  220]:	Evaluate:
[INFO] 2022-09-29 22:06:33,058 [    train.py:  227]:	Loss 0.1258, ('Ner Loss', 0.008289847),  ('CLS Classification Loss', 0.11751916)
[INFO] 2022-09-29 22:06:33,059 [    train.py:  228]:	('Ner Acc', 0.9978922), ('CLS Classification Acc', 0.98202413)
[INFO] 2022-09-29 22:06:42,048 [    train.py:  237]:	Precision 0.611 Recall 0.530 F1 0.567
[INFO] 2022-09-29 22:08:12,872 [    train.py:  185]:	Epoch 18: 
[INFO] 2022-09-29 22:08:12,873 [    train.py:  186]:	Train:
[INFO] 2022-09-29 22:08:12,881 [    train.py:  198]:	Loss 0.0212, ('Ner Loss', 0.0039005440194159746),  ('CLS Classification Loss', 0.017336105927824974)
[INFO] 2022-09-29 22:08:12,881 [    train.py:  208]:	('Ner Acc', 0.9982002377510071),  ('CLS Classification Acc', 0.9937772154808044)
[INFO] 2022-09-29 22:08:15,904 [    train.py:  220]:	Evaluate:
[INFO] 2022-09-29 22:08:15,905 [    train.py:  227]:	Loss 0.1359, ('Ner Loss', 0.008955699),  ('CLS Classification Loss', 0.12698215)
[INFO] 2022-09-29 22:08:15,905 [    train.py:  228]:	('Ner Acc', 0.9978194), ('CLS Classification Acc', 0.98052067)
[INFO] 2022-09-29 22:08:25,083 [    train.py:  237]:	Precision 0.580 Recall 0.596 F1 0.588
[INFO] 2022-09-29 22:09:55,436 [    train.py:  185]:	Epoch 19: 
[INFO] 2022-09-29 22:09:55,437 [    train.py:  186]:	Train:
[INFO] 2022-09-29 22:09:55,441 [    train.py:  198]:	Loss 0.0175, ('Ner Loss', 0.0035356127191334963),  ('CLS Classification Loss', 0.013979627750813961)
[INFO] 2022-09-29 22:09:55,442 [    train.py:  208]:	('Ner Acc', 0.9983447790145874),  ('CLS Classification Acc', 0.9952695369720459)
[INFO] 2022-09-29 22:09:58,422 [    train.py:  220]:	Evaluate:
[INFO] 2022-09-29 22:09:58,422 [    train.py:  227]:	Loss 0.1416, ('Ner Loss', 0.009113352),  ('CLS Classification Loss', 0.13251027)
[INFO] 2022-09-29 22:09:58,422 [    train.py:  228]:	('Ner Acc', 0.9977945), ('CLS Classification Acc', 0.9822984)
[INFO] 2022-09-29 22:10:07,757 [    train.py:  237]:	Precision 0.600 Recall 0.600 F1 0.600
[INFO] 2022-09-29 22:11:36,910 [    train.py:  185]:	Epoch 20: 
[INFO] 2022-09-29 22:11:36,911 [    train.py:  186]:	Train:
[INFO] 2022-09-29 22:11:36,919 [    train.py:  198]:	Loss 0.0138, ('Ner Loss', 0.003178274491801858),  ('CLS Classification Loss', 0.010575752705335617)
[INFO] 2022-09-29 22:11:36,920 [    train.py:  208]:	('Ner Acc', 0.9985000491142273),  ('CLS Classification Acc', 0.9964131712913513)
[INFO] 2022-09-29 22:11:39,959 [    train.py:  220]:	Evaluate:
[INFO] 2022-09-29 22:11:39,959 [    train.py:  227]:	Loss 0.1332, ('Ner Loss', 0.009113485),  ('CLS Classification Loss', 0.124081135)
[INFO] 2022-09-29 22:11:39,959 [    train.py:  228]:	('Ner Acc', 0.9979167), ('CLS Classification Acc', 0.98252255)
[INFO] 2022-09-29 22:11:48,975 [    train.py:  237]:	Precision 0.621 Recall 0.556 F1 0.587
[INFO] 2022-09-29 22:13:18,796 [    train.py:  185]:	Epoch 21: 
[INFO] 2022-09-29 22:13:18,797 [    train.py:  186]:	Train:
[INFO] 2022-09-29 22:13:18,805 [    train.py:  198]:	Loss 0.0125, ('Ner Loss', 0.0029508641455322504),  ('CLS Classification Loss', 0.009542498737573624)
[INFO] 2022-09-29 22:13:18,805 [    train.py:  208]:	('Ner Acc', 0.9985827803611755),  ('CLS Classification Acc', 0.9966651201248169)
[INFO] 2022-09-29 22:13:21,803 [    train.py:  220]:	Evaluate:
[INFO] 2022-09-29 22:13:21,804 [    train.py:  227]:	Loss 0.1398, ('Ner Loss', 0.008439499),  ('CLS Classification Loss', 0.13133605)
[INFO] 2022-09-29 22:13:21,804 [    train.py:  228]:	('Ner Acc', 0.9979455), ('CLS Classification Acc', 0.9806577)
[INFO] 2022-09-29 22:13:31,334 [    train.py:  237]:	Precision 0.580 Recall 0.601 F1 0.590
[INFO] 2022-09-29 22:15:01,173 [    train.py:  185]:	Epoch 22: 
[INFO] 2022-09-29 22:15:01,173 [    train.py:  186]:	Train:
[INFO] 2022-09-29 22:15:01,176 [    train.py:  198]:	Loss 0.0102, ('Ner Loss', 0.0026944587007164955),  ('CLS Classification Loss', 0.007494816090911627)
[INFO] 2022-09-29 22:15:01,176 [    train.py:  208]:	('Ner Acc', 0.9986974596977234),  ('CLS Classification Acc', 0.9975655674934387)
[INFO] 2022-09-29 22:15:04,130 [    train.py:  220]:	Evaluate:
[INFO] 2022-09-29 22:15:04,131 [    train.py:  227]:	Loss 0.1455, ('Ner Loss', 0.009033208),  ('CLS Classification Loss', 0.1364259)
[INFO] 2022-09-29 22:15:04,131 [    train.py:  228]:	('Ner Acc', 0.99790937), ('CLS Classification Acc', 0.98152584)
[INFO] 2022-09-29 22:15:13,270 [    train.py:  237]:	Precision 0.585 Recall 0.600 F1 0.592
[INFO] 2022-09-29 22:16:41,918 [    train.py:  185]:	Epoch 23: 
[INFO] 2022-09-29 22:16:41,919 [    train.py:  186]:	Train:
[INFO] 2022-09-29 22:16:41,922 [    train.py:  198]:	Loss 0.0086, ('Ner Loss', 0.002560738939791918),  ('CLS Classification Loss', 0.0060717640444636345)
[INFO] 2022-09-29 22:16:41,922 [    train.py:  208]:	('Ner Acc', 0.9987679123878479),  ('CLS Classification Acc', 0.9977598786354065)
[INFO] 2022-09-29 22:16:44,917 [    train.py:  220]:	Evaluate:
[INFO] 2022-09-29 22:16:44,918 [    train.py:  227]:	Loss 0.1468, ('Ner Loss', 0.009401965),  ('CLS Classification Loss', 0.13742527)
[INFO] 2022-09-29 22:16:44,918 [    train.py:  228]:	('Ner Acc', 0.997981), ('CLS Classification Acc', 0.98211557)
[INFO] 2022-09-29 22:16:54,091 [    train.py:  237]:	Precision 0.596 Recall 0.602 F1 0.599
[INFO] 2022-09-29 22:18:23,676 [    train.py:  185]:	Epoch 24: 
[INFO] 2022-09-29 22:18:23,677 [    train.py:  186]:	Train:
[INFO] 2022-09-29 22:18:23,683 [    train.py:  198]:	Loss 0.0083, ('Ner Loss', 0.0023314745631068945),  ('CLS Classification Loss', 0.005976533982902765)
[INFO] 2022-09-29 22:18:23,683 [    train.py:  208]:	('Ner Acc', 0.9988712072372437),  ('CLS Classification Acc', 0.9980360865592957)
[INFO] 2022-09-29 22:18:26,716 [    train.py:  220]:	Evaluate:
[INFO] 2022-09-29 22:18:26,717 [    train.py:  227]:	Loss 0.1536, ('Ner Loss', 0.009737366),  ('CLS Classification Loss', 0.14383873)
[INFO] 2022-09-29 22:18:26,717 [    train.py:  228]:	('Ner Acc', 0.99798316), ('CLS Classification Acc', 0.98179567)
[INFO] 2022-09-29 22:18:35,465 [    train.py:  237]:	Precision 0.599 Recall 0.618 F1 0.608
[INFO] 2022-09-29 22:20:05,832 [    train.py:  185]:	Epoch 25: 
[INFO] 2022-09-29 22:20:05,833 [    train.py:  186]:	Train:
[INFO] 2022-09-29 22:20:05,840 [    train.py:  198]:	Loss 0.0076, ('Ner Loss', 0.0021296623162925243),  ('CLS Classification Loss', 0.0054948111064732075)
[INFO] 2022-09-29 22:20:05,840 [    train.py:  208]:	('Ner Acc', 0.9989858865737915),  ('CLS Classification Acc', 0.9982143044471741)
[INFO] 2022-09-29 22:20:08,870 [    train.py:  220]:	Evaluate:
[INFO] 2022-09-29 22:20:08,870 [    train.py:  227]:	Loss 0.1427, ('Ner Loss', 0.010014272),  ('CLS Classification Loss', 0.13266657)
[INFO] 2022-09-29 22:20:08,871 [    train.py:  228]:	('Ner Acc', 0.9980235), ('CLS Classification Acc', 0.9815216)
[INFO] 2022-09-29 22:20:18,020 [    train.py:  237]:	Precision 0.609 Recall 0.602 F1 0.605
[INFO] 2022-09-29 22:21:47,478 [    train.py:  185]:	Epoch 26: 
[INFO] 2022-09-29 22:21:47,479 [    train.py:  186]:	Train:
[INFO] 2022-09-29 22:21:47,486 [    train.py:  198]:	Loss 0.0079, ('Ner Loss', 0.002157235750928521),  ('CLS Classification Loss', 0.0057137697003781796)
[INFO] 2022-09-29 22:21:47,487 [    train.py:  208]:	('Ner Acc', 0.9989930391311646),  ('CLS Classification Acc', 0.998238742351532)
[INFO] 2022-09-29 22:21:50,547 [    train.py:  220]:	Evaluate:
[INFO] 2022-09-29 22:21:50,548 [    train.py:  227]:	Loss 0.1383, ('Ner Loss', 0.009243989),  ('CLS Classification Loss', 0.12908319)
[INFO] 2022-09-29 22:21:50,548 [    train.py:  228]:	('Ner Acc', 0.99809), ('CLS Classification Acc', 0.9821696)
[INFO] 2022-09-29 22:21:59,735 [    train.py:  237]:	Precision 0.631 Recall 0.604 F1 0.617
[INFO] 2022-09-29 22:23:28,844 [    train.py:  185]:	Epoch 27: 
[INFO] 2022-09-29 22:23:28,844 [    train.py:  186]:	Train:
[INFO] 2022-09-29 22:23:28,848 [    train.py:  198]:	Loss 0.0063, ('Ner Loss', 0.0019437186419963837),  ('CLS Classification Loss', 0.004357561934739351)
[INFO] 2022-09-29 22:23:28,848 [    train.py:  208]:	('Ner Acc', 0.9990703463554382),  ('CLS Classification Acc', 0.998871922492981)
[INFO] 2022-09-29 22:23:31,943 [    train.py:  220]:	Evaluate:
[INFO] 2022-09-29 22:23:31,944 [    train.py:  227]:	Loss 0.1388, ('Ner Loss', 0.009521149),  ('CLS Classification Loss', 0.12928596)
[INFO] 2022-09-29 22:23:31,944 [    train.py:  228]:	('Ner Acc', 0.9981328), ('CLS Classification Acc', 0.9827096)
[INFO] 2022-09-29 22:23:41,186 [    train.py:  237]:	Precision 0.623 Recall 0.604 F1 0.613
[INFO] 2022-09-29 22:25:04,621 [    train.py:  185]:	Epoch 28: 
[INFO] 2022-09-29 22:25:04,622 [    train.py:  186]:	Train:
[INFO] 2022-09-29 22:25:04,628 [    train.py:  198]:	Loss 0.0048, ('Ner Loss', 0.0018395655788481236),  ('CLS Classification Loss', 0.0029284865595400333)
[INFO] 2022-09-29 22:25:04,628 [    train.py:  208]:	('Ner Acc', 0.9991110563278198),  ('CLS Classification Acc', 0.9990501999855042)
[INFO] 2022-09-29 22:25:06,940 [    train.py:  220]:	Evaluate:
[INFO] 2022-09-29 22:25:06,941 [    train.py:  227]:	Loss 0.1458, ('Ner Loss', 0.0100808805),  ('CLS Classification Loss', 0.13570811)
[INFO] 2022-09-29 22:25:06,941 [    train.py:  228]:	('Ner Acc', 0.99814475), ('CLS Classification Acc', 0.98243123)
[INFO] 2022-09-29 22:25:16,183 [    train.py:  237]:	Precision 0.627 Recall 0.629 F1 0.628
[INFO] 2022-09-29 22:26:24,708 [    train.py:  185]:	Epoch 29: 
[INFO] 2022-09-29 22:26:24,710 [    train.py:  186]:	Train:
[INFO] 2022-09-29 22:26:24,719 [    train.py:  198]:	Loss 0.0050, ('Ner Loss', 0.001674317172728479),  ('CLS Classification Loss', 0.003307347185909748)
[INFO] 2022-09-29 22:26:24,719 [    train.py:  208]:	('Ner Acc', 0.9992178678512573),  ('CLS Classification Acc', 0.9989932775497437)
[INFO] 2022-09-29 22:26:27,020 [    train.py:  220]:	Evaluate:
[INFO] 2022-09-29 22:26:27,020 [    train.py:  227]:	Loss 0.1633, ('Ner Loss', 0.010204468),  ('CLS Classification Loss', 0.15305343)
[INFO] 2022-09-29 22:26:27,020 [    train.py:  228]:	('Ner Acc', 0.998019), ('CLS Classification Acc', 0.9813887)
[INFO] 2022-09-29 22:26:36,604 [    train.py:  237]:	Precision 0.635 Recall 0.620 F1 0.627
[INFO] 2022-09-29 22:28:05,365 [    train.py:  185]:	Epoch 30: 
[INFO] 2022-09-29 22:28:05,365 [    train.py:  186]:	Train:
[INFO] 2022-09-29 22:28:05,370 [    train.py:  198]:	Loss 0.0046, ('Ner Loss', 0.0016105850227177143),  ('CLS Classification Loss', 0.002995298942551017)
[INFO] 2022-09-29 22:28:05,370 [    train.py:  208]:	('Ner Acc', 0.9992496371269226),  ('CLS Classification Acc', 0.9990257620811462)
[INFO] 2022-09-29 22:28:08,391 [    train.py:  220]:	Evaluate:
[INFO] 2022-09-29 22:28:08,392 [    train.py:  227]:	Loss 0.1451, ('Ner Loss', 0.01072246),  ('CLS Classification Loss', 0.13438745)
[INFO] 2022-09-29 22:28:08,392 [    train.py:  228]:	('Ner Acc', 0.9980856), ('CLS Classification Acc', 0.9822941)
[INFO] 2022-09-29 22:28:17,715 [    train.py:  237]:	Precision 0.634 Recall 0.602 F1 0.617
[INFO] 2022-09-29 22:29:48,110 [    train.py:  185]:	Epoch 31: 
[INFO] 2022-09-29 22:29:48,111 [    train.py:  186]:	Train:
[INFO] 2022-09-29 22:29:48,118 [    train.py:  198]:	Loss 0.0039, ('Ner Loss', 0.0015043675666674972),  ('CLS Classification Loss', 0.002422619378194213)
[INFO] 2022-09-29 22:29:48,118 [    train.py:  208]:	('Ner Acc', 0.999285876750946),  ('CLS Classification Acc', 0.9993422031402588)
[INFO] 2022-09-29 22:29:51,204 [    train.py:  220]:	Evaluate:
[INFO] 2022-09-29 22:29:51,204 [    train.py:  227]:	Loss 0.1636, ('Ner Loss', 0.011224967),  ('CLS Classification Loss', 0.15234172)
[INFO] 2022-09-29 22:29:51,205 [    train.py:  228]:	('Ner Acc', 0.99798834), ('CLS Classification Acc', 0.98125166)
[INFO] 2022-09-29 22:30:00,370 [    train.py:  237]:	Precision 0.606 Recall 0.626 F1 0.616
[INFO] 2022-09-29 22:31:29,992 [    train.py:  185]:	Epoch 32: 
[INFO] 2022-09-29 22:31:29,992 [    train.py:  186]:	Train:
[INFO] 2022-09-29 22:31:29,998 [    train.py:  198]:	Loss 0.0040, ('Ner Loss', 0.0014133596559986472),  ('CLS Classification Loss', 0.0025942435022443533)
[INFO] 2022-09-29 22:31:29,999 [    train.py:  208]:	('Ner Acc', 0.9993273019790649),  ('CLS Classification Acc', 0.999212384223938)
[INFO] 2022-09-29 22:31:33,076 [    train.py:  220]:	Evaluate:
[INFO] 2022-09-29 22:31:33,076 [    train.py:  227]:	Loss 0.1662, ('Ner Loss', 0.0107713),  ('CLS Classification Loss', 0.15540126)
[INFO] 2022-09-29 22:31:33,076 [    train.py:  228]:	('Ner Acc', 0.99804896), ('CLS Classification Acc', 0.98156726)
[INFO] 2022-09-29 22:31:42,544 [    train.py:  237]:	Precision 0.604 Recall 0.626 F1 0.615
[INFO] 2022-09-29 22:33:12,358 [    train.py:  185]:	Epoch 33: 
[INFO] 2022-09-29 22:33:12,358 [    train.py:  186]:	Train:
[INFO] 2022-09-29 22:33:12,362 [    train.py:  198]:	Loss 0.0050, ('Ner Loss', 0.001484204432927072),  ('CLS Classification Loss', 0.0035069661680608988)
[INFO] 2022-09-29 22:33:12,362 [    train.py:  208]:	('Ner Acc', 0.9993188381195068),  ('CLS Classification Acc', 0.9988795518875122)
[INFO] 2022-09-29 22:33:15,492 [    train.py:  220]:	Evaluate:
[INFO] 2022-09-29 22:33:15,493 [    train.py:  227]:	Loss 0.1591, ('Ner Loss', 0.011176536),  ('CLS Classification Loss', 0.14789893)
[INFO] 2022-09-29 22:33:15,493 [    train.py:  228]:	('Ner Acc', 0.9979213), ('CLS Classification Acc', 0.98087794)
[INFO] 2022-09-29 22:33:24,606 [    train.py:  237]:	Precision 0.628 Recall 0.583 F1 0.605
[INFO] 2022-09-29 22:34:54,490 [    train.py:  185]:	Epoch 34: 
[INFO] 2022-09-29 22:34:54,491 [    train.py:  186]:	Train:
[INFO] 2022-09-29 22:34:54,496 [    train.py:  198]:	Loss 0.0062, ('Ner Loss', 0.0014668619260191917),  ('CLS Classification Loss', 0.004714810289442539)
[INFO] 2022-09-29 22:34:54,497 [    train.py:  208]:	('Ner Acc', 0.9993363618850708),  ('CLS Classification Acc', 0.9988471865653992)
[INFO] 2022-09-29 22:34:57,568 [    train.py:  220]:	Evaluate:
[INFO] 2022-09-29 22:34:57,569 [    train.py:  227]:	Loss 0.1539, ('Ner Loss', 0.012605855),  ('CLS Classification Loss', 0.1412573)
[INFO] 2022-09-29 22:34:57,569 [    train.py:  228]:	('Ner Acc', 0.9980277), ('CLS Classification Acc', 0.9804293)
[INFO] 2022-09-29 22:35:07,184 [    train.py:  237]:	Precision 0.599 Recall 0.638 F1 0.618
[INFO] 2022-09-29 22:36:36,848 [    train.py:  185]:	Epoch 35: 
[INFO] 2022-09-29 22:36:36,849 [    train.py:  186]:	Train:
[INFO] 2022-09-29 22:36:36,856 [    train.py:  198]:	Loss 0.0043, ('Ner Loss', 0.0012745248386636376),  ('CLS Classification Loss', 0.0030544695910066366)
[INFO] 2022-09-29 22:36:36,856 [    train.py:  208]:	('Ner Acc', 0.9993982911109924),  ('CLS Classification Acc', 0.9990746378898621)
[INFO] 2022-09-29 22:36:39,880 [    train.py:  220]:	Evaluate:
[INFO] 2022-09-29 22:36:39,880 [    train.py:  227]:	Loss 0.1497, ('Ner Loss', 0.012051085),  ('CLS Classification Loss', 0.13768268)
[INFO] 2022-09-29 22:36:39,881 [    train.py:  228]:	('Ner Acc', 0.99803984), ('CLS Classification Acc', 0.9817084)
[INFO] 2022-09-29 22:36:48,891 [    train.py:  237]:	Precision 0.611 Recall 0.634 F1 0.623
[INFO] 2022-09-29 22:38:18,894 [    train.py:  185]:	Epoch 36: 
[INFO] 2022-09-29 22:38:18,895 [    train.py:  186]:	Train:
[INFO] 2022-09-29 22:38:18,897 [    train.py:  198]:	Loss 0.0035, ('Ner Loss', 0.0011801979271695018),  ('CLS Classification Loss', 0.00228623254224658)
[INFO] 2022-09-29 22:38:18,897 [    train.py:  208]:	('Ner Acc', 0.999459445476532),  ('CLS Classification Acc', 0.9993667602539062)
[INFO] 2022-09-29 22:38:21,969 [    train.py:  220]:	Evaluate:
[INFO] 2022-09-29 22:38:21,969 [    train.py:  227]:	Loss 0.1605, ('Ner Loss', 0.012008998),  ('CLS Classification Loss', 0.14851919)
[INFO] 2022-09-29 22:38:21,970 [    train.py:  228]:	('Ner Acc', 0.9979764), ('CLS Classification Acc', 0.98065776)
[INFO] 2022-09-29 22:38:30,912 [    train.py:  237]:	Precision 0.602 Recall 0.631 F1 0.616
[INFO] 2022-09-29 22:40:00,973 [    train.py:  185]:	Epoch 37: 
[INFO] 2022-09-29 22:40:00,974 [    train.py:  186]:	Train:
[INFO] 2022-09-29 22:40:00,978 [    train.py:  198]:	Loss 0.0044, ('Ner Loss', 0.0011608112836256623),  ('CLS Classification Loss', 0.003245138330385089)
[INFO] 2022-09-29 22:40:00,978 [    train.py:  208]:	('Ner Acc', 0.999476969242096),  ('CLS Classification Acc', 0.9989367127418518)
[INFO] 2022-09-29 22:40:03,983 [    train.py:  220]:	Evaluate:
[INFO] 2022-09-29 22:40:03,984 [    train.py:  227]:	Loss 0.1553, ('Ner Loss', 0.012164821),  ('CLS Classification Loss', 0.14308697)
[INFO] 2022-09-29 22:40:03,984 [    train.py:  228]:	('Ner Acc', 0.99803275), ('CLS Classification Acc', 0.981804)
[INFO] 2022-09-29 22:40:13,285 [    train.py:  237]:	Precision 0.653 Recall 0.605 F1 0.628
[INFO] 2022-09-29 22:41:43,215 [    train.py:  185]:	Epoch 38: 
[INFO] 2022-09-29 22:41:43,215 [    train.py:  186]:	Train:
[INFO] 2022-09-29 22:41:43,218 [    train.py:  198]:	Loss 0.0032, ('Ner Loss', 0.0010755457915365696),  ('CLS Classification Loss', 0.0021058213897049427)
[INFO] 2022-09-29 22:41:43,218 [    train.py:  208]:	('Ner Acc', 0.9995140433311462),  ('CLS Classification Acc', 0.9993830919265747)
[INFO] 2022-09-29 22:41:46,252 [    train.py:  220]:	Evaluate:
[INFO] 2022-09-29 22:41:46,253 [    train.py:  227]:	Loss 0.1660, ('Ner Loss', 0.013045969),  ('CLS Classification Loss', 0.15294051)
[INFO] 2022-09-29 22:41:46,253 [    train.py:  228]:	('Ner Acc', 0.99801016), ('CLS Classification Acc', 0.9810232)
[INFO] 2022-09-29 22:41:55,517 [    train.py:  237]:	Precision 0.620 Recall 0.624 F1 0.622
[INFO] 2022-09-29 22:43:25,365 [    train.py:  185]:	Epoch 39: 
[INFO] 2022-09-29 22:43:25,365 [    train.py:  186]:	Train:
[INFO] 2022-09-29 22:43:25,368 [    train.py:  198]:	Loss 0.0031, ('Ner Loss', 0.0010304374154657125),  ('CLS Classification Loss', 0.0020652443636208773)
[INFO] 2022-09-29 22:43:25,368 [    train.py:  208]:	('Ner Acc', 0.9995525479316711),  ('CLS Classification Acc', 0.9993506669998169)
[INFO] 2022-09-29 22:43:28,449 [    train.py:  220]:	Evaluate:
[INFO] 2022-09-29 22:43:28,449 [    train.py:  227]:	Loss 0.1636, ('Ner Loss', 0.013362816),  ('CLS Classification Loss', 0.15028399)
[INFO] 2022-09-29 22:43:28,450 [    train.py:  228]:	('Ner Acc', 0.9980312), ('CLS Classification Acc', 0.9815216)
[INFO] 2022-09-29 22:43:37,942 [    train.py:  237]:	Precision 0.626 Recall 0.620 F1 0.623
[INFO] 2022-09-29 22:45:07,506 [    train.py:  185]:	Epoch 40: 
[INFO] 2022-09-29 22:45:07,507 [    train.py:  186]:	Train:
[INFO] 2022-09-29 22:45:07,514 [    train.py:  198]:	Loss 0.0028, ('Ner Loss', 0.0009825635934248567),  ('CLS Classification Loss', 0.0017701800679787993)
[INFO] 2022-09-29 22:45:07,514 [    train.py:  208]:	('Ner Acc', 0.9995718002319336),  ('CLS Classification Acc', 0.9995130300521851)
[INFO] 2022-09-29 22:45:10,574 [    train.py:  220]:	Evaluate:
[INFO] 2022-09-29 22:45:10,575 [    train.py:  227]:	Loss 0.1686, ('Ner Loss', 0.013243333),  ('CLS Classification Loss', 0.15534161)
[INFO] 2022-09-29 22:45:10,575 [    train.py:  228]:	('Ner Acc', 0.99812275), ('CLS Classification Acc', 0.98166287)
[INFO] 2022-09-29 22:45:19,643 [    train.py:  237]:	Precision 0.641 Recall 0.629 F1 0.635
[INFO] 2022-09-29 22:46:49,267 [    train.py:  185]:	Epoch 41: 
[INFO] 2022-09-29 22:46:49,267 [    train.py:  186]:	Train:
[INFO] 2022-09-29 22:46:49,270 [    train.py:  198]:	Loss 0.0022, ('Ner Loss', 0.0008680186001583934),  ('CLS Classification Loss', 0.0013297760160639882)
[INFO] 2022-09-29 22:46:49,271 [    train.py:  208]:	('Ner Acc', 0.9995999336242676),  ('CLS Classification Acc', 0.9996264576911926)
[INFO] 2022-09-29 22:46:52,334 [    train.py:  220]:	Evaluate:
[INFO] 2022-09-29 22:46:52,335 [    train.py:  227]:	Loss 0.1668, ('Ner Loss', 0.012879542),  ('CLS Classification Loss', 0.15388209)
[INFO] 2022-09-29 22:46:52,335 [    train.py:  228]:	('Ner Acc', 0.9981359), ('CLS Classification Acc', 0.9817085)
[INFO] 2022-09-29 22:47:01,504 [    train.py:  237]:	Precision 0.627 Recall 0.633 F1 0.630
[INFO] 2022-09-29 22:48:31,024 [    train.py:  185]:	Epoch 42: 
[INFO] 2022-09-29 22:48:31,024 [    train.py:  186]:	Train:
[INFO] 2022-09-29 22:48:31,030 [    train.py:  198]:	Loss 0.0026, ('Ner Loss', 0.000860046420712024),  ('CLS Classification Loss', 0.0017331256531178951)
[INFO] 2022-09-29 22:48:31,030 [    train.py:  208]:	('Ner Acc', 0.9996193647384644),  ('CLS Classification Acc', 0.9994640350341797)
[INFO] 2022-09-29 22:48:33,942 [    train.py:  220]:	Evaluate:
[INFO] 2022-09-29 22:48:33,943 [    train.py:  227]:	Loss 0.1600, ('Ner Loss', 0.012987861),  ('CLS Classification Loss', 0.14700735)
[INFO] 2022-09-29 22:48:33,943 [    train.py:  228]:	('Ner Acc', 0.9980526), ('CLS Classification Acc', 0.9819785)
[INFO] 2022-09-29 22:48:42,998 [    train.py:  237]:	Precision 0.638 Recall 0.604 F1 0.620
[INFO] 2022-09-29 22:50:13,438 [    train.py:  185]:	Epoch 43: 
[INFO] 2022-09-29 22:50:13,438 [    train.py:  186]:	Train:
[INFO] 2022-09-29 22:50:13,440 [    train.py:  198]:	Loss 0.0030, ('Ner Loss', 0.0008372626616619527),  ('CLS Classification Loss', 0.0021531060338020325)
[INFO] 2022-09-29 22:50:13,440 [    train.py:  208]:	('Ner Acc', 0.9996230006217957),  ('CLS Classification Acc', 0.9993747472763062)
[INFO] 2022-09-29 22:50:16,501 [    train.py:  220]:	Evaluate:
[INFO] 2022-09-29 22:50:16,502 [    train.py:  227]:	Loss 0.1569, ('Ner Loss', 0.01231555),  ('CLS Classification Loss', 0.14458992)
[INFO] 2022-09-29 22:50:16,502 [    train.py:  228]:	('Ner Acc', 0.99799085), ('CLS Classification Acc', 0.981804)
[INFO] 2022-09-29 22:50:25,500 [    train.py:  237]:	Precision 0.635 Recall 0.655 F1 0.645
[INFO] 2022-09-29 22:51:55,259 [    train.py:  185]:	Epoch 44: 
[INFO] 2022-09-29 22:51:55,260 [    train.py:  186]:	Train:
[INFO] 2022-09-29 22:51:55,263 [    train.py:  198]:	Loss 0.0028, ('Ner Loss', 0.0008076333324424922),  ('CLS Classification Loss', 0.001977389445528388)
[INFO] 2022-09-29 22:51:55,263 [    train.py:  208]:	('Ner Acc', 0.9996475577354431),  ('CLS Classification Acc', 0.999512791633606)
[INFO] 2022-09-29 22:51:58,282 [    train.py:  220]:	Evaluate:
[INFO] 2022-09-29 22:51:58,283 [    train.py:  227]:	Loss 0.1478, ('Ner Loss', 0.012879712),  ('CLS Classification Loss', 0.13495097)
[INFO] 2022-09-29 22:51:58,283 [    train.py:  228]:	('Ner Acc', 0.99801624), ('CLS Classification Acc', 0.98202)
[INFO] 2022-09-29 22:52:07,483 [    train.py:  237]:	Precision 0.640 Recall 0.608 F1 0.624
[INFO] 2022-09-29 22:53:37,030 [    train.py:  185]:	Epoch 45: 
[INFO] 2022-09-29 22:53:37,031 [    train.py:  186]:	Train:
[INFO] 2022-09-29 22:53:37,037 [    train.py:  198]:	Loss 0.0031, ('Ner Loss', 0.0008012439357116818),  ('CLS Classification Loss', 0.0022720370907336473)
[INFO] 2022-09-29 22:53:37,038 [    train.py:  208]:	('Ner Acc', 0.9996435642242432),  ('CLS Classification Acc', 0.999220609664917)
[INFO] 2022-09-29 22:53:39,997 [    train.py:  220]:	Evaluate:
[INFO] 2022-09-29 22:53:39,998 [    train.py:  227]:	Loss 0.1522, ('Ner Loss', 0.013199003),  ('CLS Classification Loss', 0.1390062)
[INFO] 2022-09-29 22:53:39,998 [    train.py:  228]:	('Ner Acc', 0.9979304), ('CLS Classification Acc', 0.98129314)
[INFO] 2022-09-29 22:53:49,255 [    train.py:  237]:	Precision 0.611 Recall 0.657 F1 0.633
[INFO] 2022-09-29 22:55:18,390 [    train.py:  185]:	Epoch 46: 
[INFO] 2022-09-29 22:55:18,390 [    train.py:  186]:	Train:
[INFO] 2022-09-29 22:55:18,396 [    train.py:  198]:	Loss 0.0025, ('Ner Loss', 0.0007879489567130804),  ('CLS Classification Loss', 0.0017586007015779614)
[INFO] 2022-09-29 22:55:18,396 [    train.py:  208]:	('Ner Acc', 0.9996397495269775),  ('CLS Classification Acc', 0.9994317293167114)
[INFO] 2022-09-29 22:55:21,418 [    train.py:  220]:	Evaluate:
[INFO] 2022-09-29 22:55:21,419 [    train.py:  227]:	Loss 0.1514, ('Ner Loss', 0.013838133),  ('CLS Classification Loss', 0.13753438)
[INFO] 2022-09-29 22:55:21,419 [    train.py:  228]:	('Ner Acc', 0.99801874), ('CLS Classification Acc', 0.98262644)
[INFO] 2022-09-29 22:55:30,545 [    train.py:  237]:	Precision 0.648 Recall 0.650 F1 0.649
[INFO] 2022-09-29 22:57:00,731 [    train.py:  185]:	Epoch 47: 
[INFO] 2022-09-29 22:57:00,731 [    train.py:  186]:	Train:
[INFO] 2022-09-29 22:57:00,734 [    train.py:  198]:	Loss 0.0020, ('Ner Loss', 0.000654562667477876),  ('CLS Classification Loss', 0.0012966505018994212)
[INFO] 2022-09-29 22:57:00,734 [    train.py:  208]:	('Ner Acc', 0.9997062087059021),  ('CLS Classification Acc', 0.9996832013130188)
[INFO] 2022-09-29 22:57:03,838 [    train.py:  220]:	Evaluate:
[INFO] 2022-09-29 22:57:03,839 [    train.py:  227]:	Loss 0.1666, ('Ner Loss', 0.013626972),  ('CLS Classification Loss', 0.15292995)
[INFO] 2022-09-29 22:57:03,839 [    train.py:  228]:	('Ner Acc', 0.99804544), ('CLS Classification Acc', 0.980529)
[INFO] 2022-09-29 22:57:12,984 [    train.py:  237]:	Precision 0.622 Recall 0.645 F1 0.633
[INFO] 2022-09-29 22:58:42,940 [    train.py:  185]:	Epoch 48: 
[INFO] 2022-09-29 22:58:42,940 [    train.py:  186]:	Train:
[INFO] 2022-09-29 22:58:42,943 [    train.py:  198]:	Loss 0.0024, ('Ner Loss', 0.0005921036354266107),  ('CLS Classification Loss', 0.0017958717653527856)
[INFO] 2022-09-29 22:58:42,943 [    train.py:  208]:	('Ner Acc', 0.9997339248657227),  ('CLS Classification Acc', 0.9995536208152771)
[INFO] 2022-09-29 22:58:45,985 [    train.py:  220]:	Evaluate:
[INFO] 2022-09-29 22:58:45,986 [    train.py:  227]:	Loss 0.1433, ('Ner Loss', 0.013925339),  ('CLS Classification Loss', 0.12932958)
[INFO] 2022-09-29 22:58:45,986 [    train.py:  228]:	('Ner Acc', 0.9980385), ('CLS Classification Acc', 0.9819327)
[INFO] 2022-09-29 22:58:55,213 [    train.py:  237]:	Precision 0.636 Recall 0.623 F1 0.629
[INFO] 2022-09-29 23:00:25,320 [    train.py:  185]:	Epoch 49: 
[INFO] 2022-09-29 23:00:25,321 [    train.py:  186]:	Train:
[INFO] 2022-09-29 23:00:25,324 [    train.py:  198]:	Loss 0.0024, ('Ner Loss', 0.0005982903530821204),  ('CLS Classification Loss', 0.0018165806541219354)
[INFO] 2022-09-29 23:00:25,324 [    train.py:  208]:	('Ner Acc', 0.9997278451919556),  ('CLS Classification Acc', 0.9995371699333191)
[INFO] 2022-09-29 23:00:28,350 [    train.py:  220]:	Evaluate:
[INFO] 2022-09-29 23:00:28,351 [    train.py:  227]:	Loss 0.1503, ('Ner Loss', 0.0136572495),  ('CLS Classification Loss', 0.1366641)
[INFO] 2022-09-29 23:00:28,351 [    train.py:  228]:	('Ner Acc', 0.998024), ('CLS Classification Acc', 0.98134714)
[INFO] 2022-09-29 23:00:37,551 [    train.py:  237]:	Precision 0.619 Recall 0.645 F1 0.632
[INFO] 2022-09-29 23:01:45,888 [    train.py:  185]:	Epoch 50: 
[INFO] 2022-09-29 23:01:45,889 [    train.py:  186]:	Train:
[INFO] 2022-09-29 23:01:45,892 [    train.py:  198]:	Loss 0.0034, ('Ner Loss', 0.0006970047252252698),  ('CLS Classification Loss', 0.0027440295089036226)
[INFO] 2022-09-29 23:01:45,892 [    train.py:  208]:	('Ner Acc', 0.999711811542511),  ('CLS Classification Acc', 0.9992045760154724)
[INFO] 2022-09-29 23:01:48,324 [    train.py:  220]:	Evaluate:
[INFO] 2022-09-29 23:01:48,324 [    train.py:  227]:	Loss 0.1488, ('Ner Loss', 0.013025452),  ('CLS Classification Loss', 0.13573992)
[INFO] 2022-09-29 23:01:48,324 [    train.py:  228]:	('Ner Acc', 0.998047), ('CLS Classification Acc', 0.98211557)
[INFO] 2022-09-29 23:01:57,601 [    train.py:  237]:	Precision 0.650 Recall 0.618 F1 0.634
[INFO] 2022-09-29 23:03:15,569 [    train.py:  185]:	Epoch 51: 
[INFO] 2022-09-29 23:03:15,569 [    train.py:  186]:	Train:
[INFO] 2022-09-29 23:03:15,573 [    train.py:  198]:	Loss 0.0022, ('Ner Loss', 0.0005665578646585345),  ('CLS Classification Loss', 0.0015983858611434698)
[INFO] 2022-09-29 23:03:15,573 [    train.py:  208]:	('Ner Acc', 0.9997531771659851),  ('CLS Classification Acc', 0.9995290637016296)
[INFO] 2022-09-29 23:03:18,644 [    train.py:  220]:	Evaluate:
[INFO] 2022-09-29 23:03:18,645 [    train.py:  227]:	Loss 0.1498, ('Ner Loss', 0.01334399),  ('CLS Classification Loss', 0.13646138)
[INFO] 2022-09-29 23:03:18,645 [    train.py:  228]:	('Ner Acc', 0.998024), ('CLS Classification Acc', 0.9817583)
[INFO] 2022-09-29 23:03:27,819 [    train.py:  237]:	Precision 0.642 Recall 0.645 F1 0.643
[INFO] 2022-09-29 23:04:56,958 [    train.py:  185]:	Epoch 52: 
[INFO] 2022-09-29 23:04:56,958 [    train.py:  186]:	Train:
[INFO] 2022-09-29 23:04:56,962 [    train.py:  198]:	Loss 0.0030, ('Ner Loss', 0.0005942119169048965),  ('CLS Classification Loss', 0.0024055922403931618)
[INFO] 2022-09-29 23:04:56,962 [    train.py:  208]:	('Ner Acc', 0.9997486472129822),  ('CLS Classification Acc', 0.9993587732315063)
[INFO] 2022-09-29 23:04:59,878 [    train.py:  220]:	Evaluate:
[INFO] 2022-09-29 23:04:59,879 [    train.py:  227]:	Loss 0.1536, ('Ner Loss', 0.012493896),  ('CLS Classification Loss', 0.14115202)
[INFO] 2022-09-29 23:04:59,879 [    train.py:  228]:	('Ner Acc', 0.9978448), ('CLS Classification Acc', 0.9807076)
[INFO] 2022-09-29 23:05:08,894 [    train.py:  237]:	Precision 0.597 Recall 0.658 F1 0.626
[INFO] 2022-09-29 23:06:38,982 [    train.py:  185]:	Epoch 53: 
[INFO] 2022-09-29 23:06:38,982 [    train.py:  186]:	Train:
[INFO] 2022-09-29 23:06:38,988 [    train.py:  198]:	Loss 0.0026, ('Ner Loss', 0.0006211987929418683),  ('CLS Classification Loss', 0.0019766835030168295)
[INFO] 2022-09-29 23:06:38,988 [    train.py:  208]:	('Ner Acc', 0.9997279047966003),  ('CLS Classification Acc', 0.9993424415588379)
[INFO] 2022-09-29 23:06:42,136 [    train.py:  220]:	Evaluate:
[INFO] 2022-09-29 23:06:42,136 [    train.py:  227]:	Loss 0.1473, ('Ner Loss', 0.012577206),  ('CLS Classification Loss', 0.13472196)
[INFO] 2022-09-29 23:06:42,136 [    train.py:  228]:	('Ner Acc', 0.99800795), ('CLS Classification Acc', 0.9827552)
[INFO] 2022-09-29 23:06:51,362 [    train.py:  237]:	Precision 0.641 Recall 0.647 F1 0.644
[INFO] 2022-09-29 23:08:20,541 [    train.py:  185]:	Epoch 54: 
[INFO] 2022-09-29 23:08:20,542 [    train.py:  186]:	Train:
[INFO] 2022-09-29 23:08:20,547 [    train.py:  198]:	Loss 0.0022, ('Ner Loss', 0.0005253999843262136),  ('CLS Classification Loss', 0.001670889905653894)
[INFO] 2022-09-29 23:08:20,547 [    train.py:  208]:	('Ner Acc', 0.9997773766517639),  ('CLS Classification Acc', 0.9995777606964111)
[INFO] 2022-09-29 23:08:23,611 [    train.py:  220]:	Evaluate:
[INFO] 2022-09-29 23:08:23,612 [    train.py:  227]:	Loss 0.1548, ('Ner Loss', 0.015230667),  ('CLS Classification Loss', 0.13961388)
[INFO] 2022-09-29 23:08:23,612 [    train.py:  228]:	('Ner Acc', 0.99798536), ('CLS Classification Acc', 0.9817999)
[INFO] 2022-09-29 23:08:33,093 [    train.py:  237]:	Precision 0.643 Recall 0.634 F1 0.639
[INFO] 2022-09-29 23:10:02,539 [    train.py:  185]:	Epoch 55: 
[INFO] 2022-09-29 23:10:02,540 [    train.py:  186]:	Train:
[INFO] 2022-09-29 23:10:02,546 [    train.py:  198]:	Loss 0.0015, ('Ner Loss', 0.0004734642861876637),  ('CLS Classification Loss', 0.000977070420049131)
[INFO] 2022-09-29 23:10:02,546 [    train.py:  208]:	('Ner Acc', 0.9997882843017578),  ('CLS Classification Acc', 0.9997401833534241)
[INFO] 2022-09-29 23:10:05,710 [    train.py:  220]:	Evaluate:
[INFO] 2022-09-29 23:10:05,711 [    train.py:  227]:	Loss 0.1595, ('Ner Loss', 0.014116636),  ('CLS Classification Loss', 0.14539249)
[INFO] 2022-09-29 23:10:05,711 [    train.py:  228]:	('Ner Acc', 0.99796915), ('CLS Classification Acc', 0.98275936)
[INFO] 2022-09-29 23:10:14,950 [    train.py:  237]:	Precision 0.641 Recall 0.641 F1 0.641
[INFO] 2022-09-29 23:11:45,372 [    train.py:  185]:	Epoch 56: 
[INFO] 2022-09-29 23:11:45,372 [    train.py:  186]:	Train:
[INFO] 2022-09-29 23:11:45,376 [    train.py:  198]:	Loss 0.0010, ('Ner Loss', 0.00040837551932781935),  ('CLS Classification Loss', 0.0006084084161557257)
[INFO] 2022-09-29 23:11:45,376 [    train.py:  208]:	('Ner Acc', 0.999826967716217),  ('CLS Classification Acc', 0.9998294711112976)
[INFO] 2022-09-29 23:11:48,401 [    train.py:  220]:	Evaluate:
[INFO] 2022-09-29 23:11:48,402 [    train.py:  227]:	Loss 0.1641, ('Ner Loss', 0.014181125),  ('CLS Classification Loss', 0.14989825)
[INFO] 2022-09-29 23:11:48,402 [    train.py:  228]:	('Ner Acc', 0.99808735), ('CLS Classification Acc', 0.98275506)
[INFO] 2022-09-29 23:11:57,534 [    train.py:  237]:	Precision 0.648 Recall 0.645 F1 0.646
[INFO] 2022-09-29 23:13:26,605 [    train.py:  185]:	Epoch 57: 
[INFO] 2022-09-29 23:13:26,606 [    train.py:  186]:	Train:
[INFO] 2022-09-29 23:13:26,613 [    train.py:  198]:	Loss 0.0014, ('Ner Loss', 0.00036420495598576963),  ('CLS Classification Loss', 0.0010215194197371602)
[INFO] 2022-09-29 23:13:26,613 [    train.py:  208]:	('Ner Acc', 0.9998436570167542),  ('CLS Classification Acc', 0.9997239112854004)
[INFO] 2022-09-29 23:13:29,730 [    train.py:  220]:	Evaluate:
[INFO] 2022-09-29 23:13:29,731 [    train.py:  227]:	Loss 0.1585, ('Ner Loss', 0.014010031),  ('CLS Classification Loss', 0.14446898)
[INFO] 2022-09-29 23:13:29,731 [    train.py:  228]:	('Ner Acc', 0.9980347), ('CLS Classification Acc', 0.9825683)
[INFO] 2022-09-29 23:13:39,225 [    train.py:  237]:	Precision 0.638 Recall 0.645 F1 0.642
[INFO] 2022-09-29 23:15:07,791 [    train.py:  185]:	Epoch 58: 
[INFO] 2022-09-29 23:15:07,792 [    train.py:  186]:	Train:
[INFO] 2022-09-29 23:15:07,796 [    train.py:  198]:	Loss 0.0013, ('Ner Loss', 0.00034945577499456704),  ('CLS Classification Loss', 0.000943346822168678)
[INFO] 2022-09-29 23:15:07,796 [    train.py:  208]:	('Ner Acc', 0.9998571872711182),  ('CLS Classification Acc', 0.9997239112854004)
[INFO] 2022-09-29 23:15:10,743 [    train.py:  220]:	Evaluate:
[INFO] 2022-09-29 23:15:10,743 [    train.py:  227]:	Loss 0.1562, ('Ner Loss', 0.014538793),  ('CLS Classification Loss', 0.14170972)
[INFO] 2022-09-29 23:15:10,744 [    train.py:  228]:	('Ner Acc', 0.9981365), ('CLS Classification Acc', 0.9825309)
[INFO] 2022-09-29 23:15:20,015 [    train.py:  237]:	Precision 0.663 Recall 0.631 F1 0.646
[INFO] 2022-09-29 23:16:49,941 [    train.py:  185]:	Epoch 59: 
[INFO] 2022-09-29 23:16:49,941 [    train.py:  186]:	Train:
[INFO] 2022-09-29 23:16:49,945 [    train.py:  198]:	Loss 0.0021, ('Ner Loss', 0.0004512247396633029),  ('CLS Classification Loss', 0.0016954217571765184)
[INFO] 2022-09-29 23:16:49,945 [    train.py:  208]:	('Ner Acc', 0.9998238682746887),  ('CLS Classification Acc', 0.9995697140693665)
[INFO] 2022-09-29 23:16:53,012 [    train.py:  220]:	Evaluate:
[INFO] 2022-09-29 23:16:53,012 [    train.py:  227]:	Loss 0.1511, ('Ner Loss', 0.014137057),  ('CLS Classification Loss', 0.13700615)
[INFO] 2022-09-29 23:16:53,012 [    train.py:  228]:	('Ner Acc', 0.9980464), ('CLS Classification Acc', 0.9818912)
[INFO] 2022-09-29 23:17:02,225 [    train.py:  237]:	Precision 0.642 Recall 0.644 F1 0.643
[INFO] 2022-09-29 23:18:32,446 [    train.py:  185]:	Epoch 60: 
[INFO] 2022-09-29 23:18:32,447 [    train.py:  186]:	Train:
[INFO] 2022-09-29 23:18:32,451 [    train.py:  198]:	Loss 0.0021, ('Ner Loss', 0.00040946152876131237),  ('CLS Classification Loss', 0.0016476105665788054)
[INFO] 2022-09-29 23:18:32,451 [    train.py:  208]:	('Ner Acc', 0.9998311400413513),  ('CLS Classification Acc', 0.9995860457420349)
[INFO] 2022-09-29 23:18:35,556 [    train.py:  220]:	Evaluate:
[INFO] 2022-09-29 23:18:35,557 [    train.py:  227]:	Loss 0.1529, ('Ner Loss', 0.015475676),  ('CLS Classification Loss', 0.13745923)
[INFO] 2022-09-29 23:18:35,557 [    train.py:  228]:	('Ner Acc', 0.99796724), ('CLS Classification Acc', 0.9815674)
[INFO] 2022-09-29 23:18:44,613 [    train.py:  237]:	Precision 0.618 Recall 0.618 F1 0.618
[INFO] 2022-09-29 23:20:13,386 [    train.py:  185]:	Epoch 61: 
[INFO] 2022-09-29 23:20:13,386 [    train.py:  186]:	Train:
[INFO] 2022-09-29 23:20:13,389 [    train.py:  198]:	Loss 0.0022, ('Ner Loss', 0.00047655668458901346),  ('CLS Classification Loss', 0.0016994591569527984)
[INFO] 2022-09-29 23:20:13,389 [    train.py:  208]:	('Ner Acc', 0.9998069405555725),  ('CLS Classification Acc', 0.9994804263114929)
[INFO] 2022-09-29 23:20:16,428 [    train.py:  220]:	Evaluate:
[INFO] 2022-09-29 23:20:16,429 [    train.py:  227]:	Loss 0.1467, ('Ner Loss', 0.013573443),  ('CLS Classification Loss', 0.13315135)
[INFO] 2022-09-29 23:20:16,429 [    train.py:  228]:	('Ner Acc', 0.997917), ('CLS Classification Acc', 0.98106474)
[INFO] 2022-09-29 23:20:25,361 [    train.py:  237]:	Precision 0.609 Recall 0.636 F1 0.622
[INFO] 2022-09-29 23:21:55,459 [    train.py:  185]:	Epoch 62: 
[INFO] 2022-09-29 23:21:55,459 [    train.py:  186]:	Train:
[INFO] 2022-09-29 23:21:55,463 [    train.py:  198]:	Loss 0.0014, ('Ner Loss', 0.0003748284070752561),  ('CLS Classification Loss', 0.0009900270961225033)
[INFO] 2022-09-29 23:21:55,463 [    train.py:  208]:	('Ner Acc', 0.9998605847358704),  ('CLS Classification Acc', 0.9997563362121582)
[INFO] 2022-09-29 23:21:58,514 [    train.py:  220]:	Evaluate:
[INFO] 2022-09-29 23:21:58,514 [    train.py:  227]:	Loss 0.1556, ('Ner Loss', 0.014431743),  ('CLS Classification Loss', 0.1412118)
[INFO] 2022-09-29 23:21:58,515 [    train.py:  228]:	('Ner Acc', 0.9979462), ('CLS Classification Acc', 0.98184556)
[INFO] 2022-09-29 23:22:07,679 [    train.py:  237]:	Precision 0.631 Recall 0.646 F1 0.639
[INFO] 2022-09-29 23:23:37,559 [    train.py:  185]:	Epoch 63: 
[INFO] 2022-09-29 23:23:37,559 [    train.py:  186]:	Train:
[INFO] 2022-09-29 23:23:37,561 [    train.py:  198]:	Loss 0.0013, ('Ner Loss', 0.0003446449409238994),  ('CLS Classification Loss', 0.0009853390511125326)
[INFO] 2022-09-29 23:23:37,562 [    train.py:  208]:	('Ner Acc', 0.9998658895492554),  ('CLS Classification Acc', 0.9997239708900452)
[INFO] 2022-09-29 23:23:40,533 [    train.py:  220]:	Evaluate:
[INFO] 2022-09-29 23:23:40,533 [    train.py:  227]:	Loss 0.1701, ('Ner Loss', 0.015202713),  ('CLS Classification Loss', 0.15486093)
[INFO] 2022-09-29 23:23:40,534 [    train.py:  228]:	('Ner Acc', 0.997899), ('CLS Classification Acc', 0.9820699)
[INFO] 2022-09-29 23:23:49,772 [    train.py:  237]:	Precision 0.631 Recall 0.647 F1 0.639
[INFO] 2022-09-29 23:25:18,328 [    train.py:  185]:	Epoch 64: 
[INFO] 2022-09-29 23:25:18,328 [    train.py:  186]:	Train:
[INFO] 2022-09-29 23:25:18,331 [    train.py:  198]:	Loss 0.0017, ('Ner Loss', 0.00031304266303777695),  ('CLS Classification Loss', 0.0013675197260454297)
[INFO] 2022-09-29 23:25:18,331 [    train.py:  208]:	('Ner Acc', 0.9998800754547119),  ('CLS Classification Acc', 0.99959397315979)
[INFO] 2022-09-29 23:25:21,325 [    train.py:  220]:	Evaluate:
[INFO] 2022-09-29 23:25:21,325 [    train.py:  227]:	Loss 0.1554, ('Ner Loss', 0.015056576),  ('CLS Classification Loss', 0.14035024)
[INFO] 2022-09-29 23:25:21,326 [    train.py:  228]:	('Ner Acc', 0.99796486), ('CLS Classification Acc', 0.982074)
[INFO] 2022-09-29 23:25:30,559 [    train.py:  237]:	Precision 0.632 Recall 0.655 F1 0.643
[INFO] 2022-09-29 23:27:00,232 [    train.py:  185]:	Epoch 65: 
[INFO] 2022-09-29 23:27:00,233 [    train.py:  186]:	Train:
[INFO] 2022-09-29 23:27:00,237 [    train.py:  198]:	Loss 0.0019, ('Ner Loss', 0.0003250466543249786),  ('CLS Classification Loss', 0.0015460134018212557)
[INFO] 2022-09-29 23:27:00,237 [    train.py:  208]:	('Ner Acc', 0.9998706579208374),  ('CLS Classification Acc', 0.9995617866516113)
[INFO] 2022-09-29 23:27:03,283 [    train.py:  220]:	Evaluate:
[INFO] 2022-09-29 23:27:03,283 [    train.py:  227]:	Loss 0.1633, ('Ner Loss', 0.014974845),  ('CLS Classification Loss', 0.14831989)
[INFO] 2022-09-29 23:27:03,283 [    train.py:  228]:	('Ner Acc', 0.99798083), ('CLS Classification Acc', 0.9819411)
[INFO] 2022-09-29 23:27:12,213 [    train.py:  237]:	Precision 0.632 Recall 0.651 F1 0.641
[INFO] 2022-09-29 23:28:42,419 [    train.py:  185]:	Epoch 66: 
[INFO] 2022-09-29 23:28:42,419 [    train.py:  186]:	Train:
[INFO] 2022-09-29 23:28:42,422 [    train.py:  198]:	Loss 0.0015, ('Ner Loss', 0.00029557591187767684),  ('CLS Classification Loss', 0.0012340605026111007)
[INFO] 2022-09-29 23:28:42,422 [    train.py:  208]:	('Ner Acc', 0.9998788833618164),  ('CLS Classification Acc', 0.9996426105499268)
[INFO] 2022-09-29 23:28:45,444 [    train.py:  220]:	Evaluate:
[INFO] 2022-09-29 23:28:45,444 [    train.py:  227]:	Loss 0.1627, ('Ner Loss', 0.015544057),  ('CLS Classification Loss', 0.14718246)
[INFO] 2022-09-29 23:28:45,444 [    train.py:  228]:	('Ner Acc', 0.99798113), ('CLS Classification Acc', 0.9811602)
[INFO] 2022-09-29 23:28:54,678 [    train.py:  237]:	Precision 0.613 Recall 0.651 F1 0.631
[INFO] 2022-09-29 23:30:24,580 [    train.py:  185]:	Epoch 67: 
[INFO] 2022-09-29 23:30:24,581 [    train.py:  186]:	Train:
[INFO] 2022-09-29 23:30:24,585 [    train.py:  198]:	Loss 0.0022, ('Ner Loss', 0.00039569431100971997),  ('CLS Classification Loss', 0.001762264291755855)
[INFO] 2022-09-29 23:30:24,585 [    train.py:  208]:	('Ner Acc', 0.999850332736969),  ('CLS Classification Acc', 0.999504566192627)
[INFO] 2022-09-29 23:30:27,675 [    train.py:  220]:	Evaluate:
[INFO] 2022-09-29 23:30:27,676 [    train.py:  227]:	Loss 0.1571, ('Ner Loss', 0.014657621),  ('CLS Classification Loss', 0.14242777)
[INFO] 2022-09-29 23:30:27,677 [    train.py:  228]:	('Ner Acc', 0.997952), ('CLS Classification Acc', 0.9823855)
[INFO] 2022-09-29 23:30:36,614 [    train.py:  237]:	Precision 0.638 Recall 0.625 F1 0.631
[INFO] 2022-09-29 23:32:06,097 [    train.py:  185]:	Epoch 68: 
[INFO] 2022-09-29 23:32:06,097 [    train.py:  186]:	Train:
[INFO] 2022-09-29 23:32:06,100 [    train.py:  198]:	Loss 0.0022, ('Ner Loss', 0.0004615320067387074),  ('CLS Classification Loss', 0.0017355388263240457)
[INFO] 2022-09-29 23:32:06,100 [    train.py:  208]:	('Ner Acc', 0.9998127818107605),  ('CLS Classification Acc', 0.9993748664855957)
[INFO] 2022-09-29 23:32:09,123 [    train.py:  220]:	Evaluate:
[INFO] 2022-09-29 23:32:09,124 [    train.py:  227]:	Loss 0.1890, ('Ner Loss', 0.014847386),  ('CLS Classification Loss', 0.17418018)
[INFO] 2022-09-29 23:32:09,124 [    train.py:  228]:	('Ner Acc', 0.9978916), ('CLS Classification Acc', 0.97888005)
[INFO] 2022-09-29 23:32:18,312 [    train.py:  237]:	Precision 0.598 Recall 0.615 F1 0.606
[INFO] 2022-09-29 23:33:49,032 [    train.py:  185]:	Epoch 69: 
[INFO] 2022-09-29 23:33:49,033 [    train.py:  186]:	Train:
[INFO] 2022-09-29 23:33:49,036 [    train.py:  198]:	Loss 0.0030, ('Ner Loss', 0.0004738920251838863),  ('CLS Classification Loss', 0.002558232517912984)
[INFO] 2022-09-29 23:33:49,036 [    train.py:  208]:	('Ner Acc', 0.999799907207489),  ('CLS Classification Acc', 0.999269425868988)
[INFO] 2022-09-29 23:33:52,085 [    train.py:  220]:	Evaluate:
[INFO] 2022-09-29 23:33:52,086 [    train.py:  227]:	Loss 0.1435, ('Ner Loss', 0.01245185),  ('CLS Classification Loss', 0.13103124)
[INFO] 2022-09-29 23:33:52,086 [    train.py:  228]:	('Ner Acc', 0.99792), ('CLS Classification Acc', 0.98171264)
[INFO] 2022-09-29 23:34:01,301 [    train.py:  237]:	Precision 0.627 Recall 0.639 F1 0.633
[INFO] 2022-09-29 23:35:31,475 [    train.py:  185]:	Epoch 70: 
[INFO] 2022-09-29 23:35:31,476 [    train.py:  186]:	Train:
[INFO] 2022-09-29 23:35:31,482 [    train.py:  198]:	Loss 0.0009, ('Ner Loss', 0.00032311282120645046),  ('CLS Classification Loss', 0.0005275491275824606)
[INFO] 2022-09-29 23:35:31,483 [    train.py:  208]:	('Ner Acc', 0.999875009059906),  ('CLS Classification Acc', 0.9998456835746765)
[INFO] 2022-09-29 23:35:34,562 [    train.py:  220]:	Evaluate:
[INFO] 2022-09-29 23:35:34,562 [    train.py:  227]:	Loss 0.1578, ('Ner Loss', 0.013076474),  ('CLS Classification Loss', 0.14470838)
[INFO] 2022-09-29 23:35:34,562 [    train.py:  228]:	('Ner Acc', 0.9979898), ('CLS Classification Acc', 0.9828547)
[INFO] 2022-09-29 23:35:43,749 [    train.py:  237]:	Precision 0.654 Recall 0.638 F1 0.646
[INFO] 2022-09-29 23:37:02,805 [    train.py:  185]:	Epoch 71: 
[INFO] 2022-09-29 23:37:02,806 [    train.py:  186]:	Train:
[INFO] 2022-09-29 23:37:02,810 [    train.py:  198]:	Loss 0.0005, ('Ner Loss', 0.00022573060414288193),  ('CLS Classification Loss', 0.00027667329413816333)
[INFO] 2022-09-29 23:37:02,810 [    train.py:  208]:	('Ner Acc', 0.9999222755432129),  ('CLS Classification Acc', 0.9999269247055054)
[INFO] 2022-09-29 23:37:05,150 [    train.py:  220]:	Evaluate:
[INFO] 2022-09-29 23:37:05,151 [    train.py:  227]:	Loss 0.1700, ('Ner Loss', 0.01392639),  ('CLS Classification Loss', 0.15603793)
[INFO] 2022-09-29 23:37:05,151 [    train.py:  228]:	('Ner Acc', 0.9980203), ('CLS Classification Acc', 0.9827634)
[INFO] 2022-09-29 23:37:14,675 [    train.py:  237]:	Precision 0.640 Recall 0.659 F1 0.649
[INFO] 2022-09-29 23:38:22,811 [    train.py:  185]:	Epoch 72: 
[INFO] 2022-09-29 23:38:22,811 [    train.py:  186]:	Train:
[INFO] 2022-09-29 23:38:22,814 [    train.py:  198]:	Loss 0.0003, ('Ner Loss', 0.00018563262710813433),  ('CLS Classification Loss', 0.00010812404070748016)
[INFO] 2022-09-29 23:38:22,814 [    train.py:  208]:	('Ner Acc', 0.999927818775177),  ('CLS Classification Acc', 0.9999675154685974)
[INFO] 2022-09-29 23:38:24,916 [    train.py:  220]:	Evaluate:
[INFO] 2022-09-29 23:38:24,916 [    train.py:  227]:	Loss 0.1812, ('Ner Loss', 0.01497652),  ('CLS Classification Loss', 0.1662464)
[INFO] 2022-09-29 23:38:24,916 [    train.py:  228]:	('Ner Acc', 0.9980309), ('CLS Classification Acc', 0.98267204)
[INFO] 2022-09-29 23:38:34,312 [    train.py:  237]:	Precision 0.639 Recall 0.653 F1 0.646
[INFO] 2022-09-29 23:40:04,322 [    train.py:  185]:	Epoch 73: 
[INFO] 2022-09-29 23:40:04,323 [    train.py:  186]:	Train:
[INFO] 2022-09-29 23:40:04,326 [    train.py:  198]:	Loss 0.0008, ('Ner Loss', 0.00017679622396826744),  ('CLS Classification Loss', 0.0006268440629355609)
[INFO] 2022-09-29 23:40:04,326 [    train.py:  208]:	('Ner Acc', 0.9999346733093262),  ('CLS Classification Acc', 0.9998618960380554)
[INFO] 2022-09-29 23:40:07,380 [    train.py:  220]:	Evaluate:
[INFO] 2022-09-29 23:40:07,380 [    train.py:  227]:	Loss 0.1812, ('Ner Loss', 0.015181491),  ('CLS Classification Loss', 0.16603005)
[INFO] 2022-09-29 23:40:07,380 [    train.py:  228]:	('Ner Acc', 0.99790615), ('CLS Classification Acc', 0.9810813)
[INFO] 2022-09-29 23:40:16,626 [    train.py:  237]:	Precision 0.619 Recall 0.648 F1 0.633
[INFO] 2022-09-29 23:41:45,595 [    train.py:  185]:	Epoch 74: 
[INFO] 2022-09-29 23:41:45,596 [    train.py:  186]:	Train:
[INFO] 2022-09-29 23:41:45,604 [    train.py:  198]:	Loss 0.0007, ('Ner Loss', 0.000166553640156053),  ('CLS Classification Loss', 0.0005027958541177213)
[INFO] 2022-09-29 23:41:45,604 [    train.py:  208]:	('Ner Acc', 0.9999309778213501),  ('CLS Classification Acc', 0.9998700022697449)
[INFO] 2022-09-29 23:41:48,645 [    train.py:  220]:	Evaluate:
[INFO] 2022-09-29 23:41:48,645 [    train.py:  227]:	Loss 0.1739, ('Ner Loss', 0.016619142),  ('CLS Classification Loss', 0.15725535)
[INFO] 2022-09-29 23:41:48,645 [    train.py:  228]:	('Ner Acc', 0.99802387), ('CLS Classification Acc', 0.9817958)
[INFO] 2022-09-29 23:41:57,940 [    train.py:  237]:	Precision 0.634 Recall 0.629 F1 0.631
[INFO] 2022-09-29 23:43:28,766 [    train.py:  185]:	Epoch 75: 
[INFO] 2022-09-29 23:43:28,766 [    train.py:  186]:	Train:
[INFO] 2022-09-29 23:43:28,769 [    train.py:  198]:	Loss 0.0014, ('Ner Loss', 0.00023337657330557704),  ('CLS Classification Loss', 0.001196830184198916)
[INFO] 2022-09-29 23:43:28,769 [    train.py:  208]:	('Ner Acc', 0.9999125003814697),  ('CLS Classification Acc', 0.9996588826179504)
[INFO] 2022-09-29 23:43:31,861 [    train.py:  220]:	Evaluate:
[INFO] 2022-09-29 23:43:31,862 [    train.py:  227]:	Loss 0.1731, ('Ner Loss', 0.016709054),  ('CLS Classification Loss', 0.15634768)
[INFO] 2022-09-29 23:43:31,862 [    train.py:  228]:	('Ner Acc', 0.9979182), ('CLS Classification Acc', 0.981206)
[INFO] 2022-09-29 23:43:40,856 [    train.py:  237]:	Precision 0.614 Recall 0.629 F1 0.621
[INFO] 2022-09-29 23:45:10,023 [    train.py:  185]:	Epoch 76: 
[INFO] 2022-09-29 23:45:10,023 [    train.py:  186]:	Train:
[INFO] 2022-09-29 23:45:10,028 [    train.py:  198]:	Loss 0.0024, ('Ner Loss', 0.0003464370674919337),  ('CLS Classification Loss', 0.002083968138322234)
[INFO] 2022-09-29 23:45:10,028 [    train.py:  208]:	('Ner Acc', 0.9998775720596313),  ('CLS Classification Acc', 0.9994967579841614)
[INFO] 2022-09-29 23:45:12,976 [    train.py:  220]:	Evaluate:
[INFO] 2022-09-29 23:45:12,977 [    train.py:  227]:	Loss 0.1475, ('Ner Loss', 0.013975359),  ('CLS Classification Loss', 0.13356046)
[INFO] 2022-09-29 23:45:12,977 [    train.py:  228]:	('Ner Acc', 0.99803174), ('CLS Classification Acc', 0.98258066)
[INFO] 2022-09-29 23:45:22,014 [    train.py:  237]:	Precision 0.648 Recall 0.626 F1 0.637
[INFO] 2022-09-29 23:46:51,102 [    train.py:  185]:	Epoch 77: 
[INFO] 2022-09-29 23:46:51,102 [    train.py:  186]:	Train:
[INFO] 2022-09-29 23:46:51,110 [    train.py:  198]:	Loss 0.0010, ('Ner Loss', 0.00020709518867079169),  ('CLS Classification Loss', 0.0007889008847996593)
[INFO] 2022-09-29 23:46:51,110 [    train.py:  208]:	('Ner Acc', 0.999923586845398),  ('CLS Classification Acc', 0.9997725486755371)
[INFO] 2022-09-29 23:46:54,148 [    train.py:  220]:	Evaluate:
[INFO] 2022-09-29 23:46:54,148 [    train.py:  227]:	Loss 0.1512, ('Ner Loss', 0.014719106),  ('CLS Classification Loss', 0.13643713)
[INFO] 2022-09-29 23:46:54,149 [    train.py:  228]:	('Ner Acc', 0.9979603), ('CLS Classification Acc', 0.98166686)
[INFO] 2022-09-29 23:47:03,175 [    train.py:  237]:	Precision 0.623 Recall 0.645 F1 0.634
[INFO] 2022-09-29 23:48:33,029 [    train.py:  185]:	Epoch 78: 
[INFO] 2022-09-29 23:48:33,030 [    train.py:  186]:	Train:
[INFO] 2022-09-29 23:48:33,034 [    train.py:  198]:	Loss 0.0021, ('Ner Loss', 0.00031901506008580327),  ('CLS Classification Loss', 0.0017954400973394513)
[INFO] 2022-09-29 23:48:33,034 [    train.py:  208]:	('Ner Acc', 0.9998653531074524),  ('CLS Classification Acc', 0.9994320273399353)
[INFO] 2022-09-29 23:48:36,039 [    train.py:  220]:	Evaluate:
[INFO] 2022-09-29 23:48:36,040 [    train.py:  227]:	Loss 0.1493, ('Ner Loss', 0.013866044),  ('CLS Classification Loss', 0.13544877)
[INFO] 2022-09-29 23:48:36,040 [    train.py:  228]:	('Ner Acc', 0.9980372), ('CLS Classification Acc', 0.9818871)
[INFO] 2022-09-29 23:48:45,112 [    train.py:  237]:	Precision 0.629 Recall 0.639 F1 0.634
[INFO] 2022-09-29 23:50:15,411 [    train.py:  185]:	Epoch 79: 
[INFO] 2022-09-29 23:50:15,412 [    train.py:  186]:	Train:
[INFO] 2022-09-29 23:50:15,414 [    train.py:  198]:	Loss 0.0009, ('Ner Loss', 0.00022759077546652406),  ('CLS Classification Loss', 0.0006412219372577965)
[INFO] 2022-09-29 23:50:15,415 [    train.py:  208]:	('Ner Acc', 0.9999106526374817),  ('CLS Classification Acc', 0.999805212020874)
[INFO] 2022-09-29 23:50:18,389 [    train.py:  220]:	Evaluate:
[INFO] 2022-09-29 23:50:18,389 [    train.py:  227]:	Loss 0.1516, ('Ner Loss', 0.014253924),  ('CLS Classification Loss', 0.13733597)
[INFO] 2022-09-29 23:50:18,390 [    train.py:  228]:	('Ner Acc', 0.99802285), ('CLS Classification Acc', 0.9828424)
[INFO] 2022-09-29 23:50:27,549 [    train.py:  237]:	Precision 0.652 Recall 0.629 F1 0.640
[INFO] 2022-09-29 23:51:56,483 [    train.py:  185]:	Epoch 80: 
[INFO] 2022-09-29 23:51:56,484 [    train.py:  186]:	Train:
[INFO] 2022-09-29 23:51:56,491 [    train.py:  198]:	Loss 0.0010, ('Ner Loss', 0.0001882706128526479),  ('CLS Classification Loss', 0.0007856580778025091)
[INFO] 2022-09-29 23:51:56,491 [    train.py:  208]:	('Ner Acc', 0.9999237060546875),  ('CLS Classification Acc', 0.9997726082801819)
[INFO] 2022-09-29 23:51:59,481 [    train.py:  220]:	Evaluate:
[INFO] 2022-09-29 23:51:59,481 [    train.py:  227]:	Loss 0.1509, ('Ner Loss', 0.014443335),  ('CLS Classification Loss', 0.13642928)
[INFO] 2022-09-29 23:51:59,482 [    train.py:  228]:	('Ner Acc', 0.99796695), ('CLS Classification Acc', 0.981613)
[INFO] 2022-09-29 23:52:08,599 [    train.py:  237]:	Precision 0.628 Recall 0.644 F1 0.636
[INFO] 2022-09-29 23:53:38,344 [    train.py:  185]:	Epoch 81: 
[INFO] 2022-09-29 23:53:38,344 [    train.py:  186]:	Train:
[INFO] 2022-09-29 23:53:38,349 [    train.py:  198]:	Loss 0.0009, ('Ner Loss', 0.00019961543148383498),  ('CLS Classification Loss', 0.0006623711669817567)
[INFO] 2022-09-29 23:53:38,349 [    train.py:  208]:	('Ner Acc', 0.9999175667762756),  ('CLS Classification Acc', 0.9998132586479187)
[INFO] 2022-09-29 23:53:41,264 [    train.py:  220]:	Evaluate:
[INFO] 2022-09-29 23:53:41,264 [    train.py:  227]:	Loss 0.1581, ('Ner Loss', 0.014157944),  ('CLS Classification Loss', 0.14395225)
[INFO] 2022-09-29 23:53:41,264 [    train.py:  228]:	('Ner Acc', 0.9979421), ('CLS Classification Acc', 0.98143023)
[INFO] 2022-09-29 23:53:50,548 [    train.py:  237]:	Precision 0.618 Recall 0.632 F1 0.625
[INFO] 2022-09-29 23:55:20,338 [    train.py:  185]:	Epoch 82: 
[INFO] 2022-09-29 23:55:20,339 [    train.py:  186]:	Train:
[INFO] 2022-09-29 23:55:20,342 [    train.py:  198]:	Loss 0.0011, ('Ner Loss', 0.0002066417073365301),  ('CLS Classification Loss', 0.0008919532992877066)
[INFO] 2022-09-29 23:55:20,342 [    train.py:  208]:	('Ner Acc', 0.9999192357063293),  ('CLS Classification Acc', 0.9997076392173767)
[INFO] 2022-09-29 23:55:23,380 [    train.py:  220]:	Evaluate:
[INFO] 2022-09-29 23:55:23,381 [    train.py:  227]:	Loss 0.1607, ('Ner Loss', 0.015478396),  ('CLS Classification Loss', 0.1452569)
[INFO] 2022-09-29 23:55:23,381 [    train.py:  228]:	('Ner Acc', 0.9980315), ('CLS Classification Acc', 0.98120177)
[INFO] 2022-09-29 23:55:32,673 [    train.py:  237]:	Precision 0.616 Recall 0.632 F1 0.624
[INFO] 2022-09-29 23:57:00,756 [    train.py:  185]:	Epoch 83: 
[INFO] 2022-09-29 23:57:00,756 [    train.py:  186]:	Train:
[INFO] 2022-09-29 23:57:00,759 [    train.py:  198]:	Loss 0.0017, ('Ner Loss', 0.00029974410426802933),  ('CLS Classification Loss', 0.0014222783502191305)
[INFO] 2022-09-29 23:57:00,760 [    train.py:  208]:	('Ner Acc', 0.9999139308929443),  ('CLS Classification Acc', 0.9996752142906189)
[INFO] 2022-09-29 23:57:03,834 [    train.py:  220]:	Evaluate:
[INFO] 2022-09-29 23:57:03,834 [    train.py:  227]:	Loss 0.1581, ('Ner Loss', 0.014201728),  ('CLS Classification Loss', 0.14390486)
[INFO] 2022-09-29 23:57:03,834 [    train.py:  228]:	('Ner Acc', 0.99803585), ('CLS Classification Acc', 0.9813969)
[INFO] 2022-09-29 23:57:12,959 [    train.py:  237]:	Precision 0.644 Recall 0.624 F1 0.634
[INFO] 2022-09-29 23:58:42,715 [    train.py:  185]:	Epoch 84: 
[INFO] 2022-09-29 23:58:42,716 [    train.py:  186]:	Train:
[INFO] 2022-09-29 23:58:42,719 [    train.py:  198]:	Loss 0.0007, ('Ner Loss', 0.00018119542801287025),  ('CLS Classification Loss', 0.0005313994479365647)
[INFO] 2022-09-29 23:58:42,719 [    train.py:  208]:	('Ner Acc', 0.9999313354492188),  ('CLS Classification Acc', 0.9998051524162292)
[INFO] 2022-09-29 23:58:45,772 [    train.py:  220]:	Evaluate:
[INFO] 2022-09-29 23:58:45,773 [    train.py:  227]:	Loss 0.1667, ('Ner Loss', 0.014640258),  ('CLS Classification Loss', 0.15206742)
[INFO] 2022-09-29 23:58:45,773 [    train.py:  228]:	('Ner Acc', 0.998083), ('CLS Classification Acc', 0.98248523)
[INFO] 2022-09-29 23:58:54,789 [    train.py:  237]:	Precision 0.655 Recall 0.632 F1 0.643
[INFO] 2022-09-30 00:00:25,440 [    train.py:  185]:	Epoch 85: 
[INFO] 2022-09-30 00:00:25,441 [    train.py:  186]:	Train:
[INFO] 2022-09-30 00:00:25,444 [    train.py:  198]:	Loss 0.0008, ('Ner Loss', 0.0001891205902211368),  ('CLS Classification Loss', 0.0005633244873024523)
[INFO] 2022-09-30 00:00:25,444 [    train.py:  208]:	('Ner Acc', 0.9999372959136963),  ('CLS Classification Acc', 0.9998294711112976)
[INFO] 2022-09-30 00:00:28,457 [    train.py:  220]:	Evaluate:
[INFO] 2022-09-30 00:00:28,458 [    train.py:  227]:	Loss 0.1559, ('Ner Loss', 0.013428475),  ('CLS Classification Loss', 0.14251958)
[INFO] 2022-09-30 00:00:28,458 [    train.py:  228]:	('Ner Acc', 0.99806905), ('CLS Classification Acc', 0.98211974)
[INFO] 2022-09-30 00:00:37,466 [    train.py:  237]:	Precision 0.639 Recall 0.634 F1 0.637
[INFO] 2022-09-30 00:02:06,810 [    train.py:  185]:	Epoch 86: 
[INFO] 2022-09-30 00:02:06,811 [    train.py:  186]:	Train:
[INFO] 2022-09-30 00:02:06,813 [    train.py:  198]:	Loss 0.0008, ('Ner Loss', 0.00019102035730611533),  ('CLS Classification Loss', 0.0005864103441126645)
[INFO] 2022-09-30 00:02:06,814 [    train.py:  208]:	('Ner Acc', 0.9999244213104248),  ('CLS Classification Acc', 0.9998131990432739)
[INFO] 2022-09-30 00:02:09,735 [    train.py:  220]:	Evaluate:
[INFO] 2022-09-30 00:02:09,735 [    train.py:  227]:	Loss 0.1668, ('Ner Loss', 0.014937552),  ('CLS Classification Loss', 0.15185106)
[INFO] 2022-09-30 00:02:09,735 [    train.py:  228]:	('Ner Acc', 0.99800414), ('CLS Classification Acc', 0.9818912)
[INFO] 2022-09-30 00:02:18,853 [    train.py:  237]:	Precision 0.622 Recall 0.648 F1 0.635
[INFO] 2022-09-30 00:03:48,058 [    train.py:  185]:	Epoch 87: 
[INFO] 2022-09-30 00:03:48,059 [    train.py:  186]:	Train:
[INFO] 2022-09-30 00:03:48,063 [    train.py:  198]:	Loss 0.0006, ('Ner Loss', 0.00012433248048182577),  ('CLS Classification Loss', 0.0004408489039633423)
[INFO] 2022-09-30 00:03:48,063 [    train.py:  208]:	('Ner Acc', 0.9999575018882751),  ('CLS Classification Acc', 0.9998944997787476)
[INFO] 2022-09-30 00:03:51,137 [    train.py:  220]:	Evaluate:
[INFO] 2022-09-30 00:03:51,138 [    train.py:  227]:	Loss 0.1685, ('Ner Loss', 0.015430822),  ('CLS Classification Loss', 0.15303674)
[INFO] 2022-09-30 00:03:51,138 [    train.py:  228]:	('Ner Acc', 0.9980778), ('CLS Classification Acc', 0.98153406)
[INFO] 2022-09-30 00:04:00,077 [    train.py:  237]:	Precision 0.645 Recall 0.639 F1 0.642
[INFO] 2022-09-30 00:05:30,046 [    train.py:  185]:	Epoch 88: 
[INFO] 2022-09-30 00:05:30,046 [    train.py:  186]:	Train:
[INFO] 2022-09-30 00:05:30,048 [    train.py:  198]:	Loss 0.0013, ('Ner Loss', 0.00020050312741659582),  ('CLS Classification Loss', 0.0010925813112407923)
[INFO] 2022-09-30 00:05:30,049 [    train.py:  208]:	('Ner Acc', 0.9999316334724426),  ('CLS Classification Acc', 0.9996996521949768)
[INFO] 2022-09-30 00:05:33,097 [    train.py:  220]:	Evaluate:
[INFO] 2022-09-30 00:05:33,098 [    train.py:  227]:	Loss 0.1707, ('Ner Loss', 0.015730973),  ('CLS Classification Loss', 0.15496847)
[INFO] 2022-09-30 00:05:33,098 [    train.py:  228]:	('Ner Acc', 0.9979759), ('CLS Classification Acc', 0.98125166)
[INFO] 2022-09-30 00:05:42,264 [    train.py:  237]:	Precision 0.628 Recall 0.650 F1 0.639
[INFO] 2022-09-30 00:07:12,101 [    train.py:  185]:	Epoch 89: 
[INFO] 2022-09-30 00:07:12,102 [    train.py:  186]:	Train:
[INFO] 2022-09-30 00:07:12,106 [    train.py:  198]:	Loss 0.0014, ('Ner Loss', 0.00019020865147467703),  ('CLS Classification Loss', 0.0011682918993756175)
[INFO] 2022-09-30 00:07:12,106 [    train.py:  208]:	('Ner Acc', 0.9999203681945801),  ('CLS Classification Acc', 0.9997645616531372)
[INFO] 2022-09-30 00:07:15,106 [    train.py:  220]:	Evaluate:
[INFO] 2022-09-30 00:07:15,107 [    train.py:  227]:	Loss 0.1638, ('Ner Loss', 0.015517356),  ('CLS Classification Loss', 0.14828284)
[INFO] 2022-09-30 00:07:15,107 [    train.py:  228]:	('Ner Acc', 0.9980344), ('CLS Classification Acc', 0.9821654)
[INFO] 2022-09-30 00:07:24,148 [    train.py:  237]:	Precision 0.641 Recall 0.640 F1 0.641
[INFO] 2022-09-30 00:08:53,313 [    train.py:  185]:	Epoch 90: 
[INFO] 2022-09-30 00:08:53,313 [    train.py:  186]:	Train:
[INFO] 2022-09-30 00:08:53,316 [    train.py:  198]:	Loss 0.0010, ('Ner Loss', 0.00014199539145920426),  ('CLS Classification Loss', 0.0008599702268838882)
[INFO] 2022-09-30 00:08:53,316 [    train.py:  208]:	('Ner Acc', 0.9999495148658752),  ('CLS Classification Acc', 0.9997726082801819)
[INFO] 2022-09-30 00:08:56,317 [    train.py:  220]:	Evaluate:
[INFO] 2022-09-30 00:08:56,318 [    train.py:  227]:	Loss 0.1688, ('Ner Loss', 0.015501171),  ('CLS Classification Loss', 0.15334459)
[INFO] 2022-09-30 00:08:56,318 [    train.py:  228]:	('Ner Acc', 0.9980322), ('CLS Classification Acc', 0.9818912)
[INFO] 2022-09-30 00:09:05,374 [    train.py:  237]:	Precision 0.641 Recall 0.631 F1 0.636
[INFO] 2022-09-30 00:10:35,276 [    train.py:  185]:	Epoch 91: 
[INFO] 2022-09-30 00:10:35,277 [    train.py:  186]:	Train:
[INFO] 2022-09-30 00:10:35,280 [    train.py:  198]:	Loss 0.0008, ('Ner Loss', 0.0002863433910533786),  ('CLS Classification Loss', 0.0005278292228467762)
[INFO] 2022-09-30 00:10:35,280 [    train.py:  208]:	('Ner Acc', 0.999925434589386),  ('CLS Classification Acc', 0.999902606010437)
[INFO] 2022-09-30 00:10:38,286 [    train.py:  220]:	Evaluate:
[INFO] 2022-09-30 00:10:38,287 [    train.py:  227]:	Loss 0.1663, ('Ner Loss', 0.014300379),  ('CLS Classification Loss', 0.15195605)
[INFO] 2022-09-30 00:10:38,287 [    train.py:  228]:	('Ner Acc', 0.9980831), ('CLS Classification Acc', 0.9825309)
[INFO] 2022-09-30 00:10:47,551 [    train.py:  237]:	Precision 0.649 Recall 0.645 F1 0.647
[INFO] 2022-09-30 00:12:17,216 [    train.py:  185]:	Epoch 92: 
[INFO] 2022-09-30 00:12:17,217 [    train.py:  186]:	Train:
[INFO] 2022-09-30 00:12:17,222 [    train.py:  198]:	Loss 0.0004, ('Ner Loss', 0.00014030688907951117),  ('CLS Classification Loss', 0.00021973128605168313)
[INFO] 2022-09-30 00:12:17,222 [    train.py:  208]:	('Ner Acc', 0.9999503493309021),  ('CLS Classification Acc', 0.9999430775642395)
[INFO] 2022-09-30 00:12:20,182 [    train.py:  220]:	Evaluate:
[INFO] 2022-09-30 00:12:20,182 [    train.py:  227]:	Loss 0.1786, ('Ner Loss', 0.015433757),  ('CLS Classification Loss', 0.16319744)
[INFO] 2022-09-30 00:12:20,183 [    train.py:  228]:	('Ner Acc', 0.9980746), ('CLS Classification Acc', 0.9825765)
[INFO] 2022-09-30 00:12:28,836 [    train.py:  237]:	Precision 0.647 Recall 0.648 F1 0.648
[INFO] 2022-09-30 00:13:37,945 [    train.py:  185]:	Epoch 93: 
[INFO] 2022-09-30 00:13:37,946 [    train.py:  186]:	Train:
[INFO] 2022-09-30 00:13:37,952 [    train.py:  198]:	Loss 0.0002, ('Ner Loss', 9.728109580464661e-05),  ('CLS Classification Loss', 7.890335109550506e-05)
[INFO] 2022-09-30 00:13:37,953 [    train.py:  208]:	('Ner Acc', 0.9999678134918213),  ('CLS Classification Acc', 0.9999675154685974)
[INFO] 2022-09-30 00:13:40,349 [    train.py:  220]:	Evaluate:
[INFO] 2022-09-30 00:13:40,349 [    train.py:  227]:	Loss 0.1984, ('Ner Loss', 0.016067486),  ('CLS Classification Loss', 0.18232699)
[INFO] 2022-09-30 00:13:40,350 [    train.py:  228]:	('Ner Acc', 0.9980552), ('CLS Classification Acc', 0.98207396)
[INFO] 2022-09-30 00:13:49,593 [    train.py:  237]:	Precision 0.636 Recall 0.659 F1 0.647
[INFO] 2022-09-30 00:15:10,052 [    train.py:  185]:	Epoch 94: 
[INFO] 2022-09-30 00:15:10,054 [    train.py:  186]:	Train:
[INFO] 2022-09-30 00:15:10,061 [    train.py:  198]:	Loss 0.0005, ('Ner Loss', 0.00012555271678138524),  ('CLS Classification Loss', 0.0003912269021384418)
[INFO] 2022-09-30 00:15:10,061 [    train.py:  208]:	('Ner Acc', 0.9999480247497559),  ('CLS Classification Acc', 0.9998700022697449)
[INFO] 2022-09-30 00:15:13,135 [    train.py:  220]:	Evaluate:
[INFO] 2022-09-30 00:15:13,136 [    train.py:  227]:	Loss 0.1804, ('Ner Loss', 0.015434463),  ('CLS Classification Loss', 0.16500062)
[INFO] 2022-09-30 00:15:13,136 [    train.py:  228]:	('Ner Acc', 0.9979516), ('CLS Classification Acc', 0.9813969)
[INFO] 2022-09-30 00:15:22,272 [    train.py:  237]:	Precision 0.637 Recall 0.636 F1 0.636
[INFO] 2022-09-30 00:16:52,072 [    train.py:  185]:	Epoch 95: 
[INFO] 2022-09-30 00:16:52,073 [    train.py:  186]:	Train:
[INFO] 2022-09-30 00:16:52,078 [    train.py:  198]:	Loss 0.0011, ('Ner Loss', 0.00022898691531736404),  ('CLS Classification Loss', 0.0008850190206430852)
[INFO] 2022-09-30 00:16:52,079 [    train.py:  208]:	('Ner Acc', 0.9999232292175293),  ('CLS Classification Acc', 0.9997159242630005)
[INFO] 2022-09-30 00:16:55,063 [    train.py:  220]:	Evaluate:
[INFO] 2022-09-30 00:16:55,064 [    train.py:  227]:	Loss 0.1623, ('Ner Loss', 0.012980997),  ('CLS Classification Loss', 0.14928003)
[INFO] 2022-09-30 00:16:55,064 [    train.py:  228]:	('Ner Acc', 0.99804515), ('CLS Classification Acc', 0.9826223)
[INFO] 2022-09-30 00:17:04,125 [    train.py:  237]:	Precision 0.657 Recall 0.643 F1 0.650
[INFO] 2022-09-30 00:18:32,955 [    train.py:  185]:	Epoch 96: 
[INFO] 2022-09-30 00:18:32,955 [    train.py:  186]:	Train:
[INFO] 2022-09-30 00:18:32,957 [    train.py:  198]:	Loss 0.0014, ('Ner Loss', 0.0002280330372741446),  ('CLS Classification Loss', 0.0011623309692367911)
[INFO] 2022-09-30 00:18:32,958 [    train.py:  208]:	('Ner Acc', 0.9999161958694458),  ('CLS Classification Acc', 0.9996588826179504)
[INFO] 2022-09-30 00:18:35,903 [    train.py:  220]:	Evaluate:
[INFO] 2022-09-30 00:18:35,904 [    train.py:  227]:	Loss 0.1601, ('Ner Loss', 0.013629554),  ('CLS Classification Loss', 0.14648986)
[INFO] 2022-09-30 00:18:35,904 [    train.py:  228]:	('Ner Acc', 0.9979666), ('CLS Classification Acc', 0.98139703)
[INFO] 2022-09-30 00:18:44,904 [    train.py:  237]:	Precision 0.631 Recall 0.660 F1 0.645
[INFO] 2022-09-30 00:20:14,473 [    train.py:  185]:	Epoch 97: 
[INFO] 2022-09-30 00:20:14,473 [    train.py:  186]:	Train:
[INFO] 2022-09-30 00:20:14,476 [    train.py:  198]:	Loss 0.0016, ('Ner Loss', 0.00020579788542818278),  ('CLS Classification Loss', 0.0014353361912071705)
[INFO] 2022-09-30 00:20:14,476 [    train.py:  208]:	('Ner Acc', 0.9999210834503174),  ('CLS Classification Acc', 0.9996508955955505)
[INFO] 2022-09-30 00:20:17,461 [    train.py:  220]:	Evaluate:
[INFO] 2022-09-30 00:20:17,461 [    train.py:  227]:	Loss 0.1535, ('Ner Loss', 0.013943195),  ('CLS Classification Loss', 0.1395826)
[INFO] 2022-09-30 00:20:17,462 [    train.py:  228]:	('Ner Acc', 0.99800986), ('CLS Classification Acc', 0.9819452)
[INFO] 2022-09-30 00:20:26,783 [    train.py:  237]:	Precision 0.642 Recall 0.637 F1 0.639
[INFO] 2022-09-30 00:21:57,380 [    train.py:  185]:	Epoch 98: 
[INFO] 2022-09-30 00:21:57,380 [    train.py:  186]:	Train:
[INFO] 2022-09-30 00:21:57,383 [    train.py:  198]:	Loss 0.0018, ('Ner Loss', 0.00026372179854661226),  ('CLS Classification Loss', 0.001573091372847557)
[INFO] 2022-09-30 00:21:57,383 [    train.py:  208]:	('Ner Acc', 0.9999021291732788),  ('CLS Classification Acc', 0.9996105432510376)
[INFO] 2022-09-30 00:22:00,377 [    train.py:  220]:	Evaluate:
[INFO] 2022-09-30 00:22:00,377 [    train.py:  227]:	Loss 0.1607, ('Ner Loss', 0.012764019),  ('CLS Classification Loss', 0.14795633)
[INFO] 2022-09-30 00:22:00,377 [    train.py:  228]:	('Ner Acc', 0.9980343), ('CLS Classification Acc', 0.9827137)
[INFO] 2022-09-30 00:22:09,307 [    train.py:  237]:	Precision 0.646 Recall 0.653 F1 0.649
[INFO] 2022-09-30 00:23:38,417 [    train.py:  185]:	Epoch 99: 
[INFO] 2022-09-30 00:23:38,418 [    train.py:  186]:	Train:
[INFO] 2022-09-30 00:23:38,422 [    train.py:  198]:	Loss 0.0005, ('Ner Loss', 0.0001072178638423793),  ('CLS Classification Loss', 0.000376203068299219)
[INFO] 2022-09-30 00:23:38,422 [    train.py:  208]:	('Ner Acc', 0.9999598860740662),  ('CLS Classification Acc', 0.9999105930328369)
[INFO] 2022-09-30 00:23:41,493 [    train.py:  220]:	Evaluate:
[INFO] 2022-09-30 00:23:41,494 [    train.py:  227]:	Loss 0.1680, ('Ner Loss', 0.014014991),  ('CLS Classification Loss', 0.15396143)
[INFO] 2022-09-30 00:23:41,494 [    train.py:  228]:	('Ner Acc', 0.99799305), ('CLS Classification Acc', 0.9815797)
[INFO] 2022-09-30 00:23:50,648 [    train.py:  237]:	Precision 0.655 Recall 0.634 F1 0.645
[INFO] 2022-09-30 00:25:20,414 [    train.py:  185]:	Epoch 100: 
[INFO] 2022-09-30 00:25:20,415 [    train.py:  186]:	Train:
[INFO] 2022-09-30 00:25:20,418 [    train.py:  198]:	Loss 0.0010, ('Ner Loss', 0.0001221712736878544),  ('CLS Classification Loss', 0.0008597648120485246)
[INFO] 2022-09-30 00:25:20,418 [    train.py:  208]:	('Ner Acc', 0.999955415725708),  ('CLS Classification Acc', 0.9997805953025818)
[INFO] 2022-09-30 00:25:23,452 [    train.py:  220]:	Evaluate:
[INFO] 2022-09-30 00:25:23,453 [    train.py:  227]:	Loss 0.1568, ('Ner Loss', 0.014300304),  ('CLS Classification Loss', 0.14252436)
[INFO] 2022-09-30 00:25:23,453 [    train.py:  228]:	('Ner Acc', 0.99799013), ('CLS Classification Acc', 0.98080724)
[INFO] 2022-09-30 00:25:33,000 [    train.py:  237]:	Precision 0.634 Recall 0.636 F1 0.635
[INFO] 2022-09-30 00:25:33,001 [    train.py:  257]:	Best Epoch 95; Best f1 0.6497939964685109 precision 0.6571428571428571 recall 0.6426076833527358;
