[INFO] 2022-09-29 00:54:20,502 [    train.py:  509]:	Namespace(block_att_head_num=1, cased=True, d_block=64, data_aug=2, dataset='res16', do_test=True, do_train=True, do_valid=True, drop_null_data=True, dropout_rate=0.3, epochs=100, extra_attention=True, fuse_strategy='update', init_model_dir='', language='en', loss_ratio=1.0, lr=2e-05, mask_sb=True, model_type='end_to_end', output_dir='./output', save_dir='', schema='BIO', task_name='ttee_res16_100epoch_64d_2aug_2e-5lr_cased_0.3dropout_dropnull_1loss_BIO', test_batch_size=32, train_batch_size=16, valid_freq=1)
[INFO] 2022-09-29 00:54:32,462 [    train.py:  119]:	{'init_bert_model': 'bert-base-cased', 'sentence_b': DictWrapper({'texts': ListWrapper(['general of ambience', 'price of drinks', 'quality of drinks', 'style options of drinks', 'prices of food', 'quality of food', 'style options of food', 'general of location', 'general of restaurant', 'miscellaneous of restaurant', 'prices of restaurant', 'general of service']), 'sentiments': ListWrapper(['negative', 'neutral', 'positive'])}), 'num_sentiment_classes': 3, 'subblock_hidden_size': 64, 'subblock_head_num': 1, 'cache_dir': 'bert_models/bert-base-cased', 'fuse_strategy': 'update', 'tagging_schema': 'BIO', 'extra_attention': True, 'dropout': 0.3, 'loss_ratio': 1.0}
[INFO] 2022-09-29 00:54:32,462 [    train.py:  121]:	Number of Train Sentence: 1708
[INFO] 2022-09-29 00:54:32,472 [    train.py:  526]:	Data augment: Merge 2 train data together
[INFO] 2022-09-29 00:56:11,056 [    train.py:  185]:	Epoch 1: 
[INFO] 2022-09-29 00:56:11,057 [    train.py:  186]:	Train:
[INFO] 2022-09-29 00:56:11,066 [    train.py:  198]:	Loss 0.3424, ('Ner Loss', 0.10027466714382172),  ('CLS Classification Loss', 0.24214321374893188)
[INFO] 2022-09-29 00:56:11,067 [    train.py:  208]:	('Ner Acc', 0.968954861164093),  ('CLS Classification Acc', 0.9233187437057495)
[INFO] 2022-09-29 00:56:16,211 [    train.py:  220]:	Evaluate:
[INFO] 2022-09-29 00:56:16,212 [    train.py:  227]:	Loss 0.1571, ('Ner Loss', 0.028276293),  ('CLS Classification Loss', 0.12879974)
[INFO] 2022-09-29 00:56:16,212 [    train.py:  228]:	('Ner Acc', 0.9962898), ('CLS Classification Acc', 0.9642063)
[INFO] 2022-09-29 00:56:27,371 [    train.py:  237]:	Precision 0.000 Recall 0.000 F1 0.000
[INFO] 2022-09-29 00:57:31,937 [    train.py:  185]:	Epoch 2: 
[INFO] 2022-09-29 00:57:31,938 [    train.py:  186]:	Train:
[INFO] 2022-09-29 00:57:31,940 [    train.py:  198]:	Loss 0.2103, ('Ner Loss', 0.026971779763698578),  ('CLS Classification Loss', 0.18337011337280273)
[INFO] 2022-09-29 00:57:31,940 [    train.py:  208]:	('Ner Acc', 0.9963092803955078),  ('CLS Classification Acc', 0.9377435445785522)
[INFO] 2022-09-29 00:57:34,232 [    train.py:  220]:	Evaluate:
[INFO] 2022-09-29 00:57:34,233 [    train.py:  227]:	Loss 0.1425, ('Ner Loss', 0.02189721),  ('CLS Classification Loss', 0.12061818)
[INFO] 2022-09-29 00:57:34,233 [    train.py:  228]:	('Ner Acc', 0.9962898), ('CLS Classification Acc', 0.9645219)
[INFO] 2022-09-29 00:57:42,817 [    train.py:  237]:	Precision 0.054 Recall 0.002 F1 0.004
[INFO] 2022-09-29 00:58:46,623 [    train.py:  185]:	Epoch 3: 
[INFO] 2022-09-29 00:58:46,624 [    train.py:  186]:	Train:
[INFO] 2022-09-29 00:58:46,627 [    train.py:  198]:	Loss 0.1995, ('Ner Loss', 0.023167431354522705),  ('CLS Classification Loss', 0.17629416286945343)
[INFO] 2022-09-29 00:58:46,627 [    train.py:  208]:	('Ner Acc', 0.9963060617446899),  ('CLS Classification Acc', 0.9395685195922852)
[INFO] 2022-09-29 00:58:48,872 [    train.py:  220]:	Evaluate:
[INFO] 2022-09-29 00:58:48,873 [    train.py:  227]:	Loss 0.1401, ('Ner Loss', 0.019352037),  ('CLS Classification Loss', 0.12074883)
[INFO] 2022-09-29 00:58:48,873 [    train.py:  228]:	('Ner Acc', 0.9962898), ('CLS Classification Acc', 0.9643433)
[INFO] 2022-09-29 00:58:57,148 [    train.py:  237]:	Precision 0.000 Recall 0.000 F1 0.000
[INFO] 2022-09-29 01:00:01,429 [    train.py:  185]:	Epoch 4: 
[INFO] 2022-09-29 01:00:01,430 [    train.py:  186]:	Train:
[INFO] 2022-09-29 01:00:01,433 [    train.py:  198]:	Loss 0.1903, ('Ner Loss', 0.02021883800625801),  ('CLS Classification Loss', 0.1701250523328781)
[INFO] 2022-09-29 01:00:01,433 [    train.py:  208]:	('Ner Acc', 0.9962945580482483),  ('CLS Classification Acc', 0.9419049620628357)
[INFO] 2022-09-29 01:00:03,677 [    train.py:  220]:	Evaluate:
[INFO] 2022-09-29 01:00:03,678 [    train.py:  227]:	Loss 0.1339, ('Ner Loss', 0.016670216),  ('CLS Classification Loss', 0.11721162)
[INFO] 2022-09-29 01:00:03,678 [    train.py:  228]:	('Ner Acc', 0.9962898), ('CLS Classification Acc', 0.9642063)
[INFO] 2022-09-29 01:00:11,800 [    train.py:  237]:	Precision 0.000 Recall 0.000 F1 0.000
[INFO] 2022-09-29 01:01:15,507 [    train.py:  185]:	Epoch 5: 
[INFO] 2022-09-29 01:01:15,507 [    train.py:  186]:	Train:
[INFO] 2022-09-29 01:01:15,511 [    train.py:  198]:	Loss 0.1782, ('Ner Loss', 0.017056236043572426),  ('CLS Classification Loss', 0.16114011406898499)
[INFO] 2022-09-29 01:01:15,511 [    train.py:  208]:	('Ner Acc', 0.9963136911392212),  ('CLS Classification Acc', 0.9440715909004211)
[INFO] 2022-09-29 01:01:17,766 [    train.py:  220]:	Evaluate:
[INFO] 2022-09-29 01:01:17,767 [    train.py:  227]:	Loss 0.1241, ('Ner Loss', 0.014976272),  ('CLS Classification Loss', 0.10913297)
[INFO] 2022-09-29 01:01:17,767 [    train.py:  228]:	('Ner Acc', 0.9962814), ('CLS Classification Acc', 0.96756625)
[INFO] 2022-09-29 01:01:26,010 [    train.py:  237]:	Precision 0.055 Recall 0.010 F1 0.018
[INFO] 2022-09-29 01:02:30,445 [    train.py:  185]:	Epoch 6: 
[INFO] 2022-09-29 01:02:30,446 [    train.py:  186]:	Train:
[INFO] 2022-09-29 01:02:30,453 [    train.py:  198]:	Loss 0.1605, ('Ner Loss', 0.015536346472799778),  ('CLS Classification Loss', 0.1449594348669052)
[INFO] 2022-09-29 01:02:30,454 [    train.py:  208]:	('Ner Acc', 0.9962838292121887),  ('CLS Classification Acc', 0.9476569294929504)
[INFO] 2022-09-29 01:02:32,715 [    train.py:  220]:	Evaluate:
[INFO] 2022-09-29 01:02:32,716 [    train.py:  227]:	Loss 0.1131, ('Ner Loss', 0.014822737),  ('CLS Classification Loss', 0.09829502)
[INFO] 2022-09-29 01:02:32,716 [    train.py:  228]:	('Ner Acc', 0.9960993), ('CLS Classification Acc', 0.96998346)
[INFO] 2022-09-29 01:02:41,062 [    train.py:  237]:	Precision 0.051 Recall 0.014 F1 0.022
[INFO] 2022-09-29 01:03:45,248 [    train.py:  185]:	Epoch 7: 
[INFO] 2022-09-29 01:03:45,248 [    train.py:  186]:	Train:
[INFO] 2022-09-29 01:03:45,252 [    train.py:  198]:	Loss 0.1456, ('Ner Loss', 0.014385276474058628),  ('CLS Classification Loss', 0.13118976354599)
[INFO] 2022-09-29 01:03:45,252 [    train.py:  208]:	('Ner Acc', 0.9963089227676392),  ('CLS Classification Acc', 0.9510647654533386)
[INFO] 2022-09-29 01:03:47,490 [    train.py:  220]:	Evaluate:
[INFO] 2022-09-29 01:03:47,490 [    train.py:  227]:	Loss 0.1052, ('Ner Loss', 0.01267547),  ('CLS Classification Loss', 0.09251684)
[INFO] 2022-09-29 01:03:47,490 [    train.py:  228]:	('Ner Acc', 0.9962898), ('CLS Classification Acc', 0.9700335)
[INFO] 2022-09-29 01:03:55,702 [    train.py:  237]:	Precision 0.061 Recall 0.015 F1 0.024
[INFO] 2022-09-29 01:04:59,464 [    train.py:  185]:	Epoch 8: 
[INFO] 2022-09-29 01:04:59,464 [    train.py:  186]:	Train:
[INFO] 2022-09-29 01:04:59,469 [    train.py:  198]:	Loss 0.1359, ('Ner Loss', 0.012664138339459896),  ('CLS Classification Loss', 0.12322717159986496)
[INFO] 2022-09-29 01:04:59,469 [    train.py:  208]:	('Ner Acc', 0.9964730739593506),  ('CLS Classification Acc', 0.9529542326927185)
[INFO] 2022-09-29 01:05:01,745 [    train.py:  220]:	Evaluate:
[INFO] 2022-09-29 01:05:01,746 [    train.py:  227]:	Loss 0.1024, ('Ner Loss', 0.011948993),  ('CLS Classification Loss', 0.090477996)
[INFO] 2022-09-29 01:05:01,746 [    train.py:  228]:	('Ner Acc', 0.9966233), ('CLS Classification Acc', 0.9715327)
[INFO] 2022-09-29 01:05:10,027 [    train.py:  237]:	Precision 0.192 Recall 0.064 F1 0.096
[INFO] 2022-09-29 01:06:14,102 [    train.py:  185]:	Epoch 9: 
[INFO] 2022-09-29 01:06:14,103 [    train.py:  186]:	Train:
[INFO] 2022-09-29 01:06:14,106 [    train.py:  198]:	Loss 0.1253, ('Ner Loss', 0.011475921608507633),  ('CLS Classification Loss', 0.11382186412811279)
[INFO] 2022-09-29 01:06:14,106 [    train.py:  208]:	('Ner Acc', 0.9967672228813171),  ('CLS Classification Acc', 0.95653235912323)
[INFO] 2022-09-29 01:06:16,348 [    train.py:  220]:	Evaluate:
[INFO] 2022-09-29 01:06:16,349 [    train.py:  227]:	Loss 0.0960, ('Ner Loss', 0.011019391),  ('CLS Classification Loss', 0.08501066)
[INFO] 2022-09-29 01:06:16,349 [    train.py:  228]:	('Ner Acc', 0.9971439), ('CLS Classification Acc', 0.9731733)
[INFO] 2022-09-29 01:06:24,647 [    train.py:  237]:	Precision 0.430 Recall 0.157 F1 0.230
[INFO] 2022-09-29 01:07:28,518 [    train.py:  185]:	Epoch 10: 
[INFO] 2022-09-29 01:07:28,519 [    train.py:  186]:	Train:
[INFO] 2022-09-29 01:07:28,522 [    train.py:  198]:	Loss 0.1112, ('Ner Loss', 0.010009406134486198),  ('CLS Classification Loss', 0.10119069367647171)
[INFO] 2022-09-29 01:07:28,522 [    train.py:  208]:	('Ner Acc', 0.9969272613525391),  ('CLS Classification Acc', 0.9616188406944275)
[INFO] 2022-09-29 01:07:30,826 [    train.py:  220]:	Evaluate:
[INFO] 2022-09-29 01:07:30,826 [    train.py:  227]:	Loss 0.0867, ('Ner Loss', 0.010116152),  ('CLS Classification Loss', 0.07663362)
[INFO] 2022-09-29 01:07:30,827 [    train.py:  228]:	('Ner Acc', 0.99718535), ('CLS Classification Acc', 0.97709405)
[INFO] 2022-09-29 01:07:39,356 [    train.py:  237]:	Precision 0.385 Recall 0.226 F1 0.285
[INFO] 2022-09-29 01:08:43,367 [    train.py:  185]:	Epoch 11: 
[INFO] 2022-09-29 01:08:43,367 [    train.py:  186]:	Train:
[INFO] 2022-09-29 01:08:43,371 [    train.py:  198]:	Loss 0.0985, ('Ner Loss', 0.00913007091730833),  ('CLS Classification Loss', 0.0893259048461914)
[INFO] 2022-09-29 01:08:43,371 [    train.py:  208]:	('Ner Acc', 0.9970291256904602),  ('CLS Classification Acc', 0.9665920734405518)
[INFO] 2022-09-29 01:08:45,619 [    train.py:  220]:	Evaluate:
[INFO] 2022-09-29 01:08:45,620 [    train.py:  227]:	Loss 0.0883, ('Ner Loss', 0.010345035),  ('CLS Classification Loss', 0.07791744)
[INFO] 2022-09-29 01:08:45,620 [    train.py:  228]:	('Ner Acc', 0.9971481), ('CLS Classification Acc', 0.9765085)
[INFO] 2022-09-29 01:08:53,748 [    train.py:  237]:	Precision 0.413 Recall 0.281 F1 0.334
[INFO] 2022-09-29 01:09:57,397 [    train.py:  185]:	Epoch 12: 
[INFO] 2022-09-29 01:09:57,397 [    train.py:  186]:	Train:
[INFO] 2022-09-29 01:09:57,400 [    train.py:  198]:	Loss 0.0860, ('Ner Loss', 0.008266677148640156),  ('CLS Classification Loss', 0.07776845246553421)
[INFO] 2022-09-29 01:09:57,400 [    train.py:  208]:	('Ner Acc', 0.9971760511398315),  ('CLS Classification Acc', 0.9709644317626953)
[INFO] 2022-09-29 01:09:59,634 [    train.py:  220]:	Evaluate:
[INFO] 2022-09-29 01:09:59,635 [    train.py:  227]:	Loss 0.0850, ('Ner Loss', 0.0095150955),  ('CLS Classification Loss', 0.075534716)
[INFO] 2022-09-29 01:09:59,635 [    train.py:  228]:	('Ner Acc', 0.99738824), ('CLS Classification Acc', 0.9778293)
[INFO] 2022-09-29 01:10:07,783 [    train.py:  237]:	Precision 0.443 Recall 0.295 F1 0.354
[INFO] 2022-09-29 01:11:11,459 [    train.py:  185]:	Epoch 13: 
[INFO] 2022-09-29 01:11:11,460 [    train.py:  186]:	Train:
[INFO] 2022-09-29 01:11:11,465 [    train.py:  198]:	Loss 0.0768, ('Ner Loss', 0.0074759433045983315),  ('CLS Classification Loss', 0.06933102011680603)
[INFO] 2022-09-29 01:11:11,466 [    train.py:  208]:	('Ner Acc', 0.9972748756408691),  ('CLS Classification Acc', 0.9737880229949951)
[INFO] 2022-09-29 01:11:13,710 [    train.py:  220]:	Evaluate:
[INFO] 2022-09-29 01:11:13,710 [    train.py:  227]:	Loss 0.0833, ('Ner Loss', 0.009270406),  ('CLS Classification Loss', 0.07407297)
[INFO] 2022-09-29 01:11:13,710 [    train.py:  228]:	('Ner Acc', 0.9975313), ('CLS Classification Acc', 0.9775551)
[INFO] 2022-09-29 01:11:21,906 [    train.py:  237]:	Precision 0.467 Recall 0.364 F1 0.409
[INFO] 2022-09-29 01:12:25,934 [    train.py:  185]:	Epoch 14: 
[INFO] 2022-09-29 01:12:25,934 [    train.py:  186]:	Train:
[INFO] 2022-09-29 01:12:25,936 [    train.py:  198]:	Loss 0.0680, ('Ner Loss', 0.0067158290185034275),  ('CLS Classification Loss', 0.06125198304653168)
[INFO] 2022-09-29 01:12:25,936 [    train.py:  208]:	('Ner Acc', 0.997498631477356),  ('CLS Classification Acc', 0.9765949845314026)
[INFO] 2022-09-29 01:12:28,151 [    train.py:  220]:	Evaluate:
[INFO] 2022-09-29 01:12:28,151 [    train.py:  227]:	Loss 0.1080, ('Ner Loss', 0.01015733),  ('CLS Classification Loss', 0.097845174)
[INFO] 2022-09-29 01:12:28,151 [    train.py:  228]:	('Ner Acc', 0.9976208), ('CLS Classification Acc', 0.97811586)
[INFO] 2022-09-29 01:12:36,552 [    train.py:  237]:	Precision 0.525 Recall 0.382 F1 0.442
[INFO] 2022-09-29 01:13:40,774 [    train.py:  185]:	Epoch 15: 
[INFO] 2022-09-29 01:13:40,774 [    train.py:  186]:	Train:
[INFO] 2022-09-29 01:13:40,777 [    train.py:  198]:	Loss 0.0623, ('Ner Loss', 0.006191384047269821),  ('CLS Classification Loss', 0.05615250766277313)
[INFO] 2022-09-29 01:13:40,777 [    train.py:  208]:	('Ner Acc', 0.9976468086242676),  ('CLS Classification Acc', 0.9786310791969299)
[INFO] 2022-09-29 01:13:43,031 [    train.py:  220]:	Evaluate:
[INFO] 2022-09-29 01:13:43,031 [    train.py:  227]:	Loss 0.1065, ('Ner Loss', 0.009950119),  ('CLS Classification Loss', 0.09656946)
[INFO] 2022-09-29 01:13:43,032 [    train.py:  228]:	('Ner Acc', 0.99751484), ('CLS Classification Acc', 0.9786101)
[INFO] 2022-09-29 01:13:51,466 [    train.py:  237]:	Precision 0.510 Recall 0.359 F1 0.421
[INFO] 2022-09-29 01:14:55,220 [    train.py:  185]:	Epoch 16: 
[INFO] 2022-09-29 01:14:55,220 [    train.py:  186]:	Train:
[INFO] 2022-09-29 01:14:55,224 [    train.py:  198]:	Loss 0.0610, ('Ner Loss', 0.006240761838853359),  ('CLS Classification Loss', 0.05471360683441162)
[INFO] 2022-09-29 01:14:55,224 [    train.py:  208]:	('Ner Acc', 0.9976028800010681),  ('CLS Classification Acc', 0.9796776175498962)
[INFO] 2022-09-29 01:14:57,483 [    train.py:  220]:	Evaluate:
[INFO] 2022-09-29 01:14:57,483 [    train.py:  227]:	Loss 0.0946, ('Ner Loss', 0.009649825),  ('CLS Classification Loss', 0.084965795)
[INFO] 2022-09-29 01:14:57,483 [    train.py:  228]:	('Ner Acc', 0.99772614), ('CLS Classification Acc', 0.9787887)
[INFO] 2022-09-29 01:15:05,817 [    train.py:  237]:	Precision 0.512 Recall 0.431 F1 0.468
[INFO] 2022-09-29 01:16:10,130 [    train.py:  185]:	Epoch 17: 
[INFO] 2022-09-29 01:16:10,131 [    train.py:  186]:	Train:
[INFO] 2022-09-29 01:16:10,134 [    train.py:  198]:	Loss 0.0506, ('Ner Loss', 0.00538766011595726),  ('CLS Classification Loss', 0.045187268406152725)
[INFO] 2022-09-29 01:16:10,134 [    train.py:  208]:	('Ner Acc', 0.9979188442230225),  ('CLS Classification Acc', 0.9829551577568054)
[INFO] 2022-09-29 01:16:12,347 [    train.py:  220]:	Evaluate:
[INFO] 2022-09-29 01:16:12,347 [    train.py:  227]:	Loss 0.1118, ('Ner Loss', 0.00981044),  ('CLS Classification Loss', 0.101979464)
[INFO] 2022-09-29 01:16:12,348 [    train.py:  228]:	('Ner Acc', 0.99760777), ('CLS Classification Acc', 0.9787887)
[INFO] 2022-09-29 01:16:20,392 [    train.py:  237]:	Precision 0.518 Recall 0.492 F1 0.505
[INFO] 2022-09-29 01:17:23,971 [    train.py:  185]:	Epoch 18: 
[INFO] 2022-09-29 01:17:23,972 [    train.py:  186]:	Train:
[INFO] 2022-09-29 01:17:23,975 [    train.py:  198]:	Loss 0.0452, ('Ner Loss', 0.004824877250939608),  ('CLS Classification Loss', 0.040330592542886734)
[INFO] 2022-09-29 01:17:23,975 [    train.py:  208]:	('Ner Acc', 0.9980807900428772),  ('CLS Classification Acc', 0.9847480654716492)
[INFO] 2022-09-29 01:17:26,191 [    train.py:  220]:	Evaluate:
[INFO] 2022-09-29 01:17:26,192 [    train.py:  227]:	Loss 0.1160, ('Ner Loss', 0.010995084),  ('CLS Classification Loss', 0.10501874)
[INFO] 2022-09-29 01:17:26,192 [    train.py:  228]:	('Ner Acc', 0.9977668), ('CLS Classification Acc', 0.979204)
[INFO] 2022-09-29 01:17:34,935 [    train.py:  237]:	Precision 0.570 Recall 0.423 F1 0.485
[INFO] 2022-09-29 01:18:38,399 [    train.py:  185]:	Epoch 19: 
[INFO] 2022-09-29 01:18:38,400 [    train.py:  186]:	Train:
[INFO] 2022-09-29 01:18:38,403 [    train.py:  198]:	Loss 0.0398, ('Ner Loss', 0.004533099010586739),  ('CLS Classification Loss', 0.03529217466711998)
[INFO] 2022-09-29 01:18:38,403 [    train.py:  208]:	('Ner Acc', 0.9981326460838318),  ('CLS Classification Acc', 0.9866219162940979)
[INFO] 2022-09-29 01:18:40,645 [    train.py:  220]:	Evaluate:
[INFO] 2022-09-29 01:18:40,646 [    train.py:  227]:	Loss 0.1182, ('Ner Loss', 0.010649552),  ('CLS Classification Loss', 0.107587874)
[INFO] 2022-09-29 01:18:40,646 [    train.py:  228]:	('Ner Acc', 0.9977587), ('CLS Classification Acc', 0.9787929)
[INFO] 2022-09-29 01:18:48,754 [    train.py:  237]:	Precision 0.562 Recall 0.484 F1 0.520
[INFO] 2022-09-29 01:20:08,527 [    train.py:  185]:	Epoch 20: 
[INFO] 2022-09-29 01:20:08,528 [    train.py:  186]:	Train:
[INFO] 2022-09-29 01:20:08,536 [    train.py:  198]:	Loss 0.0360, ('Ner Loss', 0.0041304221376776695),  ('CLS Classification Loss', 0.03190179914236069)
[INFO] 2022-09-29 01:20:08,537 [    train.py:  208]:	('Ner Acc', 0.998238205909729),  ('CLS Classification Acc', 0.9876680970191956)
[INFO] 2022-09-29 01:20:10,785 [    train.py:  220]:	Evaluate:
[INFO] 2022-09-29 01:20:10,786 [    train.py:  227]:	Loss 0.1182, ('Ner Loss', 0.011024891),  ('CLS Classification Loss', 0.10716803)
[INFO] 2022-09-29 01:20:10,786 [    train.py:  228]:	('Ner Acc', 0.99777526), ('CLS Classification Acc', 0.98015517)
[INFO] 2022-09-29 01:20:19,129 [    train.py:  237]:	Precision 0.552 Recall 0.470 F1 0.508
[INFO] 2022-09-29 01:21:22,882 [    train.py:  185]:	Epoch 21: 
[INFO] 2022-09-29 01:21:22,883 [    train.py:  186]:	Train:
[INFO] 2022-09-29 01:21:22,886 [    train.py:  198]:	Loss 0.0348, ('Ner Loss', 0.003951655235141516),  ('CLS Classification Loss', 0.0308709554374218)
[INFO] 2022-09-29 01:21:22,886 [    train.py:  208]:	('Ner Acc', 0.9983509182929993),  ('CLS Classification Acc', 0.987920343875885)
[INFO] 2022-09-29 01:21:25,131 [    train.py:  220]:	Evaluate:
[INFO] 2022-09-29 01:21:25,132 [    train.py:  227]:	Loss 0.1268, ('Ner Loss', 0.010962077),  ('CLS Classification Loss', 0.115813494)
[INFO] 2022-09-29 01:21:25,132 [    train.py:  228]:	('Ner Acc', 0.99785656), ('CLS Classification Acc', 0.9800139)
[INFO] 2022-09-29 01:21:33,912 [    train.py:  237]:	Precision 0.572 Recall 0.485 F1 0.525
[INFO] 2022-09-29 01:22:39,330 [    train.py:  185]:	Epoch 22: 
[INFO] 2022-09-29 01:22:39,331 [    train.py:  186]:	Train:
[INFO] 2022-09-29 01:22:39,334 [    train.py:  198]:	Loss 0.0303, ('Ner Loss', 0.003616439877077937),  ('CLS Classification Loss', 0.026700302958488464)
[INFO] 2022-09-29 01:22:39,334 [    train.py:  208]:	('Ner Acc', 0.9984478950500488),  ('CLS Classification Acc', 0.9896965622901917)
[INFO] 2022-09-29 01:22:41,660 [    train.py:  220]:	Evaluate:
[INFO] 2022-09-29 01:22:41,660 [    train.py:  227]:	Loss 0.1188, ('Ner Loss', 0.011347279),  ('CLS Classification Loss', 0.10744362)
[INFO] 2022-09-29 01:22:41,660 [    train.py:  228]:	('Ner Acc', 0.99782544), ('CLS Classification Acc', 0.9798354)
[INFO] 2022-09-29 01:22:50,532 [    train.py:  237]:	Precision 0.563 Recall 0.513 F1 0.537
[INFO] 2022-09-29 01:23:54,741 [    train.py:  185]:	Epoch 23: 
[INFO] 2022-09-29 01:23:54,741 [    train.py:  186]:	Train:
[INFO] 2022-09-29 01:23:54,745 [    train.py:  198]:	Loss 0.0276, ('Ner Loss', 0.00337351206690073),  ('CLS Classification Loss', 0.02417937107384205)
[INFO] 2022-09-29 01:23:54,745 [    train.py:  208]:	('Ner Acc', 0.9985679388046265),  ('CLS Classification Acc', 0.9906376004219055)
[INFO] 2022-09-29 01:23:56,995 [    train.py:  220]:	Evaluate:
[INFO] 2022-09-29 01:23:56,996 [    train.py:  227]:	Loss 0.1147, ('Ner Loss', 0.011015391),  ('CLS Classification Loss', 0.103733376)
[INFO] 2022-09-29 01:23:56,996 [    train.py:  228]:	('Ner Acc', 0.99796295), ('CLS Classification Acc', 0.9794698)
[INFO] 2022-09-29 01:24:05,326 [    train.py:  237]:	Precision 0.551 Recall 0.533 F1 0.542
[INFO] 2022-09-29 01:25:09,294 [    train.py:  185]:	Epoch 24: 
[INFO] 2022-09-29 01:25:09,295 [    train.py:  186]:	Train:
[INFO] 2022-09-29 01:25:09,298 [    train.py:  198]:	Loss 0.0253, ('Ner Loss', 0.003094760002568364),  ('CLS Classification Loss', 0.022187815979123116)
[INFO] 2022-09-29 01:25:09,298 [    train.py:  208]:	('Ner Acc', 0.9986563920974731),  ('CLS Classification Acc', 0.9918949604034424)
[INFO] 2022-09-29 01:25:11,593 [    train.py:  220]:	Evaluate:
[INFO] 2022-09-29 01:25:11,593 [    train.py:  227]:	Loss 0.1321, ('Ner Loss', 0.012599555),  ('CLS Classification Loss', 0.11946438)
[INFO] 2022-09-29 01:25:11,594 [    train.py:  228]:	('Ner Acc', 0.99793625), ('CLS Classification Acc', 0.97933275)
[INFO] 2022-09-29 01:25:20,623 [    train.py:  237]:	Precision 0.569 Recall 0.530 F1 0.549
[INFO] 2022-09-29 01:26:27,116 [    train.py:  185]:	Epoch 25: 
[INFO] 2022-09-29 01:26:27,117 [    train.py:  186]:	Train:
[INFO] 2022-09-29 01:26:27,122 [    train.py:  198]:	Loss 0.0225, ('Ner Loss', 0.0029327701777219772),  ('CLS Classification Loss', 0.019536305218935013)
[INFO] 2022-09-29 01:26:27,122 [    train.py:  208]:	('Ner Acc', 0.9987413883209229),  ('CLS Classification Acc', 0.9925112724304199)
[INFO] 2022-09-29 01:26:29,415 [    train.py:  220]:	Evaluate:
[INFO] 2022-09-29 01:26:29,415 [    train.py:  227]:	Loss 0.1212, ('Ner Loss', 0.011816017),  ('CLS Classification Loss', 0.109393574)
[INFO] 2022-09-29 01:26:29,415 [    train.py:  228]:	('Ner Acc', 0.99793154), ('CLS Classification Acc', 0.9800637)
[INFO] 2022-09-29 01:26:38,790 [    train.py:  237]:	Precision 0.573 Recall 0.526 F1 0.549
[INFO] 2022-09-29 01:27:47,244 [    train.py:  185]:	Epoch 26: 
[INFO] 2022-09-29 01:27:47,245 [    train.py:  186]:	Train:
[INFO] 2022-09-29 01:27:47,250 [    train.py:  198]:	Loss 0.0208, ('Ner Loss', 0.002721235388889909),  ('CLS Classification Loss', 0.018074534833431244)
[INFO] 2022-09-29 01:27:47,250 [    train.py:  208]:	('Ner Acc', 0.998820424079895),  ('CLS Classification Acc', 0.9931520819664001)
[INFO] 2022-09-29 01:27:50,295 [    train.py:  220]:	Evaluate:
[INFO] 2022-09-29 01:27:50,296 [    train.py:  227]:	Loss 0.1294, ('Ner Loss', 0.0132610155),  ('CLS Classification Loss', 0.11616268)
[INFO] 2022-09-29 01:27:50,296 [    train.py:  228]:	('Ner Acc', 0.99799407), ('CLS Classification Acc', 0.97910863)
[INFO] 2022-09-29 01:27:59,718 [    train.py:  237]:	Precision 0.570 Recall 0.568 F1 0.569
[INFO] 2022-09-29 01:29:29,399 [    train.py:  185]:	Epoch 27: 
[INFO] 2022-09-29 01:29:29,400 [    train.py:  186]:	Train:
[INFO] 2022-09-29 01:29:29,403 [    train.py:  198]:	Loss 0.0193, ('Ner Loss', 0.0026125297881662846),  ('CLS Classification Loss', 0.01667247712612152)
[INFO] 2022-09-29 01:29:29,403 [    train.py:  208]:	('Ner Acc', 0.9989051222801208),  ('CLS Classification Acc', 0.9936553835868835)
[INFO] 2022-09-29 01:29:32,520 [    train.py:  220]:	Evaluate:
[INFO] 2022-09-29 01:29:32,521 [    train.py:  227]:	Loss 0.1319, ('Ner Loss', 0.012637031),  ('CLS Classification Loss', 0.11930563)
[INFO] 2022-09-29 01:29:32,521 [    train.py:  228]:	('Ner Acc', 0.99790823), ('CLS Classification Acc', 0.9786973)
[INFO] 2022-09-29 01:29:42,043 [    train.py:  237]:	Precision 0.541 Recall 0.567 F1 0.553
[INFO] 2022-09-29 01:31:12,264 [    train.py:  185]:	Epoch 28: 
[INFO] 2022-09-29 01:31:12,265 [    train.py:  186]:	Train:
[INFO] 2022-09-29 01:31:12,268 [    train.py:  198]:	Loss 0.0176, ('Ner Loss', 0.0024951184168457985),  ('CLS Classification Loss', 0.015090317465364933)
[INFO] 2022-09-29 01:31:12,268 [    train.py:  208]:	('Ner Acc', 0.9989147782325745),  ('CLS Classification Acc', 0.9944099187850952)
[INFO] 2022-09-29 01:31:15,347 [    train.py:  220]:	Evaluate:
[INFO] 2022-09-29 01:31:15,348 [    train.py:  227]:	Loss 0.1409, ('Ner Loss', 0.012570026),  ('CLS Classification Loss', 0.12832671)
[INFO] 2022-09-29 01:31:15,348 [    train.py:  228]:	('Ner Acc', 0.9979018), ('CLS Classification Acc', 0.9798811)
[INFO] 2022-09-29 01:31:24,942 [    train.py:  237]:	Precision 0.578 Recall 0.572 F1 0.575
[INFO] 2022-09-29 01:32:53,595 [    train.py:  185]:	Epoch 29: 
[INFO] 2022-09-29 01:32:53,595 [    train.py:  186]:	Train:
[INFO] 2022-09-29 01:32:53,599 [    train.py:  198]:	Loss 0.0166, ('Ner Loss', 0.0022936216555535793),  ('CLS Classification Loss', 0.01429670862853527)
[INFO] 2022-09-29 01:32:53,599 [    train.py:  208]:	('Ner Acc', 0.999002993106842),  ('CLS Classification Acc', 0.994499146938324)
[INFO] 2022-09-29 01:32:56,675 [    train.py:  220]:	Evaluate:
[INFO] 2022-09-29 01:32:56,676 [    train.py:  227]:	Loss 0.1378, ('Ner Loss', 0.013068838),  ('CLS Classification Loss', 0.12468918)
[INFO] 2022-09-29 01:32:56,676 [    train.py:  228]:	('Ner Acc', 0.99804646), ('CLS Classification Acc', 0.98152995)
[INFO] 2022-09-29 01:33:05,824 [    train.py:  237]:	Precision 0.629 Recall 0.552 F1 0.588
[INFO] 2022-09-29 01:34:34,857 [    train.py:  185]:	Epoch 30: 
[INFO] 2022-09-29 01:34:34,857 [    train.py:  186]:	Train:
[INFO] 2022-09-29 01:34:34,861 [    train.py:  198]:	Loss 0.0143, ('Ner Loss', 0.002081475453451276),  ('CLS Classification Loss', 0.012222642078995705)
[INFO] 2022-09-29 01:34:34,861 [    train.py:  208]:	('Ner Acc', 0.9990915060043335),  ('CLS Classification Acc', 0.9952371716499329)
[INFO] 2022-09-29 01:34:37,836 [    train.py:  220]:	Evaluate:
[INFO] 2022-09-29 01:34:37,837 [    train.py:  227]:	Loss 0.1406, ('Ner Loss', 0.013266179),  ('CLS Classification Loss', 0.1272908)
[INFO] 2022-09-29 01:34:37,837 [    train.py:  228]:	('Ner Acc', 0.99801224), ('CLS Classification Acc', 0.98070335)
[INFO] 2022-09-29 01:34:47,157 [    train.py:  237]:	Precision 0.587 Recall 0.572 F1 0.579
[INFO] 2022-09-29 01:36:16,787 [    train.py:  185]:	Epoch 31: 
[INFO] 2022-09-29 01:36:16,787 [    train.py:  186]:	Train:
[INFO] 2022-09-29 01:36:16,792 [    train.py:  198]:	Loss 0.0135, ('Ner Loss', 0.0020013677421957254),  ('CLS Classification Loss', 0.011516877450048923)
[INFO] 2022-09-29 01:36:16,792 [    train.py:  208]:	('Ner Acc', 0.999131441116333),  ('CLS Classification Acc', 0.995675265789032)
[INFO] 2022-09-29 01:36:19,801 [    train.py:  220]:	Evaluate:
[INFO] 2022-09-29 01:36:19,802 [    train.py:  227]:	Loss 0.1356, ('Ner Loss', 0.01309396),  ('CLS Classification Loss', 0.12245725)
[INFO] 2022-09-29 01:36:19,802 [    train.py:  228]:	('Ner Acc', 0.99798787), ('CLS Classification Acc', 0.98038363)
[INFO] 2022-09-29 01:36:29,120 [    train.py:  237]:	Precision 0.598 Recall 0.560 F1 0.578
[INFO] 2022-09-29 01:37:58,247 [    train.py:  185]:	Epoch 32: 
[INFO] 2022-09-29 01:37:58,247 [    train.py:  186]:	Train:
[INFO] 2022-09-29 01:37:58,250 [    train.py:  198]:	Loss 0.0124, ('Ner Loss', 0.0018312205793336034),  ('CLS Classification Loss', 0.01054934598505497)
[INFO] 2022-09-29 01:37:58,250 [    train.py:  208]:	('Ner Acc', 0.9991903305053711),  ('CLS Classification Acc', 0.9958702325820923)
[INFO] 2022-09-29 01:38:01,265 [    train.py:  220]:	Evaluate:
[INFO] 2022-09-29 01:38:01,266 [    train.py:  227]:	Loss 0.1434, ('Ner Loss', 0.01288684),  ('CLS Classification Loss', 0.1304823)
[INFO] 2022-09-29 01:38:01,266 [    train.py:  228]:	('Ner Acc', 0.99794066), ('CLS Classification Acc', 0.97992665)
[INFO] 2022-09-29 01:38:10,250 [    train.py:  237]:	Precision 0.575 Recall 0.572 F1 0.573
[INFO] 2022-09-29 01:39:40,022 [    train.py:  185]:	Epoch 33: 
[INFO] 2022-09-29 01:39:40,022 [    train.py:  186]:	Train:
[INFO] 2022-09-29 01:39:40,024 [    train.py:  198]:	Loss 0.0112, ('Ner Loss', 0.001836006878875196),  ('CLS Classification Loss', 0.00933466199785471)
[INFO] 2022-09-29 01:39:40,024 [    train.py:  208]:	('Ner Acc', 0.9992289543151855),  ('CLS Classification Acc', 0.9966004490852356)
[INFO] 2022-09-29 01:39:43,112 [    train.py:  220]:	Evaluate:
[INFO] 2022-09-29 01:39:43,113 [    train.py:  227]:	Loss 0.1407, ('Ner Loss', 0.014811697),  ('CLS Classification Loss', 0.12586263)
[INFO] 2022-09-29 01:39:43,113 [    train.py:  228]:	('Ner Acc', 0.9980232), ('CLS Classification Acc', 0.98033786)
[INFO] 2022-09-29 01:39:52,641 [    train.py:  237]:	Precision 0.572 Recall 0.560 F1 0.566
[INFO] 2022-09-29 01:41:22,256 [    train.py:  185]:	Epoch 34: 
[INFO] 2022-09-29 01:41:22,257 [    train.py:  186]:	Train:
[INFO] 2022-09-29 01:41:22,265 [    train.py:  198]:	Loss 0.0115, ('Ner Loss', 0.001710035023279488),  ('CLS Classification Loss', 0.0098039535805583)
[INFO] 2022-09-29 01:41:22,265 [    train.py:  208]:	('Ner Acc', 0.9992436766624451),  ('CLS Classification Acc', 0.9962188005447388)
[INFO] 2022-09-29 01:41:25,363 [    train.py:  220]:	Evaluate:
[INFO] 2022-09-29 01:41:25,364 [    train.py:  227]:	Loss 0.1449, ('Ner Loss', 0.014345288),  ('CLS Classification Loss', 0.13053805)
[INFO] 2022-09-29 01:41:25,364 [    train.py:  228]:	('Ner Acc', 0.9980585), ('CLS Classification Acc', 0.98066187)
[INFO] 2022-09-29 01:41:35,132 [    train.py:  237]:	Precision 0.590 Recall 0.555 F1 0.572
[INFO] 2022-09-29 01:43:03,760 [    train.py:  185]:	Epoch 35: 
[INFO] 2022-09-29 01:43:03,761 [    train.py:  186]:	Train:
[INFO] 2022-09-29 01:43:03,767 [    train.py:  198]:	Loss 0.0116, ('Ner Loss', 0.0017790893325582147),  ('CLS Classification Loss', 0.009846305474638939)
[INFO] 2022-09-29 01:43:03,768 [    train.py:  208]:	('Ner Acc', 0.999286413192749),  ('CLS Classification Acc', 0.9965027570724487)
[INFO] 2022-09-29 01:43:06,840 [    train.py:  220]:	Evaluate:
[INFO] 2022-09-29 01:43:06,841 [    train.py:  227]:	Loss 0.1447, ('Ner Loss', 0.014558586),  ('CLS Classification Loss', 0.1301392)
[INFO] 2022-09-29 01:43:06,841 [    train.py:  228]:	('Ner Acc', 0.9980025), ('CLS Classification Acc', 0.9797896)
[INFO] 2022-09-29 01:43:16,069 [    train.py:  237]:	Precision 0.588 Recall 0.593 F1 0.590
[INFO] 2022-09-29 01:44:45,334 [    train.py:  185]:	Epoch 36: 
[INFO] 2022-09-29 01:44:45,334 [    train.py:  186]:	Train:
[INFO] 2022-09-29 01:44:45,337 [    train.py:  198]:	Loss 0.0089, ('Ner Loss', 0.0015797031810507178),  ('CLS Classification Loss', 0.0073553589172661304)
[INFO] 2022-09-29 01:44:45,338 [    train.py:  208]:	('Ner Acc', 0.9993380904197693),  ('CLS Classification Acc', 0.9973464608192444)
[INFO] 2022-09-29 01:44:48,330 [    train.py:  220]:	Evaluate:
[INFO] 2022-09-29 01:44:48,331 [    train.py:  227]:	Loss 0.1537, ('Ner Loss', 0.014111067),  ('CLS Classification Loss', 0.13961545)
[INFO] 2022-09-29 01:44:48,331 [    train.py:  228]:	('Ner Acc', 0.99808896), ('CLS Classification Acc', 0.9808405)
[INFO] 2022-09-29 01:44:57,379 [    train.py:  237]:	Precision 0.586 Recall 0.593 F1 0.589
[INFO] 2022-09-29 01:46:27,332 [    train.py:  185]:	Epoch 37: 
[INFO] 2022-09-29 01:46:27,333 [    train.py:  186]:	Train:
[INFO] 2022-09-29 01:46:27,337 [    train.py:  198]:	Loss 0.0093, ('Ner Loss', 0.0014142283471301198),  ('CLS Classification Loss', 0.00791408121585846)
[INFO] 2022-09-29 01:46:27,337 [    train.py:  208]:	('Ner Acc', 0.9993698000907898),  ('CLS Classification Acc', 0.9972330331802368)
[INFO] 2022-09-29 01:46:30,397 [    train.py:  220]:	Evaluate:
[INFO] 2022-09-29 01:46:30,398 [    train.py:  227]:	Loss 0.1449, ('Ner Loss', 0.015076493),  ('CLS Classification Loss', 0.12980574)
[INFO] 2022-09-29 01:46:30,398 [    train.py:  228]:	('Ner Acc', 0.99795884), ('CLS Classification Acc', 0.9802008)
[INFO] 2022-09-29 01:46:39,843 [    train.py:  237]:	Precision 0.585 Recall 0.547 F1 0.565
[INFO] 2022-09-29 01:48:08,617 [    train.py:  185]:	Epoch 38: 
[INFO] 2022-09-29 01:48:08,618 [    train.py:  186]:	Train:
[INFO] 2022-09-29 01:48:08,627 [    train.py:  198]:	Loss 0.0080, ('Ner Loss', 0.0014057072112336755),  ('CLS Classification Loss', 0.006612828932702541)
[INFO] 2022-09-29 01:48:08,627 [    train.py:  208]:	('Ner Acc', 0.9993733763694763),  ('CLS Classification Acc', 0.99769526720047)
[INFO] 2022-09-29 01:48:11,631 [    train.py:  220]:	Evaluate:
[INFO] 2022-09-29 01:48:11,632 [    train.py:  227]:	Loss 0.1440, ('Ner Loss', 0.015102655),  ('CLS Classification Loss', 0.12893727)
[INFO] 2022-09-29 01:48:11,632 [    train.py:  228]:	('Ner Acc', 0.9981583), ('CLS Classification Acc', 0.9821696)
[INFO] 2022-09-29 01:48:21,038 [    train.py:  237]:	Precision 0.623 Recall 0.576 F1 0.599
[INFO] 2022-09-29 01:49:49,886 [    train.py:  185]:	Epoch 39: 
[INFO] 2022-09-29 01:49:49,887 [    train.py:  186]:	Train:
[INFO] 2022-09-29 01:49:49,890 [    train.py:  198]:	Loss 0.0069, ('Ner Loss', 0.0012993805576115847),  ('CLS Classification Loss', 0.00563744455575943)
[INFO] 2022-09-29 01:49:49,891 [    train.py:  208]:	('Ner Acc', 0.9994348287582397),  ('CLS Classification Acc', 0.9979792237281799)
[INFO] 2022-09-29 01:49:52,974 [    train.py:  220]:	Evaluate:
[INFO] 2022-09-29 01:49:52,975 [    train.py:  227]:	Loss 0.1598, ('Ner Loss', 0.017795797),  ('CLS Classification Loss', 0.14203374)
[INFO] 2022-09-29 01:49:52,975 [    train.py:  228]:	('Ner Acc', 0.998013), ('CLS Classification Acc', 0.98116034)
[INFO] 2022-09-29 01:50:02,429 [    train.py:  237]:	Precision 0.604 Recall 0.561 F1 0.582
[INFO] 2022-09-29 01:51:32,600 [    train.py:  185]:	Epoch 40: 
[INFO] 2022-09-29 01:51:32,601 [    train.py:  186]:	Train:
[INFO] 2022-09-29 01:51:32,607 [    train.py:  198]:	Loss 0.0069, ('Ner Loss', 0.0011596106924116611),  ('CLS Classification Loss', 0.0057535795494914055)
[INFO] 2022-09-29 01:51:32,608 [    train.py:  208]:	('Ner Acc', 0.99948650598526),  ('CLS Classification Acc', 0.9980604648590088)
[INFO] 2022-09-29 01:51:35,681 [    train.py:  220]:	Evaluate:
[INFO] 2022-09-29 01:51:35,682 [    train.py:  227]:	Loss 0.1546, ('Ner Loss', 0.017220864),  ('CLS Classification Loss', 0.1373633)
[INFO] 2022-09-29 01:51:35,682 [    train.py:  228]:	('Ner Acc', 0.99806184), ('CLS Classification Acc', 0.98148006)
[INFO] 2022-09-29 01:51:45,217 [    train.py:  237]:	Precision 0.622 Recall 0.563 F1 0.591
[INFO] 2022-09-29 01:53:14,732 [    train.py:  185]:	Epoch 41: 
[INFO] 2022-09-29 01:53:14,732 [    train.py:  186]:	Train:
[INFO] 2022-09-29 01:53:14,737 [    train.py:  198]:	Loss 0.0067, ('Ner Loss', 0.0011694793356582522),  ('CLS Classification Loss', 0.005484369117766619)
[INFO] 2022-09-29 01:53:14,738 [    train.py:  208]:	('Ner Acc', 0.999464213848114),  ('CLS Classification Acc', 0.9981659054756165)
[INFO] 2022-09-29 01:53:17,725 [    train.py:  220]:	Evaluate:
[INFO] 2022-09-29 01:53:17,726 [    train.py:  227]:	Loss 0.1406, ('Ner Loss', 0.014387697),  ('CLS Classification Loss', 0.12616235)
[INFO] 2022-09-29 01:53:17,726 [    train.py:  228]:	('Ner Acc', 0.9980448), ('CLS Classification Acc', 0.98097754)
[INFO] 2022-09-29 01:53:26,993 [    train.py:  237]:	Precision 0.631 Recall 0.570 F1 0.599
[INFO] 2022-09-29 01:54:56,896 [    train.py:  185]:	Epoch 42: 
[INFO] 2022-09-29 01:54:56,896 [    train.py:  186]:	Train:
[INFO] 2022-09-29 01:54:56,900 [    train.py:  198]:	Loss 0.0065, ('Ner Loss', 0.0011532832868397236),  ('CLS Classification Loss', 0.005300084128975868)
[INFO] 2022-09-29 01:54:56,900 [    train.py:  208]:	('Ner Acc', 0.9995105862617493),  ('CLS Classification Acc', 0.9982064366340637)
[INFO] 2022-09-29 01:54:59,914 [    train.py:  220]:	Evaluate:
[INFO] 2022-09-29 01:54:59,915 [    train.py:  227]:	Loss 0.1626, ('Ner Loss', 0.016792307),  ('CLS Classification Loss', 0.14579785)
[INFO] 2022-09-29 01:54:59,915 [    train.py:  228]:	('Ner Acc', 0.99809545), ('CLS Classification Acc', 0.9812973)
[INFO] 2022-09-29 01:55:09,401 [    train.py:  237]:	Precision 0.629 Recall 0.588 F1 0.608
[INFO] 2022-09-29 01:56:38,387 [    train.py:  185]:	Epoch 43: 
[INFO] 2022-09-29 01:56:38,388 [    train.py:  186]:	Train:
[INFO] 2022-09-29 01:56:38,395 [    train.py:  198]:	Loss 0.0063, ('Ner Loss', 0.0010701565770432353),  ('CLS Classification Loss', 0.0051859593950212)
[INFO] 2022-09-29 01:56:38,395 [    train.py:  208]:	('Ner Acc', 0.9995364546775818),  ('CLS Classification Acc', 0.9983038306236267)
[INFO] 2022-09-29 01:56:41,400 [    train.py:  220]:	Evaluate:
[INFO] 2022-09-29 01:56:41,401 [    train.py:  227]:	Loss 0.1545, ('Ner Loss', 0.016345201),  ('CLS Classification Loss', 0.13818558)
[INFO] 2022-09-29 01:56:41,401 [    train.py:  228]:	('Ner Acc', 0.99793667), ('CLS Classification Acc', 0.9802507)
[INFO] 2022-09-29 01:56:50,650 [    train.py:  237]:	Precision 0.600 Recall 0.589 F1 0.595
[INFO] 2022-09-29 01:58:20,209 [    train.py:  185]:	Epoch 44: 
[INFO] 2022-09-29 01:58:20,210 [    train.py:  186]:	Train:
[INFO] 2022-09-29 01:58:20,215 [    train.py:  198]:	Loss 0.0056, ('Ner Loss', 0.0010268380865454674),  ('CLS Classification Loss', 0.004595077596604824)
[INFO] 2022-09-29 01:58:20,215 [    train.py:  208]:	('Ner Acc', 0.9995917677879333),  ('CLS Classification Acc', 0.9984336495399475)
[INFO] 2022-09-29 01:58:23,355 [    train.py:  220]:	Evaluate:
[INFO] 2022-09-29 01:58:23,356 [    train.py:  227]:	Loss 0.1613, ('Ner Loss', 0.01561959),  ('CLS Classification Loss', 0.14570384)
[INFO] 2022-09-29 01:58:23,356 [    train.py:  228]:	('Ner Acc', 0.99786556), ('CLS Classification Acc', 0.98047906)
[INFO] 2022-09-29 01:58:32,605 [    train.py:  237]:	Precision 0.579 Recall 0.586 F1 0.582
[INFO] 2022-09-29 02:00:01,657 [    train.py:  185]:	Epoch 45: 
[INFO] 2022-09-29 02:00:01,658 [    train.py:  186]:	Train:
[INFO] 2022-09-29 02:00:01,664 [    train.py:  198]:	Loss 0.0060, ('Ner Loss', 0.0009569345857016742),  ('CLS Classification Loss', 0.005007931962609291)
[INFO] 2022-09-29 02:00:01,664 [    train.py:  208]:	('Ner Acc', 0.9995851516723633),  ('CLS Classification Acc', 0.9985067844390869)
[INFO] 2022-09-29 02:00:04,662 [    train.py:  220]:	Evaluate:
[INFO] 2022-09-29 02:00:04,663 [    train.py:  227]:	Loss 0.1460, ('Ner Loss', 0.017221346),  ('CLS Classification Loss', 0.12876502)
[INFO] 2022-09-29 02:00:04,664 [    train.py:  228]:	('Ner Acc', 0.99799716), ('CLS Classification Acc', 0.9802964)
[INFO] 2022-09-29 02:00:14,109 [    train.py:  237]:	Precision 0.584 Recall 0.604 F1 0.594
[INFO] 2022-09-29 02:01:43,596 [    train.py:  185]:	Epoch 46: 
[INFO] 2022-09-29 02:01:43,596 [    train.py:  186]:	Train:
[INFO] 2022-09-29 02:01:43,599 [    train.py:  198]:	Loss 0.0058, ('Ner Loss', 0.0009417494875378907),  ('CLS Classification Loss', 0.004854235798120499)
[INFO] 2022-09-29 02:01:43,600 [    train.py:  208]:	('Ner Acc', 0.9995966553688049),  ('CLS Classification Acc', 0.9984578490257263)
[INFO] 2022-09-29 02:01:46,657 [    train.py:  220]:	Evaluate:
[INFO] 2022-09-29 02:01:46,658 [    train.py:  227]:	Loss 0.1546, ('Ner Loss', 0.018508593),  ('CLS Classification Loss', 0.13610904)
[INFO] 2022-09-29 02:01:46,658 [    train.py:  228]:	('Ner Acc', 0.9980869), ('CLS Classification Acc', 0.9815257)
[INFO] 2022-09-29 02:01:55,445 [    train.py:  237]:	Precision 0.633 Recall 0.569 F1 0.600
[INFO] 2022-09-29 02:03:03,122 [    train.py:  185]:	Epoch 47: 
[INFO] 2022-09-29 02:03:03,123 [    train.py:  186]:	Train:
[INFO] 2022-09-29 02:03:03,126 [    train.py:  198]:	Loss 0.0049, ('Ner Loss', 0.000879440747667104),  ('CLS Classification Loss', 0.003986808937042952)
[INFO] 2022-09-29 02:03:03,126 [    train.py:  208]:	('Ner Acc', 0.9996299147605896),  ('CLS Classification Acc', 0.9985713958740234)
[INFO] 2022-09-29 02:03:05,445 [    train.py:  220]:	Evaluate:
[INFO] 2022-09-29 02:03:05,445 [    train.py:  227]:	Loss 0.1613, ('Ner Loss', 0.017668312),  ('CLS Classification Loss', 0.1436551)
[INFO] 2022-09-29 02:03:05,446 [    train.py:  228]:	('Ner Acc', 0.9980557), ('CLS Classification Acc', 0.98015517)
[INFO] 2022-09-29 02:03:14,958 [    train.py:  237]:	Precision 0.600 Recall 0.589 F1 0.594
[INFO] 2022-09-29 02:04:31,970 [    train.py:  185]:	Epoch 48: 
[INFO] 2022-09-29 02:04:31,971 [    train.py:  186]:	Train:
[INFO] 2022-09-29 02:04:31,975 [    train.py:  198]:	Loss 0.0041, ('Ner Loss', 0.0008398007485084236),  ('CLS Classification Loss', 0.0032603347208350897)
[INFO] 2022-09-29 02:04:31,975 [    train.py:  208]:	('Ner Acc', 0.9996452927589417),  ('CLS Classification Acc', 0.9988799691200256)
[INFO] 2022-09-29 02:04:34,993 [    train.py:  220]:	Evaluate:
[INFO] 2022-09-29 02:04:34,994 [    train.py:  227]:	Loss 0.1636, ('Ner Loss', 0.017299943),  ('CLS Classification Loss', 0.14634247)
[INFO] 2022-09-29 02:04:34,994 [    train.py:  228]:	('Ner Acc', 0.9980514), ('CLS Classification Acc', 0.98088616)
[INFO] 2022-09-29 02:04:44,969 [    train.py:  237]:	Precision 0.630 Recall 0.562 F1 0.594
[INFO] 2022-09-29 02:06:14,446 [    train.py:  185]:	Epoch 49: 
[INFO] 2022-09-29 02:06:14,447 [    train.py:  186]:	Train:
[INFO] 2022-09-29 02:06:14,456 [    train.py:  198]:	Loss 0.0053, ('Ner Loss', 0.0008666514186188579),  ('CLS Classification Loss', 0.004434542264789343)
[INFO] 2022-09-29 02:06:14,456 [    train.py:  208]:	('Ner Acc', 0.999622642993927),  ('CLS Classification Acc', 0.9985388517379761)
[INFO] 2022-09-29 02:06:17,420 [    train.py:  220]:	Evaluate:
[INFO] 2022-09-29 02:06:17,421 [    train.py:  227]:	Loss 0.1591, ('Ner Loss', 0.016799426),  ('CLS Classification Loss', 0.1422524)
[INFO] 2022-09-29 02:06:17,421 [    train.py:  228]:	('Ner Acc', 0.99807096), ('CLS Classification Acc', 0.9811602)
[INFO] 2022-09-29 02:06:26,843 [    train.py:  237]:	Precision 0.605 Recall 0.618 F1 0.612
[INFO] 2022-09-29 02:07:56,897 [    train.py:  185]:	Epoch 50: 
[INFO] 2022-09-29 02:07:56,897 [    train.py:  186]:	Train:
[INFO] 2022-09-29 02:07:56,901 [    train.py:  198]:	Loss 0.0041, ('Ner Loss', 0.0007688290206715465),  ('CLS Classification Loss', 0.0032993366476148367)
[INFO] 2022-09-29 02:07:56,901 [    train.py:  208]:	('Ner Acc', 0.9996834993362427),  ('CLS Classification Acc', 0.99891197681427)
[INFO] 2022-09-29 02:07:59,893 [    train.py:  220]:	Evaluate:
[INFO] 2022-09-29 02:07:59,894 [    train.py:  227]:	Loss 0.1533, ('Ner Loss', 0.01804035),  ('CLS Classification Loss', 0.1352943)
[INFO] 2022-09-29 02:07:59,894 [    train.py:  228]:	('Ner Acc', 0.99809545), ('CLS Classification Acc', 0.9817044)
[INFO] 2022-09-29 02:08:09,311 [    train.py:  237]:	Precision 0.619 Recall 0.590 F1 0.604
[INFO] 2022-09-29 02:09:38,280 [    train.py:  185]:	Epoch 51: 
[INFO] 2022-09-29 02:09:38,281 [    train.py:  186]:	Train:
[INFO] 2022-09-29 02:09:38,284 [    train.py:  198]:	Loss 0.0036, ('Ner Loss', 0.0006944129127077758),  ('CLS Classification Loss', 0.0029179255943745375)
[INFO] 2022-09-29 02:09:38,284 [    train.py:  208]:	('Ner Acc', 0.9997051358222961),  ('CLS Classification Acc', 0.9990342855453491)
[INFO] 2022-09-29 02:09:41,363 [    train.py:  220]:	Evaluate:
[INFO] 2022-09-29 02:09:41,364 [    train.py:  227]:	Loss 0.1711, ('Ner Loss', 0.01865505),  ('CLS Classification Loss', 0.15244575)
[INFO] 2022-09-29 02:09:41,364 [    train.py:  228]:	('Ner Acc', 0.9981308), ('CLS Classification Acc', 0.9822567)
[INFO] 2022-09-29 02:09:50,813 [    train.py:  237]:	Precision 0.632 Recall 0.609 F1 0.620
[INFO] 2022-09-29 02:11:20,916 [    train.py:  185]:	Epoch 52: 
[INFO] 2022-09-29 02:11:20,917 [    train.py:  186]:	Train:
[INFO] 2022-09-29 02:11:20,920 [    train.py:  198]:	Loss 0.0041, ('Ner Loss', 0.0006865774630568922),  ('CLS Classification Loss', 0.003420621622353792)
[INFO] 2022-09-29 02:11:20,920 [    train.py:  208]:	('Ner Acc', 0.999709963798523),  ('CLS Classification Acc', 0.9990583658218384)
[INFO] 2022-09-29 02:11:23,916 [    train.py:  220]:	Evaluate:
[INFO] 2022-09-29 02:11:23,917 [    train.py:  227]:	Loss 0.1622, ('Ner Loss', 0.018361317),  ('CLS Classification Loss', 0.14385863)
[INFO] 2022-09-29 02:11:23,917 [    train.py:  228]:	('Ner Acc', 0.998089), ('CLS Classification Acc', 0.9806577)
[INFO] 2022-09-29 02:11:33,863 [    train.py:  237]:	Precision 0.607 Recall 0.609 F1 0.608
[INFO] 2022-09-29 02:13:05,304 [    train.py:  185]:	Epoch 53: 
[INFO] 2022-09-29 02:13:05,305 [    train.py:  186]:	Train:
[INFO] 2022-09-29 02:13:05,309 [    train.py:  198]:	Loss 0.0033, ('Ner Loss', 0.0006740143289789557),  ('CLS Classification Loss', 0.002601972548291087)
[INFO] 2022-09-29 02:13:05,309 [    train.py:  208]:	('Ner Acc', 0.9997304081916809),  ('CLS Classification Acc', 0.9993179440498352)
[INFO] 2022-09-29 02:13:08,380 [    train.py:  220]:	Evaluate:
[INFO] 2022-09-29 02:13:08,380 [    train.py:  227]:	Loss 0.1609, ('Ner Loss', 0.01898174),  ('CLS Classification Loss', 0.14194763)
[INFO] 2022-09-29 02:13:08,380 [    train.py:  228]:	('Ner Acc', 0.9981), ('CLS Classification Acc', 0.9804708)
[INFO] 2022-09-29 02:13:17,891 [    train.py:  237]:	Precision 0.618 Recall 0.590 F1 0.604
[INFO] 2022-09-29 02:14:47,424 [    train.py:  185]:	Epoch 54: 
[INFO] 2022-09-29 02:14:47,425 [    train.py:  186]:	Train:
[INFO] 2022-09-29 02:14:47,428 [    train.py:  198]:	Loss 0.0028, ('Ner Loss', 0.0005992997903376818),  ('CLS Classification Loss', 0.002158661372959614)
[INFO] 2022-09-29 02:14:47,428 [    train.py:  208]:	('Ner Acc', 0.9997529983520508),  ('CLS Classification Acc', 0.9992856383323669)
[INFO] 2022-09-29 02:14:50,497 [    train.py:  220]:	Evaluate:
[INFO] 2022-09-29 02:14:50,498 [    train.py:  227]:	Loss 0.1684, ('Ner Loss', 0.020114124),  ('CLS Classification Loss', 0.14828308)
[INFO] 2022-09-29 02:14:50,498 [    train.py:  228]:	('Ner Acc', 0.9981249), ('CLS Classification Acc', 0.98125154)
[INFO] 2022-09-29 02:14:59,968 [    train.py:  237]:	Precision 0.618 Recall 0.553 F1 0.584
[INFO] 2022-09-29 02:16:29,588 [    train.py:  185]:	Epoch 55: 
[INFO] 2022-09-29 02:16:29,588 [    train.py:  186]:	Train:
[INFO] 2022-09-29 02:16:29,596 [    train.py:  198]:	Loss 0.0033, ('Ner Loss', 0.0006381739513017237),  ('CLS Classification Loss', 0.0026818211190402508)
[INFO] 2022-09-29 02:16:29,596 [    train.py:  208]:	('Ner Acc', 0.9997373223304749),  ('CLS Classification Acc', 0.9992451667785645)
[INFO] 2022-09-29 02:16:32,618 [    train.py:  220]:	Evaluate:
[INFO] 2022-09-29 02:16:32,618 [    train.py:  227]:	Loss 0.1700, ('Ner Loss', 0.01953402),  ('CLS Classification Loss', 0.15045352)
[INFO] 2022-09-29 02:16:32,618 [    train.py:  228]:	('Ner Acc', 0.99798614), ('CLS Classification Acc', 0.98134303)
[INFO] 2022-09-29 02:16:42,236 [    train.py:  237]:	Precision 0.618 Recall 0.553 F1 0.584
[INFO] 2022-09-29 02:18:12,096 [    train.py:  185]:	Epoch 56: 
[INFO] 2022-09-29 02:18:12,096 [    train.py:  186]:	Train:
[INFO] 2022-09-29 02:18:12,099 [    train.py:  198]:	Loss 0.0035, ('Ner Loss', 0.0006029322976246476),  ('CLS Classification Loss', 0.0028694812208414078)
[INFO] 2022-09-29 02:18:12,099 [    train.py:  208]:	('Ner Acc', 0.9997597336769104),  ('CLS Classification Acc', 0.9990582466125488)
[INFO] 2022-09-29 02:18:15,193 [    train.py:  220]:	Evaluate:
[INFO] 2022-09-29 02:18:15,194 [    train.py:  227]:	Loss 0.1639, ('Ner Loss', 0.017618861),  ('CLS Classification Loss', 0.14626536)
[INFO] 2022-09-29 02:18:15,194 [    train.py:  228]:	('Ner Acc', 0.99799085), ('CLS Classification Acc', 0.9799309)
[INFO] 2022-09-29 02:18:24,672 [    train.py:  237]:	Precision 0.576 Recall 0.580 F1 0.578
[INFO] 2022-09-29 02:19:55,317 [    train.py:  185]:	Epoch 57: 
[INFO] 2022-09-29 02:19:55,317 [    train.py:  186]:	Train:
[INFO] 2022-09-29 02:19:55,320 [    train.py:  198]:	Loss 0.0040, ('Ner Loss', 0.0005859303055331111),  ('CLS Classification Loss', 0.0034167002886533737)
[INFO] 2022-09-29 02:19:55,320 [    train.py:  208]:	('Ner Acc', 0.9997592568397522),  ('CLS Classification Acc', 0.9989688992500305)
[INFO] 2022-09-29 02:19:58,325 [    train.py:  220]:	Evaluate:
[INFO] 2022-09-29 02:19:58,326 [    train.py:  227]:	Loss 0.1570, ('Ner Loss', 0.017896058),  ('CLS Classification Loss', 0.13911681)
[INFO] 2022-09-29 02:19:58,326 [    train.py:  228]:	('Ner Acc', 0.9979901), ('CLS Classification Acc', 0.9802964)
[INFO] 2022-09-29 02:20:07,855 [    train.py:  237]:	Precision 0.604 Recall 0.583 F1 0.593
[INFO] 2022-09-29 02:21:38,433 [    train.py:  185]:	Epoch 58: 
[INFO] 2022-09-29 02:21:38,434 [    train.py:  186]:	Train:
[INFO] 2022-09-29 02:21:38,436 [    train.py:  198]:	Loss 0.0035, ('Ner Loss', 0.0005772158619947731),  ('CLS Classification Loss', 0.0028935540467500687)
[INFO] 2022-09-29 02:21:38,436 [    train.py:  208]:	('Ner Acc', 0.9997740387916565),  ('CLS Classification Acc', 0.9989851713180542)
[INFO] 2022-09-29 02:21:41,465 [    train.py:  220]:	Evaluate:
[INFO] 2022-09-29 02:21:41,465 [    train.py:  227]:	Loss 0.1585, ('Ner Loss', 0.017912889),  ('CLS Classification Loss', 0.14063023)
[INFO] 2022-09-29 02:21:41,465 [    train.py:  228]:	('Ner Acc', 0.9979477), ('CLS Classification Acc', 0.98097754)
[INFO] 2022-09-29 02:21:50,881 [    train.py:  237]:	Precision 0.612 Recall 0.590 F1 0.601
[INFO] 2022-09-29 02:23:20,342 [    train.py:  185]:	Epoch 59: 
[INFO] 2022-09-29 02:23:20,343 [    train.py:  186]:	Train:
[INFO] 2022-09-29 02:23:20,350 [    train.py:  198]:	Loss 0.0027, ('Ner Loss', 0.0005383843090385199),  ('CLS Classification Loss', 0.002123670419678092)
[INFO] 2022-09-29 02:23:20,350 [    train.py:  208]:	('Ner Acc', 0.9997888803482056),  ('CLS Classification Acc', 0.99931800365448)
[INFO] 2022-09-29 02:23:23,343 [    train.py:  220]:	Evaluate:
[INFO] 2022-09-29 02:23:23,343 [    train.py:  227]:	Loss 0.1836, ('Ner Loss', 0.019095229),  ('CLS Classification Loss', 0.16447419)
[INFO] 2022-09-29 02:23:23,344 [    train.py:  228]:	('Ner Acc', 0.99799377), ('CLS Classification Acc', 0.98002225)
[INFO] 2022-09-29 02:23:33,234 [    train.py:  237]:	Precision 0.591 Recall 0.594 F1 0.592
[INFO] 2022-09-29 02:25:04,225 [    train.py:  185]:	Epoch 60: 
[INFO] 2022-09-29 02:25:04,225 [    train.py:  186]:	Train:
[INFO] 2022-09-29 02:25:04,228 [    train.py:  198]:	Loss 0.0037, ('Ner Loss', 0.0005058832466602325),  ('CLS Classification Loss', 0.003169676521793008)
[INFO] 2022-09-29 02:25:04,229 [    train.py:  208]:	('Ner Acc', 0.9997953772544861),  ('CLS Classification Acc', 0.9991071224212646)
[INFO] 2022-09-29 02:25:07,207 [    train.py:  220]:	Evaluate:
[INFO] 2022-09-29 02:25:07,208 [    train.py:  227]:	Loss 0.1706, ('Ner Loss', 0.020023437),  ('CLS Classification Loss', 0.15058056)
[INFO] 2022-09-29 02:25:07,208 [    train.py:  228]:	('Ner Acc', 0.9980607), ('CLS Classification Acc', 0.9811146)
[INFO] 2022-09-29 02:25:16,371 [    train.py:  237]:	Precision 0.607 Recall 0.559 F1 0.582
[INFO] 2022-09-29 02:26:46,406 [    train.py:  185]:	Epoch 61: 
[INFO] 2022-09-29 02:26:46,407 [    train.py:  186]:	Train:
[INFO] 2022-09-29 02:26:46,411 [    train.py:  198]:	Loss 0.0021, ('Ner Loss', 0.0004322158347349614),  ('CLS Classification Loss', 0.0017128514591604471)
[INFO] 2022-09-29 02:26:46,411 [    train.py:  208]:	('Ner Acc', 0.9998306035995483),  ('CLS Classification Acc', 0.9995128512382507)
[INFO] 2022-09-29 02:26:49,459 [    train.py:  220]:	Evaluate:
[INFO] 2022-09-29 02:26:49,460 [    train.py:  227]:	Loss 0.1836, ('Ner Loss', 0.020419111),  ('CLS Classification Loss', 0.16313247)
[INFO] 2022-09-29 02:26:49,460 [    train.py:  228]:	('Ner Acc', 0.99806684), ('CLS Classification Acc', 0.9808405)
[INFO] 2022-09-29 02:26:58,698 [    train.py:  237]:	Precision 0.614 Recall 0.602 F1 0.608
[INFO] 2022-09-29 02:28:28,933 [    train.py:  185]:	Epoch 62: 
[INFO] 2022-09-29 02:28:28,934 [    train.py:  186]:	Train:
[INFO] 2022-09-29 02:28:28,943 [    train.py:  198]:	Loss 0.0022, ('Ner Loss', 0.0004408711101859808),  ('CLS Classification Loss', 0.001801676582545042)
[INFO] 2022-09-29 02:28:28,943 [    train.py:  208]:	('Ner Acc', 0.9998318552970886),  ('CLS Classification Acc', 0.9993746280670166)
[INFO] 2022-09-29 02:28:31,964 [    train.py:  220]:	Evaluate:
[INFO] 2022-09-29 02:28:31,964 [    train.py:  227]:	Loss 0.1655, ('Ner Loss', 0.019878311),  ('CLS Classification Loss', 0.14561203)
[INFO] 2022-09-29 02:28:31,964 [    train.py:  228]:	('Ner Acc', 0.99805933), ('CLS Classification Acc', 0.9807947)
[INFO] 2022-09-29 02:28:41,033 [    train.py:  237]:	Precision 0.619 Recall 0.555 F1 0.585
[INFO] 2022-09-29 02:30:11,123 [    train.py:  185]:	Epoch 63: 
[INFO] 2022-09-29 02:30:11,123 [    train.py:  186]:	Train:
[INFO] 2022-09-29 02:30:11,127 [    train.py:  198]:	Loss 0.0025, ('Ner Loss', 0.0004950406728312373),  ('CLS Classification Loss', 0.0019940061029046774)
[INFO] 2022-09-29 02:30:11,127 [    train.py:  208]:	('Ner Acc', 0.9998100399971008),  ('CLS Classification Acc', 0.9993585348129272)
[INFO] 2022-09-29 02:30:14,215 [    train.py:  220]:	Evaluate:
[INFO] 2022-09-29 02:30:14,216 [    train.py:  227]:	Loss 0.1591, ('Ner Loss', 0.018308641),  ('CLS Classification Loss', 0.14081003)
[INFO] 2022-09-29 02:30:14,216 [    train.py:  228]:	('Ner Acc', 0.99806136), ('CLS Classification Acc', 0.9802964)
[INFO] 2022-09-29 02:30:23,534 [    train.py:  237]:	Precision 0.620 Recall 0.595 F1 0.607
[INFO] 2022-09-29 02:31:52,847 [    train.py:  185]:	Epoch 64: 
[INFO] 2022-09-29 02:31:52,848 [    train.py:  186]:	Train:
[INFO] 2022-09-29 02:31:52,851 [    train.py:  198]:	Loss 0.0030, ('Ner Loss', 0.00048807598068378866),  ('CLS Classification Loss', 0.00250089168548584)
[INFO] 2022-09-29 02:31:52,851 [    train.py:  208]:	('Ner Acc', 0.9998075366020203),  ('CLS Classification Acc', 0.9991640448570251)
[INFO] 2022-09-29 02:31:55,905 [    train.py:  220]:	Evaluate:
[INFO] 2022-09-29 02:31:55,905 [    train.py:  227]:	Loss 0.1792, ('Ner Loss', 0.018596878),  ('CLS Classification Loss', 0.16062702)
[INFO] 2022-09-29 02:31:55,906 [    train.py:  228]:	('Ner Acc', 0.9980601), ('CLS Classification Acc', 0.97906274)
[INFO] 2022-09-29 02:32:05,183 [    train.py:  237]:	Precision 0.590 Recall 0.620 F1 0.605
[INFO] 2022-09-29 02:33:34,171 [    train.py:  185]:	Epoch 65: 
[INFO] 2022-09-29 02:33:34,171 [    train.py:  186]:	Train:
[INFO] 2022-09-29 02:33:34,175 [    train.py:  198]:	Loss 0.0033, ('Ner Loss', 0.00047055521281436086),  ('CLS Classification Loss', 0.0027863995637744665)
[INFO] 2022-09-29 02:33:34,176 [    train.py:  208]:	('Ner Acc', 0.9998369812965393),  ('CLS Classification Acc', 0.9991070628166199)
[INFO] 2022-09-29 02:33:37,279 [    train.py:  220]:	Evaluate:
[INFO] 2022-09-29 02:33:37,280 [    train.py:  227]:	Loss 0.1678, ('Ner Loss', 0.018769503),  ('CLS Classification Loss', 0.14902115)
[INFO] 2022-09-29 02:33:37,280 [    train.py:  228]:	('Ner Acc', 0.9980372), ('CLS Classification Acc', 0.98057467)
[INFO] 2022-09-29 02:33:46,587 [    train.py:  237]:	Precision 0.608 Recall 0.603 F1 0.605
[INFO] 2022-09-29 02:35:16,426 [    train.py:  185]:	Epoch 66: 
[INFO] 2022-09-29 02:35:16,427 [    train.py:  186]:	Train:
[INFO] 2022-09-29 02:35:16,430 [    train.py:  198]:	Loss 0.0022, ('Ner Loss', 0.0003919361624866724),  ('CLS Classification Loss', 0.0017998588737100363)
[INFO] 2022-09-29 02:35:16,430 [    train.py:  208]:	('Ner Acc', 0.9998395442962646),  ('CLS Classification Acc', 0.9994398951530457)
[INFO] 2022-09-29 02:35:19,442 [    train.py:  220]:	Evaluate:
[INFO] 2022-09-29 02:35:19,442 [    train.py:  227]:	Loss 0.1935, ('Ner Loss', 0.02026819),  ('CLS Classification Loss', 0.17320986)
[INFO] 2022-09-29 02:35:19,443 [    train.py:  228]:	('Ner Acc', 0.99794436), ('CLS Classification Acc', 0.97942835)
[INFO] 2022-09-29 02:35:28,462 [    train.py:  237]:	Precision 0.574 Recall 0.611 F1 0.592
[INFO] 2022-09-29 02:36:58,432 [    train.py:  185]:	Epoch 67: 
[INFO] 2022-09-29 02:36:58,433 [    train.py:  186]:	Train:
[INFO] 2022-09-29 02:36:58,436 [    train.py:  198]:	Loss 0.0021, ('Ner Loss', 0.0003989869146607816),  ('CLS Classification Loss', 0.0017406431725248694)
[INFO] 2022-09-29 02:36:58,436 [    train.py:  208]:	('Ner Acc', 0.9998466968536377),  ('CLS Classification Acc', 0.9994722604751587)
[INFO] 2022-09-29 02:37:01,508 [    train.py:  220]:	Evaluate:
[INFO] 2022-09-29 02:37:01,509 [    train.py:  227]:	Loss 0.1650, ('Ner Loss', 0.020096138),  ('CLS Classification Loss', 0.14494431)
[INFO] 2022-09-29 02:37:01,509 [    train.py:  228]:	('Ner Acc', 0.9980357), ('CLS Classification Acc', 0.98043764)
[INFO] 2022-09-29 02:37:10,958 [    train.py:  237]:	Precision 0.626 Recall 0.566 F1 0.594
[INFO] 2022-09-29 02:38:29,092 [    train.py:  185]:	Epoch 68: 
[INFO] 2022-09-29 02:38:29,093 [    train.py:  186]:	Train:
[INFO] 2022-09-29 02:38:29,095 [    train.py:  198]:	Loss 0.0031, ('Ner Loss', 0.0004729013307951391),  ('CLS Classification Loss', 0.002654078882187605)
[INFO] 2022-09-29 02:38:29,095 [    train.py:  208]:	('Ner Acc', 0.9998149275779724),  ('CLS Classification Acc', 0.9992368221282959)
[INFO] 2022-09-29 02:38:31,330 [    train.py:  220]:	Evaluate:
[INFO] 2022-09-29 02:38:31,331 [    train.py:  227]:	Loss 0.1799, ('Ner Loss', 0.02019699),  ('CLS Classification Loss', 0.15968366)
[INFO] 2022-09-29 02:38:31,331 [    train.py:  228]:	('Ner Acc', 0.99793893), ('CLS Classification Acc', 0.9795696)
[INFO] 2022-09-29 02:38:41,109 [    train.py:  237]:	Precision 0.582 Recall 0.610 F1 0.595
[INFO] 2022-09-29 02:39:48,819 [    train.py:  185]:	Epoch 69: 
[INFO] 2022-09-29 02:39:48,819 [    train.py:  186]:	Train:
[INFO] 2022-09-29 02:39:48,822 [    train.py:  198]:	Loss 0.0020, ('Ner Loss', 0.0003408063785172999),  ('CLS Classification Loss', 0.0016630510799586773)
[INFO] 2022-09-29 02:39:48,822 [    train.py:  208]:	('Ner Acc', 0.9998721480369568),  ('CLS Classification Acc', 0.9995453953742981)
[INFO] 2022-09-29 02:39:51,193 [    train.py:  220]:	Evaluate:
[INFO] 2022-09-29 02:39:51,193 [    train.py:  227]:	Loss 0.1956, ('Ner Loss', 0.021545894),  ('CLS Classification Loss', 0.17403713)
[INFO] 2022-09-29 02:39:51,193 [    train.py:  228]:	('Ner Acc', 0.9980194), ('CLS Classification Acc', 0.980612)
[INFO] 2022-09-29 02:40:00,996 [    train.py:  237]:	Precision 0.594 Recall 0.626 F1 0.610
[INFO] 2022-09-29 02:41:31,131 [    train.py:  185]:	Epoch 70: 
[INFO] 2022-09-29 02:41:31,132 [    train.py:  186]:	Train:
[INFO] 2022-09-29 02:41:31,134 [    train.py:  198]:	Loss 0.0020, ('Ner Loss', 0.00035654628300108016),  ('CLS Classification Loss', 0.0016612968174740672)
[INFO] 2022-09-29 02:41:31,134 [    train.py:  208]:	('Ner Acc', 0.9998576641082764),  ('CLS Classification Acc', 0.9993911385536194)
[INFO] 2022-09-29 02:41:34,161 [    train.py:  220]:	Evaluate:
[INFO] 2022-09-29 02:41:34,162 [    train.py:  227]:	Loss 0.1854, ('Ner Loss', 0.020397335),  ('CLS Classification Loss', 0.16501448)
[INFO] 2022-09-29 02:41:34,162 [    train.py:  228]:	('Ner Acc', 0.99807245), ('CLS Classification Acc', 0.98057055)
[INFO] 2022-09-29 02:41:43,928 [    train.py:  237]:	Precision 0.595 Recall 0.600 F1 0.597
[INFO] 2022-09-29 02:43:14,079 [    train.py:  185]:	Epoch 71: 
[INFO] 2022-09-29 02:43:14,079 [    train.py:  186]:	Train:
[INFO] 2022-09-29 02:43:14,083 [    train.py:  198]:	Loss 0.0026, ('Ner Loss', 0.0003385026939213276),  ('CLS Classification Loss', 0.0023069544695317745)
[INFO] 2022-09-29 02:43:14,083 [    train.py:  208]:	('Ner Acc', 0.9998712539672852),  ('CLS Classification Acc', 0.9992530345916748)
[INFO] 2022-09-29 02:43:17,158 [    train.py:  220]:	Evaluate:
[INFO] 2022-09-29 02:43:17,159 [    train.py:  227]:	Loss 0.1758, ('Ner Loss', 0.020610053),  ('CLS Classification Loss', 0.1551467)
[INFO] 2022-09-29 02:43:17,159 [    train.py:  228]:	('Ner Acc', 0.9978749), ('CLS Classification Acc', 0.98016346)
[INFO] 2022-09-29 02:43:26,613 [    train.py:  237]:	Precision 0.591 Recall 0.569 F1 0.580
[INFO] 2022-09-29 02:44:57,152 [    train.py:  185]:	Epoch 72: 
[INFO] 2022-09-29 02:44:57,152 [    train.py:  186]:	Train:
[INFO] 2022-09-29 02:44:57,156 [    train.py:  198]:	Loss 0.0026, ('Ner Loss', 0.00042020168621093035),  ('CLS Classification Loss', 0.002130408538505435)
[INFO] 2022-09-29 02:44:57,156 [    train.py:  208]:	('Ner Acc', 0.9998630285263062),  ('CLS Classification Acc', 0.999269425868988)
[INFO] 2022-09-29 02:45:00,189 [    train.py:  220]:	Evaluate:
[INFO] 2022-09-29 02:45:00,190 [    train.py:  227]:	Loss 0.1790, ('Ner Loss', 0.021185746),  ('CLS Classification Loss', 0.15784824)
[INFO] 2022-09-29 02:45:00,190 [    train.py:  228]:	('Ner Acc', 0.9979974), ('CLS Classification Acc', 0.97979796)
[INFO] 2022-09-29 02:45:09,559 [    train.py:  237]:	Precision 0.588 Recall 0.582 F1 0.585
[INFO] 2022-09-29 02:46:39,672 [    train.py:  185]:	Epoch 73: 
[INFO] 2022-09-29 02:46:39,673 [    train.py:  186]:	Train:
[INFO] 2022-09-29 02:46:39,677 [    train.py:  198]:	Loss 0.0019, ('Ner Loss', 0.0003023411554750055),  ('CLS Classification Loss', 0.0016197471413761377)
[INFO] 2022-09-29 02:46:39,677 [    train.py:  208]:	('Ner Acc', 0.9998898506164551),  ('CLS Classification Acc', 0.999455988407135)
[INFO] 2022-09-29 02:46:42,698 [    train.py:  220]:	Evaluate:
[INFO] 2022-09-29 02:46:42,698 [    train.py:  227]:	Loss 0.1795, ('Ner Loss', 0.022083873),  ('CLS Classification Loss', 0.15740712)
[INFO] 2022-09-29 02:46:42,698 [    train.py:  228]:	('Ner Acc', 0.99804103), ('CLS Classification Acc', 0.9795654)
[INFO] 2022-09-29 02:46:52,001 [    train.py:  237]:	Precision 0.589 Recall 0.597 F1 0.593
[INFO] 2022-09-29 02:48:21,895 [    train.py:  185]:	Epoch 74: 
[INFO] 2022-09-29 02:48:21,895 [    train.py:  186]:	Train:
[INFO] 2022-09-29 02:48:21,898 [    train.py:  198]:	Loss 0.0029, ('Ner Loss', 0.0004238591354805976),  ('CLS Classification Loss', 0.0024791748728603125)
[INFO] 2022-09-29 02:48:21,898 [    train.py:  208]:	('Ner Acc', 0.9998587369918823),  ('CLS Classification Acc', 0.9992775321006775)
[INFO] 2022-09-29 02:48:24,903 [    train.py:  220]:	Evaluate:
[INFO] 2022-09-29 02:48:24,904 [    train.py:  227]:	Loss 0.1829, ('Ner Loss', 0.021423163),  ('CLS Classification Loss', 0.16150703)
[INFO] 2022-09-29 02:48:24,904 [    train.py:  228]:	('Ner Acc', 0.9979456), ('CLS Classification Acc', 0.97983533)
[INFO] 2022-09-29 02:48:34,230 [    train.py:  237]:	Precision 0.591 Recall 0.581 F1 0.586
[INFO] 2022-09-29 02:50:04,556 [    train.py:  185]:	Epoch 75: 
[INFO] 2022-09-29 02:50:04,557 [    train.py:  186]:	Train:
[INFO] 2022-09-29 02:50:04,560 [    train.py:  198]:	Loss 0.0018, ('Ner Loss', 0.00030272360891103745),  ('CLS Classification Loss', 0.001457219128496945)
[INFO] 2022-09-29 02:50:04,560 [    train.py:  208]:	('Ner Acc', 0.9998898506164551),  ('CLS Classification Acc', 0.9995371699333191)
[INFO] 2022-09-29 02:50:07,628 [    train.py:  220]:	Evaluate:
[INFO] 2022-09-29 02:50:07,629 [    train.py:  227]:	Loss 0.1776, ('Ner Loss', 0.020098288),  ('CLS Classification Loss', 0.15754482)
[INFO] 2022-09-29 02:50:07,629 [    train.py:  228]:	('Ner Acc', 0.9978635), ('CLS Classification Acc', 0.97937846)
[INFO] 2022-09-29 02:50:17,409 [    train.py:  237]:	Precision 0.576 Recall 0.603 F1 0.589
[INFO] 2022-09-29 02:51:47,099 [    train.py:  185]:	Epoch 76: 
[INFO] 2022-09-29 02:51:47,099 [    train.py:  186]:	Train:
[INFO] 2022-09-29 02:51:47,103 [    train.py:  198]:	Loss 0.0025, ('Ner Loss', 0.0002987823390867561),  ('CLS Classification Loss', 0.0021686707623302937)
[INFO] 2022-09-29 02:51:47,103 [    train.py:  208]:	('Ner Acc', 0.9998883605003357),  ('CLS Classification Acc', 0.9994317889213562)
[INFO] 2022-09-29 02:51:50,089 [    train.py:  220]:	Evaluate:
[INFO] 2022-09-29 02:51:50,089 [    train.py:  227]:	Loss 0.1701, ('Ner Loss', 0.02124684),  ('CLS Classification Loss', 0.14881289)
[INFO] 2022-09-29 02:51:50,089 [    train.py:  228]:	('Ner Acc', 0.99801075), ('CLS Classification Acc', 0.98075324)
[INFO] 2022-09-29 02:51:59,354 [    train.py:  237]:	Precision 0.633 Recall 0.575 F1 0.602
[INFO] 2022-09-29 02:53:29,167 [    train.py:  185]:	Epoch 77: 
[INFO] 2022-09-29 02:53:29,167 [    train.py:  186]:	Train:
[INFO] 2022-09-29 02:53:29,170 [    train.py:  198]:	Loss 0.0017, ('Ner Loss', 0.0002740807249210775),  ('CLS Classification Loss', 0.001454408629797399)
[INFO] 2022-09-29 02:53:29,170 [    train.py:  208]:	('Ner Acc', 0.9998921155929565),  ('CLS Classification Acc', 0.9995453953742981)
[INFO] 2022-09-29 02:53:32,302 [    train.py:  220]:	Evaluate:
[INFO] 2022-09-29 02:53:32,302 [    train.py:  227]:	Loss 0.1821, ('Ner Loss', 0.021571586),  ('CLS Classification Loss', 0.16057047)
[INFO] 2022-09-29 02:53:32,303 [    train.py:  228]:	('Ner Acc', 0.99799216), ('CLS Classification Acc', 0.9804874)
[INFO] 2022-09-29 02:53:41,764 [    train.py:  237]:	Precision 0.604 Recall 0.596 F1 0.600
[INFO] 2022-09-29 02:55:11,469 [    train.py:  185]:	Epoch 78: 
[INFO] 2022-09-29 02:55:11,469 [    train.py:  186]:	Train:
[INFO] 2022-09-29 02:55:11,473 [    train.py:  198]:	Loss 0.0019, ('Ner Loss', 0.0002837816718965769),  ('CLS Classification Loss', 0.0015673558227717876)
[INFO] 2022-09-29 02:55:11,473 [    train.py:  208]:	('Ner Acc', 0.9999011754989624),  ('CLS Classification Acc', 0.9995939135551453)
[INFO] 2022-09-29 02:55:14,480 [    train.py:  220]:	Evaluate:
[INFO] 2022-09-29 02:55:14,481 [    train.py:  227]:	Loss 0.1583, ('Ner Loss', 0.021476988),  ('CLS Classification Loss', 0.13682696)
[INFO] 2022-09-29 02:55:14,481 [    train.py:  228]:	('Ner Acc', 0.9980021), ('CLS Classification Acc', 0.98129314)
[INFO] 2022-09-29 02:55:23,811 [    train.py:  237]:	Precision 0.605 Recall 0.591 F1 0.598
[INFO] 2022-09-29 02:56:53,672 [    train.py:  185]:	Epoch 79: 
[INFO] 2022-09-29 02:56:53,673 [    train.py:  186]:	Train:
[INFO] 2022-09-29 02:56:53,675 [    train.py:  198]:	Loss 0.0021, ('Ner Loss', 0.00030172072001732886),  ('CLS Classification Loss', 0.0018241554498672485)
[INFO] 2022-09-29 02:56:53,676 [    train.py:  208]:	('Ner Acc', 0.9998942613601685),  ('CLS Classification Acc', 0.9994478225708008)
[INFO] 2022-09-29 02:56:56,753 [    train.py:  220]:	Evaluate:
[INFO] 2022-09-29 02:56:56,753 [    train.py:  227]:	Loss 0.1685, ('Ner Loss', 0.020715646),  ('CLS Classification Loss', 0.14777903)
[INFO] 2022-09-29 02:56:56,753 [    train.py:  228]:	('Ner Acc', 0.9980219), ('CLS Classification Acc', 0.9815674)
[INFO] 2022-09-29 02:57:05,977 [    train.py:  237]:	Precision 0.621 Recall 0.596 F1 0.608
[INFO] 2022-09-29 02:58:35,308 [    train.py:  185]:	Epoch 80: 
[INFO] 2022-09-29 02:58:35,308 [    train.py:  186]:	Train:
[INFO] 2022-09-29 02:58:35,314 [    train.py:  198]:	Loss 0.0017, ('Ner Loss', 0.00028810344520024955),  ('CLS Classification Loss', 0.0014192452654242516)
[INFO] 2022-09-29 02:58:35,314 [    train.py:  208]:	('Ner Acc', 0.9998960494995117),  ('CLS Classification Acc', 0.9995290637016296)
[INFO] 2022-09-29 02:58:38,281 [    train.py:  220]:	Evaluate:
[INFO] 2022-09-29 02:58:38,281 [    train.py:  227]:	Loss 0.1686, ('Ner Loss', 0.020453796),  ('CLS Classification Loss', 0.14817782)
[INFO] 2022-09-29 02:58:38,281 [    train.py:  228]:	('Ner Acc', 0.99788195), ('CLS Classification Acc', 0.9797564)
[INFO] 2022-09-29 02:58:47,543 [    train.py:  237]:	Precision 0.575 Recall 0.607 F1 0.590
[INFO] 2022-09-29 03:00:17,180 [    train.py:  185]:	Epoch 81: 
[INFO] 2022-09-29 03:00:17,181 [    train.py:  186]:	Train:
[INFO] 2022-09-29 03:00:17,187 [    train.py:  198]:	Loss 0.0016, ('Ner Loss', 0.0002659159363247454),  ('CLS Classification Loss', 0.0012872647494077682)
[INFO] 2022-09-29 03:00:17,187 [    train.py:  208]:	('Ner Acc', 0.9999049305915833),  ('CLS Classification Acc', 0.9995371103286743)
[INFO] 2022-09-29 03:00:20,194 [    train.py:  220]:	Evaluate:
[INFO] 2022-09-29 03:00:20,194 [    train.py:  227]:	Loss 0.1750, ('Ner Loss', 0.021791628),  ('CLS Classification Loss', 0.1531765)
[INFO] 2022-09-29 03:00:20,194 [    train.py:  228]:	('Ner Acc', 0.9979752), ('CLS Classification Acc', 0.9807035)
[INFO] 2022-09-29 03:00:29,649 [    train.py:  237]:	Precision 0.597 Recall 0.627 F1 0.612
[INFO] 2022-09-29 03:02:00,370 [    train.py:  185]:	Epoch 82: 
[INFO] 2022-09-29 03:02:00,371 [    train.py:  186]:	Train:
[INFO] 2022-09-29 03:02:00,373 [    train.py:  198]:	Loss 0.0011, ('Ner Loss', 0.00024105646298266947),  ('CLS Classification Loss', 0.0008891882607713342)
[INFO] 2022-09-29 03:02:00,373 [    train.py:  208]:	('Ner Acc', 0.9999169111251831),  ('CLS Classification Acc', 0.9997400045394897)
[INFO] 2022-09-29 03:02:03,441 [    train.py:  220]:	Evaluate:
[INFO] 2022-09-29 03:02:03,442 [    train.py:  227]:	Loss 0.1841, ('Ner Loss', 0.02152045),  ('CLS Classification Loss', 0.16260217)
[INFO] 2022-09-29 03:02:03,442 [    train.py:  228]:	('Ner Acc', 0.99793893), ('CLS Classification Acc', 0.9817044)
[INFO] 2022-09-29 03:02:12,723 [    train.py:  237]:	Precision 0.612 Recall 0.622 F1 0.617
[INFO] 2022-09-29 03:03:41,699 [    train.py:  185]:	Epoch 83: 
[INFO] 2022-09-29 03:03:41,700 [    train.py:  186]:	Train:
[INFO] 2022-09-29 03:03:41,705 [    train.py:  198]:	Loss 0.0014, ('Ner Loss', 0.00040464772609993815),  ('CLS Classification Loss', 0.0010062316432595253)
[INFO] 2022-09-29 03:03:41,705 [    train.py:  208]:	('Ner Acc', 0.9998691082000732),  ('CLS Classification Acc', 0.9997158646583557)
[INFO] 2022-09-29 03:03:44,698 [    train.py:  220]:	Evaluate:
[INFO] 2022-09-29 03:03:44,699 [    train.py:  227]:	Loss 0.1862, ('Ner Loss', 0.02228107),  ('CLS Classification Loss', 0.16389598)
[INFO] 2022-09-29 03:03:44,699 [    train.py:  228]:	('Ner Acc', 0.99798536), ('CLS Classification Acc', 0.9813887)
[INFO] 2022-09-29 03:03:53,733 [    train.py:  237]:	Precision 0.616 Recall 0.603 F1 0.609
[INFO] 2022-09-29 03:05:22,670 [    train.py:  185]:	Epoch 84: 
[INFO] 2022-09-29 03:05:22,670 [    train.py:  186]:	Train:
[INFO] 2022-09-29 03:05:22,673 [    train.py:  198]:	Loss 0.0025, ('Ner Loss', 0.0003120524634141475),  ('CLS Classification Loss', 0.002191628562286496)
[INFO] 2022-09-29 03:05:22,673 [    train.py:  208]:	('Ner Acc', 0.9998813271522522),  ('CLS Classification Acc', 0.9992855191230774)
[INFO] 2022-09-29 03:05:25,718 [    train.py:  220]:	Evaluate:
[INFO] 2022-09-29 03:05:25,718 [    train.py:  227]:	Loss 0.1540, ('Ner Loss', 0.02093547),  ('CLS Classification Loss', 0.13301773)
[INFO] 2022-09-29 03:05:25,719 [    train.py:  228]:	('Ner Acc', 0.9979939), ('CLS Classification Acc', 0.9810731)
[INFO] 2022-09-29 03:05:35,341 [    train.py:  237]:	Precision 0.617 Recall 0.584 F1 0.600
[INFO] 2022-09-29 03:07:05,334 [    train.py:  185]:	Epoch 85: 
[INFO] 2022-09-29 03:07:05,335 [    train.py:  186]:	Train:
[INFO] 2022-09-29 03:07:05,338 [    train.py:  198]:	Loss 0.0028, ('Ner Loss', 0.00036886322777718306),  ('CLS Classification Loss', 0.0023873886093497276)
[INFO] 2022-09-29 03:07:05,338 [    train.py:  208]:	('Ner Acc', 0.9998756051063538),  ('CLS Classification Acc', 0.9992777705192566)
[INFO] 2022-09-29 03:07:08,305 [    train.py:  220]:	Evaluate:
[INFO] 2022-09-29 03:07:08,305 [    train.py:  227]:	Loss 0.1616, ('Ner Loss', 0.020144299),  ('CLS Classification Loss', 0.14147326)
[INFO] 2022-09-29 03:07:08,306 [    train.py:  228]:	('Ner Acc', 0.99793893), ('CLS Classification Acc', 0.98071176)
[INFO] 2022-09-29 03:07:17,863 [    train.py:  237]:	Precision 0.604 Recall 0.609 F1 0.606
[INFO] 2022-09-29 03:08:47,815 [    train.py:  185]:	Epoch 86: 
[INFO] 2022-09-29 03:08:47,816 [    train.py:  186]:	Train:
[INFO] 2022-09-29 03:08:47,823 [    train.py:  198]:	Loss 0.0010, ('Ner Loss', 0.00023833007435314357),  ('CLS Classification Loss', 0.0007221457199193537)
[INFO] 2022-09-29 03:08:47,823 [    train.py:  208]:	('Ner Acc', 0.9999158382415771),  ('CLS Classification Acc', 0.9997482895851135)
[INFO] 2022-09-29 03:08:50,880 [    train.py:  220]:	Evaluate:
[INFO] 2022-09-29 03:08:50,881 [    train.py:  227]:	Loss 0.1784, ('Ner Loss', 0.020228818),  ('CLS Classification Loss', 0.15820651)
[INFO] 2022-09-29 03:08:50,881 [    train.py:  228]:	('Ner Acc', 0.9979609), ('CLS Classification Acc', 0.98106474)
[INFO] 2022-09-29 03:09:00,369 [    train.py:  237]:	Precision 0.592 Recall 0.627 F1 0.609
[INFO] 2022-09-29 03:10:29,506 [    train.py:  185]:	Epoch 87: 
[INFO] 2022-09-29 03:10:29,507 [    train.py:  186]:	Train:
[INFO] 2022-09-29 03:10:29,512 [    train.py:  198]:	Loss 0.0007, ('Ner Loss', 0.0001864344667410478),  ('CLS Classification Loss', 0.0004764084005728364)
[INFO] 2022-09-29 03:10:29,512 [    train.py:  208]:	('Ner Acc', 0.9999447464942932),  ('CLS Classification Acc', 0.9998700618743896)
[INFO] 2022-09-29 03:10:32,538 [    train.py:  220]:	Evaluate:
[INFO] 2022-09-29 03:10:32,539 [    train.py:  227]:	Loss 0.1835, ('Ner Loss', 0.02202899),  ('CLS Classification Loss', 0.16152084)
[INFO] 2022-09-29 03:10:32,539 [    train.py:  228]:	('Ner Acc', 0.99793583), ('CLS Classification Acc', 0.98134714)
[INFO] 2022-09-29 03:10:41,843 [    train.py:  237]:	Precision 0.605 Recall 0.589 F1 0.597
[INFO] 2022-09-29 03:12:11,694 [    train.py:  185]:	Epoch 88: 
[INFO] 2022-09-29 03:12:11,694 [    train.py:  186]:	Train:
[INFO] 2022-09-29 03:12:11,700 [    train.py:  198]:	Loss 0.0011, ('Ner Loss', 0.00018856213137041777),  ('CLS Classification Loss', 0.0009098057635128498)
[INFO] 2022-09-29 03:12:11,700 [    train.py:  208]:	('Ner Acc', 0.9999366998672485),  ('CLS Classification Acc', 0.9997238516807556)
[INFO] 2022-09-29 03:12:14,724 [    train.py:  220]:	Evaluate:
[INFO] 2022-09-29 03:12:14,724 [    train.py:  227]:	Loss 0.1977, ('Ner Loss', 0.025257582),  ('CLS Classification Loss', 0.17240849)
[INFO] 2022-09-29 03:12:14,724 [    train.py:  228]:	('Ner Acc', 0.9978977), ('CLS Classification Acc', 0.9812973)
[INFO] 2022-09-29 03:12:24,077 [    train.py:  237]:	Precision 0.628 Recall 0.544 F1 0.583
[INFO] 2022-09-29 03:13:54,206 [    train.py:  185]:	Epoch 89: 
[INFO] 2022-09-29 03:13:54,207 [    train.py:  186]:	Train:
[INFO] 2022-09-29 03:13:54,210 [    train.py:  198]:	Loss 0.0025, ('Ner Loss', 0.00026245907065458596),  ('CLS Classification Loss', 0.0022455782163888216)
[INFO] 2022-09-29 03:13:54,211 [    train.py:  208]:	('Ner Acc', 0.9999055862426758),  ('CLS Classification Acc', 0.9994237422943115)
[INFO] 2022-09-29 03:13:57,170 [    train.py:  220]:	Evaluate:
[INFO] 2022-09-29 03:13:57,171 [    train.py:  227]:	Loss 0.1900, ('Ner Loss', 0.02396313),  ('CLS Classification Loss', 0.16605912)
[INFO] 2022-09-29 03:13:57,171 [    train.py:  228]:	('Ner Acc', 0.9978846), ('CLS Classification Acc', 0.9795654)
[INFO] 2022-09-29 03:14:06,151 [    train.py:  237]:	Precision 0.588 Recall 0.609 F1 0.598
[INFO] 2022-09-29 03:15:14,308 [    train.py:  185]:	Epoch 90: 
[INFO] 2022-09-29 03:15:14,309 [    train.py:  186]:	Train:
[INFO] 2022-09-29 03:15:14,312 [    train.py:  198]:	Loss 0.0014, ('Ner Loss', 0.0001977054198505357),  ('CLS Classification Loss', 0.0012106318026781082)
[INFO] 2022-09-29 03:15:14,312 [    train.py:  208]:	('Ner Acc', 0.9999405145645142),  ('CLS Classification Acc', 0.9997238516807556)
[INFO] 2022-09-29 03:15:16,541 [    train.py:  220]:	Evaluate:
[INFO] 2022-09-29 03:15:16,542 [    train.py:  227]:	Loss 0.1537, ('Ner Loss', 0.02143415),  ('CLS Classification Loss', 0.13221833)
[INFO] 2022-09-29 03:15:16,542 [    train.py:  228]:	('Ner Acc', 0.9979876), ('CLS Classification Acc', 0.9813887)
[INFO] 2022-09-29 03:15:26,090 [    train.py:  237]:	Precision 0.617 Recall 0.595 F1 0.606
[INFO] 2022-09-29 03:16:41,684 [    train.py:  185]:	Epoch 91: 
[INFO] 2022-09-29 03:16:41,684 [    train.py:  186]:	Train:
[INFO] 2022-09-29 03:16:41,688 [    train.py:  198]:	Loss 0.0016, ('Ner Loss', 0.0002507618919480592),  ('CLS Classification Loss', 0.0013561772648245096)
[INFO] 2022-09-29 03:16:41,688 [    train.py:  208]:	('Ner Acc', 0.9999182820320129),  ('CLS Classification Acc', 0.9996348023414612)
[INFO] 2022-09-29 03:16:44,744 [    train.py:  220]:	Evaluate:
[INFO] 2022-09-29 03:16:44,745 [    train.py:  227]:	Loss 0.1862, ('Ner Loss', 0.022878),  ('CLS Classification Loss', 0.16333647)
[INFO] 2022-09-29 03:16:44,745 [    train.py:  228]:	('Ner Acc', 0.99796957), ('CLS Classification Acc', 0.98044175)
[INFO] 2022-09-29 03:16:53,938 [    train.py:  237]:	Precision 0.598 Recall 0.604 F1 0.601
[INFO] 2022-09-29 03:18:23,893 [    train.py:  185]:	Epoch 92: 
[INFO] 2022-09-29 03:18:23,893 [    train.py:  186]:	Train:
[INFO] 2022-09-29 03:18:23,896 [    train.py:  198]:	Loss 0.0011, ('Ner Loss', 0.00017170811770483851),  ('CLS Classification Loss', 0.0009501135791651905)
[INFO] 2022-09-29 03:18:23,896 [    train.py:  208]:	('Ner Acc', 0.9999465942382812),  ('CLS Classification Acc', 0.9997563362121582)
[INFO] 2022-09-29 03:18:26,850 [    train.py:  220]:	Evaluate:
[INFO] 2022-09-29 03:18:26,851 [    train.py:  227]:	Loss 0.1922, ('Ner Loss', 0.022987192),  ('CLS Classification Loss', 0.16917281)
[INFO] 2022-09-29 03:18:26,851 [    train.py:  228]:	('Ner Acc', 0.9979508), ('CLS Classification Acc', 0.9804292)
[INFO] 2022-09-29 03:18:36,150 [    train.py:  237]:	Precision 0.604 Recall 0.607 F1 0.605
[INFO] 2022-09-29 03:20:05,217 [    train.py:  185]:	Epoch 93: 
[INFO] 2022-09-29 03:20:05,217 [    train.py:  186]:	Train:
[INFO] 2022-09-29 03:20:05,219 [    train.py:  198]:	Loss 0.0010, ('Ner Loss', 0.00016187016444746405),  ('CLS Classification Loss', 0.0008036830113269389)
[INFO] 2022-09-29 03:20:05,220 [    train.py:  208]:	('Ner Acc', 0.9999465346336365),  ('CLS Classification Acc', 0.9997401833534241)
[INFO] 2022-09-29 03:20:08,241 [    train.py:  220]:	Evaluate:
[INFO] 2022-09-29 03:20:08,242 [    train.py:  227]:	Loss 0.1928, ('Ner Loss', 0.023638474),  ('CLS Classification Loss', 0.16915008)
[INFO] 2022-09-29 03:20:08,242 [    train.py:  228]:	('Ner Acc', 0.9979518), ('CLS Classification Acc', 0.98043764)
[INFO] 2022-09-29 03:20:17,429 [    train.py:  237]:	Precision 0.589 Recall 0.584 F1 0.586
[INFO] 2022-09-29 03:21:47,704 [    train.py:  185]:	Epoch 94: 
[INFO] 2022-09-29 03:21:47,705 [    train.py:  186]:	Train:
[INFO] 2022-09-29 03:21:47,707 [    train.py:  198]:	Loss 0.0017, ('Ner Loss', 0.00019304284069221467),  ('CLS Classification Loss', 0.0015243947273120284)
[INFO] 2022-09-29 03:21:47,707 [    train.py:  208]:	('Ner Acc', 0.9999225735664368),  ('CLS Classification Acc', 0.9995777606964111)
[INFO] 2022-09-29 03:21:50,760 [    train.py:  220]:	Evaluate:
[INFO] 2022-09-29 03:21:50,761 [    train.py:  227]:	Loss 0.1745, ('Ner Loss', 0.022496702),  ('CLS Classification Loss', 0.15196858)
[INFO] 2022-09-29 03:21:50,761 [    train.py:  228]:	('Ner Acc', 0.9979687), ('CLS Classification Acc', 0.9814884)
[INFO] 2022-09-29 03:22:00,291 [    train.py:  237]:	Precision 0.622 Recall 0.625 F1 0.624
[INFO] 2022-09-29 03:23:30,334 [    train.py:  185]:	Epoch 95: 
[INFO] 2022-09-29 03:23:30,334 [    train.py:  186]:	Train:
[INFO] 2022-09-29 03:23:30,338 [    train.py:  198]:	Loss 0.0011, ('Ner Loss', 0.00016727916954550892),  ('CLS Classification Loss', 0.0009791883639991283)
[INFO] 2022-09-29 03:23:30,338 [    train.py:  208]:	('Ner Acc', 0.9999410510063171),  ('CLS Classification Acc', 0.9997238516807556)
[INFO] 2022-09-29 03:23:33,462 [    train.py:  220]:	Evaluate:
[INFO] 2022-09-29 03:23:33,463 [    train.py:  227]:	Loss 0.1822, ('Ner Loss', 0.024493467),  ('CLS Classification Loss', 0.15767024)
[INFO] 2022-09-29 03:23:33,463 [    train.py:  228]:	('Ner Acc', 0.9980087), ('CLS Classification Acc', 0.98071593)
[INFO] 2022-09-29 03:23:42,999 [    train.py:  237]:	Precision 0.604 Recall 0.627 F1 0.615
[INFO] 2022-09-29 03:25:12,115 [    train.py:  185]:	Epoch 96: 
[INFO] 2022-09-29 03:25:12,115 [    train.py:  186]:	Train:
[INFO] 2022-09-29 03:25:12,118 [    train.py:  198]:	Loss 0.0019, ('Ner Loss', 0.00025826963246800005),  ('CLS Classification Loss', 0.0016138723585754633)
[INFO] 2022-09-29 03:25:12,118 [    train.py:  208]:	('Ner Acc', 0.999917209148407),  ('CLS Classification Acc', 0.9996182918548584)
[INFO] 2022-09-29 03:25:15,145 [    train.py:  220]:	Evaluate:
[INFO] 2022-09-29 03:25:15,146 [    train.py:  227]:	Loss 0.1609, ('Ner Loss', 0.023074495),  ('CLS Classification Loss', 0.1378544)
[INFO] 2022-09-29 03:25:15,146 [    train.py:  228]:	('Ner Acc', 0.99796736), ('CLS Classification Acc', 0.98098165)
[INFO] 2022-09-29 03:25:24,650 [    train.py:  237]:	Precision 0.612 Recall 0.600 F1 0.606
[INFO] 2022-09-29 03:26:54,386 [    train.py:  185]:	Epoch 97: 
[INFO] 2022-09-29 03:26:54,386 [    train.py:  186]:	Train:
[INFO] 2022-09-29 03:26:54,392 [    train.py:  198]:	Loss 0.0014, ('Ner Loss', 0.00018681523215491325),  ('CLS Classification Loss', 0.0011843343963846564)
[INFO] 2022-09-29 03:26:54,392 [    train.py:  208]:	('Ner Acc', 0.9999445080757141),  ('CLS Classification Acc', 0.9996914267539978)
[INFO] 2022-09-29 03:26:57,529 [    train.py:  220]:	Evaluate:
[INFO] 2022-09-29 03:26:57,530 [    train.py:  227]:	Loss 0.1772, ('Ner Loss', 0.02271294),  ('CLS Classification Loss', 0.1545269)
[INFO] 2022-09-29 03:26:57,530 [    train.py:  228]:	('Ner Acc', 0.9979132), ('CLS Classification Acc', 0.98011357)
[INFO] 2022-09-29 03:27:07,088 [    train.py:  237]:	Precision 0.586 Recall 0.608 F1 0.597
[INFO] 2022-09-29 03:28:38,240 [    train.py:  185]:	Epoch 98: 
[INFO] 2022-09-29 03:28:38,240 [    train.py:  186]:	Train:
[INFO] 2022-09-29 03:28:38,245 [    train.py:  198]:	Loss 0.0019, ('Ner Loss', 0.0001982569956453517),  ('CLS Classification Loss', 0.0017346497625112534)
[INFO] 2022-09-29 03:28:38,245 [    train.py:  208]:	('Ner Acc', 0.9999319911003113),  ('CLS Classification Acc', 0.9994235634803772)
[INFO] 2022-09-29 03:28:41,391 [    train.py:  220]:	Evaluate:
[INFO] 2022-09-29 03:28:41,392 [    train.py:  227]:	Loss 0.1771, ('Ner Loss', 0.023478528),  ('CLS Classification Loss', 0.15364346)
[INFO] 2022-09-29 03:28:41,392 [    train.py:  228]:	('Ner Acc', 0.9979013), ('CLS Classification Acc', 0.9805662)
[INFO] 2022-09-29 03:28:50,776 [    train.py:  237]:	Precision 0.607 Recall 0.583 F1 0.595
[INFO] 2022-09-29 03:30:20,445 [    train.py:  185]:	Epoch 99: 
[INFO] 2022-09-29 03:30:20,446 [    train.py:  186]:	Train:
[INFO] 2022-09-29 03:30:20,451 [    train.py:  198]:	Loss 0.0023, ('Ner Loss', 0.00028296789969317615),  ('CLS Classification Loss', 0.0020011835731565952)
[INFO] 2022-09-29 03:30:20,452 [    train.py:  208]:	('Ner Acc', 0.9999116659164429),  ('CLS Classification Acc', 0.9994481801986694)
[INFO] 2022-09-29 03:30:23,498 [    train.py:  220]:	Evaluate:
[INFO] 2022-09-29 03:30:23,498 [    train.py:  227]:	Loss 0.1600, ('Ner Loss', 0.020845447),  ('CLS Classification Loss', 0.13919023)
[INFO] 2022-09-29 03:30:23,499 [    train.py:  228]:	('Ner Acc', 0.9980296), ('CLS Classification Acc', 0.9801634)
[INFO] 2022-09-29 03:30:32,718 [    train.py:  237]:	Precision 0.606 Recall 0.604 F1 0.605
[INFO] 2022-09-29 03:32:01,942 [    train.py:  185]:	Epoch 100: 
[INFO] 2022-09-29 03:32:01,943 [    train.py:  186]:	Train:
[INFO] 2022-09-29 03:32:01,946 [    train.py:  198]:	Loss 0.0020, ('Ner Loss', 0.0002909958129748702),  ('CLS Classification Loss', 0.0016727638430893421)
[INFO] 2022-09-29 03:32:01,946 [    train.py:  208]:	('Ner Acc', 0.9999001026153564),  ('CLS Classification Acc', 0.999496579170227)
[INFO] 2022-09-29 03:32:05,004 [    train.py:  220]:	Evaluate:
[INFO] 2022-09-29 03:32:05,005 [    train.py:  227]:	Loss 0.1760, ('Ner Loss', 0.02111072),  ('CLS Classification Loss', 0.15487291)
[INFO] 2022-09-29 03:32:05,005 [    train.py:  228]:	('Ner Acc', 0.99793464), ('CLS Classification Acc', 0.9808819)
[INFO] 2022-09-29 03:32:14,288 [    train.py:  237]:	Precision 0.604 Recall 0.607 F1 0.605
[INFO] 2022-09-29 03:32:14,289 [    train.py:  257]:	Best Epoch 94; Best f1 0.6236933797909407 precision 0.6222479721900348 recall 0.6251455180442375;
