[INFO] 2022-09-27 02:00:09,840 [    train.py:  505]:	Namespace(block_att_head_num=1, cased=True, d_block=512, data_aug=2, dataset='res16', do_test=True, do_train=True, do_valid=True, drop_null_data=True, dropout_rate=0.3, epochs=100, extra_attention=True, fuse_strategy='update', init_model_dir='', language='en', loss_ratio=1.0, lr=2e-05, mask_sb=True, model_type='end_to_end', output_dir='./output', save_dir='', task_name='ttee_res16_100epoch_512d_2aug_2e-5lr_cased_0.3dropout_dropnull_1loss', test_batch_size=32, train_batch_size=16, valid_freq=1)
[INFO] 2022-09-27 02:00:21,813 [    train.py:  118]:	{'init_bert_model': 'bert-base-cased', 'sentence_b': DictWrapper({'texts': ListWrapper(['general of ambience', 'price of drinks', 'quality of drinks', 'style options of drinks', 'prices of food', 'quality of food', 'style options of food', 'general of location', 'general of restaurant', 'miscellaneous of restaurant', 'prices of restaurant', 'general of service']), 'sentiments': ListWrapper(['negative', 'neutral', 'positive'])}), 'num_sentiment_classes': 3, 'subblock_hidden_size': 512, 'subblock_head_num': 1, 'cache_dir': 'bert_models/bert-base-cased', 'fuse_strategy': 'update', 'extra_attention': True, 'dropout': 0.3, 'loss_ratio': 1.0}
[INFO] 2022-09-27 02:00:21,814 [    train.py:  120]:	Number of Train Sentence: 1708
[INFO] 2022-09-27 02:00:21,823 [    train.py:  522]:	Data augment: Merge 2 train data together
[INFO] 2022-09-27 02:01:56,421 [    train.py:  184]:	Epoch 1: 
[INFO] 2022-09-27 02:01:56,421 [    train.py:  185]:	Train:
[INFO] 2022-09-27 02:01:56,425 [    train.py:  197]:	Loss 0.2919, ('Ner Loss', 0.07399450242519379),  ('CLS Classification Loss', 0.21793653070926666)
[INFO] 2022-09-27 02:01:56,425 [    train.py:  207]:	('Ner Acc', 0.9816648960113525),  ('CLS Classification Acc', 0.9275297522544861)
[INFO] 2022-09-27 02:02:01,662 [    train.py:  219]:	Evaluate:
[INFO] 2022-09-27 02:02:01,664 [    train.py:  226]:	Loss 0.1632, ('Ner Loss', 0.031700436),  ('CLS Classification Loss', 0.13145058)
[INFO] 2022-09-27 02:02:01,664 [    train.py:  227]:	('Ner Acc', 0.9962898), ('CLS Classification Acc', 0.9642063)
[INFO] 2022-09-27 02:02:17,348 [    train.py:  236]:	Precision 0.013 Recall 0.028 F1 0.018
[INFO] 2022-09-27 02:03:22,570 [    train.py:  184]:	Epoch 2: 
[INFO] 2022-09-27 02:03:22,571 [    train.py:  185]:	Train:
[INFO] 2022-09-27 02:03:22,574 [    train.py:  197]:	Loss 0.2035, ('Ner Loss', 0.030172856524586678),  ('CLS Classification Loss', 0.17330090701580048)
[INFO] 2022-09-27 02:03:22,575 [    train.py:  207]:	('Ner Acc', 0.9962961077690125),  ('CLS Classification Acc', 0.940445065498352)
[INFO] 2022-09-27 02:03:24,865 [    train.py:  219]:	Evaluate:
[INFO] 2022-09-27 02:03:24,866 [    train.py:  226]:	Loss 0.1414, ('Ner Loss', 0.02612804),  ('CLS Classification Loss', 0.11525261)
[INFO] 2022-09-27 02:03:24,866 [    train.py:  227]:	('Ner Acc', 0.9962898), ('CLS Classification Acc', 0.96406084)
[INFO] 2022-09-27 02:03:38,032 [    train.py:  236]:	Precision 0.052 Recall 0.006 F1 0.010
[INFO] 2022-09-27 02:04:43,656 [    train.py:  184]:	Epoch 3: 
[INFO] 2022-09-27 02:04:43,657 [    train.py:  185]:	Train:
[INFO] 2022-09-27 02:04:43,660 [    train.py:  197]:	Loss 0.1839, ('Ner Loss', 0.026085400953888893),  ('CLS Classification Loss', 0.15785007178783417)
[INFO] 2022-09-27 02:04:43,660 [    train.py:  207]:	('Ner Acc', 0.9962940812110901),  ('CLS Classification Acc', 0.9422459006309509)
[INFO] 2022-09-27 02:04:45,967 [    train.py:  219]:	Evaluate:
[INFO] 2022-09-27 02:04:45,968 [    train.py:  226]:	Loss 0.1327, ('Ner Loss', 0.021427238),  ('CLS Classification Loss', 0.11123426)
[INFO] 2022-09-27 02:04:45,968 [    train.py:  227]:	('Ner Acc', 0.9962898), ('CLS Classification Acc', 0.9647504)
[INFO] 2022-09-27 02:04:58,601 [    train.py:  236]:	Precision 0.111 Recall 0.005 F1 0.009
[INFO] 2022-09-27 02:06:04,409 [    train.py:  184]:	Epoch 4: 
[INFO] 2022-09-27 02:06:04,410 [    train.py:  185]:	Train:
[INFO] 2022-09-27 02:06:04,414 [    train.py:  197]:	Loss 0.1691, ('Ner Loss', 0.02141355350613594),  ('CLS Classification Loss', 0.14771893620491028)
[INFO] 2022-09-27 02:06:04,414 [    train.py:  207]:	('Ner Acc', 0.9962067008018494),  ('CLS Classification Acc', 0.9445498585700989)
[INFO] 2022-09-27 02:06:06,707 [    train.py:  219]:	Evaluate:
[INFO] 2022-09-27 02:06:06,708 [    train.py:  226]:	Loss 0.1240, ('Ner Loss', 0.017787946),  ('CLS Classification Loss', 0.10616328)
[INFO] 2022-09-27 02:06:06,708 [    train.py:  227]:	('Ner Acc', 0.9963168), ('CLS Classification Acc', 0.96497875)
[INFO] 2022-09-27 02:06:19,391 [    train.py:  236]:	Precision 0.073 Recall 0.003 F1 0.007
[INFO] 2022-09-27 02:07:24,800 [    train.py:  184]:	Epoch 5: 
[INFO] 2022-09-27 02:07:24,800 [    train.py:  185]:	Train:
[INFO] 2022-09-27 02:07:24,804 [    train.py:  197]:	Loss 0.1565, ('Ner Loss', 0.018650516867637634),  ('CLS Classification Loss', 0.13789096474647522)
[INFO] 2022-09-27 02:07:24,804 [    train.py:  207]:	('Ner Acc', 0.996187150478363),  ('CLS Classification Acc', 0.9471621513366699)
[INFO] 2022-09-27 02:07:27,123 [    train.py:  219]:	Evaluate:
[INFO] 2022-09-27 02:07:27,124 [    train.py:  226]:	Loss 0.1068, ('Ner Loss', 0.015206497),  ('CLS Classification Loss', 0.0915978)
[INFO] 2022-09-27 02:07:27,124 [    train.py:  227]:	('Ner Acc', 0.9968891), ('CLS Classification Acc', 0.9700291)
[INFO] 2022-09-27 02:07:40,413 [    train.py:  236]:	Precision 0.238 Recall 0.115 F1 0.155
[INFO] 2022-09-27 02:08:45,870 [    train.py:  184]:	Epoch 6: 
[INFO] 2022-09-27 02:08:45,871 [    train.py:  185]:	Train:
[INFO] 2022-09-27 02:08:45,877 [    train.py:  197]:	Loss 0.1385, ('Ner Loss', 0.015844915062189102),  ('CLS Classification Loss', 0.1227017194032669)
[INFO] 2022-09-27 02:08:45,878 [    train.py:  207]:	('Ner Acc', 0.9963407516479492),  ('CLS Classification Acc', 0.9528975486755371)
[INFO] 2022-09-27 02:08:48,182 [    train.py:  219]:	Evaluate:
[INFO] 2022-09-27 02:08:48,183 [    train.py:  226]:	Loss 0.1024, ('Ner Loss', 0.014052852),  ('CLS Classification Loss', 0.0883931)
[INFO] 2022-09-27 02:08:48,183 [    train.py:  227]:	('Ner Acc', 0.9968557), ('CLS Classification Acc', 0.9715368)
[INFO] 2022-09-27 02:09:00,554 [    train.py:  236]:	Precision 0.378 Recall 0.208 F1 0.269
[INFO] 2022-09-27 02:10:06,072 [    train.py:  184]:	Epoch 7: 
[INFO] 2022-09-27 02:10:06,073 [    train.py:  185]:	Train:
[INFO] 2022-09-27 02:10:06,077 [    train.py:  197]:	Loss 0.1219, ('Ner Loss', 0.013797455467283726),  ('CLS Classification Loss', 0.10809739679098129)
[INFO] 2022-09-27 02:10:06,077 [    train.py:  207]:	('Ner Acc', 0.9965672492980957),  ('CLS Classification Acc', 0.9584385752677917)
[INFO] 2022-09-27 02:10:08,338 [    train.py:  219]:	Evaluate:
[INFO] 2022-09-27 02:10:08,339 [    train.py:  226]:	Loss 0.0889, ('Ner Loss', 0.0120406365),  ('CLS Classification Loss', 0.07687705)
[INFO] 2022-09-27 02:10:08,339 [    train.py:  227]:	('Ner Acc', 0.997189), ('CLS Classification Acc', 0.97491354)
[INFO] 2022-09-27 02:10:20,897 [    train.py:  236]:	Precision 0.444 Recall 0.315 F1 0.369
[INFO] 2022-09-27 02:11:26,102 [    train.py:  184]:	Epoch 8: 
[INFO] 2022-09-27 02:11:26,103 [    train.py:  185]:	Train:
[INFO] 2022-09-27 02:11:26,111 [    train.py:  197]:	Loss 0.1045, ('Ner Loss', 0.01177782192826271),  ('CLS Classification Loss', 0.09275828301906586)
[INFO] 2022-09-27 02:11:26,111 [    train.py:  207]:	('Ner Acc', 0.9968529343605042),  ('CLS Classification Acc', 0.9635416269302368)
[INFO] 2022-09-27 02:11:28,429 [    train.py:  219]:	Evaluate:
[INFO] 2022-09-27 02:11:28,430 [    train.py:  226]:	Loss 0.0814, ('Ner Loss', 0.011371282),  ('CLS Classification Loss', 0.070019454)
[INFO] 2022-09-27 02:11:28,430 [    train.py:  227]:	('Ner Acc', 0.99742115), ('CLS Classification Acc', 0.9774679)
[INFO] 2022-09-27 02:11:42,019 [    train.py:  236]:	Precision 0.511 Recall 0.376 F1 0.433
[INFO] 2022-09-27 02:12:47,139 [    train.py:  184]:	Epoch 9: 
[INFO] 2022-09-27 02:12:47,139 [    train.py:  185]:	Train:
[INFO] 2022-09-27 02:12:47,143 [    train.py:  197]:	Loss 0.0904, ('Ner Loss', 0.010277546010911465),  ('CLS Classification Loss', 0.0801471546292305)
[INFO] 2022-09-27 02:12:47,143 [    train.py:  207]:	('Ner Acc', 0.9970943927764893),  ('CLS Classification Acc', 0.9687746167182922)
[INFO] 2022-09-27 02:12:49,439 [    train.py:  219]:	Evaluate:
[INFO] 2022-09-27 02:12:49,440 [    train.py:  226]:	Loss 0.0821, ('Ner Loss', 0.010909098),  ('CLS Classification Loss', 0.07121863)
[INFO] 2022-09-27 02:12:49,440 [    train.py:  227]:	('Ner Acc', 0.9975856), ('CLS Classification Acc', 0.9782488)
[INFO] 2022-09-27 02:13:01,955 [    train.py:  236]:	Precision 0.557 Recall 0.441 F1 0.492
[INFO] 2022-09-27 02:14:07,310 [    train.py:  184]:	Epoch 10: 
[INFO] 2022-09-27 02:14:07,311 [    train.py:  185]:	Train:
[INFO] 2022-09-27 02:14:07,318 [    train.py:  197]:	Loss 0.0749, ('Ner Loss', 0.008842733688652515),  ('CLS Classification Loss', 0.06601833552122116)
[INFO] 2022-09-27 02:14:07,319 [    train.py:  207]:	('Ner Acc', 0.9973457455635071),  ('CLS Classification Acc', 0.9741529226303101)
[INFO] 2022-09-27 02:14:09,609 [    train.py:  219]:	Evaluate:
[INFO] 2022-09-27 02:14:09,610 [    train.py:  226]:	Loss 0.0804, ('Ner Loss', 0.010905581),  ('CLS Classification Loss', 0.06950568)
[INFO] 2022-09-27 02:14:09,610 [    train.py:  227]:	('Ner Acc', 0.9975734), ('CLS Classification Acc', 0.978797)
[INFO] 2022-09-27 02:14:22,191 [    train.py:  236]:	Precision 0.494 Recall 0.491 F1 0.493
[INFO] 2022-09-27 02:15:27,747 [    train.py:  184]:	Epoch 11: 
[INFO] 2022-09-27 02:15:27,748 [    train.py:  185]:	Train:
[INFO] 2022-09-27 02:15:27,755 [    train.py:  197]:	Loss 0.0659, ('Ner Loss', 0.007657756097614765),  ('CLS Classification Loss', 0.05823975056409836)
[INFO] 2022-09-27 02:15:27,756 [    train.py:  207]:	('Ner Acc', 0.997600793838501),  ('CLS Classification Acc', 0.9772844314575195)
[INFO] 2022-09-27 02:15:30,094 [    train.py:  219]:	Evaluate:
[INFO] 2022-09-27 02:15:30,094 [    train.py:  226]:	Loss 0.0886, ('Ner Loss', 0.011490042),  ('CLS Classification Loss', 0.07713805)
[INFO] 2022-09-27 02:15:30,095 [    train.py:  227]:	('Ner Acc', 0.99733454), ('CLS Classification Acc', 0.9790752)
[INFO] 2022-09-27 02:15:43,173 [    train.py:  236]:	Precision 0.514 Recall 0.549 F1 0.531
[INFO] 2022-09-27 02:16:49,030 [    train.py:  184]:	Epoch 12: 
[INFO] 2022-09-27 02:16:49,031 [    train.py:  185]:	Train:
[INFO] 2022-09-27 02:16:49,036 [    train.py:  197]:	Loss 0.0576, ('Ner Loss', 0.006753286346793175),  ('CLS Classification Loss', 0.050851479172706604)
[INFO] 2022-09-27 02:16:49,036 [    train.py:  207]:	('Ner Acc', 0.9978131651878357),  ('CLS Classification Acc', 0.9799945950508118)
[INFO] 2022-09-27 02:16:51,343 [    train.py:  219]:	Evaluate:
[INFO] 2022-09-27 02:16:51,344 [    train.py:  226]:	Loss 0.0949, ('Ner Loss', 0.011380863),  ('CLS Classification Loss', 0.08353958)
[INFO] 2022-09-27 02:16:51,344 [    train.py:  227]:	('Ner Acc', 0.99754834), ('CLS Classification Acc', 0.97952795)
[INFO] 2022-09-27 02:17:04,011 [    train.py:  236]:	Precision 0.540 Recall 0.503 F1 0.521
[INFO] 2022-09-27 02:18:09,256 [    train.py:  184]:	Epoch 13: 
[INFO] 2022-09-27 02:18:09,257 [    train.py:  185]:	Train:
[INFO] 2022-09-27 02:18:09,262 [    train.py:  197]:	Loss 0.0505, ('Ner Loss', 0.006129063665866852),  ('CLS Classification Loss', 0.04440087080001831)
[INFO] 2022-09-27 02:18:09,262 [    train.py:  207]:	('Ner Acc', 0.9979894161224365),  ('CLS Classification Acc', 0.9827765226364136)
[INFO] 2022-09-27 02:18:11,565 [    train.py:  219]:	Evaluate:
[INFO] 2022-09-27 02:18:11,565 [    train.py:  226]:	Loss 0.0990, ('Ner Loss', 0.011410318),  ('CLS Classification Loss', 0.08754884)
[INFO] 2022-09-27 02:18:11,566 [    train.py:  227]:	('Ner Acc', 0.9974868), ('CLS Classification Acc', 0.9802424)
[INFO] 2022-09-27 02:18:24,079 [    train.py:  236]:	Precision 0.510 Recall 0.555 F1 0.532
[INFO] 2022-09-27 02:19:29,374 [    train.py:  184]:	Epoch 14: 
[INFO] 2022-09-27 02:19:29,374 [    train.py:  185]:	Train:
[INFO] 2022-09-27 02:19:29,378 [    train.py:  197]:	Loss 0.0428, ('Ner Loss', 0.005338625982403755),  ('CLS Classification Loss', 0.03742144629359245)
[INFO] 2022-09-27 02:19:29,378 [    train.py:  207]:	('Ner Acc', 0.9981556534767151),  ('CLS Classification Acc', 0.9855996370315552)
[INFO] 2022-09-27 02:19:31,736 [    train.py:  219]:	Evaluate:
[INFO] 2022-09-27 02:19:31,737 [    train.py:  226]:	Loss 0.1096, ('Ner Loss', 0.012748009),  ('CLS Classification Loss', 0.09680661)
[INFO] 2022-09-27 02:19:31,737 [    train.py:  227]:	('Ner Acc', 0.99749357), ('CLS Classification Acc', 0.97998476)
[INFO] 2022-09-27 02:19:44,857 [    train.py:  236]:	Precision 0.511 Recall 0.588 F1 0.547
[INFO] 2022-09-27 02:20:50,425 [    train.py:  184]:	Epoch 15: 
[INFO] 2022-09-27 02:20:50,425 [    train.py:  185]:	Train:
[INFO] 2022-09-27 02:20:50,428 [    train.py:  197]:	Loss 0.0378, ('Ner Loss', 0.004755893722176552),  ('CLS Classification Loss', 0.03301573544740677)
[INFO] 2022-09-27 02:20:50,428 [    train.py:  207]:	('Ner Acc', 0.9983416199684143),  ('CLS Classification Acc', 0.9871087670326233)
[INFO] 2022-09-27 02:20:52,745 [    train.py:  219]:	Evaluate:
[INFO] 2022-09-27 02:20:52,746 [    train.py:  226]:	Loss 0.1000, ('Ner Loss', 0.012280637),  ('CLS Classification Loss', 0.08767704)
[INFO] 2022-09-27 02:20:52,746 [    train.py:  227]:	('Ner Acc', 0.99708205), ('CLS Classification Acc', 0.9792082)
[INFO] 2022-09-27 02:21:05,823 [    train.py:  236]:	Precision 0.475 Recall 0.619 F1 0.538
[INFO] 2022-09-27 02:22:12,332 [    train.py:  184]:	Epoch 16: 
[INFO] 2022-09-27 02:22:12,333 [    train.py:  185]:	Train:
[INFO] 2022-09-27 02:22:12,340 [    train.py:  197]:	Loss 0.0330, ('Ner Loss', 0.004334393423050642),  ('CLS Classification Loss', 0.028618359938263893)
[INFO] 2022-09-27 02:22:12,340 [    train.py:  207]:	('Ner Acc', 0.9984658360481262),  ('CLS Classification Acc', 0.9889013767242432)
[INFO] 2022-09-27 02:22:14,627 [    train.py:  219]:	Evaluate:
[INFO] 2022-09-27 02:22:14,628 [    train.py:  226]:	Loss 0.1192, ('Ner Loss', 0.013846299),  ('CLS Classification Loss', 0.10536687)
[INFO] 2022-09-27 02:22:14,628 [    train.py:  227]:	('Ner Acc', 0.99776006), ('CLS Classification Acc', 0.9811727)
[INFO] 2022-09-27 02:22:27,132 [    train.py:  236]:	Precision 0.574 Recall 0.572 F1 0.573
[INFO] 2022-09-27 02:23:32,447 [    train.py:  184]:	Epoch 17: 
[INFO] 2022-09-27 02:23:32,447 [    train.py:  185]:	Train:
[INFO] 2022-09-27 02:23:32,451 [    train.py:  197]:	Loss 0.0284, ('Ner Loss', 0.0037246174179017544),  ('CLS Classification Loss', 0.02468431554734707)
[INFO] 2022-09-27 02:23:32,451 [    train.py:  207]:	('Ner Acc', 0.9986442923545837),  ('CLS Classification Acc', 0.9904755353927612)
[INFO] 2022-09-27 02:23:34,778 [    train.py:  219]:	Evaluate:
[INFO] 2022-09-27 02:23:34,778 [    train.py:  226]:	Loss 0.1133, ('Ner Loss', 0.013158919),  ('CLS Classification Loss', 0.10013997)
[INFO] 2022-09-27 02:23:34,779 [    train.py:  227]:	('Ner Acc', 0.9975931), ('CLS Classification Acc', 0.9810231)
[INFO] 2022-09-27 02:23:47,395 [    train.py:  236]:	Precision 0.534 Recall 0.596 F1 0.564
[INFO] 2022-09-27 02:24:52,737 [    train.py:  184]:	Epoch 18: 
[INFO] 2022-09-27 02:24:52,737 [    train.py:  185]:	Train:
[INFO] 2022-09-27 02:24:52,741 [    train.py:  197]:	Loss 0.0255, ('Ner Loss', 0.0034152211155742407),  ('CLS Classification Loss', 0.022086098790168762)
[INFO] 2022-09-27 02:24:52,741 [    train.py:  207]:	('Ner Acc', 0.9987713694572449),  ('CLS Classification Acc', 0.9918137788772583)
[INFO] 2022-09-27 02:24:55,070 [    train.py:  219]:	Evaluate:
[INFO] 2022-09-27 02:24:55,071 [    train.py:  226]:	Loss 0.1224, ('Ner Loss', 0.014719613),  ('CLS Classification Loss', 0.107701555)
[INFO] 2022-09-27 02:24:55,071 [    train.py:  227]:	('Ner Acc', 0.99770796), ('CLS Classification Acc', 0.98130155)
[INFO] 2022-09-27 02:25:08,477 [    train.py:  236]:	Precision 0.582 Recall 0.591 F1 0.587
[INFO] 2022-09-27 02:26:14,188 [    train.py:  184]:	Epoch 19: 
[INFO] 2022-09-27 02:26:14,189 [    train.py:  185]:	Train:
[INFO] 2022-09-27 02:26:14,197 [    train.py:  197]:	Loss 0.0224, ('Ner Loss', 0.003102207323536277),  ('CLS Classification Loss', 0.019337087869644165)
[INFO] 2022-09-27 02:26:14,197 [    train.py:  207]:	('Ner Acc', 0.9988588094711304),  ('CLS Classification Acc', 0.9924631118774414)
[INFO] 2022-09-27 02:26:16,513 [    train.py:  219]:	Evaluate:
[INFO] 2022-09-27 02:26:16,514 [    train.py:  226]:	Loss 0.1267, ('Ner Loss', 0.014756801),  ('CLS Classification Loss', 0.111979045)
[INFO] 2022-09-27 02:26:16,514 [    train.py:  227]:	('Ner Acc', 0.99727744), ('CLS Classification Acc', 0.97902125)
[INFO] 2022-09-27 02:26:29,217 [    train.py:  236]:	Precision 0.497 Recall 0.643 F1 0.561
[INFO] 2022-09-27 02:27:34,559 [    train.py:  184]:	Epoch 20: 
[INFO] 2022-09-27 02:27:34,559 [    train.py:  185]:	Train:
[INFO] 2022-09-27 02:27:34,563 [    train.py:  197]:	Loss 0.0192, ('Ner Loss', 0.0027806111611425877),  ('CLS Classification Loss', 0.01638527400791645)
[INFO] 2022-09-27 02:27:34,563 [    train.py:  207]:	('Ner Acc', 0.9989470839500427),  ('CLS Classification Acc', 0.9939714670181274)
[INFO] 2022-09-27 02:27:36,891 [    train.py:  219]:	Evaluate:
[INFO] 2022-09-27 02:27:36,891 [    train.py:  226]:	Loss 0.1259, ('Ner Loss', 0.014824055),  ('CLS Classification Loss', 0.11110326)
[INFO] 2022-09-27 02:27:36,892 [    train.py:  227]:	('Ner Acc', 0.9978452), ('CLS Classification Acc', 0.9804375)
[INFO] 2022-09-27 02:27:49,505 [    train.py:  236]:	Precision 0.584 Recall 0.609 F1 0.596
[INFO] 2022-09-27 02:28:54,704 [    train.py:  184]:	Epoch 21: 
[INFO] 2022-09-27 02:28:54,704 [    train.py:  185]:	Train:
[INFO] 2022-09-27 02:28:54,708 [    train.py:  197]:	Loss 0.0180, ('Ner Loss', 0.0025459511671215296),  ('CLS Classification Loss', 0.01543493289500475)
[INFO] 2022-09-27 02:28:54,708 [    train.py:  207]:	('Ner Acc', 0.9990476369857788),  ('CLS Classification Acc', 0.9940525889396667)
[INFO] 2022-09-27 02:28:56,986 [    train.py:  219]:	Evaluate:
[INFO] 2022-09-27 02:28:56,987 [    train.py:  226]:	Loss 0.1299, ('Ner Loss', 0.015273971),  ('CLS Classification Loss', 0.11463068)
[INFO] 2022-09-27 02:28:56,987 [    train.py:  227]:	('Ner Acc', 0.99778956), ('CLS Classification Acc', 0.9798851)
[INFO] 2022-09-27 02:29:09,461 [    train.py:  236]:	Precision 0.568 Recall 0.619 F1 0.593
[INFO] 2022-09-27 02:30:14,751 [    train.py:  184]:	Epoch 22: 
[INFO] 2022-09-27 02:30:14,752 [    train.py:  185]:	Train:
[INFO] 2022-09-27 02:30:14,758 [    train.py:  197]:	Loss 0.0152, ('Ner Loss', 0.002294829348102212),  ('CLS Classification Loss', 0.012945952825248241)
[INFO] 2022-09-27 02:30:14,758 [    train.py:  207]:	('Ner Acc', 0.9991480112075806),  ('CLS Classification Acc', 0.9953101277351379)
[INFO] 2022-09-27 02:30:17,055 [    train.py:  219]:	Evaluate:
[INFO] 2022-09-27 02:30:17,056 [    train.py:  226]:	Loss 0.1462, ('Ner Loss', 0.016581617),  ('CLS Classification Loss', 0.12966481)
[INFO] 2022-09-27 02:30:17,056 [    train.py:  227]:	('Ner Acc', 0.99777985), ('CLS Classification Acc', 0.98020095)
[INFO] 2022-09-27 02:30:29,441 [    train.py:  236]:	Precision 0.568 Recall 0.629 F1 0.597
[INFO] 2022-09-27 02:31:34,838 [    train.py:  184]:	Epoch 23: 
[INFO] 2022-09-27 02:31:34,839 [    train.py:  185]:	Train:
[INFO] 2022-09-27 02:31:34,841 [    train.py:  197]:	Loss 0.0139, ('Ner Loss', 0.0021298956125974655),  ('CLS Classification Loss', 0.011789309792220592)
[INFO] 2022-09-27 02:31:34,841 [    train.py:  207]:	('Ner Acc', 0.9992102980613708),  ('CLS Classification Acc', 0.9956102967262268)
[INFO] 2022-09-27 02:31:37,178 [    train.py:  219]:	Evaluate:
[INFO] 2022-09-27 02:31:37,179 [    train.py:  226]:	Loss 0.1260, ('Ner Loss', 0.015662067),  ('CLS Classification Loss', 0.11028935)
[INFO] 2022-09-27 02:31:37,179 [    train.py:  227]:	('Ner Acc', 0.99783915), ('CLS Classification Acc', 0.9807076)
[INFO] 2022-09-27 02:31:49,756 [    train.py:  236]:	Precision 0.584 Recall 0.630 F1 0.606
[INFO] 2022-09-27 02:32:55,062 [    train.py:  184]:	Epoch 24: 
[INFO] 2022-09-27 02:32:55,063 [    train.py:  185]:	Train:
[INFO] 2022-09-27 02:32:55,067 [    train.py:  197]:	Loss 0.0124, ('Ner Loss', 0.0019684804137796164),  ('CLS Classification Loss', 0.010416332632303238)
[INFO] 2022-09-27 02:32:55,067 [    train.py:  207]:	('Ner Acc', 0.9992650151252747),  ('CLS Classification Acc', 0.9962513446807861)
[INFO] 2022-09-27 02:32:57,361 [    train.py:  219]:	Evaluate:
[INFO] 2022-09-27 02:32:57,361 [    train.py:  226]:	Loss 0.1296, ('Ner Loss', 0.01537497),  ('CLS Classification Loss', 0.1141985)
[INFO] 2022-09-27 02:32:57,361 [    train.py:  227]:	('Ner Acc', 0.9976205), ('CLS Classification Acc', 0.98020494)
[INFO] 2022-09-27 02:33:10,053 [    train.py:  236]:	Precision 0.543 Recall 0.646 F1 0.590
[INFO] 2022-09-27 02:34:15,415 [    train.py:  184]:	Epoch 25: 
[INFO] 2022-09-27 02:34:15,416 [    train.py:  185]:	Train:
[INFO] 2022-09-27 02:34:15,421 [    train.py:  197]:	Loss 0.0129, ('Ner Loss', 0.002010718919336796),  ('CLS Classification Loss', 0.010921536944806576)
[INFO] 2022-09-27 02:34:15,421 [    train.py:  207]:	('Ner Acc', 0.9992770552635193),  ('CLS Classification Acc', 0.9959670901298523)
[INFO] 2022-09-27 02:34:17,696 [    train.py:  219]:	Evaluate:
[INFO] 2022-09-27 02:34:17,697 [    train.py:  226]:	Loss 0.1387, ('Ner Loss', 0.016879264),  ('CLS Classification Loss', 0.12183285)
[INFO] 2022-09-27 02:34:17,697 [    train.py:  227]:	('Ner Acc', 0.9977412), ('CLS Classification Acc', 0.98156726)
[INFO] 2022-09-27 02:34:30,122 [    train.py:  236]:	Precision 0.569 Recall 0.587 F1 0.578
[INFO] 2022-09-27 02:35:35,465 [    train.py:  184]:	Epoch 26: 
[INFO] 2022-09-27 02:35:35,466 [    train.py:  185]:	Train:
[INFO] 2022-09-27 02:35:35,469 [    train.py:  197]:	Loss 0.0108, ('Ner Loss', 0.0018502913881093264),  ('CLS Classification Loss', 0.008947094902396202)
[INFO] 2022-09-27 02:35:35,469 [    train.py:  207]:	('Ner Acc', 0.9993265271186829),  ('CLS Classification Acc', 0.9968356490135193)
[INFO] 2022-09-27 02:35:37,771 [    train.py:  219]:	Evaluate:
[INFO] 2022-09-27 02:35:37,772 [    train.py:  226]:	Loss 0.1410, ('Ner Loss', 0.015826052),  ('CLS Classification Loss', 0.12513828)
[INFO] 2022-09-27 02:35:37,772 [    train.py:  227]:	('Ner Acc', 0.99778223), ('CLS Classification Acc', 0.9807947)
[INFO] 2022-09-27 02:35:50,400 [    train.py:  236]:	Precision 0.557 Recall 0.622 F1 0.587
[INFO] 2022-09-27 02:36:55,834 [    train.py:  184]:	Epoch 27: 
[INFO] 2022-09-27 02:36:55,834 [    train.py:  185]:	Train:
[INFO] 2022-09-27 02:36:55,837 [    train.py:  197]:	Loss 0.0094, ('Ner Loss', 0.001632728730328381),  ('CLS Classification Loss', 0.007754312828183174)
[INFO] 2022-09-27 02:36:55,837 [    train.py:  207]:	('Ner Acc', 0.9993881583213806),  ('CLS Classification Acc', 0.9974033832550049)
[INFO] 2022-09-27 02:36:58,144 [    train.py:  219]:	Evaluate:
[INFO] 2022-09-27 02:36:58,144 [    train.py:  226]:	Loss 0.1388, ('Ner Loss', 0.017612992),  ('CLS Classification Loss', 0.12121263)
[INFO] 2022-09-27 02:36:58,145 [    train.py:  227]:	('Ner Acc', 0.9978925), ('CLS Classification Acc', 0.9808446)
[INFO] 2022-09-27 02:37:10,956 [    train.py:  236]:	Precision 0.599 Recall 0.590 F1 0.594
[INFO] 2022-09-27 02:38:16,434 [    train.py:  184]:	Epoch 28: 
[INFO] 2022-09-27 02:38:16,435 [    train.py:  185]:	Train:
[INFO] 2022-09-27 02:38:16,439 [    train.py:  197]:	Loss 0.0084, ('Ner Loss', 0.00137227401137352),  ('CLS Classification Loss', 0.007054538000375032)
[INFO] 2022-09-27 02:38:16,439 [    train.py:  207]:	('Ner Acc', 0.9994863271713257),  ('CLS Classification Acc', 0.9974926114082336)
[INFO] 2022-09-27 02:38:18,720 [    train.py:  219]:	Evaluate:
[INFO] 2022-09-27 02:38:18,720 [    train.py:  226]:	Loss 0.1473, ('Ner Loss', 0.018864727),  ('CLS Classification Loss', 0.12838914)
[INFO] 2022-09-27 02:38:18,721 [    train.py:  227]:	('Ner Acc', 0.9978412), ('CLS Classification Acc', 0.9812474)
[INFO] 2022-09-27 02:38:31,251 [    train.py:  236]:	Precision 0.589 Recall 0.602 F1 0.595
[INFO] 2022-09-27 02:39:36,661 [    train.py:  184]:	Epoch 29: 
[INFO] 2022-09-27 02:39:36,662 [    train.py:  185]:	Train:
[INFO] 2022-09-27 02:39:36,666 [    train.py:  197]:	Loss 0.0079, ('Ner Loss', 0.0013032483402639627),  ('CLS Classification Loss', 0.006589929107576609)
[INFO] 2022-09-27 02:39:36,666 [    train.py:  207]:	('Ner Acc', 0.9994955062866211),  ('CLS Classification Acc', 0.9975007176399231)
[INFO] 2022-09-27 02:39:38,944 [    train.py:  219]:	Evaluate:
[INFO] 2022-09-27 02:39:38,945 [    train.py:  226]:	Loss 0.1498, ('Ner Loss', 0.018241731),  ('CLS Classification Loss', 0.13152444)
[INFO] 2022-09-27 02:39:38,945 [    train.py:  227]:	('Ner Acc', 0.99789447), ('CLS Classification Acc', 0.98070747)
[INFO] 2022-09-27 02:39:51,533 [    train.py:  236]:	Precision 0.586 Recall 0.616 F1 0.601
[INFO] 2022-09-27 02:40:56,813 [    train.py:  184]:	Epoch 30: 
[INFO] 2022-09-27 02:40:56,813 [    train.py:  185]:	Train:
[INFO] 2022-09-27 02:40:56,816 [    train.py:  197]:	Loss 0.0075, ('Ner Loss', 0.00121638597920537),  ('CLS Classification Loss', 0.006309332326054573)
[INFO] 2022-09-27 02:40:56,817 [    train.py:  207]:	('Ner Acc', 0.9995454549789429),  ('CLS Classification Acc', 0.9977520108222961)
[INFO] 2022-09-27 02:40:59,119 [    train.py:  219]:	Evaluate:
[INFO] 2022-09-27 02:40:59,120 [    train.py:  226]:	Loss 0.1587, ('Ner Loss', 0.01887039),  ('CLS Classification Loss', 0.13982427)
[INFO] 2022-09-27 02:40:59,120 [    train.py:  227]:	('Ner Acc', 0.9979254), ('CLS Classification Acc', 0.9813347)
[INFO] 2022-09-27 02:41:11,823 [    train.py:  236]:	Precision 0.607 Recall 0.607 F1 0.607
[INFO] 2022-09-27 02:42:17,445 [    train.py:  184]:	Epoch 31: 
[INFO] 2022-09-27 02:42:17,446 [    train.py:  185]:	Train:
[INFO] 2022-09-27 02:42:17,450 [    train.py:  197]:	Loss 0.0069, ('Ner Loss', 0.0011842845706269145),  ('CLS Classification Loss', 0.005702673923224211)
[INFO] 2022-09-27 02:42:17,450 [    train.py:  207]:	('Ner Acc', 0.9995582103729248),  ('CLS Classification Acc', 0.9980197548866272)
[INFO] 2022-09-27 02:42:19,736 [    train.py:  219]:	Evaluate:
[INFO] 2022-09-27 02:42:19,737 [    train.py:  226]:	Loss 0.1502, ('Ner Loss', 0.017716153),  ('CLS Classification Loss', 0.13251768)
[INFO] 2022-09-27 02:42:19,737 [    train.py:  227]:	('Ner Acc', 0.9978548), ('CLS Classification Acc', 0.97983944)
[INFO] 2022-09-27 02:42:32,335 [    train.py:  236]:	Precision 0.591 Recall 0.615 F1 0.602
[INFO] 2022-09-27 02:43:37,692 [    train.py:  184]:	Epoch 32: 
[INFO] 2022-09-27 02:43:37,692 [    train.py:  185]:	Train:
[INFO] 2022-09-27 02:43:37,696 [    train.py:  197]:	Loss 0.0069, ('Ner Loss', 0.0011994463857263327),  ('CLS Classification Loss', 0.0057406178675591946)
[INFO] 2022-09-27 02:43:37,696 [    train.py:  207]:	('Ner Acc', 0.9995679259300232),  ('CLS Classification Acc', 0.9979795217514038)
[INFO] 2022-09-27 02:43:39,979 [    train.py:  219]:	Evaluate:
[INFO] 2022-09-27 02:43:39,979 [    train.py:  226]:	Loss 0.1466, ('Ner Loss', 0.01709818),  ('CLS Classification Loss', 0.12953621)
[INFO] 2022-09-27 02:43:39,979 [    train.py:  227]:	('Ner Acc', 0.99785614), ('CLS Classification Acc', 0.9809734)
[INFO] 2022-09-27 02:43:52,509 [    train.py:  236]:	Precision 0.609 Recall 0.608 F1 0.608
[INFO] 2022-09-27 02:44:57,619 [    train.py:  184]:	Epoch 33: 
[INFO] 2022-09-27 02:44:57,620 [    train.py:  185]:	Train:
[INFO] 2022-09-27 02:44:57,623 [    train.py:  197]:	Loss 0.0070, ('Ner Loss', 0.0011432443279772997),  ('CLS Classification Loss', 0.0058564296923577785)
[INFO] 2022-09-27 02:44:57,623 [    train.py:  207]:	('Ner Acc', 0.9995681047439575),  ('CLS Classification Acc', 0.9979546070098877)
[INFO] 2022-09-27 02:44:59,908 [    train.py:  219]:	Evaluate:
[INFO] 2022-09-27 02:44:59,909 [    train.py:  226]:	Loss 0.1505, ('Ner Loss', 0.019144693),  ('CLS Classification Loss', 0.13131751)
[INFO] 2022-09-27 02:44:59,909 [    train.py:  227]:	('Ner Acc', 0.9977898), ('CLS Classification Acc', 0.98047495)
[INFO] 2022-09-27 02:45:12,661 [    train.py:  236]:	Precision 0.567 Recall 0.617 F1 0.591
[INFO] 2022-09-27 02:46:18,437 [    train.py:  184]:	Epoch 34: 
[INFO] 2022-09-27 02:46:18,438 [    train.py:  185]:	Train:
[INFO] 2022-09-27 02:46:18,445 [    train.py:  197]:	Loss 0.0046, ('Ner Loss', 0.0009271346498280764),  ('CLS Classification Loss', 0.0036526715848594904)
[INFO] 2022-09-27 02:46:18,445 [    train.py:  207]:	('Ner Acc', 0.9996689558029175),  ('CLS Classification Acc', 0.9987746477127075)
[INFO] 2022-09-27 02:46:20,750 [    train.py:  219]:	Evaluate:
[INFO] 2022-09-27 02:46:20,750 [    train.py:  226]:	Loss 0.1588, ('Ner Loss', 0.020405376),  ('CLS Classification Loss', 0.13840073)
[INFO] 2022-09-27 02:46:20,750 [    train.py:  227]:	('Ner Acc', 0.9978531), ('CLS Classification Acc', 0.98184556)
[INFO] 2022-09-27 02:46:33,393 [    train.py:  236]:	Precision 0.598 Recall 0.616 F1 0.607
[INFO] 2022-09-27 02:47:38,912 [    train.py:  184]:	Epoch 35: 
[INFO] 2022-09-27 02:47:38,912 [    train.py:  185]:	Train:
[INFO] 2022-09-27 02:47:38,916 [    train.py:  197]:	Loss 0.0047, ('Ner Loss', 0.00091290328418836),  ('CLS Classification Loss', 0.0037765279412269592)
[INFO] 2022-09-27 02:47:38,916 [    train.py:  207]:	('Ner Acc', 0.9996628165245056),  ('CLS Classification Acc', 0.9987258315086365)
[INFO] 2022-09-27 02:47:41,200 [    train.py:  219]:	Evaluate:
[INFO] 2022-09-27 02:47:41,200 [    train.py:  226]:	Loss 0.1617, ('Ner Loss', 0.020494135),  ('CLS Classification Loss', 0.14118685)
[INFO] 2022-09-27 02:47:41,201 [    train.py:  227]:	('Ner Acc', 0.9978642), ('CLS Classification Acc', 0.9810646)
[INFO] 2022-09-27 02:47:53,802 [    train.py:  236]:	Precision 0.585 Recall 0.603 F1 0.594
[INFO] 2022-09-27 02:48:59,136 [    train.py:  184]:	Epoch 36: 
[INFO] 2022-09-27 02:48:59,137 [    train.py:  185]:	Train:
[INFO] 2022-09-27 02:48:59,142 [    train.py:  197]:	Loss 0.0052, ('Ner Loss', 0.0008543324074707925),  ('CLS Classification Loss', 0.004322826862335205)
[INFO] 2022-09-27 02:48:59,143 [    train.py:  207]:	('Ner Acc', 0.9996796250343323),  ('CLS Classification Acc', 0.9984987378120422)
[INFO] 2022-09-27 02:49:01,407 [    train.py:  219]:	Evaluate:
[INFO] 2022-09-27 02:49:01,408 [    train.py:  226]:	Loss 0.1564, ('Ner Loss', 0.019822761),  ('CLS Classification Loss', 0.13654411)
[INFO] 2022-09-27 02:49:01,408 [    train.py:  227]:	('Ner Acc', 0.9977687), ('CLS Classification Acc', 0.981123)
[INFO] 2022-09-27 02:49:13,902 [    train.py:  236]:	Precision 0.591 Recall 0.645 F1 0.617
[INFO] 2022-09-27 02:50:19,154 [    train.py:  184]:	Epoch 37: 
[INFO] 2022-09-27 02:50:19,154 [    train.py:  185]:	Train:
[INFO] 2022-09-27 02:50:19,159 [    train.py:  197]:	Loss 0.0043, ('Ner Loss', 0.000780983769800514),  ('CLS Classification Loss', 0.0035424460656940937)
[INFO] 2022-09-27 02:50:19,159 [    train.py:  207]:	('Ner Acc', 0.9997105598449707),  ('CLS Classification Acc', 0.9988312721252441)
[INFO] 2022-09-27 02:50:21,451 [    train.py:  219]:	Evaluate:
[INFO] 2022-09-27 02:50:21,451 [    train.py:  226]:	Loss 0.1526, ('Ner Loss', 0.019819746),  ('CLS Classification Loss', 0.13274872)
[INFO] 2022-09-27 02:50:21,451 [    train.py:  227]:	('Ner Acc', 0.9977944), ('CLS Classification Acc', 0.98202837)
[INFO] 2022-09-27 02:50:33,925 [    train.py:  236]:	Precision 0.598 Recall 0.615 F1 0.606
[INFO] 2022-09-27 02:51:39,522 [    train.py:  184]:	Epoch 38: 
[INFO] 2022-09-27 02:51:39,522 [    train.py:  185]:	Train:
[INFO] 2022-09-27 02:51:39,526 [    train.py:  197]:	Loss 0.0048, ('Ner Loss', 0.0007544725085608661),  ('CLS Classification Loss', 0.004011749289929867)
[INFO] 2022-09-27 02:51:39,527 [    train.py:  207]:	('Ner Acc', 0.9997134804725647),  ('CLS Classification Acc', 0.9987093210220337)
[INFO] 2022-09-27 02:51:41,801 [    train.py:  219]:	Evaluate:
[INFO] 2022-09-27 02:51:41,802 [    train.py:  226]:	Loss 0.1459, ('Ner Loss', 0.019402808),  ('CLS Classification Loss', 0.1264699)
[INFO] 2022-09-27 02:51:41,802 [    train.py:  227]:	('Ner Acc', 0.997893), ('CLS Classification Acc', 0.98098165)
[INFO] 2022-09-27 02:51:54,350 [    train.py:  236]:	Precision 0.602 Recall 0.614 F1 0.607
[INFO] 2022-09-27 02:52:59,671 [    train.py:  184]:	Epoch 39: 
[INFO] 2022-09-27 02:52:59,672 [    train.py:  185]:	Train:
[INFO] 2022-09-27 02:52:59,676 [    train.py:  197]:	Loss 0.0050, ('Ner Loss', 0.0007906281971372664),  ('CLS Classification Loss', 0.004170529078692198)
[INFO] 2022-09-27 02:52:59,676 [    train.py:  207]:	('Ner Acc', 0.9997154474258423),  ('CLS Classification Acc', 0.9986688494682312)
[INFO] 2022-09-27 02:53:01,964 [    train.py:  219]:	Evaluate:
[INFO] 2022-09-27 02:53:01,964 [    train.py:  226]:	Loss 0.1400, ('Ner Loss', 0.017738203),  ('CLS Classification Loss', 0.12221188)
[INFO] 2022-09-27 02:53:01,965 [    train.py:  227]:	('Ner Acc', 0.9977552), ('CLS Classification Acc', 0.9822567)
[INFO] 2022-09-27 02:53:14,348 [    train.py:  236]:	Precision 0.586 Recall 0.633 F1 0.609
[INFO] 2022-09-27 02:54:19,990 [    train.py:  184]:	Epoch 40: 
[INFO] 2022-09-27 02:54:19,991 [    train.py:  185]:	Train:
[INFO] 2022-09-27 02:54:19,996 [    train.py:  197]:	Loss 0.0046, ('Ner Loss', 0.0007018015021458268),  ('CLS Classification Loss', 0.0038603441789746284)
[INFO] 2022-09-27 02:54:19,996 [    train.py:  207]:	('Ner Acc', 0.9997198581695557),  ('CLS Classification Acc', 0.9987014532089233)
[INFO] 2022-09-27 02:54:22,282 [    train.py:  219]:	Evaluate:
[INFO] 2022-09-27 02:54:22,282 [    train.py:  226]:	Loss 0.1532, ('Ner Loss', 0.01915193),  ('CLS Classification Loss', 0.13403761)
[INFO] 2022-09-27 02:54:22,282 [    train.py:  227]:	('Ner Acc', 0.9978455), ('CLS Classification Acc', 0.98125577)
[INFO] 2022-09-27 02:54:34,972 [    train.py:  236]:	Precision 0.597 Recall 0.645 F1 0.620
[INFO] 2022-09-27 02:55:40,787 [    train.py:  184]:	Epoch 41: 
[INFO] 2022-09-27 02:55:40,788 [    train.py:  185]:	Train:
[INFO] 2022-09-27 02:55:40,794 [    train.py:  197]:	Loss 0.0040, ('Ner Loss', 0.0006461040466092527),  ('CLS Classification Loss', 0.003332850756123662)
[INFO] 2022-09-27 02:55:40,794 [    train.py:  207]:	('Ner Acc', 0.9997593760490417),  ('CLS Classification Acc', 0.9988229274749756)
[INFO] 2022-09-27 02:55:43,084 [    train.py:  219]:	Evaluate:
[INFO] 2022-09-27 02:55:43,085 [    train.py:  226]:	Loss 0.1571, ('Ner Loss', 0.019243775),  ('CLS Classification Loss', 0.13786404)
[INFO] 2022-09-27 02:55:43,085 [    train.py:  227]:	('Ner Acc', 0.99783385), ('CLS Classification Acc', 0.9819411)
[INFO] 2022-09-27 02:55:55,738 [    train.py:  236]:	Precision 0.613 Recall 0.623 F1 0.618
[INFO] 2022-09-27 02:57:01,020 [    train.py:  184]:	Epoch 42: 
[INFO] 2022-09-27 02:57:01,021 [    train.py:  185]:	Train:
[INFO] 2022-09-27 02:57:01,025 [    train.py:  197]:	Loss 0.0039, ('Ner Loss', 0.0007058857008814812),  ('CLS Classification Loss', 0.003165250876918435)
[INFO] 2022-09-27 02:57:01,026 [    train.py:  207]:	('Ner Acc', 0.9997501969337463),  ('CLS Classification Acc', 0.9989690780639648)
[INFO] 2022-09-27 02:57:03,302 [    train.py:  219]:	Evaluate:
[INFO] 2022-09-27 02:57:03,302 [    train.py:  226]:	Loss 0.1690, ('Ner Loss', 0.019295242),  ('CLS Classification Loss', 0.14974484)
[INFO] 2022-09-27 02:57:03,303 [    train.py:  227]:	('Ner Acc', 0.99765134), ('CLS Classification Acc', 0.97901714)
[INFO] 2022-09-27 02:57:15,965 [    train.py:  236]:	Precision 0.545 Recall 0.666 F1 0.599
[INFO] 2022-09-27 02:58:21,326 [    train.py:  184]:	Epoch 43: 
[INFO] 2022-09-27 02:58:21,327 [    train.py:  185]:	Train:
[INFO] 2022-09-27 02:58:21,335 [    train.py:  197]:	Loss 0.0029, ('Ner Loss', 0.0005591982626356184),  ('CLS Classification Loss', 0.002318269107490778)
[INFO] 2022-09-27 02:58:21,335 [    train.py:  207]:	('Ner Acc', 0.9997870922088623),  ('CLS Classification Acc', 0.9992774724960327)
[INFO] 2022-09-27 02:58:23,637 [    train.py:  219]:	Evaluate:
[INFO] 2022-09-27 02:58:23,638 [    train.py:  226]:	Loss 0.1640, ('Ner Loss', 0.019726105),  ('CLS Classification Loss', 0.1442592)
[INFO] 2022-09-27 02:58:23,638 [    train.py:  227]:	('Ner Acc', 0.9978406), ('CLS Classification Acc', 0.9809817)
[INFO] 2022-09-27 02:58:36,380 [    train.py:  236]:	Precision 0.596 Recall 0.619 F1 0.607
[INFO] 2022-09-27 02:59:41,835 [    train.py:  184]:	Epoch 44: 
[INFO] 2022-09-27 02:59:41,836 [    train.py:  185]:	Train:
[INFO] 2022-09-27 02:59:41,840 [    train.py:  197]:	Loss 0.0029, ('Ner Loss', 0.0005299726035445929),  ('CLS Classification Loss', 0.00237379502505064)
[INFO] 2022-09-27 02:59:41,840 [    train.py:  207]:	('Ner Acc', 0.9997982382774353),  ('CLS Classification Acc', 0.9992123246192932)
[INFO] 2022-09-27 02:59:44,168 [    train.py:  219]:	Evaluate:
[INFO] 2022-09-27 02:59:44,168 [    train.py:  226]:	Loss 0.1731, ('Ner Loss', 0.020018643),  ('CLS Classification Loss', 0.15309049)
[INFO] 2022-09-27 02:59:44,169 [    train.py:  227]:	('Ner Acc', 0.99792653), ('CLS Classification Acc', 0.9802092)
[INFO] 2022-09-27 02:59:57,502 [    train.py:  236]:	Precision 0.576 Recall 0.632 F1 0.603
[INFO] 2022-09-27 03:01:03,087 [    train.py:  184]:	Epoch 45: 
[INFO] 2022-09-27 03:01:03,087 [    train.py:  185]:	Train:
[INFO] 2022-09-27 03:01:03,091 [    train.py:  197]:	Loss 0.0040, ('Ner Loss', 0.000623399275355041),  ('CLS Classification Loss', 0.003360106609761715)
[INFO] 2022-09-27 03:01:03,091 [    train.py:  207]:	('Ner Acc', 0.9997779130935669),  ('CLS Classification Acc', 0.9989609718322754)
[INFO] 2022-09-27 03:01:05,389 [    train.py:  219]:	Evaluate:
[INFO] 2022-09-27 03:01:05,390 [    train.py:  226]:	Loss 0.1393, ('Ner Loss', 0.017173525),  ('CLS Classification Loss', 0.1221175)
[INFO] 2022-09-27 03:01:05,390 [    train.py:  227]:	('Ner Acc', 0.9978986), ('CLS Classification Acc', 0.98103154)
[INFO] 2022-09-27 03:01:18,078 [    train.py:  236]:	Precision 0.621 Recall 0.615 F1 0.618
[INFO] 2022-09-27 03:02:23,584 [    train.py:  184]:	Epoch 46: 
[INFO] 2022-09-27 03:02:23,585 [    train.py:  185]:	Train:
[INFO] 2022-09-27 03:02:23,590 [    train.py:  197]:	Loss 0.0037, ('Ner Loss', 0.000623353524133563),  ('CLS Classification Loss', 0.003035913221538067)
[INFO] 2022-09-27 03:02:23,591 [    train.py:  207]:	('Ner Acc', 0.9997857213020325),  ('CLS Classification Acc', 0.9990664124488831)
[INFO] 2022-09-27 03:02:25,885 [    train.py:  219]:	Evaluate:
[INFO] 2022-09-27 03:02:25,885 [    train.py:  226]:	Loss 0.1496, ('Ner Loss', 0.018154971),  ('CLS Classification Loss', 0.13146523)
[INFO] 2022-09-27 03:02:25,885 [    train.py:  227]:	('Ner Acc', 0.99791574), ('CLS Classification Acc', 0.97998065)
[INFO] 2022-09-27 03:02:38,588 [    train.py:  236]:	Precision 0.586 Recall 0.620 F1 0.603
[INFO] 2022-09-27 03:03:44,153 [    train.py:  184]:	Epoch 47: 
[INFO] 2022-09-27 03:03:44,153 [    train.py:  185]:	Train:
[INFO] 2022-09-27 03:03:44,157 [    train.py:  197]:	Loss 0.0034, ('Ner Loss', 0.0005074433283880353),  ('CLS Classification Loss', 0.002928960369899869)
[INFO] 2022-09-27 03:03:44,157 [    train.py:  207]:	('Ner Acc', 0.9998096227645874),  ('CLS Classification Acc', 0.9990826845169067)
[INFO] 2022-09-27 03:03:46,431 [    train.py:  219]:	Evaluate:
[INFO] 2022-09-27 03:03:46,432 [    train.py:  226]:	Loss 0.1554, ('Ner Loss', 0.017763691),  ('CLS Classification Loss', 0.13766155)
[INFO] 2022-09-27 03:03:46,432 [    train.py:  227]:	('Ner Acc', 0.99791515), ('CLS Classification Acc', 0.9812599)
[INFO] 2022-09-27 03:03:59,029 [    train.py:  236]:	Precision 0.607 Recall 0.641 F1 0.624
[INFO] 2022-09-27 03:05:04,409 [    train.py:  184]:	Epoch 48: 
[INFO] 2022-09-27 03:05:04,409 [    train.py:  185]:	Train:
[INFO] 2022-09-27 03:05:04,412 [    train.py:  197]:	Loss 0.0024, ('Ner Loss', 0.0004423136415425688),  ('CLS Classification Loss', 0.001988356001675129)
[INFO] 2022-09-27 03:05:04,412 [    train.py:  207]:	('Ner Acc', 0.9998409748077393),  ('CLS Classification Acc', 0.9993746280670166)
[INFO] 2022-09-27 03:05:06,708 [    train.py:  219]:	Evaluate:
[INFO] 2022-09-27 03:05:06,709 [    train.py:  226]:	Loss 0.1451, ('Ner Loss', 0.018738903),  ('CLS Classification Loss', 0.12637018)
[INFO] 2022-09-27 03:05:06,709 [    train.py:  227]:	('Ner Acc', 0.99802047), ('CLS Classification Acc', 0.9815756)
[INFO] 2022-09-27 03:05:19,711 [    train.py:  236]:	Precision 0.614 Recall 0.610 F1 0.612
[INFO] 2022-09-27 03:06:25,226 [    train.py:  184]:	Epoch 49: 
[INFO] 2022-09-27 03:06:25,227 [    train.py:  185]:	Train:
[INFO] 2022-09-27 03:06:25,234 [    train.py:  197]:	Loss 0.0030, ('Ner Loss', 0.0004545999981928617),  ('CLS Classification Loss', 0.002514228690415621)
[INFO] 2022-09-27 03:06:25,234 [    train.py:  207]:	('Ner Acc', 0.9998226761817932),  ('CLS Classification Acc', 0.9991963505744934)
[INFO] 2022-09-27 03:06:27,518 [    train.py:  219]:	Evaluate:
[INFO] 2022-09-27 03:06:27,519 [    train.py:  226]:	Loss 0.1676, ('Ner Loss', 0.021199198),  ('CLS Classification Loss', 0.14637776)
[INFO] 2022-09-27 03:06:27,519 [    train.py:  227]:	('Ner Acc', 0.9979361), ('CLS Classification Acc', 0.98057467)
[INFO] 2022-09-27 03:06:40,248 [    train.py:  236]:	Precision 0.602 Recall 0.619 F1 0.610
[INFO] 2022-09-27 03:07:45,754 [    train.py:  184]:	Epoch 50: 
[INFO] 2022-09-27 03:07:45,755 [    train.py:  185]:	Train:
[INFO] 2022-09-27 03:07:45,760 [    train.py:  197]:	Loss 0.0035, ('Ner Loss', 0.0004781089664902538),  ('CLS Classification Loss', 0.0029783619102090597)
[INFO] 2022-09-27 03:07:45,760 [    train.py:  207]:	('Ner Acc', 0.9998278617858887),  ('CLS Classification Acc', 0.9990745782852173)
[INFO] 2022-09-27 03:07:48,054 [    train.py:  219]:	Evaluate:
[INFO] 2022-09-27 03:07:48,055 [    train.py:  226]:	Loss 0.1756, ('Ner Loss', 0.021985447),  ('CLS Classification Loss', 0.1536573)
[INFO] 2022-09-27 03:07:48,055 [    train.py:  227]:	('Ner Acc', 0.99796426), ('CLS Classification Acc', 0.9812101)
[INFO] 2022-09-27 03:08:00,780 [    train.py:  236]:	Precision 0.610 Recall 0.601 F1 0.605
[INFO] 2022-09-27 03:09:06,703 [    train.py:  184]:	Epoch 51: 
[INFO] 2022-09-27 03:09:06,704 [    train.py:  185]:	Train:
[INFO] 2022-09-27 03:09:06,706 [    train.py:  197]:	Loss 0.0031, ('Ner Loss', 0.000471923645818606),  ('CLS Classification Loss', 0.0026592742651700974)
[INFO] 2022-09-27 03:09:06,706 [    train.py:  207]:	('Ner Acc', 0.9998317956924438),  ('CLS Classification Acc', 0.9992043375968933)
[INFO] 2022-09-27 03:09:08,972 [    train.py:  219]:	Evaluate:
[INFO] 2022-09-27 03:09:08,973 [    train.py:  226]:	Loss 0.1677, ('Ner Loss', 0.021131806),  ('CLS Classification Loss', 0.14653647)
[INFO] 2022-09-27 03:09:08,973 [    train.py:  227]:	('Ner Acc', 0.99795765), ('CLS Classification Acc', 0.9808487)
[INFO] 2022-09-27 03:09:21,544 [    train.py:  236]:	Precision 0.610 Recall 0.618 F1 0.614
[INFO] 2022-09-27 03:10:28,255 [    train.py:  184]:	Epoch 52: 
[INFO] 2022-09-27 03:10:28,256 [    train.py:  185]:	Train:
[INFO] 2022-09-27 03:10:28,259 [    train.py:  197]:	Loss 0.0031, ('Ner Loss', 0.0004363231419119984),  ('CLS Classification Loss', 0.002705949591472745)
[INFO] 2022-09-27 03:10:28,259 [    train.py:  207]:	('Ner Acc', 0.9998471736907959),  ('CLS Classification Acc', 0.9991316199302673)
[INFO] 2022-09-27 03:10:30,582 [    train.py:  219]:	Evaluate:
[INFO] 2022-09-27 03:10:30,582 [    train.py:  226]:	Loss 0.1524, ('Ner Loss', 0.019739723),  ('CLS Classification Loss', 0.13264437)
[INFO] 2022-09-27 03:10:30,582 [    train.py:  227]:	('Ner Acc', 0.9977955), ('CLS Classification Acc', 0.9791125)
[INFO] 2022-09-27 03:10:43,371 [    train.py:  236]:	Precision 0.556 Recall 0.644 F1 0.597
[INFO] 2022-09-27 03:11:49,211 [    train.py:  184]:	Epoch 53: 
[INFO] 2022-09-27 03:11:49,212 [    train.py:  185]:	Train:
[INFO] 2022-09-27 03:11:49,215 [    train.py:  197]:	Loss 0.0022, ('Ner Loss', 0.0004297443083487451),  ('CLS Classification Loss', 0.0017532585188746452)
[INFO] 2022-09-27 03:11:49,215 [    train.py:  207]:	('Ner Acc', 0.9998455047607422),  ('CLS Classification Acc', 0.9993991255760193)
[INFO] 2022-09-27 03:11:51,500 [    train.py:  219]:	Evaluate:
[INFO] 2022-09-27 03:11:51,501 [    train.py:  226]:	Loss 0.1809, ('Ner Loss', 0.021096656),  ('CLS Classification Loss', 0.15977782)
[INFO] 2022-09-27 03:11:51,501 [    train.py:  227]:	('Ner Acc', 0.99798024), ('CLS Classification Acc', 0.98048735)
[INFO] 2022-09-27 03:12:03,841 [    train.py:  236]:	Precision 0.596 Recall 0.608 F1 0.602
[INFO] 2022-09-27 03:13:09,139 [    train.py:  184]:	Epoch 54: 
[INFO] 2022-09-27 03:13:09,140 [    train.py:  185]:	Train:
[INFO] 2022-09-27 03:13:09,143 [    train.py:  197]:	Loss 0.0025, ('Ner Loss', 0.00036211602855473757),  ('CLS Classification Loss', 0.0021479250863194466)
[INFO] 2022-09-27 03:13:09,143 [    train.py:  207]:	('Ner Acc', 0.9998593926429749),  ('CLS Classification Acc', 0.9993181228637695)
[INFO] 2022-09-27 03:13:11,435 [    train.py:  219]:	Evaluate:
[INFO] 2022-09-27 03:13:11,436 [    train.py:  226]:	Loss 0.1825, ('Ner Loss', 0.021969007),  ('CLS Classification Loss', 0.16052613)
[INFO] 2022-09-27 03:13:11,436 [    train.py:  227]:	('Ner Acc', 0.997868), ('CLS Classification Acc', 0.98166287)
[INFO] 2022-09-27 03:13:23,859 [    train.py:  236]:	Precision 0.601 Recall 0.625 F1 0.613
[INFO] 2022-09-27 03:14:29,245 [    train.py:  184]:	Epoch 55: 
[INFO] 2022-09-27 03:14:29,246 [    train.py:  185]:	Train:
[INFO] 2022-09-27 03:14:29,250 [    train.py:  197]:	Loss 0.0041, ('Ner Loss', 0.0003670149599201977),  ('CLS Classification Loss', 0.0037320174742490053)
[INFO] 2022-09-27 03:14:29,251 [    train.py:  207]:	('Ner Acc', 0.9998618364334106),  ('CLS Classification Acc', 0.9988312125205994)
[INFO] 2022-09-27 03:14:31,533 [    train.py:  219]:	Evaluate:
[INFO] 2022-09-27 03:14:31,534 [    train.py:  226]:	Loss 0.1516, ('Ner Loss', 0.019574562),  ('CLS Classification Loss', 0.1319882)
[INFO] 2022-09-27 03:14:31,534 [    train.py:  227]:	('Ner Acc', 0.99797), ('CLS Classification Acc', 0.98098165)
[INFO] 2022-09-27 03:14:43,985 [    train.py:  236]:	Precision 0.609 Recall 0.623 F1 0.616
[INFO] 2022-09-27 03:15:49,387 [    train.py:  184]:	Epoch 56: 
[INFO] 2022-09-27 03:15:49,387 [    train.py:  185]:	Train:
[INFO] 2022-09-27 03:15:49,390 [    train.py:  197]:	Loss 0.0022, ('Ner Loss', 0.0003748623130377382),  ('CLS Classification Loss', 0.001861624768935144)
[INFO] 2022-09-27 03:15:49,390 [    train.py:  207]:	('Ner Acc', 0.9998635053634644),  ('CLS Classification Acc', 0.9993994235992432)
[INFO] 2022-09-27 03:15:51,680 [    train.py:  219]:	Evaluate:
[INFO] 2022-09-27 03:15:51,681 [    train.py:  226]:	Loss 0.1767, ('Ner Loss', 0.021776346),  ('CLS Classification Loss', 0.15488702)
[INFO] 2022-09-27 03:15:51,681 [    train.py:  227]:	('Ner Acc', 0.9979339), ('CLS Classification Acc', 0.98153406)
[INFO] 2022-09-27 03:16:04,389 [    train.py:  236]:	Precision 0.615 Recall 0.603 F1 0.609
[INFO] 2022-09-27 03:17:09,689 [    train.py:  184]:	Epoch 57: 
[INFO] 2022-09-27 03:17:09,689 [    train.py:  185]:	Train:
[INFO] 2022-09-27 03:17:09,693 [    train.py:  197]:	Loss 0.0019, ('Ner Loss', 0.00037939148023724556),  ('CLS Classification Loss', 0.0015243157977238297)
[INFO] 2022-09-27 03:17:09,693 [    train.py:  207]:	('Ner Acc', 0.9998722076416016),  ('CLS Classification Acc', 0.9994397163391113)
[INFO] 2022-09-27 03:17:11,963 [    train.py:  219]:	Evaluate:
[INFO] 2022-09-27 03:17:11,964 [    train.py:  226]:	Loss 0.1839, ('Ner Loss', 0.020532114),  ('CLS Classification Loss', 0.16338344)
[INFO] 2022-09-27 03:17:11,965 [    train.py:  227]:	('Ner Acc', 0.9980046), ('CLS Classification Acc', 0.98148423)
[INFO] 2022-09-27 03:17:24,639 [    train.py:  236]:	Precision 0.633 Recall 0.625 F1 0.629
[INFO] 2022-09-27 03:18:30,032 [    train.py:  184]:	Epoch 58: 
[INFO] 2022-09-27 03:18:30,033 [    train.py:  185]:	Train:
[INFO] 2022-09-27 03:18:30,040 [    train.py:  197]:	Loss 0.0023, ('Ner Loss', 0.00032520064269192517),  ('CLS Classification Loss', 0.0019737789407372475)
[INFO] 2022-09-27 03:18:30,040 [    train.py:  207]:	('Ner Acc', 0.9998837113380432),  ('CLS Classification Acc', 0.999415397644043)
[INFO] 2022-09-27 03:18:32,347 [    train.py:  219]:	Evaluate:
[INFO] 2022-09-27 03:18:32,348 [    train.py:  226]:	Loss 0.1594, ('Ner Loss', 0.019552171),  ('CLS Classification Loss', 0.13987666)
[INFO] 2022-09-27 03:18:32,348 [    train.py:  227]:	('Ner Acc', 0.99793845), ('CLS Classification Acc', 0.9824395)
[INFO] 2022-09-27 03:18:45,065 [    train.py:  236]:	Precision 0.621 Recall 0.610 F1 0.615
[INFO] 2022-09-27 03:19:50,682 [    train.py:  184]:	Epoch 59: 
[INFO] 2022-09-27 03:19:50,682 [    train.py:  185]:	Train:
[INFO] 2022-09-27 03:19:50,685 [    train.py:  197]:	Loss 0.0017, ('Ner Loss', 0.0002931393973995),  ('CLS Classification Loss', 0.0013701467541977763)
[INFO] 2022-09-27 03:19:50,686 [    train.py:  207]:	('Ner Acc', 0.9998965263366699),  ('CLS Classification Acc', 0.9995372295379639)
[INFO] 2022-09-27 03:19:52,971 [    train.py:  219]:	Evaluate:
[INFO] 2022-09-27 03:19:52,971 [    train.py:  226]:	Loss 0.1793, ('Ner Loss', 0.021998277),  ('CLS Classification Loss', 0.15735084)
[INFO] 2022-09-27 03:19:52,971 [    train.py:  227]:	('Ner Acc', 0.99788666), ('CLS Classification Acc', 0.98103154)
[INFO] 2022-09-27 03:20:05,487 [    train.py:  236]:	Precision 0.600 Recall 0.612 F1 0.606
[INFO] 2022-09-27 03:21:10,772 [    train.py:  184]:	Epoch 60: 
[INFO] 2022-09-27 03:21:10,772 [    train.py:  185]:	Train:
[INFO] 2022-09-27 03:21:10,776 [    train.py:  197]:	Loss 0.0020, ('Ner Loss', 0.0002819668734446168),  ('CLS Classification Loss', 0.001740285544656217)
[INFO] 2022-09-27 03:21:10,777 [    train.py:  207]:	('Ner Acc', 0.9998948574066162),  ('CLS Classification Acc', 0.9994481205940247)
[INFO] 2022-09-27 03:21:13,078 [    train.py:  219]:	Evaluate:
[INFO] 2022-09-27 03:21:13,079 [    train.py:  226]:	Loss 0.1721, ('Ner Loss', 0.020939874),  ('CLS Classification Loss', 0.15114379)
[INFO] 2022-09-27 03:21:13,079 [    train.py:  227]:	('Ner Acc', 0.99803996), ('CLS Classification Acc', 0.98148006)
[INFO] 2022-09-27 03:21:25,774 [    train.py:  236]:	Precision 0.626 Recall 0.616 F1 0.621
[INFO] 2022-09-27 03:22:31,551 [    train.py:  184]:	Epoch 61: 
[INFO] 2022-09-27 03:22:31,552 [    train.py:  185]:	Train:
[INFO] 2022-09-27 03:22:31,556 [    train.py:  197]:	Loss 0.0021, ('Ner Loss', 0.00023308653908316046),  ('CLS Classification Loss', 0.0019018028397113085)
[INFO] 2022-09-27 03:22:31,556 [    train.py:  207]:	('Ner Acc', 0.9999160766601562),  ('CLS Classification Acc', 0.9993828535079956)
[INFO] 2022-09-27 03:22:33,914 [    train.py:  219]:	Evaluate:
[INFO] 2022-09-27 03:22:33,914 [    train.py:  226]:	Loss 0.1708, ('Ner Loss', 0.021674454),  ('CLS Classification Loss', 0.14912568)
[INFO] 2022-09-27 03:22:33,914 [    train.py:  227]:	('Ner Acc', 0.9980034), ('CLS Classification Acc', 0.9814842)
[INFO] 2022-09-27 03:22:46,619 [    train.py:  236]:	Precision 0.623 Recall 0.614 F1 0.618
[INFO] 2022-09-27 03:23:52,359 [    train.py:  184]:	Epoch 62: 
[INFO] 2022-09-27 03:23:52,360 [    train.py:  185]:	Train:
[INFO] 2022-09-27 03:23:52,363 [    train.py:  197]:	Loss 0.0015, ('Ner Loss', 0.00023872109886724502),  ('CLS Classification Loss', 0.0012868179474025965)
[INFO] 2022-09-27 03:23:52,363 [    train.py:  207]:	('Ner Acc', 0.9999170899391174),  ('CLS Classification Acc', 0.9995777606964111)
[INFO] 2022-09-27 03:23:54,711 [    train.py:  219]:	Evaluate:
[INFO] 2022-09-27 03:23:54,712 [    train.py:  226]:	Loss 0.1736, ('Ner Loss', 0.021975541),  ('CLS Classification Loss', 0.15158236)
[INFO] 2022-09-27 03:23:54,712 [    train.py:  227]:	('Ner Acc', 0.99801785), ('CLS Classification Acc', 0.9816255)
[INFO] 2022-09-27 03:24:07,216 [    train.py:  236]:	Precision 0.625 Recall 0.593 F1 0.608
[INFO] 2022-09-27 03:25:12,801 [    train.py:  184]:	Epoch 63: 
[INFO] 2022-09-27 03:25:12,801 [    train.py:  185]:	Train:
[INFO] 2022-09-27 03:25:12,804 [    train.py:  197]:	Loss 0.0025, ('Ner Loss', 0.0003381195419933647),  ('CLS Classification Loss', 0.0021897139959037304)
[INFO] 2022-09-27 03:25:12,804 [    train.py:  207]:	('Ner Acc', 0.9998760223388672),  ('CLS Classification Acc', 0.9993424415588379)
[INFO] 2022-09-27 03:25:15,143 [    train.py:  219]:	Evaluate:
[INFO] 2022-09-27 03:25:15,144 [    train.py:  226]:	Loss 0.1674, ('Ner Loss', 0.021409262),  ('CLS Classification Loss', 0.14599347)
[INFO] 2022-09-27 03:25:15,144 [    train.py:  227]:	('Ner Acc', 0.997917), ('CLS Classification Acc', 0.98067015)
[INFO] 2022-09-27 03:25:27,462 [    train.py:  236]:	Precision 0.588 Recall 0.618 F1 0.603
[INFO] 2022-09-27 03:26:33,013 [    train.py:  184]:	Epoch 64: 
[INFO] 2022-09-27 03:26:33,013 [    train.py:  185]:	Train:
[INFO] 2022-09-27 03:26:33,015 [    train.py:  197]:	Loss 0.0027, ('Ner Loss', 0.0003593803266994655),  ('CLS Classification Loss', 0.0023749424144625664)
[INFO] 2022-09-27 03:26:33,015 [    train.py:  207]:	('Ner Acc', 0.9998785257339478),  ('CLS Classification Acc', 0.9992613196372986)
[INFO] 2022-09-27 03:26:35,350 [    train.py:  219]:	Evaluate:
[INFO] 2022-09-27 03:26:35,350 [    train.py:  226]:	Loss 0.1690, ('Ner Loss', 0.02142003),  ('CLS Classification Loss', 0.14759663)
[INFO] 2022-09-27 03:26:35,351 [    train.py:  227]:	('Ner Acc', 0.9979148), ('CLS Classification Acc', 0.9819411)
[INFO] 2022-09-27 03:26:47,766 [    train.py:  236]:	Precision 0.615 Recall 0.616 F1 0.615
[INFO] 2022-09-27 03:27:52,929 [    train.py:  184]:	Epoch 65: 
[INFO] 2022-09-27 03:27:52,930 [    train.py:  185]:	Train:
[INFO] 2022-09-27 03:27:52,933 [    train.py:  197]:	Loss 0.0025, ('Ner Loss', 0.00031841557938605547),  ('CLS Classification Loss', 0.002168104751035571)
[INFO] 2022-09-27 03:27:52,933 [    train.py:  207]:	('Ner Acc', 0.9998871088027954),  ('CLS Classification Acc', 0.9993991255760193)
[INFO] 2022-09-27 03:27:55,268 [    train.py:  219]:	Evaluate:
[INFO] 2022-09-27 03:27:55,269 [    train.py:  226]:	Loss 0.1687, ('Ner Loss', 0.020891273),  ('CLS Classification Loss', 0.14784689)
[INFO] 2022-09-27 03:27:55,269 [    train.py:  227]:	('Ner Acc', 0.99786097), ('CLS Classification Acc', 0.9812599)
[INFO] 2022-09-27 03:28:07,788 [    train.py:  236]:	Precision 0.595 Recall 0.644 F1 0.619
[INFO] 2022-09-27 03:29:13,469 [    train.py:  184]:	Epoch 66: 
[INFO] 2022-09-27 03:29:13,469 [    train.py:  185]:	Train:
[INFO] 2022-09-27 03:29:13,472 [    train.py:  197]:	Loss 0.0014, ('Ner Loss', 0.00025202464894391596),  ('CLS Classification Loss', 0.001147711300291121)
[INFO] 2022-09-27 03:29:13,473 [    train.py:  207]:	('Ner Acc', 0.9999114871025085),  ('CLS Classification Acc', 0.9996019601821899)
[INFO] 2022-09-27 03:29:15,813 [    train.py:  219]:	Evaluate:
[INFO] 2022-09-27 03:29:15,814 [    train.py:  226]:	Loss 0.1729, ('Ner Loss', 0.020629667),  ('CLS Classification Loss', 0.15226245)
[INFO] 2022-09-27 03:29:15,814 [    train.py:  227]:	('Ner Acc', 0.9979374), ('CLS Classification Acc', 0.9812973)
[INFO] 2022-09-27 03:29:28,368 [    train.py:  236]:	Precision 0.610 Recall 0.633 F1 0.621
[INFO] 2022-09-27 03:30:34,111 [    train.py:  184]:	Epoch 67: 
[INFO] 2022-09-27 03:30:34,111 [    train.py:  185]:	Train:
[INFO] 2022-09-27 03:30:34,116 [    train.py:  197]:	Loss 0.0031, ('Ner Loss', 0.0003367009339854121),  ('CLS Classification Loss', 0.0027594207786023617)
[INFO] 2022-09-27 03:30:34,116 [    train.py:  207]:	('Ner Acc', 0.9998844265937805),  ('CLS Classification Acc', 0.9992207288742065)
[INFO] 2022-09-27 03:30:36,378 [    train.py:  219]:	Evaluate:
[INFO] 2022-09-27 03:30:36,379 [    train.py:  226]:	Loss 0.1456, ('Ner Loss', 0.019843513),  ('CLS Classification Loss', 0.12578796)
[INFO] 2022-09-27 03:30:36,379 [    train.py:  227]:	('Ner Acc', 0.9979329), ('CLS Classification Acc', 0.9812973)
[INFO] 2022-09-27 03:30:49,226 [    train.py:  236]:	Precision 0.629 Recall 0.601 F1 0.615
[INFO] 2022-09-27 03:31:55,179 [    train.py:  184]:	Epoch 68: 
[INFO] 2022-09-27 03:31:55,179 [    train.py:  185]:	Train:
[INFO] 2022-09-27 03:31:55,183 [    train.py:  197]:	Loss 0.0017, ('Ner Loss', 0.0002905465953517705),  ('CLS Classification Loss', 0.001422832370735705)
[INFO] 2022-09-27 03:31:55,183 [    train.py:  207]:	('Ner Acc', 0.9998982548713684),  ('CLS Classification Acc', 0.9995858669281006)
[INFO] 2022-09-27 03:31:57,484 [    train.py:  219]:	Evaluate:
[INFO] 2022-09-27 03:31:57,484 [    train.py:  226]:	Loss 0.1925, ('Ner Loss', 0.02216331),  ('CLS Classification Loss', 0.17030178)
[INFO] 2022-09-27 03:31:57,484 [    train.py:  227]:	('Ner Acc', 0.9979038), ('CLS Classification Acc', 0.9815756)
[INFO] 2022-09-27 03:32:10,343 [    train.py:  236]:	Precision 0.639 Recall 0.627 F1 0.633
[INFO] 2022-09-27 03:33:15,579 [    train.py:  184]:	Epoch 69: 
[INFO] 2022-09-27 03:33:15,580 [    train.py:  185]:	Train:
[INFO] 2022-09-27 03:33:15,585 [    train.py:  197]:	Loss 0.0020, ('Ner Loss', 0.0002768261474557221),  ('CLS Classification Loss', 0.001745496061630547)
[INFO] 2022-09-27 03:33:15,586 [    train.py:  207]:	('Ner Acc', 0.9999030828475952),  ('CLS Classification Acc', 0.9995208382606506)
[INFO] 2022-09-27 03:33:17,855 [    train.py:  219]:	Evaluate:
[INFO] 2022-09-27 03:33:17,855 [    train.py:  226]:	Loss 0.1607, ('Ner Loss', 0.019162582),  ('CLS Classification Loss', 0.14149046)
[INFO] 2022-09-27 03:33:17,855 [    train.py:  227]:	('Ner Acc', 0.9980513), ('CLS Classification Acc', 0.98257244)
[INFO] 2022-09-27 03:33:30,550 [    train.py:  236]:	Precision 0.645 Recall 0.624 F1 0.634
[INFO] 2022-09-27 03:34:35,804 [    train.py:  184]:	Epoch 70: 
[INFO] 2022-09-27 03:34:35,805 [    train.py:  185]:	Train:
[INFO] 2022-09-27 03:34:35,808 [    train.py:  197]:	Loss 0.0010, ('Ner Loss', 0.0001830984983826056),  ('CLS Classification Loss', 0.0008370478171855211)
[INFO] 2022-09-27 03:34:35,808 [    train.py:  207]:	('Ner Acc', 0.9999395608901978),  ('CLS Classification Acc', 0.9997645020484924)
[INFO] 2022-09-27 03:34:38,081 [    train.py:  219]:	Evaluate:
[INFO] 2022-09-27 03:34:38,082 [    train.py:  226]:	Loss 0.1835, ('Ner Loss', 0.021308552),  ('CLS Classification Loss', 0.16222636)
[INFO] 2022-09-27 03:34:38,082 [    train.py:  227]:	('Ner Acc', 0.99801457), ('CLS Classification Acc', 0.9814386)
[INFO] 2022-09-27 03:34:50,525 [    train.py:  236]:	Precision 0.621 Recall 0.638 F1 0.630
[INFO] 2022-09-27 03:35:55,930 [    train.py:  184]:	Epoch 71: 
[INFO] 2022-09-27 03:35:55,931 [    train.py:  185]:	Train:
[INFO] 2022-09-27 03:35:55,933 [    train.py:  197]:	Loss 0.0018, ('Ner Loss', 0.00021634249424096197),  ('CLS Classification Loss', 0.0015949789667502046)
[INFO] 2022-09-27 03:35:55,933 [    train.py:  207]:	('Ner Acc', 0.9999156594276428),  ('CLS Classification Acc', 0.999496579170227)
[INFO] 2022-09-27 03:35:58,216 [    train.py:  219]:	Evaluate:
[INFO] 2022-09-27 03:35:58,217 [    train.py:  226]:	Loss 0.1632, ('Ner Loss', 0.020524882),  ('CLS Classification Loss', 0.14267437)
[INFO] 2022-09-27 03:35:58,217 [    train.py:  227]:	('Ner Acc', 0.99801433), ('CLS Classification Acc', 0.9811686)
[INFO] 2022-09-27 03:36:10,713 [    train.py:  236]:	Precision 0.611 Recall 0.609 F1 0.610
[INFO] 2022-09-27 03:37:15,440 [    train.py:  184]:	Epoch 72: 
[INFO] 2022-09-27 03:37:15,440 [    train.py:  185]:	Train:
[INFO] 2022-09-27 03:37:15,442 [    train.py:  197]:	Loss 0.0013, ('Ner Loss', 0.000225831288844347),  ('CLS Classification Loss', 0.00107238395139575)
[INFO] 2022-09-27 03:37:15,442 [    train.py:  207]:	('Ner Acc', 0.99992436170578),  ('CLS Classification Acc', 0.9996428489685059)
[INFO] 2022-09-27 03:37:17,718 [    train.py:  219]:	Evaluate:
[INFO] 2022-09-27 03:37:17,719 [    train.py:  226]:	Loss 0.1842, ('Ner Loss', 0.021148307),  ('CLS Classification Loss', 0.16300452)
[INFO] 2022-09-27 03:37:17,719 [    train.py:  227]:	('Ner Acc', 0.9979773), ('CLS Classification Acc', 0.9818041)
[INFO] 2022-09-27 03:37:30,338 [    train.py:  236]:	Precision 0.627 Recall 0.630 F1 0.628
[INFO] 2022-09-27 03:38:35,902 [    train.py:  184]:	Epoch 73: 
[INFO] 2022-09-27 03:38:35,903 [    train.py:  185]:	Train:
[INFO] 2022-09-27 03:38:35,907 [    train.py:  197]:	Loss 0.0011, ('Ner Loss', 0.00017989361367654055),  ('CLS Classification Loss', 0.0009675342007540166)
[INFO] 2022-09-27 03:38:35,908 [    train.py:  207]:	('Ner Acc', 0.9999393224716187),  ('CLS Classification Acc', 0.9997401237487793)
[INFO] 2022-09-27 03:38:38,190 [    train.py:  219]:	Evaluate:
[INFO] 2022-09-27 03:38:38,191 [    train.py:  226]:	Loss 0.1745, ('Ner Loss', 0.021091923),  ('CLS Classification Loss', 0.15338597)
[INFO] 2022-09-27 03:38:38,191 [    train.py:  227]:	('Ner Acc', 0.998002), ('CLS Classification Acc', 0.98134303)
[INFO] 2022-09-27 03:38:50,631 [    train.py:  236]:	Precision 0.619 Recall 0.629 F1 0.624
[INFO] 2022-09-27 03:39:55,872 [    train.py:  184]:	Epoch 74: 
[INFO] 2022-09-27 03:39:55,872 [    train.py:  185]:	Train:
[INFO] 2022-09-27 03:39:55,876 [    train.py:  197]:	Loss 0.0015, ('Ner Loss', 0.00021147569350432605),  ('CLS Classification Loss', 0.001282627577893436)
[INFO] 2022-09-27 03:39:55,876 [    train.py:  207]:	('Ner Acc', 0.9999309778213501),  ('CLS Classification Acc', 0.9997239112854004)
[INFO] 2022-09-27 03:39:58,168 [    train.py:  219]:	Evaluate:
[INFO] 2022-09-27 03:39:58,168 [    train.py:  226]:	Loss 0.1733, ('Ner Loss', 0.020892914),  ('CLS Classification Loss', 0.15245675)
[INFO] 2022-09-27 03:39:58,169 [    train.py:  227]:	('Ner Acc', 0.9979968), ('CLS Classification Acc', 0.9818041)
[INFO] 2022-09-27 03:40:10,788 [    train.py:  236]:	Precision 0.632 Recall 0.623 F1 0.628
[INFO] 2022-09-27 03:41:16,309 [    train.py:  184]:	Epoch 75: 
[INFO] 2022-09-27 03:41:16,310 [    train.py:  185]:	Train:
[INFO] 2022-09-27 03:41:16,315 [    train.py:  197]:	Loss 0.0014, ('Ner Loss', 0.00020254022092558444),  ('CLS Classification Loss', 0.001156856189481914)
[INFO] 2022-09-27 03:41:16,315 [    train.py:  207]:	('Ner Acc', 0.9999299645423889),  ('CLS Classification Acc', 0.9996265172958374)
[INFO] 2022-09-27 03:41:18,603 [    train.py:  219]:	Evaluate:
[INFO] 2022-09-27 03:41:18,604 [    train.py:  226]:	Loss 0.1902, ('Ner Loss', 0.021601526),  ('CLS Classification Loss', 0.1686118)
[INFO] 2022-09-27 03:41:18,604 [    train.py:  227]:	('Ner Acc', 0.9978802), ('CLS Classification Acc', 0.9808903)
[INFO] 2022-09-27 03:41:31,482 [    train.py:  236]:	Precision 0.604 Recall 0.627 F1 0.615
[INFO] 2022-09-27 03:42:36,548 [    train.py:  184]:	Epoch 76: 
[INFO] 2022-09-27 03:42:36,549 [    train.py:  185]:	Train:
[INFO] 2022-09-27 03:42:36,552 [    train.py:  197]:	Loss 0.0015, ('Ner Loss', 0.00018059035937767476),  ('CLS Classification Loss', 0.00134446588344872)
[INFO] 2022-09-27 03:42:36,552 [    train.py:  207]:	('Ner Acc', 0.9999330639839172),  ('CLS Classification Acc', 0.9996021389961243)
[INFO] 2022-09-27 03:42:38,828 [    train.py:  219]:	Evaluate:
[INFO] 2022-09-27 03:42:38,829 [    train.py:  226]:	Loss 0.1794, ('Ner Loss', 0.020649942),  ('CLS Classification Loss', 0.15879829)
[INFO] 2022-09-27 03:42:38,829 [    train.py:  227]:	('Ner Acc', 0.9979326), ('CLS Classification Acc', 0.98106474)
[INFO] 2022-09-27 03:42:51,185 [    train.py:  236]:	Precision 0.605 Recall 0.619 F1 0.612
[INFO] 2022-09-27 03:43:58,160 [    train.py:  184]:	Epoch 77: 
[INFO] 2022-09-27 03:43:58,160 [    train.py:  185]:	Train:
[INFO] 2022-09-27 03:43:58,163 [    train.py:  197]:	Loss 0.0020, ('Ner Loss', 0.0002209832746302709),  ('CLS Classification Loss', 0.0018028666963800788)
[INFO] 2022-09-27 03:43:58,163 [    train.py:  207]:	('Ner Acc', 0.9999204874038696),  ('CLS Classification Acc', 0.9994885921478271)
[INFO] 2022-09-27 03:44:00,491 [    train.py:  219]:	Evaluate:
[INFO] 2022-09-27 03:44:00,492 [    train.py:  226]:	Loss 0.1970, ('Ner Loss', 0.021301292),  ('CLS Classification Loss', 0.17574742)
[INFO] 2022-09-27 03:44:00,492 [    train.py:  227]:	('Ner Acc', 0.99791026), ('CLS Classification Acc', 0.9802092)
[INFO] 2022-09-27 03:44:21,077 [    train.py:  236]:	Precision 0.606 Recall 0.646 F1 0.625
[INFO] 2022-09-27 03:45:27,559 [    train.py:  184]:	Epoch 78: 
[INFO] 2022-09-27 03:45:27,560 [    train.py:  185]:	Train:
[INFO] 2022-09-27 03:45:27,564 [    train.py:  197]:	Loss 0.0010, ('Ner Loss', 0.0001561746612424031),  ('CLS Classification Loss', 0.000839189684484154)
[INFO] 2022-09-27 03:45:27,564 [    train.py:  207]:	('Ner Acc', 0.99993896484375),  ('CLS Classification Acc', 0.9997564554214478)
[INFO] 2022-09-27 03:45:29,932 [    train.py:  219]:	Evaluate:
[INFO] 2022-09-27 03:45:29,932 [    train.py:  226]:	Loss 0.1960, ('Ner Loss', 0.022231579),  ('CLS Classification Loss', 0.17374744)
[INFO] 2022-09-27 03:45:29,932 [    train.py:  227]:	('Ner Acc', 0.99801266), ('CLS Classification Acc', 0.9809443)
[INFO] 2022-09-27 03:45:43,537 [    train.py:  236]:	Precision 0.634 Recall 0.601 F1 0.617
[INFO] 2022-09-27 03:46:48,564 [    train.py:  184]:	Epoch 79: 
[INFO] 2022-09-27 03:46:48,564 [    train.py:  185]:	Train:
[INFO] 2022-09-27 03:46:48,568 [    train.py:  197]:	Loss 0.0020, ('Ner Loss', 0.00020467913418542594),  ('CLS Classification Loss', 0.0017616403056308627)
[INFO] 2022-09-27 03:46:48,568 [    train.py:  207]:	('Ner Acc', 0.999925971031189),  ('CLS Classification Acc', 0.9995289444923401)
[INFO] 2022-09-27 03:46:50,864 [    train.py:  219]:	Evaluate:
[INFO] 2022-09-27 03:46:50,864 [    train.py:  226]:	Loss 0.1595, ('Ner Loss', 0.020891163),  ('CLS Classification Loss', 0.13862352)
[INFO] 2022-09-27 03:46:50,865 [    train.py:  227]:	('Ner Acc', 0.9978598), ('CLS Classification Acc', 0.9797522)
[INFO] 2022-09-27 03:47:03,495 [    train.py:  236]:	Precision 0.584 Recall 0.614 F1 0.599
[INFO] 2022-09-27 03:48:08,722 [    train.py:  184]:	Epoch 80: 
[INFO] 2022-09-27 03:48:08,723 [    train.py:  185]:	Train:
[INFO] 2022-09-27 03:48:08,726 [    train.py:  197]:	Loss 0.0025, ('Ner Loss', 0.0002869510790333152),  ('CLS Classification Loss', 0.002178141614422202)
[INFO] 2022-09-27 03:48:08,726 [    train.py:  207]:	('Ner Acc', 0.999917209148407),  ('CLS Classification Acc', 0.9993668794631958)
[INFO] 2022-09-27 03:48:11,012 [    train.py:  219]:	Evaluate:
[INFO] 2022-09-27 03:48:11,013 [    train.py:  226]:	Loss 0.1835, ('Ner Loss', 0.020734712),  ('CLS Classification Loss', 0.162749)
[INFO] 2022-09-27 03:48:11,013 [    train.py:  227]:	('Ner Acc', 0.99783015), ('CLS Classification Acc', 0.9813929)
[INFO] 2022-09-27 03:48:23,415 [    train.py:  236]:	Precision 0.596 Recall 0.638 F1 0.616
[INFO] 2022-09-27 03:49:28,498 [    train.py:  184]:	Epoch 81: 
[INFO] 2022-09-27 03:49:28,499 [    train.py:  185]:	Train:
[INFO] 2022-09-27 03:49:28,502 [    train.py:  197]:	Loss 0.0017, ('Ner Loss', 0.00022015554714016616),  ('CLS Classification Loss', 0.001437077997252345)
[INFO] 2022-09-27 03:49:28,502 [    train.py:  207]:	('Ner Acc', 0.9999297857284546),  ('CLS Classification Acc', 0.9995697140693665)
[INFO] 2022-09-27 03:49:30,834 [    train.py:  219]:	Evaluate:
[INFO] 2022-09-27 03:49:30,834 [    train.py:  226]:	Loss 0.1830, ('Ner Loss', 0.020829579),  ('CLS Classification Loss', 0.16212463)
[INFO] 2022-09-27 03:49:30,834 [    train.py:  227]:	('Ner Acc', 0.99801356), ('CLS Classification Acc', 0.980749)
[INFO] 2022-09-27 03:49:43,622 [    train.py:  236]:	Precision 0.613 Recall 0.610 F1 0.611
[INFO] 2022-09-27 03:50:48,521 [    train.py:  184]:	Epoch 82: 
[INFO] 2022-09-27 03:50:48,522 [    train.py:  185]:	Train:
[INFO] 2022-09-27 03:50:48,525 [    train.py:  197]:	Loss 0.0013, ('Ner Loss', 0.00018236723553854972),  ('CLS Classification Loss', 0.0010995754273608327)
[INFO] 2022-09-27 03:50:48,525 [    train.py:  207]:	('Ner Acc', 0.9999385476112366),  ('CLS Classification Acc', 0.9996589422225952)
[INFO] 2022-09-27 03:50:50,815 [    train.py:  219]:	Evaluate:
[INFO] 2022-09-27 03:50:50,816 [    train.py:  226]:	Loss 0.1908, ('Ner Loss', 0.021576324),  ('CLS Classification Loss', 0.1691818)
[INFO] 2022-09-27 03:50:50,816 [    train.py:  227]:	('Ner Acc', 0.99788105), ('CLS Classification Acc', 0.98047906)
[INFO] 2022-09-27 03:51:03,192 [    train.py:  236]:	Precision 0.598 Recall 0.627 F1 0.612
[INFO] 2022-09-27 03:52:08,625 [    train.py:  184]:	Epoch 83: 
[INFO] 2022-09-27 03:52:08,626 [    train.py:  185]:	Train:
[INFO] 2022-09-27 03:52:08,631 [    train.py:  197]:	Loss 0.0016, ('Ner Loss', 0.00016430595132987946),  ('CLS Classification Loss', 0.0014018096262589097)
[INFO] 2022-09-27 03:52:08,631 [    train.py:  207]:	('Ner Acc', 0.9999367594718933),  ('CLS Classification Acc', 0.9996021389961243)
[INFO] 2022-09-27 03:52:10,941 [    train.py:  219]:	Evaluate:
[INFO] 2022-09-27 03:52:10,941 [    train.py:  226]:	Loss 0.1687, ('Ner Loss', 0.021248259),  ('CLS Classification Loss', 0.14745407)
[INFO] 2022-09-27 03:52:10,941 [    train.py:  227]:	('Ner Acc', 0.9979374), ('CLS Classification Acc', 0.9815797)
[INFO] 2022-09-27 03:52:23,465 [    train.py:  236]:	Precision 0.633 Recall 0.630 F1 0.632
[INFO] 2022-09-27 03:53:28,498 [    train.py:  184]:	Epoch 84: 
[INFO] 2022-09-27 03:53:28,499 [    train.py:  185]:	Train:
[INFO] 2022-09-27 03:53:28,502 [    train.py:  197]:	Loss 0.0017, ('Ner Loss', 0.00021068491332698613),  ('CLS Classification Loss', 0.0015199974877759814)
[INFO] 2022-09-27 03:53:28,502 [    train.py:  207]:	('Ner Acc', 0.9999335408210754),  ('CLS Classification Acc', 0.9995372295379639)
[INFO] 2022-09-27 03:53:30,839 [    train.py:  219]:	Evaluate:
[INFO] 2022-09-27 03:53:30,840 [    train.py:  226]:	Loss 0.1892, ('Ner Loss', 0.021483555),  ('CLS Classification Loss', 0.16770422)
[INFO] 2022-09-27 03:53:30,840 [    train.py:  227]:	('Ner Acc', 0.9979758), ('CLS Classification Acc', 0.9804334)
[INFO] 2022-09-27 03:53:43,860 [    train.py:  236]:	Precision 0.600 Recall 0.625 F1 0.612
[INFO] 2022-09-27 03:54:48,901 [    train.py:  184]:	Epoch 85: 
[INFO] 2022-09-27 03:54:48,902 [    train.py:  185]:	Train:
[INFO] 2022-09-27 03:54:48,906 [    train.py:  197]:	Loss 0.0013, ('Ner Loss', 0.0001699567656032741),  ('CLS Classification Loss', 0.0011183802271261811)
[INFO] 2022-09-27 03:54:48,906 [    train.py:  207]:	('Ner Acc', 0.999944806098938),  ('CLS Classification Acc', 0.9997076392173767)
[INFO] 2022-09-27 03:54:51,193 [    train.py:  219]:	Evaluate:
[INFO] 2022-09-27 03:54:51,194 [    train.py:  226]:	Loss 0.1936, ('Ner Loss', 0.022607928),  ('CLS Classification Loss', 0.1710263)
[INFO] 2022-09-27 03:54:51,194 [    train.py:  227]:	('Ner Acc', 0.99798715), ('CLS Classification Acc', 0.98094016)
[INFO] 2022-09-27 03:55:03,675 [    train.py:  236]:	Precision 0.635 Recall 0.608 F1 0.621
[INFO] 2022-09-27 03:56:09,189 [    train.py:  184]:	Epoch 86: 
[INFO] 2022-09-27 03:56:09,189 [    train.py:  185]:	Train:
[INFO] 2022-09-27 03:56:09,193 [    train.py:  197]:	Loss 0.0010, ('Ner Loss', 0.00013851792027708143),  ('CLS Classification Loss', 0.0008979532867670059)
[INFO] 2022-09-27 03:56:09,193 [    train.py:  207]:	('Ner Acc', 0.9999525547027588),  ('CLS Classification Acc', 0.9997077584266663)
[INFO] 2022-09-27 03:56:11,493 [    train.py:  219]:	Evaluate:
[INFO] 2022-09-27 03:56:11,494 [    train.py:  226]:	Loss 0.1974, ('Ner Loss', 0.023571843),  ('CLS Classification Loss', 0.17381679)
[INFO] 2022-09-27 03:56:11,494 [    train.py:  227]:	('Ner Acc', 0.9978915), ('CLS Classification Acc', 0.9803005)
[INFO] 2022-09-27 03:56:23,919 [    train.py:  236]:	Precision 0.599 Recall 0.604 F1 0.602
[INFO] 2022-09-27 03:57:28,996 [    train.py:  184]:	Epoch 87: 
[INFO] 2022-09-27 03:57:28,997 [    train.py:  185]:	Train:
[INFO] 2022-09-27 03:57:29,004 [    train.py:  197]:	Loss 0.0017, ('Ner Loss', 0.00026495446218177676),  ('CLS Classification Loss', 0.001447985996492207)
[INFO] 2022-09-27 03:57:29,004 [    train.py:  207]:	('Ner Acc', 0.9999387264251709),  ('CLS Classification Acc', 0.9996671676635742)
[INFO] 2022-09-27 03:57:31,310 [    train.py:  219]:	Evaluate:
[INFO] 2022-09-27 03:57:31,311 [    train.py:  226]:	Loss 0.1969, ('Ner Loss', 0.02224831),  ('CLS Classification Loss', 0.17460622)
[INFO] 2022-09-27 03:57:31,311 [    train.py:  227]:	('Ner Acc', 0.99784356), ('CLS Classification Acc', 0.97997653)
[INFO] 2022-09-27 03:57:43,971 [    train.py:  236]:	Precision 0.594 Recall 0.631 F1 0.612
[INFO] 2022-09-27 03:58:49,019 [    train.py:  184]:	Epoch 88: 
[INFO] 2022-09-27 03:58:49,020 [    train.py:  185]:	Train:
[INFO] 2022-09-27 03:58:49,022 [    train.py:  197]:	Loss 0.0013, ('Ner Loss', 0.0001370487589156255),  ('CLS Classification Loss', 0.0011717500165104866)
[INFO] 2022-09-27 03:58:49,023 [    train.py:  207]:	('Ner Acc', 0.9999492764472961),  ('CLS Classification Acc', 0.9996669292449951)
[INFO] 2022-09-27 03:58:51,299 [    train.py:  219]:	Evaluate:
[INFO] 2022-09-27 03:58:51,299 [    train.py:  226]:	Loss 0.1790, ('Ner Loss', 0.022216713),  ('CLS Classification Loss', 0.15682654)
[INFO] 2022-09-27 03:58:51,299 [    train.py:  227]:	('Ner Acc', 0.9979195), ('CLS Classification Acc', 0.9812932)
[INFO] 2022-09-27 03:59:04,066 [    train.py:  236]:	Precision 0.627 Recall 0.618 F1 0.623
[INFO] 2022-09-27 04:00:09,132 [    train.py:  184]:	Epoch 89: 
[INFO] 2022-09-27 04:00:09,132 [    train.py:  185]:	Train:
[INFO] 2022-09-27 04:00:09,135 [    train.py:  197]:	Loss 0.0016, ('Ner Loss', 0.00019483188225422055),  ('CLS Classification Loss', 0.0013958984054625034)
[INFO] 2022-09-27 04:00:09,135 [    train.py:  207]:	('Ner Acc', 0.9999327063560486),  ('CLS Classification Acc', 0.9995777606964111)
[INFO] 2022-09-27 04:00:11,427 [    train.py:  219]:	Evaluate:
[INFO] 2022-09-27 04:00:11,428 [    train.py:  226]:	Loss 0.1773, ('Ner Loss', 0.021143863),  ('CLS Classification Loss', 0.1561379)
[INFO] 2022-09-27 04:00:11,428 [    train.py:  227]:	('Ner Acc', 0.99792963), ('CLS Classification Acc', 0.98020923)
[INFO] 2022-09-27 04:00:24,006 [    train.py:  236]:	Precision 0.614 Recall 0.616 F1 0.615
[INFO] 2022-09-27 04:01:29,349 [    train.py:  184]:	Epoch 90: 
[INFO] 2022-09-27 04:01:29,350 [    train.py:  185]:	Train:
[INFO] 2022-09-27 04:01:29,352 [    train.py:  197]:	Loss 0.0035, ('Ner Loss', 0.0005393747705966234),  ('CLS Classification Loss', 0.0029360170010477304)
[INFO] 2022-09-27 04:01:29,353 [    train.py:  207]:	('Ner Acc', 0.9998477697372437),  ('CLS Classification Acc', 0.9992367625236511)
[INFO] 2022-09-27 04:01:31,700 [    train.py:  219]:	Evaluate:
[INFO] 2022-09-27 04:01:31,700 [    train.py:  226]:	Loss 0.1559, ('Ner Loss', 0.017099217),  ('CLS Classification Loss', 0.13883811)
[INFO] 2022-09-27 04:01:31,700 [    train.py:  227]:	('Ner Acc', 0.9979414), ('CLS Classification Acc', 0.9817958)
[INFO] 2022-09-27 04:01:44,793 [    train.py:  236]:	Precision 0.605 Recall 0.629 F1 0.617
[INFO] 2022-09-27 04:02:49,871 [    train.py:  184]:	Epoch 91: 
[INFO] 2022-09-27 04:02:49,871 [    train.py:  185]:	Train:
[INFO] 2022-09-27 04:02:49,874 [    train.py:  197]:	Loss 0.0019, ('Ner Loss', 0.00032003826345317066),  ('CLS Classification Loss', 0.001624966855160892)
[INFO] 2022-09-27 04:02:49,874 [    train.py:  207]:	('Ner Acc', 0.9999099373817444),  ('CLS Classification Acc', 0.9996427893638611)
[INFO] 2022-09-27 04:02:52,162 [    train.py:  219]:	Evaluate:
[INFO] 2022-09-27 04:02:52,163 [    train.py:  226]:	Loss 0.1502, ('Ner Loss', 0.0171942),  ('CLS Classification Loss', 0.13299535)
[INFO] 2022-09-27 04:02:52,163 [    train.py:  227]:	('Ner Acc', 0.9979431), ('CLS Classification Acc', 0.9819785)
[INFO] 2022-09-27 04:03:04,661 [    train.py:  236]:	Precision 0.614 Recall 0.612 F1 0.613
[INFO] 2022-09-27 04:04:10,054 [    train.py:  184]:	Epoch 92: 
[INFO] 2022-09-27 04:04:10,055 [    train.py:  185]:	Train:
[INFO] 2022-09-27 04:04:10,058 [    train.py:  197]:	Loss 0.0005, ('Ner Loss', 0.00014862748503219336),  ('CLS Classification Loss', 0.00034175513428635895)
[INFO] 2022-09-27 04:04:10,058 [    train.py:  207]:	('Ner Acc', 0.9999510049819946),  ('CLS Classification Acc', 0.9998944997787476)
[INFO] 2022-09-27 04:04:12,325 [    train.py:  219]:	Evaluate:
[INFO] 2022-09-27 04:04:12,325 [    train.py:  226]:	Loss 0.1830, ('Ner Loss', 0.02026553),  ('CLS Classification Loss', 0.16276047)
[INFO] 2022-09-27 04:04:12,326 [    train.py:  227]:	('Ner Acc', 0.99796206), ('CLS Classification Acc', 0.9812973)
[INFO] 2022-09-27 04:04:24,792 [    train.py:  236]:	Precision 0.617 Recall 0.620 F1 0.619
[INFO] 2022-09-27 04:05:29,902 [    train.py:  184]:	Epoch 93: 
[INFO] 2022-09-27 04:05:29,902 [    train.py:  185]:	Train:
[INFO] 2022-09-27 04:05:29,906 [    train.py:  197]:	Loss 0.0011, ('Ner Loss', 0.00015452009392902255),  ('CLS Classification Loss', 0.0009372659842483699)
[INFO] 2022-09-27 04:05:29,906 [    train.py:  207]:	('Ner Acc', 0.9999510645866394),  ('CLS Classification Acc', 0.9997076392173767)
[INFO] 2022-09-27 04:05:32,221 [    train.py:  219]:	Evaluate:
[INFO] 2022-09-27 04:05:32,222 [    train.py:  226]:	Loss 0.1740, ('Ner Loss', 0.021173244),  ('CLS Classification Loss', 0.15285595)
[INFO] 2022-09-27 04:05:32,222 [    train.py:  227]:	('Ner Acc', 0.99796027), ('CLS Classification Acc', 0.9808364)
[INFO] 2022-09-27 04:05:45,031 [    train.py:  236]:	Precision 0.614 Recall 0.641 F1 0.627
[INFO] 2022-09-27 04:06:50,492 [    train.py:  184]:	Epoch 94: 
[INFO] 2022-09-27 04:06:50,492 [    train.py:  185]:	Train:
[INFO] 2022-09-27 04:06:50,495 [    train.py:  197]:	Loss 0.0015, ('Ner Loss', 0.00020370107085909694),  ('CLS Classification Loss', 0.0013371292734518647)
[INFO] 2022-09-27 04:06:50,495 [    train.py:  207]:	('Ner Acc', 0.9999427199363708),  ('CLS Classification Acc', 0.9995372295379639)
[INFO] 2022-09-27 04:06:52,779 [    train.py:  219]:	Evaluate:
[INFO] 2022-09-27 04:06:52,779 [    train.py:  226]:	Loss 0.1560, ('Ner Loss', 0.016064206),  ('CLS Classification Loss', 0.1399058)
[INFO] 2022-09-27 04:06:52,780 [    train.py:  227]:	('Ner Acc', 0.9979393), ('CLS Classification Acc', 0.9810772)
[INFO] 2022-09-27 04:07:05,332 [    train.py:  236]:	Precision 0.615 Recall 0.618 F1 0.616
[INFO] 2022-09-27 04:08:10,680 [    train.py:  184]:	Epoch 95: 
[INFO] 2022-09-27 04:08:10,680 [    train.py:  185]:	Train:
[INFO] 2022-09-27 04:08:10,683 [    train.py:  197]:	Loss 0.0012, ('Ner Loss', 0.00014474660565610975),  ('CLS Classification Loss', 0.0010530379367992282)
[INFO] 2022-09-27 04:08:10,683 [    train.py:  207]:	('Ner Acc', 0.9999491572380066),  ('CLS Classification Acc', 0.9996834397315979)
[INFO] 2022-09-27 04:08:12,985 [    train.py:  219]:	Evaluate:
[INFO] 2022-09-27 04:08:12,985 [    train.py:  226]:	Loss 0.1843, ('Ner Loss', 0.019341731),  ('CLS Classification Loss', 0.16494751)
[INFO] 2022-09-27 04:08:12,986 [    train.py:  227]:	('Ner Acc', 0.99806637), ('CLS Classification Acc', 0.9812973)
[INFO] 2022-09-27 04:08:25,767 [    train.py:  236]:	Precision 0.626 Recall 0.622 F1 0.624
[INFO] 2022-09-27 04:09:31,090 [    train.py:  184]:	Epoch 96: 
[INFO] 2022-09-27 04:09:31,091 [    train.py:  185]:	Train:
[INFO] 2022-09-27 04:09:31,095 [    train.py:  197]:	Loss 0.0009, ('Ner Loss', 0.00011529950279509649),  ('CLS Classification Loss', 0.0008013235055841506)
[INFO] 2022-09-27 04:09:31,095 [    train.py:  207]:	('Ner Acc', 0.9999608993530273),  ('CLS Classification Acc', 0.9997888803482056)
[INFO] 2022-09-27 04:09:33,398 [    train.py:  219]:	Evaluate:
[INFO] 2022-09-27 04:09:33,398 [    train.py:  226]:	Loss 0.1581, ('Ner Loss', 0.018074442),  ('CLS Classification Loss', 0.13998744)
[INFO] 2022-09-27 04:09:33,398 [    train.py:  227]:	('Ner Acc', 0.99807566), ('CLS Classification Acc', 0.9823482)
[INFO] 2022-09-27 04:09:46,229 [    train.py:  236]:	Precision 0.649 Recall 0.608 F1 0.628
[INFO] 2022-09-27 04:10:51,340 [    train.py:  184]:	Epoch 97: 
[INFO] 2022-09-27 04:10:51,341 [    train.py:  185]:	Train:
[INFO] 2022-09-27 04:10:51,345 [    train.py:  197]:	Loss 0.0011, ('Ner Loss', 0.00013567518908530474),  ('CLS Classification Loss', 0.0009707455174066126)
[INFO] 2022-09-27 04:10:51,345 [    train.py:  207]:	('Ner Acc', 0.9999592304229736),  ('CLS Classification Acc', 0.9997158050537109)
[INFO] 2022-09-27 04:10:53,620 [    train.py:  219]:	Evaluate:
[INFO] 2022-09-27 04:10:53,621 [    train.py:  226]:	Loss 0.1689, ('Ner Loss', 0.019690368),  ('CLS Classification Loss', 0.14920759)
[INFO] 2022-09-27 04:10:53,621 [    train.py:  227]:	('Ner Acc', 0.9980057), ('CLS Classification Acc', 0.9818871)
[INFO] 2022-09-27 04:11:06,150 [    train.py:  236]:	Precision 0.647 Recall 0.618 F1 0.632
[INFO] 2022-09-27 04:12:11,539 [    train.py:  184]:	Epoch 98: 
[INFO] 2022-09-27 04:12:11,539 [    train.py:  185]:	Train:
[INFO] 2022-09-27 04:12:11,542 [    train.py:  197]:	Loss 0.0015, ('Ner Loss', 0.00014338373148348182),  ('CLS Classification Loss', 0.0013628409942612052)
[INFO] 2022-09-27 04:12:11,542 [    train.py:  207]:	('Ner Acc', 0.999958336353302),  ('CLS Classification Acc', 0.9996346235275269)
[INFO] 2022-09-27 04:12:13,813 [    train.py:  219]:	Evaluate:
[INFO] 2022-09-27 04:12:13,814 [    train.py:  226]:	Loss 0.1724, ('Ner Loss', 0.02120894),  ('CLS Classification Loss', 0.15120979)
[INFO] 2022-09-27 04:12:13,814 [    train.py:  227]:	('Ner Acc', 0.9979659), ('CLS Classification Acc', 0.9814884)
[INFO] 2022-09-27 04:12:26,411 [    train.py:  236]:	Precision 0.645 Recall 0.636 F1 0.640
[INFO] 2022-09-27 04:13:31,818 [    train.py:  184]:	Epoch 99: 
[INFO] 2022-09-27 04:13:31,819 [    train.py:  185]:	Train:
[INFO] 2022-09-27 04:13:31,824 [    train.py:  197]:	Loss 0.0011, ('Ner Loss', 0.00012443348532542586),  ('CLS Classification Loss', 0.0009923558682203293)
[INFO] 2022-09-27 04:13:31,824 [    train.py:  207]:	('Ner Acc', 0.999959409236908),  ('CLS Classification Acc', 0.9996752738952637)
[INFO] 2022-09-27 04:13:34,150 [    train.py:  219]:	Evaluate:
[INFO] 2022-09-27 04:13:34,151 [    train.py:  226]:	Loss 0.1880, ('Ner Loss', 0.022322014),  ('CLS Classification Loss', 0.16564177)
[INFO] 2022-09-27 04:13:34,151 [    train.py:  227]:	('Ner Acc', 0.99801797), ('CLS Classification Acc', 0.98148006)
[INFO] 2022-09-27 04:13:46,848 [    train.py:  236]:	Precision 0.639 Recall 0.636 F1 0.637
[INFO] 2022-09-27 04:14:51,798 [    train.py:  184]:	Epoch 100: 
[INFO] 2022-09-27 04:14:51,798 [    train.py:  185]:	Train:
[INFO] 2022-09-27 04:14:51,802 [    train.py:  197]:	Loss 0.0008, ('Ner Loss', 9.319634409621358e-05),  ('CLS Classification Loss', 0.000666044419631362)
[INFO] 2022-09-27 04:14:51,802 [    train.py:  207]:	('Ner Acc', 0.9999695420265198),  ('CLS Classification Acc', 0.9998132586479187)
[INFO] 2022-09-27 04:14:54,089 [    train.py:  219]:	Evaluate:
[INFO] 2022-09-27 04:14:54,090 [    train.py:  226]:	Loss 0.1864, ('Ner Loss', 0.022404104),  ('CLS Classification Loss', 0.16402252)
[INFO] 2022-09-27 04:14:54,090 [    train.py:  227]:	('Ner Acc', 0.99803525), ('CLS Classification Acc', 0.9825309)
[INFO] 2022-09-27 04:15:06,671 [    train.py:  236]:	Precision 0.654 Recall 0.607 F1 0.629
[INFO] 2022-09-27 04:15:06,671 [    train.py:  256]:	Best Epoch 98; Best f1 0.6400937866354045 precision 0.6446280991735537 recall 0.6356228172293364;
