[INFO] 2022-09-30 13:21:25,316 [    train.py:  509]:	Namespace(block_att_head_num=1, cased=True, d_block=512, data_aug=1, dataset='res16', do_test=True, do_train=True, do_valid=True, drop_null_data=True, dropout_rate=0.3, epochs=100, extra_attention=True, fuse_strategy='update', init_model_dir='', language='en', loss_ratio=1.0, lr=2e-05, mask_sb=True, model_type='end_to_end', output_dir='./output', save_dir='', schema='BIO', task_name='ttee_res16_100epoch_512d_1aug_2e-5lr_cased_0.3dropout_dropnull_1loss_BIO', test_batch_size=32, train_batch_size=16, valid_freq=1)
[INFO] 2022-09-30 13:21:38,125 [    train.py:  119]:	{'init_bert_model': 'bert-base-cased', 'sentence_b': DictWrapper({'texts': ListWrapper(['general of ambience', 'price of drinks', 'quality of drinks', 'style options of drinks', 'prices of food', 'quality of food', 'style options of food', 'general of location', 'general of restaurant', 'miscellaneous of restaurant', 'prices of restaurant', 'general of service']), 'sentiments': ListWrapper(['negative', 'neutral', 'positive'])}), 'num_sentiment_classes': 3, 'subblock_hidden_size': 512, 'subblock_head_num': 1, 'cache_dir': 'bert_models/bert-base-cased', 'fuse_strategy': 'update', 'tagging_schema': 'BIO', 'extra_attention': True, 'dropout': 0.3, 'loss_ratio': 1.0}
[INFO] 2022-09-30 13:21:38,125 [    train.py:  121]:	Number of Train Sentence: 1708
[INFO] 2022-09-30 13:21:38,140 [    train.py:  526]:	Data augment: Merge 1 train data together
[INFO] 2022-09-30 13:22:32,677 [    train.py:  185]:	Epoch 1: 
[INFO] 2022-09-30 13:22:32,678 [    train.py:  186]:	Train:
[INFO] 2022-09-30 13:22:32,686 [    train.py:  198]:	Loss 0.3093, ('Ner Loss', 0.10979728400707245),  ('CLS Classification Loss', 0.1994812935590744)
[INFO] 2022-09-30 13:22:32,686 [    train.py:  208]:	('Ner Acc', 0.9610987305641174),  ('CLS Classification Acc', 0.9476675391197205)
[INFO] 2022-09-30 13:22:37,940 [    train.py:  220]:	Evaluate:
[INFO] 2022-09-30 13:22:37,941 [    train.py:  227]:	Loss 0.2033, ('Ner Loss', 0.034125526),  ('CLS Classification Loss', 0.16921145)
[INFO] 2022-09-30 13:22:37,941 [    train.py:  228]:	('Ner Acc', 0.9962898), ('CLS Classification Acc', 0.9642063)
[INFO] 2022-09-30 13:22:49,823 [    train.py:  237]:	Precision 0.000 Recall 0.000 F1 0.000
[INFO] 2022-09-30 13:23:13,984 [    train.py:  185]:	Epoch 2: 
[INFO] 2022-09-30 13:23:13,985 [    train.py:  186]:	Train:
[INFO] 2022-09-30 13:23:13,991 [    train.py:  198]:	Loss 0.1834, ('Ner Loss', 0.026433533057570457),  ('CLS Classification Loss', 0.15699166059494019)
[INFO] 2022-09-30 13:23:13,991 [    train.py:  208]:	('Ner Acc', 0.996427595615387),  ('CLS Classification Acc', 0.9625950455665588)
[INFO] 2022-09-30 13:23:16,321 [    train.py:  220]:	Evaluate:
[INFO] 2022-09-30 13:23:16,321 [    train.py:  227]:	Loss 0.1537, ('Ner Loss', 0.026916714),  ('CLS Classification Loss', 0.12678714)
[INFO] 2022-09-30 13:23:16,322 [    train.py:  228]:	('Ner Acc', 0.9962898), ('CLS Classification Acc', 0.9642063)
[INFO] 2022-09-30 13:23:24,712 [    train.py:  237]:	Precision 0.000 Recall 0.000 F1 0.000
[INFO] 2022-09-30 13:23:49,211 [    train.py:  185]:	Epoch 3: 
[INFO] 2022-09-30 13:23:49,212 [    train.py:  186]:	Train:
[INFO] 2022-09-30 13:23:49,218 [    train.py:  198]:	Loss 0.1597, ('Ner Loss', 0.023681921884417534),  ('CLS Classification Loss', 0.13599032163619995)
[INFO] 2022-09-30 13:23:49,219 [    train.py:  208]:	('Ner Acc', 0.9964151382446289),  ('CLS Classification Acc', 0.9624491930007935)
[INFO] 2022-09-30 13:23:51,548 [    train.py:  220]:	Evaluate:
[INFO] 2022-09-30 13:23:51,549 [    train.py:  227]:	Loss 0.1540, ('Ner Loss', 0.02324994),  ('CLS Classification Loss', 0.13076505)
[INFO] 2022-09-30 13:23:51,549 [    train.py:  228]:	('Ner Acc', 0.9962898), ('CLS Classification Acc', 0.9642063)
[INFO] 2022-09-30 13:24:00,115 [    train.py:  237]:	Precision 0.000 Recall 0.000 F1 0.000
[INFO] 2022-09-30 13:24:24,399 [    train.py:  185]:	Epoch 4: 
[INFO] 2022-09-30 13:24:24,399 [    train.py:  186]:	Train:
[INFO] 2022-09-30 13:24:24,405 [    train.py:  198]:	Loss 0.1531, ('Ner Loss', 0.0221113208681345),  ('CLS Classification Loss', 0.13094553351402283)
[INFO] 2022-09-30 13:24:24,405 [    train.py:  208]:	('Ner Acc', 0.9964063167572021),  ('CLS Classification Acc', 0.962643563747406)
[INFO] 2022-09-30 13:24:26,766 [    train.py:  220]:	Evaluate:
[INFO] 2022-09-30 13:24:26,766 [    train.py:  227]:	Loss 0.1430, ('Ner Loss', 0.020804198),  ('CLS Classification Loss', 0.122148365)
[INFO] 2022-09-30 13:24:26,766 [    train.py:  228]:	('Ner Acc', 0.9962898), ('CLS Classification Acc', 0.9642063)
[INFO] 2022-09-30 13:24:35,785 [    train.py:  237]:	Precision 0.000 Recall 0.000 F1 0.000
[INFO] 2022-09-30 13:25:00,396 [    train.py:  185]:	Epoch 5: 
[INFO] 2022-09-30 13:25:00,396 [    train.py:  186]:	Train:
[INFO] 2022-09-30 13:25:00,400 [    train.py:  198]:	Loss 0.1491, ('Ner Loss', 0.020821653306484222),  ('CLS Classification Loss', 0.12831979990005493)
[INFO] 2022-09-30 13:25:00,400 [    train.py:  208]:	('Ner Acc', 0.9964054822921753),  ('CLS Classification Acc', 0.9624814987182617)
[INFO] 2022-09-30 13:25:02,742 [    train.py:  220]:	Evaluate:
[INFO] 2022-09-30 13:25:02,743 [    train.py:  227]:	Loss 0.1406, ('Ner Loss', 0.019715125),  ('CLS Classification Loss', 0.12083588)
[INFO] 2022-09-30 13:25:02,743 [    train.py:  228]:	('Ner Acc', 0.9962898), ('CLS Classification Acc', 0.9642063)
[INFO] 2022-09-30 13:25:11,352 [    train.py:  237]:	Precision 0.000 Recall 0.000 F1 0.000
[INFO] 2022-09-30 13:25:36,197 [    train.py:  185]:	Epoch 6: 
[INFO] 2022-09-30 13:25:36,198 [    train.py:  186]:	Train:
[INFO] 2022-09-30 13:25:36,202 [    train.py:  198]:	Loss 0.1436, ('Ner Loss', 0.019118253141641617),  ('CLS Classification Loss', 0.12449047714471817)
[INFO] 2022-09-30 13:25:36,203 [    train.py:  208]:	('Ner Acc', 0.996391236782074),  ('CLS Classification Acc', 0.9625247120857239)
[INFO] 2022-09-30 13:25:38,537 [    train.py:  220]:	Evaluate:
[INFO] 2022-09-30 13:25:38,538 [    train.py:  227]:	Loss 0.1406, ('Ner Loss', 0.017460117),  ('CLS Classification Loss', 0.12315911)
[INFO] 2022-09-30 13:25:38,538 [    train.py:  228]:	('Ner Acc', 0.9962898), ('CLS Classification Acc', 0.9642063)
[INFO] 2022-09-30 13:25:46,944 [    train.py:  237]:	Precision 0.000 Recall 0.000 F1 0.000
[INFO] 2022-09-30 13:26:11,469 [    train.py:  185]:	Epoch 7: 
[INFO] 2022-09-30 13:26:11,469 [    train.py:  186]:	Train:
[INFO] 2022-09-30 13:26:11,476 [    train.py:  198]:	Loss 0.1395, ('Ner Loss', 0.017522750422358513),  ('CLS Classification Loss', 0.12197966873645782)
[INFO] 2022-09-30 13:26:11,476 [    train.py:  208]:	('Ner Acc', 0.9963895678520203),  ('CLS Classification Acc', 0.9627733826637268)
[INFO] 2022-09-30 13:26:13,811 [    train.py:  220]:	Evaluate:
[INFO] 2022-09-30 13:26:13,812 [    train.py:  227]:	Loss 0.1283, ('Ner Loss', 0.015181832),  ('CLS Classification Loss', 0.113118224)
[INFO] 2022-09-30 13:26:13,812 [    train.py:  228]:	('Ner Acc', 0.99623156), ('CLS Classification Acc', 0.96630365)
[INFO] 2022-09-30 13:26:22,371 [    train.py:  237]:	Precision 0.078 Recall 0.007 F1 0.013
[INFO] 2022-09-30 13:26:46,969 [    train.py:  185]:	Epoch 8: 
[INFO] 2022-09-30 13:26:46,969 [    train.py:  186]:	Train:
[INFO] 2022-09-30 13:26:46,973 [    train.py:  198]:	Loss 0.1347, ('Ner Loss', 0.015865826979279518),  ('CLS Classification Loss', 0.11887864023447037)
[INFO] 2022-09-30 13:26:46,973 [    train.py:  208]:	('Ner Acc', 0.99634850025177),  ('CLS Classification Acc', 0.9639633893966675)
[INFO] 2022-09-30 13:26:49,259 [    train.py:  220]:	Evaluate:
[INFO] 2022-09-30 13:26:49,260 [    train.py:  227]:	Loss 0.1335, ('Ner Loss', 0.014971167),  ('CLS Classification Loss', 0.11851587)
[INFO] 2022-09-30 13:26:49,260 [    train.py:  228]:	('Ner Acc', 0.9962898), ('CLS Classification Acc', 0.96621233)
[INFO] 2022-09-30 13:26:58,641 [    train.py:  237]:	Precision 0.138 Recall 0.009 F1 0.017
[INFO] 2022-09-30 13:27:23,094 [    train.py:  185]:	Epoch 9: 
[INFO] 2022-09-30 13:27:23,095 [    train.py:  186]:	Train:
[INFO] 2022-09-30 13:27:23,101 [    train.py:  198]:	Loss 0.1304, ('Ner Loss', 0.015077533200383186),  ('CLS Classification Loss', 0.11533644795417786)
[INFO] 2022-09-30 13:27:23,101 [    train.py:  208]:	('Ner Acc', 0.9963014721870422),  ('CLS Classification Acc', 0.9644449353218079)
[INFO] 2022-09-30 13:27:25,401 [    train.py:  220]:	Evaluate:
[INFO] 2022-09-30 13:27:25,402 [    train.py:  227]:	Loss 0.1249, ('Ner Loss', 0.01343035),  ('CLS Classification Loss', 0.11143549)
[INFO] 2022-09-30 13:27:25,402 [    train.py:  228]:	('Ner Acc', 0.996428), ('CLS Classification Acc', 0.9692981)
[INFO] 2022-09-30 13:27:34,165 [    train.py:  237]:	Precision 0.159 Recall 0.030 F1 0.051
[INFO] 2022-09-30 13:27:58,214 [    train.py:  185]:	Epoch 10: 
[INFO] 2022-09-30 13:27:58,215 [    train.py:  186]:	Train:
[INFO] 2022-09-30 13:27:58,222 [    train.py:  198]:	Loss 0.1254, ('Ner Loss', 0.014050120487809181),  ('CLS Classification Loss', 0.11132756620645523)
[INFO] 2022-09-30 13:27:58,222 [    train.py:  208]:	('Ner Acc', 0.9963639974594116),  ('CLS Classification Acc', 0.9656504988670349)
[INFO] 2022-09-30 13:28:00,516 [    train.py:  220]:	Evaluate:
[INFO] 2022-09-30 13:28:00,517 [    train.py:  227]:	Loss 0.1200, ('Ner Loss', 0.012816762),  ('CLS Classification Loss', 0.10715466)
[INFO] 2022-09-30 13:28:00,517 [    train.py:  228]:	('Ner Acc', 0.99631643), ('CLS Classification Acc', 0.96843016)
[INFO] 2022-09-30 13:28:09,026 [    train.py:  237]:	Precision 0.114 Recall 0.014 F1 0.025
[INFO] 2022-09-30 13:28:33,277 [    train.py:  185]:	Epoch 11: 
[INFO] 2022-09-30 13:28:33,278 [    train.py:  186]:	Train:
[INFO] 2022-09-30 13:28:33,284 [    train.py:  198]:	Loss 0.1152, ('Ner Loss', 0.01327779795974493),  ('CLS Classification Loss', 0.10196644067764282)
[INFO] 2022-09-30 13:28:33,284 [    train.py:  208]:	('Ner Acc', 0.9964051246643066),  ('CLS Classification Acc', 0.9678739905357361)
[INFO] 2022-09-30 13:28:35,607 [    train.py:  220]:	Evaluate:
[INFO] 2022-09-30 13:28:35,608 [    train.py:  227]:	Loss 0.1105, ('Ner Loss', 0.011840694),  ('CLS Classification Loss', 0.09867357)
[INFO] 2022-09-30 13:28:35,608 [    train.py:  228]:	('Ner Acc', 0.99680036), ('CLS Classification Acc', 0.97003335)
[INFO] 2022-09-30 13:28:44,240 [    train.py:  237]:	Precision 0.349 Recall 0.102 F1 0.158
[INFO] 2022-09-30 13:29:08,551 [    train.py:  185]:	Epoch 12: 
[INFO] 2022-09-30 13:29:08,552 [    train.py:  186]:	Train:
[INFO] 2022-09-30 13:29:08,560 [    train.py:  198]:	Loss 0.1042, ('Ner Loss', 0.012518947012722492),  ('CLS Classification Loss', 0.09172039479017258)
[INFO] 2022-09-30 13:29:08,560 [    train.py:  208]:	('Ner Acc', 0.9965204000473022),  ('CLS Classification Acc', 0.9695451855659485)
[INFO] 2022-09-30 13:29:10,878 [    train.py:  220]:	Evaluate:
[INFO] 2022-09-30 13:29:10,879 [    train.py:  227]:	Loss 0.1126, ('Ner Loss', 0.012334389),  ('CLS Classification Loss', 0.10022831)
[INFO] 2022-09-30 13:29:10,879 [    train.py:  228]:	('Ner Acc', 0.9968799), ('CLS Classification Acc', 0.97053605)
[INFO] 2022-09-30 13:29:19,455 [    train.py:  237]:	Precision 0.289 Recall 0.104 F1 0.153
[INFO] 2022-09-30 13:29:44,234 [    train.py:  185]:	Epoch 13: 
[INFO] 2022-09-30 13:29:44,235 [    train.py:  186]:	Train:
[INFO] 2022-09-30 13:29:44,240 [    train.py:  198]:	Loss 0.0911, ('Ner Loss', 0.011236093938350677),  ('CLS Classification Loss', 0.07988050580024719)
[INFO] 2022-09-30 13:29:44,240 [    train.py:  208]:	('Ner Acc', 0.9967740774154663),  ('CLS Classification Acc', 0.9730225801467896)
[INFO] 2022-09-30 13:29:46,537 [    train.py:  220]:	Evaluate:
[INFO] 2022-09-30 13:29:46,537 [    train.py:  227]:	Loss 0.1113, ('Ner Loss', 0.010842271),  ('CLS Classification Loss', 0.100456156)
[INFO] 2022-09-30 13:29:46,538 [    train.py:  228]:	('Ner Acc', 0.9972235), ('CLS Classification Acc', 0.97107583)
[INFO] 2022-09-30 13:29:54,745 [    train.py:  237]:	Precision 0.357 Recall 0.199 F1 0.256
[INFO] 2022-09-30 13:30:18,990 [    train.py:  185]:	Epoch 14: 
[INFO] 2022-09-30 13:30:18,991 [    train.py:  186]:	Train:
[INFO] 2022-09-30 13:30:18,995 [    train.py:  198]:	Loss 0.0822, ('Ner Loss', 0.010491671971976757),  ('CLS Classification Loss', 0.07168368250131607)
[INFO] 2022-09-30 13:30:18,996 [    train.py:  208]:	('Ner Acc', 0.9967828392982483),  ('CLS Classification Acc', 0.9749534130096436)
[INFO] 2022-09-30 13:30:21,318 [    train.py:  220]:	Evaluate:
[INFO] 2022-09-30 13:30:21,319 [    train.py:  227]:	Loss 0.1025, ('Ner Loss', 0.010045655),  ('CLS Classification Loss', 0.092474826)
[INFO] 2022-09-30 13:30:21,319 [    train.py:  228]:	('Ner Acc', 0.99726087), ('CLS Classification Acc', 0.9760142)
[INFO] 2022-09-30 13:30:30,304 [    train.py:  237]:	Precision 0.432 Recall 0.265 F1 0.329
[INFO] 2022-09-30 13:30:54,886 [    train.py:  185]:	Epoch 15: 
[INFO] 2022-09-30 13:30:54,886 [    train.py:  186]:	Train:
[INFO] 2022-09-30 13:30:54,891 [    train.py:  198]:	Loss 0.0668, ('Ner Loss', 0.008787053637206554),  ('CLS Classification Loss', 0.05801339074969292)
[INFO] 2022-09-30 13:30:54,891 [    train.py:  208]:	('Ner Acc', 0.9971477389335632),  ('CLS Classification Acc', 0.9798480868339539)
[INFO] 2022-09-30 13:30:57,233 [    train.py:  220]:	Evaluate:
[INFO] 2022-09-30 13:30:57,233 [    train.py:  227]:	Loss 0.0967, ('Ner Loss', 0.010214526),  ('CLS Classification Loss', 0.08650365)
[INFO] 2022-09-30 13:30:57,234 [    train.py:  228]:	('Ner Acc', 0.9971982), ('CLS Classification Acc', 0.9754245)
[INFO] 2022-09-30 13:31:05,883 [    train.py:  237]:	Precision 0.457 Recall 0.293 F1 0.357
[INFO] 2022-09-30 13:31:30,525 [    train.py:  185]:	Epoch 16: 
[INFO] 2022-09-30 13:31:30,526 [    train.py:  186]:	Train:
[INFO] 2022-09-30 13:31:30,531 [    train.py:  198]:	Loss 0.0605, ('Ner Loss', 0.008122364059090614),  ('CLS Classification Loss', 0.05237770825624466)
[INFO] 2022-09-30 13:31:30,531 [    train.py:  208]:	('Ner Acc', 0.9973325133323669),  ('CLS Classification Acc', 0.9818167090415955)
[INFO] 2022-09-30 13:31:32,931 [    train.py:  220]:	Evaluate:
[INFO] 2022-09-30 13:31:32,932 [    train.py:  227]:	Loss 0.0911, ('Ner Loss', 0.009596225),  ('CLS Classification Loss', 0.08148425)
[INFO] 2022-09-30 13:31:32,932 [    train.py:  228]:	('Ner Acc', 0.9973278), ('CLS Classification Acc', 0.97824466)
[INFO] 2022-09-30 13:31:41,721 [    train.py:  237]:	Precision 0.484 Recall 0.333 F1 0.394
[INFO] 2022-09-30 13:32:05,945 [    train.py:  185]:	Epoch 17: 
[INFO] 2022-09-30 13:32:05,946 [    train.py:  186]:	Train:
[INFO] 2022-09-30 13:32:05,952 [    train.py:  198]:	Loss 0.0507, ('Ner Loss', 0.007471073884516954),  ('CLS Classification Loss', 0.04323960840702057)
[INFO] 2022-09-30 13:32:05,953 [    train.py:  208]:	('Ner Acc', 0.997291624546051),  ('CLS Classification Acc', 0.9851000905036926)
[INFO] 2022-09-30 13:32:08,259 [    train.py:  220]:	Evaluate:
[INFO] 2022-09-30 13:32:08,260 [    train.py:  227]:	Loss 0.0896, ('Ner Loss', 0.009270268),  ('CLS Classification Loss', 0.080299854)
[INFO] 2022-09-30 13:32:08,260 [    train.py:  228]:	('Ner Acc', 0.9968187), ('CLS Classification Acc', 0.9776049)
[INFO] 2022-09-30 13:32:16,712 [    train.py:  237]:	Precision 0.362 Recall 0.233 F1 0.283
[INFO] 2022-09-30 13:32:40,857 [    train.py:  185]:	Epoch 18: 
[INFO] 2022-09-30 13:32:40,858 [    train.py:  186]:	Train:
[INFO] 2022-09-30 13:32:40,866 [    train.py:  198]:	Loss 0.0434, ('Ner Loss', 0.00659412145614624),  ('CLS Classification Loss', 0.036789584904909134)
[INFO] 2022-09-30 13:32:40,866 [    train.py:  208]:	('Ner Acc', 0.9974581003189087),  ('CLS Classification Acc', 0.9871549010276794)
[INFO] 2022-09-30 13:32:43,185 [    train.py:  220]:	Evaluate:
[INFO] 2022-09-30 13:32:43,186 [    train.py:  227]:	Loss 0.1063, ('Ner Loss', 0.009494365),  ('CLS Classification Loss', 0.096802145)
[INFO] 2022-09-30 13:32:43,186 [    train.py:  228]:	('Ner Acc', 0.9974264), ('CLS Classification Acc', 0.9780203)
[INFO] 2022-09-30 13:32:51,399 [    train.py:  237]:	Precision 0.520 Recall 0.403 F1 0.454
[INFO] 2022-09-30 13:33:15,696 [    train.py:  185]:	Epoch 19: 
[INFO] 2022-09-30 13:33:15,697 [    train.py:  186]:	Train:
[INFO] 2022-09-30 13:33:15,704 [    train.py:  198]:	Loss 0.0415, ('Ner Loss', 0.006773483473807573),  ('CLS Classification Loss', 0.03470863774418831)
[INFO] 2022-09-30 13:33:15,705 [    train.py:  208]:	('Ner Acc', 0.9975020289421082),  ('CLS Classification Acc', 0.987614631652832)
[INFO] 2022-09-30 13:33:18,034 [    train.py:  220]:	Evaluate:
[INFO] 2022-09-30 13:33:18,035 [    train.py:  227]:	Loss 0.1105, ('Ner Loss', 0.009110714),  ('CLS Classification Loss', 0.10135323)
[INFO] 2022-09-30 13:33:18,035 [    train.py:  228]:	('Ner Acc', 0.9973013), ('CLS Classification Acc', 0.97851866)
[INFO] 2022-09-30 13:33:26,624 [    train.py:  237]:	Precision 0.518 Recall 0.411 F1 0.458
[INFO] 2022-09-30 13:33:51,140 [    train.py:  185]:	Epoch 20: 
[INFO] 2022-09-30 13:33:51,140 [    train.py:  186]:	Train:
[INFO] 2022-09-30 13:33:51,146 [    train.py:  198]:	Loss 0.0342, ('Ner Loss', 0.0058549330569803715),  ('CLS Classification Loss', 0.028352225199341774)
[INFO] 2022-09-30 13:33:51,146 [    train.py:  208]:	('Ner Acc', 0.9977294206619263),  ('CLS Classification Acc', 0.989772617816925)
[INFO] 2022-09-30 13:33:53,457 [    train.py:  220]:	Evaluate:
[INFO] 2022-09-30 13:33:53,458 [    train.py:  227]:	Loss 0.1221, ('Ner Loss', 0.010339447),  ('CLS Classification Loss', 0.111719385)
[INFO] 2022-09-30 13:33:53,458 [    train.py:  228]:	('Ner Acc', 0.99728173), ('CLS Classification Acc', 0.97810745)
[INFO] 2022-09-30 13:34:01,956 [    train.py:  237]:	Precision 0.496 Recall 0.469 F1 0.482
[INFO] 2022-09-30 13:34:26,296 [    train.py:  185]:	Epoch 21: 
[INFO] 2022-09-30 13:34:26,297 [    train.py:  186]:	Train:
[INFO] 2022-09-30 13:34:26,303 [    train.py:  198]:	Loss 0.0302, ('Ner Loss', 0.005325797013938427),  ('CLS Classification Loss', 0.024911601096391678)
[INFO] 2022-09-30 13:34:26,304 [    train.py:  208]:	('Ner Acc', 0.9977685213088989),  ('CLS Classification Acc', 0.9909409880638123)
[INFO] 2022-09-30 13:34:28,629 [    train.py:  220]:	Evaluate:
[INFO] 2022-09-30 13:34:28,629 [    train.py:  227]:	Loss 0.1164, ('Ner Loss', 0.00939626),  ('CLS Classification Loss', 0.10697044)
[INFO] 2022-09-30 13:34:28,630 [    train.py:  228]:	('Ner Acc', 0.9975346), ('CLS Classification Acc', 0.97806597)
[INFO] 2022-09-30 13:34:37,269 [    train.py:  237]:	Precision 0.503 Recall 0.420 F1 0.458
[INFO] 2022-09-30 13:35:01,676 [    train.py:  185]:	Epoch 22: 
[INFO] 2022-09-30 13:35:01,677 [    train.py:  186]:	Train:
[INFO] 2022-09-30 13:35:01,684 [    train.py:  198]:	Loss 0.0316, ('Ner Loss', 0.005307483486831188),  ('CLS Classification Loss', 0.026259668171405792)
[INFO] 2022-09-30 13:35:01,684 [    train.py:  208]:	('Ner Acc', 0.9978689551353455),  ('CLS Classification Acc', 0.9904217720031738)
[INFO] 2022-09-30 13:35:04,012 [    train.py:  220]:	Evaluate:
[INFO] 2022-09-30 13:35:04,013 [    train.py:  227]:	Loss 0.1212, ('Ner Loss', 0.009717107),  ('CLS Classification Loss', 0.11147552)
[INFO] 2022-09-30 13:35:04,013 [    train.py:  228]:	('Ner Acc', 0.9973102), ('CLS Classification Acc', 0.97755927)
[INFO] 2022-09-30 13:35:12,752 [    train.py:  237]:	Precision 0.485 Recall 0.474 F1 0.479
[INFO] 2022-09-30 13:35:37,330 [    train.py:  185]:	Epoch 23: 
[INFO] 2022-09-30 13:35:37,330 [    train.py:  186]:	Train:
[INFO] 2022-09-30 13:35:37,336 [    train.py:  198]:	Loss 0.0266, ('Ner Loss', 0.004786222707480192),  ('CLS Classification Loss', 0.02179108001291752)
[INFO] 2022-09-30 13:35:37,336 [    train.py:  208]:	('Ner Acc', 0.9979912042617798),  ('CLS Classification Acc', 0.9918548464775085)
[INFO] 2022-09-30 13:35:39,646 [    train.py:  220]:	Evaluate:
[INFO] 2022-09-30 13:35:39,646 [    train.py:  227]:	Loss 0.1270, ('Ner Loss', 0.009226735),  ('CLS Classification Loss', 0.11780632)
[INFO] 2022-09-30 13:35:39,646 [    train.py:  228]:	('Ner Acc', 0.9974847), ('CLS Classification Acc', 0.97742224)
[INFO] 2022-09-30 13:35:47,923 [    train.py:  237]:	Precision 0.507 Recall 0.487 F1 0.496
[INFO] 2022-09-30 13:36:12,501 [    train.py:  185]:	Epoch 24: 
[INFO] 2022-09-30 13:36:12,501 [    train.py:  186]:	Train:
[INFO] 2022-09-30 13:36:12,505 [    train.py:  198]:	Loss 0.0259, ('Ner Loss', 0.004584745969623327),  ('CLS Classification Loss', 0.02134125865995884)
[INFO] 2022-09-30 13:36:12,505 [    train.py:  208]:	('Ner Acc', 0.9980813264846802),  ('CLS Classification Acc', 0.9922604560852051)
[INFO] 2022-09-30 13:36:14,819 [    train.py:  220]:	Evaluate:
[INFO] 2022-09-30 13:36:14,820 [    train.py:  227]:	Loss 0.1250, ('Ner Loss', 0.009763959),  ('CLS Classification Loss', 0.115195185)
[INFO] 2022-09-30 13:36:14,820 [    train.py:  228]:	('Ner Acc', 0.9974141), ('CLS Classification Acc', 0.97692794)
[INFO] 2022-09-30 13:36:23,329 [    train.py:  237]:	Precision 0.503 Recall 0.469 F1 0.486
[INFO] 2022-09-30 13:36:47,783 [    train.py:  185]:	Epoch 25: 
[INFO] 2022-09-30 13:36:47,784 [    train.py:  186]:	Train:
[INFO] 2022-09-30 13:36:47,788 [    train.py:  198]:	Loss 0.0224, ('Ner Loss', 0.004161480814218521),  ('CLS Classification Loss', 0.01819676347076893)
[INFO] 2022-09-30 13:36:47,789 [    train.py:  208]:	('Ner Acc', 0.9982060194015503),  ('CLS Classification Acc', 0.9934288859367371)
[INFO] 2022-09-30 13:36:50,105 [    train.py:  220]:	Evaluate:
[INFO] 2022-09-30 13:36:50,106 [    train.py:  227]:	Loss 0.1256, ('Ner Loss', 0.009940354),  ('CLS Classification Loss', 0.11562859)
[INFO] 2022-09-30 13:36:50,106 [    train.py:  228]:	('Ner Acc', 0.99754536), ('CLS Classification Acc', 0.9778916)
[INFO] 2022-09-30 13:36:58,612 [    train.py:  237]:	Precision 0.535 Recall 0.480 F1 0.506
[INFO] 2022-09-30 13:37:22,968 [    train.py:  185]:	Epoch 26: 
[INFO] 2022-09-30 13:37:22,968 [    train.py:  186]:	Train:
[INFO] 2022-09-30 13:37:22,972 [    train.py:  198]:	Loss 0.0242, ('Ner Loss', 0.0044043464586138725),  ('CLS Classification Loss', 0.019792484119534492)
[INFO] 2022-09-30 13:37:22,972 [    train.py:  208]:	('Ner Acc', 0.9981305003166199),  ('CLS Classification Acc', 0.9928932785987854)
[INFO] 2022-09-30 13:37:25,276 [    train.py:  220]:	Evaluate:
[INFO] 2022-09-30 13:37:25,277 [    train.py:  227]:	Loss 0.1188, ('Ner Loss', 0.009560145),  ('CLS Classification Loss', 0.10922771)
[INFO] 2022-09-30 13:37:25,277 [    train.py:  228]:	('Ner Acc', 0.99756163), ('CLS Classification Acc', 0.9781076)
[INFO] 2022-09-30 13:37:34,123 [    train.py:  237]:	Precision 0.549 Recall 0.432 F1 0.483
[INFO] 2022-09-30 13:37:58,573 [    train.py:  185]:	Epoch 27: 
[INFO] 2022-09-30 13:37:58,573 [    train.py:  186]:	Train:
[INFO] 2022-09-30 13:37:58,578 [    train.py:  198]:	Loss 0.0193, ('Ner Loss', 0.0038316354621201754),  ('CLS Classification Loss', 0.015450078062713146)
[INFO] 2022-09-30 13:37:58,578 [    train.py:  208]:	('Ner Acc', 0.9982529282569885),  ('CLS Classification Acc', 0.9941588044166565)
[INFO] 2022-09-30 13:38:00,881 [    train.py:  220]:	Evaluate:
[INFO] 2022-09-30 13:38:00,882 [    train.py:  227]:	Loss 0.1295, ('Ner Loss', 0.009836248),  ('CLS Classification Loss', 0.119615465)
[INFO] 2022-09-30 13:38:00,882 [    train.py:  228]:	('Ner Acc', 0.99754614), ('CLS Classification Acc', 0.9778293)
[INFO] 2022-09-30 13:38:09,294 [    train.py:  237]:	Precision 0.535 Recall 0.475 F1 0.503
[INFO] 2022-09-30 13:38:33,636 [    train.py:  185]:	Epoch 28: 
[INFO] 2022-09-30 13:38:33,637 [    train.py:  186]:	Train:
[INFO] 2022-09-30 13:38:33,644 [    train.py:  198]:	Loss 0.0182, ('Ner Loss', 0.0038323248736560345),  ('CLS Classification Loss', 0.014361444860696793)
[INFO] 2022-09-30 13:38:33,645 [    train.py:  208]:	('Ner Acc', 0.9983282089233398),  ('CLS Classification Acc', 0.9949051141738892)
[INFO] 2022-09-30 13:38:35,973 [    train.py:  220]:	Evaluate:
[INFO] 2022-09-30 13:38:35,974 [    train.py:  227]:	Loss 0.1378, ('Ner Loss', 0.009805069),  ('CLS Classification Loss', 0.12799166)
[INFO] 2022-09-30 13:38:35,974 [    train.py:  228]:	('Ner Acc', 0.99759924), ('CLS Classification Acc', 0.9780161)
[INFO] 2022-09-30 13:38:44,507 [    train.py:  237]:	Precision 0.551 Recall 0.532 F1 0.541
[INFO] 2022-09-30 13:39:08,883 [    train.py:  185]:	Epoch 29: 
[INFO] 2022-09-30 13:39:08,883 [    train.py:  186]:	Train:
[INFO] 2022-09-30 13:39:08,887 [    train.py:  198]:	Loss 0.0169, ('Ner Loss', 0.003633470507338643),  ('CLS Classification Loss', 0.013298867270350456)
[INFO] 2022-09-30 13:39:08,888 [    train.py:  208]:	('Ner Acc', 0.9984533190727234),  ('CLS Classification Acc', 0.9950350522994995)
[INFO] 2022-09-30 13:39:11,244 [    train.py:  220]:	Evaluate:
[INFO] 2022-09-30 13:39:11,245 [    train.py:  227]:	Loss 0.1361, ('Ner Loss', 0.009820925),  ('CLS Classification Loss', 0.12628666)
[INFO] 2022-09-30 13:39:11,245 [    train.py:  228]:	('Ner Acc', 0.9976503), ('CLS Classification Acc', 0.9781076)
[INFO] 2022-09-30 13:39:19,664 [    train.py:  237]:	Precision 0.546 Recall 0.531 F1 0.538
[INFO] 2022-09-30 13:39:44,156 [    train.py:  185]:	Epoch 30: 
[INFO] 2022-09-30 13:39:44,157 [    train.py:  186]:	Train:
[INFO] 2022-09-30 13:39:44,160 [    train.py:  198]:	Loss 0.0158, ('Ner Loss', 0.003370963502675295),  ('CLS Classification Loss', 0.012425187975168228)
[INFO] 2022-09-30 13:39:44,161 [    train.py:  208]:	('Ner Acc', 0.9985419511795044),  ('CLS Classification Acc', 0.9953539371490479)
[INFO] 2022-09-30 13:39:46,482 [    train.py:  220]:	Evaluate:
[INFO] 2022-09-30 13:39:46,483 [    train.py:  227]:	Loss 0.1491, ('Ner Loss', 0.010470247),  ('CLS Classification Loss', 0.1386344)
[INFO] 2022-09-30 13:39:46,483 [    train.py:  228]:	('Ner Acc', 0.9977024), ('CLS Classification Acc', 0.979337)
[INFO] 2022-09-30 13:39:54,958 [    train.py:  237]:	Precision 0.608 Recall 0.470 F1 0.531
[INFO] 2022-09-30 13:40:19,327 [    train.py:  185]:	Epoch 31: 
[INFO] 2022-09-30 13:40:19,328 [    train.py:  186]:	Train:
[INFO] 2022-09-30 13:40:19,331 [    train.py:  198]:	Loss 0.0143, ('Ner Loss', 0.003065521130338311),  ('CLS Classification Loss', 0.01127754058688879)
[INFO] 2022-09-30 13:40:19,332 [    train.py:  208]:	('Ner Acc', 0.9986169338226318),  ('CLS Classification Acc', 0.9959597587585449)
[INFO] 2022-09-30 13:40:21,646 [    train.py:  220]:	Evaluate:
[INFO] 2022-09-30 13:40:21,647 [    train.py:  227]:	Loss 0.1430, ('Ner Loss', 0.010448051),  ('CLS Classification Loss', 0.13256697)
[INFO] 2022-09-30 13:40:21,647 [    train.py:  228]:	('Ner Acc', 0.9976616), ('CLS Classification Acc', 0.97838163)
[INFO] 2022-09-30 13:40:30,151 [    train.py:  237]:	Precision 0.554 Recall 0.520 F1 0.537
[INFO] 2022-09-30 13:40:54,441 [    train.py:  185]:	Epoch 32: 
[INFO] 2022-09-30 13:40:54,441 [    train.py:  186]:	Train:
[INFO] 2022-09-30 13:40:54,445 [    train.py:  198]:	Loss 0.0119, ('Ner Loss', 0.002830671612173319),  ('CLS Classification Loss', 0.00902734138071537)
[INFO] 2022-09-30 13:40:54,445 [    train.py:  208]:	('Ner Acc', 0.998701810836792),  ('CLS Classification Acc', 0.9967710375785828)
[INFO] 2022-09-30 13:40:56,766 [    train.py:  220]:	Evaluate:
[INFO] 2022-09-30 13:40:56,767 [    train.py:  227]:	Loss 0.1516, ('Ner Loss', 0.009977349),  ('CLS Classification Loss', 0.14160943)
[INFO] 2022-09-30 13:40:56,767 [    train.py:  228]:	('Ner Acc', 0.9974907), ('CLS Classification Acc', 0.9766994)
[INFO] 2022-09-30 13:41:05,284 [    train.py:  237]:	Precision 0.501 Recall 0.537 F1 0.518
[INFO] 2022-09-30 13:41:29,897 [    train.py:  185]:	Epoch 33: 
[INFO] 2022-09-30 13:41:29,897 [    train.py:  186]:	Train:
[INFO] 2022-09-30 13:41:29,900 [    train.py:  198]:	Loss 0.0134, ('Ner Loss', 0.002825362142175436),  ('CLS Classification Loss', 0.010540490970015526)
[INFO] 2022-09-30 13:41:29,900 [    train.py:  208]:	('Ner Acc', 0.99867182970047),  ('CLS Classification Acc', 0.9964086413383484)
[INFO] 2022-09-30 13:41:32,285 [    train.py:  220]:	Evaluate:
[INFO] 2022-09-30 13:41:32,286 [    train.py:  227]:	Loss 0.1553, ('Ner Loss', 0.010052902),  ('CLS Classification Loss', 0.14527397)
[INFO] 2022-09-30 13:41:32,286 [    train.py:  228]:	('Ner Acc', 0.99764234), ('CLS Classification Acc', 0.97951967)
[INFO] 2022-09-30 13:41:41,030 [    train.py:  237]:	Precision 0.563 Recall 0.526 F1 0.544
[INFO] 2022-09-30 13:42:05,302 [    train.py:  185]:	Epoch 34: 
[INFO] 2022-09-30 13:42:05,303 [    train.py:  186]:	Train:
[INFO] 2022-09-30 13:42:05,310 [    train.py:  198]:	Loss 0.0125, ('Ner Loss', 0.002808530116453767),  ('CLS Classification Loss', 0.009684142656624317)
[INFO] 2022-09-30 13:42:05,310 [    train.py:  208]:	('Ner Acc', 0.9986993074417114),  ('CLS Classification Acc', 0.9963601231575012)
[INFO] 2022-09-30 13:42:07,609 [    train.py:  220]:	Evaluate:
[INFO] 2022-09-30 13:42:07,609 [    train.py:  227]:	Loss 0.1477, ('Ner Loss', 0.010046411),  ('CLS Classification Loss', 0.1376264)
[INFO] 2022-09-30 13:42:07,609 [    train.py:  228]:	('Ner Acc', 0.9977665), ('CLS Classification Acc', 0.977742)
[INFO] 2022-09-30 13:42:15,836 [    train.py:  237]:	Precision 0.594 Recall 0.489 F1 0.536
[INFO] 2022-09-30 13:42:40,025 [    train.py:  185]:	Epoch 35: 
[INFO] 2022-09-30 13:42:40,026 [    train.py:  186]:	Train:
[INFO] 2022-09-30 13:42:40,034 [    train.py:  198]:	Loss 0.0119, ('Ner Loss', 0.0025432761758565903),  ('CLS Classification Loss', 0.009368875063955784)
[INFO] 2022-09-30 13:42:40,034 [    train.py:  208]:	('Ner Acc', 0.9988119602203369),  ('CLS Classification Acc', 0.9967385530471802)
[INFO] 2022-09-30 13:42:42,357 [    train.py:  220]:	Evaluate:
[INFO] 2022-09-30 13:42:42,358 [    train.py:  227]:	Loss 0.1618, ('Ner Loss', 0.011286713),  ('CLS Classification Loss', 0.15050574)
[INFO] 2022-09-30 13:42:42,358 [    train.py:  228]:	('Ner Acc', 0.9977426), ('CLS Classification Acc', 0.9791044)
[INFO] 2022-09-30 13:42:50,684 [    train.py:  237]:	Precision 0.602 Recall 0.513 F1 0.554
[INFO] 2022-09-30 13:43:14,888 [    train.py:  185]:	Epoch 36: 
[INFO] 2022-09-30 13:43:14,889 [    train.py:  186]:	Train:
[INFO] 2022-09-30 13:43:14,892 [    train.py:  198]:	Loss 0.0104, ('Ner Loss', 0.0025137821212410927),  ('CLS Classification Loss', 0.007885914295911789)
[INFO] 2022-09-30 13:43:14,892 [    train.py:  208]:	('Ner Acc', 0.998815655708313),  ('CLS Classification Acc', 0.9973874688148499)
[INFO] 2022-09-30 13:43:17,210 [    train.py:  220]:	Evaluate:
[INFO] 2022-09-30 13:43:17,211 [    train.py:  227]:	Loss 0.1617, ('Ner Loss', 0.010422264),  ('CLS Classification Loss', 0.15131988)
[INFO] 2022-09-30 13:43:17,211 [    train.py:  228]:	('Ner Acc', 0.99747247), ('CLS Classification Acc', 0.97686976)
[INFO] 2022-09-30 13:43:25,702 [    train.py:  237]:	Precision 0.530 Recall 0.518 F1 0.524
[INFO] 2022-09-30 13:43:50,049 [    train.py:  185]:	Epoch 37: 
[INFO] 2022-09-30 13:43:50,050 [    train.py:  186]:	Train:
[INFO] 2022-09-30 13:43:50,054 [    train.py:  198]:	Loss 0.0094, ('Ner Loss', 0.002279388252645731),  ('CLS Classification Loss', 0.007112384773790836)
[INFO] 2022-09-30 13:43:50,054 [    train.py:  208]:	('Ner Acc', 0.9989306926727295),  ('CLS Classification Acc', 0.9975334405899048)
[INFO] 2022-09-30 13:43:52,375 [    train.py:  220]:	Evaluate:
[INFO] 2022-09-30 13:43:52,376 [    train.py:  227]:	Loss 0.1566, ('Ner Loss', 0.010400203),  ('CLS Classification Loss', 0.146184)
[INFO] 2022-09-30 13:43:52,376 [    train.py:  228]:	('Ner Acc', 0.99772525), ('CLS Classification Acc', 0.9796568)
[INFO] 2022-09-30 13:44:00,566 [    train.py:  237]:	Precision 0.590 Recall 0.540 F1 0.564
[INFO] 2022-09-30 13:44:24,729 [    train.py:  185]:	Epoch 38: 
[INFO] 2022-09-30 13:44:24,729 [    train.py:  186]:	Train:
[INFO] 2022-09-30 13:44:24,733 [    train.py:  198]:	Loss 0.0080, ('Ner Loss', 0.0020778090693056583),  ('CLS Classification Loss', 0.0059484136290848255)
[INFO] 2022-09-30 13:44:24,734 [    train.py:  208]:	('Ner Acc', 0.998997688293457),  ('CLS Classification Acc', 0.9977931976318359)
[INFO] 2022-09-30 13:44:27,073 [    train.py:  220]:	Evaluate:
[INFO] 2022-09-30 13:44:27,074 [    train.py:  227]:	Loss 0.1763, ('Ner Loss', 0.011380138),  ('CLS Classification Loss', 0.16487777)
[INFO] 2022-09-30 13:44:27,074 [    train.py:  228]:	('Ner Acc', 0.99769473), ('CLS Classification Acc', 0.9784273)
[INFO] 2022-09-30 13:44:35,642 [    train.py:  237]:	Precision 0.591 Recall 0.545 F1 0.567
[INFO] 2022-09-30 13:44:59,998 [    train.py:  185]:	Epoch 39: 
[INFO] 2022-09-30 13:44:59,998 [    train.py:  186]:	Train:
[INFO] 2022-09-30 13:45:00,001 [    train.py:  198]:	Loss 0.0098, ('Ner Loss', 0.0023123084101825953),  ('CLS Classification Loss', 0.007536489982157946)
[INFO] 2022-09-30 13:45:00,001 [    train.py:  208]:	('Ner Acc', 0.9989047646522522),  ('CLS Classification Acc', 0.9975659847259521)
[INFO] 2022-09-30 13:45:02,315 [    train.py:  220]:	Evaluate:
[INFO] 2022-09-30 13:45:02,316 [    train.py:  227]:	Loss 0.1559, ('Ner Loss', 0.010787752),  ('CLS Classification Loss', 0.14506976)
[INFO] 2022-09-30 13:45:02,316 [    train.py:  228]:	('Ner Acc', 0.9977452), ('CLS Classification Acc', 0.9777462)
[INFO] 2022-09-30 13:45:10,638 [    train.py:  237]:	Precision 0.542 Recall 0.555 F1 0.549
[INFO] 2022-09-30 13:45:35,029 [    train.py:  185]:	Epoch 40: 
[INFO] 2022-09-30 13:45:35,029 [    train.py:  186]:	Train:
[INFO] 2022-09-30 13:45:35,035 [    train.py:  198]:	Loss 0.0080, ('Ner Loss', 0.0021364015992730856),  ('CLS Classification Loss', 0.005863258149474859)
[INFO] 2022-09-30 13:45:35,035 [    train.py:  208]:	('Ner Acc', 0.9989790320396423),  ('CLS Classification Acc', 0.9979876279830933)
[INFO] 2022-09-30 13:45:37,369 [    train.py:  220]:	Evaluate:
[INFO] 2022-09-30 13:45:37,369 [    train.py:  227]:	Loss 0.1706, ('Ner Loss', 0.010843667),  ('CLS Classification Loss', 0.15977444)
[INFO] 2022-09-30 13:45:37,369 [    train.py:  228]:	('Ner Acc', 0.99776155), ('CLS Classification Acc', 0.9786142)
[INFO] 2022-09-30 13:45:45,900 [    train.py:  237]:	Precision 0.600 Recall 0.541 F1 0.569
[INFO] 2022-09-30 13:46:10,225 [    train.py:  185]:	Epoch 41: 
[INFO] 2022-09-30 13:46:10,226 [    train.py:  186]:	Train:
[INFO] 2022-09-30 13:46:10,228 [    train.py:  198]:	Loss 0.0071, ('Ner Loss', 0.001819670433178544),  ('CLS Classification Loss', 0.005316049326211214)
[INFO] 2022-09-30 13:46:10,228 [    train.py:  208]:	('Ner Acc', 0.9991292953491211),  ('CLS Classification Acc', 0.9981825351715088)
[INFO] 2022-09-30 13:46:12,516 [    train.py:  220]:	Evaluate:
[INFO] 2022-09-30 13:46:12,517 [    train.py:  227]:	Loss 0.1793, ('Ner Loss', 0.012041058),  ('CLS Classification Loss', 0.16729692)
[INFO] 2022-09-30 13:46:12,517 [    train.py:  228]:	('Ner Acc', 0.9978224), ('CLS Classification Acc', 0.9783817)
[INFO] 2022-09-30 13:46:20,864 [    train.py:  237]:	Precision 0.584 Recall 0.506 F1 0.542
[INFO] 2022-09-30 13:46:45,082 [    train.py:  185]:	Epoch 42: 
[INFO] 2022-09-30 13:46:45,082 [    train.py:  186]:	Train:
[INFO] 2022-09-30 13:46:45,086 [    train.py:  198]:	Loss 0.0072, ('Ner Loss', 0.0018407618626952171),  ('CLS Classification Loss', 0.005311827640980482)
[INFO] 2022-09-30 13:46:45,086 [    train.py:  208]:	('Ner Acc', 0.9990597367286682),  ('CLS Classification Acc', 0.9980363845825195)
[INFO] 2022-09-30 13:46:47,373 [    train.py:  220]:	Evaluate:
[INFO] 2022-09-30 13:46:47,374 [    train.py:  227]:	Loss 0.1857, ('Ner Loss', 0.011256131),  ('CLS Classification Loss', 0.17443526)
[INFO] 2022-09-30 13:46:47,374 [    train.py:  228]:	('Ner Acc', 0.99765104), ('CLS Classification Acc', 0.9771024)
[INFO] 2022-09-30 13:46:56,216 [    train.py:  237]:	Precision 0.554 Recall 0.560 F1 0.557
[INFO] 2022-09-30 13:47:20,632 [    train.py:  185]:	Epoch 43: 
[INFO] 2022-09-30 13:47:20,632 [    train.py:  186]:	Train:
[INFO] 2022-09-30 13:47:20,635 [    train.py:  198]:	Loss 0.0069, ('Ner Loss', 0.0017727180384099483),  ('CLS Classification Loss', 0.005089831538498402)
[INFO] 2022-09-30 13:47:20,635 [    train.py:  208]:	('Ner Acc', 0.9991099238395691),  ('CLS Classification Acc', 0.9981825351715088)
[INFO] 2022-09-30 13:47:22,955 [    train.py:  220]:	Evaluate:
[INFO] 2022-09-30 13:47:22,956 [    train.py:  227]:	Loss 0.1729, ('Ner Loss', 0.0117335245),  ('CLS Classification Loss', 0.16113132)
[INFO] 2022-09-30 13:47:22,956 [    train.py:  228]:	('Ner Acc', 0.9977457), ('CLS Classification Acc', 0.9791126)
[INFO] 2022-09-30 13:47:31,622 [    train.py:  237]:	Precision 0.591 Recall 0.551 F1 0.570
[INFO] 2022-09-30 13:47:56,301 [    train.py:  185]:	Epoch 44: 
[INFO] 2022-09-30 13:47:56,302 [    train.py:  186]:	Train:
[INFO] 2022-09-30 13:47:56,306 [    train.py:  198]:	Loss 0.0066, ('Ner Loss', 0.00173067522700876),  ('CLS Classification Loss', 0.004827110096812248)
[INFO] 2022-09-30 13:47:56,306 [    train.py:  208]:	('Ner Acc', 0.9991562962532043),  ('CLS Classification Acc', 0.998360812664032)
[INFO] 2022-09-30 13:47:58,618 [    train.py:  220]:	Evaluate:
[INFO] 2022-09-30 13:47:58,619 [    train.py:  227]:	Loss 0.1763, ('Ner Loss', 0.011498866),  ('CLS Classification Loss', 0.1647938)
[INFO] 2022-09-30 13:47:58,619 [    train.py:  228]:	('Ner Acc', 0.9978264), ('CLS Classification Acc', 0.97901297)
[INFO] 2022-09-30 13:48:06,817 [    train.py:  237]:	Precision 0.569 Recall 0.562 F1 0.566
[INFO] 2022-09-30 13:48:31,139 [    train.py:  185]:	Epoch 45: 
[INFO] 2022-09-30 13:48:31,139 [    train.py:  186]:	Train:
[INFO] 2022-09-30 13:48:31,143 [    train.py:  198]:	Loss 0.0064, ('Ner Loss', 0.0016569880535826087),  ('CLS Classification Loss', 0.004762214608490467)
[INFO] 2022-09-30 13:48:31,143 [    train.py:  208]:	('Ner Acc', 0.9992090463638306),  ('CLS Classification Acc', 0.998555600643158)
[INFO] 2022-09-30 13:48:33,433 [    train.py:  220]:	Evaluate:
[INFO] 2022-09-30 13:48:33,434 [    train.py:  227]:	Loss 0.1811, ('Ner Loss', 0.012624995),  ('CLS Classification Loss', 0.16847979)
[INFO] 2022-09-30 13:48:33,434 [    train.py:  228]:	('Ner Acc', 0.9976949), ('CLS Classification Acc', 0.97797465)
[INFO] 2022-09-30 13:48:42,073 [    train.py:  237]:	Precision 0.553 Recall 0.542 F1 0.548
[INFO] 2022-09-30 13:49:06,598 [    train.py:  185]:	Epoch 46: 
[INFO] 2022-09-30 13:49:06,598 [    train.py:  186]:	Train:
[INFO] 2022-09-30 13:49:06,601 [    train.py:  198]:	Loss 0.0052, ('Ner Loss', 0.0014969700714573264),  ('CLS Classification Loss', 0.0036806766875088215)
[INFO] 2022-09-30 13:49:06,601 [    train.py:  208]:	('Ner Acc', 0.9992573261260986),  ('CLS Classification Acc', 0.9986855387687683)
[INFO] 2022-09-30 13:49:08,935 [    train.py:  220]:	Evaluate:
[INFO] 2022-09-30 13:49:08,935 [    train.py:  227]:	Loss 0.1707, ('Ner Loss', 0.011886874),  ('CLS Classification Loss', 0.15881358)
[INFO] 2022-09-30 13:49:08,936 [    train.py:  228]:	('Ner Acc', 0.9977207), ('CLS Classification Acc', 0.97906697)
[INFO] 2022-09-30 13:49:17,312 [    train.py:  237]:	Precision 0.572 Recall 0.552 F1 0.562
[INFO] 2022-09-30 13:49:41,847 [    train.py:  185]:	Epoch 47: 
[INFO] 2022-09-30 13:49:41,847 [    train.py:  186]:	Train:
[INFO] 2022-09-30 13:49:41,852 [    train.py:  198]:	Loss 0.0052, ('Ner Loss', 0.001447944319806993),  ('CLS Classification Loss', 0.003770172130316496)
[INFO] 2022-09-30 13:49:41,852 [    train.py:  208]:	('Ner Acc', 0.9993278980255127),  ('CLS Classification Acc', 0.998669445514679)
[INFO] 2022-09-30 13:49:44,162 [    train.py:  220]:	Evaluate:
[INFO] 2022-09-30 13:49:44,162 [    train.py:  227]:	Loss 0.1753, ('Ner Loss', 0.012757507),  ('CLS Classification Loss', 0.16256575)
[INFO] 2022-09-30 13:49:44,163 [    train.py:  228]:	('Ner Acc', 0.99772716), ('CLS Classification Acc', 0.97829026)
[INFO] 2022-09-30 13:49:52,328 [    train.py:  237]:	Precision 0.574 Recall 0.554 F1 0.564
[INFO] 2022-09-30 13:50:16,649 [    train.py:  185]:	Epoch 48: 
[INFO] 2022-09-30 13:50:16,650 [    train.py:  186]:	Train:
[INFO] 2022-09-30 13:50:16,652 [    train.py:  198]:	Loss 0.0054, ('Ner Loss', 0.0015225524548441172),  ('CLS Classification Loss', 0.003832710674032569)
[INFO] 2022-09-30 13:50:16,652 [    train.py:  208]:	('Ner Acc', 0.9992424845695496),  ('CLS Classification Acc', 0.9986366629600525)
[INFO] 2022-09-30 13:50:18,962 [    train.py:  220]:	Evaluate:
[INFO] 2022-09-30 13:50:18,963 [    train.py:  227]:	Loss 0.1805, ('Ner Loss', 0.011765656),  ('CLS Classification Loss', 0.16876782)
[INFO] 2022-09-30 13:50:18,963 [    train.py:  228]:	('Ner Acc', 0.99774885), ('CLS Classification Acc', 0.9783858)
[INFO] 2022-09-30 13:50:27,252 [    train.py:  237]:	Precision 0.592 Recall 0.515 F1 0.551
[INFO] 2022-09-30 13:50:51,433 [    train.py:  185]:	Epoch 49: 
[INFO] 2022-09-30 13:50:51,433 [    train.py:  186]:	Train:
[INFO] 2022-09-30 13:50:51,436 [    train.py:  198]:	Loss 0.0047, ('Ner Loss', 0.0014623228926211596),  ('CLS Classification Loss', 0.0031997605692595243)
[INFO] 2022-09-30 13:50:51,436 [    train.py:  208]:	('Ner Acc', 0.9992891550064087),  ('CLS Classification Acc', 0.9988313913345337)
[INFO] 2022-09-30 13:50:53,741 [    train.py:  220]:	Evaluate:
[INFO] 2022-09-30 13:50:53,741 [    train.py:  227]:	Loss 0.1867, ('Ner Loss', 0.011674588),  ('CLS Classification Loss', 0.17505984)
[INFO] 2022-09-30 13:50:53,742 [    train.py:  228]:	('Ner Acc', 0.9976163), ('CLS Classification Acc', 0.97551584)
[INFO] 2022-09-30 13:51:02,322 [    train.py:  237]:	Precision 0.525 Recall 0.568 F1 0.546
[INFO] 2022-09-30 13:51:26,382 [    train.py:  185]:	Epoch 50: 
[INFO] 2022-09-30 13:51:26,382 [    train.py:  186]:	Train:
[INFO] 2022-09-30 13:51:26,386 [    train.py:  198]:	Loss 0.0054, ('Ner Loss', 0.0015133304987102747),  ('CLS Classification Loss', 0.0038547241128981113)
[INFO] 2022-09-30 13:51:26,386 [    train.py:  208]:	('Ner Acc', 0.9992696642875671),  ('CLS Classification Acc', 0.998669445514679)
[INFO] 2022-09-30 13:51:28,639 [    train.py:  220]:	Evaluate:
[INFO] 2022-09-30 13:51:28,639 [    train.py:  227]:	Loss 0.1837, ('Ner Loss', 0.012293226),  ('CLS Classification Loss', 0.17144123)
[INFO] 2022-09-30 13:51:28,639 [    train.py:  228]:	('Ner Acc', 0.9977163), ('CLS Classification Acc', 0.97792065)
[INFO] 2022-09-30 13:51:37,777 [    train.py:  237]:	Precision 0.564 Recall 0.577 F1 0.570
[INFO] 2022-09-30 13:52:01,949 [    train.py:  185]:	Epoch 51: 
[INFO] 2022-09-30 13:52:01,949 [    train.py:  186]:	Train:
[INFO] 2022-09-30 13:52:01,953 [    train.py:  198]:	Loss 0.0042, ('Ner Loss', 0.0013930810382589698),  ('CLS Classification Loss', 0.0027819250244647264)
[INFO] 2022-09-30 13:52:01,953 [    train.py:  208]:	('Ner Acc', 0.9993301033973694),  ('CLS Classification Acc', 0.9989610910415649)
[INFO] 2022-09-30 13:52:04,209 [    train.py:  220]:	Evaluate:
[INFO] 2022-09-30 13:52:04,210 [    train.py:  227]:	Loss 0.1933, ('Ner Loss', 0.012819379),  ('CLS Classification Loss', 0.18051045)
[INFO] 2022-09-30 13:52:04,210 [    train.py:  228]:	('Ner Acc', 0.99781215), ('CLS Classification Acc', 0.9793868)
[INFO] 2022-09-30 13:52:13,672 [    train.py:  237]:	Precision 0.610 Recall 0.532 F1 0.568
[INFO] 2022-09-30 13:52:37,966 [    train.py:  185]:	Epoch 52: 
[INFO] 2022-09-30 13:52:37,967 [    train.py:  186]:	Train:
[INFO] 2022-09-30 13:52:37,972 [    train.py:  198]:	Loss 0.0054, ('Ner Loss', 0.0013623806880787015),  ('CLS Classification Loss', 0.003993708174675703)
[INFO] 2022-09-30 13:52:37,973 [    train.py:  208]:	('Ner Acc', 0.9993528723716736),  ('CLS Classification Acc', 0.9986368417739868)
[INFO] 2022-09-30 13:52:40,267 [    train.py:  220]:	Evaluate:
[INFO] 2022-09-30 13:52:40,268 [    train.py:  227]:	Loss 0.1880, ('Ner Loss', 0.012643421),  ('CLS Classification Loss', 0.17532785)
[INFO] 2022-09-30 13:52:40,268 [    train.py:  228]:	('Ner Acc', 0.9977254), ('CLS Classification Acc', 0.9782405)
[INFO] 2022-09-30 13:52:49,243 [    train.py:  237]:	Precision 0.558 Recall 0.587 F1 0.572
[INFO] 2022-09-30 13:53:13,526 [    train.py:  185]:	Epoch 53: 
[INFO] 2022-09-30 13:53:13,527 [    train.py:  186]:	Train:
[INFO] 2022-09-30 13:53:13,530 [    train.py:  198]:	Loss 0.0054, ('Ner Loss', 0.0014416361227631569),  ('CLS Classification Loss', 0.003957777749747038)
[INFO] 2022-09-30 13:53:13,531 [    train.py:  208]:	('Ner Acc', 0.9993071556091309),  ('CLS Classification Acc', 0.998587965965271)
[INFO] 2022-09-30 13:53:15,812 [    train.py:  220]:	Evaluate:
[INFO] 2022-09-30 13:53:15,813 [    train.py:  227]:	Loss 0.1850, ('Ner Loss', 0.013235294),  ('CLS Classification Loss', 0.17177314)
[INFO] 2022-09-30 13:53:15,813 [    train.py:  228]:	('Ner Acc', 0.9977198), ('CLS Classification Acc', 0.97829026)
[INFO] 2022-09-30 13:53:24,312 [    train.py:  237]:	Precision 0.575 Recall 0.551 F1 0.563
[INFO] 2022-09-30 13:53:48,799 [    train.py:  185]:	Epoch 54: 
[INFO] 2022-09-30 13:53:48,800 [    train.py:  186]:	Train:
[INFO] 2022-09-30 13:53:48,803 [    train.py:  198]:	Loss 0.0052, ('Ner Loss', 0.0013743981253355742),  ('CLS Classification Loss', 0.0038447959814220667)
[INFO] 2022-09-30 13:53:48,803 [    train.py:  208]:	('Ner Acc', 0.9993345737457275),  ('CLS Classification Acc', 0.9986854195594788)
[INFO] 2022-09-30 13:53:51,083 [    train.py:  220]:	Evaluate:
[INFO] 2022-09-30 13:53:51,084 [    train.py:  227]:	Loss 0.1867, ('Ner Loss', 0.0127865225),  ('CLS Classification Loss', 0.17393981)
[INFO] 2022-09-30 13:53:51,084 [    train.py:  228]:	('Ner Acc', 0.9977363), ('CLS Classification Acc', 0.9784647)
[INFO] 2022-09-30 13:53:59,362 [    train.py:  237]:	Precision 0.583 Recall 0.559 F1 0.571
[INFO] 2022-09-30 13:54:23,577 [    train.py:  185]:	Epoch 55: 
[INFO] 2022-09-30 13:54:23,577 [    train.py:  186]:	Train:
[INFO] 2022-09-30 13:54:23,581 [    train.py:  198]:	Loss 0.0044, ('Ner Loss', 0.001209220034070313),  ('CLS Classification Loss', 0.0032385773956775665)
[INFO] 2022-09-30 13:54:23,582 [    train.py:  208]:	('Ner Acc', 0.9994342923164368),  ('CLS Classification Acc', 0.9989885091781616)
[INFO] 2022-09-30 13:54:25,891 [    train.py:  220]:	Evaluate:
[INFO] 2022-09-30 13:54:25,892 [    train.py:  227]:	Loss 0.1896, ('Ner Loss', 0.01384598),  ('CLS Classification Loss', 0.17578633)
[INFO] 2022-09-30 13:54:25,892 [    train.py:  228]:	('Ner Acc', 0.9977031), ('CLS Classification Acc', 0.97861)
[INFO] 2022-09-30 13:54:34,353 [    train.py:  237]:	Precision 0.593 Recall 0.537 F1 0.563
[INFO] 2022-09-30 13:54:58,496 [    train.py:  185]:	Epoch 56: 
[INFO] 2022-09-30 13:54:58,497 [    train.py:  186]:	Train:
[INFO] 2022-09-30 13:54:58,501 [    train.py:  198]:	Loss 0.0030, ('Ner Loss', 0.0010734618408605456),  ('CLS Classification Loss', 0.0019727852195501328)
[INFO] 2022-09-30 13:54:58,501 [    train.py:  208]:	('Ner Acc', 0.9995071291923523),  ('CLS Classification Acc', 0.9991886019706726)
[INFO] 2022-09-30 13:55:00,782 [    train.py:  220]:	Evaluate:
[INFO] 2022-09-30 13:55:00,783 [    train.py:  227]:	Loss 0.2083, ('Ner Loss', 0.014247697),  ('CLS Classification Loss', 0.19408019)
[INFO] 2022-09-30 13:55:00,783 [    train.py:  228]:	('Ner Acc', 0.9977126), ('CLS Classification Acc', 0.97865576)
[INFO] 2022-09-30 13:55:09,193 [    train.py:  237]:	Precision 0.586 Recall 0.525 F1 0.554
[INFO] 2022-09-30 13:55:33,622 [    train.py:  185]:	Epoch 57: 
[INFO] 2022-09-30 13:55:33,622 [    train.py:  186]:	Train:
[INFO] 2022-09-30 13:55:33,625 [    train.py:  198]:	Loss 0.0019, ('Ner Loss', 0.0009392286301590502),  ('CLS Classification Loss', 0.0010001880582422018)
[INFO] 2022-09-30 13:55:33,626 [    train.py:  208]:	('Ner Acc', 0.99953293800354),  ('CLS Classification Acc', 0.9996916651725769)
[INFO] 2022-09-30 13:55:35,945 [    train.py:  220]:	Evaluate:
[INFO] 2022-09-30 13:55:35,947 [    train.py:  227]:	Loss 0.2030, ('Ner Loss', 0.014778142),  ('CLS Classification Loss', 0.18819413)
[INFO] 2022-09-30 13:55:35,948 [    train.py:  228]:	('Ner Acc', 0.99786526), ('CLS Classification Acc', 0.97902125)
[INFO] 2022-09-30 13:55:44,474 [    train.py:  237]:	Precision 0.596 Recall 0.558 F1 0.576
[INFO] 2022-09-30 13:56:08,567 [    train.py:  185]:	Epoch 58: 
[INFO] 2022-09-30 13:56:08,568 [    train.py:  186]:	Train:
[INFO] 2022-09-30 13:56:08,571 [    train.py:  198]:	Loss 0.0023, ('Ner Loss', 0.0009317006915807724),  ('CLS Classification Loss', 0.001374293235130608)
[INFO] 2022-09-30 13:56:08,572 [    train.py:  208]:	('Ner Acc', 0.9995348453521729),  ('CLS Classification Acc', 0.9996428489685059)
[INFO] 2022-09-30 13:56:10,862 [    train.py:  220]:	Evaluate:
[INFO] 2022-09-30 13:56:10,863 [    train.py:  227]:	Loss 0.2150, ('Ner Loss', 0.015412622),  ('CLS Classification Loss', 0.19960783)
[INFO] 2022-09-30 13:56:10,863 [    train.py:  228]:	('Ner Acc', 0.99780804), ('CLS Classification Acc', 0.9789756)
[INFO] 2022-09-30 13:56:19,472 [    train.py:  237]:	Precision 0.624 Recall 0.503 F1 0.557
[INFO] 2022-09-30 13:56:43,746 [    train.py:  185]:	Epoch 59: 
[INFO] 2022-09-30 13:56:43,746 [    train.py:  186]:	Train:
[INFO] 2022-09-30 13:56:43,749 [    train.py:  198]:	Loss 0.0035, ('Ner Loss', 0.0010457296157255769),  ('CLS Classification Loss', 0.0024373927153646946)
[INFO] 2022-09-30 13:56:43,749 [    train.py:  208]:	('Ner Acc', 0.9995126724243164),  ('CLS Classification Acc', 0.999237060546875)
[INFO] 2022-09-30 13:56:46,017 [    train.py:  220]:	Evaluate:
[INFO] 2022-09-30 13:56:46,018 [    train.py:  227]:	Loss 0.2018, ('Ner Loss', 0.013856648),  ('CLS Classification Loss', 0.1879642)
[INFO] 2022-09-30 13:56:46,018 [    train.py:  228]:	('Ner Acc', 0.99773526), ('CLS Classification Acc', 0.9767909)
[INFO] 2022-09-30 13:56:54,599 [    train.py:  237]:	Precision 0.554 Recall 0.544 F1 0.549
[INFO] 2022-09-30 13:57:18,813 [    train.py:  185]:	Epoch 60: 
[INFO] 2022-09-30 13:57:18,814 [    train.py:  186]:	Train:
[INFO] 2022-09-30 13:57:18,818 [    train.py:  198]:	Loss 0.0049, ('Ner Loss', 0.001134580234065652),  ('CLS Classification Loss', 0.003793000942096114)
[INFO] 2022-09-30 13:57:18,818 [    train.py:  208]:	('Ner Acc', 0.9994727969169617),  ('CLS Classification Acc', 0.9988313913345337)
[INFO] 2022-09-30 13:57:21,081 [    train.py:  220]:	Evaluate:
[INFO] 2022-09-30 13:57:21,082 [    train.py:  227]:	Loss 0.1909, ('Ner Loss', 0.0142938215),  ('CLS Classification Loss', 0.17659645)
[INFO] 2022-09-30 13:57:21,082 [    train.py:  228]:	('Ner Acc', 0.99785566), ('CLS Classification Acc', 0.9775634)
[INFO] 2022-09-30 13:57:29,503 [    train.py:  237]:	Precision 0.568 Recall 0.568 F1 0.568
[INFO] 2022-09-30 13:57:54,029 [    train.py:  185]:	Epoch 61: 
[INFO] 2022-09-30 13:57:54,030 [    train.py:  186]:	Train:
[INFO] 2022-09-30 13:57:54,035 [    train.py:  198]:	Loss 0.0046, ('Ner Loss', 0.0010259211994707584),  ('CLS Classification Loss', 0.0035678925924003124)
[INFO] 2022-09-30 13:57:54,035 [    train.py:  208]:	('Ner Acc', 0.9995167255401611),  ('CLS Classification Acc', 0.9987665414810181)
[INFO] 2022-09-30 13:57:56,318 [    train.py:  220]:	Evaluate:
[INFO] 2022-09-30 13:57:56,319 [    train.py:  227]:	Loss 0.1783, ('Ner Loss', 0.013723358),  ('CLS Classification Loss', 0.16460742)
[INFO] 2022-09-30 13:57:56,319 [    train.py:  228]:	('Ner Acc', 0.99786806), ('CLS Classification Acc', 0.9792123)
[INFO] 2022-09-30 13:58:05,151 [    train.py:  237]:	Precision 0.600 Recall 0.551 F1 0.574
[INFO] 2022-09-30 13:58:29,370 [    train.py:  185]:	Epoch 62: 
[INFO] 2022-09-30 13:58:29,371 [    train.py:  186]:	Train:
[INFO] 2022-09-30 13:58:29,377 [    train.py:  198]:	Loss 0.0034, ('Ner Loss', 0.0010184705024585128),  ('CLS Classification Loss', 0.002429903019219637)
[INFO] 2022-09-30 13:58:29,377 [    train.py:  208]:	('Ner Acc', 0.9995304942131042),  ('CLS Classification Acc', 0.9991884827613831)
[INFO] 2022-09-30 13:58:31,672 [    train.py:  220]:	Evaluate:
[INFO] 2022-09-30 13:58:31,673 [    train.py:  227]:	Loss 0.1747, ('Ner Loss', 0.013295663),  ('CLS Classification Loss', 0.16137838)
[INFO] 2022-09-30 13:58:31,673 [    train.py:  228]:	('Ner Acc', 0.9979226), ('CLS Classification Acc', 0.9789298)
[INFO] 2022-09-30 13:58:40,109 [    train.py:  237]:	Precision 0.605 Recall 0.580 F1 0.592
[INFO] 2022-09-30 13:59:04,144 [    train.py:  185]:	Epoch 63: 
[INFO] 2022-09-30 13:59:04,145 [    train.py:  186]:	Train:
[INFO] 2022-09-30 13:59:04,150 [    train.py:  198]:	Loss 0.0057, ('Ner Loss', 0.0010670105693861842),  ('CLS Classification Loss', 0.0046183159574866295)
[INFO] 2022-09-30 13:59:04,151 [    train.py:  208]:	('Ner Acc', 0.9994499087333679),  ('CLS Classification Acc', 0.9985394477844238)
[INFO] 2022-09-30 13:59:06,442 [    train.py:  220]:	Evaluate:
[INFO] 2022-09-30 13:59:06,442 [    train.py:  227]:	Loss 0.1616, ('Ner Loss', 0.01279895),  ('CLS Classification Loss', 0.14880824)
[INFO] 2022-09-30 13:59:06,442 [    train.py:  228]:	('Ner Acc', 0.9975241), ('CLS Classification Acc', 0.9761803)
[INFO] 2022-09-30 13:59:14,915 [    train.py:  237]:	Precision 0.532 Recall 0.589 F1 0.559
[INFO] 2022-09-30 13:59:39,244 [    train.py:  185]:	Epoch 64: 
[INFO] 2022-09-30 13:59:39,245 [    train.py:  186]:	Train:
[INFO] 2022-09-30 13:59:39,250 [    train.py:  198]:	Loss 0.0044, ('Ner Loss', 0.0010934520978480577),  ('CLS Classification Loss', 0.0032727078069001436)
[INFO] 2022-09-30 13:59:39,251 [    train.py:  208]:	('Ner Acc', 0.9994944930076599),  ('CLS Classification Acc', 0.9990262389183044)
[INFO] 2022-09-30 13:59:41,535 [    train.py:  220]:	Evaluate:
[INFO] 2022-09-30 13:59:41,535 [    train.py:  227]:	Loss 0.1783, ('Ner Loss', 0.014540059),  ('CLS Classification Loss', 0.16373193)
[INFO] 2022-09-30 13:59:41,536 [    train.py:  228]:	('Ner Acc', 0.9978799), ('CLS Classification Acc', 0.97852284)
[INFO] 2022-09-30 13:59:49,732 [    train.py:  237]:	Precision 0.625 Recall 0.524 F1 0.570
[INFO] 2022-09-30 14:00:13,939 [    train.py:  185]:	Epoch 65: 
[INFO] 2022-09-30 14:00:13,939 [    train.py:  186]:	Train:
[INFO] 2022-09-30 14:00:13,944 [    train.py:  198]:	Loss 0.0032, ('Ner Loss', 0.0009589564870111644),  ('CLS Classification Loss', 0.002225504955276847)
[INFO] 2022-09-30 14:00:13,944 [    train.py:  208]:	('Ner Acc', 0.9995378851890564),  ('CLS Classification Acc', 0.9993507266044617)
[INFO] 2022-09-30 14:00:16,248 [    train.py:  220]:	Evaluate:
[INFO] 2022-09-30 14:00:16,249 [    train.py:  227]:	Loss 0.1896, ('Ner Loss', 0.014055304),  ('CLS Classification Loss', 0.17557909)
[INFO] 2022-09-30 14:00:16,249 [    train.py:  228]:	('Ner Acc', 0.99783176), ('CLS Classification Acc', 0.978149)
[INFO] 2022-09-30 14:00:25,075 [    train.py:  237]:	Precision 0.577 Recall 0.570 F1 0.574
[INFO] 2022-09-30 14:00:49,426 [    train.py:  185]:	Epoch 66: 
[INFO] 2022-09-30 14:00:49,427 [    train.py:  186]:	Train:
[INFO] 2022-09-30 14:00:49,429 [    train.py:  198]:	Loss 0.0027, ('Ner Loss', 0.0008203310426324606),  ('CLS Classification Loss', 0.0018324998673051596)
[INFO] 2022-09-30 14:00:49,429 [    train.py:  208]:	('Ner Acc', 0.999579906463623),  ('CLS Classification Acc', 0.9994805455207825)
[INFO] 2022-09-30 14:00:51,720 [    train.py:  220]:	Evaluate:
[INFO] 2022-09-30 14:00:51,721 [    train.py:  227]:	Loss 0.1906, ('Ner Loss', 0.014816789),  ('CLS Classification Loss', 0.17576726)
[INFO] 2022-09-30 14:00:51,721 [    train.py:  228]:	('Ner Acc', 0.99790674), ('CLS Classification Acc', 0.97897136)
[INFO] 2022-09-30 14:01:00,218 [    train.py:  237]:	Precision 0.612 Recall 0.554 F1 0.582
[INFO] 2022-09-30 14:01:24,763 [    train.py:  185]:	Epoch 67: 
[INFO] 2022-09-30 14:01:24,764 [    train.py:  186]:	Train:
[INFO] 2022-09-30 14:01:24,771 [    train.py:  198]:	Loss 0.0027, ('Ner Loss', 0.0008123324951156974),  ('CLS Classification Loss', 0.001924853422679007)
[INFO] 2022-09-30 14:01:24,771 [    train.py:  208]:	('Ner Acc', 0.9996271729469299),  ('CLS Classification Acc', 0.9993345737457275)
[INFO] 2022-09-30 14:01:27,103 [    train.py:  220]:	Evaluate:
[INFO] 2022-09-30 14:01:27,103 [    train.py:  227]:	Loss 0.1903, ('Ner Loss', 0.014133193),  ('CLS Classification Loss', 0.176127)
[INFO] 2022-09-30 14:01:27,103 [    train.py:  228]:	('Ner Acc', 0.9978268), ('CLS Classification Acc', 0.9777835)
[INFO] 2022-09-30 14:01:36,575 [    train.py:  237]:	Precision 0.573 Recall 0.583 F1 0.578
[INFO] 2022-09-30 14:02:01,492 [    train.py:  185]:	Epoch 68: 
[INFO] 2022-09-30 14:02:01,493 [    train.py:  186]:	Train:
[INFO] 2022-09-30 14:02:01,503 [    train.py:  198]:	Loss 0.0020, ('Ner Loss', 0.0006960235186852515),  ('CLS Classification Loss', 0.0012645524693652987)
[INFO] 2022-09-30 14:02:01,503 [    train.py:  208]:	('Ner Acc', 0.9996716976165771),  ('CLS Classification Acc', 0.999626636505127)
[INFO] 2022-09-30 14:02:03,816 [    train.py:  220]:	Evaluate:
[INFO] 2022-09-30 14:02:03,817 [    train.py:  227]:	Loss 0.2035, ('Ner Loss', 0.0141849),  ('CLS Classification Loss', 0.18928228)
[INFO] 2022-09-30 14:02:03,817 [    train.py:  228]:	('Ner Acc', 0.99778), ('CLS Classification Acc', 0.97769225)
[INFO] 2022-09-30 14:02:12,204 [    train.py:  237]:	Precision 0.571 Recall 0.565 F1 0.568
[INFO] 2022-09-30 14:02:36,603 [    train.py:  185]:	Epoch 69: 
[INFO] 2022-09-30 14:02:36,603 [    train.py:  186]:	Train:
[INFO] 2022-09-30 14:02:36,606 [    train.py:  198]:	Loss 0.0022, ('Ner Loss', 0.0006924297194927931),  ('CLS Classification Loss', 0.0015550454845651984)
[INFO] 2022-09-30 14:02:36,606 [    train.py:  208]:	('Ner Acc', 0.9996369481086731),  ('CLS Classification Acc', 0.9995130896568298)
[INFO] 2022-09-30 14:02:38,920 [    train.py:  220]:	Evaluate:
[INFO] 2022-09-30 14:02:38,921 [    train.py:  227]:	Loss 0.1851, ('Ner Loss', 0.014302696),  ('CLS Classification Loss', 0.17084238)
[INFO] 2022-09-30 14:02:38,921 [    train.py:  228]:	('Ner Acc', 0.9979021), ('CLS Classification Acc', 0.9795155)
[INFO] 2022-09-30 14:02:47,293 [    train.py:  237]:	Precision 0.597 Recall 0.558 F1 0.577
[INFO] 2022-09-30 14:03:11,800 [    train.py:  185]:	Epoch 70: 
[INFO] 2022-09-30 14:03:11,800 [    train.py:  186]:	Train:
[INFO] 2022-09-30 14:03:11,806 [    train.py:  198]:	Loss 0.0023, ('Ner Loss', 0.000750312814489007),  ('CLS Classification Loss', 0.0015620702179148793)
[INFO] 2022-09-30 14:03:11,806 [    train.py:  208]:	('Ner Acc', 0.9996411204338074),  ('CLS Classification Acc', 0.9993832111358643)
[INFO] 2022-09-30 14:03:14,109 [    train.py:  220]:	Evaluate:
[INFO] 2022-09-30 14:03:14,110 [    train.py:  227]:	Loss 0.1977, ('Ner Loss', 0.014560869),  ('CLS Classification Loss', 0.1830965)
[INFO] 2022-09-30 14:03:14,110 [    train.py:  228]:	('Ner Acc', 0.99782914), ('CLS Classification Acc', 0.9775551)
[INFO] 2022-09-30 14:03:22,720 [    train.py:  237]:	Precision 0.591 Recall 0.562 F1 0.576
[INFO] 2022-09-30 14:03:47,070 [    train.py:  185]:	Epoch 71: 
[INFO] 2022-09-30 14:03:47,071 [    train.py:  186]:	Train:
[INFO] 2022-09-30 14:03:47,078 [    train.py:  198]:	Loss 0.0025, ('Ner Loss', 0.000741760537493974),  ('CLS Classification Loss', 0.0017986963503062725)
[INFO] 2022-09-30 14:03:47,078 [    train.py:  208]:	('Ner Acc', 0.9996534585952759),  ('CLS Classification Acc', 0.9994156956672668)
[INFO] 2022-09-30 14:03:49,364 [    train.py:  220]:	Evaluate:
[INFO] 2022-09-30 14:03:49,364 [    train.py:  227]:	Loss 0.2098, ('Ner Loss', 0.01443503),  ('CLS Classification Loss', 0.19540988)
[INFO] 2022-09-30 14:03:49,365 [    train.py:  228]:	('Ner Acc', 0.9977969), ('CLS Classification Acc', 0.97782505)
[INFO] 2022-09-30 14:03:57,929 [    train.py:  237]:	Precision 0.558 Recall 0.574 F1 0.566
[INFO] 2022-09-30 14:04:21,996 [    train.py:  185]:	Epoch 72: 
[INFO] 2022-09-30 14:04:21,997 [    train.py:  186]:	Train:
[INFO] 2022-09-30 14:04:22,000 [    train.py:  198]:	Loss 0.0038, ('Ner Loss', 0.0007913283188827336),  ('CLS Classification Loss', 0.002999169286340475)
[INFO] 2022-09-30 14:04:22,000 [    train.py:  208]:	('Ner Acc', 0.9996280074119568),  ('CLS Classification Acc', 0.9991235733032227)
[INFO] 2022-09-30 14:04:24,320 [    train.py:  220]:	Evaluate:
[INFO] 2022-09-30 14:04:24,321 [    train.py:  227]:	Loss 0.1969, ('Ner Loss', 0.014842595),  ('CLS Classification Loss', 0.18205908)
[INFO] 2022-09-30 14:04:24,321 [    train.py:  228]:	('Ner Acc', 0.9977464), ('CLS Classification Acc', 0.9780992)
[INFO] 2022-09-30 14:04:32,840 [    train.py:  237]:	Precision 0.584 Recall 0.548 F1 0.565
[INFO] 2022-09-30 14:04:57,177 [    train.py:  185]:	Epoch 73: 
[INFO] 2022-09-30 14:04:57,177 [    train.py:  186]:	Train:
[INFO] 2022-09-30 14:04:57,181 [    train.py:  198]:	Loss 0.0025, ('Ner Loss', 0.0007026550592854619),  ('CLS Classification Loss', 0.001820766949094832)
[INFO] 2022-09-30 14:04:57,181 [    train.py:  208]:	('Ner Acc', 0.9996816515922546),  ('CLS Classification Acc', 0.9994645714759827)
[INFO] 2022-09-30 14:04:59,460 [    train.py:  220]:	Evaluate:
[INFO] 2022-09-30 14:04:59,460 [    train.py:  227]:	Loss 0.1964, ('Ner Loss', 0.015043077),  ('CLS Classification Loss', 0.18131381)
[INFO] 2022-09-30 14:04:59,460 [    train.py:  228]:	('Ner Acc', 0.99783957), ('CLS Classification Acc', 0.97828615)
[INFO] 2022-09-30 14:05:07,934 [    train.py:  237]:	Precision 0.599 Recall 0.554 F1 0.576
[INFO] 2022-09-30 14:05:32,343 [    train.py:  185]:	Epoch 74: 
[INFO] 2022-09-30 14:05:32,344 [    train.py:  186]:	Train:
[INFO] 2022-09-30 14:05:32,346 [    train.py:  198]:	Loss 0.0032, ('Ner Loss', 0.0007388232625089586),  ('CLS Classification Loss', 0.002465450204908848)
[INFO] 2022-09-30 14:05:32,347 [    train.py:  208]:	('Ner Acc', 0.9996767044067383),  ('CLS Classification Acc', 0.9992696642875671)
[INFO] 2022-09-30 14:05:34,687 [    train.py:  220]:	Evaluate:
[INFO] 2022-09-30 14:05:34,688 [    train.py:  227]:	Loss 0.1909, ('Ner Loss', 0.013952303),  ('CLS Classification Loss', 0.17691217)
[INFO] 2022-09-30 14:05:34,688 [    train.py:  228]:	('Ner Acc', 0.99765366), ('CLS Classification Acc', 0.97705257)
[INFO] 2022-09-30 14:05:43,249 [    train.py:  237]:	Precision 0.567 Recall 0.534 F1 0.550
[INFO] 2022-09-30 14:06:07,385 [    train.py:  185]:	Epoch 75: 
[INFO] 2022-09-30 14:06:07,385 [    train.py:  186]:	Train:
[INFO] 2022-09-30 14:06:07,391 [    train.py:  198]:	Loss 0.0030, ('Ner Loss', 0.0007333922549150884),  ('CLS Classification Loss', 0.002289268421009183)
[INFO] 2022-09-30 14:06:07,391 [    train.py:  208]:	('Ner Acc', 0.9996770620346069),  ('CLS Classification Acc', 0.9992480278015137)
[INFO] 2022-09-30 14:06:09,672 [    train.py:  220]:	Evaluate:
[INFO] 2022-09-30 14:06:09,673 [    train.py:  227]:	Loss 0.1906, ('Ner Loss', 0.015081434),  ('CLS Classification Loss', 0.17548211)
[INFO] 2022-09-30 14:06:09,673 [    train.py:  228]:	('Ner Acc', 0.99772936), ('CLS Classification Acc', 0.97809935)
[INFO] 2022-09-30 14:06:18,021 [    train.py:  237]:	Precision 0.568 Recall 0.546 F1 0.557
[INFO] 2022-09-30 14:06:42,158 [    train.py:  185]:	Epoch 76: 
[INFO] 2022-09-30 14:06:42,159 [    train.py:  186]:	Train:
[INFO] 2022-09-30 14:06:42,162 [    train.py:  198]:	Loss 0.0028, ('Ner Loss', 0.0007106704288162291),  ('CLS Classification Loss', 0.0020553849171847105)
[INFO] 2022-09-30 14:06:42,162 [    train.py:  208]:	('Ner Acc', 0.9996606707572937),  ('CLS Classification Acc', 0.9993183612823486)
[INFO] 2022-09-30 14:06:44,452 [    train.py:  220]:	Evaluate:
[INFO] 2022-09-30 14:06:44,452 [    train.py:  227]:	Loss 0.2055, ('Ner Loss', 0.01497977),  ('CLS Classification Loss', 0.19048917)
[INFO] 2022-09-30 14:06:44,453 [    train.py:  228]:	('Ner Acc', 0.99765736), ('CLS Classification Acc', 0.97545767)
[INFO] 2022-09-30 14:06:52,775 [    train.py:  237]:	Precision 0.521 Recall 0.603 F1 0.559
[INFO] 2022-09-30 14:07:17,148 [    train.py:  185]:	Epoch 77: 
[INFO] 2022-09-30 14:07:17,148 [    train.py:  186]:	Train:
[INFO] 2022-09-30 14:07:17,153 [    train.py:  198]:	Loss 0.0032, ('Ner Loss', 0.0006890115910209715),  ('CLS Classification Loss', 0.0025144207756966352)
[INFO] 2022-09-30 14:07:17,153 [    train.py:  208]:	('Ner Acc', 0.9996930360794067),  ('CLS Classification Acc', 0.9991236925125122)
[INFO] 2022-09-30 14:07:19,439 [    train.py:  220]:	Evaluate:
[INFO] 2022-09-30 14:07:19,440 [    train.py:  227]:	Loss 0.1646, ('Ner Loss', 0.013633962),  ('CLS Classification Loss', 0.15094458)
[INFO] 2022-09-30 14:07:19,440 [    train.py:  228]:	('Ner Acc', 0.9978965), ('CLS Classification Acc', 0.97942835)
[INFO] 2022-09-30 14:07:27,740 [    train.py:  237]:	Precision 0.613 Recall 0.575 F1 0.593
[INFO] 2022-09-30 14:07:52,062 [    train.py:  185]:	Epoch 78: 
[INFO] 2022-09-30 14:07:52,062 [    train.py:  186]:	Train:
[INFO] 2022-09-30 14:07:52,065 [    train.py:  198]:	Loss 0.0016, ('Ner Loss', 0.0006263749091885984),  ('CLS Classification Loss', 0.0009715037886053324)
[INFO] 2022-09-30 14:07:52,065 [    train.py:  208]:	('Ner Acc', 0.9997178316116333),  ('CLS Classification Acc', 0.9996427893638611)
[INFO] 2022-09-30 14:07:54,320 [    train.py:  220]:	Evaluate:
[INFO] 2022-09-30 14:07:54,321 [    train.py:  227]:	Loss 0.1950, ('Ner Loss', 0.014536065),  ('CLS Classification Loss', 0.1804744)
[INFO] 2022-09-30 14:07:54,321 [    train.py:  228]:	('Ner Acc', 0.99778193), ('CLS Classification Acc', 0.9786515)
[INFO] 2022-09-30 14:08:02,766 [    train.py:  237]:	Precision 0.600 Recall 0.572 F1 0.585
[INFO] 2022-09-30 14:08:26,985 [    train.py:  185]:	Epoch 79: 
[INFO] 2022-09-30 14:08:26,985 [    train.py:  186]:	Train:
[INFO] 2022-09-30 14:08:26,988 [    train.py:  198]:	Loss 0.0028, ('Ner Loss', 0.0007188927265815437),  ('CLS Classification Loss', 0.0020457436330616474)
[INFO] 2022-09-30 14:08:26,988 [    train.py:  208]:	('Ner Acc', 0.9996888637542725),  ('CLS Classification Acc', 0.9993994832038879)
[INFO] 2022-09-30 14:08:29,267 [    train.py:  220]:	Evaluate:
[INFO] 2022-09-30 14:08:29,267 [    train.py:  227]:	Loss 0.1869, ('Ner Loss', 0.014335928),  ('CLS Classification Loss', 0.17260054)
[INFO] 2022-09-30 14:08:29,268 [    train.py:  228]:	('Ner Acc', 0.9978547), ('CLS Classification Acc', 0.9777379)
[INFO] 2022-09-30 14:08:37,804 [    train.py:  237]:	Precision 0.558 Recall 0.575 F1 0.566
[INFO] 2022-09-30 14:09:02,111 [    train.py:  185]:	Epoch 80: 
[INFO] 2022-09-30 14:09:02,111 [    train.py:  186]:	Train:
[INFO] 2022-09-30 14:09:02,114 [    train.py:  198]:	Loss 0.0029, ('Ner Loss', 0.0007459820481017232),  ('CLS Classification Loss', 0.002194985281676054)
[INFO] 2022-09-30 14:09:02,115 [    train.py:  208]:	('Ner Acc', 0.9996818900108337),  ('CLS Classification Acc', 0.9993290901184082)
[INFO] 2022-09-30 14:09:04,408 [    train.py:  220]:	Evaluate:
[INFO] 2022-09-30 14:09:04,409 [    train.py:  227]:	Loss 0.1789, ('Ner Loss', 0.013397253),  ('CLS Classification Loss', 0.16546336)
[INFO] 2022-09-30 14:09:04,409 [    train.py:  228]:	('Ner Acc', 0.9977131), ('CLS Classification Acc', 0.97747624)
[INFO] 2022-09-30 14:09:12,746 [    train.py:  237]:	Precision 0.570 Recall 0.566 F1 0.568
[INFO] 2022-09-30 14:09:37,140 [    train.py:  185]:	Epoch 81: 
[INFO] 2022-09-30 14:09:37,140 [    train.py:  186]:	Train:
[INFO] 2022-09-30 14:09:37,144 [    train.py:  198]:	Loss 0.0030, ('Ner Loss', 0.0006734708440490067),  ('CLS Classification Loss', 0.0022987970151007175)
[INFO] 2022-09-30 14:09:37,144 [    train.py:  208]:	('Ner Acc', 0.9997079372406006),  ('CLS Classification Acc', 0.9992210268974304)
[INFO] 2022-09-30 14:09:39,422 [    train.py:  220]:	Evaluate:
[INFO] 2022-09-30 14:09:39,423 [    train.py:  227]:	Loss 0.1986, ('Ner Loss', 0.015039022),  ('CLS Classification Loss', 0.18357493)
[INFO] 2022-09-30 14:09:39,423 [    train.py:  228]:	('Ner Acc', 0.9977577), ('CLS Classification Acc', 0.97528327)
[INFO] 2022-09-30 14:09:48,434 [    train.py:  237]:	Precision 0.575 Recall 0.552 F1 0.563
[INFO] 2022-09-30 14:10:12,690 [    train.py:  185]:	Epoch 82: 
[INFO] 2022-09-30 14:10:12,691 [    train.py:  186]:	Train:
[INFO] 2022-09-30 14:10:12,695 [    train.py:  198]:	Loss 0.0017, ('Ner Loss', 0.0005952693172730505),  ('CLS Classification Loss', 0.0011289798421785235)
[INFO] 2022-09-30 14:10:12,695 [    train.py:  208]:	('Ner Acc', 0.9997416734695435),  ('CLS Classification Acc', 0.9996752738952637)
[INFO] 2022-09-30 14:10:14,993 [    train.py:  220]:	Evaluate:
[INFO] 2022-09-30 14:10:14,994 [    train.py:  227]:	Loss 0.1970, ('Ner Loss', 0.014785688),  ('CLS Classification Loss', 0.18217872)
[INFO] 2022-09-30 14:10:14,994 [    train.py:  228]:	('Ner Acc', 0.99784327), ('CLS Classification Acc', 0.9772893)
[INFO] 2022-09-30 14:10:23,775 [    train.py:  237]:	Precision 0.570 Recall 0.563 F1 0.567
[INFO] 2022-09-30 14:10:47,944 [    train.py:  185]:	Epoch 83: 
[INFO] 2022-09-30 14:10:47,945 [    train.py:  186]:	Train:
[INFO] 2022-09-30 14:10:47,948 [    train.py:  198]:	Loss 0.0019, ('Ner Loss', 0.0005393565515987575),  ('CLS Classification Loss', 0.0013221012195572257)
[INFO] 2022-09-30 14:10:47,948 [    train.py:  208]:	('Ner Acc', 0.9997597932815552),  ('CLS Classification Acc', 0.999610424041748)
[INFO] 2022-09-30 14:10:50,227 [    train.py:  220]:	Evaluate:
[INFO] 2022-09-30 14:10:50,228 [    train.py:  227]:	Loss 0.1923, ('Ner Loss', 0.015276111),  ('CLS Classification Loss', 0.17702052)
[INFO] 2022-09-30 14:10:50,228 [    train.py:  228]:	('Ner Acc', 0.9978205), ('CLS Classification Acc', 0.9783858)
[INFO] 2022-09-30 14:10:58,935 [    train.py:  237]:	Precision 0.605 Recall 0.562 F1 0.583
[INFO] 2022-09-30 14:11:23,227 [    train.py:  185]:	Epoch 84: 
[INFO] 2022-09-30 14:11:23,227 [    train.py:  186]:	Train:
[INFO] 2022-09-30 14:11:23,230 [    train.py:  198]:	Loss 0.0022, ('Ner Loss', 0.0005497628590092063),  ('CLS Classification Loss', 0.0016572554595768452)
[INFO] 2022-09-30 14:11:23,231 [    train.py:  208]:	('Ner Acc', 0.9997429251670837),  ('CLS Classification Acc', 0.9995131492614746)
[INFO] 2022-09-30 14:11:25,536 [    train.py:  220]:	Evaluate:
[INFO] 2022-09-30 14:11:25,537 [    train.py:  227]:	Loss 0.2086, ('Ner Loss', 0.016348911),  ('CLS Classification Loss', 0.19229166)
[INFO] 2022-09-30 14:11:25,537 [    train.py:  228]:	('Ner Acc', 0.997868), ('CLS Classification Acc', 0.97929543)
[INFO] 2022-09-30 14:11:34,439 [    train.py:  237]:	Precision 0.607 Recall 0.537 F1 0.570
[INFO] 2022-09-30 14:11:58,842 [    train.py:  185]:	Epoch 85: 
[INFO] 2022-09-30 14:11:58,842 [    train.py:  186]:	Train:
[INFO] 2022-09-30 14:11:58,846 [    train.py:  198]:	Loss 0.0023, ('Ner Loss', 0.0006889754440635443),  ('CLS Classification Loss', 0.0015612863935530186)
[INFO] 2022-09-30 14:11:58,846 [    train.py:  208]:	('Ner Acc', 0.9997305274009705),  ('CLS Classification Acc', 0.9995131492614746)
[INFO] 2022-09-30 14:12:01,135 [    train.py:  220]:	Evaluate:
[INFO] 2022-09-30 14:12:01,135 [    train.py:  227]:	Loss 0.1905, ('Ner Loss', 0.014672265),  ('CLS Classification Loss', 0.17579103)
[INFO] 2022-09-30 14:12:01,136 [    train.py:  228]:	('Ner Acc', 0.997889), ('CLS Classification Acc', 0.9782945)
[INFO] 2022-09-30 14:12:09,453 [    train.py:  237]:	Precision 0.586 Recall 0.560 F1 0.573
[INFO] 2022-09-30 14:12:33,498 [    train.py:  185]:	Epoch 86: 
[INFO] 2022-09-30 14:12:33,498 [    train.py:  186]:	Train:
[INFO] 2022-09-30 14:12:33,501 [    train.py:  198]:	Loss 0.0029, ('Ner Loss', 0.0007422242779284716),  ('CLS Classification Loss', 0.0021715222392231226)
[INFO] 2022-09-30 14:12:33,501 [    train.py:  208]:	('Ner Acc', 0.9997043609619141),  ('CLS Classification Acc', 0.9991560578346252)
[INFO] 2022-09-30 14:12:35,777 [    train.py:  220]:	Evaluate:
[INFO] 2022-09-30 14:12:35,778 [    train.py:  227]:	Loss 0.1847, ('Ner Loss', 0.01350451),  ('CLS Classification Loss', 0.17116104)
[INFO] 2022-09-30 14:12:35,778 [    train.py:  228]:	('Ner Acc', 0.99785864), ('CLS Classification Acc', 0.9791583)
[INFO] 2022-09-30 14:12:44,209 [    train.py:  237]:	Precision 0.604 Recall 0.551 F1 0.576
[INFO] 2022-09-30 14:13:08,403 [    train.py:  185]:	Epoch 87: 
[INFO] 2022-09-30 14:13:08,403 [    train.py:  186]:	Train:
[INFO] 2022-09-30 14:13:08,409 [    train.py:  198]:	Loss 0.0022, ('Ner Loss', 0.000711082830093801),  ('CLS Classification Loss', 0.001454340759664774)
[INFO] 2022-09-30 14:13:08,409 [    train.py:  208]:	('Ner Acc', 0.9996920228004456),  ('CLS Classification Acc', 0.9995131492614746)
[INFO] 2022-09-30 14:13:10,705 [    train.py:  220]:	Evaluate:
[INFO] 2022-09-30 14:13:10,705 [    train.py:  227]:	Loss 0.1961, ('Ner Loss', 0.014868542),  ('CLS Classification Loss', 0.18123347)
[INFO] 2022-09-30 14:13:10,705 [    train.py:  228]:	('Ner Acc', 0.9977841), ('CLS Classification Acc', 0.97919565)
[INFO] 2022-09-30 14:13:19,043 [    train.py:  237]:	Precision 0.611 Recall 0.542 F1 0.575
[INFO] 2022-09-30 14:13:43,447 [    train.py:  185]:	Epoch 88: 
[INFO] 2022-09-30 14:13:43,447 [    train.py:  186]:	Train:
[INFO] 2022-09-30 14:13:43,451 [    train.py:  198]:	Loss 0.0021, ('Ner Loss', 0.000642155297100544),  ('CLS Classification Loss', 0.0014356173342093825)
[INFO] 2022-09-30 14:13:43,451 [    train.py:  208]:	('Ner Acc', 0.9997474551200867),  ('CLS Classification Acc', 0.9996104836463928)
[INFO] 2022-09-30 14:13:45,733 [    train.py:  220]:	Evaluate:
[INFO] 2022-09-30 14:13:45,734 [    train.py:  227]:	Loss 0.1929, ('Ner Loss', 0.014604394),  ('CLS Classification Loss', 0.17825942)
[INFO] 2022-09-30 14:13:45,734 [    train.py:  228]:	('Ner Acc', 0.9978893), ('CLS Classification Acc', 0.97983944)
[INFO] 2022-09-30 14:13:53,930 [    train.py:  237]:	Precision 0.625 Recall 0.556 F1 0.589
[INFO] 2022-09-30 14:14:18,041 [    train.py:  185]:	Epoch 89: 
[INFO] 2022-09-30 14:14:18,042 [    train.py:  186]:	Train:
[INFO] 2022-09-30 14:14:18,045 [    train.py:  198]:	Loss 0.0014, ('Ner Loss', 0.0005710244877263904),  ('CLS Classification Loss', 0.0007907411199994385)
[INFO] 2022-09-30 14:14:18,045 [    train.py:  208]:	('Ner Acc', 0.9997730255126953),  ('CLS Classification Acc', 0.9997076392173767)
[INFO] 2022-09-30 14:14:20,340 [    train.py:  220]:	Evaluate:
[INFO] 2022-09-30 14:14:20,341 [    train.py:  227]:	Loss 0.2097, ('Ner Loss', 0.015691329),  ('CLS Classification Loss', 0.19402716)
[INFO] 2022-09-30 14:14:20,341 [    train.py:  228]:	('Ner Acc', 0.9978474), ('CLS Classification Acc', 0.9794241)
[INFO] 2022-09-30 14:14:28,717 [    train.py:  237]:	Precision 0.625 Recall 0.506 F1 0.559
[INFO] 2022-09-30 14:14:52,749 [    train.py:  185]:	Epoch 90: 
[INFO] 2022-09-30 14:14:52,749 [    train.py:  186]:	Train:
[INFO] 2022-09-30 14:14:52,755 [    train.py:  198]:	Loss 0.0024, ('Ner Loss', 0.0005554243689402938),  ('CLS Classification Loss', 0.0018461846048012376)
[INFO] 2022-09-30 14:14:52,755 [    train.py:  208]:	('Ner Acc', 0.9997595548629761),  ('CLS Classification Acc', 0.999529242515564)
[INFO] 2022-09-30 14:14:55,016 [    train.py:  220]:	Evaluate:
[INFO] 2022-09-30 14:14:55,016 [    train.py:  227]:	Loss 0.1970, ('Ner Loss', 0.015188661),  ('CLS Classification Loss', 0.18177031)
[INFO] 2022-09-30 14:14:55,016 [    train.py:  228]:	('Ner Acc', 0.99785876), ('CLS Classification Acc', 0.9771978)
[INFO] 2022-09-30 14:15:03,418 [    train.py:  237]:	Precision 0.587 Recall 0.567 F1 0.577
[INFO] 2022-09-30 14:15:27,736 [    train.py:  185]:	Epoch 91: 
[INFO] 2022-09-30 14:15:27,736 [    train.py:  186]:	Train:
[INFO] 2022-09-30 14:15:27,741 [    train.py:  198]:	Loss 0.0034, ('Ner Loss', 0.0006309673772193491),  ('CLS Classification Loss', 0.002792838029563427)
[INFO] 2022-09-30 14:15:27,742 [    train.py:  208]:	('Ner Acc', 0.9997369647026062),  ('CLS Classification Acc', 0.9991019368171692)
[INFO] 2022-09-30 14:15:30,092 [    train.py:  220]:	Evaluate:
[INFO] 2022-09-30 14:15:30,092 [    train.py:  227]:	Loss 0.1948, ('Ner Loss', 0.014930333),  ('CLS Classification Loss', 0.17987092)
[INFO] 2022-09-30 14:15:30,093 [    train.py:  228]:	('Ner Acc', 0.9977388), ('CLS Classification Acc', 0.97883445)
[INFO] 2022-09-30 14:15:38,855 [    train.py:  237]:	Precision 0.565 Recall 0.594 F1 0.579
[INFO] 2022-09-30 14:16:03,038 [    train.py:  185]:	Epoch 92: 
[INFO] 2022-09-30 14:16:03,039 [    train.py:  186]:	Train:
[INFO] 2022-09-30 14:16:03,044 [    train.py:  198]:	Loss 0.0022, ('Ner Loss', 0.0005447682342492044),  ('CLS Classification Loss', 0.001693814410828054)
[INFO] 2022-09-30 14:16:03,045 [    train.py:  208]:	('Ner Acc', 0.9997828602790833),  ('CLS Classification Acc', 0.9993941187858582)
[INFO] 2022-09-30 14:16:05,341 [    train.py:  220]:	Evaluate:
[INFO] 2022-09-30 14:16:05,342 [    train.py:  227]:	Loss 0.1981, ('Ner Loss', 0.015056461),  ('CLS Classification Loss', 0.18303259)
[INFO] 2022-09-30 14:16:05,342 [    train.py:  228]:	('Ner Acc', 0.99791515), ('CLS Classification Acc', 0.9793327)
[INFO] 2022-09-30 14:16:13,837 [    train.py:  237]:	Precision 0.622 Recall 0.574 F1 0.597
[INFO] 2022-09-30 14:16:38,118 [    train.py:  185]:	Epoch 93: 
[INFO] 2022-09-30 14:16:38,118 [    train.py:  186]:	Train:
[INFO] 2022-09-30 14:16:38,121 [    train.py:  198]:	Loss 0.0015, ('Ner Loss', 0.0004850726982112974),  ('CLS Classification Loss', 0.0009676946210674942)
[INFO] 2022-09-30 14:16:38,122 [    train.py:  208]:	('Ner Acc', 0.9997915625572205),  ('CLS Classification Acc', 0.9995941519737244)
[INFO] 2022-09-30 14:16:40,392 [    train.py:  220]:	Evaluate:
[INFO] 2022-09-30 14:16:40,392 [    train.py:  227]:	Loss 0.1963, ('Ner Loss', 0.015065872),  ('CLS Classification Loss', 0.18118633)
[INFO] 2022-09-30 14:16:40,392 [    train.py:  228]:	('Ner Acc', 0.9979192), ('CLS Classification Acc', 0.9796567)
[INFO] 2022-09-30 14:16:48,727 [    train.py:  237]:	Precision 0.637 Recall 0.552 F1 0.591
[INFO] 2022-09-30 14:17:13,020 [    train.py:  185]:	Epoch 94: 
[INFO] 2022-09-30 14:17:13,020 [    train.py:  186]:	Train:
[INFO] 2022-09-30 14:17:13,023 [    train.py:  198]:	Loss 0.0011, ('Ner Loss', 0.0004789683152921498),  ('CLS Classification Loss', 0.0006285306299105287)
[INFO] 2022-09-30 14:17:13,024 [    train.py:  208]:	('Ner Acc', 0.9997999668121338),  ('CLS Classification Acc', 0.9998214840888977)
[INFO] 2022-09-30 14:17:15,274 [    train.py:  220]:	Evaluate:
[INFO] 2022-09-30 14:17:15,275 [    train.py:  227]:	Loss 0.2220, ('Ner Loss', 0.016820872),  ('CLS Classification Loss', 0.20515415)
[INFO] 2022-09-30 14:17:15,275 [    train.py:  228]:	('Ner Acc', 0.99780315), ('CLS Classification Acc', 0.9792082)
[INFO] 2022-09-30 14:17:23,681 [    train.py:  237]:	Precision 0.612 Recall 0.568 F1 0.589
[INFO] 2022-09-30 14:17:48,158 [    train.py:  185]:	Epoch 95: 
[INFO] 2022-09-30 14:17:48,159 [    train.py:  186]:	Train:
[INFO] 2022-09-30 14:17:48,163 [    train.py:  198]:	Loss 0.0019, ('Ner Loss', 0.0004890840500593185),  ('CLS Classification Loss', 0.0014216945273801684)
[INFO] 2022-09-30 14:17:48,163 [    train.py:  208]:	('Ner Acc', 0.9997937679290771),  ('CLS Classification Acc', 0.9994480609893799)
[INFO] 2022-09-30 14:17:50,449 [    train.py:  220]:	Evaluate:
[INFO] 2022-09-30 14:17:50,449 [    train.py:  227]:	Loss 0.1989, ('Ner Loss', 0.016122108),  ('CLS Classification Loss', 0.18274342)
[INFO] 2022-09-30 14:17:50,449 [    train.py:  228]:	('Ner Acc', 0.99790484), ('CLS Classification Acc', 0.978797)
[INFO] 2022-09-30 14:17:59,548 [    train.py:  237]:	Precision 0.624 Recall 0.536 F1 0.576
[INFO] 2022-09-30 14:18:24,119 [    train.py:  185]:	Epoch 96: 
[INFO] 2022-09-30 14:18:24,119 [    train.py:  186]:	Train:
[INFO] 2022-09-30 14:18:24,122 [    train.py:  198]:	Loss 0.0027, ('Ner Loss', 0.0004988546133972704),  ('CLS Classification Loss', 0.002183739561587572)
[INFO] 2022-09-30 14:18:24,123 [    train.py:  208]:	('Ner Acc', 0.9997521042823792),  ('CLS Classification Acc', 0.9994481205940247)
[INFO] 2022-09-30 14:18:26,419 [    train.py:  220]:	Evaluate:
[INFO] 2022-09-30 14:18:26,419 [    train.py:  227]:	Loss 0.1870, ('Ner Loss', 0.016472394),  ('CLS Classification Loss', 0.17053404)
[INFO] 2022-09-30 14:18:26,419 [    train.py:  228]:	('Ner Acc', 0.99795854), ('CLS Classification Acc', 0.980072)
[INFO] 2022-09-30 14:18:35,240 [    train.py:  237]:	Precision 0.651 Recall 0.530 F1 0.584
[INFO] 2022-09-30 14:18:59,384 [    train.py:  185]:	Epoch 97: 
[INFO] 2022-09-30 14:18:59,384 [    train.py:  186]:	Train:
[INFO] 2022-09-30 14:18:59,389 [    train.py:  198]:	Loss 0.0016, ('Ner Loss', 0.00042752933222800493),  ('CLS Classification Loss', 0.0011855072807520628)
[INFO] 2022-09-30 14:18:59,390 [    train.py:  208]:	('Ner Acc', 0.9997950196266174),  ('CLS Classification Acc', 0.9995781183242798)
[INFO] 2022-09-30 14:19:01,660 [    train.py:  220]:	Evaluate:
[INFO] 2022-09-30 14:19:01,661 [    train.py:  227]:	Loss 0.1986, ('Ner Loss', 0.015993059),  ('CLS Classification Loss', 0.18262307)
[INFO] 2022-09-30 14:19:01,661 [    train.py:  228]:	('Ner Acc', 0.99795836), ('CLS Classification Acc', 0.98015517)
[INFO] 2022-09-30 14:19:10,179 [    train.py:  237]:	Precision 0.633 Recall 0.561 F1 0.595
[INFO] 2022-09-30 14:19:34,552 [    train.py:  185]:	Epoch 98: 
[INFO] 2022-09-30 14:19:34,553 [    train.py:  186]:	Train:
[INFO] 2022-09-30 14:19:34,556 [    train.py:  198]:	Loss 0.0013, ('Ner Loss', 0.00035851195571012795),  ('CLS Classification Loss', 0.000977356918156147)
[INFO] 2022-09-30 14:19:34,556 [    train.py:  208]:	('Ner Acc', 0.9998384714126587),  ('CLS Classification Acc', 0.9996753334999084)
[INFO] 2022-09-30 14:19:36,914 [    train.py:  220]:	Evaluate:
[INFO] 2022-09-30 14:19:36,914 [    train.py:  227]:	Loss 0.2018, ('Ner Loss', 0.016302597),  ('CLS Classification Loss', 0.18545547)
[INFO] 2022-09-30 14:19:36,915 [    train.py:  228]:	('Ner Acc', 0.9979489), ('CLS Classification Acc', 0.9788967)
[INFO] 2022-09-30 14:19:45,329 [    train.py:  237]:	Precision 0.632 Recall 0.559 F1 0.593
[INFO] 2022-09-30 14:20:09,664 [    train.py:  185]:	Epoch 99: 
[INFO] 2022-09-30 14:20:09,664 [    train.py:  186]:	Train:
[INFO] 2022-09-30 14:20:09,667 [    train.py:  198]:	Loss 0.0010, ('Ner Loss', 0.0002809831639751792),  ('CLS Classification Loss', 0.0007163936388678849)
[INFO] 2022-09-30 14:20:09,668 [    train.py:  208]:	('Ner Acc', 0.9998613595962524),  ('CLS Classification Acc', 0.9998215436935425)
[INFO] 2022-09-30 14:20:11,990 [    train.py:  220]:	Evaluate:
[INFO] 2022-09-30 14:20:11,991 [    train.py:  227]:	Loss 0.2098, ('Ner Loss', 0.016938493),  ('CLS Classification Loss', 0.19286896)
[INFO] 2022-09-30 14:20:11,991 [    train.py:  228]:	('Ner Acc', 0.99793386), ('CLS Classification Acc', 0.9796567)
[INFO] 2022-09-30 14:20:20,526 [    train.py:  237]:	Precision 0.617 Recall 0.567 F1 0.591
[INFO] 2022-09-30 14:20:44,722 [    train.py:  185]:	Epoch 100: 
[INFO] 2022-09-30 14:20:44,722 [    train.py:  186]:	Train:
[INFO] 2022-09-30 14:20:44,728 [    train.py:  198]:	Loss 0.0006, ('Ner Loss', 0.00022309664927888662),  ('CLS Classification Loss', 0.0003270859888289124)
[INFO] 2022-09-30 14:20:44,728 [    train.py:  208]:	('Ner Acc', 0.9999055862426758),  ('CLS Classification Acc', 0.9998865127563477)
[INFO] 2022-09-30 14:20:47,027 [    train.py:  220]:	Evaluate:
[INFO] 2022-09-30 14:20:47,028 [    train.py:  227]:	Loss 0.2218, ('Ner Loss', 0.01731485),  ('CLS Classification Loss', 0.20443659)
[INFO] 2022-09-30 14:20:47,028 [    train.py:  228]:	('Ner Acc', 0.9978159), ('CLS Classification Acc', 0.9789257)
[INFO] 2022-09-30 14:20:55,275 [    train.py:  237]:	Precision 0.611 Recall 0.553 F1 0.581
[INFO] 2022-09-30 14:20:55,275 [    train.py:  257]:	Best Epoch 92; Best f1 0.597213809812235 precision 0.6224747474747475 recall 0.5739231664726426;
