[INFO] 2022-09-11 18:38:03,280 [    train.py:  505]:	Namespace(block_att_head_num=1, cased=True, d_block=256, data_aug=2, dataset='res15', do_test=True, do_train=True, do_valid=True, drop_null_data=True, dropout_rate=0.1, epochs=100, extra_attention=True, fuse_strategy='update', init_model_dir='', language='en', loss_ratio=1.0, lr=2e-05, mask_sb=True, model_type='end_to_end', output_dir='./output', save_dir='', task_name='ttee_res15_100epoch_256d_2aug_2e-5lr_cased_0.1dropout_dropnull_1loss', test_batch_size=32, train_batch_size=16, valid_freq=1)
[INFO] 2022-09-11 18:38:15,126 [    train.py:  118]:	{'init_bert_model': 'bert-base-cased', 'sentence_b': DictWrapper({'texts': ListWrapper(['general of ambience', 'price of drinks', 'quality of drinks', 'style options of drinks', 'prices of food', 'quality of food', 'style options of food', 'general of location', 'general of restaurant', 'miscellaneous of restaurant', 'prices of restaurant', 'general of service']), 'sentiments': ListWrapper(['negative', 'neutral', 'positive'])}), 'num_sentiment_classes': 3, 'subblock_hidden_size': 256, 'subblock_head_num': 1, 'cache_dir': 'bert_models/bert-base-cased', 'fuse_strategy': 'update', 'extra_attention': True, 'dropout': 0.1, 'loss_ratio': 1.0}
[INFO] 2022-09-11 18:38:15,126 [    train.py:  120]:	Number of Train Sentence: 1120
[INFO] 2022-09-11 18:38:15,136 [    train.py:  522]:	Data augment: Merge 2 train data together
[INFO] 2022-09-11 18:39:27,783 [    train.py:  184]:	Epoch 1: 
[INFO] 2022-09-11 18:39:27,783 [    train.py:  185]:	Train:
[INFO] 2022-09-11 18:39:27,789 [    train.py:  197]:	Loss 0.3111, ('Ner Loss', 0.07179218530654907),  ('CLS Classification Loss', 0.23927615582942963)
[INFO] 2022-09-11 18:39:27,789 [    train.py:  207]:	('Ner Acc', 0.9836636185646057),  ('CLS Classification Acc', 0.9250868558883667)
[INFO] 2022-09-11 18:39:33,060 [    train.py:  219]:	Evaluate:
[INFO] 2022-09-11 18:39:33,061 [    train.py:  226]:	Loss 0.2029, ('Ner Loss', 0.057967775),  ('CLS Classification Loss', 0.14490311)
[INFO] 2022-09-11 18:39:33,061 [    train.py:  227]:	('Ner Acc', 0.98785543), ('CLS Classification Acc', 0.962567)
[INFO] 2022-09-11 18:39:49,297 [    train.py:  236]:	Precision 0.000 Recall 0.000 F1 0.000
[INFO] 2022-09-11 18:40:30,070 [    train.py:  184]:	Epoch 2: 
[INFO] 2022-09-11 18:40:30,071 [    train.py:  185]:	Train:
[INFO] 2022-09-11 18:40:30,075 [    train.py:  197]:	Loss 0.2124, ('Ner Loss', 0.028464671224355698),  ('CLS Classification Loss', 0.18389904499053955)
[INFO] 2022-09-11 18:40:30,075 [    train.py:  207]:	('Ner Acc', 0.996189534664154),  ('CLS Classification Acc', 0.9369670152664185)
[INFO] 2022-09-11 18:40:32,363 [    train.py:  219]:	Evaluate:
[INFO] 2022-09-11 18:40:32,363 [    train.py:  226]:	Loss 0.1589, ('Ner Loss', 0.021542108),  ('CLS Classification Loss', 0.13733236)
[INFO] 2022-09-11 18:40:32,363 [    train.py:  227]:	('Ner Acc', 0.99689984), ('CLS Classification Acc', 0.9626126)
[INFO] 2022-09-11 18:40:45,309 [    train.py:  236]:	Precision 0.333 Recall 0.001 F1 0.002
[INFO] 2022-09-11 18:41:26,006 [    train.py:  184]:	Epoch 3: 
[INFO] 2022-09-11 18:41:26,007 [    train.py:  185]:	Train:
[INFO] 2022-09-11 18:41:26,016 [    train.py:  197]:	Loss 0.1954, ('Ner Loss', 0.026212794706225395),  ('CLS Classification Loss', 0.16916795074939728)
[INFO] 2022-09-11 18:41:26,016 [    train.py:  207]:	('Ner Acc', 0.9961825609207153),  ('CLS Classification Acc', 0.9405255913734436)
[INFO] 2022-09-11 18:41:28,356 [    train.py:  219]:	Evaluate:
[INFO] 2022-09-11 18:41:28,357 [    train.py:  226]:	Loss 0.1478, ('Ner Loss', 0.020197367),  ('CLS Classification Loss', 0.12757777)
[INFO] 2022-09-11 18:41:28,357 [    train.py:  227]:	('Ner Acc', 0.99685127), ('CLS Classification Acc', 0.9632523)
[INFO] 2022-09-11 18:41:42,056 [    train.py:  236]:	Precision 0.074 Recall 0.005 F1 0.009
[INFO] 2022-09-11 18:42:22,937 [    train.py:  184]:	Epoch 4: 
[INFO] 2022-09-11 18:42:22,938 [    train.py:  185]:	Train:
[INFO] 2022-09-11 18:42:22,944 [    train.py:  197]:	Loss 0.1844, ('Ner Loss', 0.024434497579932213),  ('CLS Classification Loss', 0.15997835993766785)
[INFO] 2022-09-11 18:42:22,945 [    train.py:  207]:	('Ner Acc', 0.9961714744567871),  ('CLS Classification Acc', 0.9428200721740723)
[INFO] 2022-09-11 18:42:25,217 [    train.py:  219]:	Evaluate:
[INFO] 2022-09-11 18:42:25,218 [    train.py:  226]:	Loss 0.1379, ('Ner Loss', 0.01883051),  ('CLS Classification Loss', 0.11901991)
[INFO] 2022-09-11 18:42:25,218 [    train.py:  227]:	('Ner Acc', 0.99689984), ('CLS Classification Acc', 0.96302384)
[INFO] 2022-09-11 18:42:38,274 [    train.py:  236]:	Precision 0.087 Recall 0.005 F1 0.009
[INFO] 2022-09-11 18:43:19,158 [    train.py:  184]:	Epoch 5: 
[INFO] 2022-09-11 18:43:19,158 [    train.py:  185]:	Train:
[INFO] 2022-09-11 18:43:19,161 [    train.py:  197]:	Loss 0.1717, ('Ner Loss', 0.02268356829881668),  ('CLS Classification Loss', 0.14904671907424927)
[INFO] 2022-09-11 18:43:19,161 [    train.py:  207]:	('Ner Acc', 0.9961569905281067),  ('CLS Classification Acc', 0.9443451762199402)
[INFO] 2022-09-11 18:43:21,476 [    train.py:  219]:	Evaluate:
[INFO] 2022-09-11 18:43:21,477 [    train.py:  226]:	Loss 0.1385, ('Ner Loss', 0.017471218),  ('CLS Classification Loss', 0.12101437)
[INFO] 2022-09-11 18:43:21,477 [    train.py:  227]:	('Ner Acc', 0.99689984), ('CLS Classification Acc', 0.9633437)
[INFO] 2022-09-11 18:43:34,645 [    train.py:  236]:	Precision 0.103 Recall 0.005 F1 0.009
[INFO] 2022-09-11 18:44:15,787 [    train.py:  184]:	Epoch 6: 
[INFO] 2022-09-11 18:44:15,788 [    train.py:  185]:	Train:
[INFO] 2022-09-11 18:44:15,791 [    train.py:  197]:	Loss 0.1612, ('Ner Loss', 0.01984422467648983),  ('CLS Classification Loss', 0.14138491451740265)
[INFO] 2022-09-11 18:44:15,791 [    train.py:  207]:	('Ner Acc', 0.9961233735084534),  ('CLS Classification Acc', 0.9466394782066345)
[INFO] 2022-09-11 18:44:18,079 [    train.py:  219]:	Evaluate:
[INFO] 2022-09-11 18:44:18,079 [    train.py:  226]:	Loss 0.1318, ('Ner Loss', 0.016148578),  ('CLS Classification Loss', 0.11561829)
[INFO] 2022-09-11 18:44:18,080 [    train.py:  227]:	('Ner Acc', 0.9968941), ('CLS Classification Acc', 0.9652626)
[INFO] 2022-09-11 18:44:30,939 [    train.py:  236]:	Precision 0.087 Recall 0.013 F1 0.023
[INFO] 2022-09-11 18:45:11,899 [    train.py:  184]:	Epoch 7: 
[INFO] 2022-09-11 18:45:11,900 [    train.py:  185]:	Train:
[INFO] 2022-09-11 18:45:11,907 [    train.py:  197]:	Loss 0.1525, ('Ner Loss', 0.01815863698720932),  ('CLS Classification Loss', 0.13433218002319336)
[INFO] 2022-09-11 18:45:11,907 [    train.py:  207]:	('Ner Acc', 0.9960728287696838),  ('CLS Classification Acc', 0.9480655193328857)
[INFO] 2022-09-11 18:45:14,199 [    train.py:  219]:	Evaluate:
[INFO] 2022-09-11 18:45:14,199 [    train.py:  226]:	Loss 0.1272, ('Ner Loss', 0.014974285),  ('CLS Classification Loss', 0.112223975)
[INFO] 2022-09-11 18:45:14,200 [    train.py:  227]:	('Ner Acc', 0.996922), ('CLS Classification Acc', 0.9667245)
[INFO] 2022-09-11 18:45:27,047 [    train.py:  236]:	Precision 0.136 Recall 0.028 F1 0.047
[INFO] 2022-09-11 18:46:08,062 [    train.py:  184]:	Epoch 8: 
[INFO] 2022-09-11 18:46:08,062 [    train.py:  185]:	Train:
[INFO] 2022-09-11 18:46:08,067 [    train.py:  197]:	Loss 0.1418, ('Ner Loss', 0.017014317214488983),  ('CLS Classification Loss', 0.12482670694589615)
[INFO] 2022-09-11 18:46:08,068 [    train.py:  207]:	('Ner Acc', 0.9960342645645142),  ('CLS Classification Acc', 0.9514879584312439)
[INFO] 2022-09-11 18:46:10,344 [    train.py:  219]:	Evaluate:
[INFO] 2022-09-11 18:46:10,345 [    train.py:  226]:	Loss 0.1213, ('Ner Loss', 0.014278923),  ('CLS Classification Loss', 0.10703826)
[INFO] 2022-09-11 18:46:10,345 [    train.py:  227]:	('Ner Acc', 0.99697316), ('CLS Classification Acc', 0.96744037)
[INFO] 2022-09-11 18:46:23,148 [    train.py:  236]:	Precision 0.146 Recall 0.045 F1 0.069
[INFO] 2022-09-11 18:47:03,971 [    train.py:  184]:	Epoch 9: 
[INFO] 2022-09-11 18:47:03,971 [    train.py:  185]:	Train:
[INFO] 2022-09-11 18:47:03,977 [    train.py:  197]:	Loss 0.1296, ('Ner Loss', 0.014901881106197834),  ('CLS Classification Loss', 0.11465577781200409)
[INFO] 2022-09-11 18:47:03,977 [    train.py:  207]:	('Ner Acc', 0.9961725473403931),  ('CLS Classification Acc', 0.9548362493515015)
[INFO] 2022-09-11 18:47:06,270 [    train.py:  219]:	Evaluate:
[INFO] 2022-09-11 18:47:06,270 [    train.py:  226]:	Loss 0.1232, ('Ner Loss', 0.012988779),  ('CLS Classification Loss', 0.11020138)
[INFO] 2022-09-11 18:47:06,271 [    train.py:  227]:	('Ner Acc', 0.99718094), ('CLS Classification Acc', 0.96762305)
[INFO] 2022-09-11 18:47:19,311 [    train.py:  236]:	Precision 0.332 Recall 0.096 F1 0.149
[INFO] 2022-09-11 18:48:00,162 [    train.py:  184]:	Epoch 10: 
[INFO] 2022-09-11 18:48:00,162 [    train.py:  185]:	Train:
[INFO] 2022-09-11 18:48:00,165 [    train.py:  197]:	Loss 0.1222, ('Ner Loss', 0.013363945297896862),  ('CLS Classification Loss', 0.1088579073548317)
[INFO] 2022-09-11 18:48:00,165 [    train.py:  207]:	('Ner Acc', 0.9963271021842957),  ('CLS Classification Acc', 0.957614004611969)
[INFO] 2022-09-11 18:48:02,470 [    train.py:  219]:	Evaluate:
[INFO] 2022-09-11 18:48:02,470 [    train.py:  226]:	Loss 0.1184, ('Ner Loss', 0.012909202),  ('CLS Classification Loss', 0.10553688)
[INFO] 2022-09-11 18:48:02,470 [    train.py:  227]:	('Ner Acc', 0.9972581), ('CLS Classification Acc', 0.96858245)
[INFO] 2022-09-11 18:48:15,428 [    train.py:  236]:	Precision 0.351 Recall 0.146 F1 0.206
[INFO] 2022-09-11 18:48:56,336 [    train.py:  184]:	Epoch 11: 
[INFO] 2022-09-11 18:48:56,337 [    train.py:  185]:	Train:
[INFO] 2022-09-11 18:48:56,342 [    train.py:  197]:	Loss 0.1074, ('Ner Loss', 0.012008322402834892),  ('CLS Classification Loss', 0.09541712701320648)
[INFO] 2022-09-11 18:48:56,342 [    train.py:  207]:	('Ner Acc', 0.9965871572494507),  ('CLS Classification Acc', 0.9620411396026611)
[INFO] 2022-09-11 18:48:58,642 [    train.py:  219]:	Evaluate:
[INFO] 2022-09-11 18:48:58,643 [    train.py:  226]:	Loss 0.1178, ('Ner Loss', 0.012074318),  ('CLS Classification Loss', 0.10571179)
[INFO] 2022-09-11 18:48:58,643 [    train.py:  227]:	('Ner Acc', 0.99726146), ('CLS Classification Acc', 0.9697703)
[INFO] 2022-09-11 18:49:11,605 [    train.py:  236]:	Precision 0.363 Recall 0.193 F1 0.252
[INFO] 2022-09-11 18:49:52,808 [    train.py:  184]:	Epoch 12: 
[INFO] 2022-09-11 18:49:52,809 [    train.py:  185]:	Train:
[INFO] 2022-09-11 18:49:52,811 [    train.py:  197]:	Loss 0.0972, ('Ner Loss', 0.011160316877067089),  ('CLS Classification Loss', 0.08603911846876144)
[INFO] 2022-09-11 18:49:52,811 [    train.py:  207]:	('Ner Acc', 0.996699333190918),  ('CLS Classification Acc', 0.9659724831581116)
[INFO] 2022-09-11 18:49:55,108 [    train.py:  219]:	Evaluate:
[INFO] 2022-09-11 18:49:55,108 [    train.py:  226]:	Loss 0.1304, ('Ner Loss', 0.012424416),  ('CLS Classification Loss', 0.117972046)
[INFO] 2022-09-11 18:49:55,109 [    train.py:  227]:	('Ner Acc', 0.9972141), ('CLS Classification Acc', 0.9700445)
[INFO] 2022-09-11 18:50:08,178 [    train.py:  236]:	Precision 0.317 Recall 0.109 F1 0.162
[INFO] 2022-09-11 18:50:49,049 [    train.py:  184]:	Epoch 13: 
[INFO] 2022-09-11 18:50:49,049 [    train.py:  185]:	Train:
[INFO] 2022-09-11 18:50:49,055 [    train.py:  197]:	Loss 0.0864, ('Ner Loss', 0.010095159523189068),  ('CLS Classification Loss', 0.07634519785642624)
[INFO] 2022-09-11 18:50:49,055 [    train.py:  207]:	('Ner Acc', 0.9968940615653992),  ('CLS Classification Acc', 0.9701264500617981)
[INFO] 2022-09-11 18:50:51,344 [    train.py:  219]:	Evaluate:
[INFO] 2022-09-11 18:50:51,345 [    train.py:  226]:	Loss 0.1260, ('Ner Loss', 0.011800855),  ('CLS Classification Loss', 0.11424352)
[INFO] 2022-09-11 18:50:51,345 [    train.py:  227]:	('Ner Acc', 0.997374), ('CLS Classification Acc', 0.96992254)
[INFO] 2022-09-11 18:51:04,374 [    train.py:  236]:	Precision 0.375 Recall 0.282 F1 0.322
[INFO] 2022-09-11 18:51:45,366 [    train.py:  184]:	Epoch 14: 
[INFO] 2022-09-11 18:51:45,367 [    train.py:  185]:	Train:
[INFO] 2022-09-11 18:51:45,371 [    train.py:  197]:	Loss 0.0779, ('Ner Loss', 0.009441841393709183),  ('CLS Classification Loss', 0.06845752894878387)
[INFO] 2022-09-11 18:51:45,371 [    train.py:  207]:	('Ner Acc', 0.9970052242279053),  ('CLS Classification Acc', 0.9726315140724182)
[INFO] 2022-09-11 18:51:47,664 [    train.py:  219]:	Evaluate:
[INFO] 2022-09-11 18:51:47,664 [    train.py:  226]:	Loss 0.1318, ('Ner Loss', 0.011735307),  ('CLS Classification Loss', 0.12010879)
[INFO] 2022-09-11 18:51:47,665 [    train.py:  227]:	('Ner Acc', 0.9972949), ('CLS Classification Acc', 0.9718872)
[INFO] 2022-09-11 18:52:00,648 [    train.py:  236]:	Precision 0.384 Recall 0.262 F1 0.311
[INFO] 2022-09-11 18:52:41,646 [    train.py:  184]:	Epoch 15: 
[INFO] 2022-09-11 18:52:41,646 [    train.py:  185]:	Train:
[INFO] 2022-09-11 18:52:41,649 [    train.py:  197]:	Loss 0.0703, ('Ner Loss', 0.008733388036489487),  ('CLS Classification Loss', 0.061604294925928116)
[INFO] 2022-09-11 18:52:41,649 [    train.py:  207]:	('Ner Acc', 0.9972109198570251),  ('CLS Classification Acc', 0.9755329489707947)
[INFO] 2022-09-11 18:52:43,971 [    train.py:  219]:	Evaluate:
[INFO] 2022-09-11 18:52:43,971 [    train.py:  226]:	Loss 0.1358, ('Ner Loss', 0.013030104),  ('CLS Classification Loss', 0.122798845)
[INFO] 2022-09-11 18:52:43,971 [    train.py:  227]:	('Ner Acc', 0.9974387), ('CLS Classification Acc', 0.9732426)
[INFO] 2022-09-11 18:52:56,850 [    train.py:  236]:	Precision 0.428 Recall 0.285 F1 0.342
[INFO] 2022-09-11 18:53:37,664 [    train.py:  184]:	Epoch 16: 
[INFO] 2022-09-11 18:53:37,664 [    train.py:  185]:	Train:
[INFO] 2022-09-11 18:53:37,668 [    train.py:  197]:	Loss 0.0658, ('Ner Loss', 0.008092831820249557),  ('CLS Classification Loss', 0.05768748000264168)
[INFO] 2022-09-11 18:53:37,668 [    train.py:  207]:	('Ner Acc', 0.9973762631416321),  ('CLS Classification Acc', 0.9768602848052979)
[INFO] 2022-09-11 18:53:39,924 [    train.py:  219]:	Evaluate:
[INFO] 2022-09-11 18:53:39,925 [    train.py:  226]:	Loss 0.1398, ('Ner Loss', 0.0138855325),  ('CLS Classification Loss', 0.12593389)
[INFO] 2022-09-11 18:53:39,925 [    train.py:  227]:	('Ner Acc', 0.9972212), ('CLS Classification Acc', 0.97152156)
[INFO] 2022-09-11 18:53:53,038 [    train.py:  236]:	Precision 0.383 Recall 0.361 F1 0.371
[INFO] 2022-09-11 18:54:33,779 [    train.py:  184]:	Epoch 17: 
[INFO] 2022-09-11 18:54:33,779 [    train.py:  185]:	Train:
[INFO] 2022-09-11 18:54:33,785 [    train.py:  197]:	Loss 0.0574, ('Ner Loss', 0.007469936739653349),  ('CLS Classification Loss', 0.049887653440237045)
[INFO] 2022-09-11 18:54:33,785 [    train.py:  207]:	('Ner Acc', 0.9974903464317322),  ('CLS Classification Acc', 0.980072021484375)
[INFO] 2022-09-11 18:54:36,079 [    train.py:  219]:	Evaluate:
[INFO] 2022-09-11 18:54:36,079 [    train.py:  226]:	Loss 0.1355, ('Ner Loss', 0.012272697),  ('CLS Classification Loss', 0.12326676)
[INFO] 2022-09-11 18:54:36,080 [    train.py:  227]:	('Ner Acc', 0.9974773), ('CLS Classification Acc', 0.9725421)
[INFO] 2022-09-11 18:54:48,919 [    train.py:  236]:	Precision 0.448 Recall 0.338 F1 0.386
[INFO] 2022-09-11 18:55:29,731 [    train.py:  184]:	Epoch 18: 
[INFO] 2022-09-11 18:55:29,732 [    train.py:  185]:	Train:
[INFO] 2022-09-11 18:55:29,736 [    train.py:  197]:	Loss 0.0536, ('Ner Loss', 0.006883144844323397),  ('CLS Classification Loss', 0.046692486852407455)
[INFO] 2022-09-11 18:55:29,736 [    train.py:  207]:	('Ner Acc', 0.9976527690887451),  ('CLS Classification Acc', 0.9810889363288879)
[INFO] 2022-09-11 18:55:32,006 [    train.py:  219]:	Evaluate:
[INFO] 2022-09-11 18:55:32,006 [    train.py:  226]:	Loss 0.1442, ('Ner Loss', 0.012392121),  ('CLS Classification Loss', 0.13181977)
[INFO] 2022-09-11 18:55:32,007 [    train.py:  227]:	('Ner Acc', 0.99744755), ('CLS Classification Acc', 0.972207)
[INFO] 2022-09-11 18:55:45,180 [    train.py:  236]:	Precision 0.420 Recall 0.351 F1 0.383
[INFO] 2022-09-11 18:56:25,990 [    train.py:  184]:	Epoch 19: 
[INFO] 2022-09-11 18:56:25,991 [    train.py:  185]:	Train:
[INFO] 2022-09-11 18:56:25,993 [    train.py:  197]:	Loss 0.0454, ('Ner Loss', 0.006355233956128359),  ('CLS Classification Loss', 0.03901577368378639)
[INFO] 2022-09-11 18:56:25,993 [    train.py:  207]:	('Ner Acc', 0.9978094100952148),  ('CLS Classification Acc', 0.9844865798950195)
[INFO] 2022-09-11 18:56:28,259 [    train.py:  219]:	Evaluate:
[INFO] 2022-09-11 18:56:28,259 [    train.py:  226]:	Loss 0.1490, ('Ner Loss', 0.014203418),  ('CLS Classification Loss', 0.13474834)
[INFO] 2022-09-11 18:56:28,260 [    train.py:  227]:	('Ner Acc', 0.99749565), ('CLS Classification Acc', 0.9747806)
[INFO] 2022-09-11 18:56:41,273 [    train.py:  236]:	Precision 0.466 Recall 0.363 F1 0.408
[INFO] 2022-09-11 18:57:21,777 [    train.py:  184]:	Epoch 20: 
[INFO] 2022-09-11 18:57:21,778 [    train.py:  185]:	Train:
[INFO] 2022-09-11 18:57:21,781 [    train.py:  197]:	Loss 0.0394, ('Ner Loss', 0.005876215174794197),  ('CLS Classification Loss', 0.033476125448942184)
[INFO] 2022-09-11 18:57:21,781 [    train.py:  207]:	('Ner Acc', 0.9979472756385803),  ('CLS Classification Acc', 0.9863713979721069)
[INFO] 2022-09-11 18:57:24,071 [    train.py:  219]:	Evaluate:
[INFO] 2022-09-11 18:57:24,072 [    train.py:  226]:	Loss 0.1616, ('Ner Loss', 0.013479404),  ('CLS Classification Loss', 0.14810604)
[INFO] 2022-09-11 18:57:24,072 [    train.py:  227]:	('Ner Acc', 0.99747247), ('CLS Classification Acc', 0.9749025)
[INFO] 2022-09-11 18:57:37,769 [    train.py:  236]:	Precision 0.455 Recall 0.406 F1 0.429
[INFO] 2022-09-11 18:58:18,558 [    train.py:  184]:	Epoch 21: 
[INFO] 2022-09-11 18:58:18,559 [    train.py:  185]:	Train:
[INFO] 2022-09-11 18:58:18,564 [    train.py:  197]:	Loss 0.0352, ('Ner Loss', 0.005303046200424433),  ('CLS Classification Loss', 0.029877502471208572)
[INFO] 2022-09-11 18:58:18,564 [    train.py:  207]:	('Ner Acc', 0.99810791015625),  ('CLS Classification Acc', 0.9880577921867371)
[INFO] 2022-09-11 18:58:20,870 [    train.py:  219]:	Evaluate:
[INFO] 2022-09-11 18:58:20,871 [    train.py:  226]:	Loss 0.1624, ('Ner Loss', 0.015072132),  ('CLS Classification Loss', 0.14731526)
[INFO] 2022-09-11 18:58:20,871 [    train.py:  227]:	('Ner Acc', 0.9974888), ('CLS Classification Acc', 0.9743085)
[INFO] 2022-09-11 18:58:33,812 [    train.py:  236]:	Precision 0.466 Recall 0.394 F1 0.427
[INFO] 2022-09-11 18:59:14,592 [    train.py:  184]:	Epoch 22: 
[INFO] 2022-09-11 18:59:14,593 [    train.py:  185]:	Train:
[INFO] 2022-09-11 18:59:14,596 [    train.py:  197]:	Loss 0.0340, ('Ner Loss', 0.004940079990774393),  ('CLS Classification Loss', 0.02905181795358658)
[INFO] 2022-09-11 18:59:14,596 [    train.py:  207]:	('Ner Acc', 0.9982115626335144),  ('CLS Classification Acc', 0.9885415434837341)
[INFO] 2022-09-11 18:59:16,877 [    train.py:  219]:	Evaluate:
[INFO] 2022-09-11 18:59:16,878 [    train.py:  226]:	Loss 0.1776, ('Ner Loss', 0.015860666),  ('CLS Classification Loss', 0.1617651)
[INFO] 2022-09-11 18:59:16,878 [    train.py:  227]:	('Ner Acc', 0.9973269), ('CLS Classification Acc', 0.9733796)
[INFO] 2022-09-11 18:59:29,672 [    train.py:  236]:	Precision 0.422 Recall 0.383 F1 0.402
[INFO] 2022-09-11 19:00:10,609 [    train.py:  184]:	Epoch 23: 
[INFO] 2022-09-11 19:00:10,609 [    train.py:  185]:	Train:
[INFO] 2022-09-11 19:00:10,615 [    train.py:  197]:	Loss 0.0290, ('Ner Loss', 0.004576321691274643),  ('CLS Classification Loss', 0.0244158823043108)
[INFO] 2022-09-11 19:00:10,616 [    train.py:  207]:	('Ner Acc', 0.998256266117096),  ('CLS Classification Acc', 0.9904884099960327)
[INFO] 2022-09-11 19:00:12,925 [    train.py:  219]:	Evaluate:
[INFO] 2022-09-11 19:00:12,925 [    train.py:  226]:	Loss 0.1547, ('Ner Loss', 0.014143029),  ('CLS Classification Loss', 0.14055097)
[INFO] 2022-09-11 19:00:12,925 [    train.py:  227]:	('Ner Acc', 0.997484), ('CLS Classification Acc', 0.9744914)
[INFO] 2022-09-11 19:00:25,784 [    train.py:  236]:	Precision 0.469 Recall 0.401 F1 0.432
[INFO] 2022-09-11 19:01:06,579 [    train.py:  184]:	Epoch 24: 
[INFO] 2022-09-11 19:01:06,579 [    train.py:  185]:	Train:
[INFO] 2022-09-11 19:01:06,582 [    train.py:  197]:	Loss 0.0265, ('Ner Loss', 0.004349942784756422),  ('CLS Classification Loss', 0.022178061306476593)
[INFO] 2022-09-11 19:01:06,583 [    train.py:  207]:	('Ner Acc', 0.998378336429596),  ('CLS Classification Acc', 0.9912201166152954)
[INFO] 2022-09-11 19:01:08,887 [    train.py:  219]:	Evaluate:
[INFO] 2022-09-11 19:01:08,887 [    train.py:  226]:	Loss 0.1859, ('Ner Loss', 0.016193876),  ('CLS Classification Loss', 0.16969942)
[INFO] 2022-09-11 19:01:08,887 [    train.py:  227]:	('Ner Acc', 0.99757075), ('CLS Classification Acc', 0.97424775)
[INFO] 2022-09-11 19:01:21,770 [    train.py:  236]:	Precision 0.491 Recall 0.368 F1 0.421
[INFO] 2022-09-11 19:02:02,784 [    train.py:  184]:	Epoch 25: 
[INFO] 2022-09-11 19:02:02,784 [    train.py:  185]:	Train:
[INFO] 2022-09-11 19:02:02,788 [    train.py:  197]:	Loss 0.0229, ('Ner Loss', 0.0038355933502316475),  ('CLS Classification Loss', 0.019097311422228813)
[INFO] 2022-09-11 19:02:02,788 [    train.py:  207]:	('Ner Acc', 0.9985532760620117),  ('CLS Classification Acc', 0.9926956295967102)
[INFO] 2022-09-11 19:02:05,087 [    train.py:  219]:	Evaluate:
[INFO] 2022-09-11 19:02:05,088 [    train.py:  226]:	Loss 0.1905, ('Ner Loss', 0.01815099),  ('CLS Classification Loss', 0.17236528)
[INFO] 2022-09-11 19:02:05,088 [    train.py:  227]:	('Ner Acc', 0.9972091), ('CLS Classification Acc', 0.97179586)
[INFO] 2022-09-11 19:02:17,808 [    train.py:  236]:	Precision 0.391 Recall 0.440 F1 0.414
[INFO] 2022-09-11 19:02:58,491 [    train.py:  184]:	Epoch 26: 
[INFO] 2022-09-11 19:02:58,491 [    train.py:  185]:	Train:
[INFO] 2022-09-11 19:02:58,495 [    train.py:  197]:	Loss 0.0206, ('Ner Loss', 0.003493017517030239),  ('CLS Classification Loss', 0.017142871394753456)
[INFO] 2022-09-11 19:02:58,495 [    train.py:  207]:	('Ner Acc', 0.9986526370048523),  ('CLS Classification Acc', 0.9934521317481995)
[INFO] 2022-09-11 19:03:00,786 [    train.py:  219]:	Evaluate:
[INFO] 2022-09-11 19:03:00,786 [    train.py:  226]:	Loss 0.1750, ('Ner Loss', 0.01724539),  ('CLS Classification Loss', 0.1577474)
[INFO] 2022-09-11 19:03:00,786 [    train.py:  227]:	('Ner Acc', 0.9974386), ('CLS Classification Acc', 0.9739735)
[INFO] 2022-09-11 19:03:13,655 [    train.py:  236]:	Precision 0.434 Recall 0.392 F1 0.412
[INFO] 2022-09-11 19:03:54,545 [    train.py:  184]:	Epoch 27: 
[INFO] 2022-09-11 19:03:54,545 [    train.py:  185]:	Train:
[INFO] 2022-09-11 19:03:54,548 [    train.py:  197]:	Loss 0.0170, ('Ner Loss', 0.00320353708229959),  ('CLS Classification Loss', 0.013812804594635963)
[INFO] 2022-09-11 19:03:54,548 [    train.py:  207]:	('Ner Acc', 0.9987959861755371),  ('CLS Classification Acc', 0.995051920413971)
[INFO] 2022-09-11 19:03:56,837 [    train.py:  219]:	Evaluate:
[INFO] 2022-09-11 19:03:56,838 [    train.py:  226]:	Loss 0.1975, ('Ner Loss', 0.017481467),  ('CLS Classification Loss', 0.17999248)
[INFO] 2022-09-11 19:03:56,838 [    train.py:  227]:	('Ner Acc', 0.99745953), ('CLS Classification Acc', 0.97315127)
[INFO] 2022-09-11 19:04:09,627 [    train.py:  236]:	Precision 0.441 Recall 0.369 F1 0.402
[INFO] 2022-09-11 19:04:50,318 [    train.py:  184]:	Epoch 28: 
[INFO] 2022-09-11 19:04:50,319 [    train.py:  185]:	Train:
[INFO] 2022-09-11 19:04:50,323 [    train.py:  197]:	Loss 0.0165, ('Ner Loss', 0.002983788028359413),  ('CLS Classification Loss', 0.0134692108258605)
[INFO] 2022-09-11 19:04:50,323 [    train.py:  207]:	('Ner Acc', 0.9988541603088379),  ('CLS Classification Acc', 0.9947416186332703)
[INFO] 2022-09-11 19:04:52,600 [    train.py:  219]:	Evaluate:
[INFO] 2022-09-11 19:04:52,601 [    train.py:  226]:	Loss 0.1802, ('Ner Loss', 0.016732568),  ('CLS Classification Loss', 0.16347452)
[INFO] 2022-09-11 19:04:52,601 [    train.py:  227]:	('Ner Acc', 0.99754703), ('CLS Classification Acc', 0.9746283)
[INFO] 2022-09-11 19:05:05,460 [    train.py:  236]:	Precision 0.468 Recall 0.421 F1 0.444
[INFO] 2022-09-11 19:05:46,330 [    train.py:  184]:	Epoch 29: 
[INFO] 2022-09-11 19:05:46,330 [    train.py:  185]:	Train:
[INFO] 2022-09-11 19:05:46,333 [    train.py:  197]:	Loss 0.0151, ('Ner Loss', 0.002788580022752285),  ('CLS Classification Loss', 0.012270020321011543)
[INFO] 2022-09-11 19:05:46,333 [    train.py:  207]:	('Ner Acc', 0.9989343881607056),  ('CLS Classification Acc', 0.9956716299057007)
[INFO] 2022-09-11 19:05:48,626 [    train.py:  219]:	Evaluate:
[INFO] 2022-09-11 19:05:48,627 [    train.py:  226]:	Loss 0.1927, ('Ner Loss', 0.018262342),  ('CLS Classification Loss', 0.17439784)
[INFO] 2022-09-11 19:05:48,627 [    train.py:  227]:	('Ner Acc', 0.99765545), ('CLS Classification Acc', 0.97366905)
[INFO] 2022-09-11 19:06:01,556 [    train.py:  236]:	Precision 0.465 Recall 0.436 F1 0.450
[INFO] 2022-09-11 19:06:42,389 [    train.py:  184]:	Epoch 30: 
[INFO] 2022-09-11 19:06:42,390 [    train.py:  185]:	Train:
[INFO] 2022-09-11 19:06:42,397 [    train.py:  197]:	Loss 0.0148, ('Ner Loss', 0.0025564751122146845),  ('CLS Classification Loss', 0.01227294746786356)
[INFO] 2022-09-11 19:06:42,397 [    train.py:  207]:	('Ner Acc', 0.9990288019180298),  ('CLS Classification Acc', 0.9955601096153259)
[INFO] 2022-09-11 19:06:44,718 [    train.py:  219]:	Evaluate:
[INFO] 2022-09-11 19:06:44,718 [    train.py:  226]:	Loss 0.1770, ('Ner Loss', 0.018594818),  ('CLS Classification Loss', 0.15838623)
[INFO] 2022-09-11 19:06:44,719 [    train.py:  227]:	('Ner Acc', 0.9975389), ('CLS Classification Acc', 0.9743086)
[INFO] 2022-09-11 19:06:57,558 [    train.py:  236]:	Precision 0.446 Recall 0.385 F1 0.413
[INFO] 2022-09-11 19:07:38,492 [    train.py:  184]:	Epoch 31: 
[INFO] 2022-09-11 19:07:38,493 [    train.py:  185]:	Train:
[INFO] 2022-09-11 19:07:38,500 [    train.py:  197]:	Loss 0.0124, ('Ner Loss', 0.002393555361777544),  ('CLS Classification Loss', 0.010038187727332115)
[INFO] 2022-09-11 19:07:38,500 [    train.py:  207]:	('Ner Acc', 0.9990857839584351),  ('CLS Classification Acc', 0.9963787794113159)
[INFO] 2022-09-11 19:07:40,824 [    train.py:  219]:	Evaluate:
[INFO] 2022-09-11 19:07:40,825 [    train.py:  226]:	Loss 0.1714, ('Ner Loss', 0.01754795),  ('CLS Classification Loss', 0.15382595)
[INFO] 2022-09-11 19:07:40,825 [    train.py:  227]:	('Ner Acc', 0.9976823), ('CLS Classification Acc', 0.97470456)
[INFO] 2022-09-11 19:07:53,619 [    train.py:  236]:	Precision 0.479 Recall 0.436 F1 0.456
[INFO] 2022-09-11 19:08:34,237 [    train.py:  184]:	Epoch 32: 
[INFO] 2022-09-11 19:08:34,238 [    train.py:  185]:	Train:
[INFO] 2022-09-11 19:08:34,243 [    train.py:  197]:	Loss 0.0113, ('Ner Loss', 0.0022590113803744316),  ('CLS Classification Loss', 0.009035016410052776)
[INFO] 2022-09-11 19:08:34,243 [    train.py:  207]:	('Ner Acc', 0.999134361743927),  ('CLS Classification Acc', 0.9967381954193115)
[INFO] 2022-09-11 19:08:36,526 [    train.py:  219]:	Evaluate:
[INFO] 2022-09-11 19:08:36,526 [    train.py:  226]:	Loss 0.2161, ('Ner Loss', 0.021516195),  ('CLS Classification Loss', 0.1945515)
[INFO] 2022-09-11 19:08:36,526 [    train.py:  227]:	('Ner Acc', 0.9976359), ('CLS Classification Acc', 0.9725725)
[INFO] 2022-09-11 19:08:49,345 [    train.py:  236]:	Precision 0.456 Recall 0.400 F1 0.426
[INFO] 2022-09-11 19:09:30,227 [    train.py:  184]:	Epoch 33: 
[INFO] 2022-09-11 19:09:30,228 [    train.py:  185]:	Train:
[INFO] 2022-09-11 19:09:30,232 [    train.py:  197]:	Loss 0.0102, ('Ner Loss', 0.00205240398645401),  ('CLS Classification Loss', 0.008105317130684853)
[INFO] 2022-09-11 19:09:30,232 [    train.py:  207]:	('Ner Acc', 0.9991856217384338),  ('CLS Classification Acc', 0.9969863891601562)
[INFO] 2022-09-11 19:09:32,536 [    train.py:  219]:	Evaluate:
[INFO] 2022-09-11 19:09:32,537 [    train.py:  226]:	Loss 0.2108, ('Ner Loss', 0.020607715),  ('CLS Classification Loss', 0.19016302)
[INFO] 2022-09-11 19:09:32,537 [    train.py:  227]:	('Ner Acc', 0.9975851), ('CLS Classification Acc', 0.9733491)
[INFO] 2022-09-11 19:09:45,629 [    train.py:  236]:	Precision 0.456 Recall 0.433 F1 0.444
[INFO] 2022-09-11 19:10:26,000 [    train.py:  184]:	Epoch 34: 
[INFO] 2022-09-11 19:10:26,001 [    train.py:  185]:	Train:
[INFO] 2022-09-11 19:10:26,006 [    train.py:  197]:	Loss 0.0097, ('Ner Loss', 0.0018958734581246972),  ('CLS Classification Loss', 0.007824125699698925)
[INFO] 2022-09-11 19:10:26,006 [    train.py:  207]:	('Ner Acc', 0.9992606043815613),  ('CLS Classification Acc', 0.9973458647727966)
[INFO] 2022-09-11 19:10:28,272 [    train.py:  219]:	Evaluate:
[INFO] 2022-09-11 19:10:28,273 [    train.py:  226]:	Loss 0.2018, ('Ner Loss', 0.020832034),  ('CLS Classification Loss', 0.1809772)
[INFO] 2022-09-11 19:10:28,273 [    train.py:  227]:	('Ner Acc', 0.997635), ('CLS Classification Acc', 0.9747655)
[INFO] 2022-09-11 19:10:41,091 [    train.py:  236]:	Precision 0.483 Recall 0.398 F1 0.436
[INFO] 2022-09-11 19:11:21,574 [    train.py:  184]:	Epoch 35: 
[INFO] 2022-09-11 19:11:21,575 [    train.py:  185]:	Train:
[INFO] 2022-09-11 19:11:21,577 [    train.py:  197]:	Loss 0.0083, ('Ner Loss', 0.0017102697165682912),  ('CLS Classification Loss', 0.0065758973360061646)
[INFO] 2022-09-11 19:11:21,577 [    train.py:  207]:	('Ner Acc', 0.9993379712104797),  ('CLS Classification Acc', 0.9977178573608398)
[INFO] 2022-09-11 19:11:23,855 [    train.py:  219]:	Evaluate:
[INFO] 2022-09-11 19:11:23,856 [    train.py:  226]:	Loss 0.1963, ('Ner Loss', 0.02130123),  ('CLS Classification Loss', 0.1749896)
[INFO] 2022-09-11 19:11:23,856 [    train.py:  227]:	('Ner Acc', 0.99767613), ('CLS Classification Acc', 0.9741563)
[INFO] 2022-09-11 19:11:37,284 [    train.py:  236]:	Precision 0.458 Recall 0.431 F1 0.444
[INFO] 2022-09-11 19:12:18,226 [    train.py:  184]:	Epoch 36: 
[INFO] 2022-09-11 19:12:18,227 [    train.py:  185]:	Train:
[INFO] 2022-09-11 19:12:18,231 [    train.py:  197]:	Loss 0.0079, ('Ner Loss', 0.001548056025058031),  ('CLS Classification Loss', 0.006373144686222076)
[INFO] 2022-09-11 19:12:18,231 [    train.py:  207]:	('Ner Acc', 0.9994069933891296),  ('CLS Classification Acc', 0.997755229473114)
[INFO] 2022-09-11 19:12:20,523 [    train.py:  219]:	Evaluate:
[INFO] 2022-09-11 19:12:20,524 [    train.py:  226]:	Loss 0.2039, ('Ner Loss', 0.019958025),  ('CLS Classification Loss', 0.18396123)
[INFO] 2022-09-11 19:12:20,524 [    train.py:  227]:	('Ner Acc', 0.9977332), ('CLS Classification Acc', 0.9745218)
[INFO] 2022-09-11 19:12:33,343 [    train.py:  236]:	Precision 0.516 Recall 0.415 F1 0.460
[INFO] 2022-09-11 19:13:14,133 [    train.py:  184]:	Epoch 37: 
[INFO] 2022-09-11 19:13:14,133 [    train.py:  185]:	Train:
[INFO] 2022-09-11 19:13:14,136 [    train.py:  197]:	Loss 0.0090, ('Ner Loss', 0.0016072990838438272),  ('CLS Classification Loss', 0.007418442517518997)
[INFO] 2022-09-11 19:13:14,136 [    train.py:  207]:	('Ner Acc', 0.999374270439148),  ('CLS Classification Acc', 0.9973829984664917)
[INFO] 2022-09-11 19:13:16,433 [    train.py:  219]:	Evaluate:
[INFO] 2022-09-11 19:13:16,434 [    train.py:  226]:	Loss 0.2093, ('Ner Loss', 0.021180743),  ('CLS Classification Loss', 0.18808769)
[INFO] 2022-09-11 19:13:16,434 [    train.py:  227]:	('Ner Acc', 0.99762297), ('CLS Classification Acc', 0.9746741)
[INFO] 2022-09-11 19:13:29,511 [    train.py:  236]:	Precision 0.475 Recall 0.427 F1 0.450
[INFO] 2022-09-11 19:14:10,503 [    train.py:  184]:	Epoch 38: 
[INFO] 2022-09-11 19:14:10,504 [    train.py:  185]:	Train:
[INFO] 2022-09-11 19:14:10,507 [    train.py:  197]:	Loss 0.0072, ('Ner Loss', 0.0014334253501147032),  ('CLS Classification Loss', 0.005807041190564632)
[INFO] 2022-09-11 19:14:10,507 [    train.py:  207]:	('Ner Acc', 0.9994543790817261),  ('CLS Classification Acc', 0.9979783296585083)
[INFO] 2022-09-11 19:14:12,780 [    train.py:  219]:	Evaluate:
[INFO] 2022-09-11 19:14:12,781 [    train.py:  226]:	Loss 0.2073, ('Ner Loss', 0.021048669),  ('CLS Classification Loss', 0.18627648)
[INFO] 2022-09-11 19:14:12,781 [    train.py:  227]:	('Ner Acc', 0.9977753), ('CLS Classification Acc', 0.97476536)
[INFO] 2022-09-11 19:14:25,479 [    train.py:  236]:	Precision 0.497 Recall 0.441 F1 0.468
[INFO] 2022-09-11 19:15:06,233 [    train.py:  184]:	Epoch 39: 
[INFO] 2022-09-11 19:15:06,233 [    train.py:  185]:	Train:
[INFO] 2022-09-11 19:15:06,237 [    train.py:  197]:	Loss 0.0089, ('Ner Loss', 0.001574253779835999),  ('CLS Classification Loss', 0.007304313126951456)
[INFO] 2022-09-11 19:15:06,237 [    train.py:  207]:	('Ner Acc', 0.9994068741798401),  ('CLS Classification Acc', 0.9976188540458679)
[INFO] 2022-09-11 19:15:08,533 [    train.py:  219]:	Evaluate:
[INFO] 2022-09-11 19:15:08,534 [    train.py:  226]:	Loss 0.1999, ('Ner Loss', 0.021432264),  ('CLS Classification Loss', 0.17846279)
[INFO] 2022-09-11 19:15:08,534 [    train.py:  227]:	('Ner Acc', 0.997607), ('CLS Classification Acc', 0.974537)
[INFO] 2022-09-11 19:15:21,319 [    train.py:  236]:	Precision 0.462 Recall 0.443 F1 0.452
[INFO] 2022-09-11 19:16:02,206 [    train.py:  184]:	Epoch 40: 
[INFO] 2022-09-11 19:16:02,206 [    train.py:  185]:	Train:
[INFO] 2022-09-11 19:16:02,211 [    train.py:  197]:	Loss 0.0091, ('Ner Loss', 0.0014943038113415241),  ('CLS Classification Loss', 0.007628695573657751)
[INFO] 2022-09-11 19:16:02,211 [    train.py:  207]:	('Ner Acc', 0.9994559288024902),  ('CLS Classification Acc', 0.9974451065063477)
[INFO] 2022-09-11 19:16:04,508 [    train.py:  219]:	Evaluate:
[INFO] 2022-09-11 19:16:04,509 [    train.py:  226]:	Loss 0.2246, ('Ner Loss', 0.021961961),  ('CLS Classification Loss', 0.20266835)
[INFO] 2022-09-11 19:16:04,509 [    train.py:  227]:	('Ner Acc', 0.99750215), ('CLS Classification Acc', 0.9736843)
[INFO] 2022-09-11 19:16:17,275 [    train.py:  236]:	Precision 0.480 Recall 0.431 F1 0.454
[INFO] 2022-09-11 19:16:58,131 [    train.py:  184]:	Epoch 41: 
[INFO] 2022-09-11 19:16:58,132 [    train.py:  185]:	Train:
[INFO] 2022-09-11 19:16:58,138 [    train.py:  197]:	Loss 0.0062, ('Ner Loss', 0.0013349584769457579),  ('CLS Classification Loss', 0.004860869608819485)
[INFO] 2022-09-11 19:16:58,138 [    train.py:  207]:	('Ner Acc', 0.9995060563087463),  ('CLS Classification Acc', 0.9981766939163208)
[INFO] 2022-09-11 19:17:00,458 [    train.py:  219]:	Evaluate:
[INFO] 2022-09-11 19:17:00,458 [    train.py:  226]:	Loss 0.1930, ('Ner Loss', 0.021530915),  ('CLS Classification Loss', 0.17145316)
[INFO] 2022-09-11 19:17:00,458 [    train.py:  227]:	('Ner Acc', 0.9975314), ('CLS Classification Acc', 0.97385174)
[INFO] 2022-09-11 19:17:13,364 [    train.py:  236]:	Precision 0.458 Recall 0.417 F1 0.436
[INFO] 2022-09-11 19:17:54,071 [    train.py:  184]:	Epoch 42: 
[INFO] 2022-09-11 19:17:54,071 [    train.py:  185]:	Train:
[INFO] 2022-09-11 19:17:54,076 [    train.py:  197]:	Loss 0.0056, ('Ner Loss', 0.0011627268977463245),  ('CLS Classification Loss', 0.004441323224455118)
[INFO] 2022-09-11 19:17:54,077 [    train.py:  207]:	('Ner Acc', 0.9995376467704773),  ('CLS Classification Acc', 0.9984868764877319)
[INFO] 2022-09-11 19:17:56,358 [    train.py:  219]:	Evaluate:
[INFO] 2022-09-11 19:17:56,359 [    train.py:  226]:	Loss 0.2079, ('Ner Loss', 0.022772409),  ('CLS Classification Loss', 0.18511376)
[INFO] 2022-09-11 19:17:56,359 [    train.py:  227]:	('Ner Acc', 0.99759734), ('CLS Classification Acc', 0.9753899)
[INFO] 2022-09-11 19:18:09,088 [    train.py:  236]:	Precision 0.480 Recall 0.424 F1 0.450
[INFO] 2022-09-11 19:18:49,782 [    train.py:  184]:	Epoch 43: 
[INFO] 2022-09-11 19:18:49,783 [    train.py:  185]:	Train:
[INFO] 2022-09-11 19:18:49,786 [    train.py:  197]:	Loss 0.0045, ('Ner Loss', 0.0010289435740560293),  ('CLS Classification Loss', 0.003436967497691512)
[INFO] 2022-09-11 19:18:49,786 [    train.py:  207]:	('Ner Acc', 0.9996097087860107),  ('CLS Classification Acc', 0.9987345933914185)
[INFO] 2022-09-11 19:18:52,073 [    train.py:  219]:	Evaluate:
[INFO] 2022-09-11 19:18:52,074 [    train.py:  226]:	Loss 0.2181, ('Ner Loss', 0.022917766),  ('CLS Classification Loss', 0.19515884)
[INFO] 2022-09-11 19:18:52,074 [    train.py:  227]:	('Ner Acc', 0.997698), ('CLS Classification Acc', 0.974065)
[INFO] 2022-09-11 19:19:04,959 [    train.py:  236]:	Precision 0.491 Recall 0.408 F1 0.446
[INFO] 2022-09-11 19:19:45,640 [    train.py:  184]:	Epoch 44: 
[INFO] 2022-09-11 19:19:45,640 [    train.py:  185]:	Train:
[INFO] 2022-09-11 19:19:45,643 [    train.py:  197]:	Loss 0.0055, ('Ner Loss', 0.001099326298572123),  ('CLS Classification Loss', 0.0044034672901034355)
[INFO] 2022-09-11 19:19:45,644 [    train.py:  207]:	('Ner Acc', 0.9995947480201721),  ('CLS Classification Acc', 0.9985239505767822)
[INFO] 2022-09-11 19:19:47,953 [    train.py:  219]:	Evaluate:
[INFO] 2022-09-11 19:19:47,953 [    train.py:  226]:	Loss 0.2097, ('Ner Loss', 0.02105563),  ('CLS Classification Loss', 0.18865182)
[INFO] 2022-09-11 19:19:47,953 [    train.py:  227]:	('Ner Acc', 0.9976859), ('CLS Classification Acc', 0.97532886)
[INFO] 2022-09-11 19:20:00,901 [    train.py:  236]:	Precision 0.515 Recall 0.437 F1 0.472
[INFO] 2022-09-11 19:20:41,633 [    train.py:  184]:	Epoch 45: 
[INFO] 2022-09-11 19:20:41,634 [    train.py:  185]:	Train:
[INFO] 2022-09-11 19:20:41,638 [    train.py:  197]:	Loss 0.0040, ('Ner Loss', 0.0009324011043645442),  ('CLS Classification Loss', 0.003030189545825124)
[INFO] 2022-09-11 19:20:41,638 [    train.py:  207]:	('Ner Acc', 0.9996480941772461),  ('CLS Classification Acc', 0.999007523059845)
[INFO] 2022-09-11 19:20:43,915 [    train.py:  219]:	Evaluate:
[INFO] 2022-09-11 19:20:43,916 [    train.py:  226]:	Loss 0.2204, ('Ner Loss', 0.022216516),  ('CLS Classification Loss', 0.19817315)
[INFO] 2022-09-11 19:20:43,916 [    train.py:  227]:	('Ner Acc', 0.9976931), ('CLS Classification Acc', 0.9732426)
[INFO] 2022-09-11 19:20:56,691 [    train.py:  236]:	Precision 0.478 Recall 0.430 F1 0.453
[INFO] 2022-09-11 19:21:37,702 [    train.py:  184]:	Epoch 46: 
[INFO] 2022-09-11 19:21:37,703 [    train.py:  185]:	Train:
[INFO] 2022-09-11 19:21:37,705 [    train.py:  197]:	Loss 0.0052, ('Ner Loss', 0.0009123808704316616),  ('CLS Classification Loss', 0.004322538152337074)
[INFO] 2022-09-11 19:21:37,705 [    train.py:  207]:	('Ner Acc', 0.9996663928031921),  ('CLS Classification Acc', 0.9985117316246033)
[INFO] 2022-09-11 19:21:40,009 [    train.py:  219]:	Evaluate:
[INFO] 2022-09-11 19:21:40,010 [    train.py:  226]:	Loss 0.2236, ('Ner Loss', 0.02239907),  ('CLS Classification Loss', 0.20115288)
[INFO] 2022-09-11 19:21:40,010 [    train.py:  227]:	('Ner Acc', 0.99770176), ('CLS Classification Acc', 0.97392786)
[INFO] 2022-09-11 19:21:52,854 [    train.py:  236]:	Precision 0.505 Recall 0.441 F1 0.471
[INFO] 2022-09-11 19:22:33,758 [    train.py:  184]:	Epoch 47: 
[INFO] 2022-09-11 19:22:33,759 [    train.py:  185]:	Train:
[INFO] 2022-09-11 19:22:33,763 [    train.py:  197]:	Loss 0.0056, ('Ner Loss', 0.0009417771361768246),  ('CLS Classification Loss', 0.004613235127180815)
[INFO] 2022-09-11 19:22:33,763 [    train.py:  207]:	('Ner Acc', 0.9996550679206848),  ('CLS Classification Acc', 0.99861079454422)
[INFO] 2022-09-11 19:22:36,042 [    train.py:  219]:	Evaluate:
[INFO] 2022-09-11 19:22:36,043 [    train.py:  226]:	Loss 0.1893, ('Ner Loss', 0.022291427),  ('CLS Classification Loss', 0.16704874)
[INFO] 2022-09-11 19:22:36,043 [    train.py:  227]:	('Ner Acc', 0.997691), ('CLS Classification Acc', 0.975268)
[INFO] 2022-09-11 19:22:48,818 [    train.py:  236]:	Precision 0.513 Recall 0.400 F1 0.449
[INFO] 2022-09-11 19:23:29,708 [    train.py:  184]:	Epoch 48: 
[INFO] 2022-09-11 19:23:29,709 [    train.py:  185]:	Train:
[INFO] 2022-09-11 19:23:29,711 [    train.py:  197]:	Loss 0.0047, ('Ner Loss', 0.0008637962164357305),  ('CLS Classification Loss', 0.003856029361486435)
[INFO] 2022-09-11 19:23:29,711 [    train.py:  207]:	('Ner Acc', 0.9996718168258667),  ('CLS Classification Acc', 0.9986727833747864)
[INFO] 2022-09-11 19:23:32,015 [    train.py:  219]:	Evaluate:
[INFO] 2022-09-11 19:23:32,016 [    train.py:  226]:	Loss 0.2261, ('Ner Loss', 0.023054762),  ('CLS Classification Loss', 0.20308074)
[INFO] 2022-09-11 19:23:32,016 [    train.py:  227]:	('Ner Acc', 0.99760777), ('CLS Classification Acc', 0.97371465)
[INFO] 2022-09-11 19:23:45,057 [    train.py:  236]:	Precision 0.516 Recall 0.426 F1 0.467
[INFO] 2022-09-11 19:24:25,851 [    train.py:  184]:	Epoch 49: 
[INFO] 2022-09-11 19:24:25,852 [    train.py:  185]:	Train:
[INFO] 2022-09-11 19:24:25,855 [    train.py:  197]:	Loss 0.0047, ('Ner Loss', 0.0009032610105350614),  ('CLS Classification Loss', 0.003798617282882333)
[INFO] 2022-09-11 19:24:25,855 [    train.py:  207]:	('Ner Acc', 0.9996487498283386),  ('CLS Classification Acc', 0.9986603856086731)
[INFO] 2022-09-11 19:24:28,124 [    train.py:  219]:	Evaluate:
[INFO] 2022-09-11 19:24:28,124 [    train.py:  226]:	Loss 0.2353, ('Ner Loss', 0.022693338),  ('CLS Classification Loss', 0.21261601)
[INFO] 2022-09-11 19:24:28,125 [    train.py:  227]:	('Ner Acc', 0.9976519), ('CLS Classification Acc', 0.9716588)
[INFO] 2022-09-11 19:24:41,021 [    train.py:  236]:	Precision 0.485 Recall 0.452 F1 0.468
[INFO] 2022-09-11 19:25:21,838 [    train.py:  184]:	Epoch 50: 
[INFO] 2022-09-11 19:25:21,839 [    train.py:  185]:	Train:
[INFO] 2022-09-11 19:25:21,843 [    train.py:  197]:	Loss 0.0046, ('Ner Loss', 0.0008298082393594086),  ('CLS Classification Loss', 0.003727230941876769)
[INFO] 2022-09-11 19:25:21,844 [    train.py:  207]:	('Ner Acc', 0.9996720552444458),  ('CLS Classification Acc', 0.9987471699714661)
[INFO] 2022-09-11 19:25:24,126 [    train.py:  219]:	Evaluate:
[INFO] 2022-09-11 19:25:24,127 [    train.py:  226]:	Loss 0.2275, ('Ner Loss', 0.023726942),  ('CLS Classification Loss', 0.20375562)
[INFO] 2022-09-11 19:25:24,127 [    train.py:  227]:	('Ner Acc', 0.997643), ('CLS Classification Acc', 0.97325784)
[INFO] 2022-09-11 19:25:37,269 [    train.py:  236]:	Precision 0.505 Recall 0.440 F1 0.470
[INFO] 2022-09-11 19:26:18,150 [    train.py:  184]:	Epoch 51: 
[INFO] 2022-09-11 19:26:18,151 [    train.py:  185]:	Train:
[INFO] 2022-09-11 19:26:18,155 [    train.py:  197]:	Loss 0.0036, ('Ner Loss', 0.000768818543292582),  ('CLS Classification Loss', 0.002846834482625127)
[INFO] 2022-09-11 19:26:18,155 [    train.py:  207]:	('Ner Acc', 0.9997237920761108),  ('CLS Classification Acc', 0.998995304107666)
[INFO] 2022-09-11 19:26:20,458 [    train.py:  219]:	Evaluate:
[INFO] 2022-09-11 19:26:20,458 [    train.py:  226]:	Loss 0.2367, ('Ner Loss', 0.025568938),  ('CLS Classification Loss', 0.21112111)
[INFO] 2022-09-11 19:26:20,458 [    train.py:  227]:	('Ner Acc', 0.9977072), ('CLS Classification Acc', 0.97322744)
[INFO] 2022-09-11 19:26:33,109 [    train.py:  236]:	Precision 0.504 Recall 0.401 F1 0.447
[INFO] 2022-09-11 19:27:13,739 [    train.py:  184]:	Epoch 52: 
[INFO] 2022-09-11 19:27:13,740 [    train.py:  185]:	Train:
[INFO] 2022-09-11 19:27:13,747 [    train.py:  197]:	Loss 0.0033, ('Ner Loss', 0.0007690875791013241),  ('CLS Classification Loss', 0.0024941819719970226)
[INFO] 2022-09-11 19:27:13,747 [    train.py:  207]:	('Ner Acc', 0.9997316598892212),  ('CLS Classification Acc', 0.9991688132286072)
[INFO] 2022-09-11 19:27:16,037 [    train.py:  219]:	Evaluate:
[INFO] 2022-09-11 19:27:16,037 [    train.py:  226]:	Loss 0.2369, ('Ner Loss', 0.023238815),  ('CLS Classification Loss', 0.21369031)
[INFO] 2022-09-11 19:27:16,037 [    train.py:  227]:	('Ner Acc', 0.9976104), ('CLS Classification Acc', 0.9738822)
[INFO] 2022-09-11 19:27:28,916 [    train.py:  236]:	Precision 0.511 Recall 0.421 F1 0.462
[INFO] 2022-09-11 19:28:09,771 [    train.py:  184]:	Epoch 53: 
[INFO] 2022-09-11 19:28:09,771 [    train.py:  185]:	Train:
[INFO] 2022-09-11 19:28:09,774 [    train.py:  197]:	Loss 0.0047, ('Ner Loss', 0.0008185094338841736),  ('CLS Classification Loss', 0.003920983523130417)
[INFO] 2022-09-11 19:28:09,774 [    train.py:  207]:	('Ner Acc', 0.9997093081474304),  ('CLS Classification Acc', 0.998809278011322)
[INFO] 2022-09-11 19:28:12,070 [    train.py:  219]:	Evaluate:
[INFO] 2022-09-11 19:28:12,071 [    train.py:  226]:	Loss 0.2172, ('Ner Loss', 0.021467732),  ('CLS Classification Loss', 0.19577533)
[INFO] 2022-09-11 19:28:12,071 [    train.py:  227]:	('Ner Acc', 0.9976373), ('CLS Classification Acc', 0.9753594)
[INFO] 2022-09-11 19:28:24,950 [    train.py:  236]:	Precision 0.514 Recall 0.382 F1 0.439
[INFO] 2022-09-11 19:29:05,903 [    train.py:  184]:	Epoch 54: 
[INFO] 2022-09-11 19:29:05,903 [    train.py:  185]:	Train:
[INFO] 2022-09-11 19:29:05,907 [    train.py:  197]:	Loss 0.0030, ('Ner Loss', 0.0006651504663750529),  ('CLS Classification Loss', 0.002361495280638337)
[INFO] 2022-09-11 19:29:05,907 [    train.py:  207]:	('Ner Acc', 0.9997619390487671),  ('CLS Classification Acc', 0.9992683529853821)
[INFO] 2022-09-11 19:29:08,234 [    train.py:  219]:	Evaluate:
[INFO] 2022-09-11 19:29:08,234 [    train.py:  226]:	Loss 0.2394, ('Ner Loss', 0.023322621),  ('CLS Classification Loss', 0.21606061)
[INFO] 2022-09-11 19:29:08,235 [    train.py:  227]:	('Ner Acc', 0.9976686), ('CLS Classification Acc', 0.9747655)
[INFO] 2022-09-11 19:29:21,104 [    train.py:  236]:	Precision 0.488 Recall 0.440 F1 0.463
[INFO] 2022-09-11 19:30:01,808 [    train.py:  184]:	Epoch 55: 
[INFO] 2022-09-11 19:30:01,808 [    train.py:  185]:	Train:
[INFO] 2022-09-11 19:30:01,811 [    train.py:  197]:	Loss 0.0021, ('Ner Loss', 0.0005291146226227283),  ('CLS Classification Loss', 0.0015767434379085898)
[INFO] 2022-09-11 19:30:01,811 [    train.py:  207]:	('Ner Acc', 0.9998195171356201),  ('CLS Classification Acc', 0.9995781779289246)
[INFO] 2022-09-11 19:30:04,080 [    train.py:  219]:	Evaluate:
[INFO] 2022-09-11 19:30:04,081 [    train.py:  226]:	Loss 0.2704, ('Ner Loss', 0.026204055),  ('CLS Classification Loss', 0.24423958)
[INFO] 2022-09-11 19:30:04,081 [    train.py:  227]:	('Ner Acc', 0.9976195), ('CLS Classification Acc', 0.973928)
[INFO] 2022-09-11 19:30:16,709 [    train.py:  236]:	Precision 0.489 Recall 0.408 F1 0.445
[INFO] 2022-09-11 19:30:57,223 [    train.py:  184]:	Epoch 56: 
[INFO] 2022-09-11 19:30:57,224 [    train.py:  185]:	Train:
[INFO] 2022-09-11 19:30:57,229 [    train.py:  197]:	Loss 0.0043, ('Ner Loss', 0.0006965870270505548),  ('CLS Classification Loss', 0.003559944685548544)
[INFO] 2022-09-11 19:30:57,229 [    train.py:  207]:	('Ner Acc', 0.9997720718383789),  ('CLS Classification Acc', 0.9989455938339233)
[INFO] 2022-09-11 19:30:59,512 [    train.py:  219]:	Evaluate:
[INFO] 2022-09-11 19:30:59,513 [    train.py:  226]:	Loss 0.2180, ('Ner Loss', 0.02248763),  ('CLS Classification Loss', 0.19547784)
[INFO] 2022-09-11 19:30:59,513 [    train.py:  227]:	('Ner Acc', 0.99760026), ('CLS Classification Acc', 0.97499394)
[INFO] 2022-09-11 19:31:12,232 [    train.py:  236]:	Precision 0.525 Recall 0.452 F1 0.486
[INFO] 2022-09-11 19:31:53,204 [    train.py:  184]:	Epoch 57: 
[INFO] 2022-09-11 19:31:53,205 [    train.py:  185]:	Train:
[INFO] 2022-09-11 19:31:53,208 [    train.py:  197]:	Loss 0.0038, ('Ner Loss', 0.000637179531622678),  ('CLS Classification Loss', 0.003137258579954505)
[INFO] 2022-09-11 19:31:53,208 [    train.py:  207]:	('Ner Acc', 0.9997789859771729),  ('CLS Classification Acc', 0.9990571141242981)
[INFO] 2022-09-11 19:31:55,496 [    train.py:  219]:	Evaluate:
[INFO] 2022-09-11 19:31:55,497 [    train.py:  226]:	Loss 0.2141, ('Ner Loss', 0.022994185),  ('CLS Classification Loss', 0.1910885)
[INFO] 2022-09-11 19:31:55,497 [    train.py:  227]:	('Ner Acc', 0.99760455), ('CLS Classification Acc', 0.97369945)
[INFO] 2022-09-11 19:32:08,542 [    train.py:  236]:	Precision 0.480 Recall 0.437 F1 0.458
[INFO] 2022-09-11 19:32:49,287 [    train.py:  184]:	Epoch 58: 
[INFO] 2022-09-11 19:32:49,288 [    train.py:  185]:	Train:
[INFO] 2022-09-11 19:32:49,291 [    train.py:  197]:	Loss 0.0036, ('Ner Loss', 0.0006061456515453756),  ('CLS Classification Loss', 0.0030294815078377724)
[INFO] 2022-09-11 19:32:49,291 [    train.py:  207]:	('Ner Acc', 0.9997962117195129),  ('CLS Classification Acc', 0.9990573525428772)
[INFO] 2022-09-11 19:32:51,583 [    train.py:  219]:	Evaluate:
[INFO] 2022-09-11 19:32:51,584 [    train.py:  226]:	Loss 0.2097, ('Ner Loss', 0.023063822),  ('CLS Classification Loss', 0.18660061)
[INFO] 2022-09-11 19:32:51,584 [    train.py:  227]:	('Ner Acc', 0.99769664), ('CLS Classification Acc', 0.97577053)
[INFO] 2022-09-11 19:33:04,577 [    train.py:  236]:	Precision 0.515 Recall 0.441 F1 0.475
[INFO] 2022-09-11 19:33:45,315 [    train.py:  184]:	Epoch 59: 
[INFO] 2022-09-11 19:33:45,316 [    train.py:  185]:	Train:
[INFO] 2022-09-11 19:33:45,321 [    train.py:  197]:	Loss 0.0049, ('Ner Loss', 0.0007193006458692253),  ('CLS Classification Loss', 0.004159607458859682)
[INFO] 2022-09-11 19:33:45,321 [    train.py:  207]:	('Ner Acc', 0.9997379779815674),  ('CLS Classification Acc', 0.9985983967781067)
[INFO] 2022-09-11 19:33:47,615 [    train.py:  219]:	Evaluate:
[INFO] 2022-09-11 19:33:47,616 [    train.py:  226]:	Loss 0.2055, ('Ner Loss', 0.021943124),  ('CLS Classification Loss', 0.18355434)
[INFO] 2022-09-11 19:33:47,616 [    train.py:  227]:	('Ner Acc', 0.9975533), ('CLS Classification Acc', 0.97348624)
[INFO] 2022-09-11 19:34:00,494 [    train.py:  236]:	Precision 0.480 Recall 0.460 F1 0.470
[INFO] 2022-09-11 19:34:41,237 [    train.py:  184]:	Epoch 60: 
[INFO] 2022-09-11 19:34:41,238 [    train.py:  185]:	Train:
[INFO] 2022-09-11 19:34:41,243 [    train.py:  197]:	Loss 0.0027, ('Ner Loss', 0.0006217454210855067),  ('CLS Classification Loss', 0.0020448488648980856)
[INFO] 2022-09-11 19:34:41,243 [    train.py:  207]:	('Ner Acc', 0.9997794032096863),  ('CLS Classification Acc', 0.9992061257362366)
[INFO] 2022-09-11 19:34:43,518 [    train.py:  219]:	Evaluate:
[INFO] 2022-09-11 19:34:43,519 [    train.py:  226]:	Loss 0.2316, ('Ner Loss', 0.024156814),  ('CLS Classification Loss', 0.20742674)
[INFO] 2022-09-11 19:34:43,519 [    train.py:  227]:	('Ner Acc', 0.997584), ('CLS Classification Acc', 0.97424775)
[INFO] 2022-09-11 19:34:56,313 [    train.py:  236]:	Precision 0.466 Recall 0.452 F1 0.459
[INFO] 2022-09-11 19:35:37,139 [    train.py:  184]:	Epoch 61: 
[INFO] 2022-09-11 19:35:37,140 [    train.py:  185]:	Train:
[INFO] 2022-09-11 19:35:37,143 [    train.py:  197]:	Loss 0.0031, ('Ner Loss', 0.0005257755401544273),  ('CLS Classification Loss', 0.0026157188694924116)
[INFO] 2022-09-11 19:35:37,143 [    train.py:  207]:	('Ner Acc', 0.9998159408569336),  ('CLS Classification Acc', 0.9993051886558533)
[INFO] 2022-09-11 19:35:39,423 [    train.py:  219]:	Evaluate:
[INFO] 2022-09-11 19:35:39,423 [    train.py:  226]:	Loss 0.2312, ('Ner Loss', 0.02582937),  ('CLS Classification Loss', 0.20536663)
[INFO] 2022-09-11 19:35:39,424 [    train.py:  227]:	('Ner Acc', 0.9976385), ('CLS Classification Acc', 0.974324)
[INFO] 2022-09-11 19:35:52,153 [    train.py:  236]:	Precision 0.516 Recall 0.408 F1 0.456
[INFO] 2022-09-11 19:36:32,736 [    train.py:  184]:	Epoch 62: 
[INFO] 2022-09-11 19:36:32,737 [    train.py:  185]:	Train:
[INFO] 2022-09-11 19:36:32,740 [    train.py:  197]:	Loss 0.0030, ('Ner Loss', 0.0005107944016344845),  ('CLS Classification Loss', 0.0024448821786791086)
[INFO] 2022-09-11 19:36:32,740 [    train.py:  207]:	('Ner Acc', 0.9998311996459961),  ('CLS Classification Acc', 0.9992062449455261)
[INFO] 2022-09-11 19:36:35,019 [    train.py:  219]:	Evaluate:
[INFO] 2022-09-11 19:36:35,019 [    train.py:  226]:	Loss 0.2257, ('Ner Loss', 0.023316717),  ('CLS Classification Loss', 0.20238389)
[INFO] 2022-09-11 19:36:35,020 [    train.py:  227]:	('Ner Acc', 0.9976862), ('CLS Classification Acc', 0.9749787)
[INFO] 2022-09-11 19:36:47,691 [    train.py:  236]:	Precision 0.532 Recall 0.417 F1 0.467
[INFO] 2022-09-11 19:37:28,411 [    train.py:  184]:	Epoch 63: 
[INFO] 2022-09-11 19:37:28,412 [    train.py:  185]:	Train:
[INFO] 2022-09-11 19:37:28,414 [    train.py:  197]:	Loss 0.0022, ('Ner Loss', 0.00041959667578339577),  ('CLS Classification Loss', 0.0017903167754411697)
[INFO] 2022-09-11 19:37:28,415 [    train.py:  207]:	('Ner Acc', 0.9998420476913452),  ('CLS Classification Acc', 0.9994170069694519)
[INFO] 2022-09-11 19:37:30,706 [    train.py:  219]:	Evaluate:
[INFO] 2022-09-11 19:37:30,706 [    train.py:  226]:	Loss 0.2315, ('Ner Loss', 0.025021514),  ('CLS Classification Loss', 0.20649643)
[INFO] 2022-09-11 19:37:30,707 [    train.py:  227]:	('Ner Acc', 0.99771893), ('CLS Classification Acc', 0.9766844)
[INFO] 2022-09-11 19:37:44,105 [    train.py:  236]:	Precision 0.534 Recall 0.453 F1 0.490
[INFO] 2022-09-11 19:38:24,947 [    train.py:  184]:	Epoch 64: 
[INFO] 2022-09-11 19:38:24,948 [    train.py:  185]:	Train:
[INFO] 2022-09-11 19:38:24,950 [    train.py:  197]:	Loss 0.0022, ('Ner Loss', 0.00039286399260163307),  ('CLS Classification Loss', 0.0018044178141281009)
[INFO] 2022-09-11 19:38:24,950 [    train.py:  207]:	('Ner Acc', 0.9998584389686584),  ('CLS Classification Acc', 0.9993796348571777)
[INFO] 2022-09-11 19:38:27,240 [    train.py:  219]:	Evaluate:
[INFO] 2022-09-11 19:38:27,240 [    train.py:  226]:	Loss 0.2382, ('Ner Loss', 0.025532061),  ('CLS Classification Loss', 0.21264678)
[INFO] 2022-09-11 19:38:27,241 [    train.py:  227]:	('Ner Acc', 0.9975863), ('CLS Classification Acc', 0.97374517)
[INFO] 2022-09-11 19:38:40,076 [    train.py:  236]:	Precision 0.493 Recall 0.420 F1 0.454
[INFO] 2022-09-11 19:39:20,566 [    train.py:  184]:	Epoch 65: 
[INFO] 2022-09-11 19:39:20,566 [    train.py:  185]:	Train:
[INFO] 2022-09-11 19:39:20,573 [    train.py:  197]:	Loss 0.0037, ('Ner Loss', 0.0005595874390564859),  ('CLS Classification Loss', 0.0031712744385004044)
[INFO] 2022-09-11 19:39:20,573 [    train.py:  207]:	('Ner Acc', 0.9998072981834412),  ('CLS Classification Acc', 0.9988959431648254)
[INFO] 2022-09-11 19:39:22,838 [    train.py:  219]:	Evaluate:
[INFO] 2022-09-11 19:39:22,839 [    train.py:  226]:	Loss 0.2314, ('Ner Loss', 0.024289656),  ('CLS Classification Loss', 0.20706834)
[INFO] 2022-09-11 19:39:22,839 [    train.py:  227]:	('Ner Acc', 0.9976484), ('CLS Classification Acc', 0.97485685)
[INFO] 2022-09-11 19:39:35,957 [    train.py:  236]:	Precision 0.526 Recall 0.432 F1 0.474
[INFO] 2022-09-11 19:40:16,861 [    train.py:  184]:	Epoch 66: 
[INFO] 2022-09-11 19:40:16,861 [    train.py:  185]:	Train:
[INFO] 2022-09-11 19:40:16,864 [    train.py:  197]:	Loss 0.0032, ('Ner Loss', 0.0004306023183744401),  ('CLS Classification Loss', 0.002808435121551156)
[INFO] 2022-09-11 19:40:16,864 [    train.py:  207]:	('Ner Acc', 0.9998504519462585),  ('CLS Classification Acc', 0.9990572333335876)
[INFO] 2022-09-11 19:40:19,177 [    train.py:  219]:	Evaluate:
[INFO] 2022-09-11 19:40:19,178 [    train.py:  226]:	Loss 0.2502, ('Ner Loss', 0.024882682),  ('CLS Classification Loss', 0.22528611)
[INFO] 2022-09-11 19:40:19,178 [    train.py:  227]:	('Ner Acc', 0.9976942), ('CLS Classification Acc', 0.97411066)
[INFO] 2022-09-11 19:40:32,118 [    train.py:  236]:	Precision 0.523 Recall 0.425 F1 0.469
[INFO] 2022-09-11 19:41:12,670 [    train.py:  184]:	Epoch 67: 
[INFO] 2022-09-11 19:41:12,671 [    train.py:  185]:	Train:
[INFO] 2022-09-11 19:41:12,674 [    train.py:  197]:	Loss 0.0026, ('Ner Loss', 0.0004085309919901192),  ('CLS Classification Loss', 0.0022320521529763937)
[INFO] 2022-09-11 19:41:12,674 [    train.py:  207]:	('Ner Acc', 0.9998703002929688),  ('CLS Classification Acc', 0.9993300437927246)
[INFO] 2022-09-11 19:41:14,956 [    train.py:  219]:	Evaluate:
[INFO] 2022-09-11 19:41:14,957 [    train.py:  226]:	Loss 0.2182, ('Ner Loss', 0.022792375),  ('CLS Classification Loss', 0.19537842)
[INFO] 2022-09-11 19:41:14,957 [    train.py:  227]:	('Ner Acc', 0.9976258), ('CLS Classification Acc', 0.97356236)
[INFO] 2022-09-11 19:41:27,852 [    train.py:  236]:	Precision 0.499 Recall 0.475 F1 0.487
[INFO] 2022-09-11 19:42:08,701 [    train.py:  184]:	Epoch 68: 
[INFO] 2022-09-11 19:42:08,701 [    train.py:  185]:	Train:
[INFO] 2022-09-11 19:42:08,707 [    train.py:  197]:	Loss 0.0022, ('Ner Loss', 0.0003744330315385014),  ('CLS Classification Loss', 0.0018298166105523705)
[INFO] 2022-09-11 19:42:08,707 [    train.py:  207]:	('Ner Acc', 0.9998675584793091),  ('CLS Classification Acc', 0.9995161890983582)
[INFO] 2022-09-11 19:42:11,011 [    train.py:  219]:	Evaluate:
[INFO] 2022-09-11 19:42:11,012 [    train.py:  226]:	Loss 0.2640, ('Ner Loss', 0.025779665),  ('CLS Classification Loss', 0.23817697)
[INFO] 2022-09-11 19:42:11,012 [    train.py:  227]:	('Ner Acc', 0.9976826), ('CLS Classification Acc', 0.9745067)
[INFO] 2022-09-11 19:42:23,883 [    train.py:  236]:	Precision 0.512 Recall 0.451 F1 0.480
[INFO] 2022-09-11 19:43:04,531 [    train.py:  184]:	Epoch 69: 
[INFO] 2022-09-11 19:43:04,531 [    train.py:  185]:	Train:
[INFO] 2022-09-11 19:43:04,534 [    train.py:  197]:	Loss 0.0013, ('Ner Loss', 0.00029482130776159465),  ('CLS Classification Loss', 0.000987341394647956)
[INFO] 2022-09-11 19:43:04,534 [    train.py:  207]:	('Ner Acc', 0.9998967051506042),  ('CLS Classification Acc', 0.9997146725654602)
[INFO] 2022-09-11 19:43:06,865 [    train.py:  219]:	Evaluate:
[INFO] 2022-09-11 19:43:06,866 [    train.py:  226]:	Loss 0.2706, ('Ner Loss', 0.027187074),  ('CLS Classification Loss', 0.24344309)
[INFO] 2022-09-11 19:43:06,866 [    train.py:  227]:	('Ner Acc', 0.9977176), ('CLS Classification Acc', 0.9726639)
[INFO] 2022-09-11 19:43:19,794 [    train.py:  236]:	Precision 0.503 Recall 0.439 F1 0.469
[INFO] 2022-09-11 19:44:00,659 [    train.py:  184]:	Epoch 70: 
[INFO] 2022-09-11 19:44:00,659 [    train.py:  185]:	Train:
[INFO] 2022-09-11 19:44:00,662 [    train.py:  197]:	Loss 0.0014, ('Ner Loss', 0.0003075226559303701),  ('CLS Classification Loss', 0.0011326816165819764)
[INFO] 2022-09-11 19:44:00,662 [    train.py:  207]:	('Ner Acc', 0.9999024271965027),  ('CLS Classification Acc', 0.9996649622917175)
[INFO] 2022-09-11 19:44:02,950 [    train.py:  219]:	Evaluate:
[INFO] 2022-09-11 19:44:02,951 [    train.py:  226]:	Loss 0.2654, ('Ner Loss', 0.024783455),  ('CLS Classification Loss', 0.24064782)
[INFO] 2022-09-11 19:44:02,951 [    train.py:  227]:	('Ner Acc', 0.9976592), ('CLS Classification Acc', 0.9723439)
[INFO] 2022-09-11 19:44:15,840 [    train.py:  236]:	Precision 0.508 Recall 0.445 F1 0.474
[INFO] 2022-09-11 19:44:56,382 [    train.py:  184]:	Epoch 71: 
[INFO] 2022-09-11 19:44:56,382 [    train.py:  185]:	Train:
[INFO] 2022-09-11 19:44:56,385 [    train.py:  197]:	Loss 0.0019, ('Ner Loss', 0.0003075618005823344),  ('CLS Classification Loss', 0.0016255308873951435)
[INFO] 2022-09-11 19:44:56,386 [    train.py:  207]:	('Ner Acc', 0.9999012351036072),  ('CLS Classification Acc', 0.9994913339614868)
[INFO] 2022-09-11 19:44:58,684 [    train.py:  219]:	Evaluate:
[INFO] 2022-09-11 19:44:58,684 [    train.py:  226]:	Loss 0.2511, ('Ner Loss', 0.025895819),  ('CLS Classification Loss', 0.2252475)
[INFO] 2022-09-11 19:44:58,685 [    train.py:  227]:	('Ner Acc', 0.9976176), ('CLS Classification Acc', 0.9717805)
[INFO] 2022-09-11 19:45:11,648 [    train.py:  236]:	Precision 0.480 Recall 0.443 F1 0.461
[INFO] 2022-09-11 19:45:52,555 [    train.py:  184]:	Epoch 72: 
[INFO] 2022-09-11 19:45:52,556 [    train.py:  185]:	Train:
[INFO] 2022-09-11 19:45:52,561 [    train.py:  197]:	Loss 0.0024, ('Ner Loss', 0.00031163921812549233),  ('CLS Classification Loss', 0.0021086970809847116)
[INFO] 2022-09-11 19:45:52,561 [    train.py:  207]:	('Ner Acc', 0.9998924136161804),  ('CLS Classification Acc', 0.9993921518325806)
[INFO] 2022-09-11 19:45:54,858 [    train.py:  219]:	Evaluate:
[INFO] 2022-09-11 19:45:54,859 [    train.py:  226]:	Loss 0.2484, ('Ner Loss', 0.02764861),  ('CLS Classification Loss', 0.22079347)
[INFO] 2022-09-11 19:45:54,859 [    train.py:  227]:	('Ner Acc', 0.99752825), ('CLS Classification Acc', 0.9718872)
[INFO] 2022-09-11 19:46:07,736 [    train.py:  236]:	Precision 0.480 Recall 0.444 F1 0.461
[INFO] 2022-09-11 19:46:48,641 [    train.py:  184]:	Epoch 73: 
[INFO] 2022-09-11 19:46:48,642 [    train.py:  185]:	Train:
[INFO] 2022-09-11 19:46:48,646 [    train.py:  197]:	Loss 0.0026, ('Ner Loss', 0.0004014998266939074),  ('CLS Classification Loss', 0.002189130987972021)
[INFO] 2022-09-11 19:46:48,646 [    train.py:  207]:	('Ner Acc', 0.9998600482940674),  ('CLS Classification Acc', 0.9992433786392212)
[INFO] 2022-09-11 19:46:50,936 [    train.py:  219]:	Evaluate:
[INFO] 2022-09-11 19:46:50,937 [    train.py:  226]:	Loss 0.2501, ('Ner Loss', 0.025416398),  ('CLS Classification Loss', 0.22470407)
[INFO] 2022-09-11 19:46:50,937 [    train.py:  227]:	('Ner Acc', 0.9976691), ('CLS Classification Acc', 0.97219175)
[INFO] 2022-09-11 19:47:03,807 [    train.py:  236]:	Precision 0.494 Recall 0.453 F1 0.473
[INFO] 2022-09-11 19:47:44,909 [    train.py:  184]:	Epoch 74: 
[INFO] 2022-09-11 19:47:44,910 [    train.py:  185]:	Train:
[INFO] 2022-09-11 19:47:44,913 [    train.py:  197]:	Loss 0.0018, ('Ner Loss', 0.0002910701441578567),  ('CLS Classification Loss', 0.0015007371548563242)
[INFO] 2022-09-11 19:47:44,913 [    train.py:  207]:	('Ner Acc', 0.9999049305915833),  ('CLS Classification Acc', 0.9996031522750854)
[INFO] 2022-09-11 19:47:47,204 [    train.py:  219]:	Evaluate:
[INFO] 2022-09-11 19:47:47,204 [    train.py:  226]:	Loss 0.2552, ('Ner Loss', 0.025423452),  ('CLS Classification Loss', 0.22975393)
[INFO] 2022-09-11 19:47:47,204 [    train.py:  227]:	('Ner Acc', 0.9976363), ('CLS Classification Acc', 0.97208524)
[INFO] 2022-09-11 19:48:00,021 [    train.py:  236]:	Precision 0.485 Recall 0.464 F1 0.474
[INFO] 2022-09-11 19:48:40,754 [    train.py:  184]:	Epoch 75: 
[INFO] 2022-09-11 19:48:40,754 [    train.py:  185]:	Train:
[INFO] 2022-09-11 19:48:40,757 [    train.py:  197]:	Loss 0.0017, ('Ner Loss', 0.00024867578758858144),  ('CLS Classification Loss', 0.0014418890932574868)
[INFO] 2022-09-11 19:48:40,757 [    train.py:  207]:	('Ner Acc', 0.9999157786369324),  ('CLS Classification Acc', 0.9995160698890686)
[INFO] 2022-09-11 19:48:43,038 [    train.py:  219]:	Evaluate:
[INFO] 2022-09-11 19:48:43,038 [    train.py:  226]:	Loss 0.2396, ('Ner Loss', 0.026129413),  ('CLS Classification Loss', 0.21342827)
[INFO] 2022-09-11 19:48:43,038 [    train.py:  227]:	('Ner Acc', 0.99764556), ('CLS Classification Acc', 0.9729228)
[INFO] 2022-09-11 19:48:55,787 [    train.py:  236]:	Precision 0.490 Recall 0.457 F1 0.473
[INFO] 2022-09-11 19:49:36,593 [    train.py:  184]:	Epoch 76: 
[INFO] 2022-09-11 19:49:36,594 [    train.py:  185]:	Train:
[INFO] 2022-09-11 19:49:36,597 [    train.py:  197]:	Loss 0.0037, ('Ner Loss', 0.000425688864197582),  ('CLS Classification Loss', 0.003271242370828986)
[INFO] 2022-09-11 19:49:36,597 [    train.py:  207]:	('Ner Acc', 0.9998489618301392),  ('CLS Classification Acc', 0.9988834857940674)
[INFO] 2022-09-11 19:49:38,875 [    train.py:  219]:	Evaluate:
[INFO] 2022-09-11 19:49:38,876 [    train.py:  226]:	Loss 0.2340, ('Ner Loss', 0.026372446),  ('CLS Classification Loss', 0.20758429)
[INFO] 2022-09-11 19:49:38,876 [    train.py:  227]:	('Ner Acc', 0.99757105), ('CLS Classification Acc', 0.97312075)
[INFO] 2022-09-11 19:49:51,712 [    train.py:  236]:	Precision 0.500 Recall 0.439 F1 0.468
[INFO] 2022-09-11 19:50:32,496 [    train.py:  184]:	Epoch 77: 
[INFO] 2022-09-11 19:50:32,497 [    train.py:  185]:	Train:
[INFO] 2022-09-11 19:50:32,500 [    train.py:  197]:	Loss 0.0035, ('Ner Loss', 0.0004060958162881434),  ('CLS Classification Loss', 0.0031379018910229206)
[INFO] 2022-09-11 19:50:32,500 [    train.py:  207]:	('Ner Acc', 0.9998579025268555),  ('CLS Classification Acc', 0.9989579319953918)
[INFO] 2022-09-11 19:50:34,784 [    train.py:  219]:	Evaluate:
[INFO] 2022-09-11 19:50:34,785 [    train.py:  226]:	Loss 0.2209, ('Ner Loss', 0.02557438),  ('CLS Classification Loss', 0.19536927)
[INFO] 2022-09-11 19:50:34,785 [    train.py:  227]:	('Ner Acc', 0.9976846), ('CLS Classification Acc', 0.9735929)
[INFO] 2022-09-11 19:50:47,647 [    train.py:  236]:	Precision 0.508 Recall 0.428 F1 0.465
[INFO] 2022-09-11 19:51:28,665 [    train.py:  184]:	Epoch 78: 
[INFO] 2022-09-11 19:51:28,665 [    train.py:  185]:	Train:
[INFO] 2022-09-11 19:51:28,668 [    train.py:  197]:	Loss 0.0019, ('Ner Loss', 0.0003387864271644503),  ('CLS Classification Loss', 0.0015722380485385656)
[INFO] 2022-09-11 19:51:28,668 [    train.py:  207]:	('Ner Acc', 0.9998911023139954),  ('CLS Classification Acc', 0.9994789361953735)
[INFO] 2022-09-11 19:51:30,970 [    train.py:  219]:	Evaluate:
[INFO] 2022-09-11 19:51:30,970 [    train.py:  226]:	Loss 0.2231, ('Ner Loss', 0.024455711),  ('CLS Classification Loss', 0.19860621)
[INFO] 2022-09-11 19:51:30,970 [    train.py:  227]:	('Ner Acc', 0.9976623), ('CLS Classification Acc', 0.97494817)
[INFO] 2022-09-11 19:51:44,429 [    train.py:  236]:	Precision 0.506 Recall 0.471 F1 0.488
[INFO] 2022-09-11 19:52:25,386 [    train.py:  184]:	Epoch 79: 
[INFO] 2022-09-11 19:52:25,386 [    train.py:  185]:	Train:
[INFO] 2022-09-11 19:52:25,392 [    train.py:  197]:	Loss 0.0027, ('Ner Loss', 0.0003133768623229116),  ('CLS Classification Loss', 0.0024238498881459236)
[INFO] 2022-09-11 19:52:25,392 [    train.py:  207]:	('Ner Acc', 0.9998871088027954),  ('CLS Classification Acc', 0.9991193413734436)
[INFO] 2022-09-11 19:52:27,680 [    train.py:  219]:	Evaluate:
[INFO] 2022-09-11 19:52:27,681 [    train.py:  226]:	Loss 0.2288, ('Ner Loss', 0.024559692),  ('CLS Classification Loss', 0.20421755)
[INFO] 2022-09-11 19:52:27,681 [    train.py:  227]:	('Ner Acc', 0.9976598), ('CLS Classification Acc', 0.9741867)
[INFO] 2022-09-11 19:52:40,607 [    train.py:  236]:	Precision 0.490 Recall 0.488 F1 0.489
[INFO] 2022-09-11 19:53:21,188 [    train.py:  184]:	Epoch 80: 
[INFO] 2022-09-11 19:53:21,188 [    train.py:  185]:	Train:
[INFO] 2022-09-11 19:53:21,193 [    train.py:  197]:	Loss 0.0040, ('Ner Loss', 0.0003026217164006084),  ('CLS Classification Loss', 0.0036548299249261618)
[INFO] 2022-09-11 19:53:21,193 [    train.py:  207]:	('Ner Acc', 0.9998900294303894),  ('CLS Classification Acc', 0.9989950060844421)
[INFO] 2022-09-11 19:53:23,466 [    train.py:  219]:	Evaluate:
[INFO] 2022-09-11 19:53:23,467 [    train.py:  226]:	Loss 0.1863, ('Ner Loss', 0.023348982),  ('CLS Classification Loss', 0.16295893)
[INFO] 2022-09-11 19:53:23,467 [    train.py:  227]:	('Ner Acc', 0.99770564), ('CLS Classification Acc', 0.9745523)
[INFO] 2022-09-11 19:53:36,912 [    train.py:  236]:	Precision 0.508 Recall 0.428 F1 0.465
[INFO] 2022-09-11 19:54:17,821 [    train.py:  184]:	Epoch 81: 
[INFO] 2022-09-11 19:54:17,821 [    train.py:  185]:	Train:
[INFO] 2022-09-11 19:54:17,824 [    train.py:  197]:	Loss 0.0028, ('Ner Loss', 0.00036857876693829894),  ('CLS Classification Loss', 0.002420339733362198)
[INFO] 2022-09-11 19:54:17,824 [    train.py:  207]:	('Ner Acc', 0.9998809695243835),  ('CLS Classification Acc', 0.9993302226066589)
[INFO] 2022-09-11 19:54:20,113 [    train.py:  219]:	Evaluate:
[INFO] 2022-09-11 19:54:20,113 [    train.py:  226]:	Loss 0.2209, ('Ner Loss', 0.022787752),  ('CLS Classification Loss', 0.19809115)
[INFO] 2022-09-11 19:54:20,113 [    train.py:  227]:	('Ner Acc', 0.9977167), ('CLS Classification Acc', 0.9751461)
[INFO] 2022-09-11 19:54:32,935 [    train.py:  236]:	Precision 0.509 Recall 0.483 F1 0.496
[INFO] 2022-09-11 19:55:13,843 [    train.py:  184]:	Epoch 82: 
[INFO] 2022-09-11 19:55:13,844 [    train.py:  185]:	Train:
[INFO] 2022-09-11 19:55:13,847 [    train.py:  197]:	Loss 0.0011, ('Ner Loss', 0.00019995184266008437),  ('CLS Classification Loss', 0.0008625555201433599)
[INFO] 2022-09-11 19:55:13,847 [    train.py:  207]:	('Ner Acc', 0.9999302625656128),  ('CLS Classification Acc', 0.9997766613960266)
[INFO] 2022-09-11 19:55:16,148 [    train.py:  219]:	Evaluate:
[INFO] 2022-09-11 19:55:16,148 [    train.py:  226]:	Loss 0.2359, ('Ner Loss', 0.02555803),  ('CLS Classification Loss', 0.21035141)
[INFO] 2022-09-11 19:55:16,149 [    train.py:  227]:	('Ner Acc', 0.9976322), ('CLS Classification Acc', 0.9754203)
[INFO] 2022-09-11 19:55:28,994 [    train.py:  236]:	Precision 0.486 Recall 0.477 F1 0.481
[INFO] 2022-09-11 19:56:09,787 [    train.py:  184]:	Epoch 83: 
[INFO] 2022-09-11 19:56:09,787 [    train.py:  185]:	Train:
[INFO] 2022-09-11 19:56:09,791 [    train.py:  197]:	Loss 0.0006, ('Ner Loss', 0.0001502934901509434),  ('CLS Classification Loss', 0.0004309935902711004)
[INFO] 2022-09-11 19:56:09,791 [    train.py:  207]:	('Ner Acc', 0.999956488609314),  ('CLS Classification Acc', 0.9998387098312378)
[INFO] 2022-09-11 19:56:12,097 [    train.py:  219]:	Evaluate:
[INFO] 2022-09-11 19:56:12,098 [    train.py:  226]:	Loss 0.2664, ('Ner Loss', 0.0278594),  ('CLS Classification Loss', 0.23853259)
[INFO] 2022-09-11 19:56:12,098 [    train.py:  227]:	('Ner Acc', 0.9976302), ('CLS Classification Acc', 0.9752224)
[INFO] 2022-09-11 19:56:25,009 [    train.py:  236]:	Precision 0.493 Recall 0.483 F1 0.488
[INFO] 2022-09-11 19:57:05,844 [    train.py:  184]:	Epoch 84: 
[INFO] 2022-09-11 19:57:05,844 [    train.py:  185]:	Train:
[INFO] 2022-09-11 19:57:05,847 [    train.py:  197]:	Loss 0.0028, ('Ner Loss', 0.00022866942163091153),  ('CLS Classification Loss', 0.0025668973103165627)
[INFO] 2022-09-11 19:57:05,847 [    train.py:  207]:	('Ner Acc', 0.9999180436134338),  ('CLS Classification Acc', 0.9994168877601624)
[INFO] 2022-09-11 19:57:08,124 [    train.py:  219]:	Evaluate:
[INFO] 2022-09-11 19:57:08,125 [    train.py:  226]:	Loss 0.2407, ('Ner Loss', 0.026841825),  ('CLS Classification Loss', 0.21385188)
[INFO] 2022-09-11 19:57:08,125 [    train.py:  227]:	('Ner Acc', 0.99762213), ('CLS Classification Acc', 0.9743847)
[INFO] 2022-09-11 19:57:20,962 [    train.py:  236]:	Precision 0.497 Recall 0.453 F1 0.474
[INFO] 2022-09-11 19:58:01,690 [    train.py:  184]:	Epoch 85: 
[INFO] 2022-09-11 19:58:01,690 [    train.py:  185]:	Train:
[INFO] 2022-09-11 19:58:01,696 [    train.py:  197]:	Loss 0.0014, ('Ner Loss', 0.0001892845903057605),  ('CLS Classification Loss', 0.0011721366317942739)
[INFO] 2022-09-11 19:58:01,696 [    train.py:  207]:	('Ner Acc', 0.9999376535415649),  ('CLS Classification Acc', 0.9997395277023315)
[INFO] 2022-09-11 19:58:04,005 [    train.py:  219]:	Evaluate:
[INFO] 2022-09-11 19:58:04,006 [    train.py:  226]:	Loss 0.2335, ('Ner Loss', 0.025290757),  ('CLS Classification Loss', 0.20820455)
[INFO] 2022-09-11 19:58:04,006 [    train.py:  227]:	('Ner Acc', 0.9976903), ('CLS Classification Acc', 0.9753899)
[INFO] 2022-09-11 19:58:16,891 [    train.py:  236]:	Precision 0.522 Recall 0.475 F1 0.497
[INFO] 2022-09-11 19:58:57,678 [    train.py:  184]:	Epoch 86: 
[INFO] 2022-09-11 19:58:57,678 [    train.py:  185]:	Train:
[INFO] 2022-09-11 19:58:57,682 [    train.py:  197]:	Loss 0.0009, ('Ner Loss', 0.00014292224659584463),  ('CLS Classification Loss', 0.0007305119070224464)
[INFO] 2022-09-11 19:58:57,682 [    train.py:  207]:	('Ner Acc', 0.9999465942382812),  ('CLS Classification Acc', 0.9998138546943665)
[INFO] 2022-09-11 19:58:59,970 [    train.py:  219]:	Evaluate:
[INFO] 2022-09-11 19:58:59,971 [    train.py:  226]:	Loss 0.2396, ('Ner Loss', 0.026831888),  ('CLS Classification Loss', 0.21276526)
[INFO] 2022-09-11 19:58:59,971 [    train.py:  227]:	('Ner Acc', 0.997668), ('CLS Classification Acc', 0.97499394)
[INFO] 2022-09-11 19:59:12,816 [    train.py:  236]:	Precision 0.523 Recall 0.451 F1 0.484
[INFO] 2022-09-11 19:59:53,790 [    train.py:  184]:	Epoch 87: 
[INFO] 2022-09-11 19:59:53,791 [    train.py:  185]:	Train:
[INFO] 2022-09-11 19:59:53,797 [    train.py:  197]:	Loss 0.0009, ('Ner Loss', 0.0001577342627570033),  ('CLS Classification Loss', 0.0007029814878478646)
[INFO] 2022-09-11 19:59:53,797 [    train.py:  207]:	('Ner Acc', 0.9999533295631409),  ('CLS Classification Acc', 0.9998387098312378)
[INFO] 2022-09-11 19:59:56,074 [    train.py:  219]:	Evaluate:
[INFO] 2022-09-11 19:59:56,075 [    train.py:  226]:	Loss 0.2431, ('Ner Loss', 0.027047308),  ('CLS Classification Loss', 0.21600793)
[INFO] 2022-09-11 19:59:56,075 [    train.py:  227]:	('Ner Acc', 0.99763036), ('CLS Classification Acc', 0.9741259)
[INFO] 2022-09-11 20:00:08,926 [    train.py:  236]:	Precision 0.499 Recall 0.476 F1 0.487
[INFO] 2022-09-11 20:00:49,653 [    train.py:  184]:	Epoch 88: 
[INFO] 2022-09-11 20:00:49,654 [    train.py:  185]:	Train:
[INFO] 2022-09-11 20:00:49,659 [    train.py:  197]:	Loss 0.0012, ('Ner Loss', 0.00015763462579343468),  ('CLS Classification Loss', 0.0010058863554149866)
[INFO] 2022-09-11 20:00:49,660 [    train.py:  207]:	('Ner Acc', 0.9999585747718811),  ('CLS Classification Acc', 0.9997767806053162)
[INFO] 2022-09-11 20:00:51,937 [    train.py:  219]:	Evaluate:
[INFO] 2022-09-11 20:00:51,937 [    train.py:  226]:	Loss 0.2631, ('Ner Loss', 0.028559813),  ('CLS Classification Loss', 0.23453191)
[INFO] 2022-09-11 20:00:51,938 [    train.py:  227]:	('Ner Acc', 0.9975895), ('CLS Classification Acc', 0.9740193)
[INFO] 2022-09-11 20:01:04,910 [    train.py:  236]:	Precision 0.496 Recall 0.443 F1 0.468
[INFO] 2022-09-11 20:01:45,963 [    train.py:  184]:	Epoch 89: 
[INFO] 2022-09-11 20:01:45,963 [    train.py:  185]:	Train:
[INFO] 2022-09-11 20:01:45,969 [    train.py:  197]:	Loss 0.0017, ('Ner Loss', 0.00026636142865754664),  ('CLS Classification Loss', 0.0013882201164960861)
[INFO] 2022-09-11 20:01:45,969 [    train.py:  207]:	('Ner Acc', 0.9999358057975769),  ('CLS Classification Acc', 0.9996649622917175)
[INFO] 2022-09-11 20:01:48,259 [    train.py:  219]:	Evaluate:
[INFO] 2022-09-11 20:01:48,260 [    train.py:  226]:	Loss 0.2260, ('Ner Loss', 0.024882575),  ('CLS Classification Loss', 0.20109777)
[INFO] 2022-09-11 20:01:48,260 [    train.py:  227]:	('Ner Acc', 0.997634), ('CLS Classification Acc', 0.973471)
[INFO] 2022-09-11 20:02:01,338 [    train.py:  236]:	Precision 0.492 Recall 0.445 F1 0.467
[INFO] 2022-09-11 20:02:42,014 [    train.py:  184]:	Epoch 90: 
[INFO] 2022-09-11 20:02:42,014 [    train.py:  185]:	Train:
[INFO] 2022-09-11 20:02:42,020 [    train.py:  197]:	Loss 0.0015, ('Ner Loss', 0.00021024067245889455),  ('CLS Classification Loss', 0.0013281968422234058)
[INFO] 2022-09-11 20:02:42,020 [    train.py:  207]:	('Ner Acc', 0.9999343752861023),  ('CLS Classification Acc', 0.9996650815010071)
[INFO] 2022-09-11 20:02:44,310 [    train.py:  219]:	Evaluate:
[INFO] 2022-09-11 20:02:44,310 [    train.py:  226]:	Loss 0.2413, ('Ner Loss', 0.026747566),  ('CLS Classification Loss', 0.21450964)
[INFO] 2022-09-11 20:02:44,311 [    train.py:  227]:	('Ner Acc', 0.997532), ('CLS Classification Acc', 0.9733949)
[INFO] 2022-09-11 20:02:56,936 [    train.py:  236]:	Precision 0.475 Recall 0.462 F1 0.468
[INFO] 2022-09-11 20:03:37,545 [    train.py:  184]:	Epoch 91: 
[INFO] 2022-09-11 20:03:37,545 [    train.py:  185]:	Train:
[INFO] 2022-09-11 20:03:37,548 [    train.py:  197]:	Loss 0.0019, ('Ner Loss', 0.0002723658690229058),  ('CLS Classification Loss', 0.0016582031967118382)
[INFO] 2022-09-11 20:03:37,548 [    train.py:  207]:	('Ner Acc', 0.9999083280563354),  ('CLS Classification Acc', 0.9994912147521973)
[INFO] 2022-09-11 20:03:39,828 [    train.py:  219]:	Evaluate:
[INFO] 2022-09-11 20:03:39,829 [    train.py:  226]:	Loss 0.2300, ('Ner Loss', 0.023722876),  ('CLS Classification Loss', 0.2062583)
[INFO] 2022-09-11 20:03:39,829 [    train.py:  227]:	('Ner Acc', 0.99765605), ('CLS Classification Acc', 0.97421724)
[INFO] 2022-09-11 20:03:52,841 [    train.py:  236]:	Precision 0.512 Recall 0.466 F1 0.488
[INFO] 2022-09-11 20:04:33,681 [    train.py:  184]:	Epoch 92: 
[INFO] 2022-09-11 20:04:33,682 [    train.py:  185]:	Train:
[INFO] 2022-09-11 20:04:33,687 [    train.py:  197]:	Loss 0.0011, ('Ner Loss', 0.00018254781025461853),  ('CLS Classification Loss', 0.0009322144323959947)
[INFO] 2022-09-11 20:04:33,688 [    train.py:  207]:	('Ner Acc', 0.9999385476112366),  ('CLS Classification Acc', 0.9996524453163147)
[INFO] 2022-09-11 20:04:35,966 [    train.py:  219]:	Evaluate:
[INFO] 2022-09-11 20:04:35,967 [    train.py:  226]:	Loss 0.2387, ('Ner Loss', 0.025776392),  ('CLS Classification Loss', 0.21288472)
[INFO] 2022-09-11 20:04:35,967 [    train.py:  227]:	('Ner Acc', 0.9976934), ('CLS Classification Acc', 0.9754203)
[INFO] 2022-09-11 20:04:48,768 [    train.py:  236]:	Precision 0.494 Recall 0.447 F1 0.470
[INFO] 2022-09-11 20:05:29,517 [    train.py:  184]:	Epoch 93: 
[INFO] 2022-09-11 20:05:29,518 [    train.py:  185]:	Train:
[INFO] 2022-09-11 20:05:29,520 [    train.py:  197]:	Loss 0.0018, ('Ner Loss', 0.0003033120301552117),  ('CLS Classification Loss', 0.0015388792380690575)
[INFO] 2022-09-11 20:05:29,521 [    train.py:  207]:	('Ner Acc', 0.9999082088470459),  ('CLS Classification Acc', 0.9994789361953735)
[INFO] 2022-09-11 20:05:31,858 [    train.py:  219]:	Evaluate:
[INFO] 2022-09-11 20:05:31,859 [    train.py:  226]:	Loss 0.2412, ('Ner Loss', 0.023874288),  ('CLS Classification Loss', 0.21729307)
[INFO] 2022-09-11 20:05:31,859 [    train.py:  227]:	('Ner Acc', 0.9976391), ('CLS Classification Acc', 0.97507006)
[INFO] 2022-09-11 20:05:44,925 [    train.py:  236]:	Precision 0.519 Recall 0.464 F1 0.490
[INFO] 2022-09-11 20:06:25,549 [    train.py:  184]:	Epoch 94: 
[INFO] 2022-09-11 20:06:25,549 [    train.py:  185]:	Train:
[INFO] 2022-09-11 20:06:25,552 [    train.py:  197]:	Loss 0.0020, ('Ner Loss', 0.0002747220569290221),  ('CLS Classification Loss', 0.0017376939067617059)
[INFO] 2022-09-11 20:06:25,552 [    train.py:  207]:	('Ner Acc', 0.9999192357063293),  ('CLS Classification Acc', 0.9994415044784546)
[INFO] 2022-09-11 20:06:27,837 [    train.py:  219]:	Evaluate:
[INFO] 2022-09-11 20:06:27,838 [    train.py:  226]:	Loss 0.2338, ('Ner Loss', 0.024342382),  ('CLS Classification Loss', 0.20948789)
[INFO] 2022-09-11 20:06:27,838 [    train.py:  227]:	('Ner Acc', 0.997684), ('CLS Classification Acc', 0.9748874)
[INFO] 2022-09-11 20:06:40,814 [    train.py:  236]:	Precision 0.518 Recall 0.471 F1 0.493
[INFO] 2022-09-11 20:07:21,591 [    train.py:  184]:	Epoch 95: 
[INFO] 2022-09-11 20:07:21,591 [    train.py:  185]:	Train:
[INFO] 2022-09-11 20:07:21,596 [    train.py:  197]:	Loss 0.0018, ('Ner Loss', 0.00018893727974500507),  ('CLS Classification Loss', 0.0016255347291007638)
[INFO] 2022-09-11 20:07:21,596 [    train.py:  207]:	('Ner Acc', 0.9999350309371948),  ('CLS Classification Acc', 0.9995285272598267)
[INFO] 2022-09-11 20:07:23,868 [    train.py:  219]:	Evaluate:
[INFO] 2022-09-11 20:07:23,869 [    train.py:  226]:	Loss 0.2233, ('Ner Loss', 0.025127314),  ('CLS Classification Loss', 0.19815738)
[INFO] 2022-09-11 20:07:23,869 [    train.py:  227]:	('Ner Acc', 0.9976478), ('CLS Classification Acc', 0.9737603)
[INFO] 2022-09-11 20:07:37,081 [    train.py:  236]:	Precision 0.489 Recall 0.445 F1 0.466
[INFO] 2022-09-11 20:08:17,893 [    train.py:  184]:	Epoch 96: 
[INFO] 2022-09-11 20:08:17,893 [    train.py:  185]:	Train:
[INFO] 2022-09-11 20:08:17,896 [    train.py:  197]:	Loss 0.0029, ('Ner Loss', 0.0002181930758524686),  ('CLS Classification Loss', 0.0027180493343621492)
[INFO] 2022-09-11 20:08:17,896 [    train.py:  207]:	('Ner Acc', 0.9999355673789978),  ('CLS Classification Acc', 0.9992928504943848)
[INFO] 2022-09-11 20:08:20,177 [    train.py:  219]:	Evaluate:
[INFO] 2022-09-11 20:08:20,177 [    train.py:  226]:	Loss 0.1895, ('Ner Loss', 0.022798305),  ('CLS Classification Loss', 0.16674443)
[INFO] 2022-09-11 20:08:20,178 [    train.py:  227]:	('Ner Acc', 0.9976379), ('CLS Classification Acc', 0.9756792)
[INFO] 2022-09-11 20:08:33,018 [    train.py:  236]:	Precision 0.521 Recall 0.460 F1 0.489
[INFO] 2022-09-11 20:09:13,710 [    train.py:  184]:	Epoch 97: 
[INFO] 2022-09-11 20:09:13,711 [    train.py:  185]:	Train:
[INFO] 2022-09-11 20:09:13,713 [    train.py:  197]:	Loss 0.0013, ('Ner Loss', 0.00023205003526527435),  ('CLS Classification Loss', 0.0010499669006094337)
[INFO] 2022-09-11 20:09:13,713 [    train.py:  207]:	('Ner Acc', 0.9999234676361084),  ('CLS Classification Acc', 0.9996773600578308)
[INFO] 2022-09-11 20:09:15,978 [    train.py:  219]:	Evaluate:
[INFO] 2022-09-11 20:09:15,978 [    train.py:  226]:	Loss 0.2380, ('Ner Loss', 0.02482963),  ('CLS Classification Loss', 0.21317475)
[INFO] 2022-09-11 20:09:15,979 [    train.py:  227]:	('Ner Acc', 0.9975677), ('CLS Classification Acc', 0.97520715)
[INFO] 2022-09-11 20:09:28,902 [    train.py:  236]:	Precision 0.515 Recall 0.484 F1 0.499
[INFO] 2022-09-11 20:10:09,835 [    train.py:  184]:	Epoch 98: 
[INFO] 2022-09-11 20:10:09,835 [    train.py:  185]:	Train:
[INFO] 2022-09-11 20:10:09,838 [    train.py:  197]:	Loss 0.0006, ('Ner Loss', 0.00011370125866960734),  ('CLS Classification Loss', 0.0005159613792784512)
[INFO] 2022-09-11 20:10:09,838 [    train.py:  207]:	('Ner Acc', 0.9999605417251587),  ('CLS Classification Acc', 0.9998138546943665)
[INFO] 2022-09-11 20:10:12,119 [    train.py:  219]:	Evaluate:
[INFO] 2022-09-11 20:10:12,120 [    train.py:  226]:	Loss 0.2404, ('Ner Loss', 0.025862027),  ('CLS Classification Loss', 0.21456721)
[INFO] 2022-09-11 20:10:12,120 [    train.py:  227]:	('Ner Acc', 0.99768037), ('CLS Classification Acc', 0.97701937)
[INFO] 2022-09-11 20:10:24,988 [    train.py:  236]:	Precision 0.540 Recall 0.465 F1 0.500
[INFO] 2022-09-11 20:11:05,833 [    train.py:  184]:	Epoch 99: 
[INFO] 2022-09-11 20:11:05,833 [    train.py:  185]:	Train:
[INFO] 2022-09-11 20:11:05,836 [    train.py:  197]:	Loss 0.0007, ('Ner Loss', 0.00010967753041768447),  ('CLS Classification Loss', 0.0005824308609589934)
[INFO] 2022-09-11 20:11:05,836 [    train.py:  207]:	('Ner Acc', 0.9999637007713318),  ('CLS Classification Acc', 0.9998138546943665)
[INFO] 2022-09-11 20:11:08,103 [    train.py:  219]:	Evaluate:
[INFO] 2022-09-11 20:11:08,104 [    train.py:  226]:	Loss 0.2399, ('Ner Loss', 0.026510647),  ('CLS Classification Loss', 0.2133713)
[INFO] 2022-09-11 20:11:08,104 [    train.py:  227]:	('Ner Acc', 0.9977462), ('CLS Classification Acc', 0.9762579)
[INFO] 2022-09-11 20:11:21,048 [    train.py:  236]:	Precision 0.530 Recall 0.459 F1 0.492
[INFO] 2022-09-11 20:12:01,997 [    train.py:  184]:	Epoch 100: 
[INFO] 2022-09-11 20:12:01,997 [    train.py:  185]:	Train:
[INFO] 2022-09-11 20:12:02,000 [    train.py:  197]:	Loss 0.0016, ('Ner Loss', 0.00014478999946732074),  ('CLS Classification Loss', 0.0014222702011466026)
[INFO] 2022-09-11 20:12:02,000 [    train.py:  207]:	('Ner Acc', 0.9999494552612305),  ('CLS Classification Acc', 0.9995284080505371)
[INFO] 2022-09-11 20:12:04,295 [    train.py:  219]:	Evaluate:
[INFO] 2022-09-11 20:12:04,296 [    train.py:  226]:	Loss 0.2406, ('Ner Loss', 0.025576781),  ('CLS Classification Loss', 0.2150636)
[INFO] 2022-09-11 20:12:04,296 [    train.py:  227]:	('Ner Acc', 0.99751663), ('CLS Classification Acc', 0.9733186)
[INFO] 2022-09-11 20:12:17,073 [    train.py:  236]:	Precision 0.499 Recall 0.480 F1 0.489
[INFO] 2022-09-11 20:12:17,073 [    train.py:  256]:	Best Epoch 98; Best f1 0.49968213604577244 precision 0.5398351648351648 recall 0.4650887573964497;
