[INFO] 2022-09-11 16:59:54,610 [    train.py:  505]:	Namespace(block_att_head_num=1, cased=True, d_block=256, data_aug=2, dataset='res15', do_test=True, do_train=True, do_valid=True, drop_null_data=True, dropout_rate=0.3, epochs=100, extra_attention=True, fuse_strategy='update', init_model_dir='', language='en', loss_ratio=1.0, lr=1e-05, mask_sb=True, model_type='end_to_end', output_dir='./output', save_dir='', task_name='ttee_res15_100epoch_256d_2aug_1e-5lr_cased_0.3dropout_dropnull_1loss', test_batch_size=32, train_batch_size=16, valid_freq=1)
[INFO] 2022-09-11 17:00:18,264 [    train.py:  118]:	{'init_bert_model': 'bert-base-cased', 'sentence_b': DictWrapper({'texts': ListWrapper(['general of ambience', 'price of drinks', 'quality of drinks', 'style options of drinks', 'prices of food', 'quality of food', 'style options of food', 'general of location', 'general of restaurant', 'miscellaneous of restaurant', 'prices of restaurant', 'general of service']), 'sentiments': ListWrapper(['negative', 'neutral', 'positive'])}), 'num_sentiment_classes': 3, 'subblock_hidden_size': 256, 'subblock_head_num': 1, 'cache_dir': 'bert_models/bert-base-cased', 'fuse_strategy': 'update', 'extra_attention': True, 'dropout': 0.3, 'loss_ratio': 1.0}
[INFO] 2022-09-11 17:00:18,264 [    train.py:  120]:	Number of Train Sentence: 1120
[INFO] 2022-09-11 17:00:18,279 [    train.py:  522]:	Data augment: Merge 2 train data together
[INFO] 2022-09-11 17:01:38,440 [    train.py:  184]:	Epoch 1: 
[INFO] 2022-09-11 17:01:38,441 [    train.py:  185]:	Train:
[INFO] 2022-09-11 17:01:38,449 [    train.py:  197]:	Loss 0.4027, ('Ner Loss', 0.11811099946498871),  ('CLS Classification Loss', 0.28459668159484863)
[INFO] 2022-09-11 17:01:38,449 [    train.py:  207]:	('Ner Acc', 0.9684072136878967),  ('CLS Classification Acc', 0.9110243916511536)
[INFO] 2022-09-11 17:01:44,088 [    train.py:  219]:	Evaluate:
[INFO] 2022-09-11 17:01:44,089 [    train.py:  226]:	Loss 0.2049, ('Ner Loss', 0.030027056),  ('CLS Classification Loss', 0.17484199)
[INFO] 2022-09-11 17:01:44,089 [    train.py:  227]:	('Ner Acc', 0.9968873), ('CLS Classification Acc', 0.962567)
[INFO] 2022-09-11 17:02:02,282 [    train.py:  236]:	Precision 0.000 Recall 0.000 F1 0.000
[INFO] 2022-09-11 17:02:45,273 [    train.py:  184]:	Epoch 2: 
[INFO] 2022-09-11 17:02:45,273 [    train.py:  185]:	Train:
[INFO] 2022-09-11 17:02:45,276 [    train.py:  197]:	Loss 0.2331, ('Ner Loss', 0.03511867672204971),  ('CLS Classification Loss', 0.19798465073108673)
[INFO] 2022-09-11 17:02:45,277 [    train.py:  207]:	('Ner Acc', 0.9960999488830566),  ('CLS Classification Acc', 0.9350321888923645)
[INFO] 2022-09-11 17:02:47,600 [    train.py:  219]:	Evaluate:
[INFO] 2022-09-11 17:02:47,601 [    train.py:  226]:	Loss 0.1868, ('Ner Loss', 0.026863161),  ('CLS Classification Loss', 0.15998645)
[INFO] 2022-09-11 17:02:47,601 [    train.py:  227]:	('Ner Acc', 0.9968852), ('CLS Classification Acc', 0.962567)
[INFO] 2022-09-11 17:03:02,254 [    train.py:  236]:	Precision 0.000 Recall 0.000 F1 0.000
[INFO] 2022-09-11 17:03:44,964 [    train.py:  184]:	Epoch 3: 
[INFO] 2022-09-11 17:03:44,964 [    train.py:  185]:	Train:
[INFO] 2022-09-11 17:03:44,967 [    train.py:  197]:	Loss 0.2145, ('Ner Loss', 0.03216785192489624),  ('CLS Classification Loss', 0.18233095109462738)
[INFO] 2022-09-11 17:03:44,968 [    train.py:  207]:	('Ner Acc', 0.9961455464363098),  ('CLS Classification Acc', 0.9359992742538452)
[INFO] 2022-09-11 17:03:47,270 [    train.py:  219]:	Evaluate:
[INFO] 2022-09-11 17:03:47,270 [    train.py:  226]:	Loss 0.1805, ('Ner Loss', 0.024532994),  ('CLS Classification Loss', 0.15592861)
[INFO] 2022-09-11 17:03:47,270 [    train.py:  227]:	('Ner Acc', 0.9968871), ('CLS Classification Acc', 0.9626126)
[INFO] 2022-09-11 17:04:02,012 [    train.py:  236]:	Precision 0.000 Recall 0.000 F1 0.000
[INFO] 2022-09-11 17:04:46,776 [    train.py:  184]:	Epoch 4: 
[INFO] 2022-09-11 17:04:46,777 [    train.py:  185]:	Train:
[INFO] 2022-09-11 17:04:46,782 [    train.py:  197]:	Loss 0.2072, ('Ner Loss', 0.03045673668384552),  ('CLS Classification Loss', 0.17678305506706238)
[INFO] 2022-09-11 17:04:46,783 [    train.py:  207]:	('Ner Acc', 0.9961395263671875),  ('CLS Classification Acc', 0.938145101070404)
[INFO] 2022-09-11 17:04:49,172 [    train.py:  219]:	Evaluate:
[INFO] 2022-09-11 17:04:49,173 [    train.py:  226]:	Loss 0.1765, ('Ner Loss', 0.023187345),  ('CLS Classification Loss', 0.15332195)
[INFO] 2022-09-11 17:04:49,173 [    train.py:  227]:	('Ner Acc', 0.99689734), ('CLS Classification Acc', 0.962567)
[INFO] 2022-09-11 17:05:07,664 [    train.py:  236]:	Precision 0.000 Recall 0.000 F1 0.000
[INFO] 2022-09-11 17:05:53,497 [    train.py:  184]:	Epoch 5: 
[INFO] 2022-09-11 17:05:53,497 [    train.py:  185]:	Train:
[INFO] 2022-09-11 17:05:53,500 [    train.py:  197]:	Loss 0.2016, ('Ner Loss', 0.028993478044867516),  ('CLS Classification Loss', 0.17263442277908325)
[INFO] 2022-09-11 17:05:53,500 [    train.py:  207]:	('Ner Acc', 0.9961330890655518),  ('CLS Classification Acc', 0.9402284026145935)
[INFO] 2022-09-11 17:05:55,981 [    train.py:  219]:	Evaluate:
[INFO] 2022-09-11 17:05:55,981 [    train.py:  226]:	Loss 0.1621, ('Ner Loss', 0.021805566),  ('CLS Classification Loss', 0.14028268)
[INFO] 2022-09-11 17:05:55,981 [    train.py:  227]:	('Ner Acc', 0.99689984), ('CLS Classification Acc', 0.96302384)
[INFO] 2022-09-11 17:06:14,247 [    train.py:  236]:	Precision 0.125 Recall 0.002 F1 0.005
[INFO] 2022-09-11 17:07:00,712 [    train.py:  184]:	Epoch 6: 
[INFO] 2022-09-11 17:07:00,713 [    train.py:  185]:	Train:
[INFO] 2022-09-11 17:07:00,716 [    train.py:  197]:	Loss 0.1927, ('Ner Loss', 0.02756728231906891),  ('CLS Classification Loss', 0.16512230038642883)
[INFO] 2022-09-11 17:07:00,716 [    train.py:  207]:	('Ner Acc', 0.9961466193199158),  ('CLS Classification Acc', 0.9428820013999939)
[INFO] 2022-09-11 17:07:03,162 [    train.py:  219]:	Evaluate:
[INFO] 2022-09-11 17:07:03,163 [    train.py:  226]:	Loss 0.1544, ('Ner Loss', 0.020824704),  ('CLS Classification Loss', 0.13354287)
[INFO] 2022-09-11 17:07:03,163 [    train.py:  227]:	('Ner Acc', 0.99689984), ('CLS Classification Acc', 0.9631152)
[INFO] 2022-09-11 17:07:20,949 [    train.py:  236]:	Precision 0.125 Recall 0.002 F1 0.005
[INFO] 2022-09-11 17:08:07,799 [    train.py:  184]:	Epoch 7: 
[INFO] 2022-09-11 17:08:07,800 [    train.py:  185]:	Train:
[INFO] 2022-09-11 17:08:07,803 [    train.py:  197]:	Loss 0.1841, ('Ner Loss', 0.026311734691262245),  ('CLS Classification Loss', 0.15782608091831207)
[INFO] 2022-09-11 17:08:07,803 [    train.py:  207]:	('Ner Acc', 0.9961528182029724),  ('CLS Classification Acc', 0.943997859954834)
[INFO] 2022-09-11 17:08:10,100 [    train.py:  219]:	Evaluate:
[INFO] 2022-09-11 17:08:10,100 [    train.py:  226]:	Loss 0.1463, ('Ner Loss', 0.019902691),  ('CLS Classification Loss', 0.12642504)
[INFO] 2022-09-11 17:08:10,101 [    train.py:  227]:	('Ner Acc', 0.99689984), ('CLS Classification Acc', 0.96389186)
[INFO] 2022-09-11 17:08:28,130 [    train.py:  236]:	Precision 0.045 Recall 0.004 F1 0.007
[INFO] 2022-09-11 17:09:13,803 [    train.py:  184]:	Epoch 8: 
[INFO] 2022-09-11 17:09:13,803 [    train.py:  185]:	Train:
[INFO] 2022-09-11 17:09:13,807 [    train.py:  197]:	Loss 0.1748, ('Ner Loss', 0.025057613849639893),  ('CLS Classification Loss', 0.14975185692310333)
[INFO] 2022-09-11 17:09:13,807 [    train.py:  207]:	('Ner Acc', 0.9961348176002502),  ('CLS Classification Acc', 0.9454611539840698)
[INFO] 2022-09-11 17:09:16,108 [    train.py:  219]:	Evaluate:
[INFO] 2022-09-11 17:09:16,108 [    train.py:  226]:	Loss 0.1404, ('Ner Loss', 0.018697258),  ('CLS Classification Loss', 0.121661715)
[INFO] 2022-09-11 17:09:16,108 [    train.py:  227]:	('Ner Acc', 0.9968953), ('CLS Classification Acc', 0.9636635)
[INFO] 2022-09-11 17:09:34,010 [    train.py:  236]:	Precision 0.100 Recall 0.007 F1 0.013
[INFO] 2022-09-11 17:10:19,984 [    train.py:  184]:	Epoch 9: 
[INFO] 2022-09-11 17:10:19,984 [    train.py:  185]:	Train:
[INFO] 2022-09-11 17:10:19,989 [    train.py:  197]:	Loss 0.1644, ('Ner Loss', 0.023353636264801025),  ('CLS Classification Loss', 0.14100797474384308)
[INFO] 2022-09-11 17:10:19,989 [    train.py:  207]:	('Ner Acc', 0.996135413646698),  ('CLS Classification Acc', 0.9472223520278931)
[INFO] 2022-09-11 17:10:22,411 [    train.py:  219]:	Evaluate:
[INFO] 2022-09-11 17:10:22,411 [    train.py:  226]:	Loss 0.1389, ('Ner Loss', 0.017609501),  ('CLS Classification Loss', 0.12130048)
[INFO] 2022-09-11 17:10:22,411 [    train.py:  227]:	('Ner Acc', 0.99689984), ('CLS Classification Acc', 0.9631153)
[INFO] 2022-09-11 17:10:40,476 [    train.py:  236]:	Precision 0.083 Recall 0.002 F1 0.005
[INFO] 2022-09-11 17:11:27,406 [    train.py:  184]:	Epoch 10: 
[INFO] 2022-09-11 17:11:27,407 [    train.py:  185]:	Train:
[INFO] 2022-09-11 17:11:27,410 [    train.py:  197]:	Loss 0.1556, ('Ner Loss', 0.02164837159216404),  ('CLS Classification Loss', 0.13394269347190857)
[INFO] 2022-09-11 17:11:27,410 [    train.py:  207]:	('Ner Acc', 0.9960935115814209),  ('CLS Classification Acc', 0.9481275081634521)
[INFO] 2022-09-11 17:11:29,816 [    train.py:  219]:	Evaluate:
[INFO] 2022-09-11 17:11:29,816 [    train.py:  226]:	Loss 0.1370, ('Ner Loss', 0.016438572),  ('CLS Classification Loss', 0.12051252)
[INFO] 2022-09-11 17:11:29,816 [    train.py:  227]:	('Ner Acc', 0.9968596), ('CLS Classification Acc', 0.9645314)
[INFO] 2022-09-11 17:11:47,974 [    train.py:  236]:	Precision 0.071 Recall 0.005 F1 0.009
[INFO] 2022-09-11 17:12:34,383 [    train.py:  184]:	Epoch 11: 
[INFO] 2022-09-11 17:12:34,384 [    train.py:  185]:	Train:
[INFO] 2022-09-11 17:12:34,387 [    train.py:  197]:	Loss 0.1466, ('Ner Loss', 0.020405888557434082),  ('CLS Classification Loss', 0.1262127310037613)
[INFO] 2022-09-11 17:12:34,387 [    train.py:  207]:	('Ner Acc', 0.9960256218910217),  ('CLS Classification Acc', 0.9515627026557922)
[INFO] 2022-09-11 17:12:36,757 [    train.py:  219]:	Evaluate:
[INFO] 2022-09-11 17:12:36,758 [    train.py:  226]:	Loss 0.1277, ('Ner Loss', 0.015471589),  ('CLS Classification Loss', 0.11219573)
[INFO] 2022-09-11 17:12:36,758 [    train.py:  227]:	('Ner Acc', 0.99686855), ('CLS Classification Acc', 0.966222)
[INFO] 2022-09-11 17:12:51,466 [    train.py:  236]:	Precision 0.126 Recall 0.018 F1 0.031
[INFO] 2022-09-11 17:13:34,500 [    train.py:  184]:	Epoch 12: 
[INFO] 2022-09-11 17:13:34,501 [    train.py:  185]:	Train:
[INFO] 2022-09-11 17:13:34,505 [    train.py:  197]:	Loss 0.1367, ('Ner Loss', 0.018905503675341606),  ('CLS Classification Loss', 0.11783019453287125)
[INFO] 2022-09-11 17:13:34,505 [    train.py:  207]:	('Ner Acc', 0.9960082769393921),  ('CLS Classification Acc', 0.9544393420219421)
[INFO] 2022-09-11 17:13:36,827 [    train.py:  219]:	Evaluate:
[INFO] 2022-09-11 17:13:36,828 [    train.py:  226]:	Loss 0.1244, ('Ner Loss', 0.014816201),  ('CLS Classification Loss', 0.10958861)
[INFO] 2022-09-11 17:13:36,828 [    train.py:  227]:	('Ner Acc', 0.9969366), ('CLS Classification Acc', 0.9665875)
[INFO] 2022-09-11 17:13:51,205 [    train.py:  236]:	Precision 0.227 Recall 0.038 F1 0.065
[INFO] 2022-09-11 17:14:34,322 [    train.py:  184]:	Epoch 13: 
[INFO] 2022-09-11 17:14:34,323 [    train.py:  185]:	Train:
[INFO] 2022-09-11 17:14:34,326 [    train.py:  197]:	Loss 0.1277, ('Ner Loss', 0.017735350877046585),  ('CLS Classification Loss', 0.10993961989879608)
[INFO] 2022-09-11 17:14:34,326 [    train.py:  207]:	('Ner Acc', 0.9960362911224365),  ('CLS Classification Acc', 0.9576014876365662)
[INFO] 2022-09-11 17:14:36,693 [    train.py:  219]:	Evaluate:
[INFO] 2022-09-11 17:14:36,693 [    train.py:  226]:	Loss 0.1239, ('Ner Loss', 0.014282151),  ('CLS Classification Loss', 0.109638475)
[INFO] 2022-09-11 17:14:36,693 [    train.py:  227]:	('Ner Acc', 0.9970282), ('CLS Classification Acc', 0.96818656)
[INFO] 2022-09-11 17:14:51,285 [    train.py:  236]:	Precision 0.242 Recall 0.070 F1 0.108
[INFO] 2022-09-11 17:15:34,670 [    train.py:  184]:	Epoch 14: 
[INFO] 2022-09-11 17:15:34,670 [    train.py:  185]:	Train:
[INFO] 2022-09-11 17:15:34,674 [    train.py:  197]:	Loss 0.1189, ('Ner Loss', 0.016250677406787872),  ('CLS Classification Loss', 0.10269756615161896)
[INFO] 2022-09-11 17:15:34,674 [    train.py:  207]:	('Ner Acc', 0.9961095452308655),  ('CLS Classification Acc', 0.9606027007102966)
[INFO] 2022-09-11 17:15:37,021 [    train.py:  219]:	Evaluate:
[INFO] 2022-09-11 17:15:37,022 [    train.py:  226]:	Loss 0.1249, ('Ner Loss', 0.013775629),  ('CLS Classification Loss', 0.11111393)
[INFO] 2022-09-11 17:15:37,022 [    train.py:  227]:	('Ner Acc', 0.99710155), ('CLS Classification Acc', 0.9696485)
[INFO] 2022-09-11 17:15:51,584 [    train.py:  236]:	Precision 0.276 Recall 0.122 F1 0.169
[INFO] 2022-09-11 17:16:34,620 [    train.py:  184]:	Epoch 15: 
[INFO] 2022-09-11 17:16:34,621 [    train.py:  185]:	Train:
[INFO] 2022-09-11 17:16:34,625 [    train.py:  197]:	Loss 0.1105, ('Ner Loss', 0.015167400240898132),  ('CLS Classification Loss', 0.09532405436038971)
[INFO] 2022-09-11 17:16:34,625 [    train.py:  207]:	('Ner Acc', 0.9962024092674255),  ('CLS Classification Acc', 0.963045597076416)
[INFO] 2022-09-11 17:16:36,952 [    train.py:  219]:	Evaluate:
[INFO] 2022-09-11 17:16:36,952 [    train.py:  226]:	Loss 0.1288, ('Ner Loss', 0.014214931),  ('CLS Classification Loss', 0.114564456)
[INFO] 2022-09-11 17:16:36,953 [    train.py:  227]:	('Ner Acc', 0.9971849), ('CLS Classification Acc', 0.96888715)
[INFO] 2022-09-11 17:16:51,350 [    train.py:  236]:	Precision 0.308 Recall 0.164 F1 0.214
[INFO] 2022-09-11 17:17:34,529 [    train.py:  184]:	Epoch 16: 
[INFO] 2022-09-11 17:17:34,529 [    train.py:  185]:	Train:
[INFO] 2022-09-11 17:17:34,535 [    train.py:  197]:	Loss 0.1017, ('Ner Loss', 0.014280031435191631),  ('CLS Classification Loss', 0.08741366118192673)
[INFO] 2022-09-11 17:17:34,535 [    train.py:  207]:	('Ner Acc', 0.9962751269340515),  ('CLS Classification Acc', 0.9660463333129883)
[INFO] 2022-09-11 17:17:36,962 [    train.py:  219]:	Evaluate:
[INFO] 2022-09-11 17:17:36,963 [    train.py:  226]:	Loss 0.1323, ('Ner Loss', 0.015670078),  ('CLS Classification Loss', 0.1166696)
[INFO] 2022-09-11 17:17:36,964 [    train.py:  227]:	('Ner Acc', 0.99689513), ('CLS Classification Acc', 0.9706993)
[INFO] 2022-09-11 17:17:51,409 [    train.py:  236]:	Precision 0.297 Recall 0.202 F1 0.241
[INFO] 2022-09-11 17:18:34,647 [    train.py:  184]:	Epoch 17: 
[INFO] 2022-09-11 17:18:34,648 [    train.py:  185]:	Train:
[INFO] 2022-09-11 17:18:34,654 [    train.py:  197]:	Loss 0.0951, ('Ner Loss', 0.013424081727862358),  ('CLS Classification Loss', 0.08164138346910477)
[INFO] 2022-09-11 17:18:34,654 [    train.py:  207]:	('Ner Acc', 0.9963861703872681),  ('CLS Classification Acc', 0.9683284163475037)
[INFO] 2022-09-11 17:18:37,036 [    train.py:  219]:	Evaluate:
[INFO] 2022-09-11 17:18:37,036 [    train.py:  226]:	Loss 0.1234, ('Ner Loss', 0.01337061),  ('CLS Classification Loss', 0.11005884)
[INFO] 2022-09-11 17:18:37,037 [    train.py:  227]:	('Ner Acc', 0.9971554), ('CLS Classification Acc', 0.97114104)
[INFO] 2022-09-11 17:18:51,502 [    train.py:  236]:	Precision 0.338 Recall 0.226 F1 0.271
[INFO] 2022-09-11 17:19:34,685 [    train.py:  184]:	Epoch 18: 
[INFO] 2022-09-11 17:19:34,686 [    train.py:  185]:	Train:
[INFO] 2022-09-11 17:19:34,691 [    train.py:  197]:	Loss 0.0887, ('Ner Loss', 0.01237800158560276),  ('CLS Classification Loss', 0.0762905552983284)
[INFO] 2022-09-11 17:19:34,691 [    train.py:  207]:	('Ner Acc', 0.9965527057647705),  ('CLS Classification Acc', 0.9702257513999939)
[INFO] 2022-09-11 17:19:37,067 [    train.py:  219]:	Evaluate:
[INFO] 2022-09-11 17:19:37,067 [    train.py:  226]:	Loss 0.1268, ('Ner Loss', 0.013049936),  ('CLS Classification Loss', 0.11375103)
[INFO] 2022-09-11 17:19:37,068 [    train.py:  227]:	('Ner Acc', 0.99726695), ('CLS Classification Acc', 0.9723897)
[INFO] 2022-09-11 17:19:50,980 [    train.py:  236]:	Precision 0.369 Recall 0.225 F1 0.279
[INFO] 2022-09-11 17:20:34,023 [    train.py:  184]:	Epoch 19: 
[INFO] 2022-09-11 17:20:34,024 [    train.py:  185]:	Train:
[INFO] 2022-09-11 17:20:34,027 [    train.py:  197]:	Loss 0.0820, ('Ner Loss', 0.011809409596025944),  ('CLS Classification Loss', 0.0701553076505661)
[INFO] 2022-09-11 17:20:34,027 [    train.py:  207]:	('Ner Acc', 0.9966018795967102),  ('CLS Classification Acc', 0.9728915691375732)
[INFO] 2022-09-11 17:20:36,390 [    train.py:  219]:	Evaluate:
[INFO] 2022-09-11 17:20:36,390 [    train.py:  226]:	Loss 0.1360, ('Ner Loss', 0.0141513925),  ('CLS Classification Loss', 0.12182872)
[INFO] 2022-09-11 17:20:36,390 [    train.py:  227]:	('Ner Acc', 0.9972882), ('CLS Classification Acc', 0.9724811)
[INFO] 2022-09-11 17:20:50,497 [    train.py:  236]:	Precision 0.370 Recall 0.217 F1 0.273
[INFO] 2022-09-11 17:21:33,448 [    train.py:  184]:	Epoch 20: 
[INFO] 2022-09-11 17:21:33,448 [    train.py:  185]:	Train:
[INFO] 2022-09-11 17:21:33,455 [    train.py:  197]:	Loss 0.0768, ('Ner Loss', 0.01132766529917717),  ('CLS Classification Loss', 0.06544330716133118)
[INFO] 2022-09-11 17:21:33,455 [    train.py:  207]:	('Ner Acc', 0.9966855645179749),  ('CLS Classification Acc', 0.9743428826332092)
[INFO] 2022-09-11 17:21:35,811 [    train.py:  219]:	Evaluate:
[INFO] 2022-09-11 17:21:35,812 [    train.py:  226]:	Loss 0.1306, ('Ner Loss', 0.013166147),  ('CLS Classification Loss', 0.117469326)
[INFO] 2022-09-11 17:21:35,812 [    train.py:  227]:	('Ner Acc', 0.99713594), ('CLS Classification Acc', 0.97260296)
[INFO] 2022-09-11 17:21:49,888 [    train.py:  236]:	Precision 0.382 Recall 0.329 F1 0.354
[INFO] 2022-09-11 17:22:32,794 [    train.py:  184]:	Epoch 21: 
[INFO] 2022-09-11 17:22:32,794 [    train.py:  185]:	Train:
[INFO] 2022-09-11 17:22:32,798 [    train.py:  197]:	Loss 0.0698, ('Ner Loss', 0.010341271758079529),  ('CLS Classification Loss', 0.05945755913853645)
[INFO] 2022-09-11 17:22:32,798 [    train.py:  207]:	('Ner Acc', 0.9968996047973633),  ('CLS Classification Acc', 0.9763886332511902)
[INFO] 2022-09-11 17:22:35,149 [    train.py:  219]:	Evaluate:
[INFO] 2022-09-11 17:22:35,150 [    train.py:  226]:	Loss 0.1552, ('Ner Loss', 0.014736749),  ('CLS Classification Loss', 0.14046195)
[INFO] 2022-09-11 17:22:35,150 [    train.py:  227]:	('Ner Acc', 0.99720937), ('CLS Classification Acc', 0.9730599)
[INFO] 2022-09-11 17:22:49,088 [    train.py:  236]:	Precision 0.398 Recall 0.278 F1 0.327
[INFO] 2022-09-11 17:23:32,213 [    train.py:  184]:	Epoch 22: 
[INFO] 2022-09-11 17:23:32,214 [    train.py:  185]:	Train:
[INFO] 2022-09-11 17:23:32,217 [    train.py:  197]:	Loss 0.0685, ('Ner Loss', 0.010108934715390205),  ('CLS Classification Loss', 0.05840536579489708)
[INFO] 2022-09-11 17:23:32,217 [    train.py:  207]:	('Ner Acc', 0.9969210028648376),  ('CLS Classification Acc', 0.9771454930305481)
[INFO] 2022-09-11 17:23:34,526 [    train.py:  219]:	Evaluate:
[INFO] 2022-09-11 17:23:34,527 [    train.py:  226]:	Loss 0.1326, ('Ner Loss', 0.014044136),  ('CLS Classification Loss', 0.118604735)
[INFO] 2022-09-11 17:23:34,527 [    train.py:  227]:	('Ner Acc', 0.9971186), ('CLS Classification Acc', 0.9726486)
[INFO] 2022-09-11 17:23:48,690 [    train.py:  236]:	Precision 0.338 Recall 0.264 F1 0.297
[INFO] 2022-09-11 17:24:31,616 [    train.py:  184]:	Epoch 23: 
[INFO] 2022-09-11 17:24:31,616 [    train.py:  185]:	Train:
[INFO] 2022-09-11 17:24:31,619 [    train.py:  197]:	Loss 0.0590, ('Ner Loss', 0.009382619522511959),  ('CLS Classification Loss', 0.049632396548986435)
[INFO] 2022-09-11 17:24:31,619 [    train.py:  207]:	('Ner Acc', 0.9971489906311035),  ('CLS Classification Acc', 0.9798240661621094)
[INFO] 2022-09-11 17:24:33,936 [    train.py:  219]:	Evaluate:
[INFO] 2022-09-11 17:24:33,936 [    train.py:  226]:	Loss 0.1379, ('Ner Loss', 0.015377742),  ('CLS Classification Loss', 0.12248971)
[INFO] 2022-09-11 17:24:33,937 [    train.py:  227]:	('Ner Acc', 0.9971976), ('CLS Classification Acc', 0.97503966)
[INFO] 2022-09-11 17:24:47,836 [    train.py:  236]:	Precision 0.399 Recall 0.336 F1 0.365
[INFO] 2022-09-11 17:25:30,750 [    train.py:  184]:	Epoch 24: 
[INFO] 2022-09-11 17:25:30,751 [    train.py:  185]:	Train:
[INFO] 2022-09-11 17:25:30,759 [    train.py:  197]:	Loss 0.0555, ('Ner Loss', 0.008640587329864502),  ('CLS Classification Loss', 0.04680968075990677)
[INFO] 2022-09-11 17:25:30,759 [    train.py:  207]:	('Ner Acc', 0.9972810745239258),  ('CLS Classification Acc', 0.9809648990631104)
[INFO] 2022-09-11 17:25:33,089 [    train.py:  219]:	Evaluate:
[INFO] 2022-09-11 17:25:33,090 [    train.py:  226]:	Loss 0.1401, ('Ner Loss', 0.013744178),  ('CLS Classification Loss', 0.12638949)
[INFO] 2022-09-11 17:25:33,090 [    train.py:  227]:	('Ner Acc', 0.9972059), ('CLS Classification Acc', 0.9729837)
[INFO] 2022-09-11 17:25:47,063 [    train.py:  236]:	Precision 0.393 Recall 0.344 F1 0.367
[INFO] 2022-09-11 17:26:29,823 [    train.py:  184]:	Epoch 25: 
[INFO] 2022-09-11 17:26:29,824 [    train.py:  185]:	Train:
[INFO] 2022-09-11 17:26:29,827 [    train.py:  197]:	Loss 0.0498, ('Ner Loss', 0.008334890007972717),  ('CLS Classification Loss', 0.04149959236383438)
[INFO] 2022-09-11 17:26:29,827 [    train.py:  207]:	('Ner Acc', 0.9973337650299072),  ('CLS Classification Acc', 0.9826512932777405)
[INFO] 2022-09-11 17:26:32,171 [    train.py:  219]:	Evaluate:
[INFO] 2022-09-11 17:26:32,172 [    train.py:  226]:	Loss 0.1618, ('Ner Loss', 0.016092017),  ('CLS Classification Loss', 0.14571765)
[INFO] 2022-09-11 17:26:32,172 [    train.py:  227]:	('Ner Acc', 0.9970688), ('CLS Classification Acc', 0.97194815)
[INFO] 2022-09-11 17:26:46,281 [    train.py:  236]:	Precision 0.363 Recall 0.354 F1 0.358
[INFO] 2022-09-11 17:27:29,384 [    train.py:  184]:	Epoch 26: 
[INFO] 2022-09-11 17:27:29,385 [    train.py:  185]:	Train:
[INFO] 2022-09-11 17:27:29,388 [    train.py:  197]:	Loss 0.0487, ('Ner Loss', 0.007955771870911121),  ('CLS Classification Loss', 0.0407024547457695)
[INFO] 2022-09-11 17:27:29,388 [    train.py:  207]:	('Ner Acc', 0.9973856210708618),  ('CLS Classification Acc', 0.9831348061561584)
[INFO] 2022-09-11 17:27:31,715 [    train.py:  219]:	Evaluate:
[INFO] 2022-09-11 17:27:31,715 [    train.py:  226]:	Loss 0.1530, ('Ner Loss', 0.015961891),  ('CLS Classification Loss', 0.13702078)
[INFO] 2022-09-11 17:27:31,716 [    train.py:  227]:	('Ner Acc', 0.9971426), ('CLS Classification Acc', 0.9733949)
[INFO] 2022-09-11 17:27:45,938 [    train.py:  236]:	Precision 0.399 Recall 0.355 F1 0.376
[INFO] 2022-09-11 17:28:28,866 [    train.py:  184]:	Epoch 27: 
[INFO] 2022-09-11 17:28:28,867 [    train.py:  185]:	Train:
[INFO] 2022-09-11 17:28:28,870 [    train.py:  197]:	Loss 0.0445, ('Ner Loss', 0.007385444827377796),  ('CLS Classification Loss', 0.03708820417523384)
[INFO] 2022-09-11 17:28:28,870 [    train.py:  207]:	('Ner Acc', 0.9975602030754089),  ('CLS Classification Acc', 0.984846293926239)
[INFO] 2022-09-11 17:28:31,201 [    train.py:  219]:	Evaluate:
[INFO] 2022-09-11 17:28:31,202 [    train.py:  226]:	Loss 0.1616, ('Ner Loss', 0.015069477),  ('CLS Classification Loss', 0.14653777)
[INFO] 2022-09-11 17:28:31,202 [    train.py:  227]:	('Ner Acc', 0.99720484), ('CLS Classification Acc', 0.9725419)
[INFO] 2022-09-11 17:28:45,352 [    train.py:  236]:	Precision 0.389 Recall 0.354 F1 0.371
[INFO] 2022-09-11 17:29:28,413 [    train.py:  184]:	Epoch 28: 
[INFO] 2022-09-11 17:29:28,414 [    train.py:  185]:	Train:
[INFO] 2022-09-11 17:29:28,419 [    train.py:  197]:	Loss 0.0417, ('Ner Loss', 0.006967306137084961),  ('CLS Classification Loss', 0.03474365919828415)
[INFO] 2022-09-11 17:29:28,419 [    train.py:  207]:	('Ner Acc', 0.9976523518562317),  ('CLS Classification Acc', 0.9857886433601379)
[INFO] 2022-09-11 17:29:30,769 [    train.py:  219]:	Evaluate:
[INFO] 2022-09-11 17:29:30,769 [    train.py:  226]:	Loss 0.1545, ('Ner Loss', 0.01607318),  ('CLS Classification Loss', 0.1384071)
[INFO] 2022-09-11 17:29:30,770 [    train.py:  227]:	('Ner Acc', 0.9972828), ('CLS Classification Acc', 0.9730141)
[INFO] 2022-09-11 17:29:44,984 [    train.py:  236]:	Precision 0.399 Recall 0.391 F1 0.395
[INFO] 2022-09-11 17:30:27,851 [    train.py:  184]:	Epoch 29: 
[INFO] 2022-09-11 17:30:27,852 [    train.py:  185]:	Train:
[INFO] 2022-09-11 17:30:27,859 [    train.py:  197]:	Loss 0.0385, ('Ner Loss', 0.006749925669282675),  ('CLS Classification Loss', 0.03173520788550377)
[INFO] 2022-09-11 17:30:27,860 [    train.py:  207]:	('Ner Acc', 0.9977485537528992),  ('CLS Classification Acc', 0.9874005913734436)
[INFO] 2022-09-11 17:30:30,238 [    train.py:  219]:	Evaluate:
[INFO] 2022-09-11 17:30:30,239 [    train.py:  226]:	Loss 0.1844, ('Ner Loss', 0.017612373),  ('CLS Classification Loss', 0.16683131)
[INFO] 2022-09-11 17:30:30,239 [    train.py:  227]:	('Ner Acc', 0.99724317), ('CLS Classification Acc', 0.9741716)
[INFO] 2022-09-11 17:30:44,293 [    train.py:  236]:	Precision 0.426 Recall 0.369 F1 0.395
[INFO] 2022-09-11 17:31:27,120 [    train.py:  184]:	Epoch 30: 
[INFO] 2022-09-11 17:31:27,120 [    train.py:  185]:	Train:
[INFO] 2022-09-11 17:31:27,123 [    train.py:  197]:	Loss 0.0366, ('Ner Loss', 0.006245418917387724),  ('CLS Classification Loss', 0.03038046695291996)
[INFO] 2022-09-11 17:31:27,124 [    train.py:  207]:	('Ner Acc', 0.9979084730148315),  ('CLS Classification Acc', 0.987636148929596)
[INFO] 2022-09-11 17:31:29,443 [    train.py:  219]:	Evaluate:
[INFO] 2022-09-11 17:31:29,444 [    train.py:  226]:	Loss 0.1791, ('Ner Loss', 0.016689375),  ('CLS Classification Loss', 0.16237941)
[INFO] 2022-09-11 17:31:29,444 [    train.py:  227]:	('Ner Acc', 0.99731517), ('CLS Classification Acc', 0.9730599)
[INFO] 2022-09-11 17:31:43,877 [    train.py:  236]:	Precision 0.407 Recall 0.354 F1 0.378
[INFO] 2022-09-11 17:32:26,818 [    train.py:  184]:	Epoch 31: 
[INFO] 2022-09-11 17:32:26,819 [    train.py:  185]:	Train:
[INFO] 2022-09-11 17:32:26,822 [    train.py:  197]:	Loss 0.0341, ('Ner Loss', 0.005919617135077715),  ('CLS Classification Loss', 0.028164613991975784)
[INFO] 2022-09-11 17:32:26,823 [    train.py:  207]:	('Ner Acc', 0.9979597926139832),  ('CLS Classification Acc', 0.9890748262405396)
[INFO] 2022-09-11 17:32:29,195 [    train.py:  219]:	Evaluate:
[INFO] 2022-09-11 17:32:29,196 [    train.py:  226]:	Loss 0.1638, ('Ner Loss', 0.017067814),  ('CLS Classification Loss', 0.14675827)
[INFO] 2022-09-11 17:32:29,196 [    train.py:  227]:	('Ner Acc', 0.9972499), ('CLS Classification Acc', 0.974537)
[INFO] 2022-09-11 17:32:43,299 [    train.py:  236]:	Precision 0.431 Recall 0.393 F1 0.411
[INFO] 2022-09-11 17:33:25,325 [    train.py:  184]:	Epoch 32: 
[INFO] 2022-09-11 17:33:25,325 [    train.py:  185]:	Train:
[INFO] 2022-09-11 17:33:25,329 [    train.py:  197]:	Loss 0.0305, ('Ner Loss', 0.005616446956992149),  ('CLS Classification Loss', 0.02488502487540245)
[INFO] 2022-09-11 17:33:25,329 [    train.py:  207]:	('Ner Acc', 0.9980494976043701),  ('CLS Classification Acc', 0.9901782274246216)
[INFO] 2022-09-11 17:33:27,625 [    train.py:  219]:	Evaluate:
[INFO] 2022-09-11 17:33:27,626 [    train.py:  226]:	Loss 0.1726, ('Ner Loss', 0.017992036),  ('CLS Classification Loss', 0.15458146)
[INFO] 2022-09-11 17:33:27,626 [    train.py:  227]:	('Ner Acc', 0.9974239), ('CLS Classification Acc', 0.9746436)
[INFO] 2022-09-11 17:33:41,816 [    train.py:  236]:	Precision 0.429 Recall 0.368 F1 0.396
[INFO] 2022-09-11 17:34:24,212 [    train.py:  184]:	Epoch 33: 
[INFO] 2022-09-11 17:34:24,212 [    train.py:  185]:	Train:
[INFO] 2022-09-11 17:34:24,216 [    train.py:  197]:	Loss 0.0276, ('Ner Loss', 0.005296510178595781),  ('CLS Classification Loss', 0.022315140813589096)
[INFO] 2022-09-11 17:34:24,216 [    train.py:  207]:	('Ner Acc', 0.998076319694519),  ('CLS Classification Acc', 0.9916046261787415)
[INFO] 2022-09-11 17:34:26,598 [    train.py:  219]:	Evaluate:
[INFO] 2022-09-11 17:34:26,598 [    train.py:  226]:	Loss 0.1940, ('Ner Loss', 0.017966771),  ('CLS Classification Loss', 0.17601031)
[INFO] 2022-09-11 17:34:26,598 [    train.py:  227]:	('Ner Acc', 0.9973286), ('CLS Classification Acc', 0.9734557)
[INFO] 2022-09-11 17:34:40,399 [    train.py:  236]:	Precision 0.433 Recall 0.408 F1 0.420
[INFO] 2022-09-11 17:35:23,349 [    train.py:  184]:	Epoch 34: 
[INFO] 2022-09-11 17:35:23,349 [    train.py:  185]:	Train:
[INFO] 2022-09-11 17:35:23,353 [    train.py:  197]:	Loss 0.0264, ('Ner Loss', 0.005115134175866842),  ('CLS Classification Loss', 0.021326297894120216)
[INFO] 2022-09-11 17:35:23,354 [    train.py:  207]:	('Ner Acc', 0.9982240796089172),  ('CLS Classification Acc', 0.9918152689933777)
[INFO] 2022-09-11 17:35:25,667 [    train.py:  219]:	Evaluate:
[INFO] 2022-09-11 17:35:25,668 [    train.py:  226]:	Loss 0.1730, ('Ner Loss', 0.018472744),  ('CLS Classification Loss', 0.1544998)
[INFO] 2022-09-11 17:35:25,668 [    train.py:  227]:	('Ner Acc', 0.99727774), ('CLS Classification Acc', 0.97421736)
[INFO] 2022-09-11 17:35:39,691 [    train.py:  236]:	Precision 0.421 Recall 0.452 F1 0.436
[INFO] 2022-09-11 17:36:21,424 [    train.py:  184]:	Epoch 35: 
[INFO] 2022-09-11 17:36:21,425 [    train.py:  185]:	Train:
[INFO] 2022-09-11 17:36:21,427 [    train.py:  197]:	Loss 0.0239, ('Ner Loss', 0.0049098096787929535),  ('CLS Classification Loss', 0.019006412476301193)
[INFO] 2022-09-11 17:36:21,427 [    train.py:  207]:	('Ner Acc', 0.998243510723114),  ('CLS Classification Acc', 0.9927456378936768)
[INFO] 2022-09-11 17:36:23,724 [    train.py:  219]:	Evaluate:
[INFO] 2022-09-11 17:36:23,725 [    train.py:  226]:	Loss 0.1935, ('Ner Loss', 0.018423015),  ('CLS Classification Loss', 0.17510323)
[INFO] 2022-09-11 17:36:23,725 [    train.py:  227]:	('Ner Acc', 0.99741435), ('CLS Classification Acc', 0.9726944)
[INFO] 2022-09-11 17:36:37,291 [    train.py:  236]:	Precision 0.420 Recall 0.407 F1 0.413
[INFO] 2022-09-11 17:37:19,053 [    train.py:  184]:	Epoch 36: 
[INFO] 2022-09-11 17:37:19,054 [    train.py:  185]:	Train:
[INFO] 2022-09-11 17:37:19,060 [    train.py:  197]:	Loss 0.0233, ('Ner Loss', 0.004583010915666819),  ('CLS Classification Loss', 0.018743373453617096)
[INFO] 2022-09-11 17:37:19,060 [    train.py:  207]:	('Ner Acc', 0.998340904712677),  ('CLS Classification Acc', 0.9925343990325928)
[INFO] 2022-09-11 17:37:21,372 [    train.py:  219]:	Evaluate:
[INFO] 2022-09-11 17:37:21,373 [    train.py:  226]:	Loss 0.2037, ('Ner Loss', 0.01887888),  ('CLS Classification Loss', 0.18478851)
[INFO] 2022-09-11 17:37:21,373 [    train.py:  227]:	('Ner Acc', 0.9974101), ('CLS Classification Acc', 0.9744)
[INFO] 2022-09-11 17:37:35,555 [    train.py:  236]:	Precision 0.451 Recall 0.411 F1 0.430
[INFO] 2022-09-11 17:38:16,962 [    train.py:  184]:	Epoch 37: 
[INFO] 2022-09-11 17:38:16,962 [    train.py:  185]:	Train:
[INFO] 2022-09-11 17:38:16,965 [    train.py:  197]:	Loss 0.0216, ('Ner Loss', 0.004285318776965141),  ('CLS Classification Loss', 0.017351558431982994)
[INFO] 2022-09-11 17:38:16,965 [    train.py:  207]:	('Ner Acc', 0.998448371887207),  ('CLS Classification Acc', 0.993588387966156)
[INFO] 2022-09-11 17:38:19,282 [    train.py:  219]:	Evaluate:
[INFO] 2022-09-11 17:38:19,283 [    train.py:  226]:	Loss 0.1914, ('Ner Loss', 0.01970448),  ('CLS Classification Loss', 0.17166723)
[INFO] 2022-09-11 17:38:19,283 [    train.py:  227]:	('Ner Acc', 0.99734575), ('CLS Classification Acc', 0.9730599)
[INFO] 2022-09-11 17:38:33,118 [    train.py:  236]:	Precision 0.440 Recall 0.437 F1 0.438
[INFO] 2022-09-11 17:39:14,549 [    train.py:  184]:	Epoch 38: 
[INFO] 2022-09-11 17:39:14,550 [    train.py:  185]:	Train:
[INFO] 2022-09-11 17:39:14,558 [    train.py:  197]:	Loss 0.0205, ('Ner Loss', 0.0041502597741782665),  ('CLS Classification Loss', 0.016369516029953957)
[INFO] 2022-09-11 17:39:14,558 [    train.py:  207]:	('Ner Acc', 0.9984931945800781),  ('CLS Classification Acc', 0.994047224521637)
[INFO] 2022-09-11 17:39:16,869 [    train.py:  219]:	Evaluate:
[INFO] 2022-09-11 17:39:16,870 [    train.py:  226]:	Loss 0.1915, ('Ner Loss', 0.02041604),  ('CLS Classification Loss', 0.17108954)
[INFO] 2022-09-11 17:39:16,870 [    train.py:  227]:	('Ner Acc', 0.9974151), ('CLS Classification Acc', 0.97481114)
[INFO] 2022-09-11 17:39:30,589 [    train.py:  236]:	Precision 0.461 Recall 0.412 F1 0.435
[INFO] 2022-09-11 17:40:12,409 [    train.py:  184]:	Epoch 39: 
[INFO] 2022-09-11 17:40:12,409 [    train.py:  185]:	Train:
[INFO] 2022-09-11 17:40:12,412 [    train.py:  197]:	Loss 0.0198, ('Ner Loss', 0.0039816065691411495),  ('CLS Classification Loss', 0.0158360805362463)
[INFO] 2022-09-11 17:40:12,412 [    train.py:  207]:	('Ner Acc', 0.9985448718070984),  ('CLS Classification Acc', 0.9940847158432007)
[INFO] 2022-09-11 17:40:14,739 [    train.py:  219]:	Evaluate:
[INFO] 2022-09-11 17:40:14,739 [    train.py:  226]:	Loss 0.1899, ('Ner Loss', 0.019188266),  ('CLS Classification Loss', 0.17068827)
[INFO] 2022-09-11 17:40:14,739 [    train.py:  227]:	('Ner Acc', 0.9973947), ('CLS Classification Acc', 0.9734254)
[INFO] 2022-09-11 17:40:28,580 [    train.py:  236]:	Precision 0.429 Recall 0.406 F1 0.417
[INFO] 2022-09-11 17:41:10,017 [    train.py:  184]:	Epoch 40: 
[INFO] 2022-09-11 17:41:10,017 [    train.py:  185]:	Train:
[INFO] 2022-09-11 17:41:10,023 [    train.py:  197]:	Loss 0.0170, ('Ner Loss', 0.003799360478296876),  ('CLS Classification Loss', 0.013177535496652126)
[INFO] 2022-09-11 17:41:10,023 [    train.py:  207]:	('Ner Acc', 0.9986166954040527),  ('CLS Classification Acc', 0.9949648976325989)
[INFO] 2022-09-11 17:41:12,324 [    train.py:  219]:	Evaluate:
[INFO] 2022-09-11 17:41:12,325 [    train.py:  226]:	Loss 0.1922, ('Ner Loss', 0.019671828),  ('CLS Classification Loss', 0.17255774)
[INFO] 2022-09-11 17:41:12,325 [    train.py:  227]:	('Ner Acc', 0.9974044), ('CLS Classification Acc', 0.97296846)
[INFO] 2022-09-11 17:41:25,816 [    train.py:  236]:	Precision 0.441 Recall 0.412 F1 0.426
[INFO] 2022-09-11 17:42:07,503 [    train.py:  184]:	Epoch 41: 
[INFO] 2022-09-11 17:42:07,503 [    train.py:  185]:	Train:
[INFO] 2022-09-11 17:42:07,506 [    train.py:  197]:	Loss 0.0157, ('Ner Loss', 0.003596806200221181),  ('CLS Classification Loss', 0.012067234143614769)
[INFO] 2022-09-11 17:42:07,506 [    train.py:  207]:	('Ner Acc', 0.9986686706542969),  ('CLS Classification Acc', 0.9953743815422058)
[INFO] 2022-09-11 17:42:09,786 [    train.py:  219]:	Evaluate:
[INFO] 2022-09-11 17:42:09,787 [    train.py:  226]:	Loss 0.2116, ('Ner Loss', 0.020546356),  ('CLS Classification Loss', 0.19103041)
[INFO] 2022-09-11 17:42:09,787 [    train.py:  227]:	('Ner Acc', 0.99733114), ('CLS Classification Acc', 0.9740193)
[INFO] 2022-09-11 17:42:23,306 [    train.py:  236]:	Precision 0.459 Recall 0.417 F1 0.437
[INFO] 2022-09-11 17:43:04,684 [    train.py:  184]:	Epoch 42: 
[INFO] 2022-09-11 17:43:04,684 [    train.py:  185]:	Train:
[INFO] 2022-09-11 17:43:04,689 [    train.py:  197]:	Loss 0.0165, ('Ner Loss', 0.003410099307075143),  ('CLS Classification Loss', 0.013040824793279171)
[INFO] 2022-09-11 17:43:04,689 [    train.py:  207]:	('Ner Acc', 0.9987253546714783),  ('CLS Classification Acc', 0.9951509833335876)
[INFO] 2022-09-11 17:43:06,975 [    train.py:  219]:	Evaluate:
[INFO] 2022-09-11 17:43:06,976 [    train.py:  226]:	Loss 0.2041, ('Ner Loss', 0.020506786),  ('CLS Classification Loss', 0.18356434)
[INFO] 2022-09-11 17:43:06,976 [    train.py:  227]:	('Ner Acc', 0.9973728), ('CLS Classification Acc', 0.97333395)
[INFO] 2022-09-11 17:43:20,763 [    train.py:  236]:	Precision 0.438 Recall 0.400 F1 0.418
[INFO] 2022-09-11 17:44:02,634 [    train.py:  184]:	Epoch 43: 
[INFO] 2022-09-11 17:44:02,635 [    train.py:  185]:	Train:
[INFO] 2022-09-11 17:44:02,637 [    train.py:  197]:	Loss 0.0171, ('Ner Loss', 0.003331967396661639),  ('CLS Classification Loss', 0.013817710801959038)
[INFO] 2022-09-11 17:44:02,637 [    train.py:  207]:	('Ner Acc', 0.9987490773200989),  ('CLS Classification Acc', 0.994828999042511)
[INFO] 2022-09-11 17:44:04,940 [    train.py:  219]:	Evaluate:
[INFO] 2022-09-11 17:44:04,940 [    train.py:  226]:	Loss 0.2071, ('Ner Loss', 0.021322984),  ('CLS Classification Loss', 0.1857801)
[INFO] 2022-09-11 17:44:04,941 [    train.py:  227]:	('Ner Acc', 0.9974848), ('CLS Classification Acc', 0.9727248)
[INFO] 2022-09-11 17:44:18,700 [    train.py:  236]:	Precision 0.449 Recall 0.425 F1 0.436
[INFO] 2022-09-11 17:45:00,352 [    train.py:  184]:	Epoch 44: 
[INFO] 2022-09-11 17:45:00,353 [    train.py:  185]:	Train:
[INFO] 2022-09-11 17:45:00,357 [    train.py:  197]:	Loss 0.0130, ('Ner Loss', 0.0032256331760436296),  ('CLS Classification Loss', 0.009755210019648075)
[INFO] 2022-09-11 17:45:00,357 [    train.py:  207]:	('Ner Acc', 0.9988067746162415),  ('CLS Classification Acc', 0.9964033961296082)
[INFO] 2022-09-11 17:45:02,666 [    train.py:  219]:	Evaluate:
[INFO] 2022-09-11 17:45:02,667 [    train.py:  226]:	Loss 0.2059, ('Ner Loss', 0.021748085),  ('CLS Classification Loss', 0.18416552)
[INFO] 2022-09-11 17:45:02,667 [    train.py:  227]:	('Ner Acc', 0.99738806), ('CLS Classification Acc', 0.97426295)
[INFO] 2022-09-11 17:45:16,561 [    train.py:  236]:	Precision 0.463 Recall 0.420 F1 0.440
[INFO] 2022-09-11 17:45:58,298 [    train.py:  184]:	Epoch 45: 
[INFO] 2022-09-11 17:45:58,298 [    train.py:  185]:	Train:
[INFO] 2022-09-11 17:45:58,300 [    train.py:  197]:	Loss 0.0110, ('Ner Loss', 0.002859611762687564),  ('CLS Classification Loss', 0.008097036741673946)
[INFO] 2022-09-11 17:45:58,301 [    train.py:  207]:	('Ner Acc', 0.9989301562309265),  ('CLS Classification Acc', 0.9969614148139954)
[INFO] 2022-09-11 17:46:00,602 [    train.py:  219]:	Evaluate:
[INFO] 2022-09-11 17:46:00,602 [    train.py:  226]:	Loss 0.2114, ('Ner Loss', 0.021977924),  ('CLS Classification Loss', 0.18940105)
[INFO] 2022-09-11 17:46:00,602 [    train.py:  227]:	('Ner Acc', 0.9973614), ('CLS Classification Acc', 0.97386694)
[INFO] 2022-09-11 17:46:14,093 [    train.py:  236]:	Precision 0.434 Recall 0.406 F1 0.420
[INFO] 2022-09-11 17:46:55,768 [    train.py:  184]:	Epoch 46: 
[INFO] 2022-09-11 17:46:55,768 [    train.py:  185]:	Train:
[INFO] 2022-09-11 17:46:55,771 [    train.py:  197]:	Loss 0.0111, ('Ner Loss', 0.0027755163609981537),  ('CLS Classification Loss', 0.008334053680300713)
[INFO] 2022-09-11 17:46:55,771 [    train.py:  207]:	('Ner Acc', 0.998957633972168),  ('CLS Classification Acc', 0.9971101880073547)
[INFO] 2022-09-11 17:46:58,092 [    train.py:  219]:	Evaluate:
[INFO] 2022-09-11 17:46:58,093 [    train.py:  226]:	Loss 0.2330, ('Ner Loss', 0.02332871),  ('CLS Classification Loss', 0.20963645)
[INFO] 2022-09-11 17:46:58,093 [    train.py:  227]:	('Ner Acc', 0.99741054), ('CLS Classification Acc', 0.9730293)
[INFO] 2022-09-11 17:47:11,734 [    train.py:  236]:	Precision 0.459 Recall 0.437 F1 0.448
[INFO] 2022-09-11 17:47:53,526 [    train.py:  184]:	Epoch 47: 
[INFO] 2022-09-11 17:47:53,527 [    train.py:  185]:	Train:
[INFO] 2022-09-11 17:47:53,531 [    train.py:  197]:	Loss 0.0119, ('Ner Loss', 0.002601461950689554),  ('CLS Classification Loss', 0.009298534132540226)
[INFO] 2022-09-11 17:47:53,531 [    train.py:  207]:	('Ner Acc', 0.9990170001983643),  ('CLS Classification Acc', 0.9966763257980347)
[INFO] 2022-09-11 17:47:55,803 [    train.py:  219]:	Evaluate:
[INFO] 2022-09-11 17:47:55,804 [    train.py:  226]:	Loss 0.2331, ('Ner Loss', 0.023201115),  ('CLS Classification Loss', 0.20988066)
[INFO] 2022-09-11 17:47:55,804 [    train.py:  227]:	('Ner Acc', 0.99739474), ('CLS Classification Acc', 0.9718872)
[INFO] 2022-09-11 17:48:09,529 [    train.py:  236]:	Precision 0.431 Recall 0.422 F1 0.427
[INFO] 2022-09-11 17:48:51,050 [    train.py:  184]:	Epoch 48: 
[INFO] 2022-09-11 17:48:51,051 [    train.py:  185]:	Train:
[INFO] 2022-09-11 17:48:51,059 [    train.py:  197]:	Loss 0.0099, ('Ner Loss', 0.0023822400253266096),  ('CLS Classification Loss', 0.0074877203442156315)
[INFO] 2022-09-11 17:48:51,059 [    train.py:  207]:	('Ner Acc', 0.9991189241409302),  ('CLS Classification Acc', 0.9972343444824219)
[INFO] 2022-09-11 17:48:53,384 [    train.py:  219]:	Evaluate:
[INFO] 2022-09-11 17:48:53,384 [    train.py:  226]:	Loss 0.2175, ('Ner Loss', 0.023266567),  ('CLS Classification Loss', 0.19422652)
[INFO] 2022-09-11 17:48:53,385 [    train.py:  227]:	('Ner Acc', 0.997466), ('CLS Classification Acc', 0.9743391)
[INFO] 2022-09-11 17:49:07,103 [    train.py:  236]:	Precision 0.478 Recall 0.421 F1 0.448
[INFO] 2022-09-11 17:49:48,849 [    train.py:  184]:	Epoch 49: 
[INFO] 2022-09-11 17:49:48,850 [    train.py:  185]:	Train:
[INFO] 2022-09-11 17:49:48,852 [    train.py:  197]:	Loss 0.0099, ('Ner Loss', 0.002438377356156707),  ('CLS Classification Loss', 0.007453106343746185)
[INFO] 2022-09-11 17:49:48,852 [    train.py:  207]:	('Ner Acc', 0.9990968108177185),  ('CLS Classification Acc', 0.9972588419914246)
[INFO] 2022-09-11 17:49:51,185 [    train.py:  219]:	Evaluate:
[INFO] 2022-09-11 17:49:51,186 [    train.py:  226]:	Loss 0.2011, ('Ner Loss', 0.022190517),  ('CLS Classification Loss', 0.17893296)
[INFO] 2022-09-11 17:49:51,186 [    train.py:  227]:	('Ner Acc', 0.99744666), ('CLS Classification Acc', 0.97441524)
[INFO] 2022-09-11 17:50:04,949 [    train.py:  236]:	Precision 0.451 Recall 0.433 F1 0.442
[INFO] 2022-09-11 17:50:46,667 [    train.py:  184]:	Epoch 50: 
[INFO] 2022-09-11 17:50:46,667 [    train.py:  185]:	Train:
[INFO] 2022-09-11 17:50:46,671 [    train.py:  197]:	Loss 0.0091, ('Ner Loss', 0.00231822463683784),  ('CLS Classification Loss', 0.006746246945112944)
[INFO] 2022-09-11 17:50:46,671 [    train.py:  207]:	('Ner Acc', 0.9991169571876526),  ('CLS Classification Acc', 0.9975442886352539)
[INFO] 2022-09-11 17:50:48,975 [    train.py:  219]:	Evaluate:
[INFO] 2022-09-11 17:50:48,975 [    train.py:  226]:	Loss 0.2082, ('Ner Loss', 0.023055952),  ('CLS Classification Loss', 0.18512635)
[INFO] 2022-09-11 17:50:48,975 [    train.py:  227]:	('Ner Acc', 0.99748963), ('CLS Classification Acc', 0.9744913)
[INFO] 2022-09-11 17:51:02,591 [    train.py:  236]:	Precision 0.455 Recall 0.413 F1 0.433
[INFO] 2022-09-11 17:51:44,324 [    train.py:  184]:	Epoch 51: 
[INFO] 2022-09-11 17:51:44,324 [    train.py:  185]:	Train:
[INFO] 2022-09-11 17:51:44,327 [    train.py:  197]:	Loss 0.0087, ('Ner Loss', 0.0021354882046580315),  ('CLS Classification Loss', 0.006573630031198263)
[INFO] 2022-09-11 17:51:44,328 [    train.py:  207]:	('Ner Acc', 0.9991974830627441),  ('CLS Classification Acc', 0.997494637966156)
[INFO] 2022-09-11 17:51:46,605 [    train.py:  219]:	Evaluate:
[INFO] 2022-09-11 17:51:46,606 [    train.py:  226]:	Loss 0.2250, ('Ner Loss', 0.024568025),  ('CLS Classification Loss', 0.20039244)
[INFO] 2022-09-11 17:51:46,606 [    train.py:  227]:	('Ner Acc', 0.9975084), ('CLS Classification Acc', 0.97426283)
[INFO] 2022-09-11 17:52:00,119 [    train.py:  236]:	Precision 0.476 Recall 0.426 F1 0.449
[INFO] 2022-09-11 17:52:41,363 [    train.py:  184]:	Epoch 52: 
[INFO] 2022-09-11 17:52:41,364 [    train.py:  185]:	Train:
[INFO] 2022-09-11 17:52:41,369 [    train.py:  197]:	Loss 0.0080, ('Ner Loss', 0.0020377482287585735),  ('CLS Classification Loss', 0.005945544224232435)
[INFO] 2022-09-11 17:52:41,369 [    train.py:  207]:	('Ner Acc', 0.9992247223854065),  ('CLS Classification Acc', 0.9978044629096985)
[INFO] 2022-09-11 17:52:43,670 [    train.py:  219]:	Evaluate:
[INFO] 2022-09-11 17:52:43,671 [    train.py:  226]:	Loss 0.2082, ('Ner Loss', 0.023516512),  ('CLS Classification Loss', 0.18464407)
[INFO] 2022-09-11 17:52:43,671 [    train.py:  227]:	('Ner Acc', 0.99759793), ('CLS Classification Acc', 0.9751614)
[INFO] 2022-09-11 17:52:56,942 [    train.py:  236]:	Precision 0.476 Recall 0.433 F1 0.454
[INFO] 2022-09-11 17:53:38,463 [    train.py:  184]:	Epoch 53: 
[INFO] 2022-09-11 17:53:38,464 [    train.py:  185]:	Train:
[INFO] 2022-09-11 17:53:38,466 [    train.py:  197]:	Loss 0.0081, ('Ner Loss', 0.0020414802711457014),  ('CLS Classification Loss', 0.00601215148344636)
[INFO] 2022-09-11 17:53:38,467 [    train.py:  207]:	('Ner Acc', 0.999249279499054),  ('CLS Classification Acc', 0.9977548718452454)
[INFO] 2022-09-11 17:53:40,794 [    train.py:  219]:	Evaluate:
[INFO] 2022-09-11 17:53:40,795 [    train.py:  226]:	Loss 0.2333, ('Ner Loss', 0.024818072),  ('CLS Classification Loss', 0.20849289)
[INFO] 2022-09-11 17:53:40,795 [    train.py:  227]:	('Ner Acc', 0.99747145), ('CLS Classification Acc', 0.9749025)
[INFO] 2022-09-11 17:53:54,595 [    train.py:  236]:	Precision 0.484 Recall 0.420 F1 0.450
[INFO] 2022-09-11 17:54:36,242 [    train.py:  184]:	Epoch 54: 
[INFO] 2022-09-11 17:54:36,242 [    train.py:  185]:	Train:
[INFO] 2022-09-11 17:54:36,248 [    train.py:  197]:	Loss 0.0075, ('Ner Loss', 0.001986899645999074),  ('CLS Classification Loss', 0.005491317715495825)
[INFO] 2022-09-11 17:54:36,248 [    train.py:  207]:	('Ner Acc', 0.9992624521255493),  ('CLS Classification Acc', 0.9978293180465698)
[INFO] 2022-09-11 17:54:38,567 [    train.py:  219]:	Evaluate:
[INFO] 2022-09-11 17:54:38,567 [    train.py:  226]:	Loss 0.2278, ('Ner Loss', 0.02337935),  ('CLS Classification Loss', 0.20445073)
[INFO] 2022-09-11 17:54:38,567 [    train.py:  227]:	('Ner Acc', 0.99752223), ('CLS Classification Acc', 0.9738822)
[INFO] 2022-09-11 17:54:52,460 [    train.py:  236]:	Precision 0.483 Recall 0.464 F1 0.473
[INFO] 2022-09-11 17:55:33,713 [    train.py:  184]:	Epoch 55: 
[INFO] 2022-09-11 17:55:33,713 [    train.py:  185]:	Train:
[INFO] 2022-09-11 17:55:33,719 [    train.py:  197]:	Loss 0.0065, ('Ner Loss', 0.001781171653419733),  ('CLS Classification Loss', 0.004747380502521992)
[INFO] 2022-09-11 17:55:33,719 [    train.py:  207]:	('Ner Acc', 0.9993324279785156),  ('CLS Classification Acc', 0.9982759952545166)
[INFO] 2022-09-11 17:55:36,034 [    train.py:  219]:	Evaluate:
[INFO] 2022-09-11 17:55:36,035 [    train.py:  226]:	Loss 0.2303, ('Ner Loss', 0.024569243),  ('CLS Classification Loss', 0.20569955)
[INFO] 2022-09-11 17:55:36,035 [    train.py:  227]:	('Ner Acc', 0.9975291), ('CLS Classification Acc', 0.97424775)
[INFO] 2022-09-11 17:55:49,331 [    train.py:  236]:	Precision 0.476 Recall 0.411 F1 0.441
[INFO] 2022-09-11 17:56:30,227 [    train.py:  184]:	Epoch 56: 
[INFO] 2022-09-11 17:56:30,228 [    train.py:  185]:	Train:
[INFO] 2022-09-11 17:56:30,230 [    train.py:  197]:	Loss 0.0068, ('Ner Loss', 0.001889964914880693),  ('CLS Classification Loss', 0.004882544744759798)
[INFO] 2022-09-11 17:56:30,230 [    train.py:  207]:	('Ner Acc', 0.999312162399292),  ('CLS Classification Acc', 0.9980155825614929)
[INFO] 2022-09-11 17:56:32,490 [    train.py:  219]:	Evaluate:
[INFO] 2022-09-11 17:56:32,491 [    train.py:  226]:	Loss 0.2406, ('Ner Loss', 0.025160318),  ('CLS Classification Loss', 0.2154723)
[INFO] 2022-09-11 17:56:32,491 [    train.py:  227]:	('Ner Acc', 0.9975597), ('CLS Classification Acc', 0.9743544)
[INFO] 2022-09-11 17:56:45,455 [    train.py:  236]:	Precision 0.486 Recall 0.408 F1 0.444
[INFO] 2022-09-11 17:57:26,317 [    train.py:  184]:	Epoch 57: 
[INFO] 2022-09-11 17:57:26,318 [    train.py:  185]:	Train:
[INFO] 2022-09-11 17:57:26,321 [    train.py:  197]:	Loss 0.0071, ('Ner Loss', 0.0016969024436548352),  ('CLS Classification Loss', 0.005410511512309313)
[INFO] 2022-09-11 17:57:26,321 [    train.py:  207]:	('Ner Acc', 0.9993551969528198),  ('CLS Classification Acc', 0.9980527758598328)
[INFO] 2022-09-11 17:57:28,583 [    train.py:  219]:	Evaluate:
[INFO] 2022-09-11 17:57:28,583 [    train.py:  226]:	Loss 0.2321, ('Ner Loss', 0.025544005),  ('CLS Classification Loss', 0.20656344)
[INFO] 2022-09-11 17:57:28,583 [    train.py:  227]:	('Ner Acc', 0.9975903), ('CLS Classification Acc', 0.9746741)
[INFO] 2022-09-11 17:57:41,804 [    train.py:  236]:	Precision 0.500 Recall 0.430 F1 0.462
[INFO] 2022-09-11 17:58:22,849 [    train.py:  184]:	Epoch 58: 
[INFO] 2022-09-11 17:58:22,849 [    train.py:  185]:	Train:
[INFO] 2022-09-11 17:58:22,853 [    train.py:  197]:	Loss 0.0061, ('Ner Loss', 0.0015375547809526324),  ('CLS Classification Loss', 0.004607453942298889)
[INFO] 2022-09-11 17:58:22,853 [    train.py:  207]:	('Ner Acc', 0.9994254112243652),  ('CLS Classification Acc', 0.9983627200126648)
[INFO] 2022-09-11 17:58:25,147 [    train.py:  219]:	Evaluate:
[INFO] 2022-09-11 17:58:25,148 [    train.py:  226]:	Loss 0.2452, ('Ner Loss', 0.025324473),  ('CLS Classification Loss', 0.21985257)
[INFO] 2022-09-11 17:58:25,148 [    train.py:  227]:	('Ner Acc', 0.99744594), ('CLS Classification Acc', 0.9737908)
[INFO] 2022-09-11 17:58:38,152 [    train.py:  236]:	Precision 0.474 Recall 0.449 F1 0.461
[INFO] 2022-09-11 17:59:19,006 [    train.py:  184]:	Epoch 59: 
[INFO] 2022-09-11 17:59:19,006 [    train.py:  185]:	Train:
[INFO] 2022-09-11 17:59:19,009 [    train.py:  197]:	Loss 0.0066, ('Ner Loss', 0.0016805969644337893),  ('CLS Classification Loss', 0.004919176455587149)
[INFO] 2022-09-11 17:59:19,009 [    train.py:  207]:	('Ner Acc', 0.999377429485321),  ('CLS Classification Acc', 0.998263418674469)
[INFO] 2022-09-11 17:59:21,306 [    train.py:  219]:	Evaluate:
[INFO] 2022-09-11 17:59:21,307 [    train.py:  226]:	Loss 0.2365, ('Ner Loss', 0.024122052),  ('CLS Classification Loss', 0.21242009)
[INFO] 2022-09-11 17:59:21,307 [    train.py:  227]:	('Ner Acc', 0.9974558), ('CLS Classification Acc', 0.9716587)
[INFO] 2022-09-11 17:59:34,400 [    train.py:  236]:	Precision 0.434 Recall 0.465 F1 0.449
[INFO] 2022-09-11 18:00:15,338 [    train.py:  184]:	Epoch 60: 
[INFO] 2022-09-11 18:00:15,338 [    train.py:  185]:	Train:
[INFO] 2022-09-11 18:00:15,341 [    train.py:  197]:	Loss 0.0063, ('Ner Loss', 0.0015645544044673443),  ('CLS Classification Loss', 0.00476475153118372)
[INFO] 2022-09-11 18:00:15,341 [    train.py:  207]:	('Ner Acc', 0.9993978142738342),  ('CLS Classification Acc', 0.9983875751495361)
[INFO] 2022-09-11 18:00:17,608 [    train.py:  219]:	Evaluate:
[INFO] 2022-09-11 18:00:17,608 [    train.py:  226]:	Loss 0.2311, ('Ner Loss', 0.024255047),  ('CLS Classification Loss', 0.20686454)
[INFO] 2022-09-11 18:00:17,609 [    train.py:  227]:	('Ner Acc', 0.99750096), ('CLS Classification Acc', 0.9739431)
[INFO] 2022-09-11 18:00:30,282 [    train.py:  236]:	Precision 0.471 Recall 0.444 F1 0.457
[INFO] 2022-09-11 18:01:11,120 [    train.py:  184]:	Epoch 61: 
[INFO] 2022-09-11 18:01:11,120 [    train.py:  185]:	Train:
[INFO] 2022-09-11 18:01:11,126 [    train.py:  197]:	Loss 0.0054, ('Ner Loss', 0.0014753807336091995),  ('CLS Classification Loss', 0.0039051843341439962)
[INFO] 2022-09-11 18:01:11,126 [    train.py:  207]:	('Ner Acc', 0.9994553923606873),  ('CLS Classification Acc', 0.9987967610359192)
[INFO] 2022-09-11 18:01:13,414 [    train.py:  219]:	Evaluate:
[INFO] 2022-09-11 18:01:13,414 [    train.py:  226]:	Loss 0.2421, ('Ner Loss', 0.026450003),  ('CLS Classification Loss', 0.21568695)
[INFO] 2022-09-11 18:01:13,414 [    train.py:  227]:	('Ner Acc', 0.99749327), ('CLS Classification Acc', 0.9736384)
[INFO] 2022-09-11 18:01:26,047 [    train.py:  236]:	Precision 0.463 Recall 0.450 F1 0.456
[INFO] 2022-09-11 18:02:07,123 [    train.py:  184]:	Epoch 62: 
[INFO] 2022-09-11 18:02:07,124 [    train.py:  185]:	Train:
[INFO] 2022-09-11 18:02:07,129 [    train.py:  197]:	Loss 0.0055, ('Ner Loss', 0.0015172830317169428),  ('CLS Classification Loss', 0.003967043943703175)
[INFO] 2022-09-11 18:02:07,129 [    train.py:  207]:	('Ner Acc', 0.9994497299194336),  ('CLS Classification Acc', 0.9985238313674927)
[INFO] 2022-09-11 18:02:09,422 [    train.py:  219]:	Evaluate:
[INFO] 2022-09-11 18:02:09,422 [    train.py:  226]:	Loss 0.2367, ('Ner Loss', 0.024781113),  ('CLS Classification Loss', 0.2119664)
[INFO] 2022-09-11 18:02:09,422 [    train.py:  227]:	('Ner Acc', 0.9975045), ('CLS Classification Acc', 0.9745523)
[INFO] 2022-09-11 18:02:22,320 [    train.py:  236]:	Precision 0.484 Recall 0.457 F1 0.470
[INFO] 2022-09-11 18:03:03,459 [    train.py:  184]:	Epoch 63: 
[INFO] 2022-09-11 18:03:03,460 [    train.py:  185]:	Train:
[INFO] 2022-09-11 18:03:03,462 [    train.py:  197]:	Loss 0.0067, ('Ner Loss', 0.0014381734654307365),  ('CLS Classification Loss', 0.005290679633617401)
[INFO] 2022-09-11 18:03:03,462 [    train.py:  207]:	('Ner Acc', 0.9994584321975708),  ('CLS Classification Acc', 0.9982014298439026)
[INFO] 2022-09-11 18:03:05,748 [    train.py:  219]:	Evaluate:
[INFO] 2022-09-11 18:03:05,748 [    train.py:  226]:	Loss 0.2278, ('Ner Loss', 0.026689107),  ('CLS Classification Loss', 0.20106383)
[INFO] 2022-09-11 18:03:05,749 [    train.py:  227]:	('Ner Acc', 0.99760133), ('CLS Classification Acc', 0.9755573)
[INFO] 2022-09-11 18:03:18,716 [    train.py:  236]:	Precision 0.511 Recall 0.447 F1 0.477
[INFO] 2022-09-11 18:03:59,751 [    train.py:  184]:	Epoch 64: 
[INFO] 2022-09-11 18:03:59,752 [    train.py:  185]:	Train:
[INFO] 2022-09-11 18:03:59,754 [    train.py:  197]:	Loss 0.0046, ('Ner Loss', 0.00123980815988034),  ('CLS Classification Loss', 0.003320579882711172)
[INFO] 2022-09-11 18:03:59,754 [    train.py:  207]:	('Ner Acc', 0.9995139241218567),  ('CLS Classification Acc', 0.9987472295761108)
[INFO] 2022-09-11 18:04:02,014 [    train.py:  219]:	Evaluate:
[INFO] 2022-09-11 18:04:02,015 [    train.py:  226]:	Loss 0.2460, ('Ner Loss', 0.027353927),  ('CLS Classification Loss', 0.21864535)
[INFO] 2022-09-11 18:04:02,015 [    train.py:  227]:	('Ner Acc', 0.99746203), ('CLS Classification Acc', 0.974202)
[INFO] 2022-09-11 18:04:15,039 [    train.py:  236]:	Precision 0.485 Recall 0.460 F1 0.472
[INFO] 2022-09-11 18:04:55,850 [    train.py:  184]:	Epoch 65: 
[INFO] 2022-09-11 18:04:55,850 [    train.py:  185]:	Train:
[INFO] 2022-09-11 18:04:55,853 [    train.py:  197]:	Loss 0.0045, ('Ner Loss', 0.0012704554246738553),  ('CLS Classification Loss', 0.0031867907382547855)
[INFO] 2022-09-11 18:04:55,853 [    train.py:  207]:	('Ner Acc', 0.9995175004005432),  ('CLS Classification Acc', 0.9989951848983765)
[INFO] 2022-09-11 18:04:58,119 [    train.py:  219]:	Evaluate:
[INFO] 2022-09-11 18:04:58,120 [    train.py:  226]:	Loss 0.2429, ('Ner Loss', 0.026794707),  ('CLS Classification Loss', 0.21612212)
[INFO] 2022-09-11 18:04:58,120 [    train.py:  227]:	('Ner Acc', 0.997514), ('CLS Classification Acc', 0.9741563)
[INFO] 2022-09-11 18:05:10,878 [    train.py:  236]:	Precision 0.482 Recall 0.451 F1 0.466
[INFO] 2022-09-11 18:05:51,787 [    train.py:  184]:	Epoch 66: 
[INFO] 2022-09-11 18:05:51,788 [    train.py:  185]:	Train:
[INFO] 2022-09-11 18:05:51,792 [    train.py:  197]:	Loss 0.0042, ('Ner Loss', 0.001184668391942978),  ('CLS Classification Loss', 0.002974981674924493)
[INFO] 2022-09-11 18:05:51,792 [    train.py:  207]:	('Ner Acc', 0.9995535612106323),  ('CLS Classification Acc', 0.9989083409309387)
[INFO] 2022-09-11 18:05:54,062 [    train.py:  219]:	Evaluate:
[INFO] 2022-09-11 18:05:54,063 [    train.py:  226]:	Loss 0.2531, ('Ner Loss', 0.027372714),  ('CLS Classification Loss', 0.2256981)
[INFO] 2022-09-11 18:05:54,063 [    train.py:  227]:	('Ner Acc', 0.9976093), ('CLS Classification Acc', 0.9745674)
[INFO] 2022-09-11 18:06:06,946 [    train.py:  236]:	Precision 0.495 Recall 0.439 F1 0.465
[INFO] 2022-09-11 18:06:47,740 [    train.py:  184]:	Epoch 67: 
[INFO] 2022-09-11 18:06:47,740 [    train.py:  185]:	Train:
[INFO] 2022-09-11 18:06:47,743 [    train.py:  197]:	Loss 0.0048, ('Ner Loss', 0.001102726673707366),  ('CLS Classification Loss', 0.00371227553114295)
[INFO] 2022-09-11 18:06:47,743 [    train.py:  207]:	('Ner Acc', 0.9995765686035156),  ('CLS Classification Acc', 0.9987969398498535)
[INFO] 2022-09-11 18:06:49,996 [    train.py:  219]:	Evaluate:
[INFO] 2022-09-11 18:06:49,997 [    train.py:  226]:	Loss 0.2339, ('Ner Loss', 0.026163096),  ('CLS Classification Loss', 0.2077775)
[INFO] 2022-09-11 18:06:49,997 [    train.py:  227]:	('Ner Acc', 0.99755055), ('CLS Classification Acc', 0.9746132)
[INFO] 2022-09-11 18:07:02,818 [    train.py:  236]:	Precision 0.495 Recall 0.446 F1 0.469
[INFO] 2022-09-11 18:07:44,021 [    train.py:  184]:	Epoch 68: 
[INFO] 2022-09-11 18:07:44,022 [    train.py:  185]:	Train:
[INFO] 2022-09-11 18:07:44,025 [    train.py:  197]:	Loss 0.0044, ('Ner Loss', 0.0011688654776662588),  ('CLS Classification Loss', 0.003244159510359168)
[INFO] 2022-09-11 18:07:44,025 [    train.py:  207]:	('Ner Acc', 0.9995607733726501),  ('CLS Classification Acc', 0.998932957649231)
[INFO] 2022-09-11 18:07:46,288 [    train.py:  219]:	Evaluate:
[INFO] 2022-09-11 18:07:46,289 [    train.py:  226]:	Loss 0.2766, ('Ner Loss', 0.029431269),  ('CLS Classification Loss', 0.24714606)
[INFO] 2022-09-11 18:07:46,289 [    train.py:  227]:	('Ner Acc', 0.9975539), ('CLS Classification Acc', 0.9725421)
[INFO] 2022-09-11 18:07:59,062 [    train.py:  236]:	Precision 0.499 Recall 0.401 F1 0.445
[INFO] 2022-09-11 18:08:40,109 [    train.py:  184]:	Epoch 69: 
[INFO] 2022-09-11 18:08:40,109 [    train.py:  185]:	Train:
[INFO] 2022-09-11 18:08:40,115 [    train.py:  197]:	Loss 0.0058, ('Ner Loss', 0.0012040402507409453),  ('CLS Classification Loss', 0.0045840987004339695)
[INFO] 2022-09-11 18:08:40,115 [    train.py:  207]:	('Ner Acc', 0.9995480179786682),  ('CLS Classification Acc', 0.9983256459236145)
[INFO] 2022-09-11 18:08:42,404 [    train.py:  219]:	Evaluate:
[INFO] 2022-09-11 18:08:42,404 [    train.py:  226]:	Loss 0.2297, ('Ner Loss', 0.026104279),  ('CLS Classification Loss', 0.20355196)
[INFO] 2022-09-11 18:08:42,404 [    train.py:  227]:	('Ner Acc', 0.99745107), ('CLS Classification Acc', 0.9742477)
[INFO] 2022-09-11 18:08:55,208 [    train.py:  236]:	Precision 0.489 Recall 0.438 F1 0.462
[INFO] 2022-09-11 18:09:36,235 [    train.py:  184]:	Epoch 70: 
[INFO] 2022-09-11 18:09:36,236 [    train.py:  185]:	Train:
[INFO] 2022-09-11 18:09:36,239 [    train.py:  197]:	Loss 0.0049, ('Ner Loss', 0.0012711085146293044),  ('CLS Classification Loss', 0.0036435783840715885)
[INFO] 2022-09-11 18:09:36,240 [    train.py:  207]:	('Ner Acc', 0.9995487928390503),  ('CLS Classification Acc', 0.9987843036651611)
[INFO] 2022-09-11 18:09:38,499 [    train.py:  219]:	Evaluate:
[INFO] 2022-09-11 18:09:38,500 [    train.py:  226]:	Loss 0.2382, ('Ner Loss', 0.027081951),  ('CLS Classification Loss', 0.21107069)
[INFO] 2022-09-11 18:09:38,500 [    train.py:  227]:	('Ner Acc', 0.99759114), ('CLS Classification Acc', 0.97397363)
[INFO] 2022-09-11 18:09:51,217 [    train.py:  236]:	Precision 0.491 Recall 0.469 F1 0.480
[INFO] 2022-09-11 18:10:32,152 [    train.py:  184]:	Epoch 71: 
[INFO] 2022-09-11 18:10:32,153 [    train.py:  185]:	Train:
[INFO] 2022-09-11 18:10:32,158 [    train.py:  197]:	Loss 0.0043, ('Ner Loss', 0.0011388752609491348),  ('CLS Classification Loss', 0.0031757489778101444)
[INFO] 2022-09-11 18:10:32,159 [    train.py:  207]:	('Ner Acc', 0.9995874762535095),  ('CLS Classification Acc', 0.9988215565681458)
[INFO] 2022-09-11 18:10:34,427 [    train.py:  219]:	Evaluate:
[INFO] 2022-09-11 18:10:34,427 [    train.py:  226]:	Loss 0.2402, ('Ner Loss', 0.027061114),  ('CLS Classification Loss', 0.21308918)
[INFO] 2022-09-11 18:10:34,427 [    train.py:  227]:	('Ner Acc', 0.99757755), ('CLS Classification Acc', 0.974339)
[INFO] 2022-09-11 18:10:47,094 [    train.py:  236]:	Precision 0.478 Recall 0.456 F1 0.467
[INFO] 2022-09-11 18:11:27,941 [    train.py:  184]:	Epoch 72: 
[INFO] 2022-09-11 18:11:27,941 [    train.py:  185]:	Train:
[INFO] 2022-09-11 18:11:27,944 [    train.py:  197]:	Loss 0.0043, ('Ner Loss', 0.0010277077089995146),  ('CLS Classification Loss', 0.00327647989615798)
[INFO] 2022-09-11 18:11:27,944 [    train.py:  207]:	('Ner Acc', 0.9996088147163391),  ('CLS Classification Acc', 0.9989208579063416)
[INFO] 2022-09-11 18:11:30,224 [    train.py:  219]:	Evaluate:
[INFO] 2022-09-11 18:11:30,224 [    train.py:  226]:	Loss 0.2398, ('Ner Loss', 0.026642947),  ('CLS Classification Loss', 0.21316712)
[INFO] 2022-09-11 18:11:30,224 [    train.py:  227]:	('Ner Acc', 0.99761945), ('CLS Classification Acc', 0.9745523)
[INFO] 2022-09-11 18:11:43,763 [    train.py:  236]:	Precision 0.494 Recall 0.452 F1 0.472
[INFO] 2022-09-11 18:12:24,626 [    train.py:  184]:	Epoch 73: 
[INFO] 2022-09-11 18:12:24,627 [    train.py:  185]:	Train:
[INFO] 2022-09-11 18:12:24,631 [    train.py:  197]:	Loss 0.0032, ('Ner Loss', 0.000930907903239131),  ('CLS Classification Loss', 0.0022842595353722572)
[INFO] 2022-09-11 18:12:24,631 [    train.py:  207]:	('Ner Acc', 0.999662458896637),  ('CLS Classification Acc', 0.9991812705993652)
[INFO] 2022-09-11 18:12:26,905 [    train.py:  219]:	Evaluate:
[INFO] 2022-09-11 18:12:26,906 [    train.py:  226]:	Loss 0.2466, ('Ner Loss', 0.028278962),  ('CLS Classification Loss', 0.21836592)
[INFO] 2022-09-11 18:12:26,906 [    train.py:  227]:	('Ner Acc', 0.9976525), ('CLS Classification Acc', 0.975268)
[INFO] 2022-09-11 18:12:39,830 [    train.py:  236]:	Precision 0.514 Recall 0.444 F1 0.476
[INFO] 2022-09-11 18:13:20,697 [    train.py:  184]:	Epoch 74: 
[INFO] 2022-09-11 18:13:20,698 [    train.py:  185]:	Train:
[INFO] 2022-09-11 18:13:20,701 [    train.py:  197]:	Loss 0.0035, ('Ner Loss', 0.0009085095371119678),  ('CLS Classification Loss', 0.002559375949203968)
[INFO] 2022-09-11 18:13:20,701 [    train.py:  207]:	('Ner Acc', 0.9996682405471802),  ('CLS Classification Acc', 0.9991191029548645)
[INFO] 2022-09-11 18:13:22,971 [    train.py:  219]:	Evaluate:
[INFO] 2022-09-11 18:13:22,972 [    train.py:  226]:	Loss 0.2518, ('Ner Loss', 0.028019175),  ('CLS Classification Loss', 0.2238239)
[INFO] 2022-09-11 18:13:22,972 [    train.py:  227]:	('Ner Acc', 0.9976535), ('CLS Classification Acc', 0.9749634)
[INFO] 2022-09-11 18:13:36,133 [    train.py:  236]:	Precision 0.527 Recall 0.404 F1 0.457
[INFO] 2022-09-11 18:14:17,039 [    train.py:  184]:	Epoch 75: 
[INFO] 2022-09-11 18:14:17,039 [    train.py:  185]:	Train:
[INFO] 2022-09-11 18:14:17,042 [    train.py:  197]:	Loss 0.0033, ('Ner Loss', 0.0008724707295186818),  ('CLS Classification Loss', 0.002435807604342699)
[INFO] 2022-09-11 18:14:17,042 [    train.py:  207]:	('Ner Acc', 0.9996557831764221),  ('CLS Classification Acc', 0.9992557168006897)
[INFO] 2022-09-11 18:14:19,333 [    train.py:  219]:	Evaluate:
[INFO] 2022-09-11 18:14:19,334 [    train.py:  226]:	Loss 0.2446, ('Ner Loss', 0.028473591),  ('CLS Classification Loss', 0.21607685)
[INFO] 2022-09-11 18:14:19,334 [    train.py:  227]:	('Ner Acc', 0.9976163), ('CLS Classification Acc', 0.9740496)
[INFO] 2022-09-11 18:14:32,316 [    train.py:  236]:	Precision 0.494 Recall 0.466 F1 0.480
[INFO] 2022-09-11 18:15:13,221 [    train.py:  184]:	Epoch 76: 
[INFO] 2022-09-11 18:15:13,222 [    train.py:  185]:	Train:
[INFO] 2022-09-11 18:15:13,229 [    train.py:  197]:	Loss 0.0027, ('Ner Loss', 0.0008160384022630751),  ('CLS Classification Loss', 0.0018596017034724355)
[INFO] 2022-09-11 18:15:13,230 [    train.py:  207]:	('Ner Acc', 0.9997140169143677),  ('CLS Classification Acc', 0.9994664788246155)
[INFO] 2022-09-11 18:15:15,530 [    train.py:  219]:	Evaluate:
[INFO] 2022-09-11 18:15:15,531 [    train.py:  226]:	Loss 0.2699, ('Ner Loss', 0.02992327),  ('CLS Classification Loss', 0.23993544)
[INFO] 2022-09-11 18:15:15,531 [    train.py:  227]:	('Ner Acc', 0.9976054), ('CLS Classification Acc', 0.9735015)
[INFO] 2022-09-11 18:15:28,461 [    train.py:  236]:	Precision 0.499 Recall 0.427 F1 0.460
[INFO] 2022-09-11 18:16:09,589 [    train.py:  184]:	Epoch 77: 
[INFO] 2022-09-11 18:16:09,590 [    train.py:  185]:	Train:
[INFO] 2022-09-11 18:16:09,593 [    train.py:  197]:	Loss 0.0036, ('Ner Loss', 0.0008614420075900853),  ('CLS Classification Loss', 0.0026958175003528595)
[INFO] 2022-09-11 18:16:09,594 [    train.py:  207]:	('Ner Acc', 0.9997081160545349),  ('CLS Classification Acc', 0.999119222164154)
[INFO] 2022-09-11 18:16:11,866 [    train.py:  219]:	Evaluate:
[INFO] 2022-09-11 18:16:11,866 [    train.py:  226]:	Loss 0.2591, ('Ner Loss', 0.028287396),  ('CLS Classification Loss', 0.23077762)
[INFO] 2022-09-11 18:16:11,867 [    train.py:  227]:	('Ner Acc', 0.9977231), ('CLS Classification Acc', 0.97496337)
[INFO] 2022-09-11 18:16:24,713 [    train.py:  236]:	Precision 0.546 Recall 0.395 F1 0.458
[INFO] 2022-09-11 18:17:05,581 [    train.py:  184]:	Epoch 78: 
[INFO] 2022-09-11 18:17:05,581 [    train.py:  185]:	Train:
[INFO] 2022-09-11 18:17:05,584 [    train.py:  197]:	Loss 0.0045, ('Ner Loss', 0.000880351522937417),  ('CLS Classification Loss', 0.0035806468222290277)
[INFO] 2022-09-11 18:17:05,584 [    train.py:  207]:	('Ner Acc', 0.9996724724769592),  ('CLS Classification Acc', 0.9988340139389038)
[INFO] 2022-09-11 18:17:07,861 [    train.py:  219]:	Evaluate:
[INFO] 2022-09-11 18:17:07,862 [    train.py:  226]:	Loss 0.2476, ('Ner Loss', 0.028388565),  ('CLS Classification Loss', 0.21920535)
[INFO] 2022-09-11 18:17:07,862 [    train.py:  227]:	('Ner Acc', 0.9976339), ('CLS Classification Acc', 0.97459793)
[INFO] 2022-09-11 18:17:20,881 [    train.py:  236]:	Precision 0.515 Recall 0.426 F1 0.466
[INFO] 2022-09-11 18:18:01,687 [    train.py:  184]:	Epoch 79: 
[INFO] 2022-09-11 18:18:01,687 [    train.py:  185]:	Train:
[INFO] 2022-09-11 18:18:01,690 [    train.py:  197]:	Loss 0.0031, ('Ner Loss', 0.0008913265191949904),  ('CLS Classification Loss', 0.002212750958278775)
[INFO] 2022-09-11 18:18:01,690 [    train.py:  207]:	('Ner Acc', 0.9996888041496277),  ('CLS Classification Acc', 0.9992926716804504)
[INFO] 2022-09-11 18:18:03,960 [    train.py:  219]:	Evaluate:
[INFO] 2022-09-11 18:18:03,961 [    train.py:  226]:	Loss 0.2517, ('Ner Loss', 0.029197518),  ('CLS Classification Loss', 0.22254115)
[INFO] 2022-09-11 18:18:03,961 [    train.py:  227]:	('Ner Acc', 0.99775714), ('CLS Classification Acc', 0.97456753)
[INFO] 2022-09-11 18:18:16,589 [    train.py:  236]:	Precision 0.545 Recall 0.452 F1 0.494
[INFO] 2022-09-11 18:18:57,496 [    train.py:  184]:	Epoch 80: 
[INFO] 2022-09-11 18:18:57,497 [    train.py:  185]:	Train:
[INFO] 2022-09-11 18:18:57,502 [    train.py:  197]:	Loss 0.0034, ('Ner Loss', 0.0008247733931057155),  ('CLS Classification Loss', 0.002530462807044387)
[INFO] 2022-09-11 18:18:57,503 [    train.py:  207]:	('Ner Acc', 0.9996964335441589),  ('CLS Classification Acc', 0.9991688132286072)
[INFO] 2022-09-11 18:18:59,785 [    train.py:  219]:	Evaluate:
[INFO] 2022-09-11 18:18:59,785 [    train.py:  226]:	Loss 0.2682, ('Ner Loss', 0.029537141),  ('CLS Classification Loss', 0.23870814)
[INFO] 2022-09-11 18:18:59,785 [    train.py:  227]:	('Ner Acc', 0.9976119), ('CLS Classification Acc', 0.9753899)
[INFO] 2022-09-11 18:19:12,728 [    train.py:  236]:	Precision 0.523 Recall 0.441 F1 0.479
[INFO] 2022-09-11 18:19:53,859 [    train.py:  184]:	Epoch 81: 
[INFO] 2022-09-11 18:19:53,859 [    train.py:  185]:	Train:
[INFO] 2022-09-11 18:19:53,862 [    train.py:  197]:	Loss 0.0033, ('Ner Loss', 0.000759859976824373),  ('CLS Classification Loss', 0.0025276150554418564)
[INFO] 2022-09-11 18:19:53,862 [    train.py:  207]:	('Ner Acc', 0.9997134804725647),  ('CLS Classification Acc', 0.9992308616638184)
[INFO] 2022-09-11 18:19:56,146 [    train.py:  219]:	Evaluate:
[INFO] 2022-09-11 18:19:56,147 [    train.py:  226]:	Loss 0.2405, ('Ner Loss', 0.02771259),  ('CLS Classification Loss', 0.21281947)
[INFO] 2022-09-11 18:19:56,147 [    train.py:  227]:	('Ner Acc', 0.9977228), ('CLS Classification Acc', 0.9753594)
[INFO] 2022-09-11 18:20:09,448 [    train.py:  236]:	Precision 0.538 Recall 0.439 F1 0.483
[INFO] 2022-09-11 18:20:50,463 [    train.py:  184]:	Epoch 82: 
[INFO] 2022-09-11 18:20:50,464 [    train.py:  185]:	Train:
[INFO] 2022-09-11 18:20:50,468 [    train.py:  197]:	Loss 0.0035, ('Ner Loss', 0.0007461098721250892),  ('CLS Classification Loss', 0.0027562312316149473)
[INFO] 2022-09-11 18:20:50,468 [    train.py:  207]:	('Ner Acc', 0.999726414680481),  ('CLS Classification Acc', 0.9991438984870911)
[INFO] 2022-09-11 18:20:52,742 [    train.py:  219]:	Evaluate:
[INFO] 2022-09-11 18:20:52,743 [    train.py:  226]:	Loss 0.2355, ('Ner Loss', 0.028596044),  ('CLS Classification Loss', 0.20685402)
[INFO] 2022-09-11 18:20:52,743 [    train.py:  227]:	('Ner Acc', 0.9976459), ('CLS Classification Acc', 0.9758163)
[INFO] 2022-09-11 18:21:05,545 [    train.py:  236]:	Precision 0.530 Recall 0.437 F1 0.479
[INFO] 2022-09-11 18:21:46,673 [    train.py:  184]:	Epoch 83: 
[INFO] 2022-09-11 18:21:46,674 [    train.py:  185]:	Train:
[INFO] 2022-09-11 18:21:46,678 [    train.py:  197]:	Loss 0.0037, ('Ner Loss', 0.0007270611822605133),  ('CLS Classification Loss', 0.0029819535557180643)
[INFO] 2022-09-11 18:21:46,678 [    train.py:  207]:	('Ner Acc', 0.9997223019599915),  ('CLS Classification Acc', 0.9989955425262451)
[INFO] 2022-09-11 18:21:48,959 [    train.py:  219]:	Evaluate:
[INFO] 2022-09-11 18:21:48,959 [    train.py:  226]:	Loss 0.2625, ('Ner Loss', 0.030269394),  ('CLS Classification Loss', 0.23221314)
[INFO] 2022-09-11 18:21:48,959 [    train.py:  227]:	('Ner Acc', 0.9975812), ('CLS Classification Acc', 0.97404975)
[INFO] 2022-09-11 18:22:01,794 [    train.py:  236]:	Precision 0.492 Recall 0.458 F1 0.475
[INFO] 2022-09-11 18:22:42,677 [    train.py:  184]:	Epoch 84: 
[INFO] 2022-09-11 18:22:42,678 [    train.py:  185]:	Train:
[INFO] 2022-09-11 18:22:42,680 [    train.py:  197]:	Loss 0.0028, ('Ner Loss', 0.0006661718362011015),  ('CLS Classification Loss', 0.0020968825556337833)
[INFO] 2022-09-11 18:22:42,681 [    train.py:  207]:	('Ner Acc', 0.999754011631012),  ('CLS Classification Acc', 0.9994046092033386)
[INFO] 2022-09-11 18:22:44,960 [    train.py:  219]:	Evaluate:
[INFO] 2022-09-11 18:22:44,961 [    train.py:  226]:	Loss 0.2395, ('Ner Loss', 0.028875154),  ('CLS Classification Loss', 0.2106303)
[INFO] 2022-09-11 18:22:44,961 [    train.py:  227]:	('Ner Acc', 0.99756694), ('CLS Classification Acc', 0.97494817)
[INFO] 2022-09-11 18:22:57,850 [    train.py:  236]:	Precision 0.494 Recall 0.459 F1 0.476
[INFO] 2022-09-11 18:23:39,077 [    train.py:  184]:	Epoch 85: 
[INFO] 2022-09-11 18:23:39,078 [    train.py:  185]:	Train:
[INFO] 2022-09-11 18:23:39,081 [    train.py:  197]:	Loss 0.0029, ('Ner Loss', 0.0006159533513709903),  ('CLS Classification Loss', 0.0023125323932617903)
[INFO] 2022-09-11 18:23:39,081 [    train.py:  207]:	('Ner Acc', 0.9997687339782715),  ('CLS Classification Acc', 0.9991812705993652)
[INFO] 2022-09-11 18:23:41,349 [    train.py:  219]:	Evaluate:
[INFO] 2022-09-11 18:23:41,350 [    train.py:  226]:	Loss 0.2524, ('Ner Loss', 0.030337814),  ('CLS Classification Loss', 0.22208709)
[INFO] 2022-09-11 18:23:41,350 [    train.py:  227]:	('Ner Acc', 0.9976144), ('CLS Classification Acc', 0.97537464)
[INFO] 2022-09-11 18:23:54,274 [    train.py:  236]:	Precision 0.522 Recall 0.456 F1 0.486
[INFO] 2022-09-11 18:24:35,267 [    train.py:  184]:	Epoch 86: 
[INFO] 2022-09-11 18:24:35,268 [    train.py:  185]:	Train:
[INFO] 2022-09-11 18:24:35,270 [    train.py:  197]:	Loss 0.0027, ('Ner Loss', 0.0006056139245629311),  ('CLS Classification Loss', 0.00207505957223475)
[INFO] 2022-09-11 18:24:35,270 [    train.py:  207]:	('Ner Acc', 0.9997782111167908),  ('CLS Classification Acc', 0.9993674159049988)
[INFO] 2022-09-11 18:24:37,560 [    train.py:  219]:	Evaluate:
[INFO] 2022-09-11 18:24:37,561 [    train.py:  226]:	Loss 0.2653, ('Ner Loss', 0.030956721),  ('CLS Classification Loss', 0.23436461)
[INFO] 2022-09-11 18:24:37,561 [    train.py:  227]:	('Ner Acc', 0.99755365), ('CLS Classification Acc', 0.97404975)
[INFO] 2022-09-11 18:24:50,601 [    train.py:  236]:	Precision 0.497 Recall 0.458 F1 0.477
[INFO] 2022-09-11 18:25:31,926 [    train.py:  184]:	Epoch 87: 
[INFO] 2022-09-11 18:25:31,926 [    train.py:  185]:	Train:
[INFO] 2022-09-11 18:25:31,932 [    train.py:  197]:	Loss 0.0017, ('Ner Loss', 0.0005291738780215383),  ('CLS Classification Loss', 0.00116532645188272)
[INFO] 2022-09-11 18:25:31,932 [    train.py:  207]:	('Ner Acc', 0.9998133778572083),  ('CLS Classification Acc', 0.9996277689933777)
[INFO] 2022-09-11 18:25:34,258 [    train.py:  219]:	Evaluate:
[INFO] 2022-09-11 18:25:34,259 [    train.py:  226]:	Loss 0.2794, ('Ner Loss', 0.03164095),  ('CLS Classification Loss', 0.24776775)
[INFO] 2022-09-11 18:25:34,259 [    train.py:  227]:	('Ner Acc', 0.99757785), ('CLS Classification Acc', 0.9728314)
[INFO] 2022-09-11 18:25:47,362 [    train.py:  236]:	Precision 0.489 Recall 0.457 F1 0.472
[INFO] 2022-09-11 18:26:28,455 [    train.py:  184]:	Epoch 88: 
[INFO] 2022-09-11 18:26:28,455 [    train.py:  185]:	Train:
[INFO] 2022-09-11 18:26:28,458 [    train.py:  197]:	Loss 0.0021, ('Ner Loss', 0.0005314420559443533),  ('CLS Classification Loss', 0.00156737572979182)
[INFO] 2022-09-11 18:26:28,458 [    train.py:  207]:	('Ner Acc', 0.9997923970222473),  ('CLS Classification Acc', 0.9995657801628113)
[INFO] 2022-09-11 18:26:30,733 [    train.py:  219]:	Evaluate:
[INFO] 2022-09-11 18:26:30,734 [    train.py:  226]:	Loss 0.2853, ('Ner Loss', 0.03212619),  ('CLS Classification Loss', 0.2531806)
[INFO] 2022-09-11 18:26:30,734 [    train.py:  227]:	('Ner Acc', 0.997563), ('CLS Classification Acc', 0.9726639)
[INFO] 2022-09-11 18:26:43,687 [    train.py:  236]:	Precision 0.482 Recall 0.451 F1 0.466
[INFO] 2022-09-11 18:27:24,633 [    train.py:  184]:	Epoch 89: 
[INFO] 2022-09-11 18:27:24,633 [    train.py:  185]:	Train:
[INFO] 2022-09-11 18:27:24,639 [    train.py:  197]:	Loss 0.0034, ('Ner Loss', 0.0006342626293189824),  ('CLS Classification Loss', 0.0027336988132447004)
[INFO] 2022-09-11 18:27:24,639 [    train.py:  207]:	('Ner Acc', 0.999773383140564),  ('CLS Classification Acc', 0.9991191029548645)
[INFO] 2022-09-11 18:27:26,899 [    train.py:  219]:	Evaluate:
[INFO] 2022-09-11 18:27:26,900 [    train.py:  226]:	Loss 0.2381, ('Ner Loss', 0.028132614),  ('CLS Classification Loss', 0.21001111)
[INFO] 2022-09-11 18:27:26,900 [    train.py:  227]:	('Ner Acc', 0.9976506), ('CLS Classification Acc', 0.9741867)
[INFO] 2022-09-11 18:27:40,040 [    train.py:  236]:	Precision 0.519 Recall 0.437 F1 0.474
[INFO] 2022-09-11 18:28:20,940 [    train.py:  184]:	Epoch 90: 
[INFO] 2022-09-11 18:28:20,940 [    train.py:  185]:	Train:
[INFO] 2022-09-11 18:28:20,944 [    train.py:  197]:	Loss 0.0025, ('Ner Loss', 0.0005344703095033765),  ('CLS Classification Loss', 0.0019216426881030202)
[INFO] 2022-09-11 18:28:20,944 [    train.py:  207]:	('Ner Acc', 0.9997987747192383),  ('CLS Classification Acc', 0.9993795156478882)
[INFO] 2022-09-11 18:28:23,240 [    train.py:  219]:	Evaluate:
[INFO] 2022-09-11 18:28:23,240 [    train.py:  226]:	Loss 0.2554, ('Ner Loss', 0.02972855),  ('CLS Classification Loss', 0.22563578)
[INFO] 2022-09-11 18:28:23,241 [    train.py:  227]:	('Ner Acc', 0.9976342), ('CLS Classification Acc', 0.9723593)
[INFO] 2022-09-11 18:28:36,489 [    train.py:  236]:	Precision 0.479 Recall 0.439 F1 0.458
[INFO] 2022-09-11 18:29:17,831 [    train.py:  184]:	Epoch 91: 
[INFO] 2022-09-11 18:29:17,831 [    train.py:  185]:	Train:
[INFO] 2022-09-11 18:29:17,834 [    train.py:  197]:	Loss 0.0021, ('Ner Loss', 0.0005521982093341649),  ('CLS Classification Loss', 0.0015728318830952048)
[INFO] 2022-09-11 18:29:17,834 [    train.py:  207]:	('Ner Acc', 0.9998100399971008),  ('CLS Classification Acc', 0.9994416236877441)
[INFO] 2022-09-11 18:29:20,126 [    train.py:  219]:	Evaluate:
[INFO] 2022-09-11 18:29:20,126 [    train.py:  226]:	Loss 0.2389, ('Ner Loss', 0.02831957),  ('CLS Classification Loss', 0.21062018)
[INFO] 2022-09-11 18:29:20,127 [    train.py:  227]:	('Ner Acc', 0.9976663), ('CLS Classification Acc', 0.97564876)
[INFO] 2022-09-11 18:29:33,228 [    train.py:  236]:	Precision 0.512 Recall 0.437 F1 0.471
[INFO] 2022-09-11 18:30:14,565 [    train.py:  184]:	Epoch 92: 
[INFO] 2022-09-11 18:30:14,566 [    train.py:  185]:	Train:
[INFO] 2022-09-11 18:30:14,569 [    train.py:  197]:	Loss 0.0027, ('Ner Loss', 0.00054104597074911),  ('CLS Classification Loss', 0.002195083536207676)
[INFO] 2022-09-11 18:30:14,569 [    train.py:  207]:	('Ner Acc', 0.9997938871383667),  ('CLS Classification Acc', 0.9992682337760925)
[INFO] 2022-09-11 18:30:16,893 [    train.py:  219]:	Evaluate:
[INFO] 2022-09-11 18:30:16,894 [    train.py:  226]:	Loss 0.2554, ('Ner Loss', 0.0314007),  ('CLS Classification Loss', 0.22401802)
[INFO] 2022-09-11 18:30:16,894 [    train.py:  227]:	('Ner Acc', 0.997635), ('CLS Classification Acc', 0.97484165)
[INFO] 2022-09-11 18:30:29,788 [    train.py:  236]:	Precision 0.527 Recall 0.421 F1 0.468
[INFO] 2022-09-11 18:31:10,956 [    train.py:  184]:	Epoch 93: 
[INFO] 2022-09-11 18:31:10,956 [    train.py:  185]:	Train:
[INFO] 2022-09-11 18:31:10,959 [    train.py:  197]:	Loss 0.0033, ('Ner Loss', 0.0005015073693357408),  ('CLS Classification Loss', 0.002762026386335492)
[INFO] 2022-09-11 18:31:10,959 [    train.py:  207]:	('Ner Acc', 0.9997977018356323),  ('CLS Classification Acc', 0.9991194605827332)
[INFO] 2022-09-11 18:31:13,255 [    train.py:  219]:	Evaluate:
[INFO] 2022-09-11 18:31:13,255 [    train.py:  226]:	Loss 0.2534, ('Ner Loss', 0.031346366),  ('CLS Classification Loss', 0.2220196)
[INFO] 2022-09-11 18:31:13,256 [    train.py:  227]:	('Ner Acc', 0.99769324), ('CLS Classification Acc', 0.9754203)
[INFO] 2022-09-11 18:31:26,251 [    train.py:  236]:	Precision 0.542 Recall 0.433 F1 0.482
[INFO] 2022-09-11 18:32:07,352 [    train.py:  184]:	Epoch 94: 
[INFO] 2022-09-11 18:32:07,354 [    train.py:  185]:	Train:
[INFO] 2022-09-11 18:32:07,361 [    train.py:  197]:	Loss 0.0025, ('Ner Loss', 0.0005185400950722396),  ('CLS Classification Loss', 0.002028800081461668)
[INFO] 2022-09-11 18:32:07,361 [    train.py:  207]:	('Ner Acc', 0.9998164772987366),  ('CLS Classification Acc', 0.9994170069694519)
[INFO] 2022-09-11 18:32:09,649 [    train.py:  219]:	Evaluate:
[INFO] 2022-09-11 18:32:09,649 [    train.py:  226]:	Loss 0.2534, ('Ner Loss', 0.031544436),  ('CLS Classification Loss', 0.22187544)
[INFO] 2022-09-11 18:32:09,650 [    train.py:  227]:	('Ner Acc', 0.9976497), ('CLS Classification Acc', 0.97561836)
[INFO] 2022-09-11 18:32:22,436 [    train.py:  236]:	Precision 0.535 Recall 0.427 F1 0.475
[INFO] 2022-09-11 18:33:03,177 [    train.py:  184]:	Epoch 95: 
[INFO] 2022-09-11 18:33:03,177 [    train.py:  185]:	Train:
[INFO] 2022-09-11 18:33:03,181 [    train.py:  197]:	Loss 0.0024, ('Ner Loss', 0.0004847936215810478),  ('CLS Classification Loss', 0.0019129859283566475)
[INFO] 2022-09-11 18:33:03,181 [    train.py:  207]:	('Ner Acc', 0.9998324513435364),  ('CLS Classification Acc', 0.9993424415588379)
[INFO] 2022-09-11 18:33:05,471 [    train.py:  219]:	Evaluate:
[INFO] 2022-09-11 18:33:05,471 [    train.py:  226]:	Loss 0.2371, ('Ner Loss', 0.028541712),  ('CLS Classification Loss', 0.20856956)
[INFO] 2022-09-11 18:33:05,472 [    train.py:  227]:	('Ner Acc', 0.997638), ('CLS Classification Acc', 0.97596854)
[INFO] 2022-09-11 18:33:18,547 [    train.py:  236]:	Precision 0.540 Recall 0.436 F1 0.482
[INFO] 2022-09-11 18:33:59,647 [    train.py:  184]:	Epoch 96: 
[INFO] 2022-09-11 18:33:59,648 [    train.py:  185]:	Train:
[INFO] 2022-09-11 18:33:59,650 [    train.py:  197]:	Loss 0.0021, ('Ner Loss', 0.00041651984793134034),  ('CLS Classification Loss', 0.0016721184365451336)
[INFO] 2022-09-11 18:33:59,651 [    train.py:  207]:	('Ner Acc', 0.9998392462730408),  ('CLS Classification Acc', 0.9994664788246155)
[INFO] 2022-09-11 18:34:01,909 [    train.py:  219]:	Evaluate:
[INFO] 2022-09-11 18:34:01,909 [    train.py:  226]:	Loss 0.2716, ('Ner Loss', 0.030837797),  ('CLS Classification Loss', 0.24073708)
[INFO] 2022-09-11 18:34:01,910 [    train.py:  227]:	('Ner Acc', 0.99746644), ('CLS Classification Acc', 0.97219163)
[INFO] 2022-09-11 18:34:14,818 [    train.py:  236]:	Precision 0.475 Recall 0.437 F1 0.455
[INFO] 2022-09-11 18:34:55,607 [    train.py:  184]:	Epoch 97: 
[INFO] 2022-09-11 18:34:55,608 [    train.py:  185]:	Train:
[INFO] 2022-09-11 18:34:55,611 [    train.py:  197]:	Loss 0.0021, ('Ner Loss', 0.0004572377656586468),  ('CLS Classification Loss', 0.0016467204550281167)
[INFO] 2022-09-11 18:34:55,611 [    train.py:  207]:	('Ner Acc', 0.999819278717041),  ('CLS Classification Acc', 0.9993177056312561)
[INFO] 2022-09-11 18:34:57,878 [    train.py:  219]:	Evaluate:
[INFO] 2022-09-11 18:34:57,878 [    train.py:  226]:	Loss 0.2691, ('Ner Loss', 0.031888485),  ('CLS Classification Loss', 0.23722307)
[INFO] 2022-09-11 18:34:57,878 [    train.py:  227]:	('Ner Acc', 0.9975364), ('CLS Classification Acc', 0.97392786)
[INFO] 2022-09-11 18:35:10,789 [    train.py:  236]:	Precision 0.502 Recall 0.406 F1 0.449
[INFO] 2022-09-11 18:35:51,965 [    train.py:  184]:	Epoch 98: 
[INFO] 2022-09-11 18:35:51,965 [    train.py:  185]:	Train:
[INFO] 2022-09-11 18:35:51,968 [    train.py:  197]:	Loss 0.0017, ('Ner Loss', 0.0003901799791492522),  ('CLS Classification Loss', 0.0013444304931908846)
[INFO] 2022-09-11 18:35:51,968 [    train.py:  207]:	('Ner Acc', 0.9998521208763123),  ('CLS Classification Acc', 0.9995657801628113)
[INFO] 2022-09-11 18:35:54,202 [    train.py:  219]:	Evaluate:
[INFO] 2022-09-11 18:35:54,203 [    train.py:  226]:	Loss 0.2857, ('Ner Loss', 0.03248567),  ('CLS Classification Loss', 0.25324225)
[INFO] 2022-09-11 18:35:54,203 [    train.py:  227]:	('Ner Acc', 0.99760306), ('CLS Classification Acc', 0.97423244)
[INFO] 2022-09-11 18:36:07,130 [    train.py:  236]:	Precision 0.511 Recall 0.436 F1 0.470
[INFO] 2022-09-11 18:36:48,005 [    train.py:  184]:	Epoch 99: 
[INFO] 2022-09-11 18:36:48,005 [    train.py:  185]:	Train:
[INFO] 2022-09-11 18:36:48,007 [    train.py:  197]:	Loss 0.0023, ('Ner Loss', 0.0004582995898090303),  ('CLS Classification Loss', 0.0018023455049842596)
[INFO] 2022-09-11 18:36:48,007 [    train.py:  207]:	('Ner Acc', 0.9998437166213989),  ('CLS Classification Acc', 0.9994540810585022)
[INFO] 2022-09-11 18:36:50,279 [    train.py:  219]:	Evaluate:
[INFO] 2022-09-11 18:36:50,279 [    train.py:  226]:	Loss 0.2760, ('Ner Loss', 0.03176611),  ('CLS Classification Loss', 0.24424149)
[INFO] 2022-09-11 18:36:50,279 [    train.py:  227]:	('Ner Acc', 0.9976139), ('CLS Classification Acc', 0.97354716)
[INFO] 2022-09-11 18:37:03,179 [    train.py:  236]:	Precision 0.517 Recall 0.428 F1 0.469
[INFO] 2022-09-11 18:37:44,058 [    train.py:  184]:	Epoch 100: 
[INFO] 2022-09-11 18:37:44,059 [    train.py:  185]:	Train:
[INFO] 2022-09-11 18:37:44,062 [    train.py:  197]:	Loss 0.0015, ('Ner Loss', 0.0004368156078271568),  ('CLS Classification Loss', 0.001085179508663714)
[INFO] 2022-09-11 18:37:44,062 [    train.py:  207]:	('Ner Acc', 0.9998451471328735),  ('CLS Classification Acc', 0.9995657801628113)
[INFO] 2022-09-11 18:37:46,351 [    train.py:  219]:	Evaluate:
[INFO] 2022-09-11 18:37:46,352 [    train.py:  226]:	Loss 0.2665, ('Ner Loss', 0.032074243),  ('CLS Classification Loss', 0.23441689)
[INFO] 2022-09-11 18:37:46,352 [    train.py:  227]:	('Ner Acc', 0.9976344), ('CLS Classification Acc', 0.97456753)
[INFO] 2022-09-11 18:37:59,215 [    train.py:  236]:	Precision 0.533 Recall 0.444 F1 0.484
[INFO] 2022-09-11 18:37:59,215 [    train.py:  256]:	Best Epoch 79; Best f1 0.49417852522639066 precision 0.5449358059914408 recall 0.45207100591715976;
