[INFO] 2022-09-29 10:36:03,281 [    train.py:  509]:	Namespace(block_att_head_num=1, cased=True, d_block=128, data_aug=1, dataset='res15', do_test=True, do_train=True, do_valid=True, drop_null_data=True, dropout_rate=0.3, epochs=100, extra_attention=True, fuse_strategy='update', init_model_dir='', language='en', loss_ratio=1.0, lr=2e-05, mask_sb=True, model_type='end_to_end', output_dir='./output', save_dir='', schema='BIO', task_name='ttee_res15_100epoch_128d_1aug_2e-5lr_cased_0.3dropout_dropnull_1loss_BIO', test_batch_size=32, train_batch_size=16, valid_freq=1)
[INFO] 2022-09-29 10:36:17,362 [    train.py:  119]:	{'init_bert_model': 'bert-base-cased', 'sentence_b': DictWrapper({'texts': ListWrapper(['general of ambience', 'price of drinks', 'quality of drinks', 'style options of drinks', 'prices of food', 'quality of food', 'style options of food', 'general of location', 'general of restaurant', 'miscellaneous of restaurant', 'prices of restaurant', 'general of service']), 'sentiments': ListWrapper(['negative', 'neutral', 'positive'])}), 'num_sentiment_classes': 3, 'subblock_hidden_size': 128, 'subblock_head_num': 1, 'cache_dir': 'bert_models/bert-base-cased', 'fuse_strategy': 'update', 'tagging_schema': 'BIO', 'extra_attention': True, 'dropout': 0.3, 'loss_ratio': 1.0}
[INFO] 2022-09-29 10:36:17,362 [    train.py:  121]:	Number of Train Sentence: 1120
[INFO] 2022-09-29 10:36:17,372 [    train.py:  526]:	Data augment: Merge 1 train data together
[INFO] 2022-09-29 10:37:12,137 [    train.py:  185]:	Epoch 1: 
[INFO] 2022-09-29 10:37:12,137 [    train.py:  186]:	Train:
[INFO] 2022-09-29 10:37:12,148 [    train.py:  198]:	Loss 0.3487, ('Ner Loss', 0.12965349853038788),  ('CLS Classification Loss', 0.2190409153699875)
[INFO] 2022-09-29 10:37:12,148 [    train.py:  208]:	('Ner Acc', 0.949568510055542),  ('CLS Classification Acc', 0.941468358039856)
[INFO] 2022-09-29 10:37:18,380 [    train.py:  220]:	Evaluate:
[INFO] 2022-09-29 10:37:18,382 [    train.py:  227]:	Loss 0.1999, ('Ner Loss', 0.03070299),  ('CLS Classification Loss', 0.16920741)
[INFO] 2022-09-29 10:37:18,382 [    train.py:  228]:	('Ner Acc', 0.99689984), ('CLS Classification Acc', 0.962567)
[INFO] 2022-09-29 10:37:31,205 [    train.py:  237]:	Precision 0.000 Recall 0.000 F1 0.000
[INFO] 2022-09-29 10:37:53,714 [    train.py:  185]:	Epoch 2: 
[INFO] 2022-09-29 10:37:53,715 [    train.py:  186]:	Train:
[INFO] 2022-09-29 10:37:53,721 [    train.py:  198]:	Loss 0.1836, ('Ner Loss', 0.0301725622266531),  ('CLS Classification Loss', 0.15347538888454437)
[INFO] 2022-09-29 10:37:53,721 [    train.py:  208]:	('Ner Acc', 0.9962936639785767),  ('CLS Classification Acc', 0.9622272849082947)
[INFO] 2022-09-29 10:37:56,786 [    train.py:  220]:	Evaluate:
[INFO] 2022-09-29 10:37:56,787 [    train.py:  227]:	Loss 0.1730, ('Ner Loss', 0.024619032),  ('CLS Classification Loss', 0.14842586)
[INFO] 2022-09-29 10:37:56,787 [    train.py:  228]:	('Ner Acc', 0.99689984), ('CLS Classification Acc', 0.962567)
[INFO] 2022-09-29 10:38:06,471 [    train.py:  237]:	Precision 0.000 Recall 0.000 F1 0.000
[INFO] 2022-09-29 10:38:28,433 [    train.py:  185]:	Epoch 3: 
[INFO] 2022-09-29 10:38:28,434 [    train.py:  186]:	Train:
[INFO] 2022-09-29 10:38:28,441 [    train.py:  198]:	Loss 0.1662, ('Ner Loss', 0.02711218222975731),  ('CLS Classification Loss', 0.13906371593475342)
[INFO] 2022-09-29 10:38:28,442 [    train.py:  208]:	('Ner Acc', 0.9963045120239258),  ('CLS Classification Acc', 0.9614831209182739)
[INFO] 2022-09-29 10:38:31,519 [    train.py:  220]:	Evaluate:
[INFO] 2022-09-29 10:38:31,520 [    train.py:  227]:	Loss 0.1546, ('Ner Loss', 0.02134751),  ('CLS Classification Loss', 0.1332725)
[INFO] 2022-09-29 10:38:31,520 [    train.py:  228]:	('Ner Acc', 0.99689984), ('CLS Classification Acc', 0.962567)
[INFO] 2022-09-29 10:38:41,111 [    train.py:  237]:	Precision 0.000 Recall 0.000 F1 0.000
[INFO] 2022-09-29 10:39:02,730 [    train.py:  185]:	Epoch 4: 
[INFO] 2022-09-29 10:39:02,731 [    train.py:  186]:	Train:
[INFO] 2022-09-29 10:39:02,739 [    train.py:  198]:	Loss 0.1570, ('Ner Loss', 0.025130251422524452),  ('CLS Classification Loss', 0.13187341392040253)
[INFO] 2022-09-29 10:39:02,739 [    train.py:  208]:	('Ner Acc', 0.9963046312332153),  ('CLS Classification Acc', 0.9620289206504822)
[INFO] 2022-09-29 10:39:05,728 [    train.py:  220]:	Evaluate:
[INFO] 2022-09-29 10:39:05,729 [    train.py:  227]:	Loss 0.1602, ('Ner Loss', 0.019477442),  ('CLS Classification Loss', 0.14068894)
[INFO] 2022-09-29 10:39:05,729 [    train.py:  228]:	('Ner Acc', 0.99689984), ('CLS Classification Acc', 0.962567)
[INFO] 2022-09-29 10:39:15,421 [    train.py:  237]:	Precision 0.000 Recall 0.000 F1 0.000
[INFO] 2022-09-29 10:39:36,842 [    train.py:  185]:	Epoch 5: 
[INFO] 2022-09-29 10:39:36,842 [    train.py:  186]:	Train:
[INFO] 2022-09-29 10:39:36,845 [    train.py:  198]:	Loss 0.1526, ('Ner Loss', 0.02340807020664215),  ('CLS Classification Loss', 0.1291964054107666)
[INFO] 2022-09-29 10:39:36,845 [    train.py:  208]:	('Ner Acc', 0.9963159561157227),  ('CLS Classification Acc', 0.9621776938438416)
[INFO] 2022-09-29 10:39:39,886 [    train.py:  220]:	Evaluate:
[INFO] 2022-09-29 10:39:39,886 [    train.py:  227]:	Loss 0.1479, ('Ner Loss', 0.018309152),  ('CLS Classification Loss', 0.12961645)
[INFO] 2022-09-29 10:39:39,887 [    train.py:  228]:	('Ner Acc', 0.99689984), ('CLS Classification Acc', 0.962567)
[INFO] 2022-09-29 10:39:49,966 [    train.py:  237]:	Precision 0.000 Recall 0.000 F1 0.000
[INFO] 2022-09-29 10:40:11,357 [    train.py:  185]:	Epoch 6: 
[INFO] 2022-09-29 10:40:11,357 [    train.py:  186]:	Train:
[INFO] 2022-09-29 10:40:11,360 [    train.py:  198]:	Loss 0.1473, ('Ner Loss', 0.022245313972234726),  ('CLS Classification Loss', 0.12505516409873962)
[INFO] 2022-09-29 10:40:11,360 [    train.py:  208]:	('Ner Acc', 0.9963339567184448),  ('CLS Classification Acc', 0.9627481698989868)
[INFO] 2022-09-29 10:40:14,305 [    train.py:  220]:	Evaluate:
[INFO] 2022-09-29 10:40:14,306 [    train.py:  227]:	Loss 0.1468, ('Ner Loss', 0.01716836),  ('CLS Classification Loss', 0.12962493)
[INFO] 2022-09-29 10:40:14,307 [    train.py:  228]:	('Ner Acc', 0.99689984), ('CLS Classification Acc', 0.9627498)
[INFO] 2022-09-29 10:40:23,692 [    train.py:  237]:	Precision 0.000 Recall 0.000 F1 0.000
[INFO] 2022-09-29 10:40:45,355 [    train.py:  185]:	Epoch 7: 
[INFO] 2022-09-29 10:40:45,356 [    train.py:  186]:	Train:
[INFO] 2022-09-29 10:40:45,361 [    train.py:  198]:	Loss 0.1436, ('Ner Loss', 0.020898424088954926),  ('CLS Classification Loss', 0.12265623360872269)
[INFO] 2022-09-29 10:40:45,361 [    train.py:  208]:	('Ner Acc', 0.9963197112083435),  ('CLS Classification Acc', 0.9622768759727478)
[INFO] 2022-09-29 10:40:48,344 [    train.py:  220]:	Evaluate:
[INFO] 2022-09-29 10:40:48,345 [    train.py:  227]:	Loss 0.1491, ('Ner Loss', 0.016270965),  ('CLS Classification Loss', 0.1328451)
[INFO] 2022-09-29 10:40:48,346 [    train.py:  228]:	('Ner Acc', 0.99689984), ('CLS Classification Acc', 0.962567)
[INFO] 2022-09-29 10:40:58,090 [    train.py:  237]:	Precision 0.000 Recall 0.000 F1 0.000
[INFO] 2022-09-29 10:41:19,496 [    train.py:  185]:	Epoch 8: 
[INFO] 2022-09-29 10:41:19,496 [    train.py:  186]:	Train:
[INFO] 2022-09-29 10:41:19,500 [    train.py:  198]:	Loss 0.1392, ('Ner Loss', 0.01994234323501587),  ('CLS Classification Loss', 0.1192936897277832)
[INFO] 2022-09-29 10:41:19,500 [    train.py:  208]:	('Ner Acc', 0.9963083267211914),  ('CLS Classification Acc', 0.9633682370185852)
[INFO] 2022-09-29 10:41:22,520 [    train.py:  220]:	Evaluate:
[INFO] 2022-09-29 10:41:22,521 [    train.py:  227]:	Loss 0.1407, ('Ner Loss', 0.015193485),  ('CLS Classification Loss', 0.12545945)
[INFO] 2022-09-29 10:41:22,521 [    train.py:  228]:	('Ner Acc', 0.9968932), ('CLS Classification Acc', 0.9648514)
[INFO] 2022-09-29 10:41:32,171 [    train.py:  237]:	Precision 0.065 Recall 0.005 F1 0.009
[INFO] 2022-09-29 10:41:53,792 [    train.py:  185]:	Epoch 9: 
[INFO] 2022-09-29 10:41:53,792 [    train.py:  186]:	Train:
[INFO] 2022-09-29 10:41:53,795 [    train.py:  198]:	Loss 0.1354, ('Ner Loss', 0.018867164850234985),  ('CLS Classification Loss', 0.11654301732778549)
[INFO] 2022-09-29 10:41:53,795 [    train.py:  208]:	('Ner Acc', 0.9962856769561768),  ('CLS Classification Acc', 0.9648067951202393)
[INFO] 2022-09-29 10:41:56,790 [    train.py:  220]:	Evaluate:
[INFO] 2022-09-29 10:41:56,791 [    train.py:  227]:	Loss 0.1421, ('Ner Loss', 0.014013041),  ('CLS Classification Loss', 0.12805934)
[INFO] 2022-09-29 10:41:56,791 [    train.py:  228]:	('Ner Acc', 0.99689984), ('CLS Classification Acc', 0.9658108)
[INFO] 2022-09-29 10:42:06,547 [    train.py:  237]:	Precision 0.072 Recall 0.008 F1 0.015
[INFO] 2022-09-29 10:42:28,145 [    train.py:  185]:	Epoch 10: 
[INFO] 2022-09-29 10:42:28,146 [    train.py:  186]:	Train:
[INFO] 2022-09-29 10:42:28,150 [    train.py:  198]:	Loss 0.1286, ('Ner Loss', 0.017138753086328506),  ('CLS Classification Loss', 0.11143308877944946)
[INFO] 2022-09-29 10:42:28,150 [    train.py:  208]:	('Ner Acc', 0.9962871074676514),  ('CLS Classification Acc', 0.9653024673461914)
[INFO] 2022-09-29 10:42:31,246 [    train.py:  220]:	Evaluate:
[INFO] 2022-09-29 10:42:31,247 [    train.py:  227]:	Loss 0.1390, ('Ner Loss', 0.01327538),  ('CLS Classification Loss', 0.12576291)
[INFO] 2022-09-29 10:42:31,247 [    train.py:  228]:	('Ner Acc', 0.99689984), ('CLS Classification Acc', 0.9656281)
[INFO] 2022-09-29 10:42:40,747 [    train.py:  237]:	Precision 0.067 Recall 0.007 F1 0.013
[INFO] 2022-09-29 10:43:02,574 [    train.py:  185]:	Epoch 11: 
[INFO] 2022-09-29 10:43:02,575 [    train.py:  186]:	Train:
[INFO] 2022-09-29 10:43:02,578 [    train.py:  198]:	Loss 0.1243, ('Ner Loss', 0.01581294648349285),  ('CLS Classification Loss', 0.10852508246898651)
[INFO] 2022-09-29 10:43:02,578 [    train.py:  208]:	('Ner Acc', 0.9963106513023376),  ('CLS Classification Acc', 0.9667907953262329)
[INFO] 2022-09-29 10:43:05,501 [    train.py:  220]:	Evaluate:
[INFO] 2022-09-29 10:43:05,502 [    train.py:  227]:	Loss 0.1353, ('Ner Loss', 0.012788523),  ('CLS Classification Loss', 0.12248901)
[INFO] 2022-09-29 10:43:05,502 [    train.py:  228]:	('Ner Acc', 0.9969344), ('CLS Classification Acc', 0.9663591)
[INFO] 2022-09-29 10:43:15,018 [    train.py:  237]:	Precision 0.095 Recall 0.017 F1 0.028
[INFO] 2022-09-29 10:43:36,795 [    train.py:  185]:	Epoch 12: 
[INFO] 2022-09-29 10:43:36,796 [    train.py:  186]:	Train:
[INFO] 2022-09-29 10:43:36,801 [    train.py:  198]:	Loss 0.1167, ('Ner Loss', 0.015004686079919338),  ('CLS Classification Loss', 0.1016751080751419)
[INFO] 2022-09-29 10:43:36,801 [    train.py:  208]:	('Ner Acc', 0.9963564276695251),  ('CLS Classification Acc', 0.9678073525428772)
[INFO] 2022-09-29 10:43:39,801 [    train.py:  220]:	Evaluate:
[INFO] 2022-09-29 10:43:39,802 [    train.py:  227]:	Loss 0.1376, ('Ner Loss', 0.012812124),  ('CLS Classification Loss', 0.1247583)
[INFO] 2022-09-29 10:43:39,802 [    train.py:  228]:	('Ner Acc', 0.9970062), ('CLS Classification Acc', 0.96608496)
[INFO] 2022-09-29 10:43:49,505 [    train.py:  237]:	Precision 0.128 Recall 0.030 F1 0.048
[INFO] 2022-09-29 10:44:11,140 [    train.py:  185]:	Epoch 13: 
[INFO] 2022-09-29 10:44:11,140 [    train.py:  186]:	Train:
[INFO] 2022-09-29 10:44:11,144 [    train.py:  198]:	Loss 0.1114, ('Ner Loss', 0.014375283382833004),  ('CLS Classification Loss', 0.09705706685781479)
[INFO] 2022-09-29 10:44:11,144 [    train.py:  208]:	('Ner Acc', 0.9964178800582886),  ('CLS Classification Acc', 0.9681546688079834)
[INFO] 2022-09-29 10:44:14,239 [    train.py:  220]:	Evaluate:
[INFO] 2022-09-29 10:44:14,239 [    train.py:  227]:	Loss 0.1301, ('Ner Loss', 0.012031226),  ('CLS Classification Loss', 0.11806563)
[INFO] 2022-09-29 10:44:14,239 [    train.py:  228]:	('Ner Acc', 0.9970593), ('CLS Classification Acc', 0.9657651)
[INFO] 2022-09-29 10:44:23,737 [    train.py:  237]:	Precision 0.194 Recall 0.031 F1 0.053
[INFO] 2022-09-29 10:44:45,162 [    train.py:  185]:	Epoch 14: 
[INFO] 2022-09-29 10:44:45,162 [    train.py:  186]:	Train:
[INFO] 2022-09-29 10:44:45,165 [    train.py:  198]:	Loss 0.1029, ('Ner Loss', 0.013480040244758129),  ('CLS Classification Loss', 0.08946886658668518)
[INFO] 2022-09-29 10:44:45,165 [    train.py:  208]:	('Ner Acc', 0.9964595437049866),  ('CLS Classification Acc', 0.9687002897262573)
[INFO] 2022-09-29 10:44:48,198 [    train.py:  220]:	Evaluate:
[INFO] 2022-09-29 10:44:48,198 [    train.py:  227]:	Loss 0.1362, ('Ner Loss', 0.012045914),  ('CLS Classification Loss', 0.124164306)
[INFO] 2022-09-29 10:44:48,199 [    train.py:  228]:	('Ner Acc', 0.9971494), ('CLS Classification Acc', 0.9661763)
[INFO] 2022-09-29 10:44:57,663 [    train.py:  237]:	Precision 0.220 Recall 0.059 F1 0.093
[INFO] 2022-09-29 10:45:19,204 [    train.py:  185]:	Epoch 15: 
[INFO] 2022-09-29 10:45:19,204 [    train.py:  186]:	Train:
[INFO] 2022-09-29 10:45:19,207 [    train.py:  198]:	Loss 0.0970, ('Ner Loss', 0.012648049741983414),  ('CLS Classification Loss', 0.08430730551481247)
[INFO] 2022-09-29 10:45:19,207 [    train.py:  208]:	('Ner Acc', 0.9965641498565674),  ('CLS Classification Acc', 0.9691219925880432)
[INFO] 2022-09-29 10:45:22,214 [    train.py:  220]:	Evaluate:
[INFO] 2022-09-29 10:45:22,215 [    train.py:  227]:	Loss 0.1309, ('Ner Loss', 0.01173246),  ('CLS Classification Loss', 0.1191445)
[INFO] 2022-09-29 10:45:22,215 [    train.py:  228]:	('Ner Acc', 0.9971967), ('CLS Classification Acc', 0.9652626)
[INFO] 2022-09-29 10:45:31,928 [    train.py:  237]:	Precision 0.255 Recall 0.088 F1 0.130
[INFO] 2022-09-29 10:45:53,226 [    train.py:  185]:	Epoch 16: 
[INFO] 2022-09-29 10:45:53,227 [    train.py:  186]:	Train:
[INFO] 2022-09-29 10:45:53,233 [    train.py:  198]:	Loss 0.0949, ('Ner Loss', 0.011906042695045471),  ('CLS Classification Loss', 0.08303411304950714)
[INFO] 2022-09-29 10:45:53,233 [    train.py:  208]:	('Ner Acc', 0.9966511130332947),  ('CLS Classification Acc', 0.9693700671195984)
[INFO] 2022-09-29 10:45:56,320 [    train.py:  220]:	Evaluate:
[INFO] 2022-09-29 10:45:56,321 [    train.py:  227]:	Loss 0.1303, ('Ner Loss', 0.011506636),  ('CLS Classification Loss', 0.11879586)
[INFO] 2022-09-29 10:45:56,321 [    train.py:  228]:	('Ner Acc', 0.9972486), ('CLS Classification Acc', 0.9657194)
[INFO] 2022-09-29 10:46:05,836 [    train.py:  237]:	Precision 0.353 Recall 0.123 F1 0.182
[INFO] 2022-09-29 10:46:27,312 [    train.py:  185]:	Epoch 17: 
[INFO] 2022-09-29 10:46:27,312 [    train.py:  186]:	Train:
[INFO] 2022-09-29 10:46:27,315 [    train.py:  198]:	Loss 0.0881, ('Ner Loss', 0.0113565968349576),  ('CLS Classification Loss', 0.07676813006401062)
[INFO] 2022-09-29 10:46:27,315 [    train.py:  208]:	('Ner Acc', 0.9966844916343689),  ('CLS Classification Acc', 0.9702381491661072)
[INFO] 2022-09-29 10:46:30,416 [    train.py:  220]:	Evaluate:
[INFO] 2022-09-29 10:46:30,416 [    train.py:  227]:	Loss 0.1371, ('Ner Loss', 0.011281488),  ('CLS Classification Loss', 0.12578839)
[INFO] 2022-09-29 10:46:30,416 [    train.py:  228]:	('Ner Acc', 0.99726516), ('CLS Classification Acc', 0.9654758)
[INFO] 2022-09-29 10:46:39,919 [    train.py:  237]:	Precision 0.325 Recall 0.147 F1 0.202
[INFO] 2022-09-29 10:47:01,578 [    train.py:  185]:	Epoch 18: 
[INFO] 2022-09-29 10:47:01,578 [    train.py:  186]:	Train:
[INFO] 2022-09-29 10:47:01,582 [    train.py:  198]:	Loss 0.0834, ('Ner Loss', 0.01090286672115326),  ('CLS Classification Loss', 0.07246792316436768)
[INFO] 2022-09-29 10:47:01,582 [    train.py:  208]:	('Ner Acc', 0.9967455267906189),  ('CLS Classification Acc', 0.9706349968910217)
[INFO] 2022-09-29 10:47:04,538 [    train.py:  220]:	Evaluate:
[INFO] 2022-09-29 10:47:04,539 [    train.py:  227]:	Loss 0.1327, ('Ner Loss', 0.010997397),  ('CLS Classification Loss', 0.12175101)
[INFO] 2022-09-29 10:47:04,539 [    train.py:  228]:	('Ner Acc', 0.99718654), ('CLS Classification Acc', 0.9649581)
[INFO] 2022-09-29 10:47:14,519 [    train.py:  237]:	Precision 0.300 Recall 0.164 F1 0.212
[INFO] 2022-09-29 10:47:36,011 [    train.py:  185]:	Epoch 19: 
[INFO] 2022-09-29 10:47:36,012 [    train.py:  186]:	Train:
[INFO] 2022-09-29 10:47:36,016 [    train.py:  198]:	Loss 0.0776, ('Ner Loss', 0.01036809291690588),  ('CLS Classification Loss', 0.06722936034202576)
[INFO] 2022-09-29 10:47:36,016 [    train.py:  208]:	('Ner Acc', 0.9968507885932922),  ('CLS Classification Acc', 0.9716768264770508)
[INFO] 2022-09-29 10:47:39,051 [    train.py:  220]:	Evaluate:
[INFO] 2022-09-29 10:47:39,052 [    train.py:  227]:	Loss 0.1292, ('Ner Loss', 0.010742027),  ('CLS Classification Loss', 0.11847334)
[INFO] 2022-09-29 10:47:39,052 [    train.py:  228]:	('Ner Acc', 0.9971648), ('CLS Classification Acc', 0.96632856)
[INFO] 2022-09-29 10:47:48,505 [    train.py:  237]:	Precision 0.297 Recall 0.180 F1 0.224
[INFO] 2022-09-29 10:48:10,022 [    train.py:  185]:	Epoch 20: 
[INFO] 2022-09-29 10:48:10,023 [    train.py:  186]:	Train:
[INFO] 2022-09-29 10:48:10,025 [    train.py:  198]:	Loss 0.0717, ('Ner Loss', 0.009618567302823067),  ('CLS Classification Loss', 0.06205293908715248)
[INFO] 2022-09-29 10:48:10,025 [    train.py:  208]:	('Ner Acc', 0.9970011115074158),  ('CLS Classification Acc', 0.9748014211654663)
[INFO] 2022-09-29 10:48:13,033 [    train.py:  220]:	Evaluate:
[INFO] 2022-09-29 10:48:13,033 [    train.py:  227]:	Loss 0.1318, ('Ner Loss', 0.010923168),  ('CLS Classification Loss', 0.1208729)
[INFO] 2022-09-29 10:48:13,034 [    train.py:  228]:	('Ner Acc', 0.9971312), ('CLS Classification Acc', 0.96643525)
[INFO] 2022-09-29 10:48:22,417 [    train.py:  237]:	Precision 0.292 Recall 0.221 F1 0.252
[INFO] 2022-09-29 10:48:43,819 [    train.py:  185]:	Epoch 21: 
[INFO] 2022-09-29 10:48:43,819 [    train.py:  186]:	Train:
[INFO] 2022-09-29 10:48:43,824 [    train.py:  198]:	Loss 0.0704, ('Ner Loss', 0.009526128880679607),  ('CLS Classification Loss', 0.060865722596645355)
[INFO] 2022-09-29 10:48:43,825 [    train.py:  208]:	('Ner Acc', 0.996976375579834),  ('CLS Classification Acc', 0.9754959940910339)
[INFO] 2022-09-29 10:48:46,819 [    train.py:  220]:	Evaluate:
[INFO] 2022-09-29 10:48:46,820 [    train.py:  227]:	Loss 0.1251, ('Ner Loss', 0.01027835),  ('CLS Classification Loss', 0.114858314)
[INFO] 2022-09-29 10:48:46,820 [    train.py:  228]:	('Ner Acc', 0.9972965), ('CLS Classification Acc', 0.96591747)
[INFO] 2022-09-29 10:48:56,287 [    train.py:  237]:	Precision 0.316 Recall 0.206 F1 0.249
[INFO] 2022-09-29 10:49:18,012 [    train.py:  185]:	Epoch 22: 
[INFO] 2022-09-29 10:49:18,013 [    train.py:  186]:	Train:
[INFO] 2022-09-29 10:49:18,018 [    train.py:  198]:	Loss 0.0642, ('Ner Loss', 0.009075039997696877),  ('CLS Classification Loss', 0.0551668256521225)
[INFO] 2022-09-29 10:49:18,018 [    train.py:  208]:	('Ner Acc', 0.9969837665557861),  ('CLS Classification Acc', 0.9772074222564697)
[INFO] 2022-09-29 10:49:21,011 [    train.py:  220]:	Evaluate:
[INFO] 2022-09-29 10:49:21,012 [    train.py:  227]:	Loss 0.1347, ('Ner Loss', 0.010266787),  ('CLS Classification Loss', 0.124387555)
[INFO] 2022-09-29 10:49:21,012 [    train.py:  228]:	('Ner Acc', 0.99720776), ('CLS Classification Acc', 0.96798855)
[INFO] 2022-09-29 10:49:30,959 [    train.py:  237]:	Precision 0.319 Recall 0.236 F1 0.271
[INFO] 2022-09-29 10:49:52,657 [    train.py:  185]:	Epoch 23: 
[INFO] 2022-09-29 10:49:52,657 [    train.py:  186]:	Train:
[INFO] 2022-09-29 10:49:52,662 [    train.py:  198]:	Loss 0.0589, ('Ner Loss', 0.008826582692563534),  ('CLS Classification Loss', 0.05004218593239784)
[INFO] 2022-09-29 10:49:52,662 [    train.py:  208]:	('Ner Acc', 0.997054934501648),  ('CLS Classification Acc', 0.9785716533660889)
[INFO] 2022-09-29 10:49:55,603 [    train.py:  220]:	Evaluate:
[INFO] 2022-09-29 10:49:55,604 [    train.py:  227]:	Loss 0.1478, ('Ner Loss', 0.013424763),  ('CLS Classification Loss', 0.13432533)
[INFO] 2022-09-29 10:49:55,604 [    train.py:  228]:	('Ner Acc', 0.9968346), ('CLS Classification Acc', 0.96398324)
[INFO] 2022-09-29 10:50:05,331 [    train.py:  237]:	Precision 0.243 Recall 0.285 F1 0.262
[INFO] 2022-09-29 10:50:26,929 [    train.py:  185]:	Epoch 24: 
[INFO] 2022-09-29 10:50:26,929 [    train.py:  186]:	Train:
[INFO] 2022-09-29 10:50:26,933 [    train.py:  198]:	Loss 0.0562, ('Ner Loss', 0.00833331048488617),  ('CLS Classification Loss', 0.04787667095661163)
[INFO] 2022-09-29 10:50:26,933 [    train.py:  208]:	('Ner Acc', 0.9970575571060181),  ('CLS Classification Acc', 0.9802082777023315)
[INFO] 2022-09-29 10:50:30,022 [    train.py:  220]:	Evaluate:
[INFO] 2022-09-29 10:50:30,022 [    train.py:  227]:	Loss 0.1491, ('Ner Loss', 0.011312095),  ('CLS Classification Loss', 0.13774998)
[INFO] 2022-09-29 10:50:30,023 [    train.py:  228]:	('Ner Acc', 0.9971648), ('CLS Classification Acc', 0.9673336)
[INFO] 2022-09-29 10:50:39,645 [    train.py:  237]:	Precision 0.309 Recall 0.279 F1 0.294
[INFO] 2022-09-29 10:51:01,237 [    train.py:  185]:	Epoch 25: 
[INFO] 2022-09-29 10:51:01,238 [    train.py:  186]:	Train:
[INFO] 2022-09-29 10:51:01,243 [    train.py:  198]:	Loss 0.0540, ('Ner Loss', 0.008203296922147274),  ('CLS Classification Loss', 0.04581388831138611)
[INFO] 2022-09-29 10:51:01,244 [    train.py:  208]:	('Ner Acc', 0.9971300363540649),  ('CLS Classification Acc', 0.9818205833435059)
[INFO] 2022-09-29 10:51:04,320 [    train.py:  220]:	Evaluate:
[INFO] 2022-09-29 10:51:04,321 [    train.py:  227]:	Loss 0.1405, ('Ner Loss', 0.012376753),  ('CLS Classification Loss', 0.12811694)
[INFO] 2022-09-29 10:51:04,321 [    train.py:  228]:	('Ner Acc', 0.9969132), ('CLS Classification Acc', 0.96421164)
[INFO] 2022-09-29 10:51:13,998 [    train.py:  237]:	Precision 0.252 Recall 0.262 F1 0.257
[INFO] 2022-09-29 10:51:35,304 [    train.py:  185]:	Epoch 26: 
[INFO] 2022-09-29 10:51:35,304 [    train.py:  186]:	Train:
[INFO] 2022-09-29 10:51:35,308 [    train.py:  198]:	Loss 0.0483, ('Ner Loss', 0.007792838849127293),  ('CLS Classification Loss', 0.04053625464439392)
[INFO] 2022-09-29 10:51:35,308 [    train.py:  208]:	('Ner Acc', 0.9972000122070312),  ('CLS Classification Acc', 0.9834821224212646)
[INFO] 2022-09-29 10:51:38,334 [    train.py:  220]:	Evaluate:
[INFO] 2022-09-29 10:51:38,334 [    train.py:  227]:	Loss 0.1336, ('Ner Loss', 0.013009672),  ('CLS Classification Loss', 0.12063896)
[INFO] 2022-09-29 10:51:38,335 [    train.py:  228]:	('Ner Acc', 0.9965968), ('CLS Classification Acc', 0.9681408)
[INFO] 2022-09-29 10:51:48,035 [    train.py:  237]:	Precision 0.269 Recall 0.289 F1 0.279
[INFO] 2022-09-29 10:52:09,287 [    train.py:  185]:	Epoch 27: 
[INFO] 2022-09-29 10:52:09,288 [    train.py:  186]:	Train:
[INFO] 2022-09-29 10:52:09,294 [    train.py:  198]:	Loss 0.0450, ('Ner Loss', 0.007451736833900213),  ('CLS Classification Loss', 0.037515342235565186)
[INFO] 2022-09-29 10:52:09,294 [    train.py:  208]:	('Ner Acc', 0.9971367716789246),  ('CLS Classification Acc', 0.9852927327156067)
[INFO] 2022-09-29 10:52:12,362 [    train.py:  220]:	Evaluate:
[INFO] 2022-09-29 10:52:12,363 [    train.py:  227]:	Loss 0.1360, ('Ner Loss', 0.01236594),  ('CLS Classification Loss', 0.12358441)
[INFO] 2022-09-29 10:52:12,363 [    train.py:  228]:	('Ner Acc', 0.99682957), ('CLS Classification Acc', 0.96917635)
[INFO] 2022-09-29 10:52:22,074 [    train.py:  237]:	Precision 0.274 Recall 0.292 F1 0.283
[INFO] 2022-09-29 10:52:43,555 [    train.py:  185]:	Epoch 28: 
[INFO] 2022-09-29 10:52:43,556 [    train.py:  186]:	Train:
[INFO] 2022-09-29 10:52:43,559 [    train.py:  198]:	Loss 0.0397, ('Ner Loss', 0.00715151010081172),  ('CLS Classification Loss', 0.03256967291235924)
[INFO] 2022-09-29 10:52:43,559 [    train.py:  208]:	('Ner Acc', 0.9972497224807739),  ('CLS Classification Acc', 0.9873262643814087)
[INFO] 2022-09-29 10:52:46,641 [    train.py:  220]:	Evaluate:
[INFO] 2022-09-29 10:52:46,641 [    train.py:  227]:	Loss 0.1506, ('Ner Loss', 0.013258331),  ('CLS Classification Loss', 0.13732438)
[INFO] 2022-09-29 10:52:46,641 [    train.py:  228]:	('Ner Acc', 0.9967236), ('CLS Classification Acc', 0.96987695)
[INFO] 2022-09-29 10:52:56,435 [    train.py:  237]:	Precision 0.278 Recall 0.317 F1 0.296
[INFO] 2022-09-29 10:53:17,843 [    train.py:  185]:	Epoch 29: 
[INFO] 2022-09-29 10:53:17,844 [    train.py:  186]:	Train:
[INFO] 2022-09-29 10:53:17,853 [    train.py:  198]:	Loss 0.0381, ('Ner Loss', 0.006828629411756992),  ('CLS Classification Loss', 0.0312312263995409)
[INFO] 2022-09-29 10:53:17,853 [    train.py:  208]:	('Ner Acc', 0.9972541928291321),  ('CLS Classification Acc', 0.986755907535553)
[INFO] 2022-09-29 10:53:21,012 [    train.py:  220]:	Evaluate:
[INFO] 2022-09-29 10:53:21,013 [    train.py:  227]:	Loss 0.1432, ('Ner Loss', 0.010979863),  ('CLS Classification Loss', 0.13223797)
[INFO] 2022-09-29 10:53:21,013 [    train.py:  228]:	('Ner Acc', 0.9970157), ('CLS Classification Acc', 0.96966374)
[INFO] 2022-09-29 10:53:31,342 [    train.py:  237]:	Precision 0.320 Recall 0.302 F1 0.311
[INFO] 2022-09-29 10:53:52,995 [    train.py:  185]:	Epoch 30: 
[INFO] 2022-09-29 10:53:52,996 [    train.py:  186]:	Train:
[INFO] 2022-09-29 10:53:53,001 [    train.py:  198]:	Loss 0.0348, ('Ner Loss', 0.006386252585798502),  ('CLS Classification Loss', 0.02838563546538353)
[INFO] 2022-09-29 10:53:53,001 [    train.py:  208]:	('Ner Acc', 0.9974174499511719),  ('CLS Classification Acc', 0.9891369342803955)
[INFO] 2022-09-29 10:53:56,100 [    train.py:  220]:	Evaluate:
[INFO] 2022-09-29 10:53:56,101 [    train.py:  227]:	Loss 0.1466, ('Ner Loss', 0.011376395),  ('CLS Classification Loss', 0.13520968)
[INFO] 2022-09-29 10:53:56,101 [    train.py:  228]:	('Ner Acc', 0.99717826), ('CLS Classification Acc', 0.96938956)
[INFO] 2022-09-29 10:54:05,693 [    train.py:  237]:	Precision 0.306 Recall 0.304 F1 0.305
[INFO] 2022-09-29 10:54:27,699 [    train.py:  185]:	Epoch 31: 
[INFO] 2022-09-29 10:54:27,700 [    train.py:  186]:	Train:
[INFO] 2022-09-29 10:54:27,705 [    train.py:  198]:	Loss 0.0351, ('Ner Loss', 0.0062924642115831375),  ('CLS Classification Loss', 0.02877766080200672)
[INFO] 2022-09-29 10:54:27,705 [    train.py:  208]:	('Ner Acc', 0.9974583387374878),  ('CLS Classification Acc', 0.9887402057647705)
[INFO] 2022-09-29 10:54:30,689 [    train.py:  220]:	Evaluate:
[INFO] 2022-09-29 10:54:30,690 [    train.py:  227]:	Loss 0.1512, ('Ner Loss', 0.011919821),  ('CLS Classification Loss', 0.13932085)
[INFO] 2022-09-29 10:54:30,691 [    train.py:  228]:	('Ner Acc', 0.99681205), ('CLS Classification Acc', 0.9689022)
[INFO] 2022-09-29 10:54:40,139 [    train.py:  237]:	Precision 0.318 Recall 0.344 F1 0.331
[INFO] 2022-09-29 10:55:01,669 [    train.py:  185]:	Epoch 32: 
[INFO] 2022-09-29 10:55:01,669 [    train.py:  186]:	Train:
[INFO] 2022-09-29 10:55:01,672 [    train.py:  198]:	Loss 0.0309, ('Ner Loss', 0.005935960914939642),  ('CLS Classification Loss', 0.024964429438114166)
[INFO] 2022-09-29 10:55:01,672 [    train.py:  208]:	('Ner Acc', 0.9975671172142029),  ('CLS Classification Acc', 0.9908481240272522)
[INFO] 2022-09-29 10:55:04,755 [    train.py:  220]:	Evaluate:
[INFO] 2022-09-29 10:55:04,755 [    train.py:  227]:	Loss 0.1410, ('Ner Loss', 0.011351598),  ('CLS Classification Loss', 0.12963276)
[INFO] 2022-09-29 10:55:04,756 [    train.py:  228]:	('Ner Acc', 0.9969306), ('CLS Classification Acc', 0.9700901)
[INFO] 2022-09-29 10:55:14,314 [    train.py:  237]:	Precision 0.312 Recall 0.341 F1 0.326
[INFO] 2022-09-29 10:55:35,935 [    train.py:  185]:	Epoch 33: 
[INFO] 2022-09-29 10:55:35,936 [    train.py:  186]:	Train:
[INFO] 2022-09-29 10:55:35,940 [    train.py:  198]:	Loss 0.0289, ('Ner Loss', 0.005693693179637194),  ('CLS Classification Loss', 0.023205667734146118)
[INFO] 2022-09-29 10:55:35,940 [    train.py:  208]:	('Ner Acc', 0.9975610971450806),  ('CLS Classification Acc', 0.9907242655754089)
[INFO] 2022-09-29 10:55:39,107 [    train.py:  220]:	Evaluate:
[INFO] 2022-09-29 10:55:39,108 [    train.py:  227]:	Loss 0.1492, ('Ner Loss', 0.011151317),  ('CLS Classification Loss', 0.1380086)
[INFO] 2022-09-29 10:55:39,108 [    train.py:  228]:	('Ner Acc', 0.99719), ('CLS Classification Acc', 0.9689022)
[INFO] 2022-09-29 10:55:49,149 [    train.py:  237]:	Precision 0.346 Recall 0.379 F1 0.362
[INFO] 2022-09-29 10:56:10,628 [    train.py:  185]:	Epoch 34: 
[INFO] 2022-09-29 10:56:10,629 [    train.py:  186]:	Train:
[INFO] 2022-09-29 10:56:10,634 [    train.py:  198]:	Loss 0.0261, ('Ner Loss', 0.0052274237386882305),  ('CLS Classification Loss', 0.020835446193814278)
[INFO] 2022-09-29 10:56:10,635 [    train.py:  208]:	('Ner Acc', 0.9977678656578064),  ('CLS Classification Acc', 0.9920884370803833)
[INFO] 2022-09-29 10:56:13,588 [    train.py:  220]:	Evaluate:
[INFO] 2022-09-29 10:56:13,588 [    train.py:  227]:	Loss 0.1626, ('Ner Loss', 0.011658585),  ('CLS Classification Loss', 0.15093793)
[INFO] 2022-09-29 10:56:13,588 [    train.py:  228]:	('Ner Acc', 0.99711686), ('CLS Classification Acc', 0.9670749)
[INFO] 2022-09-29 10:56:23,338 [    train.py:  237]:	Precision 0.339 Recall 0.375 F1 0.356
[INFO] 2022-09-29 10:56:44,879 [    train.py:  185]:	Epoch 35: 
[INFO] 2022-09-29 10:56:44,879 [    train.py:  186]:	Train:
[INFO] 2022-09-29 10:56:44,883 [    train.py:  198]:	Loss 0.0260, ('Ner Loss', 0.005093937274068594),  ('CLS Classification Loss', 0.020948240533471107)
[INFO] 2022-09-29 10:56:44,883 [    train.py:  208]:	('Ner Acc', 0.9977498650550842),  ('CLS Classification Acc', 0.9922123551368713)
[INFO] 2022-09-29 10:56:47,841 [    train.py:  220]:	Evaluate:
[INFO] 2022-09-29 10:56:47,841 [    train.py:  227]:	Loss 0.1572, ('Ner Loss', 0.012869792),  ('CLS Classification Loss', 0.14437246)
[INFO] 2022-09-29 10:56:47,842 [    train.py:  228]:	('Ner Acc', 0.99734384), ('CLS Classification Acc', 0.9700749)
[INFO] 2022-09-29 10:56:57,335 [    train.py:  237]:	Precision 0.390 Recall 0.364 F1 0.377
[INFO] 2022-09-29 10:57:18,712 [    train.py:  185]:	Epoch 36: 
[INFO] 2022-09-29 10:57:18,713 [    train.py:  186]:	Train:
[INFO] 2022-09-29 10:57:18,717 [    train.py:  198]:	Loss 0.0261, ('Ner Loss', 0.004827234894037247),  ('CLS Classification Loss', 0.021307850256562233)
[INFO] 2022-09-29 10:57:18,718 [    train.py:  208]:	('Ner Acc', 0.9978040456771851),  ('CLS Classification Acc', 0.9925597906112671)
[INFO] 2022-09-29 10:57:21,795 [    train.py:  220]:	Evaluate:
[INFO] 2022-09-29 10:57:21,796 [    train.py:  227]:	Loss 0.1645, ('Ner Loss', 0.013630755),  ('CLS Classification Loss', 0.15087722)
[INFO] 2022-09-29 10:57:21,796 [    train.py:  228]:	('Ner Acc', 0.9968838), ('CLS Classification Acc', 0.96651125)
[INFO] 2022-09-29 10:57:31,378 [    train.py:  237]:	Precision 0.332 Recall 0.411 F1 0.367
[INFO] 2022-09-29 10:57:53,082 [    train.py:  185]:	Epoch 37: 
[INFO] 2022-09-29 10:57:53,083 [    train.py:  186]:	Train:
[INFO] 2022-09-29 10:57:53,088 [    train.py:  198]:	Loss 0.0272, ('Ner Loss', 0.004618498962372541),  ('CLS Classification Loss', 0.0226268470287323)
[INFO] 2022-09-29 10:57:53,088 [    train.py:  208]:	('Ner Acc', 0.9980528950691223),  ('CLS Classification Acc', 0.9909721612930298)
[INFO] 2022-09-29 10:57:56,148 [    train.py:  220]:	Evaluate:
[INFO] 2022-09-29 10:57:56,148 [    train.py:  227]:	Loss 0.1414, ('Ner Loss', 0.012505564),  ('CLS Classification Loss', 0.12885542)
[INFO] 2022-09-29 10:57:56,149 [    train.py:  228]:	('Ner Acc', 0.9973012), ('CLS Classification Acc', 0.96910024)
[INFO] 2022-09-29 10:58:05,789 [    train.py:  237]:	Precision 0.378 Recall 0.404 F1 0.390
[INFO] 2022-09-29 10:58:26,995 [    train.py:  185]:	Epoch 38: 
[INFO] 2022-09-29 10:58:26,996 [    train.py:  186]:	Train:
[INFO] 2022-09-29 10:58:26,999 [    train.py:  198]:	Loss 0.0215, ('Ner Loss', 0.004136477131396532),  ('CLS Classification Loss', 0.017387283965945244)
[INFO] 2022-09-29 10:58:26,999 [    train.py:  208]:	('Ner Acc', 0.9980842471122742),  ('CLS Classification Acc', 0.993229329586029)
[INFO] 2022-09-29 10:58:30,160 [    train.py:  220]:	Evaluate:
[INFO] 2022-09-29 10:58:30,161 [    train.py:  227]:	Loss 0.1818, ('Ner Loss', 0.01601821),  ('CLS Classification Loss', 0.1657741)
[INFO] 2022-09-29 10:58:30,161 [    train.py:  228]:	('Ner Acc', 0.9970611), ('CLS Classification Acc', 0.9701206)
[INFO] 2022-09-29 10:58:39,695 [    train.py:  237]:	Precision 0.382 Recall 0.402 F1 0.392
[INFO] 2022-09-29 10:59:01,096 [    train.py:  185]:	Epoch 39: 
[INFO] 2022-09-29 10:59:01,096 [    train.py:  186]:	Train:
[INFO] 2022-09-29 10:59:01,101 [    train.py:  198]:	Loss 0.0194, ('Ner Loss', 0.004000505432486534),  ('CLS Classification Loss', 0.015397137962281704)
[INFO] 2022-09-29 10:59:01,102 [    train.py:  208]:	('Ner Acc', 0.998157799243927),  ('CLS Classification Acc', 0.9938741326332092)
[INFO] 2022-09-29 10:59:04,171 [    train.py:  220]:	Evaluate:
[INFO] 2022-09-29 10:59:04,172 [    train.py:  227]:	Loss 0.1657, ('Ner Loss', 0.015382906),  ('CLS Classification Loss', 0.15029857)
[INFO] 2022-09-29 10:59:04,173 [    train.py:  228]:	('Ner Acc', 0.9969933), ('CLS Classification Acc', 0.96931344)
[INFO] 2022-09-29 10:59:13,715 [    train.py:  237]:	Precision 0.360 Recall 0.452 F1 0.401
[INFO] 2022-09-29 10:59:35,584 [    train.py:  185]:	Epoch 40: 
[INFO] 2022-09-29 10:59:35,585 [    train.py:  186]:	Train:
[INFO] 2022-09-29 10:59:35,587 [    train.py:  198]:	Loss 0.0205, ('Ner Loss', 0.0037748648319393396),  ('CLS Classification Loss', 0.016741499304771423)
[INFO] 2022-09-29 10:59:35,587 [    train.py:  208]:	('Ner Acc', 0.9982376098632812),  ('CLS Classification Acc', 0.9930307865142822)
[INFO] 2022-09-29 10:59:38,710 [    train.py:  220]:	Evaluate:
[INFO] 2022-09-29 10:59:38,710 [    train.py:  227]:	Loss 0.1628, ('Ner Loss', 0.013970059),  ('CLS Classification Loss', 0.1488331)
[INFO] 2022-09-29 10:59:38,711 [    train.py:  228]:	('Ner Acc', 0.99705637), ('CLS Classification Acc', 0.96946585)
[INFO] 2022-09-29 10:59:48,200 [    train.py:  237]:	Precision 0.392 Recall 0.452 F1 0.420
[INFO] 2022-09-29 11:00:09,884 [    train.py:  185]:	Epoch 41: 
[INFO] 2022-09-29 11:00:09,884 [    train.py:  186]:	Train:
[INFO] 2022-09-29 11:00:09,889 [    train.py:  198]:	Loss 0.0185, ('Ner Loss', 0.0037463486660271883),  ('CLS Classification Loss', 0.014777430333197117)
[INFO] 2022-09-29 11:00:09,889 [    train.py:  208]:	('Ner Acc', 0.9983403086662292),  ('CLS Classification Acc', 0.9942461252212524)
[INFO] 2022-09-29 11:00:12,957 [    train.py:  220]:	Evaluate:
[INFO] 2022-09-29 11:00:12,958 [    train.py:  227]:	Loss 0.1752, ('Ner Loss', 0.013994847),  ('CLS Classification Loss', 0.1612015)
[INFO] 2022-09-29 11:00:12,958 [    train.py:  228]:	('Ner Acc', 0.99710375), ('CLS Classification Acc', 0.96957225)
[INFO] 2022-09-29 11:00:22,973 [    train.py:  237]:	Precision 0.389 Recall 0.451 F1 0.418
[INFO] 2022-09-29 11:00:44,421 [    train.py:  185]:	Epoch 42: 
[INFO] 2022-09-29 11:00:44,422 [    train.py:  186]:	Train:
[INFO] 2022-09-29 11:00:44,426 [    train.py:  198]:	Loss 0.0178, ('Ner Loss', 0.0035952504258602858),  ('CLS Classification Loss', 0.014204506762325764)
[INFO] 2022-09-29 11:00:44,426 [    train.py:  208]:	('Ner Acc', 0.9983829855918884),  ('CLS Classification Acc', 0.994717538356781)
[INFO] 2022-09-29 11:00:47,555 [    train.py:  220]:	Evaluate:
[INFO] 2022-09-29 11:00:47,556 [    train.py:  227]:	Loss 0.1757, ('Ner Loss', 0.015717587),  ('CLS Classification Loss', 0.15998287)
[INFO] 2022-09-29 11:00:47,556 [    train.py:  228]:	('Ner Acc', 0.9968288), ('CLS Classification Acc', 0.96795815)
[INFO] 2022-09-29 11:00:57,195 [    train.py:  237]:	Precision 0.352 Recall 0.460 F1 0.399
[INFO] 2022-09-29 11:01:19,038 [    train.py:  185]:	Epoch 43: 
[INFO] 2022-09-29 11:01:19,038 [    train.py:  186]:	Train:
[INFO] 2022-09-29 11:01:19,043 [    train.py:  198]:	Loss 0.0174, ('Ner Loss', 0.0035140998661518097),  ('CLS Classification Loss', 0.013925738632678986)
[INFO] 2022-09-29 11:01:19,043 [    train.py:  208]:	('Ner Acc', 0.9983932375907898),  ('CLS Classification Acc', 0.9947174191474915)
[INFO] 2022-09-29 11:01:22,073 [    train.py:  220]:	Evaluate:
[INFO] 2022-09-29 11:01:22,074 [    train.py:  227]:	Loss 0.1820, ('Ner Loss', 0.015404674),  ('CLS Classification Loss', 0.16663086)
[INFO] 2022-09-29 11:01:22,074 [    train.py:  228]:	('Ner Acc', 0.9968979), ('CLS Classification Acc', 0.9675316)
[INFO] 2022-09-29 11:01:31,780 [    train.py:  237]:	Precision 0.382 Recall 0.477 F1 0.424
[INFO] 2022-09-29 11:01:53,372 [    train.py:  185]:	Epoch 44: 
[INFO] 2022-09-29 11:01:53,372 [    train.py:  186]:	Train:
[INFO] 2022-09-29 11:01:53,377 [    train.py:  198]:	Loss 0.0171, ('Ner Loss', 0.0031942487694323063),  ('CLS Classification Loss', 0.013882458209991455)
[INFO] 2022-09-29 11:01:53,377 [    train.py:  208]:	('Ner Acc', 0.998585045337677),  ('CLS Classification Acc', 0.9946181178092957)
[INFO] 2022-09-29 11:01:58,498 [    train.py:  220]:	Evaluate:
[INFO] 2022-09-29 11:01:58,498 [    train.py:  227]:	Loss 0.1967, ('Ner Loss', 0.016581254),  ('CLS Classification Loss', 0.18015036)
[INFO] 2022-09-29 11:01:58,498 [    train.py:  228]:	('Ner Acc', 0.9972402), ('CLS Classification Acc', 0.9705623)
[INFO] 2022-09-29 11:02:08,149 [    train.py:  237]:	Precision 0.424 Recall 0.427 F1 0.426
[INFO] 2022-09-29 11:02:29,547 [    train.py:  185]:	Epoch 45: 
[INFO] 2022-09-29 11:02:29,548 [    train.py:  186]:	Train:
[INFO] 2022-09-29 11:02:29,550 [    train.py:  198]:	Loss 0.0135, ('Ner Loss', 0.0031657752115279436),  ('CLS Classification Loss', 0.010340127162635326)
[INFO] 2022-09-29 11:02:29,551 [    train.py:  208]:	('Ner Acc', 0.998576819896698),  ('CLS Classification Acc', 0.9960070848464966)
[INFO] 2022-09-29 11:02:32,549 [    train.py:  220]:	Evaluate:
[INFO] 2022-09-29 11:02:32,550 [    train.py:  227]:	Loss 0.2037, ('Ner Loss', 0.01752582),  ('CLS Classification Loss', 0.18616794)
[INFO] 2022-09-29 11:02:32,550 [    train.py:  228]:	('Ner Acc', 0.99736166), ('CLS Classification Acc', 0.97021204)
[INFO] 2022-09-29 11:02:42,127 [    train.py:  237]:	Precision 0.430 Recall 0.419 F1 0.424
[INFO] 2022-09-29 11:03:03,387 [    train.py:  185]:	Epoch 46: 
[INFO] 2022-09-29 11:03:03,387 [    train.py:  186]:	Train:
[INFO] 2022-09-29 11:03:03,391 [    train.py:  198]:	Loss 0.0136, ('Ner Loss', 0.0030524199828505516),  ('CLS Classification Loss', 0.010501155629754066)
[INFO] 2022-09-29 11:03:03,391 [    train.py:  208]:	('Ner Acc', 0.9986135363578796),  ('CLS Classification Acc', 0.9959077835083008)
[INFO] 2022-09-29 11:03:06,379 [    train.py:  220]:	Evaluate:
[INFO] 2022-09-29 11:03:06,380 [    train.py:  227]:	Loss 0.1956, ('Ner Loss', 0.016626766),  ('CLS Classification Loss', 0.17901681)
[INFO] 2022-09-29 11:03:06,380 [    train.py:  228]:	('Ner Acc', 0.9973475), ('CLS Classification Acc', 0.96951145)
[INFO] 2022-09-29 11:03:15,947 [    train.py:  237]:	Precision 0.421 Recall 0.432 F1 0.426
[INFO] 2022-09-29 11:03:37,378 [    train.py:  185]:	Epoch 47: 
[INFO] 2022-09-29 11:03:37,378 [    train.py:  186]:	Train:
[INFO] 2022-09-29 11:03:37,381 [    train.py:  198]:	Loss 0.0146, ('Ner Loss', 0.0029209167696535587),  ('CLS Classification Loss', 0.011671269312500954)
[INFO] 2022-09-29 11:03:37,381 [    train.py:  208]:	('Ner Acc', 0.9986861348152161),  ('CLS Classification Acc', 0.9957095384597778)
[INFO] 2022-09-29 11:03:40,330 [    train.py:  220]:	Evaluate:
[INFO] 2022-09-29 11:03:40,330 [    train.py:  227]:	Loss 0.1770, ('Ner Loss', 0.015601594),  ('CLS Classification Loss', 0.16141728)
[INFO] 2022-09-29 11:03:40,330 [    train.py:  228]:	('Ner Acc', 0.9970253), ('CLS Classification Acc', 0.9680952)
[INFO] 2022-09-29 11:03:50,050 [    train.py:  237]:	Precision 0.383 Recall 0.484 F1 0.427
[INFO] 2022-09-29 11:04:11,353 [    train.py:  185]:	Epoch 48: 
[INFO] 2022-09-29 11:04:11,354 [    train.py:  186]:	Train:
[INFO] 2022-09-29 11:04:11,359 [    train.py:  198]:	Loss 0.0145, ('Ner Loss', 0.002864997833967209),  ('CLS Classification Loss', 0.011632086709141731)
[INFO] 2022-09-29 11:04:11,359 [    train.py:  208]:	('Ner Acc', 0.9987258911132812),  ('CLS Classification Acc', 0.995783805847168)
[INFO] 2022-09-29 11:04:14,338 [    train.py:  220]:	Evaluate:
[INFO] 2022-09-29 11:04:14,338 [    train.py:  227]:	Loss 0.1748, ('Ner Loss', 0.014829441),  ('CLS Classification Loss', 0.15998125)
[INFO] 2022-09-29 11:04:14,338 [    train.py:  228]:	('Ner Acc', 0.99723434), ('CLS Classification Acc', 0.9693439)
[INFO] 2022-09-29 11:04:24,041 [    train.py:  237]:	Precision 0.411 Recall 0.456 F1 0.432
[INFO] 2022-09-29 11:04:45,914 [    train.py:  185]:	Epoch 49: 
[INFO] 2022-09-29 11:04:45,915 [    train.py:  186]:	Train:
[INFO] 2022-09-29 11:04:45,918 [    train.py:  198]:	Loss 0.0121, ('Ner Loss', 0.002749851904809475),  ('CLS Classification Loss', 0.009360943920910358)
[INFO] 2022-09-29 11:04:45,918 [    train.py:  208]:	('Ner Acc', 0.998735785484314),  ('CLS Classification Acc', 0.9964536428451538)
[INFO] 2022-09-29 11:04:49,010 [    train.py:  220]:	Evaluate:
[INFO] 2022-09-29 11:04:49,011 [    train.py:  227]:	Loss 0.1981, ('Ner Loss', 0.017615572),  ('CLS Classification Loss', 0.18052274)
[INFO] 2022-09-29 11:04:49,011 [    train.py:  228]:	('Ner Acc', 0.9972013), ('CLS Classification Acc', 0.96938956)
[INFO] 2022-09-29 11:04:58,762 [    train.py:  237]:	Precision 0.395 Recall 0.445 F1 0.419
[INFO] 2022-09-29 11:05:20,615 [    train.py:  185]:	Epoch 50: 
[INFO] 2022-09-29 11:05:20,616 [    train.py:  186]:	Train:
[INFO] 2022-09-29 11:05:20,623 [    train.py:  198]:	Loss 0.0110, ('Ner Loss', 0.002637926721945405),  ('CLS Classification Loss', 0.008321492932736874)
[INFO] 2022-09-29 11:05:20,624 [    train.py:  208]:	('Ner Acc', 0.9987527132034302),  ('CLS Classification Acc', 0.9969992637634277)
[INFO] 2022-09-29 11:05:23,764 [    train.py:  220]:	Evaluate:
[INFO] 2022-09-29 11:05:23,765 [    train.py:  227]:	Loss 0.2043, ('Ner Loss', 0.017351909),  ('CLS Classification Loss', 0.18695517)
[INFO] 2022-09-29 11:05:23,765 [    train.py:  228]:	('Ner Acc', 0.99691993), ('CLS Classification Acc', 0.96934396)
[INFO] 2022-09-29 11:05:33,535 [    train.py:  237]:	Precision 0.398 Recall 0.469 F1 0.430
[INFO] 2022-09-29 11:05:55,235 [    train.py:  185]:	Epoch 51: 
[INFO] 2022-09-29 11:05:55,236 [    train.py:  186]:	Train:
[INFO] 2022-09-29 11:05:55,241 [    train.py:  198]:	Loss 0.0129, ('Ner Loss', 0.00267694890499115),  ('CLS Classification Loss', 0.010258171707391739)
[INFO] 2022-09-29 11:05:55,242 [    train.py:  208]:	('Ner Acc', 0.9987753629684448),  ('CLS Classification Acc', 0.9960567951202393)
[INFO] 2022-09-29 11:05:58,333 [    train.py:  220]:	Evaluate:
[INFO] 2022-09-29 11:05:58,334 [    train.py:  227]:	Loss 0.2044, ('Ner Loss', 0.017368533),  ('CLS Classification Loss', 0.18703385)
[INFO] 2022-09-29 11:05:58,334 [    train.py:  228]:	('Ner Acc', 0.99741), ('CLS Classification Acc', 0.9697856)
[INFO] 2022-09-29 11:06:08,183 [    train.py:  237]:	Precision 0.441 Recall 0.443 F1 0.442
[INFO] 2022-09-29 11:06:26,889 [    train.py:  185]:	Epoch 52: 
[INFO] 2022-09-29 11:06:26,890 [    train.py:  186]:	Train:
[INFO] 2022-09-29 11:06:26,899 [    train.py:  198]:	Loss 0.0110, ('Ner Loss', 0.0024481359869241714),  ('CLS Classification Loss', 0.008588729426264763)
[INFO] 2022-09-29 11:06:26,899 [    train.py:  208]:	('Ner Acc', 0.9988817572593689),  ('CLS Classification Acc', 0.9963294863700867)
[INFO] 2022-09-29 11:06:29,184 [    train.py:  220]:	Evaluate:
[INFO] 2022-09-29 11:06:29,185 [    train.py:  227]:	Loss 0.1889, ('Ner Loss', 0.016295748),  ('CLS Classification Loss', 0.17262784)
[INFO] 2022-09-29 11:06:29,185 [    train.py:  228]:	('Ner Acc', 0.9974993), ('CLS Classification Acc', 0.9682171)
[INFO] 2022-09-29 11:06:38,673 [    train.py:  237]:	Precision 0.425 Recall 0.473 F1 0.448
[INFO] 2022-09-29 11:06:55,279 [    train.py:  185]:	Epoch 53: 
[INFO] 2022-09-29 11:06:55,280 [    train.py:  186]:	Train:
[INFO] 2022-09-29 11:06:55,283 [    train.py:  198]:	Loss 0.0107, ('Ner Loss', 0.0024000557605177164),  ('CLS Classification Loss', 0.008297414518892765)
[INFO] 2022-09-29 11:06:55,283 [    train.py:  208]:	('Ner Acc', 0.9988058805465698),  ('CLS Classification Acc', 0.9969992637634277)
[INFO] 2022-09-29 11:06:57,650 [    train.py:  220]:	Evaluate:
[INFO] 2022-09-29 11:06:57,650 [    train.py:  227]:	Loss 0.1957, ('Ner Loss', 0.017285787),  ('CLS Classification Loss', 0.17839104)
[INFO] 2022-09-29 11:06:57,650 [    train.py:  228]:	('Ner Acc', 0.9972194), ('CLS Classification Acc', 0.9694506)
[INFO] 2022-09-29 11:07:07,606 [    train.py:  237]:	Precision 0.413 Recall 0.482 F1 0.445
[INFO] 2022-09-29 11:07:23,962 [    train.py:  185]:	Epoch 54: 
[INFO] 2022-09-29 11:07:23,963 [    train.py:  186]:	Train:
[INFO] 2022-09-29 11:07:23,969 [    train.py:  198]:	Loss 0.0092, ('Ner Loss', 0.00219905748963356),  ('CLS Classification Loss', 0.006994448136538267)
[INFO] 2022-09-29 11:07:23,970 [    train.py:  208]:	('Ner Acc', 0.9989858269691467),  ('CLS Classification Acc', 0.9975696206092834)
[INFO] 2022-09-29 11:07:26,270 [    train.py:  220]:	Evaluate:
[INFO] 2022-09-29 11:07:26,270 [    train.py:  227]:	Loss 0.1878, ('Ner Loss', 0.015901918),  ('CLS Classification Loss', 0.17193303)
[INFO] 2022-09-29 11:07:26,270 [    train.py:  228]:	('Ner Acc', 0.9974411), ('CLS Classification Acc', 0.96977025)
[INFO] 2022-09-29 11:07:36,147 [    train.py:  237]:	Precision 0.430 Recall 0.491 F1 0.459
[INFO] 2022-09-29 11:07:52,499 [    train.py:  185]:	Epoch 55: 
[INFO] 2022-09-29 11:07:52,499 [    train.py:  186]:	Train:
[INFO] 2022-09-29 11:07:52,503 [    train.py:  198]:	Loss 0.0098, ('Ner Loss', 0.0021203525830060244),  ('CLS Classification Loss', 0.007720134221017361)
[INFO] 2022-09-29 11:07:52,503 [    train.py:  208]:	('Ner Acc', 0.9990054368972778),  ('CLS Classification Acc', 0.9970985651016235)
[INFO] 2022-09-29 11:07:54,839 [    train.py:  220]:	Evaluate:
[INFO] 2022-09-29 11:07:54,840 [    train.py:  227]:	Loss 0.2110, ('Ner Loss', 0.018220425),  ('CLS Classification Loss', 0.19280109)
[INFO] 2022-09-29 11:07:54,840 [    train.py:  228]:	('Ner Acc', 0.9974532), ('CLS Classification Acc', 0.9714303)
[INFO] 2022-09-29 11:08:04,755 [    train.py:  237]:	Precision 0.455 Recall 0.452 F1 0.453
[INFO] 2022-09-29 11:08:21,211 [    train.py:  185]:	Epoch 56: 
[INFO] 2022-09-29 11:08:21,212 [    train.py:  186]:	Train:
[INFO] 2022-09-29 11:08:21,217 [    train.py:  198]:	Loss 0.0100, ('Ner Loss', 0.0021683506201952696),  ('CLS Classification Loss', 0.007876616902649403)
[INFO] 2022-09-29 11:08:21,217 [    train.py:  208]:	('Ner Acc', 0.9990068674087524),  ('CLS Classification Acc', 0.9969742894172668)
[INFO] 2022-09-29 11:08:23,280 [    train.py:  220]:	Evaluate:
[INFO] 2022-09-29 11:08:23,280 [    train.py:  227]:	Loss 0.2095, ('Ner Loss', 0.017858963),  ('CLS Classification Loss', 0.19167928)
[INFO] 2022-09-29 11:08:23,280 [    train.py:  228]:	('Ner Acc', 0.99731374), ('CLS Classification Acc', 0.97041)
[INFO] 2022-09-29 11:08:33,415 [    train.py:  237]:	Precision 0.429 Recall 0.464 F1 0.446
[INFO] 2022-09-29 11:08:54,887 [    train.py:  185]:	Epoch 57: 
[INFO] 2022-09-29 11:08:54,888 [    train.py:  186]:	Train:
[INFO] 2022-09-29 11:08:54,892 [    train.py:  198]:	Loss 0.0087, ('Ner Loss', 0.0018696693005040288),  ('CLS Classification Loss', 0.006807733327150345)
[INFO] 2022-09-29 11:08:54,892 [    train.py:  208]:	('Ner Acc', 0.9991578459739685),  ('CLS Classification Acc', 0.9978174567222595)
[INFO] 2022-09-29 11:08:57,916 [    train.py:  220]:	Evaluate:
[INFO] 2022-09-29 11:08:57,917 [    train.py:  227]:	Loss 0.2148, ('Ner Loss', 0.019346582),  ('CLS Classification Loss', 0.19541168)
[INFO] 2022-09-29 11:08:57,917 [    train.py:  228]:	('Ner Acc', 0.99743575), ('CLS Classification Acc', 0.96923715)
[INFO] 2022-09-29 11:09:07,612 [    train.py:  237]:	Precision 0.436 Recall 0.450 F1 0.443
[INFO] 2022-09-29 11:09:29,243 [    train.py:  185]:	Epoch 58: 
[INFO] 2022-09-29 11:09:29,243 [    train.py:  186]:	Train:
[INFO] 2022-09-29 11:09:29,246 [    train.py:  198]:	Loss 0.0092, ('Ner Loss', 0.00186438811942935),  ('CLS Classification Loss', 0.007337281480431557)
[INFO] 2022-09-29 11:09:29,247 [    train.py:  208]:	('Ner Acc', 0.9991081357002258),  ('CLS Classification Acc', 0.997296929359436)
[INFO] 2022-09-29 11:09:32,369 [    train.py:  220]:	Evaluate:
[INFO] 2022-09-29 11:09:32,370 [    train.py:  227]:	Loss 0.1961, ('Ner Loss', 0.017450327),  ('CLS Classification Loss', 0.17860931)
[INFO] 2022-09-29 11:09:32,370 [    train.py:  228]:	('Ner Acc', 0.997486), ('CLS Classification Acc', 0.9682017)
[INFO] 2022-09-29 11:09:42,200 [    train.py:  237]:	Precision 0.414 Recall 0.484 F1 0.446
[INFO] 2022-09-29 11:10:03,826 [    train.py:  185]:	Epoch 59: 
[INFO] 2022-09-29 11:10:03,827 [    train.py:  186]:	Train:
[INFO] 2022-09-29 11:10:03,831 [    train.py:  198]:	Loss 0.0082, ('Ner Loss', 0.0016906262608245015),  ('CLS Classification Loss', 0.006506406702101231)
[INFO] 2022-09-29 11:10:03,831 [    train.py:  208]:	('Ner Acc', 0.9992341995239258),  ('CLS Classification Acc', 0.9978176951408386)
[INFO] 2022-09-29 11:10:06,886 [    train.py:  220]:	Evaluate:
[INFO] 2022-09-29 11:10:06,887 [    train.py:  227]:	Loss 0.1948, ('Ner Loss', 0.017999277),  ('CLS Classification Loss', 0.17677777)
[INFO] 2022-09-29 11:10:06,887 [    train.py:  228]:	('Ner Acc', 0.9974807), ('CLS Classification Acc', 0.9708515)
[INFO] 2022-09-29 11:10:16,493 [    train.py:  237]:	Precision 0.431 Recall 0.472 F1 0.451
[INFO] 2022-09-29 11:10:37,596 [    train.py:  185]:	Epoch 60: 
[INFO] 2022-09-29 11:10:37,596 [    train.py:  186]:	Train:
[INFO] 2022-09-29 11:10:37,601 [    train.py:  198]:	Loss 0.0068, ('Ner Loss', 0.001710367389023304),  ('CLS Classification Loss', 0.00509141618385911)
[INFO] 2022-09-29 11:10:37,602 [    train.py:  208]:	('Ner Acc', 0.9992424249649048),  ('CLS Classification Acc', 0.9981151223182678)
[INFO] 2022-09-29 11:10:40,613 [    train.py:  220]:	Evaluate:
[INFO] 2022-09-29 11:10:40,613 [    train.py:  227]:	Loss 0.2054, ('Ner Loss', 0.019860905),  ('CLS Classification Loss', 0.18555477)
[INFO] 2022-09-29 11:10:40,614 [    train.py:  228]:	('Ner Acc', 0.9975829), ('CLS Classification Acc', 0.9720852)
[INFO] 2022-09-29 11:10:50,124 [    train.py:  237]:	Precision 0.464 Recall 0.454 F1 0.459
[INFO] 2022-09-29 11:11:11,464 [    train.py:  185]:	Epoch 61: 
[INFO] 2022-09-29 11:11:11,464 [    train.py:  186]:	Train:
[INFO] 2022-09-29 11:11:11,467 [    train.py:  198]:	Loss 0.0081, ('Ner Loss', 0.001623134477995336),  ('CLS Classification Loss', 0.006471477914601564)
[INFO] 2022-09-29 11:11:11,468 [    train.py:  208]:	('Ner Acc', 0.9991827607154846),  ('CLS Classification Acc', 0.9979167580604553)
[INFO] 2022-09-29 11:11:14,550 [    train.py:  220]:	Evaluate:
[INFO] 2022-09-29 11:11:14,551 [    train.py:  227]:	Loss 0.1999, ('Ner Loss', 0.01871263),  ('CLS Classification Loss', 0.18118122)
[INFO] 2022-09-29 11:11:14,551 [    train.py:  228]:	('Ner Acc', 0.9975212), ('CLS Classification Acc', 0.9700749)
[INFO] 2022-09-29 11:11:24,293 [    train.py:  237]:	Precision 0.449 Recall 0.458 F1 0.454
[INFO] 2022-09-29 11:11:46,236 [    train.py:  185]:	Epoch 62: 
[INFO] 2022-09-29 11:11:46,237 [    train.py:  186]:	Train:
[INFO] 2022-09-29 11:11:46,240 [    train.py:  198]:	Loss 0.0090, ('Ner Loss', 0.0016586331184953451),  ('CLS Classification Loss', 0.007351030595600605)
[INFO] 2022-09-29 11:11:46,240 [    train.py:  208]:	('Ner Acc', 0.999238133430481),  ('CLS Classification Acc', 0.9974704384803772)
[INFO] 2022-09-29 11:11:49,251 [    train.py:  220]:	Evaluate:
[INFO] 2022-09-29 11:11:49,251 [    train.py:  227]:	Loss 0.2012, ('Ner Loss', 0.019658327),  ('CLS Classification Loss', 0.18153173)
[INFO] 2022-09-29 11:11:49,251 [    train.py:  228]:	('Ner Acc', 0.9973827), ('CLS Classification Acc', 0.9705774)
[INFO] 2022-09-29 11:11:59,009 [    train.py:  237]:	Precision 0.450 Recall 0.465 F1 0.458
[INFO] 2022-09-29 11:12:20,644 [    train.py:  185]:	Epoch 63: 
[INFO] 2022-09-29 11:12:20,645 [    train.py:  186]:	Train:
[INFO] 2022-09-29 11:12:20,649 [    train.py:  198]:	Loss 0.0058, ('Ner Loss', 0.0014561261050403118),  ('CLS Classification Loss', 0.004308195784687996)
[INFO] 2022-09-29 11:12:20,649 [    train.py:  208]:	('Ner Acc', 0.9992839097976685),  ('CLS Classification Acc', 0.9984623789787292)
[INFO] 2022-09-29 11:12:23,760 [    train.py:  220]:	Evaluate:
[INFO] 2022-09-29 11:12:23,761 [    train.py:  227]:	Loss 0.1997, ('Ner Loss', 0.0187719),  ('CLS Classification Loss', 0.18095632)
[INFO] 2022-09-29 11:12:23,761 [    train.py:  228]:	('Ner Acc', 0.9974547), ('CLS Classification Acc', 0.9721003)
[INFO] 2022-09-29 11:12:33,287 [    train.py:  237]:	Precision 0.437 Recall 0.490 F1 0.462
[INFO] 2022-09-29 11:12:55,031 [    train.py:  185]:	Epoch 64: 
[INFO] 2022-09-29 11:12:55,032 [    train.py:  186]:	Train:
[INFO] 2022-09-29 11:12:55,036 [    train.py:  198]:	Loss 0.0051, ('Ner Loss', 0.0014449850423261523),  ('CLS Classification Loss', 0.0036355103366076946)
[INFO] 2022-09-29 11:12:55,036 [    train.py:  208]:	('Ner Acc', 0.9993247985839844),  ('CLS Classification Acc', 0.9987105131149292)
[INFO] 2022-09-29 11:12:58,157 [    train.py:  220]:	Evaluate:
[INFO] 2022-09-29 11:12:58,158 [    train.py:  227]:	Loss 0.2224, ('Ner Loss', 0.020253249),  ('CLS Classification Loss', 0.20215899)
[INFO] 2022-09-29 11:12:58,158 [    train.py:  228]:	('Ner Acc', 0.99743664), ('CLS Classification Acc', 0.97086686)
[INFO] 2022-09-29 11:13:08,264 [    train.py:  237]:	Precision 0.439 Recall 0.480 F1 0.459
[INFO] 2022-09-29 11:13:29,239 [    train.py:  185]:	Epoch 65: 
[INFO] 2022-09-29 11:13:29,239 [    train.py:  186]:	Train:
[INFO] 2022-09-29 11:13:29,242 [    train.py:  198]:	Loss 0.0059, ('Ner Loss', 0.0014063423732295632),  ('CLS Classification Loss', 0.004527947399765253)
[INFO] 2022-09-29 11:13:29,242 [    train.py:  208]:	('Ner Acc', 0.9993460774421692),  ('CLS Classification Acc', 0.9983879923820496)
[INFO] 2022-09-29 11:13:32,311 [    train.py:  220]:	Evaluate:
[INFO] 2022-09-29 11:13:32,311 [    train.py:  227]:	Loss 0.2065, ('Ner Loss', 0.020037245),  ('CLS Classification Loss', 0.186419)
[INFO] 2022-09-29 11:13:32,312 [    train.py:  228]:	('Ner Acc', 0.99725884), ('CLS Classification Acc', 0.9704251)
[INFO] 2022-09-29 11:13:42,091 [    train.py:  237]:	Precision 0.428 Recall 0.498 F1 0.461
[INFO] 2022-09-29 11:14:03,563 [    train.py:  185]:	Epoch 66: 
[INFO] 2022-09-29 11:14:03,564 [    train.py:  186]:	Train:
[INFO] 2022-09-29 11:14:03,571 [    train.py:  198]:	Loss 0.0053, ('Ner Loss', 0.0012930118246003985),  ('CLS Classification Loss', 0.0040063331834971905)
[INFO] 2022-09-29 11:14:03,571 [    train.py:  208]:	('Ner Acc', 0.9993696808815002),  ('CLS Classification Acc', 0.9985616207122803)
[INFO] 2022-09-29 11:14:06,658 [    train.py:  220]:	Evaluate:
[INFO] 2022-09-29 11:14:06,659 [    train.py:  227]:	Loss 0.2163, ('Ner Loss', 0.020251289),  ('CLS Classification Loss', 0.19607054)
[INFO] 2022-09-29 11:14:06,659 [    train.py:  228]:	('Ner Acc', 0.99749655), ('CLS Classification Acc', 0.9722069)
[INFO] 2022-09-29 11:14:16,440 [    train.py:  237]:	Precision 0.460 Recall 0.469 F1 0.464
[INFO] 2022-09-29 11:14:37,985 [    train.py:  185]:	Epoch 67: 
[INFO] 2022-09-29 11:14:37,985 [    train.py:  186]:	Train:
[INFO] 2022-09-29 11:14:37,991 [    train.py:  198]:	Loss 0.0066, ('Ner Loss', 0.0013087330153211951),  ('CLS Classification Loss', 0.005329447332769632)
[INFO] 2022-09-29 11:14:37,991 [    train.py:  208]:	('Ner Acc', 0.9994613528251648),  ('CLS Classification Acc', 0.9981648325920105)
[INFO] 2022-09-29 11:14:41,006 [    train.py:  220]:	Evaluate:
[INFO] 2022-09-29 11:14:41,006 [    train.py:  227]:	Loss 0.2116, ('Ner Loss', 0.019942135),  ('CLS Classification Loss', 0.19167188)
[INFO] 2022-09-29 11:14:41,006 [    train.py:  228]:	('Ner Acc', 0.9973849), ('CLS Classification Acc', 0.97009015)
[INFO] 2022-09-29 11:14:50,889 [    train.py:  237]:	Precision 0.436 Recall 0.470 F1 0.452
[INFO] 2022-09-29 11:15:12,424 [    train.py:  185]:	Epoch 68: 
[INFO] 2022-09-29 11:15:12,424 [    train.py:  186]:	Train:
[INFO] 2022-09-29 11:15:12,428 [    train.py:  198]:	Loss 0.0053, ('Ner Loss', 0.0013325411127880216),  ('CLS Classification Loss', 0.003955348860472441)
[INFO] 2022-09-29 11:15:12,428 [    train.py:  208]:	('Ner Acc', 0.9994171261787415),  ('CLS Classification Acc', 0.9986855387687683)
[INFO] 2022-09-29 11:15:15,548 [    train.py:  220]:	Evaluate:
[INFO] 2022-09-29 11:15:15,549 [    train.py:  227]:	Loss 0.2020, ('Ner Loss', 0.019667773),  ('CLS Classification Loss', 0.18229745)
[INFO] 2022-09-29 11:15:15,549 [    train.py:  228]:	('Ner Acc', 0.9974631), ('CLS Classification Acc', 0.97126275)
[INFO] 2022-09-29 11:15:25,179 [    train.py:  237]:	Precision 0.443 Recall 0.485 F1 0.463
[INFO] 2022-09-29 11:15:46,947 [    train.py:  185]:	Epoch 69: 
[INFO] 2022-09-29 11:15:46,947 [    train.py:  186]:	Train:
[INFO] 2022-09-29 11:15:46,950 [    train.py:  198]:	Loss 0.0062, ('Ner Loss', 0.0012498489813879132),  ('CLS Classification Loss', 0.004949902184307575)
[INFO] 2022-09-29 11:15:46,950 [    train.py:  208]:	('Ner Acc', 0.9994585514068604),  ('CLS Classification Acc', 0.9983384013175964)
[INFO] 2022-09-29 11:15:50,043 [    train.py:  220]:	Evaluate:
[INFO] 2022-09-29 11:15:50,044 [    train.py:  227]:	Loss 0.2031, ('Ner Loss', 0.021765465),  ('CLS Classification Loss', 0.18138337)
[INFO] 2022-09-29 11:15:50,044 [    train.py:  228]:	('Ner Acc', 0.9974047), ('CLS Classification Acc', 0.97194815)
[INFO] 2022-09-29 11:15:59,603 [    train.py:  237]:	Precision 0.446 Recall 0.470 F1 0.458
[INFO] 2022-09-29 11:16:21,244 [    train.py:  185]:	Epoch 70: 
[INFO] 2022-09-29 11:16:21,244 [    train.py:  186]:	Train:
[INFO] 2022-09-29 11:16:21,249 [    train.py:  198]:	Loss 0.0056, ('Ner Loss', 0.0011754041770473123),  ('CLS Classification Loss', 0.004404403269290924)
[INFO] 2022-09-29 11:16:21,249 [    train.py:  208]:	('Ner Acc', 0.9994227886199951),  ('CLS Classification Acc', 0.9984623789787292)
[INFO] 2022-09-29 11:16:24,303 [    train.py:  220]:	Evaluate:
[INFO] 2022-09-29 11:16:24,304 [    train.py:  227]:	Loss 0.2083, ('Ner Loss', 0.018827487),  ('CLS Classification Loss', 0.18945204)
[INFO] 2022-09-29 11:16:24,304 [    train.py:  228]:	('Ner Acc', 0.99718857), ('CLS Classification Acc', 0.97086674)
[INFO] 2022-09-29 11:16:33,899 [    train.py:  237]:	Precision 0.418 Recall 0.504 F1 0.457
[INFO] 2022-09-29 11:16:55,390 [    train.py:  185]:	Epoch 71: 
[INFO] 2022-09-29 11:16:55,390 [    train.py:  186]:	Train:
[INFO] 2022-09-29 11:16:55,393 [    train.py:  198]:	Loss 0.0051, ('Ner Loss', 0.0012106695212423801),  ('CLS Classification Loss', 0.0039044031873345375)
[INFO] 2022-09-29 11:16:55,393 [    train.py:  208]:	('Ner Acc', 0.9993973970413208),  ('CLS Classification Acc', 0.998759925365448)
[INFO] 2022-09-29 11:16:58,327 [    train.py:  220]:	Evaluate:
[INFO] 2022-09-29 11:16:58,327 [    train.py:  227]:	Loss 0.2114, ('Ner Loss', 0.019416092),  ('CLS Classification Loss', 0.19200005)
[INFO] 2022-09-29 11:16:58,328 [    train.py:  228]:	('Ner Acc', 0.9973043), ('CLS Classification Acc', 0.97076017)
[INFO] 2022-09-29 11:17:08,050 [    train.py:  237]:	Precision 0.435 Recall 0.482 F1 0.457
[INFO] 2022-09-29 11:17:29,730 [    train.py:  185]:	Epoch 72: 
[INFO] 2022-09-29 11:17:29,731 [    train.py:  186]:	Train:
[INFO] 2022-09-29 11:17:29,737 [    train.py:  198]:	Loss 0.0043, ('Ner Loss', 0.0011274486314505339),  ('CLS Classification Loss', 0.003208235604688525)
[INFO] 2022-09-29 11:17:29,737 [    train.py:  208]:	('Ner Acc', 0.9994603991508484),  ('CLS Classification Acc', 0.9988841414451599)
[INFO] 2022-09-29 11:17:32,752 [    train.py:  220]:	Evaluate:
[INFO] 2022-09-29 11:17:32,753 [    train.py:  227]:	Loss 0.2152, ('Ner Loss', 0.019686999),  ('CLS Classification Loss', 0.19555296)
[INFO] 2022-09-29 11:17:32,753 [    train.py:  228]:	('Ner Acc', 0.9974888), ('CLS Classification Acc', 0.9696789)
[INFO] 2022-09-29 11:17:42,540 [    train.py:  237]:	Precision 0.429 Recall 0.483 F1 0.455
[INFO] 2022-09-29 11:18:03,998 [    train.py:  185]:	Epoch 73: 
[INFO] 2022-09-29 11:18:03,999 [    train.py:  186]:	Train:
[INFO] 2022-09-29 11:18:04,008 [    train.py:  198]:	Loss 0.0046, ('Ner Loss', 0.0011883232509717345),  ('CLS Classification Loss', 0.0033844185527414083)
[INFO] 2022-09-29 11:18:04,008 [    train.py:  208]:	('Ner Acc', 0.9994294047355652),  ('CLS Classification Acc', 0.9988096952438354)
[INFO] 2022-09-29 11:18:07,115 [    train.py:  220]:	Evaluate:
[INFO] 2022-09-29 11:18:07,116 [    train.py:  227]:	Loss 0.2230, ('Ner Loss', 0.021958785),  ('CLS Classification Loss', 0.20108168)
[INFO] 2022-09-29 11:18:07,116 [    train.py:  228]:	('Ner Acc', 0.9974847), ('CLS Classification Acc', 0.97178066)
[INFO] 2022-09-29 11:18:16,895 [    train.py:  237]:	Precision 0.462 Recall 0.443 F1 0.452
[INFO] 2022-09-29 11:18:38,413 [    train.py:  185]:	Epoch 74: 
[INFO] 2022-09-29 11:18:38,413 [    train.py:  186]:	Train:
[INFO] 2022-09-29 11:18:38,416 [    train.py:  198]:	Loss 0.0043, ('Ner Loss', 0.0009846184402704239),  ('CLS Classification Loss', 0.003271718043833971)
[INFO] 2022-09-29 11:18:38,416 [    train.py:  208]:	('Ner Acc', 0.9995430111885071),  ('CLS Classification Acc', 0.9988095164299011)
[INFO] 2022-09-29 11:18:41,519 [    train.py:  220]:	Evaluate:
[INFO] 2022-09-29 11:18:41,519 [    train.py:  227]:	Loss 0.2045, ('Ner Loss', 0.020431722),  ('CLS Classification Loss', 0.18405469)
[INFO] 2022-09-29 11:18:41,520 [    train.py:  228]:	('Ner Acc', 0.99746245), ('CLS Classification Acc', 0.97216135)
[INFO] 2022-09-29 11:18:51,202 [    train.py:  237]:	Precision 0.444 Recall 0.485 F1 0.464
[INFO] 2022-09-29 11:19:12,489 [    train.py:  185]:	Epoch 75: 
[INFO] 2022-09-29 11:19:12,490 [    train.py:  186]:	Train:
[INFO] 2022-09-29 11:19:12,494 [    train.py:  198]:	Loss 0.0041, ('Ner Loss', 0.0009890676010400057),  ('CLS Classification Loss', 0.003065526019781828)
[INFO] 2022-09-29 11:19:12,495 [    train.py:  208]:	('Ner Acc', 0.9995215535163879),  ('CLS Classification Acc', 0.9989833235740662)
[INFO] 2022-09-29 11:19:15,535 [    train.py:  220]:	Evaluate:
[INFO] 2022-09-29 11:19:15,536 [    train.py:  227]:	Loss 0.2166, ('Ner Loss', 0.020978006),  ('CLS Classification Loss', 0.19557212)
[INFO] 2022-09-29 11:19:15,536 [    train.py:  228]:	('Ner Acc', 0.9974829), ('CLS Classification Acc', 0.9720242)
[INFO] 2022-09-29 11:19:25,026 [    train.py:  237]:	Precision 0.453 Recall 0.449 F1 0.451
[INFO] 2022-09-29 11:19:46,545 [    train.py:  185]:	Epoch 76: 
[INFO] 2022-09-29 11:19:46,545 [    train.py:  186]:	Train:
[INFO] 2022-09-29 11:19:46,547 [    train.py:  198]:	Loss 0.0037, ('Ner Loss', 0.001024975790642202),  ('CLS Classification Loss', 0.002721800934523344)
[INFO] 2022-09-29 11:19:46,547 [    train.py:  208]:	('Ner Acc', 0.9994859099388123),  ('CLS Classification Acc', 0.9992311596870422)
[INFO] 2022-09-29 11:19:49,593 [    train.py:  220]:	Evaluate:
[INFO] 2022-09-29 11:19:49,594 [    train.py:  227]:	Loss 0.2136, ('Ner Loss', 0.020135613),  ('CLS Classification Loss', 0.19347516)
[INFO] 2022-09-29 11:19:49,594 [    train.py:  228]:	('Ner Acc', 0.997531), ('CLS Classification Acc', 0.9714913)
[INFO] 2022-09-29 11:19:59,838 [    train.py:  237]:	Precision 0.444 Recall 0.491 F1 0.466
[INFO] 2022-09-29 11:20:21,273 [    train.py:  185]:	Epoch 77: 
[INFO] 2022-09-29 11:20:21,274 [    train.py:  186]:	Train:
[INFO] 2022-09-29 11:20:21,276 [    train.py:  198]:	Loss 0.0033, ('Ner Loss', 0.0009210141724906862),  ('CLS Classification Loss', 0.002380338730290532)
[INFO] 2022-09-29 11:20:21,276 [    train.py:  208]:	('Ner Acc', 0.9995335340499878),  ('CLS Classification Acc', 0.9993056058883667)
[INFO] 2022-09-29 11:20:24,344 [    train.py:  220]:	Evaluate:
[INFO] 2022-09-29 11:20:24,344 [    train.py:  227]:	Loss 0.2113, ('Ner Loss', 0.020875342),  ('CLS Classification Loss', 0.1904681)
[INFO] 2022-09-29 11:20:24,344 [    train.py:  228]:	('Ner Acc', 0.99753964), ('CLS Classification Acc', 0.97060794)
[INFO] 2022-09-29 11:20:33,920 [    train.py:  237]:	Precision 0.427 Recall 0.477 F1 0.451
[INFO] 2022-09-29 11:20:55,324 [    train.py:  185]:	Epoch 78: 
[INFO] 2022-09-29 11:20:55,324 [    train.py:  186]:	Train:
[INFO] 2022-09-29 11:20:55,327 [    train.py:  198]:	Loss 0.0044, ('Ner Loss', 0.0009030998917296529),  ('CLS Classification Loss', 0.003529393346980214)
[INFO] 2022-09-29 11:20:55,327 [    train.py:  208]:	('Ner Acc', 0.9995653629302979),  ('CLS Classification Acc', 0.9987599849700928)
[INFO] 2022-09-29 11:20:58,464 [    train.py:  220]:	Evaluate:
[INFO] 2022-09-29 11:20:58,465 [    train.py:  227]:	Loss 0.2278, ('Ner Loss', 0.022450643),  ('CLS Classification Loss', 0.20533986)
[INFO] 2022-09-29 11:20:58,465 [    train.py:  228]:	('Ner Acc', 0.9973972), ('CLS Classification Acc', 0.9714455)
[INFO] 2022-09-29 11:21:08,395 [    train.py:  237]:	Precision 0.439 Recall 0.469 F1 0.453
[INFO] 2022-09-29 11:21:29,645 [    train.py:  185]:	Epoch 79: 
[INFO] 2022-09-29 11:21:29,645 [    train.py:  186]:	Train:
[INFO] 2022-09-29 11:21:29,648 [    train.py:  198]:	Loss 0.0040, ('Ner Loss', 0.0009741917019709945),  ('CLS Classification Loss', 0.003027324564754963)
[INFO] 2022-09-29 11:21:29,648 [    train.py:  208]:	('Ner Acc', 0.9995485544204712),  ('CLS Classification Acc', 0.9991816878318787)
[INFO] 2022-09-29 11:21:32,757 [    train.py:  220]:	Evaluate:
[INFO] 2022-09-29 11:21:32,758 [    train.py:  227]:	Loss 0.2233, ('Ner Loss', 0.021669649),  ('CLS Classification Loss', 0.2016084)
[INFO] 2022-09-29 11:21:32,758 [    train.py:  228]:	('Ner Acc', 0.99747837), ('CLS Classification Acc', 0.9711867)
[INFO] 2022-09-29 11:21:42,871 [    train.py:  237]:	Precision 0.452 Recall 0.477 F1 0.464
[INFO] 2022-09-29 11:22:04,800 [    train.py:  185]:	Epoch 80: 
[INFO] 2022-09-29 11:22:04,801 [    train.py:  186]:	Train:
[INFO] 2022-09-29 11:22:04,803 [    train.py:  198]:	Loss 0.0033, ('Ner Loss', 0.0007405728101730347),  ('CLS Classification Loss', 0.0025637364014983177)
[INFO] 2022-09-29 11:22:04,804 [    train.py:  208]:	('Ner Acc', 0.9996445775032043),  ('CLS Classification Acc', 0.9991568326950073)
[INFO] 2022-09-29 11:22:07,861 [    train.py:  220]:	Evaluate:
[INFO] 2022-09-29 11:22:07,862 [    train.py:  227]:	Loss 0.2102, ('Ner Loss', 0.021047398),  ('CLS Classification Loss', 0.18919252)
[INFO] 2022-09-29 11:22:07,862 [    train.py:  228]:	('Ner Acc', 0.99754626), ('CLS Classification Acc', 0.9713541)
[INFO] 2022-09-29 11:22:17,322 [    train.py:  237]:	Precision 0.437 Recall 0.505 F1 0.468
[INFO] 2022-09-29 11:22:38,844 [    train.py:  185]:	Epoch 81: 
[INFO] 2022-09-29 11:22:38,844 [    train.py:  186]:	Train:
[INFO] 2022-09-29 11:22:38,848 [    train.py:  198]:	Loss 0.0051, ('Ner Loss', 0.001569397165440023),  ('CLS Classification Loss', 0.0035684441681951284)
[INFO] 2022-09-29 11:22:38,848 [    train.py:  208]:	('Ner Acc', 0.9995130300521851),  ('CLS Classification Acc', 0.9988344311714172)
[INFO] 2022-09-29 11:22:41,968 [    train.py:  220]:	Evaluate:
[INFO] 2022-09-29 11:22:41,969 [    train.py:  227]:	Loss 0.2124, ('Ner Loss', 0.02298397),  ('CLS Classification Loss', 0.18937737)
[INFO] 2022-09-29 11:22:41,969 [    train.py:  228]:	('Ner Acc', 0.9977085), ('CLS Classification Acc', 0.9719175)
[INFO] 2022-09-29 11:22:51,437 [    train.py:  237]:	Precision 0.479 Recall 0.453 F1 0.466
[INFO] 2022-09-29 11:23:13,007 [    train.py:  185]:	Epoch 82: 
[INFO] 2022-09-29 11:23:13,007 [    train.py:  186]:	Train:
[INFO] 2022-09-29 11:23:13,012 [    train.py:  198]:	Loss 0.0043, ('Ner Loss', 0.000964121543802321),  ('CLS Classification Loss', 0.003327547339722514)
[INFO] 2022-09-29 11:23:13,012 [    train.py:  208]:	('Ner Acc', 0.9995752573013306),  ('CLS Classification Acc', 0.9989832043647766)
[INFO] 2022-09-29 11:23:16,019 [    train.py:  220]:	Evaluate:
[INFO] 2022-09-29 11:23:16,020 [    train.py:  227]:	Loss 0.2050, ('Ner Loss', 0.021557432),  ('CLS Classification Loss', 0.18342413)
[INFO] 2022-09-29 11:23:16,020 [    train.py:  228]:	('Ner Acc', 0.9975806), ('CLS Classification Acc', 0.97240496)
[INFO] 2022-09-29 11:23:25,516 [    train.py:  237]:	Precision 0.454 Recall 0.479 F1 0.466
[INFO] 2022-09-29 11:23:46,941 [    train.py:  185]:	Epoch 83: 
[INFO] 2022-09-29 11:23:46,941 [    train.py:  186]:	Train:
[INFO] 2022-09-29 11:23:46,943 [    train.py:  198]:	Loss 0.0024, ('Ner Loss', 0.0007434140425175428),  ('CLS Classification Loss', 0.0016637981170788407)
[INFO] 2022-09-29 11:23:46,943 [    train.py:  208]:	('Ner Acc', 0.9996625781059265),  ('CLS Classification Acc', 0.9995039701461792)
[INFO] 2022-09-29 11:23:49,856 [    train.py:  220]:	Evaluate:
[INFO] 2022-09-29 11:23:49,856 [    train.py:  227]:	Loss 0.2255, ('Ner Loss', 0.02213315),  ('CLS Classification Loss', 0.20335205)
[INFO] 2022-09-29 11:23:49,856 [    train.py:  228]:	('Ner Acc', 0.99764425), ('CLS Classification Acc', 0.97205484)
[INFO] 2022-09-29 11:23:59,276 [    train.py:  237]:	Precision 0.467 Recall 0.478 F1 0.473
[INFO] 2022-09-29 11:24:20,459 [    train.py:  185]:	Epoch 84: 
[INFO] 2022-09-29 11:24:20,459 [    train.py:  186]:	Train:
[INFO] 2022-09-29 11:24:20,468 [    train.py:  198]:	Loss 0.0035, ('Ner Loss', 0.0007952473242767155),  ('CLS Classification Loss', 0.0027540859300643206)
[INFO] 2022-09-29 11:24:20,468 [    train.py:  208]:	('Ner Acc', 0.9996529817581177),  ('CLS Classification Acc', 0.999008059501648)
[INFO] 2022-09-29 11:24:23,489 [    train.py:  220]:	Evaluate:
[INFO] 2022-09-29 11:24:23,490 [    train.py:  227]:	Loss 0.2151, ('Ner Loss', 0.02272047),  ('CLS Classification Loss', 0.19235203)
[INFO] 2022-09-29 11:24:23,490 [    train.py:  228]:	('Ner Acc', 0.9975715), ('CLS Classification Acc', 0.971948)
[INFO] 2022-09-29 11:24:32,861 [    train.py:  237]:	Precision 0.449 Recall 0.475 F1 0.461
[INFO] 2022-09-29 11:24:54,047 [    train.py:  185]:	Epoch 85: 
[INFO] 2022-09-29 11:24:54,047 [    train.py:  186]:	Train:
[INFO] 2022-09-29 11:24:54,051 [    train.py:  198]:	Loss 0.0031, ('Ner Loss', 0.0008075892110355198),  ('CLS Classification Loss', 0.002310166833922267)
[INFO] 2022-09-29 11:24:54,051 [    train.py:  208]:	('Ner Acc', 0.9996529817581177),  ('CLS Classification Acc', 0.999131977558136)
[INFO] 2022-09-29 11:24:57,124 [    train.py:  220]:	Evaluate:
[INFO] 2022-09-29 11:24:57,125 [    train.py:  227]:	Loss 0.2123, ('Ner Loss', 0.022099327),  ('CLS Classification Loss', 0.19017603)
[INFO] 2022-09-29 11:24:57,125 [    train.py:  228]:	('Ner Acc', 0.9976453), ('CLS Classification Acc', 0.9728314)
[INFO] 2022-09-29 11:25:06,444 [    train.py:  237]:	Precision 0.469 Recall 0.464 F1 0.466
[INFO] 2022-09-29 11:25:28,152 [    train.py:  185]:	Epoch 86: 
[INFO] 2022-09-29 11:25:28,152 [    train.py:  186]:	Train:
[INFO] 2022-09-29 11:25:28,154 [    train.py:  198]:	Loss 0.0025, ('Ner Loss', 0.0008114200900308788),  ('CLS Classification Loss', 0.0016565046971663833)
[INFO] 2022-09-29 11:25:28,154 [    train.py:  208]:	('Ner Acc', 0.9996851086616516),  ('CLS Classification Acc', 0.9995040893554688)
[INFO] 2022-09-29 11:25:31,281 [    train.py:  220]:	Evaluate:
[INFO] 2022-09-29 11:25:31,282 [    train.py:  227]:	Loss 0.2235, ('Ner Loss', 0.022151703),  ('CLS Classification Loss', 0.20131776)
[INFO] 2022-09-29 11:25:31,282 [    train.py:  228]:	('Ner Acc', 0.99773175), ('CLS Classification Acc', 0.9728923)
[INFO] 2022-09-29 11:25:41,094 [    train.py:  237]:	Precision 0.467 Recall 0.473 F1 0.470
[INFO] 2022-09-29 11:26:02,549 [    train.py:  185]:	Epoch 87: 
[INFO] 2022-09-29 11:26:02,549 [    train.py:  186]:	Train:
[INFO] 2022-09-29 11:26:02,551 [    train.py:  198]:	Loss 0.0018, ('Ner Loss', 0.000707409402821213),  ('CLS Classification Loss', 0.001087003736756742)
[INFO] 2022-09-29 11:26:02,552 [    train.py:  208]:	('Ner Acc', 0.9996978640556335),  ('CLS Classification Acc', 0.9996775984764099)
[INFO] 2022-09-29 11:26:05,528 [    train.py:  220]:	Evaluate:
[INFO] 2022-09-29 11:26:05,529 [    train.py:  227]:	Loss 0.2426, ('Ner Loss', 0.021599721),  ('CLS Classification Loss', 0.22103254)
[INFO] 2022-09-29 11:26:05,529 [    train.py:  228]:	('Ner Acc', 0.99759144), ('CLS Classification Acc', 0.9701206)
[INFO] 2022-09-29 11:26:15,060 [    train.py:  237]:	Precision 0.433 Recall 0.503 F1 0.465
[INFO] 2022-09-29 11:26:36,600 [    train.py:  185]:	Epoch 88: 
[INFO] 2022-09-29 11:26:36,601 [    train.py:  186]:	Train:
[INFO] 2022-09-29 11:26:36,604 [    train.py:  198]:	Loss 0.0019, ('Ner Loss', 0.0006065357010811567),  ('CLS Classification Loss', 0.0013075675815343857)
[INFO] 2022-09-29 11:26:36,604 [    train.py:  208]:	('Ner Acc', 0.9997465014457703),  ('CLS Classification Acc', 0.9996527433395386)
[INFO] 2022-09-29 11:26:39,698 [    train.py:  220]:	Evaluate:
[INFO] 2022-09-29 11:26:39,699 [    train.py:  227]:	Loss 0.2325, ('Ner Loss', 0.021018028),  ('CLS Classification Loss', 0.21146126)
[INFO] 2022-09-29 11:26:39,699 [    train.py:  228]:	('Ner Acc', 0.99761564), ('CLS Classification Acc', 0.96935916)
[INFO] 2022-09-29 11:26:49,467 [    train.py:  237]:	Precision 0.418 Recall 0.525 F1 0.466
[INFO] 2022-09-29 11:27:11,345 [    train.py:  185]:	Epoch 89: 
[INFO] 2022-09-29 11:27:11,345 [    train.py:  186]:	Train:
[INFO] 2022-09-29 11:27:11,348 [    train.py:  198]:	Loss 0.0043, ('Ner Loss', 0.0007568553555756807),  ('CLS Classification Loss', 0.0035613910295069218)
[INFO] 2022-09-29 11:27:11,348 [    train.py:  208]:	('Ner Acc', 0.9996621012687683),  ('CLS Classification Acc', 0.9988095164299011)
[INFO] 2022-09-29 11:27:14,465 [    train.py:  220]:	Evaluate:
[INFO] 2022-09-29 11:27:14,465 [    train.py:  227]:	Loss 0.2263, ('Ner Loss', 0.021896427),  ('CLS Classification Loss', 0.20435831)
[INFO] 2022-09-29 11:27:14,465 [    train.py:  228]:	('Ner Acc', 0.9976066), ('CLS Classification Acc', 0.97299886)
[INFO] 2022-09-29 11:27:24,200 [    train.py:  237]:	Precision 0.477 Recall 0.459 F1 0.468
[INFO] 2022-09-29 11:27:45,752 [    train.py:  185]:	Epoch 90: 
[INFO] 2022-09-29 11:27:45,752 [    train.py:  186]:	Train:
[INFO] 2022-09-29 11:27:45,757 [    train.py:  198]:	Loss 0.0055, ('Ner Loss', 0.0009658733615651727),  ('CLS Classification Loss', 0.0045645469799637794)
[INFO] 2022-09-29 11:27:45,757 [    train.py:  208]:	('Ner Acc', 0.9995033144950867),  ('CLS Classification Acc', 0.9986360669136047)
[INFO] 2022-09-29 11:27:48,714 [    train.py:  220]:	Evaluate:
[INFO] 2022-09-29 11:27:48,714 [    train.py:  227]:	Loss 0.2206, ('Ner Loss', 0.02106506),  ('CLS Classification Loss', 0.19956386)
[INFO] 2022-09-29 11:27:48,715 [    train.py:  228]:	('Ner Acc', 0.9972183), ('CLS Classification Acc', 0.9699378)
[INFO] 2022-09-29 11:27:58,314 [    train.py:  237]:	Precision 0.417 Recall 0.458 F1 0.437
[INFO] 2022-09-29 11:28:20,363 [    train.py:  185]:	Epoch 91: 
[INFO] 2022-09-29 11:28:20,364 [    train.py:  186]:	Train:
[INFO] 2022-09-29 11:28:20,367 [    train.py:  198]:	Loss 0.0054, ('Ner Loss', 0.0009093732805922627),  ('CLS Classification Loss', 0.004536546766757965)
[INFO] 2022-09-29 11:28:20,367 [    train.py:  208]:	('Ner Acc', 0.9995619654655457),  ('CLS Classification Acc', 0.9985616207122803)
[INFO] 2022-09-29 11:28:23,502 [    train.py:  220]:	Evaluate:
[INFO] 2022-09-29 11:28:23,503 [    train.py:  227]:	Loss 0.2092, ('Ner Loss', 0.021988058),  ('CLS Classification Loss', 0.18722346)
[INFO] 2022-09-29 11:28:23,503 [    train.py:  228]:	('Ner Acc', 0.99726766), ('CLS Classification Acc', 0.97101915)
[INFO] 2022-09-29 11:28:32,967 [    train.py:  237]:	Precision 0.424 Recall 0.450 F1 0.436
[INFO] 2022-09-29 11:28:54,614 [    train.py:  185]:	Epoch 92: 
[INFO] 2022-09-29 11:28:54,615 [    train.py:  186]:	Train:
[INFO] 2022-09-29 11:28:54,620 [    train.py:  198]:	Loss 0.0026, ('Ner Loss', 0.0007453661528415978),  ('CLS Classification Loss', 0.001829874119721353)
[INFO] 2022-09-29 11:28:54,620 [    train.py:  208]:	('Ner Acc', 0.9996436238288879),  ('CLS Classification Acc', 0.9995039701461792)
[INFO] 2022-09-29 11:28:57,688 [    train.py:  220]:	Evaluate:
[INFO] 2022-09-29 11:28:57,688 [    train.py:  227]:	Loss 0.2131, ('Ner Loss', 0.022179672),  ('CLS Classification Loss', 0.19094492)
[INFO] 2022-09-29 11:28:57,689 [    train.py:  228]:	('Ner Acc', 0.9975734), ('CLS Classification Acc', 0.97234404)
[INFO] 2022-09-29 11:29:06,908 [    train.py:  237]:	Precision 0.464 Recall 0.466 F1 0.465
[INFO] 2022-09-29 11:29:28,344 [    train.py:  185]:	Epoch 93: 
[INFO] 2022-09-29 11:29:28,344 [    train.py:  186]:	Train:
[INFO] 2022-09-29 11:29:28,348 [    train.py:  198]:	Loss 0.0027, ('Ner Loss', 0.0007359413430094719),  ('CLS Classification Loss', 0.0019248307216912508)
[INFO] 2022-09-29 11:29:28,348 [    train.py:  208]:	('Ner Acc', 0.9996585249900818),  ('CLS Classification Acc', 0.9995288252830505)
[INFO] 2022-09-29 11:29:31,476 [    train.py:  220]:	Evaluate:
[INFO] 2022-09-29 11:29:31,477 [    train.py:  227]:	Loss 0.2130, ('Ner Loss', 0.022709869),  ('CLS Classification Loss', 0.19028062)
[INFO] 2022-09-29 11:29:31,477 [    train.py:  228]:	('Ner Acc', 0.9976631), ('CLS Classification Acc', 0.97255737)
[INFO] 2022-09-29 11:29:41,208 [    train.py:  237]:	Precision 0.474 Recall 0.449 F1 0.461
[INFO] 2022-09-29 11:30:02,638 [    train.py:  185]:	Epoch 94: 
[INFO] 2022-09-29 11:30:02,638 [    train.py:  186]:	Train:
[INFO] 2022-09-29 11:30:02,641 [    train.py:  198]:	Loss 0.0029, ('Ner Loss', 0.0006930521340109408),  ('CLS Classification Loss', 0.00215781107544899)
[INFO] 2022-09-29 11:30:02,642 [    train.py:  208]:	('Ner Acc', 0.9996845722198486),  ('CLS Classification Acc', 0.9993551969528198)
[INFO] 2022-09-29 11:30:05,734 [    train.py:  220]:	Evaluate:
[INFO] 2022-09-29 11:30:05,735 [    train.py:  227]:	Loss 0.2228, ('Ner Loss', 0.022709884),  ('CLS Classification Loss', 0.20007154)
[INFO] 2022-09-29 11:30:05,735 [    train.py:  228]:	('Ner Acc', 0.99745005), ('CLS Classification Acc', 0.9710648)
[INFO] 2022-09-29 11:30:15,313 [    train.py:  237]:	Precision 0.466 Recall 0.460 F1 0.463
[INFO] 2022-09-29 11:30:36,672 [    train.py:  185]:	Epoch 95: 
[INFO] 2022-09-29 11:30:36,673 [    train.py:  186]:	Train:
[INFO] 2022-09-29 11:30:36,677 [    train.py:  198]:	Loss 0.0024, ('Ner Loss', 0.0005927405436523259),  ('CLS Classification Loss', 0.0017866792622953653)
[INFO] 2022-09-29 11:30:36,677 [    train.py:  208]:	('Ner Acc', 0.9997184872627258),  ('CLS Classification Acc', 0.9996031522750854)
[INFO] 2022-09-29 11:30:39,728 [    train.py:  220]:	Evaluate:
[INFO] 2022-09-29 11:30:39,728 [    train.py:  227]:	Loss 0.2140, ('Ner Loss', 0.022753412),  ('CLS Classification Loss', 0.19123276)
[INFO] 2022-09-29 11:30:39,728 [    train.py:  228]:	('Ner Acc', 0.9977608), ('CLS Classification Acc', 0.97200894)
[INFO] 2022-09-29 11:30:48,967 [    train.py:  237]:	Precision 0.481 Recall 0.483 F1 0.482
[INFO] 2022-09-29 11:31:10,385 [    train.py:  185]:	Epoch 96: 
[INFO] 2022-09-29 11:31:10,385 [    train.py:  186]:	Train:
[INFO] 2022-09-29 11:31:10,389 [    train.py:  198]:	Loss 0.0025, ('Ner Loss', 0.0006316673243418336),  ('CLS Classification Loss', 0.001825386076234281)
[INFO] 2022-09-29 11:31:10,389 [    train.py:  208]:	('Ner Acc', 0.99969482421875),  ('CLS Classification Acc', 0.9995288252830505)
[INFO] 2022-09-29 11:31:13,349 [    train.py:  220]:	Evaluate:
[INFO] 2022-09-29 11:31:13,350 [    train.py:  227]:	Loss 0.2496, ('Ner Loss', 0.024891328),  ('CLS Classification Loss', 0.22474524)
[INFO] 2022-09-29 11:31:13,350 [    train.py:  228]:	('Ner Acc', 0.9973111), ('CLS Classification Acc', 0.9697703)
[INFO] 2022-09-29 11:31:23,084 [    train.py:  237]:	Precision 0.429 Recall 0.463 F1 0.445
[INFO] 2022-09-29 11:31:44,699 [    train.py:  185]:	Epoch 97: 
[INFO] 2022-09-29 11:31:44,699 [    train.py:  186]:	Train:
[INFO] 2022-09-29 11:31:44,701 [    train.py:  198]:	Loss 0.0057, ('Ner Loss', 0.0011068686144426465),  ('CLS Classification Loss', 0.004611019045114517)
[INFO] 2022-09-29 11:31:44,701 [    train.py:  208]:	('Ner Acc', 0.9995439648628235),  ('CLS Classification Acc', 0.9985120296478271)
[INFO] 2022-09-29 11:31:47,802 [    train.py:  220]:	Evaluate:
[INFO] 2022-09-29 11:31:47,803 [    train.py:  227]:	Loss 0.1834, ('Ner Loss', 0.020097941),  ('CLS Classification Loss', 0.16327758)
[INFO] 2022-09-29 11:31:47,803 [    train.py:  228]:	('Ner Acc', 0.99758106), ('CLS Classification Acc', 0.9741716)
[INFO] 2022-09-29 11:31:57,240 [    train.py:  237]:	Precision 0.460 Recall 0.486 F1 0.473
[INFO] 2022-09-29 11:32:18,575 [    train.py:  185]:	Epoch 98: 
[INFO] 2022-09-29 11:32:18,575 [    train.py:  186]:	Train:
[INFO] 2022-09-29 11:32:18,578 [    train.py:  198]:	Loss 0.0040, ('Ner Loss', 0.0009073714027181268),  ('CLS Classification Loss', 0.0030597809236496687)
[INFO] 2022-09-29 11:32:18,578 [    train.py:  208]:	('Ner Acc', 0.9996091723442078),  ('CLS Classification Acc', 0.9990822672843933)
[INFO] 2022-09-29 11:32:21,692 [    train.py:  220]:	Evaluate:
[INFO] 2022-09-29 11:32:21,692 [    train.py:  227]:	Loss 0.2165, ('Ner Loss', 0.021782503),  ('CLS Classification Loss', 0.19469774)
[INFO] 2022-09-29 11:32:21,692 [    train.py:  228]:	('Ner Acc', 0.9972914), ('CLS Classification Acc', 0.9728467)
[INFO] 2022-09-29 11:32:31,191 [    train.py:  237]:	Precision 0.440 Recall 0.502 F1 0.469
[INFO] 2022-09-29 11:32:52,508 [    train.py:  185]:	Epoch 99: 
[INFO] 2022-09-29 11:32:52,508 [    train.py:  186]:	Train:
[INFO] 2022-09-29 11:32:52,513 [    train.py:  198]:	Loss 0.0031, ('Ner Loss', 0.0006976262084208429),  ('CLS Classification Loss', 0.0024510398507118225)
[INFO] 2022-09-29 11:32:52,514 [    train.py:  208]:	('Ner Acc', 0.9996887445449829),  ('CLS Classification Acc', 0.9991568326950073)
[INFO] 2022-09-29 11:32:55,588 [    train.py:  220]:	Evaluate:
[INFO] 2022-09-29 11:32:55,589 [    train.py:  227]:	Loss 0.2187, ('Ner Loss', 0.021947676),  ('CLS Classification Loss', 0.19679184)
[INFO] 2022-09-29 11:32:55,589 [    train.py:  228]:	('Ner Acc', 0.9974871), ('CLS Classification Acc', 0.9712475)
[INFO] 2022-09-29 11:33:04,841 [    train.py:  237]:	Precision 0.441 Recall 0.446 F1 0.444
[INFO] 2022-09-29 11:33:26,396 [    train.py:  185]:	Epoch 100: 
[INFO] 2022-09-29 11:33:26,397 [    train.py:  186]:	Train:
[INFO] 2022-09-29 11:33:26,401 [    train.py:  198]:	Loss 0.0019, ('Ner Loss', 0.0005778141785413027),  ('CLS Classification Loss', 0.0013253007782623172)
[INFO] 2022-09-29 11:33:26,401 [    train.py:  208]:	('Ner Acc', 0.9997486472129822),  ('CLS Classification Acc', 0.9997024536132812)
[INFO] 2022-09-29 11:33:29,523 [    train.py:  220]:	Evaluate:
[INFO] 2022-09-29 11:33:29,523 [    train.py:  227]:	Loss 0.2179, ('Ner Loss', 0.021028047),  ('CLS Classification Loss', 0.19688556)
[INFO] 2022-09-29 11:33:29,523 [    train.py:  228]:	('Ner Acc', 0.9974675), ('CLS Classification Acc', 0.9703491)
[INFO] 2022-09-29 11:33:40,090 [    train.py:  237]:	Precision 0.432 Recall 0.503 F1 0.465
[INFO] 2022-09-29 11:33:40,090 [    train.py:  257]:	Best Epoch 95; Best f1 0.48170011806375446 precision 0.48056537102473496 recall 0.48284023668639053;
