[INFO] 2022-09-12 16:30:55,216 [    train.py:  505]:	Namespace(block_att_head_num=1, cased=True, d_block=256, data_aug=2, dataset='res15', do_test=True, do_train=True, do_valid=True, drop_null_data=True, dropout_rate=0.2, epochs=100, extra_attention=True, fuse_strategy='update', init_model_dir='', language='en', loss_ratio=1.0, lr=0.0002, mask_sb=True, model_type='end_to_end', output_dir='./output', save_dir='', task_name='ttee_res15_100epoch_256d_2aug_2e-4lr_cased_0.2dropout_dropnull_1loss', test_batch_size=32, train_batch_size=16, valid_freq=1)
[INFO] 2022-09-12 16:31:07,308 [    train.py:  118]:	{'init_bert_model': 'bert-base-cased', 'sentence_b': DictWrapper({'texts': ListWrapper(['general of ambience', 'price of drinks', 'quality of drinks', 'style options of drinks', 'prices of food', 'quality of food', 'style options of food', 'general of location', 'general of restaurant', 'miscellaneous of restaurant', 'prices of restaurant', 'general of service']), 'sentiments': ListWrapper(['negative', 'neutral', 'positive'])}), 'num_sentiment_classes': 3, 'subblock_hidden_size': 256, 'subblock_head_num': 1, 'cache_dir': 'bert_models/bert-base-cased', 'fuse_strategy': 'update', 'extra_attention': True, 'dropout': 0.2, 'loss_ratio': 1.0}
[INFO] 2022-09-12 16:31:07,308 [    train.py:  120]:	Number of Train Sentence: 1120
[INFO] 2022-09-12 16:31:07,317 [    train.py:  522]:	Data augment: Merge 2 train data together
[INFO] 2022-09-12 16:32:34,511 [    train.py:  184]:	Epoch 1: 
[INFO] 2022-09-12 16:32:34,511 [    train.py:  185]:	Train:
[INFO] 2022-09-12 16:32:34,516 [    train.py:  197]:	Loss 0.3092, ('Ner Loss', 0.053878508508205414),  ('CLS Classification Loss', 0.25529560446739197)
[INFO] 2022-09-12 16:32:34,516 [    train.py:  207]:	('Ner Acc', 0.9894635677337646),  ('CLS Classification Acc', 0.931014358997345)
[INFO] 2022-09-12 16:32:40,516 [    train.py:  219]:	Evaluate:
[INFO] 2022-09-12 16:32:40,517 [    train.py:  226]:	Loss 0.1896, ('Ner Loss', 0.024961503),  ('CLS Classification Loss', 0.16462225)
[INFO] 2022-09-12 16:32:40,517 [    train.py:  227]:	('Ner Acc', 0.99689984), ('CLS Classification Acc', 0.962567)
[INFO] 2022-09-12 16:32:59,345 [    train.py:  236]:	Precision 0.000 Recall 0.000 F1 0.000
[INFO] 2022-09-12 16:33:50,024 [    train.py:  184]:	Epoch 2: 
[INFO] 2022-09-12 16:33:50,025 [    train.py:  185]:	Train:
[INFO] 2022-09-12 16:33:50,028 [    train.py:  197]:	Loss 0.2622, ('Ner Loss', 0.027267437428236008),  ('CLS Classification Loss', 0.23496723175048828)
[INFO] 2022-09-12 16:33:50,028 [    train.py:  207]:	('Ner Acc', 0.9961916208267212),  ('CLS Classification Acc', 0.9365823864936829)
[INFO] 2022-09-12 16:33:52,514 [    train.py:  219]:	Evaluate:
[INFO] 2022-09-12 16:33:52,515 [    train.py:  226]:	Loss 0.1771, ('Ner Loss', 0.018354764),  ('CLS Classification Loss', 0.15870361)
[INFO] 2022-09-12 16:33:52,515 [    train.py:  227]:	('Ner Acc', 0.99689984), ('CLS Classification Acc', 0.962567)
[INFO] 2022-09-12 16:34:07,852 [    train.py:  236]:	Precision 0.000 Recall 0.000 F1 0.000
[INFO] 2022-09-12 16:34:58,748 [    train.py:  184]:	Epoch 3: 
[INFO] 2022-09-12 16:34:58,749 [    train.py:  185]:	Train:
[INFO] 2022-09-12 16:34:58,753 [    train.py:  197]:	Loss 0.2576, ('Ner Loss', 0.02645154669880867),  ('CLS Classification Loss', 0.23113615810871124)
[INFO] 2022-09-12 16:34:58,754 [    train.py:  207]:	('Ner Acc', 0.9960503578186035),  ('CLS Classification Acc', 0.9362847208976746)
[INFO] 2022-09-12 16:35:01,213 [    train.py:  219]:	Evaluate:
[INFO] 2022-09-12 16:35:01,214 [    train.py:  226]:	Loss 0.1935, ('Ner Loss', 0.02566404),  ('CLS Classification Loss', 0.16787514)
[INFO] 2022-09-12 16:35:01,214 [    train.py:  227]:	('Ner Acc', 0.99689984), ('CLS Classification Acc', 0.962567)
[INFO] 2022-09-12 16:35:16,314 [    train.py:  236]:	Precision 0.000 Recall 0.000 F1 0.000
[INFO] 2022-09-12 16:36:08,298 [    train.py:  184]:	Epoch 4: 
[INFO] 2022-09-12 16:36:08,298 [    train.py:  185]:	Train:
[INFO] 2022-09-12 16:36:08,303 [    train.py:  197]:	Loss 0.2823, ('Ner Loss', 0.04257173091173172),  ('CLS Classification Loss', 0.23974727094173431)
[INFO] 2022-09-12 16:36:08,304 [    train.py:  207]:	('Ner Acc', 0.9931555390357971),  ('CLS Classification Acc', 0.9353671669960022)
[INFO] 2022-09-12 16:36:10,612 [    train.py:  219]:	Evaluate:
[INFO] 2022-09-12 16:36:10,612 [    train.py:  226]:	Loss 0.2132, ('Ner Loss', 0.047281157),  ('CLS Classification Loss', 0.16591816)
[INFO] 2022-09-12 16:36:10,612 [    train.py:  227]:	('Ner Acc', 0.99689984), ('CLS Classification Acc', 0.962567)
[INFO] 2022-09-12 16:36:25,945 [    train.py:  236]:	Precision 0.000 Recall 0.000 F1 0.000
[INFO] 2022-09-12 16:37:17,394 [    train.py:  184]:	Epoch 5: 
[INFO] 2022-09-12 16:37:17,395 [    train.py:  185]:	Train:
[INFO] 2022-09-12 16:37:17,399 [    train.py:  197]:	Loss 0.2790, ('Ner Loss', 0.03661387413740158),  ('CLS Classification Loss', 0.2423490285873413)
[INFO] 2022-09-12 16:37:17,400 [    train.py:  207]:	('Ner Acc', 0.9961735606193542),  ('CLS Classification Acc', 0.936582624912262)
[INFO] 2022-09-12 16:37:19,709 [    train.py:  219]:	Evaluate:
[INFO] 2022-09-12 16:37:19,710 [    train.py:  226]:	Loss 0.1869, ('Ner Loss', 0.026686154),  ('CLS Classification Loss', 0.16021906)
[INFO] 2022-09-12 16:37:19,710 [    train.py:  227]:	('Ner Acc', 0.99689984), ('CLS Classification Acc', 0.962567)
[INFO] 2022-09-12 16:37:35,173 [    train.py:  236]:	Precision 0.000 Recall 0.000 F1 0.000
[INFO] 2022-09-12 16:38:26,408 [    train.py:  184]:	Epoch 6: 
[INFO] 2022-09-12 16:38:26,408 [    train.py:  185]:	Train:
[INFO] 2022-09-12 16:38:26,413 [    train.py:  197]:	Loss 0.2708, ('Ner Loss', 0.031971003860235214),  ('CLS Classification Loss', 0.23887723684310913)
[INFO] 2022-09-12 16:38:26,413 [    train.py:  207]:	('Ner Acc', 0.9961915016174316),  ('CLS Classification Acc', 0.9365825057029724)
[INFO] 2022-09-12 16:38:28,804 [    train.py:  219]:	Evaluate:
[INFO] 2022-09-12 16:38:28,805 [    train.py:  226]:	Loss 0.1904, ('Ner Loss', 0.025905034),  ('CLS Classification Loss', 0.16447169)
[INFO] 2022-09-12 16:38:28,805 [    train.py:  227]:	('Ner Acc', 0.99689984), ('CLS Classification Acc', 0.962567)
[INFO] 2022-09-12 16:38:44,150 [    train.py:  236]:	Precision 0.000 Recall 0.000 F1 0.000
[INFO] 2022-09-12 16:39:35,389 [    train.py:  184]:	Epoch 7: 
[INFO] 2022-09-12 16:39:35,390 [    train.py:  185]:	Train:
[INFO] 2022-09-12 16:39:35,393 [    train.py:  197]:	Loss 0.2699, ('Ner Loss', 0.031610727310180664),  ('CLS Classification Loss', 0.2382964789867401)
[INFO] 2022-09-12 16:39:35,393 [    train.py:  207]:	('Ner Acc', 0.9961916208267212),  ('CLS Classification Acc', 0.9365823864936829)
[INFO] 2022-09-12 16:39:37,814 [    train.py:  219]:	Evaluate:
[INFO] 2022-09-12 16:39:37,815 [    train.py:  226]:	Loss 0.1855, ('Ner Loss', 0.02585075),  ('CLS Classification Loss', 0.15969868)
[INFO] 2022-09-12 16:39:37,815 [    train.py:  227]:	('Ner Acc', 0.99689984), ('CLS Classification Acc', 0.962567)
[INFO] 2022-09-12 16:39:53,510 [    train.py:  236]:	Precision 0.000 Recall 0.000 F1 0.000
[INFO] 2022-09-12 16:40:44,692 [    train.py:  184]:	Epoch 8: 
[INFO] 2022-09-12 16:40:44,693 [    train.py:  185]:	Train:
[INFO] 2022-09-12 16:40:44,696 [    train.py:  197]:	Loss 0.2701, ('Ner Loss', 0.03135298192501068),  ('CLS Classification Loss', 0.2387668639421463)
[INFO] 2022-09-12 16:40:44,696 [    train.py:  207]:	('Ner Acc', 0.9961916208267212),  ('CLS Classification Acc', 0.9365822672843933)
[INFO] 2022-09-12 16:40:46,911 [    train.py:  219]:	Evaluate:
[INFO] 2022-09-12 16:40:46,911 [    train.py:  226]:	Loss 0.1876, ('Ner Loss', 0.025764136),  ('CLS Classification Loss', 0.16188568)
[INFO] 2022-09-12 16:40:46,911 [    train.py:  227]:	('Ner Acc', 0.99689984), ('CLS Classification Acc', 0.962567)
[INFO] 2022-09-12 16:41:02,439 [    train.py:  236]:	Precision 0.000 Recall 0.000 F1 0.000
[INFO] 2022-09-12 16:41:53,625 [    train.py:  184]:	Epoch 9: 
[INFO] 2022-09-12 16:41:53,625 [    train.py:  185]:	Train:
[INFO] 2022-09-12 16:41:53,628 [    train.py:  197]:	Loss 0.2696, ('Ner Loss', 0.03114614076912403),  ('CLS Classification Loss', 0.23842176795005798)
[INFO] 2022-09-12 16:41:53,629 [    train.py:  207]:	('Ner Acc', 0.9961915016174316),  ('CLS Classification Acc', 0.9365825057029724)
[INFO] 2022-09-12 16:41:56,015 [    train.py:  219]:	Evaluate:
[INFO] 2022-09-12 16:41:56,016 [    train.py:  226]:	Loss 0.1928, ('Ner Loss', 0.025815964),  ('CLS Classification Loss', 0.16699658)
[INFO] 2022-09-12 16:41:56,016 [    train.py:  227]:	('Ner Acc', 0.99689984), ('CLS Classification Acc', 0.962567)
[INFO] 2022-09-12 16:42:11,514 [    train.py:  236]:	Precision 0.000 Recall 0.000 F1 0.000
[INFO] 2022-09-12 16:43:02,695 [    train.py:  184]:	Epoch 10: 
[INFO] 2022-09-12 16:43:02,696 [    train.py:  185]:	Train:
[INFO] 2022-09-12 16:43:02,699 [    train.py:  197]:	Loss 0.2692, ('Ner Loss', 0.03109203465282917),  ('CLS Classification Loss', 0.23807424306869507)
[INFO] 2022-09-12 16:43:02,699 [    train.py:  207]:	('Ner Acc', 0.9961916208267212),  ('CLS Classification Acc', 0.9365825057029724)
[INFO] 2022-09-12 16:43:05,120 [    train.py:  219]:	Evaluate:
[INFO] 2022-09-12 16:43:05,121 [    train.py:  226]:	Loss 0.1971, ('Ner Loss', 0.02565202),  ('CLS Classification Loss', 0.17140199)
[INFO] 2022-09-12 16:43:05,121 [    train.py:  227]:	('Ner Acc', 0.99689984), ('CLS Classification Acc', 0.962567)
[INFO] 2022-09-12 16:43:20,317 [    train.py:  236]:	Precision 0.000 Recall 0.000 F1 0.000
[INFO] 2022-09-12 16:44:11,977 [    train.py:  184]:	Epoch 11: 
[INFO] 2022-09-12 16:44:11,977 [    train.py:  185]:	Train:
[INFO] 2022-09-12 16:44:11,990 [    train.py:  197]:	Loss 0.2688, ('Ner Loss', 0.030979419127106667),  ('CLS Classification Loss', 0.23784884810447693)
[INFO] 2022-09-12 16:44:11,990 [    train.py:  207]:	('Ner Acc', 0.9961916208267212),  ('CLS Classification Acc', 0.936582624912262)
[INFO] 2022-09-12 16:44:14,310 [    train.py:  219]:	Evaluate:
[INFO] 2022-09-12 16:44:14,310 [    train.py:  226]:	Loss 0.1882, ('Ner Loss', 0.025590396),  ('CLS Classification Loss', 0.16257496)
[INFO] 2022-09-12 16:44:14,310 [    train.py:  227]:	('Ner Acc', 0.99689984), ('CLS Classification Acc', 0.962567)
[INFO] 2022-09-12 16:44:29,857 [    train.py:  236]:	Precision 0.000 Recall 0.000 F1 0.000
[INFO] 2022-09-12 16:45:21,316 [    train.py:  184]:	Epoch 12: 
[INFO] 2022-09-12 16:45:21,317 [    train.py:  185]:	Train:
[INFO] 2022-09-12 16:45:21,319 [    train.py:  197]:	Loss 0.2682, ('Ner Loss', 0.030780665576457977),  ('CLS Classification Loss', 0.2374008446931839)
[INFO] 2022-09-12 16:45:21,320 [    train.py:  207]:	('Ner Acc', 0.9961915016174316),  ('CLS Classification Acc', 0.9365823864936829)
[INFO] 2022-09-12 16:45:23,910 [    train.py:  219]:	Evaluate:
[INFO] 2022-09-12 16:45:23,910 [    train.py:  226]:	Loss 0.1907, ('Ner Loss', 0.025641484),  ('CLS Classification Loss', 0.16508512)
[INFO] 2022-09-12 16:45:23,910 [    train.py:  227]:	('Ner Acc', 0.99689984), ('CLS Classification Acc', 0.962567)
[INFO] 2022-09-12 16:45:39,317 [    train.py:  236]:	Precision 0.000 Recall 0.000 F1 0.000
[INFO] 2022-09-12 16:46:30,309 [    train.py:  184]:	Epoch 13: 
[INFO] 2022-09-12 16:46:30,310 [    train.py:  185]:	Train:
[INFO] 2022-09-12 16:46:30,313 [    train.py:  197]:	Loss 0.2688, ('Ner Loss', 0.030613701790571213),  ('CLS Classification Loss', 0.23814888298511505)
[INFO] 2022-09-12 16:46:30,313 [    train.py:  207]:	('Ner Acc', 0.9961917400360107),  ('CLS Classification Acc', 0.9365822672843933)
[INFO] 2022-09-12 16:46:32,715 [    train.py:  219]:	Evaluate:
[INFO] 2022-09-12 16:46:32,715 [    train.py:  226]:	Loss 0.2135, ('Ner Loss', 0.025461825),  ('CLS Classification Loss', 0.18802279)
[INFO] 2022-09-12 16:46:32,715 [    train.py:  227]:	('Ner Acc', 0.99689984), ('CLS Classification Acc', 0.962567)
[INFO] 2022-09-12 16:46:48,078 [    train.py:  236]:	Precision 0.000 Recall 0.000 F1 0.000
[INFO] 2022-09-12 16:47:39,395 [    train.py:  184]:	Epoch 14: 
[INFO] 2022-09-12 16:47:39,395 [    train.py:  185]:	Train:
[INFO] 2022-09-12 16:47:39,397 [    train.py:  197]:	Loss 0.2679, ('Ner Loss', 0.030483759939670563),  ('CLS Classification Loss', 0.23738466203212738)
[INFO] 2022-09-12 16:47:39,397 [    train.py:  207]:	('Ner Acc', 0.9961915016174316),  ('CLS Classification Acc', 0.9365822076797485)
[INFO] 2022-09-12 16:47:41,714 [    train.py:  219]:	Evaluate:
[INFO] 2022-09-12 16:47:41,715 [    train.py:  226]:	Loss 0.1926, ('Ner Loss', 0.025527632),  ('CLS Classification Loss', 0.16705723)
[INFO] 2022-09-12 16:47:41,715 [    train.py:  227]:	('Ner Acc', 0.99689984), ('CLS Classification Acc', 0.962567)
[INFO] 2022-09-12 16:47:56,735 [    train.py:  236]:	Precision 0.000 Recall 0.000 F1 0.000
[INFO] 2022-09-12 16:48:48,318 [    train.py:  184]:	Epoch 15: 
[INFO] 2022-09-12 16:48:48,318 [    train.py:  185]:	Train:
[INFO] 2022-09-12 16:48:48,323 [    train.py:  197]:	Loss 0.2686, ('Ner Loss', 0.030398011207580566),  ('CLS Classification Loss', 0.2382427155971527)
[INFO] 2022-09-12 16:48:48,323 [    train.py:  207]:	('Ner Acc', 0.9961917400360107),  ('CLS Classification Acc', 0.9365822076797485)
[INFO] 2022-09-12 16:48:50,522 [    train.py:  219]:	Evaluate:
[INFO] 2022-09-12 16:48:50,522 [    train.py:  226]:	Loss 0.1947, ('Ner Loss', 0.02533745),  ('CLS Classification Loss', 0.16934828)
[INFO] 2022-09-12 16:48:50,522 [    train.py:  227]:	('Ner Acc', 0.99689984), ('CLS Classification Acc', 0.962567)
[INFO] 2022-09-12 16:49:06,060 [    train.py:  236]:	Precision 0.000 Recall 0.000 F1 0.000
[INFO] 2022-09-12 16:49:57,393 [    train.py:  184]:	Epoch 16: 
[INFO] 2022-09-12 16:49:57,394 [    train.py:  185]:	Train:
[INFO] 2022-09-12 16:49:57,396 [    train.py:  197]:	Loss 0.2676, ('Ner Loss', 0.030242135748267174),  ('CLS Classification Loss', 0.23736946284770966)
[INFO] 2022-09-12 16:49:57,397 [    train.py:  207]:	('Ner Acc', 0.9961915016174316),  ('CLS Classification Acc', 0.9365823864936829)
[INFO] 2022-09-12 16:49:59,813 [    train.py:  219]:	Evaluate:
[INFO] 2022-09-12 16:49:59,814 [    train.py:  226]:	Loss 0.1912, ('Ner Loss', 0.025264667),  ('CLS Classification Loss', 0.16591989)
[INFO] 2022-09-12 16:49:59,814 [    train.py:  227]:	('Ner Acc', 0.99689984), ('CLS Classification Acc', 0.962567)
[INFO] 2022-09-12 16:50:15,055 [    train.py:  236]:	Precision 0.000 Recall 0.000 F1 0.000
[INFO] 2022-09-12 16:51:06,009 [    train.py:  184]:	Epoch 17: 
[INFO] 2022-09-12 16:51:06,010 [    train.py:  185]:	Train:
[INFO] 2022-09-12 16:51:06,014 [    train.py:  197]:	Loss 0.2670, ('Ner Loss', 0.03006603755056858),  ('CLS Classification Loss', 0.236903116106987)
[INFO] 2022-09-12 16:51:06,014 [    train.py:  207]:	('Ner Acc', 0.9961915016174316),  ('CLS Classification Acc', 0.9365825057029724)
[INFO] 2022-09-12 16:51:08,319 [    train.py:  219]:	Evaluate:
[INFO] 2022-09-12 16:51:08,320 [    train.py:  226]:	Loss 0.1868, ('Ner Loss', 0.025336001),  ('CLS Classification Loss', 0.16143923)
[INFO] 2022-09-12 16:51:08,320 [    train.py:  227]:	('Ner Acc', 0.99689984), ('CLS Classification Acc', 0.962567)
[INFO] 2022-09-12 16:51:24,148 [    train.py:  236]:	Precision 0.000 Recall 0.000 F1 0.000
[INFO] 2022-09-12 16:52:15,819 [    train.py:  184]:	Epoch 18: 
[INFO] 2022-09-12 16:52:15,819 [    train.py:  185]:	Train:
[INFO] 2022-09-12 16:52:15,824 [    train.py:  197]:	Loss 0.2674, ('Ner Loss', 0.029919985681772232),  ('CLS Classification Loss', 0.23749147355556488)
[INFO] 2022-09-12 16:52:15,824 [    train.py:  207]:	('Ner Acc', 0.9961915016174316),  ('CLS Classification Acc', 0.9365823864936829)
[INFO] 2022-09-12 16:52:18,210 [    train.py:  219]:	Evaluate:
[INFO] 2022-09-12 16:52:18,210 [    train.py:  226]:	Loss 0.1889, ('Ner Loss', 0.02496591),  ('CLS Classification Loss', 0.16396911)
[INFO] 2022-09-12 16:52:18,210 [    train.py:  227]:	('Ner Acc', 0.99689984), ('CLS Classification Acc', 0.962567)
[INFO] 2022-09-12 16:52:33,462 [    train.py:  236]:	Precision 0.000 Recall 0.000 F1 0.000
[INFO] 2022-09-12 16:53:24,695 [    train.py:  184]:	Epoch 19: 
[INFO] 2022-09-12 16:53:24,695 [    train.py:  185]:	Train:
[INFO] 2022-09-12 16:53:24,698 [    train.py:  197]:	Loss 0.2673, ('Ner Loss', 0.029782837256789207),  ('CLS Classification Loss', 0.23749183118343353)
[INFO] 2022-09-12 16:53:24,698 [    train.py:  207]:	('Ner Acc', 0.9961919784545898),  ('CLS Classification Acc', 0.9365823864936829)
[INFO] 2022-09-12 16:53:27,011 [    train.py:  219]:	Evaluate:
[INFO] 2022-09-12 16:53:27,012 [    train.py:  226]:	Loss 0.1898, ('Ner Loss', 0.025133193),  ('CLS Classification Loss', 0.16464894)
[INFO] 2022-09-12 16:53:27,012 [    train.py:  227]:	('Ner Acc', 0.99689984), ('CLS Classification Acc', 0.962567)
[INFO] 2022-09-12 16:53:42,460 [    train.py:  236]:	Precision 0.000 Recall 0.000 F1 0.000
[INFO] 2022-09-12 16:54:33,594 [    train.py:  184]:	Epoch 20: 
[INFO] 2022-09-12 16:54:33,595 [    train.py:  185]:	Train:
[INFO] 2022-09-12 16:54:33,598 [    train.py:  197]:	Loss 0.2674, ('Ner Loss', 0.02958904765546322),  ('CLS Classification Loss', 0.237823486328125)
[INFO] 2022-09-12 16:54:33,598 [    train.py:  207]:	('Ner Acc', 0.9961913824081421),  ('CLS Classification Acc', 0.9365822672843933)
[INFO] 2022-09-12 16:54:35,914 [    train.py:  219]:	Evaluate:
[INFO] 2022-09-12 16:54:35,915 [    train.py:  226]:	Loss 0.1855, ('Ner Loss', 0.024735607),  ('CLS Classification Loss', 0.16073711)
[INFO] 2022-09-12 16:54:35,915 [    train.py:  227]:	('Ner Acc', 0.99689984), ('CLS Classification Acc', 0.962567)
[INFO] 2022-09-12 16:54:51,656 [    train.py:  236]:	Precision 0.000 Recall 0.000 F1 0.000
[INFO] 2022-09-12 16:55:43,285 [    train.py:  184]:	Epoch 21: 
[INFO] 2022-09-12 16:55:43,286 [    train.py:  185]:	Train:
[INFO] 2022-09-12 16:55:43,291 [    train.py:  197]:	Loss 0.2671, ('Ner Loss', 0.029398996382951736),  ('CLS Classification Loss', 0.23766978085041046)
[INFO] 2022-09-12 16:55:43,291 [    train.py:  207]:	('Ner Acc', 0.9961915016174316),  ('CLS Classification Acc', 0.9365822076797485)
[INFO] 2022-09-12 16:55:45,615 [    train.py:  219]:	Evaluate:
[INFO] 2022-09-12 16:55:45,615 [    train.py:  226]:	Loss 0.1865, ('Ner Loss', 0.02468809),  ('CLS Classification Loss', 0.16179836)
[INFO] 2022-09-12 16:55:45,615 [    train.py:  227]:	('Ner Acc', 0.99689984), ('CLS Classification Acc', 0.962567)
[INFO] 2022-09-12 16:56:00,779 [    train.py:  236]:	Precision 0.000 Recall 0.000 F1 0.000
[INFO] 2022-09-12 16:56:52,104 [    train.py:  184]:	Epoch 22: 
[INFO] 2022-09-12 16:56:52,105 [    train.py:  185]:	Train:
[INFO] 2022-09-12 16:56:52,107 [    train.py:  197]:	Loss 0.2663, ('Ner Loss', 0.02924947440624237),  ('CLS Classification Loss', 0.23709534108638763)
[INFO] 2022-09-12 16:56:52,107 [    train.py:  207]:	('Ner Acc', 0.9961917400360107),  ('CLS Classification Acc', 0.9365823864936829)
[INFO] 2022-09-12 16:56:54,414 [    train.py:  219]:	Evaluate:
[INFO] 2022-09-12 16:56:54,414 [    train.py:  226]:	Loss 0.1858, ('Ner Loss', 0.024728132),  ('CLS Classification Loss', 0.1610719)
[INFO] 2022-09-12 16:56:54,415 [    train.py:  227]:	('Ner Acc', 0.99689984), ('CLS Classification Acc', 0.962567)
[INFO] 2022-09-12 16:57:10,210 [    train.py:  236]:	Precision 0.000 Recall 0.000 F1 0.000
[INFO] 2022-09-12 16:58:01,591 [    train.py:  184]:	Epoch 23: 
[INFO] 2022-09-12 16:58:01,592 [    train.py:  185]:	Train:
[INFO] 2022-09-12 16:58:01,595 [    train.py:  197]:	Loss 0.2658, ('Ner Loss', 0.02908659726381302),  ('CLS Classification Loss', 0.23667572438716888)
[INFO] 2022-09-12 16:58:01,595 [    train.py:  207]:	('Ner Acc', 0.9961917400360107),  ('CLS Classification Acc', 0.9365825057029724)
[INFO] 2022-09-12 16:58:03,911 [    train.py:  219]:	Evaluate:
[INFO] 2022-09-12 16:58:03,911 [    train.py:  226]:	Loss 0.1906, ('Ner Loss', 0.024560297),  ('CLS Classification Loss', 0.16604225)
[INFO] 2022-09-12 16:58:03,911 [    train.py:  227]:	('Ner Acc', 0.99689984), ('CLS Classification Acc', 0.962567)
[INFO] 2022-09-12 16:58:19,342 [    train.py:  236]:	Precision 0.000 Recall 0.000 F1 0.000
[INFO] 2022-09-12 16:59:10,500 [    train.py:  184]:	Epoch 24: 
[INFO] 2022-09-12 16:59:10,501 [    train.py:  185]:	Train:
[INFO] 2022-09-12 16:59:10,506 [    train.py:  197]:	Loss 0.2658, ('Ner Loss', 0.028858670964837074),  ('CLS Classification Loss', 0.2369123250246048)
[INFO] 2022-09-12 16:59:10,506 [    train.py:  207]:	('Ner Acc', 0.9961915016174316),  ('CLS Classification Acc', 0.9365825057029724)
[INFO] 2022-09-12 16:59:12,817 [    train.py:  219]:	Evaluate:
[INFO] 2022-09-12 16:59:12,817 [    train.py:  226]:	Loss 0.1872, ('Ner Loss', 0.024909858),  ('CLS Classification Loss', 0.16229166)
[INFO] 2022-09-12 16:59:12,817 [    train.py:  227]:	('Ner Acc', 0.99689984), ('CLS Classification Acc', 0.962567)
[INFO] 2022-09-12 16:59:27,969 [    train.py:  236]:	Precision 0.000 Recall 0.000 F1 0.000
[INFO] 2022-09-12 17:00:23,995 [    train.py:  184]:	Epoch 25: 
[INFO] 2022-09-12 17:00:23,995 [    train.py:  185]:	Train:
[INFO] 2022-09-12 17:00:23,997 [    train.py:  197]:	Loss 0.2663, ('Ner Loss', 0.028742678463459015),  ('CLS Classification Loss', 0.23759591579437256)
[INFO] 2022-09-12 17:00:23,998 [    train.py:  207]:	('Ner Acc', 0.9961916208267212),  ('CLS Classification Acc', 0.9365822672843933)
[INFO] 2022-09-12 17:00:26,312 [    train.py:  219]:	Evaluate:
[INFO] 2022-09-12 17:00:26,313 [    train.py:  226]:	Loss 0.1889, ('Ner Loss', 0.024150195),  ('CLS Classification Loss', 0.16475403)
[INFO] 2022-09-12 17:00:26,313 [    train.py:  227]:	('Ner Acc', 0.99689984), ('CLS Classification Acc', 0.962567)
[INFO] 2022-09-12 17:00:41,761 [    train.py:  236]:	Precision 0.000 Recall 0.000 F1 0.000
[INFO] 2022-09-12 17:01:32,782 [    train.py:  184]:	Epoch 26: 
[INFO] 2022-09-12 17:01:32,782 [    train.py:  185]:	Train:
[INFO] 2022-09-12 17:01:32,787 [    train.py:  197]:	Loss 0.2657, ('Ner Loss', 0.028573738411068916),  ('CLS Classification Loss', 0.23714740574359894)
[INFO] 2022-09-12 17:01:32,787 [    train.py:  207]:	('Ner Acc', 0.9961916208267212),  ('CLS Classification Acc', 0.9365823864936829)
[INFO] 2022-09-12 17:01:35,423 [    train.py:  219]:	Evaluate:
[INFO] 2022-09-12 17:01:35,424 [    train.py:  226]:	Loss 0.1910, ('Ner Loss', 0.024036262),  ('CLS Classification Loss', 0.16700123)
[INFO] 2022-09-12 17:01:35,424 [    train.py:  227]:	('Ner Acc', 0.99689984), ('CLS Classification Acc', 0.962567)
[INFO] 2022-09-12 17:01:50,926 [    train.py:  236]:	Precision 0.000 Recall 0.000 F1 0.000
[INFO] 2022-09-12 17:02:44,093 [    train.py:  184]:	Epoch 27: 
[INFO] 2022-09-12 17:02:44,094 [    train.py:  185]:	Train:
[INFO] 2022-09-12 17:02:44,098 [    train.py:  197]:	Loss 0.2652, ('Ner Loss', 0.028536247089505196),  ('CLS Classification Loss', 0.23665069043636322)
[INFO] 2022-09-12 17:02:44,098 [    train.py:  207]:	('Ner Acc', 0.9961915016174316),  ('CLS Classification Acc', 0.9365822672843933)
[INFO] 2022-09-12 17:02:46,613 [    train.py:  219]:	Evaluate:
[INFO] 2022-09-12 17:02:46,613 [    train.py:  226]:	Loss 0.1888, ('Ner Loss', 0.023874054),  ('CLS Classification Loss', 0.16491814)
[INFO] 2022-09-12 17:02:46,613 [    train.py:  227]:	('Ner Acc', 0.99689984), ('CLS Classification Acc', 0.962567)
[INFO] 2022-09-12 17:03:02,151 [    train.py:  236]:	Precision 0.000 Recall 0.000 F1 0.000
[INFO] 2022-09-12 17:03:55,415 [    train.py:  184]:	Epoch 28: 
[INFO] 2022-09-12 17:03:55,416 [    train.py:  185]:	Train:
[INFO] 2022-09-12 17:03:55,418 [    train.py:  197]:	Loss 0.2650, ('Ner Loss', 0.028286755084991455),  ('CLS Classification Loss', 0.23670583963394165)
[INFO] 2022-09-12 17:03:55,418 [    train.py:  207]:	('Ner Acc', 0.9961916208267212),  ('CLS Classification Acc', 0.9365822672843933)
[INFO] 2022-09-12 17:03:58,121 [    train.py:  219]:	Evaluate:
[INFO] 2022-09-12 17:03:58,122 [    train.py:  226]:	Loss 0.1836, ('Ner Loss', 0.02382536),  ('CLS Classification Loss', 0.15980786)
[INFO] 2022-09-12 17:03:58,122 [    train.py:  227]:	('Ner Acc', 0.99689984), ('CLS Classification Acc', 0.962567)
[INFO] 2022-09-12 17:04:13,552 [    train.py:  236]:	Precision 0.000 Recall 0.000 F1 0.000
[INFO] 2022-09-12 17:05:07,098 [    train.py:  184]:	Epoch 29: 
[INFO] 2022-09-12 17:05:07,098 [    train.py:  185]:	Train:
[INFO] 2022-09-12 17:05:07,101 [    train.py:  197]:	Loss 0.2642, ('Ner Loss', 0.02813536860048771),  ('CLS Classification Loss', 0.23609058558940887)
[INFO] 2022-09-12 17:05:07,101 [    train.py:  207]:	('Ner Acc', 0.9961918592453003),  ('CLS Classification Acc', 0.9365822672843933)
[INFO] 2022-09-12 17:05:09,414 [    train.py:  219]:	Evaluate:
[INFO] 2022-09-12 17:05:09,415 [    train.py:  226]:	Loss 0.1839, ('Ner Loss', 0.023721552),  ('CLS Classification Loss', 0.16020612)
[INFO] 2022-09-12 17:05:09,415 [    train.py:  227]:	('Ner Acc', 0.99689984), ('CLS Classification Acc', 0.962567)
[INFO] 2022-09-12 17:05:24,915 [    train.py:  236]:	Precision 0.000 Recall 0.000 F1 0.000
[INFO] 2022-09-12 17:06:18,548 [    train.py:  184]:	Epoch 30: 
[INFO] 2022-09-12 17:06:18,549 [    train.py:  185]:	Train:
[INFO] 2022-09-12 17:06:18,553 [    train.py:  197]:	Loss 0.2637, ('Ner Loss', 0.027946481481194496),  ('CLS Classification Loss', 0.2357563078403473)
[INFO] 2022-09-12 17:06:18,554 [    train.py:  207]:	('Ner Acc', 0.9961913824081421),  ('CLS Classification Acc', 0.9365823864936829)
[INFO] 2022-09-12 17:06:21,015 [    train.py:  219]:	Evaluate:
[INFO] 2022-09-12 17:06:21,016 [    train.py:  226]:	Loss 0.1837, ('Ner Loss', 0.023570422),  ('CLS Classification Loss', 0.16010036)
[INFO] 2022-09-12 17:06:21,016 [    train.py:  227]:	('Ner Acc', 0.99689984), ('CLS Classification Acc', 0.962567)
[INFO] 2022-09-12 17:06:36,814 [    train.py:  236]:	Precision 0.000 Recall 0.000 F1 0.000
[INFO] 2022-09-12 17:07:30,695 [    train.py:  184]:	Epoch 31: 
[INFO] 2022-09-12 17:07:30,696 [    train.py:  185]:	Train:
[INFO] 2022-09-12 17:07:30,698 [    train.py:  197]:	Loss 0.2636, ('Ner Loss', 0.02772977575659752),  ('CLS Classification Loss', 0.2358340471982956)
[INFO] 2022-09-12 17:07:30,698 [    train.py:  207]:	('Ner Acc', 0.9961916208267212),  ('CLS Classification Acc', 0.9365822672843933)
[INFO] 2022-09-12 17:07:33,214 [    train.py:  219]:	Evaluate:
[INFO] 2022-09-12 17:07:33,215 [    train.py:  226]:	Loss 0.1851, ('Ner Loss', 0.02355909),  ('CLS Classification Loss', 0.1615139)
[INFO] 2022-09-12 17:07:33,215 [    train.py:  227]:	('Ner Acc', 0.99689984), ('CLS Classification Acc', 0.962567)
[INFO] 2022-09-12 17:07:49,018 [    train.py:  236]:	Precision 0.000 Recall 0.000 F1 0.000
[INFO] 2022-09-12 17:08:42,594 [    train.py:  184]:	Epoch 32: 
[INFO] 2022-09-12 17:08:42,595 [    train.py:  185]:	Train:
[INFO] 2022-09-12 17:08:42,597 [    train.py:  197]:	Loss 0.2641, ('Ner Loss', 0.02761037088930607),  ('CLS Classification Loss', 0.23653024435043335)
[INFO] 2022-09-12 17:08:42,598 [    train.py:  207]:	('Ner Acc', 0.9961918592453003),  ('CLS Classification Acc', 0.9365823864936829)
[INFO] 2022-09-12 17:08:45,321 [    train.py:  219]:	Evaluate:
[INFO] 2022-09-12 17:08:45,322 [    train.py:  226]:	Loss 0.1883, ('Ner Loss', 0.023299083),  ('CLS Classification Loss', 0.16501546)
[INFO] 2022-09-12 17:08:45,322 [    train.py:  227]:	('Ner Acc', 0.99689984), ('CLS Classification Acc', 0.962567)
[INFO] 2022-09-12 17:09:00,562 [    train.py:  236]:	Precision 0.000 Recall 0.000 F1 0.000
[INFO] 2022-09-12 17:09:54,299 [    train.py:  184]:	Epoch 33: 
[INFO] 2022-09-12 17:09:54,300 [    train.py:  185]:	Train:
[INFO] 2022-09-12 17:09:54,305 [    train.py:  197]:	Loss 0.2643, ('Ner Loss', 0.02740887738764286),  ('CLS Classification Loss', 0.2369019091129303)
[INFO] 2022-09-12 17:09:54,305 [    train.py:  207]:	('Ner Acc', 0.9961913824081421),  ('CLS Classification Acc', 0.9365825057029724)
[INFO] 2022-09-12 17:09:56,715 [    train.py:  219]:	Evaluate:
[INFO] 2022-09-12 17:09:56,716 [    train.py:  226]:	Loss 0.1841, ('Ner Loss', 0.023263186),  ('CLS Classification Loss', 0.16082008)
[INFO] 2022-09-12 17:09:56,716 [    train.py:  227]:	('Ner Acc', 0.99689984), ('CLS Classification Acc', 0.962567)
[INFO] 2022-09-12 17:10:12,455 [    train.py:  236]:	Precision 0.000 Recall 0.000 F1 0.000
[INFO] 2022-09-12 17:11:06,392 [    train.py:  184]:	Epoch 34: 
[INFO] 2022-09-12 17:11:06,393 [    train.py:  185]:	Train:
[INFO] 2022-09-12 17:11:06,395 [    train.py:  197]:	Loss 0.2623, ('Ner Loss', 0.02718886360526085),  ('CLS Classification Loss', 0.23513363301753998)
[INFO] 2022-09-12 17:11:06,396 [    train.py:  207]:	('Ner Acc', 0.9961915016174316),  ('CLS Classification Acc', 0.9365822672843933)
[INFO] 2022-09-12 17:11:09,014 [    train.py:  219]:	Evaluate:
[INFO] 2022-09-12 17:11:09,014 [    train.py:  226]:	Loss 0.1835, ('Ner Loss', 0.023005908),  ('CLS Classification Loss', 0.16045505)
[INFO] 2022-09-12 17:11:09,014 [    train.py:  227]:	('Ner Acc', 0.99689984), ('CLS Classification Acc', 0.962567)
[INFO] 2022-09-12 17:11:24,503 [    train.py:  236]:	Precision 0.000 Recall 0.000 F1 0.000
[INFO] 2022-09-12 17:12:18,499 [    train.py:  184]:	Epoch 35: 
[INFO] 2022-09-12 17:12:18,499 [    train.py:  185]:	Train:
[INFO] 2022-09-12 17:12:18,503 [    train.py:  197]:	Loss 0.2636, ('Ner Loss', 0.027039380744099617),  ('CLS Classification Loss', 0.2365395426750183)
[INFO] 2022-09-12 17:12:18,503 [    train.py:  207]:	('Ner Acc', 0.9961913824081421),  ('CLS Classification Acc', 0.9365825057029724)
[INFO] 2022-09-12 17:12:20,918 [    train.py:  219]:	Evaluate:
[INFO] 2022-09-12 17:12:20,918 [    train.py:  226]:	Loss 0.1850, ('Ner Loss', 0.022867197),  ('CLS Classification Loss', 0.16214606)
[INFO] 2022-09-12 17:12:20,919 [    train.py:  227]:	('Ner Acc', 0.99689984), ('CLS Classification Acc', 0.962567)
[INFO] 2022-09-12 17:12:36,066 [    train.py:  236]:	Precision 0.000 Recall 0.000 F1 0.000
[INFO] 2022-09-12 17:13:29,499 [    train.py:  184]:	Epoch 36: 
[INFO] 2022-09-12 17:13:29,499 [    train.py:  185]:	Train:
[INFO] 2022-09-12 17:13:29,502 [    train.py:  197]:	Loss 0.2634, ('Ner Loss', 0.026833420619368553),  ('CLS Classification Loss', 0.23661169409751892)
[INFO] 2022-09-12 17:13:29,502 [    train.py:  207]:	('Ner Acc', 0.9961916208267212),  ('CLS Classification Acc', 0.9365825057029724)
[INFO] 2022-09-12 17:13:32,017 [    train.py:  219]:	Evaluate:
[INFO] 2022-09-12 17:13:32,018 [    train.py:  226]:	Loss 0.1826, ('Ner Loss', 0.022806477),  ('CLS Classification Loss', 0.15982467)
[INFO] 2022-09-12 17:13:32,018 [    train.py:  227]:	('Ner Acc', 0.99689984), ('CLS Classification Acc', 0.962567)
[INFO] 2022-09-12 17:13:47,864 [    train.py:  236]:	Precision 0.000 Recall 0.000 F1 0.000
[INFO] 2022-09-12 17:14:41,218 [    train.py:  184]:	Epoch 37: 
[INFO] 2022-09-12 17:14:41,218 [    train.py:  185]:	Train:
[INFO] 2022-09-12 17:14:41,222 [    train.py:  197]:	Loss 0.2623, ('Ner Loss', 0.026697402819991112),  ('CLS Classification Loss', 0.23563529551029205)
[INFO] 2022-09-12 17:14:41,222 [    train.py:  207]:	('Ner Acc', 0.9961918592453003),  ('CLS Classification Acc', 0.9365822672843933)
[INFO] 2022-09-12 17:14:44,025 [    train.py:  219]:	Evaluate:
[INFO] 2022-09-12 17:14:44,026 [    train.py:  226]:	Loss 0.1825, ('Ner Loss', 0.022666436),  ('CLS Classification Loss', 0.15987957)
[INFO] 2022-09-12 17:14:44,026 [    train.py:  227]:	('Ner Acc', 0.99689984), ('CLS Classification Acc', 0.962567)
[INFO] 2022-09-12 17:14:59,421 [    train.py:  236]:	Precision 0.000 Recall 0.000 F1 0.000
[INFO] 2022-09-12 17:15:51,598 [    train.py:  184]:	Epoch 38: 
[INFO] 2022-09-12 17:15:51,599 [    train.py:  185]:	Train:
[INFO] 2022-09-12 17:15:51,602 [    train.py:  197]:	Loss 0.2619, ('Ner Loss', 0.02650311589241028),  ('CLS Classification Loss', 0.2354026734828949)
[INFO] 2022-09-12 17:15:51,602 [    train.py:  207]:	('Ner Acc', 0.9961918592453003),  ('CLS Classification Acc', 0.936582624912262)
[INFO] 2022-09-12 17:15:54,027 [    train.py:  219]:	Evaluate:
[INFO] 2022-09-12 17:15:54,027 [    train.py:  226]:	Loss 0.1827, ('Ner Loss', 0.022825006),  ('CLS Classification Loss', 0.15986675)
[INFO] 2022-09-12 17:15:54,027 [    train.py:  227]:	('Ner Acc', 0.99689984), ('CLS Classification Acc', 0.962567)
[INFO] 2022-09-12 17:16:09,237 [    train.py:  236]:	Precision 0.000 Recall 0.000 F1 0.000
[INFO] 2022-09-12 17:17:00,802 [    train.py:  184]:	Epoch 39: 
[INFO] 2022-09-12 17:17:00,802 [    train.py:  185]:	Train:
[INFO] 2022-09-12 17:17:00,804 [    train.py:  197]:	Loss 0.2616, ('Ner Loss', 0.026309125125408173),  ('CLS Classification Loss', 0.23531818389892578)
[INFO] 2022-09-12 17:17:00,805 [    train.py:  207]:	('Ner Acc', 0.9961918592453003),  ('CLS Classification Acc', 0.9365825057029724)
[INFO] 2022-09-12 17:17:03,317 [    train.py:  219]:	Evaluate:
[INFO] 2022-09-12 17:17:03,317 [    train.py:  226]:	Loss 0.1823, ('Ner Loss', 0.022419263),  ('CLS Classification Loss', 0.1598829)
[INFO] 2022-09-12 17:17:03,317 [    train.py:  227]:	('Ner Acc', 0.99689984), ('CLS Classification Acc', 0.962567)
[INFO] 2022-09-12 17:17:18,687 [    train.py:  236]:	Precision 0.000 Recall 0.000 F1 0.000
[INFO] 2022-09-12 17:18:10,753 [    train.py:  184]:	Epoch 40: 
[INFO] 2022-09-12 17:18:10,753 [    train.py:  185]:	Train:
[INFO] 2022-09-12 17:18:10,758 [    train.py:  197]:	Loss 0.2616, ('Ner Loss', 0.026134120300412178),  ('CLS Classification Loss', 0.23545019328594208)
[INFO] 2022-09-12 17:18:10,758 [    train.py:  207]:	('Ner Acc', 0.9961915016174316),  ('CLS Classification Acc', 0.9365823864936829)
[INFO] 2022-09-12 17:18:13,113 [    train.py:  219]:	Evaluate:
[INFO] 2022-09-12 17:18:13,113 [    train.py:  226]:	Loss 0.1823, ('Ner Loss', 0.022386279),  ('CLS Classification Loss', 0.1598753)
[INFO] 2022-09-12 17:18:13,113 [    train.py:  227]:	('Ner Acc', 0.99689984), ('CLS Classification Acc', 0.962567)
[INFO] 2022-09-12 17:18:28,517 [    train.py:  236]:	Precision 0.000 Recall 0.000 F1 0.000
[INFO] 2022-09-12 17:19:19,906 [    train.py:  184]:	Epoch 41: 
[INFO] 2022-09-12 17:19:19,906 [    train.py:  185]:	Train:
[INFO] 2022-09-12 17:19:19,909 [    train.py:  197]:	Loss 0.2609, ('Ner Loss', 0.0259267445653677),  ('CLS Classification Loss', 0.23500895500183105)
[INFO] 2022-09-12 17:19:19,909 [    train.py:  207]:	('Ner Acc', 0.9961915016174316),  ('CLS Classification Acc', 0.9365825057029724)
[INFO] 2022-09-12 17:19:22,209 [    train.py:  219]:	Evaluate:
[INFO] 2022-09-12 17:19:22,210 [    train.py:  226]:	Loss 0.1819, ('Ner Loss', 0.022114681),  ('CLS Classification Loss', 0.15974629)
[INFO] 2022-09-12 17:19:22,210 [    train.py:  227]:	('Ner Acc', 0.99689984), ('CLS Classification Acc', 0.962567)
[INFO] 2022-09-12 17:19:37,772 [    train.py:  236]:	Precision 0.000 Recall 0.000 F1 0.000
[INFO] 2022-09-12 17:20:29,496 [    train.py:  184]:	Epoch 42: 
[INFO] 2022-09-12 17:20:29,497 [    train.py:  185]:	Train:
[INFO] 2022-09-12 17:20:29,500 [    train.py:  197]:	Loss 0.2603, ('Ner Loss', 0.02576737105846405),  ('CLS Classification Loss', 0.23450620472431183)
[INFO] 2022-09-12 17:20:29,500 [    train.py:  207]:	('Ner Acc', 0.9961916208267212),  ('CLS Classification Acc', 0.936582624912262)
[INFO] 2022-09-12 17:20:31,814 [    train.py:  219]:	Evaluate:
[INFO] 2022-09-12 17:20:31,815 [    train.py:  226]:	Loss 0.1827, ('Ner Loss', 0.022037031),  ('CLS Classification Loss', 0.16062567)
[INFO] 2022-09-12 17:20:31,815 [    train.py:  227]:	('Ner Acc', 0.99689984), ('CLS Classification Acc', 0.962567)
[INFO] 2022-09-12 17:20:47,547 [    train.py:  236]:	Precision 0.000 Recall 0.000 F1 0.000
[INFO] 2022-09-12 17:21:38,749 [    train.py:  184]:	Epoch 43: 
[INFO] 2022-09-12 17:21:38,749 [    train.py:  185]:	Train:
[INFO] 2022-09-12 17:21:38,773 [    train.py:  197]:	Loss 0.2608, ('Ner Loss', 0.02558118849992752),  ('CLS Classification Loss', 0.23519107699394226)
[INFO] 2022-09-12 17:21:38,773 [    train.py:  207]:	('Ner Acc', 0.9961917400360107),  ('CLS Classification Acc', 0.9365825057029724)
[INFO] 2022-09-12 17:21:41,112 [    train.py:  219]:	Evaluate:
[INFO] 2022-09-12 17:21:41,112 [    train.py:  226]:	Loss 0.1824, ('Ner Loss', 0.021742254),  ('CLS Classification Loss', 0.16062453)
[INFO] 2022-09-12 17:21:41,112 [    train.py:  227]:	('Ner Acc', 0.99689984), ('CLS Classification Acc', 0.962567)
[INFO] 2022-09-12 17:21:56,956 [    train.py:  236]:	Precision 0.000 Recall 0.000 F1 0.000
[INFO] 2022-09-12 17:22:48,294 [    train.py:  184]:	Epoch 44: 
[INFO] 2022-09-12 17:22:48,295 [    train.py:  185]:	Train:
[INFO] 2022-09-12 17:22:48,297 [    train.py:  197]:	Loss 0.2599, ('Ner Loss', 0.025397464632987976),  ('CLS Classification Loss', 0.2345302253961563)
[INFO] 2022-09-12 17:22:48,297 [    train.py:  207]:	('Ner Acc', 0.9961912035942078),  ('CLS Classification Acc', 0.9365822672843933)
[INFO] 2022-09-12 17:22:50,518 [    train.py:  219]:	Evaluate:
[INFO] 2022-09-12 17:22:50,519 [    train.py:  226]:	Loss 0.1817, ('Ner Loss', 0.021879999),  ('CLS Classification Loss', 0.15984455)
[INFO] 2022-09-12 17:22:50,519 [    train.py:  227]:	('Ner Acc', 0.99689984), ('CLS Classification Acc', 0.962567)
[INFO] 2022-09-12 17:23:06,444 [    train.py:  236]:	Precision 0.000 Recall 0.000 F1 0.000
[INFO] 2022-09-12 17:23:58,294 [    train.py:  184]:	Epoch 45: 
[INFO] 2022-09-12 17:23:58,294 [    train.py:  185]:	Train:
[INFO] 2022-09-12 17:23:58,298 [    train.py:  197]:	Loss 0.2606, ('Ner Loss', 0.02526412345468998),  ('CLS Classification Loss', 0.23534925282001495)
[INFO] 2022-09-12 17:23:58,298 [    train.py:  207]:	('Ner Acc', 0.9961915016174316),  ('CLS Classification Acc', 0.9365825057029724)
[INFO] 2022-09-12 17:24:00,718 [    train.py:  219]:	Evaluate:
[INFO] 2022-09-12 17:24:00,719 [    train.py:  226]:	Loss 0.1837, ('Ner Loss', 0.0222865),  ('CLS Classification Loss', 0.16143481)
[INFO] 2022-09-12 17:24:00,719 [    train.py:  227]:	('Ner Acc', 0.99689984), ('CLS Classification Acc', 0.962567)
[INFO] 2022-09-12 17:24:16,515 [    train.py:  236]:	Precision 0.000 Recall 0.000 F1 0.000
[INFO] 2022-09-12 17:25:07,591 [    train.py:  184]:	Epoch 46: 
[INFO] 2022-09-12 17:25:07,591 [    train.py:  185]:	Train:
[INFO] 2022-09-12 17:25:07,594 [    train.py:  197]:	Loss 0.2597, ('Ner Loss', 0.0250542089343071),  ('CLS Classification Loss', 0.23465903103351593)
[INFO] 2022-09-12 17:25:07,594 [    train.py:  207]:	('Ner Acc', 0.9961915016174316),  ('CLS Classification Acc', 0.9365825057029724)
[INFO] 2022-09-12 17:25:09,805 [    train.py:  219]:	Evaluate:
[INFO] 2022-09-12 17:25:09,805 [    train.py:  226]:	Loss 0.1843, ('Ner Loss', 0.021331862),  ('CLS Classification Loss', 0.16298194)
[INFO] 2022-09-12 17:25:09,805 [    train.py:  227]:	('Ner Acc', 0.99689984), ('CLS Classification Acc', 0.962567)
[INFO] 2022-09-12 17:25:25,317 [    train.py:  236]:	Precision 0.000 Recall 0.000 F1 0.000
[INFO] 2022-09-12 17:26:16,741 [    train.py:  184]:	Epoch 47: 
[INFO] 2022-09-12 17:26:16,741 [    train.py:  185]:	Train:
[INFO] 2022-09-12 17:26:16,746 [    train.py:  197]:	Loss 0.2603, ('Ner Loss', 0.024867933243513107),  ('CLS Classification Loss', 0.2354484349489212)
[INFO] 2022-09-12 17:26:16,746 [    train.py:  207]:	('Ner Acc', 0.9961915016174316),  ('CLS Classification Acc', 0.936582624912262)
[INFO] 2022-09-12 17:26:19,221 [    train.py:  219]:	Evaluate:
[INFO] 2022-09-12 17:26:19,221 [    train.py:  226]:	Loss 0.1816, ('Ner Loss', 0.02119843),  ('CLS Classification Loss', 0.16039513)
[INFO] 2022-09-12 17:26:19,221 [    train.py:  227]:	('Ner Acc', 0.99689984), ('CLS Classification Acc', 0.962567)
[INFO] 2022-09-12 17:26:34,769 [    train.py:  236]:	Precision 0.000 Recall 0.000 F1 0.000
[INFO] 2022-09-12 17:27:25,981 [    train.py:  184]:	Epoch 48: 
[INFO] 2022-09-12 17:27:25,981 [    train.py:  185]:	Train:
[INFO] 2022-09-12 17:27:25,994 [    train.py:  197]:	Loss 0.2594, ('Ner Loss', 0.024683253839612007),  ('CLS Classification Loss', 0.23475666344165802)
[INFO] 2022-09-12 17:27:25,994 [    train.py:  207]:	('Ner Acc', 0.9961916208267212),  ('CLS Classification Acc', 0.9365822672843933)
[INFO] 2022-09-12 17:27:28,214 [    train.py:  219]:	Evaluate:
[INFO] 2022-09-12 17:27:28,214 [    train.py:  226]:	Loss 0.1826, ('Ner Loss', 0.021281688),  ('CLS Classification Loss', 0.16127685)
[INFO] 2022-09-12 17:27:28,214 [    train.py:  227]:	('Ner Acc', 0.99689984), ('CLS Classification Acc', 0.962567)
[INFO] 2022-09-12 17:27:44,135 [    train.py:  236]:	Precision 0.000 Recall 0.000 F1 0.000
[INFO] 2022-09-12 17:28:34,697 [    train.py:  184]:	Epoch 49: 
[INFO] 2022-09-12 17:28:34,697 [    train.py:  185]:	Train:
[INFO] 2022-09-12 17:28:34,700 [    train.py:  197]:	Loss 0.2591, ('Ner Loss', 0.0244746096432209),  ('CLS Classification Loss', 0.23462417721748352)
[INFO] 2022-09-12 17:28:34,700 [    train.py:  207]:	('Ner Acc', 0.9961916208267212),  ('CLS Classification Acc', 0.9365825057029724)
[INFO] 2022-09-12 17:28:37,111 [    train.py:  219]:	Evaluate:
[INFO] 2022-09-12 17:28:37,111 [    train.py:  226]:	Loss 0.1820, ('Ner Loss', 0.020937541),  ('CLS Classification Loss', 0.16109088)
[INFO] 2022-09-12 17:28:37,111 [    train.py:  227]:	('Ner Acc', 0.99689984), ('CLS Classification Acc', 0.962567)
[INFO] 2022-09-12 17:28:52,915 [    train.py:  236]:	Precision 0.000 Recall 0.000 F1 0.000
[INFO] 2022-09-12 17:29:44,027 [    train.py:  184]:	Epoch 50: 
[INFO] 2022-09-12 17:29:44,027 [    train.py:  185]:	Train:
[INFO] 2022-09-12 17:29:44,045 [    train.py:  197]:	Loss 0.2596, ('Ner Loss', 0.024278955534100533),  ('CLS Classification Loss', 0.2353651374578476)
[INFO] 2022-09-12 17:29:44,045 [    train.py:  207]:	('Ner Acc', 0.9961915016174316),  ('CLS Classification Acc', 0.9365823864936829)
[INFO] 2022-09-12 17:29:46,410 [    train.py:  219]:	Evaluate:
[INFO] 2022-09-12 17:29:46,411 [    train.py:  226]:	Loss 0.1815, ('Ner Loss', 0.020959796),  ('CLS Classification Loss', 0.16055866)
[INFO] 2022-09-12 17:29:46,411 [    train.py:  227]:	('Ner Acc', 0.99689984), ('CLS Classification Acc', 0.962567)
[INFO] 2022-09-12 17:30:01,751 [    train.py:  236]:	Precision 0.000 Recall 0.000 F1 0.000
[INFO] 2022-09-12 17:30:52,798 [    train.py:  184]:	Epoch 51: 
[INFO] 2022-09-12 17:30:52,798 [    train.py:  185]:	Train:
[INFO] 2022-09-12 17:30:52,800 [    train.py:  197]:	Loss 0.2589, ('Ner Loss', 0.024146780371665955),  ('CLS Classification Loss', 0.23474669456481934)
[INFO] 2022-09-12 17:30:52,800 [    train.py:  207]:	('Ner Acc', 0.9961916208267212),  ('CLS Classification Acc', 0.9365822672843933)
[INFO] 2022-09-12 17:30:55,223 [    train.py:  219]:	Evaluate:
[INFO] 2022-09-12 17:30:55,224 [    train.py:  226]:	Loss 0.1804, ('Ner Loss', 0.020672582),  ('CLS Classification Loss', 0.15974043)
[INFO] 2022-09-12 17:30:55,224 [    train.py:  227]:	('Ner Acc', 0.99689984), ('CLS Classification Acc', 0.962567)
[INFO] 2022-09-12 17:31:10,459 [    train.py:  236]:	Precision 0.000 Recall 0.000 F1 0.000
[INFO] 2022-09-12 17:32:02,494 [    train.py:  184]:	Epoch 52: 
[INFO] 2022-09-12 17:32:02,495 [    train.py:  185]:	Train:
[INFO] 2022-09-12 17:32:02,498 [    train.py:  197]:	Loss 0.2585, ('Ner Loss', 0.023942897096276283),  ('CLS Classification Loss', 0.2345910519361496)
[INFO] 2022-09-12 17:32:02,498 [    train.py:  207]:	('Ner Acc', 0.9961913228034973),  ('CLS Classification Acc', 0.9365823864936829)
[INFO] 2022-09-12 17:32:05,211 [    train.py:  219]:	Evaluate:
[INFO] 2022-09-12 17:32:05,211 [    train.py:  226]:	Loss 0.1822, ('Ner Loss', 0.020674555),  ('CLS Classification Loss', 0.16154815)
[INFO] 2022-09-12 17:32:05,211 [    train.py:  227]:	('Ner Acc', 0.99689984), ('CLS Classification Acc', 0.962567)
[INFO] 2022-09-12 17:32:20,798 [    train.py:  236]:	Precision 0.000 Recall 0.000 F1 0.000
[INFO] 2022-09-12 17:33:11,595 [    train.py:  184]:	Epoch 53: 
[INFO] 2022-09-12 17:33:11,595 [    train.py:  185]:	Train:
[INFO] 2022-09-12 17:33:11,598 [    train.py:  197]:	Loss 0.2590, ('Ner Loss', 0.02376909926533699),  ('CLS Classification Loss', 0.2352302223443985)
[INFO] 2022-09-12 17:33:11,598 [    train.py:  207]:	('Ner Acc', 0.9961917400360107),  ('CLS Classification Acc', 0.9365822076797485)
[INFO] 2022-09-12 17:33:13,815 [    train.py:  219]:	Evaluate:
[INFO] 2022-09-12 17:33:13,816 [    train.py:  226]:	Loss 0.1810, ('Ner Loss', 0.020907836),  ('CLS Classification Loss', 0.1600656)
[INFO] 2022-09-12 17:33:13,816 [    train.py:  227]:	('Ner Acc', 0.99689984), ('CLS Classification Acc', 0.962567)
[INFO] 2022-09-12 17:33:29,687 [    train.py:  236]:	Precision 0.000 Recall 0.000 F1 0.000
[INFO] 2022-09-12 17:34:21,399 [    train.py:  184]:	Epoch 54: 
[INFO] 2022-09-12 17:34:21,399 [    train.py:  185]:	Train:
[INFO] 2022-09-12 17:34:21,402 [    train.py:  197]:	Loss 0.2587, ('Ner Loss', 0.023605123162269592),  ('CLS Classification Loss', 0.23511607944965363)
[INFO] 2022-09-12 17:34:21,402 [    train.py:  207]:	('Ner Acc', 0.9961915016174316),  ('CLS Classification Acc', 0.9365822672843933)
[INFO] 2022-09-12 17:34:23,717 [    train.py:  219]:	Evaluate:
[INFO] 2022-09-12 17:34:23,717 [    train.py:  226]:	Loss 0.1831, ('Ner Loss', 0.020483304),  ('CLS Classification Loss', 0.16259344)
[INFO] 2022-09-12 17:34:23,717 [    train.py:  227]:	('Ner Acc', 0.99689984), ('CLS Classification Acc', 0.962567)
[INFO] 2022-09-12 17:34:39,342 [    train.py:  236]:	Precision 0.000 Recall 0.000 F1 0.000
[INFO] 2022-09-12 17:35:30,707 [    train.py:  184]:	Epoch 55: 
[INFO] 2022-09-12 17:35:30,707 [    train.py:  185]:	Train:
[INFO] 2022-09-12 17:35:30,710 [    train.py:  197]:	Loss 0.2577, ('Ner Loss', 0.02337389625608921),  ('CLS Classification Loss', 0.234348326921463)
[INFO] 2022-09-12 17:35:30,710 [    train.py:  207]:	('Ner Acc', 0.9961915016174316),  ('CLS Classification Acc', 0.9365825057029724)
[INFO] 2022-09-12 17:35:33,210 [    train.py:  219]:	Evaluate:
[INFO] 2022-09-12 17:35:33,210 [    train.py:  226]:	Loss 0.1811, ('Ner Loss', 0.02032938),  ('CLS Classification Loss', 0.16080368)
[INFO] 2022-09-12 17:35:33,210 [    train.py:  227]:	('Ner Acc', 0.99689984), ('CLS Classification Acc', 0.962567)
[INFO] 2022-09-12 17:35:48,955 [    train.py:  236]:	Precision 0.000 Recall 0.000 F1 0.000
[INFO] 2022-09-12 17:36:40,394 [    train.py:  184]:	Epoch 56: 
[INFO] 2022-09-12 17:36:40,394 [    train.py:  185]:	Train:
[INFO] 2022-09-12 17:36:40,396 [    train.py:  197]:	Loss 0.2577, ('Ner Loss', 0.02323106862604618),  ('CLS Classification Loss', 0.2344660609960556)
[INFO] 2022-09-12 17:36:40,396 [    train.py:  207]:	('Ner Acc', 0.9961913228034973),  ('CLS Classification Acc', 0.9365822672843933)
[INFO] 2022-09-12 17:36:42,616 [    train.py:  219]:	Evaluate:
[INFO] 2022-09-12 17:36:42,616 [    train.py:  226]:	Loss 0.1830, ('Ner Loss', 0.020113276),  ('CLS Classification Loss', 0.16288203)
[INFO] 2022-09-12 17:36:42,616 [    train.py:  227]:	('Ner Acc', 0.99689984), ('CLS Classification Acc', 0.962567)
[INFO] 2022-09-12 17:36:58,359 [    train.py:  236]:	Precision 0.000 Recall 0.000 F1 0.000
[INFO] 2022-09-12 17:37:50,245 [    train.py:  184]:	Epoch 57: 
[INFO] 2022-09-12 17:37:50,246 [    train.py:  185]:	Train:
[INFO] 2022-09-12 17:37:50,248 [    train.py:  197]:	Loss 0.2575, ('Ner Loss', 0.023069867864251137),  ('CLS Classification Loss', 0.23439164459705353)
[INFO] 2022-09-12 17:37:50,248 [    train.py:  207]:	('Ner Acc', 0.9961918592453003),  ('CLS Classification Acc', 0.9365822076797485)
[INFO] 2022-09-12 17:37:52,515 [    train.py:  219]:	Evaluate:
[INFO] 2022-09-12 17:37:52,515 [    train.py:  226]:	Loss 0.1843, ('Ner Loss', 0.019988284),  ('CLS Classification Loss', 0.16435254)
[INFO] 2022-09-12 17:37:52,515 [    train.py:  227]:	('Ner Acc', 0.99689984), ('CLS Classification Acc', 0.962567)
[INFO] 2022-09-12 17:38:08,747 [    train.py:  236]:	Precision 0.000 Recall 0.000 F1 0.000
[INFO] 2022-09-12 17:38:59,794 [    train.py:  184]:	Epoch 58: 
[INFO] 2022-09-12 17:38:59,795 [    train.py:  185]:	Train:
[INFO] 2022-09-12 17:38:59,798 [    train.py:  197]:	Loss 0.2576, ('Ner Loss', 0.022967500612139702),  ('CLS Classification Loss', 0.2345876693725586)
[INFO] 2022-09-12 17:38:59,798 [    train.py:  207]:	('Ner Acc', 0.9961915016174316),  ('CLS Classification Acc', 0.9365825057029724)
[INFO] 2022-09-12 17:39:02,114 [    train.py:  219]:	Evaluate:
[INFO] 2022-09-12 17:39:02,115 [    train.py:  226]:	Loss 0.1827, ('Ner Loss', 0.02009879),  ('CLS Classification Loss', 0.1626317)
[INFO] 2022-09-12 17:39:02,115 [    train.py:  227]:	('Ner Acc', 0.99689984), ('CLS Classification Acc', 0.962567)
[INFO] 2022-09-12 17:39:17,847 [    train.py:  236]:	Precision 0.000 Recall 0.000 F1 0.000
[INFO] 2022-09-12 17:40:08,969 [    train.py:  184]:	Epoch 59: 
[INFO] 2022-09-12 17:40:08,969 [    train.py:  185]:	Train:
[INFO] 2022-09-12 17:40:08,990 [    train.py:  197]:	Loss 0.2566, ('Ner Loss', 0.022744128480553627),  ('CLS Classification Loss', 0.23380783200263977)
[INFO] 2022-09-12 17:40:08,990 [    train.py:  207]:	('Ner Acc', 0.9961916208267212),  ('CLS Classification Acc', 0.9365823864936829)
[INFO] 2022-09-12 17:40:11,314 [    train.py:  219]:	Evaluate:
[INFO] 2022-09-12 17:40:11,315 [    train.py:  226]:	Loss 0.1833, ('Ner Loss', 0.019833623),  ('CLS Classification Loss', 0.16343467)
[INFO] 2022-09-12 17:40:11,315 [    train.py:  227]:	('Ner Acc', 0.99689984), ('CLS Classification Acc', 0.962567)
[INFO] 2022-09-12 17:40:26,742 [    train.py:  236]:	Precision 0.000 Recall 0.000 F1 0.000
[INFO] 2022-09-12 17:41:18,005 [    train.py:  184]:	Epoch 60: 
[INFO] 2022-09-12 17:41:18,006 [    train.py:  185]:	Train:
[INFO] 2022-09-12 17:41:18,009 [    train.py:  197]:	Loss 0.2590, ('Ner Loss', 0.022646714001893997),  ('CLS Classification Loss', 0.23635444045066833)
[INFO] 2022-09-12 17:41:18,009 [    train.py:  207]:	('Ner Acc', 0.9961801767349243),  ('CLS Classification Acc', 0.9365081787109375)
[INFO] 2022-09-12 17:41:20,308 [    train.py:  219]:	Evaluate:
[INFO] 2022-09-12 17:41:20,309 [    train.py:  226]:	Loss 0.1795, ('Ner Loss', 0.019387482),  ('CLS Classification Loss', 0.16007005)
[INFO] 2022-09-12 17:41:20,309 [    train.py:  227]:	('Ner Acc', 0.99689984), ('CLS Classification Acc', 0.962567)
[INFO] 2022-09-12 17:41:35,616 [    train.py:  236]:	Precision 0.000 Recall 0.000 F1 0.000
[INFO] 2022-09-12 17:42:27,100 [    train.py:  184]:	Epoch 61: 
[INFO] 2022-09-12 17:42:27,100 [    train.py:  185]:	Train:
[INFO] 2022-09-12 17:42:27,102 [    train.py:  197]:	Loss 0.2583, ('Ner Loss', 0.02241777442395687),  ('CLS Classification Loss', 0.23590479791164398)
[INFO] 2022-09-12 17:42:27,102 [    train.py:  207]:	('Ner Acc', 0.9961913824081421),  ('CLS Classification Acc', 0.9365823864936829)
[INFO] 2022-09-12 17:42:29,513 [    train.py:  219]:	Evaluate:
[INFO] 2022-09-12 17:42:29,513 [    train.py:  226]:	Loss 0.1792, ('Ner Loss', 0.019372884),  ('CLS Classification Loss', 0.1598075)
[INFO] 2022-09-12 17:42:29,513 [    train.py:  227]:	('Ner Acc', 0.99689984), ('CLS Classification Acc', 0.962567)
[INFO] 2022-09-12 17:42:45,014 [    train.py:  236]:	Precision 0.000 Recall 0.000 F1 0.000
[INFO] 2022-09-12 17:43:36,596 [    train.py:  184]:	Epoch 62: 
[INFO] 2022-09-12 17:43:36,596 [    train.py:  185]:	Train:
[INFO] 2022-09-12 17:43:36,599 [    train.py:  197]:	Loss 0.2577, ('Ner Loss', 0.02221100963652134),  ('CLS Classification Loss', 0.23547270894050598)
[INFO] 2022-09-12 17:43:36,599 [    train.py:  207]:	('Ner Acc', 0.9961915016174316),  ('CLS Classification Acc', 0.9365823864936829)
[INFO] 2022-09-12 17:43:39,124 [    train.py:  219]:	Evaluate:
[INFO] 2022-09-12 17:43:39,124 [    train.py:  226]:	Loss 0.1796, ('Ner Loss', 0.01949855),  ('CLS Classification Loss', 0.16008653)
[INFO] 2022-09-12 17:43:39,124 [    train.py:  227]:	('Ner Acc', 0.99689984), ('CLS Classification Acc', 0.962567)
[INFO] 2022-09-12 17:43:54,519 [    train.py:  236]:	Precision 0.000 Recall 0.000 F1 0.000
[INFO] 2022-09-12 17:44:45,295 [    train.py:  184]:	Epoch 63: 
[INFO] 2022-09-12 17:44:45,295 [    train.py:  185]:	Train:
[INFO] 2022-09-12 17:44:45,297 [    train.py:  197]:	Loss 0.2574, ('Ner Loss', 0.022107701748609543),  ('CLS Classification Loss', 0.23525406420230865)
[INFO] 2022-09-12 17:44:45,297 [    train.py:  207]:	('Ner Acc', 0.9961915016174316),  ('CLS Classification Acc', 0.9365823864936829)
[INFO] 2022-09-12 17:44:47,511 [    train.py:  219]:	Evaluate:
[INFO] 2022-09-12 17:44:47,511 [    train.py:  226]:	Loss 0.1820, ('Ner Loss', 0.019340143),  ('CLS Classification Loss', 0.16264157)
[INFO] 2022-09-12 17:44:47,512 [    train.py:  227]:	('Ner Acc', 0.99689984), ('CLS Classification Acc', 0.962567)
[INFO] 2022-09-12 17:45:02,850 [    train.py:  236]:	Precision 0.000 Recall 0.000 F1 0.000
[INFO] 2022-09-12 17:45:55,091 [    train.py:  184]:	Epoch 64: 
[INFO] 2022-09-12 17:45:55,092 [    train.py:  185]:	Train:
[INFO] 2022-09-12 17:45:55,094 [    train.py:  197]:	Loss 0.3472, ('Ner Loss', 0.025051729753613472),  ('CLS Classification Loss', 0.3221380412578583)
[INFO] 2022-09-12 17:45:55,094 [    train.py:  207]:	('Ner Acc', 0.9960349202156067),  ('CLS Classification Acc', 0.9305681586265564)
[INFO] 2022-09-12 17:45:57,309 [    train.py:  219]:	Evaluate:
[INFO] 2022-09-12 17:45:57,309 [    train.py:  226]:	Loss 0.3349, ('Ner Loss', 0.027058931),  ('CLS Classification Loss', 0.30786443)
[INFO] 2022-09-12 17:45:57,309 [    train.py:  227]:	('Ner Acc', 0.99689984), ('CLS Classification Acc', 0.962567)
[INFO] 2022-09-12 17:46:12,911 [    train.py:  236]:	Precision 0.000 Recall 0.000 F1 0.000
[INFO] 2022-09-12 17:47:04,212 [    train.py:  184]:	Epoch 65: 
[INFO] 2022-09-12 17:47:04,212 [    train.py:  185]:	Train:
[INFO] 2022-09-12 17:47:04,215 [    train.py:  197]:	Loss 0.3948, ('Ner Loss', 0.025338558480143547),  ('CLS Classification Loss', 0.36948198080062866)
[INFO] 2022-09-12 17:47:04,215 [    train.py:  207]:	('Ner Acc', 0.9961746335029602),  ('CLS Classification Acc', 0.9266121983528137)
[INFO] 2022-09-12 17:47:06,415 [    train.py:  219]:	Evaluate:
[INFO] 2022-09-12 17:47:06,415 [    train.py:  226]:	Loss 0.2106, ('Ner Loss', 0.019723441),  ('CLS Classification Loss', 0.19089647)
[INFO] 2022-09-12 17:47:06,415 [    train.py:  227]:	('Ner Acc', 0.99689984), ('CLS Classification Acc', 0.962567)
[INFO] 2022-09-12 17:47:21,746 [    train.py:  236]:	Precision 0.000 Recall 0.000 F1 0.000
[INFO] 2022-09-12 17:48:12,673 [    train.py:  184]:	Epoch 66: 
[INFO] 2022-09-12 17:48:12,673 [    train.py:  185]:	Train:
[INFO] 2022-09-12 17:48:12,689 [    train.py:  197]:	Loss 0.2712, ('Ner Loss', 0.022089457139372826),  ('CLS Classification Loss', 0.2490762174129486)
[INFO] 2022-09-12 17:48:12,690 [    train.py:  207]:	('Ner Acc', 0.9961917400360107),  ('CLS Classification Acc', 0.9365825057029724)
[INFO] 2022-09-12 17:48:15,017 [    train.py:  219]:	Evaluate:
[INFO] 2022-09-12 17:48:15,017 [    train.py:  226]:	Loss 0.1865, ('Ner Loss', 0.021491049),  ('CLS Classification Loss', 0.1649979)
[INFO] 2022-09-12 17:48:15,017 [    train.py:  227]:	('Ner Acc', 0.99689984), ('CLS Classification Acc', 0.962567)
[INFO] 2022-09-12 17:48:31,176 [    train.py:  236]:	Precision 0.000 Recall 0.000 F1 0.000
[INFO] 2022-09-12 17:49:22,804 [    train.py:  184]:	Epoch 67: 
[INFO] 2022-09-12 17:49:22,805 [    train.py:  185]:	Train:
[INFO] 2022-09-12 17:49:22,808 [    train.py:  197]:	Loss 0.2728, ('Ner Loss', 0.021827660501003265),  ('CLS Classification Loss', 0.25098085403442383)
[INFO] 2022-09-12 17:49:22,808 [    train.py:  207]:	('Ner Acc', 0.9961915016174316),  ('CLS Classification Acc', 0.9365825057029724)
[INFO] 2022-09-12 17:49:25,019 [    train.py:  219]:	Evaluate:
[INFO] 2022-09-12 17:49:25,019 [    train.py:  226]:	Loss 0.1985, ('Ner Loss', 0.02104641),  ('CLS Classification Loss', 0.1774415)
[INFO] 2022-09-12 17:49:25,019 [    train.py:  227]:	('Ner Acc', 0.99689984), ('CLS Classification Acc', 0.962567)
[INFO] 2022-09-12 17:49:40,549 [    train.py:  236]:	Precision 0.000 Recall 0.000 F1 0.000
[INFO] 2022-09-12 17:50:32,191 [    train.py:  184]:	Epoch 68: 
[INFO] 2022-09-12 17:50:32,191 [    train.py:  185]:	Train:
[INFO] 2022-09-12 17:50:32,194 [    train.py:  197]:	Loss 0.2674, ('Ner Loss', 0.021648701280355453),  ('CLS Classification Loss', 0.24574661254882812)
[INFO] 2022-09-12 17:50:32,194 [    train.py:  207]:	('Ner Acc', 0.9961916208267212),  ('CLS Classification Acc', 0.9365825057029724)
[INFO] 2022-09-12 17:50:34,710 [    train.py:  219]:	Evaluate:
[INFO] 2022-09-12 17:50:34,710 [    train.py:  226]:	Loss 0.1977, ('Ner Loss', 0.020180406),  ('CLS Classification Loss', 0.177472)
[INFO] 2022-09-12 17:50:34,711 [    train.py:  227]:	('Ner Acc', 0.99689984), ('CLS Classification Acc', 0.962567)
[INFO] 2022-09-12 17:50:49,738 [    train.py:  236]:	Precision 0.000 Recall 0.000 F1 0.000
[INFO] 2022-09-12 17:51:41,191 [    train.py:  184]:	Epoch 69: 
[INFO] 2022-09-12 17:51:41,192 [    train.py:  185]:	Train:
[INFO] 2022-09-12 17:51:41,194 [    train.py:  197]:	Loss 0.2653, ('Ner Loss', 0.021364089101552963),  ('CLS Classification Loss', 0.243961900472641)
[INFO] 2022-09-12 17:51:41,194 [    train.py:  207]:	('Ner Acc', 0.9961913824081421),  ('CLS Classification Acc', 0.9365823864936829)
[INFO] 2022-09-12 17:51:43,413 [    train.py:  219]:	Evaluate:
[INFO] 2022-09-12 17:51:43,414 [    train.py:  226]:	Loss 0.1815, ('Ner Loss', 0.01870952),  ('CLS Classification Loss', 0.16279183)
[INFO] 2022-09-12 17:51:43,414 [    train.py:  227]:	('Ner Acc', 0.99689984), ('CLS Classification Acc', 0.962567)
[INFO] 2022-09-12 17:51:58,942 [    train.py:  236]:	Precision 0.000 Recall 0.000 F1 0.000
[INFO] 2022-09-12 17:52:50,209 [    train.py:  184]:	Epoch 70: 
[INFO] 2022-09-12 17:52:50,209 [    train.py:  185]:	Train:
[INFO] 2022-09-12 17:52:50,212 [    train.py:  197]:	Loss 0.2643, ('Ner Loss', 0.021199984475970268),  ('CLS Classification Loss', 0.24311482906341553)
[INFO] 2022-09-12 17:52:50,212 [    train.py:  207]:	('Ner Acc', 0.9961917400360107),  ('CLS Classification Acc', 0.9365823864936829)
[INFO] 2022-09-12 17:52:52,611 [    train.py:  219]:	Evaluate:
[INFO] 2022-09-12 17:52:52,611 [    train.py:  226]:	Loss 0.1848, ('Ner Loss', 0.018769594),  ('CLS Classification Loss', 0.16607416)
[INFO] 2022-09-12 17:52:52,611 [    train.py:  227]:	('Ner Acc', 0.99689984), ('CLS Classification Acc', 0.962567)
[INFO] 2022-09-12 17:53:08,033 [    train.py:  236]:	Precision 0.000 Recall 0.000 F1 0.000
[INFO] 2022-09-12 17:53:59,998 [    train.py:  184]:	Epoch 71: 
[INFO] 2022-09-12 17:53:59,998 [    train.py:  185]:	Train:
[INFO] 2022-09-12 17:54:00,001 [    train.py:  197]:	Loss 0.2668, ('Ner Loss', 0.021093618124723434),  ('CLS Classification Loss', 0.2457161247730255)
[INFO] 2022-09-12 17:54:00,001 [    train.py:  207]:	('Ner Acc', 0.9961913824081421),  ('CLS Classification Acc', 0.9365823864936829)
[INFO] 2022-09-12 17:54:02,310 [    train.py:  219]:	Evaluate:
[INFO] 2022-09-12 17:54:02,311 [    train.py:  226]:	Loss 0.1794, ('Ner Loss', 0.018584415),  ('CLS Classification Loss', 0.16082801)
[INFO] 2022-09-12 17:54:02,311 [    train.py:  227]:	('Ner Acc', 0.99689984), ('CLS Classification Acc', 0.962567)
[INFO] 2022-09-12 17:54:17,747 [    train.py:  236]:	Precision 0.000 Recall 0.000 F1 0.000
[INFO] 2022-09-12 17:55:09,048 [    train.py:  184]:	Epoch 72: 
[INFO] 2022-09-12 17:55:09,049 [    train.py:  185]:	Train:
[INFO] 2022-09-12 17:55:09,054 [    train.py:  197]:	Loss 0.2713, ('Ner Loss', 0.020949499681591988),  ('CLS Classification Loss', 0.25039753317832947)
[INFO] 2022-09-12 17:55:09,054 [    train.py:  207]:	('Ner Acc', 0.9961915016174316),  ('CLS Classification Acc', 0.9365822672843933)
[INFO] 2022-09-12 17:55:11,720 [    train.py:  219]:	Evaluate:
[INFO] 2022-09-12 17:55:11,721 [    train.py:  226]:	Loss 0.1884, ('Ner Loss', 0.018818727),  ('CLS Classification Loss', 0.16958918)
[INFO] 2022-09-12 17:55:11,721 [    train.py:  227]:	('Ner Acc', 0.99689984), ('CLS Classification Acc', 0.962567)
[INFO] 2022-09-12 17:55:27,053 [    train.py:  236]:	Precision 0.000 Recall 0.000 F1 0.000
[INFO] 2022-09-12 17:56:18,206 [    train.py:  184]:	Epoch 73: 
[INFO] 2022-09-12 17:56:18,206 [    train.py:  185]:	Train:
[INFO] 2022-09-12 17:56:18,209 [    train.py:  197]:	Loss 0.2622, ('Ner Loss', 0.020788678899407387),  ('CLS Classification Loss', 0.24137917160987854)
[INFO] 2022-09-12 17:56:18,209 [    train.py:  207]:	('Ner Acc', 0.9961916208267212),  ('CLS Classification Acc', 0.9365822076797485)
[INFO] 2022-09-12 17:56:20,519 [    train.py:  219]:	Evaluate:
[INFO] 2022-09-12 17:56:20,520 [    train.py:  226]:	Loss 0.1919, ('Ner Loss', 0.018312499),  ('CLS Classification Loss', 0.17362046)
[INFO] 2022-09-12 17:56:20,520 [    train.py:  227]:	('Ner Acc', 0.99689984), ('CLS Classification Acc', 0.962567)
[INFO] 2022-09-12 17:56:36,406 [    train.py:  236]:	Precision 0.000 Recall 0.000 F1 0.000
[INFO] 2022-09-12 17:57:28,007 [    train.py:  184]:	Epoch 74: 
[INFO] 2022-09-12 17:57:28,007 [    train.py:  185]:	Train:
[INFO] 2022-09-12 17:57:28,010 [    train.py:  197]:	Loss 0.2623, ('Ner Loss', 0.020656974986195564),  ('CLS Classification Loss', 0.24161259829998016)
[INFO] 2022-09-12 17:57:28,011 [    train.py:  207]:	('Ner Acc', 0.9961916208267212),  ('CLS Classification Acc', 0.9365825057029724)
[INFO] 2022-09-12 17:57:30,422 [    train.py:  219]:	Evaluate:
[INFO] 2022-09-12 17:57:30,423 [    train.py:  226]:	Loss 0.1783, ('Ner Loss', 0.018302096),  ('CLS Classification Loss', 0.15999241)
[INFO] 2022-09-12 17:57:30,423 [    train.py:  227]:	('Ner Acc', 0.99689984), ('CLS Classification Acc', 0.962567)
[INFO] 2022-09-12 17:57:46,052 [    train.py:  236]:	Precision 0.000 Recall 0.000 F1 0.000
[INFO] 2022-09-12 17:58:37,316 [    train.py:  184]:	Epoch 75: 
[INFO] 2022-09-12 17:58:37,316 [    train.py:  185]:	Train:
[INFO] 2022-09-12 17:58:37,319 [    train.py:  197]:	Loss 0.2684, ('Ner Loss', 0.0205325148999691),  ('CLS Classification Loss', 0.24787327647209167)
[INFO] 2022-09-12 17:58:37,319 [    train.py:  207]:	('Ner Acc', 0.9961915016174316),  ('CLS Classification Acc', 0.9365822672843933)
[INFO] 2022-09-12 17:58:39,714 [    train.py:  219]:	Evaluate:
[INFO] 2022-09-12 17:58:39,715 [    train.py:  226]:	Loss 0.1777, ('Ner Loss', 0.018040614),  ('CLS Classification Loss', 0.15970421)
[INFO] 2022-09-12 17:58:39,715 [    train.py:  227]:	('Ner Acc', 0.99689984), ('CLS Classification Acc', 0.962567)
[INFO] 2022-09-12 17:58:56,112 [    train.py:  236]:	Precision 0.000 Recall 0.000 F1 0.000
[INFO] 2022-09-12 17:59:47,498 [    train.py:  184]:	Epoch 76: 
[INFO] 2022-09-12 17:59:47,499 [    train.py:  185]:	Train:
[INFO] 2022-09-12 17:59:47,501 [    train.py:  197]:	Loss 0.2658, ('Ner Loss', 0.020397916436195374),  ('CLS Classification Loss', 0.24541163444519043)
[INFO] 2022-09-12 17:59:47,501 [    train.py:  207]:	('Ner Acc', 0.9961916208267212),  ('CLS Classification Acc', 0.9365823864936829)
[INFO] 2022-09-12 17:59:49,811 [    train.py:  219]:	Evaluate:
[INFO] 2022-09-12 17:59:49,811 [    train.py:  226]:	Loss 0.2155, ('Ner Loss', 0.017839713),  ('CLS Classification Loss', 0.19762139)
[INFO] 2022-09-12 17:59:49,812 [    train.py:  227]:	('Ner Acc', 0.99689984), ('CLS Classification Acc', 0.962567)
[INFO] 2022-09-12 18:00:05,343 [    train.py:  236]:	Precision 0.000 Recall 0.000 F1 0.000
[INFO] 2022-09-12 18:00:56,699 [    train.py:  184]:	Epoch 77: 
[INFO] 2022-09-12 18:00:56,700 [    train.py:  185]:	Train:
[INFO] 2022-09-12 18:00:56,702 [    train.py:  197]:	Loss 0.2632, ('Ner Loss', 0.020281832665205002),  ('CLS Classification Loss', 0.24294106662273407)
[INFO] 2022-09-12 18:00:56,702 [    train.py:  207]:	('Ner Acc', 0.9961918592453003),  ('CLS Classification Acc', 0.9365823864936829)
[INFO] 2022-09-12 18:00:59,014 [    train.py:  219]:	Evaluate:
[INFO] 2022-09-12 18:00:59,015 [    train.py:  226]:	Loss 0.2249, ('Ner Loss', 0.017963951),  ('CLS Classification Loss', 0.20689754)
[INFO] 2022-09-12 18:00:59,015 [    train.py:  227]:	('Ner Acc', 0.99689984), ('CLS Classification Acc', 0.962567)
[INFO] 2022-09-12 18:01:14,542 [    train.py:  236]:	Precision 0.000 Recall 0.000 F1 0.000
[INFO] 2022-09-12 18:02:05,604 [    train.py:  184]:	Epoch 78: 
[INFO] 2022-09-12 18:02:05,605 [    train.py:  185]:	Train:
[INFO] 2022-09-12 18:02:05,608 [    train.py:  197]:	Loss 0.2624, ('Ner Loss', 0.02017633430659771),  ('CLS Classification Loss', 0.2422599047422409)
[INFO] 2022-09-12 18:02:05,608 [    train.py:  207]:	('Ner Acc', 0.9961916208267212),  ('CLS Classification Acc', 0.9365822672843933)
[INFO] 2022-09-12 18:02:08,016 [    train.py:  219]:	Evaluate:
[INFO] 2022-09-12 18:02:08,017 [    train.py:  226]:	Loss 0.2029, ('Ner Loss', 0.018066026),  ('CLS Classification Loss', 0.18479891)
[INFO] 2022-09-12 18:02:08,017 [    train.py:  227]:	('Ner Acc', 0.99689984), ('CLS Classification Acc', 0.962567)
[INFO] 2022-09-12 18:02:23,671 [    train.py:  236]:	Precision 0.000 Recall 0.000 F1 0.000
[INFO] 2022-09-12 18:03:15,348 [    train.py:  184]:	Epoch 79: 
[INFO] 2022-09-12 18:03:15,349 [    train.py:  185]:	Train:
[INFO] 2022-09-12 18:03:15,351 [    train.py:  197]:	Loss 0.2607, ('Ner Loss', 0.0200570710003376),  ('CLS Classification Loss', 0.24067039787769318)
[INFO] 2022-09-12 18:03:15,351 [    train.py:  207]:	('Ner Acc', 0.9961917400360107),  ('CLS Classification Acc', 0.9365822076797485)
[INFO] 2022-09-12 18:03:17,822 [    train.py:  219]:	Evaluate:
[INFO] 2022-09-12 18:03:17,823 [    train.py:  226]:	Loss 0.1854, ('Ner Loss', 0.017648732),  ('CLS Classification Loss', 0.16770484)
[INFO] 2022-09-12 18:03:17,823 [    train.py:  227]:	('Ner Acc', 0.99689984), ('CLS Classification Acc', 0.962567)
[INFO] 2022-09-12 18:03:33,420 [    train.py:  236]:	Precision 0.000 Recall 0.000 F1 0.000
[INFO] 2022-09-12 18:04:25,098 [    train.py:  184]:	Epoch 80: 
[INFO] 2022-09-12 18:04:25,098 [    train.py:  185]:	Train:
[INFO] 2022-09-12 18:04:25,100 [    train.py:  197]:	Loss 0.2605, ('Ner Loss', 0.01993984542787075),  ('CLS Classification Loss', 0.24056638777256012)
[INFO] 2022-09-12 18:04:25,100 [    train.py:  207]:	('Ner Acc', 0.9961917400360107),  ('CLS Classification Acc', 0.9365823864936829)
[INFO] 2022-09-12 18:04:27,311 [    train.py:  219]:	Evaluate:
[INFO] 2022-09-12 18:04:27,312 [    train.py:  226]:	Loss 0.1933, ('Ner Loss', 0.017431762),  ('CLS Classification Loss', 0.17584209)
[INFO] 2022-09-12 18:04:27,312 [    train.py:  227]:	('Ner Acc', 0.99689984), ('CLS Classification Acc', 0.962567)
[INFO] 2022-09-12 18:04:42,235 [    train.py:  236]:	Precision 0.000 Recall 0.000 F1 0.000
[INFO] 2022-09-12 18:05:32,617 [    train.py:  184]:	Epoch 81: 
[INFO] 2022-09-12 18:05:32,618 [    train.py:  185]:	Train:
[INFO] 2022-09-12 18:05:32,621 [    train.py:  197]:	Loss 0.2615, ('Ner Loss', 0.019827745854854584),  ('CLS Classification Loss', 0.24170556664466858)
[INFO] 2022-09-12 18:05:32,621 [    train.py:  207]:	('Ner Acc', 0.9961918592453003),  ('CLS Classification Acc', 0.9365822672843933)
[INFO] 2022-09-12 18:05:34,910 [    train.py:  219]:	Evaluate:
[INFO] 2022-09-12 18:05:34,911 [    train.py:  226]:	Loss 0.1854, ('Ner Loss', 0.017424323),  ('CLS Classification Loss', 0.1680202)
[INFO] 2022-09-12 18:05:34,911 [    train.py:  227]:	('Ner Acc', 0.99689984), ('CLS Classification Acc', 0.962567)
[INFO] 2022-09-12 18:05:50,362 [    train.py:  236]:	Precision 0.000 Recall 0.000 F1 0.000
[INFO] 2022-09-12 18:06:41,323 [    train.py:  184]:	Epoch 82: 
[INFO] 2022-09-12 18:06:41,323 [    train.py:  185]:	Train:
[INFO] 2022-09-12 18:06:41,325 [    train.py:  197]:	Loss 0.2596, ('Ner Loss', 0.019721630960702896),  ('CLS Classification Loss', 0.23985300958156586)
[INFO] 2022-09-12 18:06:41,325 [    train.py:  207]:	('Ner Acc', 0.9961918592453003),  ('CLS Classification Acc', 0.9365825057029724)
[INFO] 2022-09-12 18:06:43,612 [    train.py:  219]:	Evaluate:
[INFO] 2022-09-12 18:06:43,613 [    train.py:  226]:	Loss 0.1788, ('Ner Loss', 0.017332796),  ('CLS Classification Loss', 0.16148166)
[INFO] 2022-09-12 18:06:43,613 [    train.py:  227]:	('Ner Acc', 0.99689984), ('CLS Classification Acc', 0.962567)
[INFO] 2022-09-12 18:06:58,747 [    train.py:  236]:	Precision 0.000 Recall 0.000 F1 0.000
[INFO] 2022-09-12 18:07:50,063 [    train.py:  184]:	Epoch 83: 
[INFO] 2022-09-12 18:07:50,063 [    train.py:  185]:	Train:
[INFO] 2022-09-12 18:07:50,066 [    train.py:  197]:	Loss 0.2629, ('Ner Loss', 0.01961733028292656),  ('CLS Classification Loss', 0.2432556450366974)
[INFO] 2022-09-12 18:07:50,066 [    train.py:  207]:	('Ner Acc', 0.9961913824081421),  ('CLS Classification Acc', 0.936582624912262)
[INFO] 2022-09-12 18:07:52,608 [    train.py:  219]:	Evaluate:
[INFO] 2022-09-12 18:07:52,608 [    train.py:  226]:	Loss 0.1850, ('Ner Loss', 0.017182859),  ('CLS Classification Loss', 0.16786067)
[INFO] 2022-09-12 18:07:52,608 [    train.py:  227]:	('Ner Acc', 0.99689984), ('CLS Classification Acc', 0.962567)
[INFO] 2022-09-12 18:08:07,452 [    train.py:  236]:	Precision 0.000 Recall 0.000 F1 0.000
[INFO] 2022-09-12 18:08:58,032 [    train.py:  184]:	Epoch 84: 
[INFO] 2022-09-12 18:08:58,032 [    train.py:  185]:	Train:
[INFO] 2022-09-12 18:08:58,038 [    train.py:  197]:	Loss 0.2604, ('Ner Loss', 0.01950652152299881),  ('CLS Classification Loss', 0.240902841091156)
[INFO] 2022-09-12 18:08:58,038 [    train.py:  207]:	('Ner Acc', 0.9961913824081421),  ('CLS Classification Acc', 0.9365825057029724)
[INFO] 2022-09-12 18:09:00,428 [    train.py:  219]:	Evaluate:
[INFO] 2022-09-12 18:09:00,429 [    train.py:  226]:	Loss 0.2103, ('Ner Loss', 0.017207446),  ('CLS Classification Loss', 0.19312857)
[INFO] 2022-09-12 18:09:00,430 [    train.py:  227]:	('Ner Acc', 0.99689984), ('CLS Classification Acc', 0.962567)
[INFO] 2022-09-12 18:09:16,350 [    train.py:  236]:	Precision 0.000 Recall 0.000 F1 0.000
[INFO] 2022-09-12 18:10:07,098 [    train.py:  184]:	Epoch 85: 
[INFO] 2022-09-12 18:10:07,099 [    train.py:  185]:	Train:
[INFO] 2022-09-12 18:10:07,101 [    train.py:  197]:	Loss 0.2601, ('Ner Loss', 0.019428828731179237),  ('CLS Classification Loss', 0.2406570166349411)
[INFO] 2022-09-12 18:10:07,101 [    train.py:  207]:	('Ner Acc', 0.9961915016174316),  ('CLS Classification Acc', 0.9365822672843933)
[INFO] 2022-09-12 18:10:09,510 [    train.py:  219]:	Evaluate:
[INFO] 2022-09-12 18:10:09,510 [    train.py:  226]:	Loss 0.1780, ('Ner Loss', 0.017069155),  ('CLS Classification Loss', 0.16092615)
[INFO] 2022-09-12 18:10:09,511 [    train.py:  227]:	('Ner Acc', 0.99689984), ('CLS Classification Acc', 0.962567)
[INFO] 2022-09-12 18:10:24,910 [    train.py:  236]:	Precision 0.000 Recall 0.000 F1 0.000
[INFO] 2022-09-12 18:11:15,194 [    train.py:  184]:	Epoch 86: 
[INFO] 2022-09-12 18:11:15,195 [    train.py:  185]:	Train:
[INFO] 2022-09-12 18:11:15,197 [    train.py:  197]:	Loss 0.2605, ('Ner Loss', 0.019328320398926735),  ('CLS Classification Loss', 0.24120080471038818)
[INFO] 2022-09-12 18:11:15,198 [    train.py:  207]:	('Ner Acc', 0.9961915016174316),  ('CLS Classification Acc', 0.9365823864936829)
[INFO] 2022-09-12 18:11:17,719 [    train.py:  219]:	Evaluate:
[INFO] 2022-09-12 18:11:17,719 [    train.py:  226]:	Loss 0.1766, ('Ner Loss', 0.016811792),  ('CLS Classification Loss', 0.1597476)
[INFO] 2022-09-12 18:11:17,719 [    train.py:  227]:	('Ner Acc', 0.99689984), ('CLS Classification Acc', 0.962567)
[INFO] 2022-09-12 18:11:33,527 [    train.py:  236]:	Precision 0.000 Recall 0.000 F1 0.000
[INFO] 2022-09-12 18:12:24,972 [    train.py:  184]:	Epoch 87: 
[INFO] 2022-09-12 18:12:24,972 [    train.py:  185]:	Train:
[INFO] 2022-09-12 18:12:24,993 [    train.py:  197]:	Loss 0.2610, ('Ner Loss', 0.019249949604272842),  ('CLS Classification Loss', 0.2417728751897812)
[INFO] 2022-09-12 18:12:24,993 [    train.py:  207]:	('Ner Acc', 0.9961919784545898),  ('CLS Classification Acc', 0.9365822672843933)
[INFO] 2022-09-12 18:12:27,216 [    train.py:  219]:	Evaluate:
[INFO] 2022-09-12 18:12:27,216 [    train.py:  226]:	Loss 0.2112, ('Ner Loss', 0.017029023),  ('CLS Classification Loss', 0.19417648)
[INFO] 2022-09-12 18:12:27,216 [    train.py:  227]:	('Ner Acc', 0.99689984), ('CLS Classification Acc', 0.962567)
[INFO] 2022-09-12 18:12:42,914 [    train.py:  236]:	Precision 0.000 Recall 0.000 F1 0.000
[INFO] 2022-09-12 18:13:34,398 [    train.py:  184]:	Epoch 88: 
[INFO] 2022-09-12 18:13:34,398 [    train.py:  185]:	Train:
[INFO] 2022-09-12 18:13:34,401 [    train.py:  197]:	Loss 0.2607, ('Ner Loss', 0.019167236983776093),  ('CLS Classification Loss', 0.24153785407543182)
[INFO] 2022-09-12 18:13:34,401 [    train.py:  207]:	('Ner Acc', 0.9961916208267212),  ('CLS Classification Acc', 0.9365823864936829)
[INFO] 2022-09-12 18:13:36,713 [    train.py:  219]:	Evaluate:
[INFO] 2022-09-12 18:13:36,713 [    train.py:  226]:	Loss 0.1863, ('Ner Loss', 0.016601061),  ('CLS Classification Loss', 0.16965377)
[INFO] 2022-09-12 18:13:36,713 [    train.py:  227]:	('Ner Acc', 0.99689984), ('CLS Classification Acc', 0.962567)
[INFO] 2022-09-12 18:13:52,045 [    train.py:  236]:	Precision 0.000 Recall 0.000 F1 0.000
[INFO] 2022-09-12 18:14:43,298 [    train.py:  184]:	Epoch 89: 
[INFO] 2022-09-12 18:14:43,298 [    train.py:  185]:	Train:
[INFO] 2022-09-12 18:14:43,301 [    train.py:  197]:	Loss 0.2585, ('Ner Loss', 0.019056614488363266),  ('CLS Classification Loss', 0.23944811522960663)
[INFO] 2022-09-12 18:14:43,301 [    train.py:  207]:	('Ner Acc', 0.9961918592453003),  ('CLS Classification Acc', 0.936582624912262)
[INFO] 2022-09-12 18:14:45,715 [    train.py:  219]:	Evaluate:
[INFO] 2022-09-12 18:14:45,715 [    train.py:  226]:	Loss 0.1829, ('Ner Loss', 0.016729413),  ('CLS Classification Loss', 0.1662068)
[INFO] 2022-09-12 18:14:45,715 [    train.py:  227]:	('Ner Acc', 0.99689984), ('CLS Classification Acc', 0.962567)
[INFO] 2022-09-12 18:15:01,515 [    train.py:  236]:	Precision 0.000 Recall 0.000 F1 0.000
[INFO] 2022-09-12 18:15:53,104 [    train.py:  184]:	Epoch 90: 
[INFO] 2022-09-12 18:15:53,105 [    train.py:  185]:	Train:
[INFO] 2022-09-12 18:15:53,107 [    train.py:  197]:	Loss 0.2592, ('Ner Loss', 0.01899527572095394),  ('CLS Classification Loss', 0.24022674560546875)
[INFO] 2022-09-12 18:15:53,107 [    train.py:  207]:	('Ner Acc', 0.9961915016174316),  ('CLS Classification Acc', 0.9365825057029724)
[INFO] 2022-09-12 18:15:55,609 [    train.py:  219]:	Evaluate:
[INFO] 2022-09-12 18:15:55,610 [    train.py:  226]:	Loss 0.1892, ('Ner Loss', 0.016650088),  ('CLS Classification Loss', 0.17259058)
[INFO] 2022-09-12 18:15:55,610 [    train.py:  227]:	('Ner Acc', 0.99689984), ('CLS Classification Acc', 0.962567)
[INFO] 2022-09-12 18:16:10,809 [    train.py:  236]:	Precision 0.000 Recall 0.000 F1 0.000
[INFO] 2022-09-12 18:17:01,834 [    train.py:  184]:	Epoch 91: 
[INFO] 2022-09-12 18:17:01,835 [    train.py:  185]:	Train:
[INFO] 2022-09-12 18:17:01,839 [    train.py:  197]:	Loss 0.2602, ('Ner Loss', 0.018924802541732788),  ('CLS Classification Loss', 0.241252139210701)
[INFO] 2022-09-12 18:17:01,840 [    train.py:  207]:	('Ner Acc', 0.9961916208267212),  ('CLS Classification Acc', 0.9365822076797485)
[INFO] 2022-09-12 18:17:04,218 [    train.py:  219]:	Evaluate:
[INFO] 2022-09-12 18:17:04,218 [    train.py:  226]:	Loss 0.1766, ('Ner Loss', 0.016868295),  ('CLS Classification Loss', 0.15969844)
[INFO] 2022-09-12 18:17:04,218 [    train.py:  227]:	('Ner Acc', 0.99689984), ('CLS Classification Acc', 0.962567)
[INFO] 2022-09-12 18:17:19,835 [    train.py:  236]:	Precision 0.000 Recall 0.000 F1 0.000
[INFO] 2022-09-12 18:18:11,450 [    train.py:  184]:	Epoch 92: 
[INFO] 2022-09-12 18:18:11,451 [    train.py:  185]:	Train:
[INFO] 2022-09-12 18:18:11,454 [    train.py:  197]:	Loss 0.2620, ('Ner Loss', 0.018793346360325813),  ('CLS Classification Loss', 0.24317403137683868)
[INFO] 2022-09-12 18:18:11,454 [    train.py:  207]:	('Ner Acc', 0.9961918592453003),  ('CLS Classification Acc', 0.9365822672843933)
[INFO] 2022-09-12 18:18:13,816 [    train.py:  219]:	Evaluate:
[INFO] 2022-09-12 18:18:13,817 [    train.py:  226]:	Loss 0.1993, ('Ner Loss', 0.016481347),  ('CLS Classification Loss', 0.18283212)
[INFO] 2022-09-12 18:18:13,817 [    train.py:  227]:	('Ner Acc', 0.99689984), ('CLS Classification Acc', 0.962567)
[INFO] 2022-09-12 18:18:29,553 [    train.py:  236]:	Precision 0.000 Recall 0.000 F1 0.000
[INFO] 2022-09-12 18:19:20,559 [    train.py:  184]:	Epoch 93: 
[INFO] 2022-09-12 18:19:20,559 [    train.py:  185]:	Train:
[INFO] 2022-09-12 18:19:20,562 [    train.py:  197]:	Loss 0.2603, ('Ner Loss', 0.018745332956314087),  ('CLS Classification Loss', 0.24153807759284973)
[INFO] 2022-09-12 18:19:20,562 [    train.py:  207]:	('Ner Acc', 0.9961913824081421),  ('CLS Classification Acc', 0.9365823864936829)
[INFO] 2022-09-12 18:19:22,811 [    train.py:  219]:	Evaluate:
[INFO] 2022-09-12 18:19:22,811 [    train.py:  226]:	Loss 0.1866, ('Ner Loss', 0.016375),  ('CLS Classification Loss', 0.17018004)
[INFO] 2022-09-12 18:19:22,811 [    train.py:  227]:	('Ner Acc', 0.99689984), ('CLS Classification Acc', 0.962567)
[INFO] 2022-09-12 18:19:38,910 [    train.py:  236]:	Precision 0.000 Recall 0.000 F1 0.000
[INFO] 2022-09-12 18:20:30,249 [    train.py:  184]:	Epoch 94: 
[INFO] 2022-09-12 18:20:30,249 [    train.py:  185]:	Train:
[INFO] 2022-09-12 18:20:30,277 [    train.py:  197]:	Loss 0.2606, ('Ner Loss', 0.018664270639419556),  ('CLS Classification Loss', 0.241923525929451)
[INFO] 2022-09-12 18:20:30,277 [    train.py:  207]:	('Ner Acc', 0.9961917400360107),  ('CLS Classification Acc', 0.9365823864936829)
[INFO] 2022-09-12 18:20:32,514 [    train.py:  219]:	Evaluate:
[INFO] 2022-09-12 18:20:32,514 [    train.py:  226]:	Loss 0.1867, ('Ner Loss', 0.016763356),  ('CLS Classification Loss', 0.16992754)
[INFO] 2022-09-12 18:20:32,514 [    train.py:  227]:	('Ner Acc', 0.99689984), ('CLS Classification Acc', 0.962567)
[INFO] 2022-09-12 18:20:48,214 [    train.py:  236]:	Precision 0.000 Recall 0.000 F1 0.000
[INFO] 2022-09-12 18:21:39,703 [    train.py:  184]:	Epoch 95: 
[INFO] 2022-09-12 18:21:39,704 [    train.py:  185]:	Train:
[INFO] 2022-09-12 18:21:39,707 [    train.py:  197]:	Loss 0.2580, ('Ner Loss', 0.018627800047397614),  ('CLS Classification Loss', 0.2393432855606079)
[INFO] 2022-09-12 18:21:39,707 [    train.py:  207]:	('Ner Acc', 0.9961916208267212),  ('CLS Classification Acc', 0.9365825057029724)
[INFO] 2022-09-12 18:21:42,115 [    train.py:  219]:	Evaluate:
[INFO] 2022-09-12 18:21:42,116 [    train.py:  226]:	Loss 0.1786, ('Ner Loss', 0.016299699),  ('CLS Classification Loss', 0.16227229)
[INFO] 2022-09-12 18:21:42,116 [    train.py:  227]:	('Ner Acc', 0.99689984), ('CLS Classification Acc', 0.962567)
[INFO] 2022-09-12 18:21:57,549 [    train.py:  236]:	Precision 0.000 Recall 0.000 F1 0.000
[INFO] 2022-09-12 18:22:49,536 [    train.py:  184]:	Epoch 96: 
[INFO] 2022-09-12 18:22:49,537 [    train.py:  185]:	Train:
[INFO] 2022-09-12 18:22:49,539 [    train.py:  197]:	Loss 0.2584, ('Ner Loss', 0.01851203665137291),  ('CLS Classification Loss', 0.2398843765258789)
[INFO] 2022-09-12 18:22:49,539 [    train.py:  207]:	('Ner Acc', 0.9961918592453003),  ('CLS Classification Acc', 0.9365825057029724)
[INFO] 2022-09-12 18:22:52,017 [    train.py:  219]:	Evaluate:
[INFO] 2022-09-12 18:22:52,017 [    train.py:  226]:	Loss 0.1824, ('Ner Loss', 0.016278371),  ('CLS Classification Loss', 0.16613868)
[INFO] 2022-09-12 18:22:52,017 [    train.py:  227]:	('Ner Acc', 0.99689984), ('CLS Classification Acc', 0.962567)
[INFO] 2022-09-12 18:23:07,544 [    train.py:  236]:	Precision 0.000 Recall 0.000 F1 0.000
[INFO] 2022-09-12 18:23:58,487 [    train.py:  184]:	Epoch 97: 
[INFO] 2022-09-12 18:23:58,487 [    train.py:  185]:	Train:
[INFO] 2022-09-12 18:23:58,490 [    train.py:  197]:	Loss 0.2586, ('Ner Loss', 0.018464669585227966),  ('CLS Classification Loss', 0.24011434614658356)
[INFO] 2022-09-12 18:23:58,490 [    train.py:  207]:	('Ner Acc', 0.9961916208267212),  ('CLS Classification Acc', 0.9365823864936829)
[INFO] 2022-09-12 18:24:01,008 [    train.py:  219]:	Evaluate:
[INFO] 2022-09-12 18:24:01,008 [    train.py:  226]:	Loss 0.1918, ('Ner Loss', 0.016280288),  ('CLS Classification Loss', 0.17547978)
[INFO] 2022-09-12 18:24:01,008 [    train.py:  227]:	('Ner Acc', 0.99689984), ('CLS Classification Acc', 0.962567)
[INFO] 2022-09-12 18:24:16,338 [    train.py:  236]:	Precision 0.000 Recall 0.000 F1 0.000
[INFO] 2022-09-12 18:25:07,200 [    train.py:  184]:	Epoch 98: 
[INFO] 2022-09-12 18:25:07,200 [    train.py:  185]:	Train:
[INFO] 2022-09-12 18:25:07,203 [    train.py:  197]:	Loss 0.2593, ('Ner Loss', 0.018394410610198975),  ('CLS Classification Loss', 0.2409508228302002)
[INFO] 2022-09-12 18:25:07,203 [    train.py:  207]:	('Ner Acc', 0.9961917400360107),  ('CLS Classification Acc', 0.9365825057029724)
[INFO] 2022-09-12 18:25:09,518 [    train.py:  219]:	Evaluate:
[INFO] 2022-09-12 18:25:09,518 [    train.py:  226]:	Loss 0.1779, ('Ner Loss', 0.016198967),  ('CLS Classification Loss', 0.16171296)
[INFO] 2022-09-12 18:25:09,519 [    train.py:  227]:	('Ner Acc', 0.99689984), ('CLS Classification Acc', 0.962567)
[INFO] 2022-09-12 18:25:24,655 [    train.py:  236]:	Precision 0.000 Recall 0.000 F1 0.000
[INFO] 2022-09-12 18:26:16,344 [    train.py:  184]:	Epoch 99: 
[INFO] 2022-09-12 18:26:16,345 [    train.py:  185]:	Train:
[INFO] 2022-09-12 18:26:16,347 [    train.py:  197]:	Loss 0.2591, ('Ner Loss', 0.018333761021494865),  ('CLS Classification Loss', 0.24073295295238495)
[INFO] 2022-09-12 18:26:16,347 [    train.py:  207]:	('Ner Acc', 0.9961917400360107),  ('CLS Classification Acc', 0.9365822672843933)
[INFO] 2022-09-12 18:26:18,814 [    train.py:  219]:	Evaluate:
[INFO] 2022-09-12 18:26:18,814 [    train.py:  226]:	Loss 0.1776, ('Ner Loss', 0.016202973),  ('CLS Classification Loss', 0.16140445)
[INFO] 2022-09-12 18:26:18,814 [    train.py:  227]:	('Ner Acc', 0.99689984), ('CLS Classification Acc', 0.962567)
[INFO] 2022-09-12 18:26:34,364 [    train.py:  236]:	Precision 0.000 Recall 0.000 F1 0.000
[INFO] 2022-09-12 18:27:25,915 [    train.py:  184]:	Epoch 100: 
[INFO] 2022-09-12 18:27:25,916 [    train.py:  185]:	Train:
[INFO] 2022-09-12 18:27:25,919 [    train.py:  197]:	Loss 0.2580, ('Ner Loss', 0.018268490210175514),  ('CLS Classification Loss', 0.2397468090057373)
[INFO] 2022-09-12 18:27:25,919 [    train.py:  207]:	('Ner Acc', 0.9961913824081421),  ('CLS Classification Acc', 0.936582624912262)
[INFO] 2022-09-12 18:27:28,206 [    train.py:  219]:	Evaluate:
[INFO] 2022-09-12 18:27:28,206 [    train.py:  226]:	Loss 0.1897, ('Ner Loss', 0.01595144),  ('CLS Classification Loss', 0.17377266)
[INFO] 2022-09-12 18:27:28,207 [    train.py:  227]:	('Ner Acc', 0.99689984), ('CLS Classification Acc', 0.962567)
[INFO] 2022-09-12 18:27:43,715 [    train.py:  236]:	Precision 0.000 Recall 0.000 F1 0.000
[INFO] 2022-09-12 18:27:43,715 [    train.py:  256]:	Best Epoch 100; Best f1 0 precision 0 recall 0.0;
