[INFO] 2022-10-05 10:49:42,054 [    train.py:  524]:	Namespace(block_att_head_num=1, cased=0, d_block=0, data_aug=2, dataset='res15', decay_rate=0.9, decay_steps=3000, do_test=True, do_train=True, do_valid=True, drop_null_data=True, dropout_rate=0.3, epochs=100, extra_attention=True, fuse_strategy='gate', hot_attention=False, init_model_dir='', language='en', loss_ratio=1.0, lr=2e-05, mask_sb=True, model_type='end_to_end', output_dir='./output', save_dir='', schema='BIO', task_name='ttee_res15_100epoch_0d_2aug_2e-5lr_3000_0.9_schedule_0cased_gate_0.3dropout_dropnull_1loss_BIO', test_batch_size=32, train_batch_size=16, valid_freq=1)
[INFO] 2022-10-05 10:49:53,543 [    train.py:  123]:	{'init_bert_model': 'bert-base-uncased', 'sentence_b': DictWrapper({'texts': ListWrapper(['general of ambience', 'price of drinks', 'quality of drinks', 'style options of drinks', 'prices of food', 'quality of food', 'style options of food', 'general of location', 'general of restaurant', 'miscellaneous of restaurant', 'prices of restaurant', 'general of service']), 'sentiments': ListWrapper(['negative', 'neutral', 'positive'])}), 'num_sentiment_classes': 3, 'subblock_hidden_size': 0, 'subblock_head_num': 1, 'cache_dir': 'bert_models/bert-base-uncased', 'fuse_strategy': 'gate', 'tagging_schema': 'BIO', 'extra_attention': True, 'hot_attention': False, 'dropout': 0.3, 'loss_ratio': 1.0}
[INFO] 2022-10-05 10:49:53,543 [    train.py:  125]:	Number of Train Sentence: 1120
[INFO] 2022-10-05 10:49:53,553 [    train.py:  541]:	Data augment: Merge 2 train data together
[INFO] 2022-10-05 10:51:08,842 [    train.py:  217]:	Epoch 1 Train: Loss 0.3743, ('Ner Loss', 0.11993303149938583),  ('CLS Classification Loss', 0.2544005215167999), ('Ner Acc', 0.9796285629272461),  ('CLS Classification Acc', 0.9322296977043152)
[INFO] 2022-10-05 10:51:14,325 [    train.py:  237]:	Epoch 1 Valid: Loss 0.1797, ('Ner Loss', 0.020301105),  ('CLS Classification Loss', 0.1594343), ('Ner Acc', 0.9971178),  ('CLS Classification Acc', 0.962567)
[INFO] 2022-10-05 10:51:25,781 [    train.py:  246]:	Epoch 1 Test: Precision 0.000 Recall 0.000 F1 0.000
[INFO] 2022-10-05 10:52:09,028 [    train.py:  217]:	Epoch 2 Train: Loss 0.2730, ('Ner Loss', 0.08119088411331177),  ('CLS Classification Loss', 0.19179168343544006), ('Ner Acc', 0.9912658929824829),  ('CLS Classification Acc', 0.9362723231315613)
[INFO] 2022-10-05 10:52:11,563 [    train.py:  237]:	Epoch 2 Valid: Loss 0.1556, ('Ner Loss', 0.016172161),  ('CLS Classification Loss', 0.13941395), ('Ner Acc', 0.9971178),  ('CLS Classification Acc', 0.9625214)
[INFO] 2022-10-05 10:52:20,049 [    train.py:  246]:	Epoch 2 Test: Precision 0.044 Recall 0.006 F1 0.010
[INFO] 2022-10-05 10:53:03,854 [    train.py:  217]:	Epoch 3 Train: Loss 0.2519, ('Ner Loss', 0.07716871798038483),  ('CLS Classification Loss', 0.17477677762508392), ('Ner Acc', 0.9912106990814209),  ('CLS Classification Acc', 0.9392980337142944)
[INFO] 2022-10-05 10:53:06,378 [    train.py:  237]:	Epoch 3 Valid: Loss 0.1429, ('Ner Loss', 0.0150618),  ('CLS Classification Loss', 0.12785152), ('Ner Acc', 0.9971178),  ('CLS Classification Acc', 0.9636635)
[INFO] 2022-10-05 10:53:15,114 [    train.py:  246]:	Epoch 3 Test: Precision 0.052 Recall 0.004 F1 0.007
[INFO] 2022-10-05 10:53:58,260 [    train.py:  217]:	Epoch 4 Train: Loss 0.2370, ('Ner Loss', 0.07455471903085709),  ('CLS Classification Loss', 0.16243992745876312), ('Ner Acc', 0.9910745620727539),  ('CLS Classification Acc', 0.9427700638771057)
[INFO] 2022-10-05 10:54:00,804 [    train.py:  237]:	Epoch 4 Valid: Loss 0.1313, ('Ner Loss', 0.012764577),  ('CLS Classification Loss', 0.11856803), ('Ner Acc', 0.9972882),  ('CLS Classification Acc', 0.96512544)
[INFO] 2022-10-05 10:54:09,199 [    train.py:  246]:	Epoch 4 Test: Precision 0.212 Recall 0.043 F1 0.071
[INFO] 2022-10-05 10:54:52,448 [    train.py:  217]:	Epoch 5 Train: Loss 0.2179, ('Ner Loss', 0.07235122472047806),  ('CLS Classification Loss', 0.14558495581150055), ('Ner Acc', 0.9910674095153809),  ('CLS Classification Acc', 0.947346031665802)
[INFO] 2022-10-05 10:54:54,966 [    train.py:  237]:	Epoch 5 Valid: Loss 0.1241, ('Ner Loss', 0.012457151),  ('CLS Classification Loss', 0.11167919), ('Ner Acc', 0.9974324),  ('CLS Classification Acc', 0.9669073)
[INFO] 2022-10-05 10:55:03,243 [    train.py:  246]:	Epoch 5 Test: Precision 0.376 Recall 0.076 F1 0.126
[INFO] 2022-10-05 10:55:46,394 [    train.py:  217]:	Epoch 6 Train: Loss 0.2043, ('Ner Loss', 0.07048892974853516),  ('CLS Classification Loss', 0.1337849199771881), ('Ner Acc', 0.9910063743591309),  ('CLS Classification Acc', 0.9512895941734314)
[INFO] 2022-10-05 10:55:48,932 [    train.py:  237]:	Epoch 6 Valid: Loss 0.1088, ('Ner Loss', 0.0109557295),  ('CLS Classification Loss', 0.09785213), ('Ner Acc', 0.9975356),  ('CLS Classification Acc', 0.9680799)
[INFO] 2022-10-05 10:55:57,483 [    train.py:  246]:	Epoch 6 Test: Precision 0.362 Recall 0.172 F1 0.233
[INFO] 2022-10-05 10:56:40,640 [    train.py:  217]:	Epoch 7 Train: Loss 0.1906, ('Ner Loss', 0.06865385919809341),  ('CLS Classification Loss', 0.12190404534339905), ('Ner Acc', 0.9914032816886902),  ('CLS Classification Acc', 0.954253613948822)
[INFO] 2022-10-05 10:56:43,149 [    train.py:  237]:	Epoch 7 Valid: Loss 0.1099, ('Ner Loss', 0.010582621),  ('CLS Classification Loss', 0.099329785), ('Ner Acc', 0.9976048),  ('CLS Classification Acc', 0.96780574)
[INFO] 2022-10-05 10:56:51,472 [    train.py:  246]:	Epoch 7 Test: Precision 0.348 Recall 0.224 F1 0.272
[INFO] 2022-10-05 10:57:34,836 [    train.py:  217]:	Epoch 8 Train: Loss 0.1787, ('Ner Loss', 0.06715817004442215),  ('CLS Classification Loss', 0.111532062292099), ('Ner Acc', 0.9914070963859558),  ('CLS Classification Acc', 0.9585317373275757)
[INFO] 2022-10-05 10:57:37,351 [    train.py:  237]:	Epoch 8 Valid: Loss 0.1032, ('Ner Loss', 0.010085609),  ('CLS Classification Loss', 0.09315217), ('Ner Acc', 0.9976948),  ('CLS Classification Acc', 0.970806)
[INFO] 2022-10-05 10:57:45,757 [    train.py:  246]:	Epoch 8 Test: Precision 0.414 Recall 0.232 F1 0.297
[INFO] 2022-10-05 10:58:28,891 [    train.py:  217]:	Epoch 9 Train: Loss 0.1639, ('Ner Loss', 0.06540912389755249),  ('CLS Classification Loss', 0.09849651902914047), ('Ner Acc', 0.9916597604751587),  ('CLS Classification Acc', 0.9633684158325195)
[INFO] 2022-10-05 10:58:31,414 [    train.py:  237]:	Epoch 9 Valid: Loss 0.0967, ('Ner Loss', 0.010208714),  ('CLS Classification Loss', 0.086522005), ('Ner Acc', 0.99767524),  ('CLS Classification Acc', 0.97255737)
[INFO] 2022-10-05 10:58:39,819 [    train.py:  246]:	Epoch 9 Test: Precision 0.424 Recall 0.221 F1 0.291
[INFO] 2022-10-05 10:59:23,039 [    train.py:  217]:	Epoch 10 Train: Loss 0.1517, ('Ner Loss', 0.06402092427015305),  ('CLS Classification Loss', 0.08763816207647324), ('Ner Acc', 0.9924272894859314),  ('CLS Classification Acc', 0.967088520526886)
[INFO] 2022-10-05 10:59:25,566 [    train.py:  237]:	Epoch 10 Valid: Loss 0.0970, ('Ner Loss', 0.009277752),  ('CLS Classification Loss', 0.087692834), ('Ner Acc', 0.9977417),  ('CLS Classification Acc', 0.9730597)
[INFO] 2022-10-05 10:59:34,375 [    train.py:  246]:	Epoch 10 Test: Precision 0.422 Recall 0.329 F1 0.370
[INFO] 2022-10-05 11:00:17,662 [    train.py:  217]:	Epoch 11 Train: Loss 0.1385, ('Ner Loss', 0.062232840806245804),  ('CLS Classification Loss', 0.07629375904798508), ('Ner Acc', 0.9929307103157043),  ('CLS Classification Acc', 0.971391499042511)
[INFO] 2022-10-05 11:00:20,190 [    train.py:  237]:	Epoch 11 Valid: Loss 0.0972, ('Ner Loss', 0.009054464),  ('CLS Classification Loss', 0.08816039), ('Ner Acc', 0.9978981),  ('CLS Classification Acc', 0.97286195)
[INFO] 2022-10-05 11:00:28,539 [    train.py:  246]:	Epoch 11 Test: Precision 0.462 Recall 0.322 F1 0.379
[INFO] 2022-10-05 11:01:11,637 [    train.py:  217]:	Epoch 12 Train: Loss 0.1233, ('Ner Loss', 0.061041709035634995),  ('CLS Classification Loss', 0.06221960112452507), ('Ner Acc', 0.9930751323699951),  ('CLS Classification Acc', 0.9765126705169678)
[INFO] 2022-10-05 11:01:14,155 [    train.py:  237]:	Epoch 12 Valid: Loss 0.0939, ('Ner Loss', 0.00851417),  ('CLS Classification Loss', 0.0854347), ('Ner Acc', 0.99794596),  ('CLS Classification Acc', 0.9755726)
[INFO] 2022-10-05 11:01:22,859 [    train.py:  246]:	Epoch 12 Test: Precision 0.474 Recall 0.424 F1 0.447
[INFO] 2022-10-05 11:02:06,337 [    train.py:  217]:	Epoch 13 Train: Loss 0.1045, ('Ner Loss', 0.05961267650127411),  ('CLS Classification Loss', 0.044916510581970215), ('Ner Acc', 0.9933754801750183),  ('CLS Classification Acc', 0.9826881289482117)
[INFO] 2022-10-05 11:02:08,836 [    train.py:  237]:	Epoch 13 Valid: Loss 0.1226, ('Ner Loss', 0.0098538725),  ('CLS Classification Loss', 0.112701476), ('Ner Acc', 0.99791616),  ('CLS Classification Acc', 0.9705165)
[INFO] 2022-10-05 11:02:17,300 [    train.py:  246]:	Epoch 13 Test: Precision 0.422 Recall 0.470 F1 0.445
[INFO] 2022-10-05 11:03:00,424 [    train.py:  217]:	Epoch 14 Train: Loss 0.0904, ('Ner Loss', 0.05846017971634865),  ('CLS Classification Loss', 0.031890664249658585), ('Ner Acc', 0.9935776591300964),  ('CLS Classification Acc', 0.9880951046943665)
[INFO] 2022-10-05 11:03:02,925 [    train.py:  237]:	Epoch 14 Valid: Loss 0.1287, ('Ner Loss', 0.00941752),  ('CLS Classification Loss', 0.11930038), ('Ner Acc', 0.9978745),  ('CLS Classification Acc', 0.97523767)
[INFO] 2022-10-05 11:03:11,218 [    train.py:  246]:	Epoch 14 Test: Precision 0.494 Recall 0.425 F1 0.457
[INFO] 2022-10-05 11:03:54,226 [    train.py:  217]:	Epoch 15 Train: Loss 0.0791, ('Ner Loss', 0.057158082723617554),  ('CLS Classification Loss', 0.0219563115388155), ('Ner Acc', 0.993712842464447),  ('CLS Classification Acc', 0.9922244548797607)
[INFO] 2022-10-05 11:03:56,710 [    train.py:  237]:	Epoch 15 Valid: Loss 0.1426, ('Ner Loss', 0.009404487),  ('CLS Classification Loss', 0.13315985), ('Ner Acc', 0.99791086),  ('CLS Classification Acc', 0.9705774)
[INFO] 2022-10-05 11:04:05,069 [    train.py:  246]:	Epoch 15 Test: Precision 0.419 Recall 0.501 F1 0.456
[INFO] 2022-10-05 11:04:48,292 [    train.py:  217]:	Epoch 16 Train: Loss 0.0733, ('Ner Loss', 0.05614766478538513),  ('CLS Classification Loss', 0.01714862883090973), ('Ner Acc', 0.9940739274024963),  ('CLS Classification Acc', 0.9938613772392273)
[INFO] 2022-10-05 11:04:50,768 [    train.py:  237]:	Epoch 16 Valid: Loss 0.1467, ('Ner Loss', 0.010044523),  ('CLS Classification Loss', 0.13663323), ('Ner Acc', 0.997948),  ('CLS Classification Acc', 0.9763035)
[INFO] 2022-10-05 11:04:59,031 [    train.py:  246]:	Epoch 16 Test: Precision 0.483 Recall 0.493 F1 0.488
[INFO] 2022-10-05 11:05:42,030 [    train.py:  217]:	Epoch 17 Train: Loss 0.0676, ('Ner Loss', 0.05512307211756706),  ('CLS Classification Loss', 0.012491028755903244), ('Ner Acc', 0.9941588044166565),  ('CLS Classification Acc', 0.9954607486724854)
[INFO] 2022-10-05 11:05:44,537 [    train.py:  237]:	Epoch 17 Valid: Loss 0.1449, ('Ner Loss', 0.009589872),  ('CLS Classification Loss', 0.13526064), ('Ner Acc', 0.99808943),  ('CLS Classification Acc', 0.9757858)
[INFO] 2022-10-05 11:05:52,888 [    train.py:  246]:	Epoch 17 Test: Precision 0.497 Recall 0.523 F1 0.510
[INFO] 2022-10-05 11:06:36,112 [    train.py:  217]:	Epoch 18 Train: Loss 0.0624, ('Ner Loss', 0.054179005324840546),  ('CLS Classification Loss', 0.008233661763370037), ('Ner Acc', 0.9943681955337524),  ('CLS Classification Acc', 0.997221827507019)
[INFO] 2022-10-05 11:06:38,615 [    train.py:  237]:	Epoch 18 Valid: Loss 0.1560, ('Ner Loss', 0.010135182),  ('CLS Classification Loss', 0.14587788), ('Ner Acc', 0.99799776),  ('CLS Classification Acc', 0.9759533)
[INFO] 2022-10-05 11:06:46,903 [    train.py:  246]:	Epoch 18 Test: Precision 0.507 Recall 0.495 F1 0.501
[INFO] 2022-10-05 11:07:30,139 [    train.py:  217]:	Epoch 19 Train: Loss 0.0597, ('Ner Loss', 0.053491249680519104),  ('CLS Classification Loss', 0.006211422849446535), ('Ner Acc', 0.9946061372756958),  ('CLS Classification Acc', 0.9978542923927307)
[INFO] 2022-10-05 11:07:32,620 [    train.py:  237]:	Epoch 19 Valid: Loss 0.1692, ('Ner Loss', 0.010093672),  ('CLS Classification Loss', 0.15915106), ('Ner Acc', 0.99802035),  ('CLS Classification Acc', 0.9777656)
[INFO] 2022-10-05 11:07:41,114 [    train.py:  246]:	Epoch 19 Test: Precision 0.556 Recall 0.502 F1 0.527
[INFO] 2022-10-05 11:08:24,378 [    train.py:  217]:	Epoch 20 Train: Loss 0.0574, ('Ner Loss', 0.05266963317990303),  ('CLS Classification Loss', 0.004695968236774206), ('Ner Acc', 0.9946832060813904),  ('CLS Classification Acc', 0.998350203037262)
[INFO] 2022-10-05 11:08:26,901 [    train.py:  237]:	Epoch 20 Valid: Loss 0.1874, ('Ner Loss', 0.010810901),  ('CLS Classification Loss', 0.17655335), ('Ner Acc', 0.99790853),  ('CLS Classification Acc', 0.9735776)
[INFO] 2022-10-05 11:08:35,402 [    train.py:  246]:	Epoch 20 Test: Precision 0.478 Recall 0.542 F1 0.508
[INFO] 2022-10-05 11:09:18,661 [    train.py:  217]:	Epoch 21 Train: Loss 0.0565, ('Ner Loss', 0.05199659615755081),  ('CLS Classification Loss', 0.004534776322543621), ('Ner Acc', 0.9948739409446716),  ('CLS Classification Acc', 0.9985235929489136)
[INFO] 2022-10-05 11:09:21,157 [    train.py:  237]:	Epoch 21 Valid: Loss 0.1658, ('Ner Loss', 0.0104525415),  ('CLS Classification Loss', 0.1553735), ('Ner Acc', 0.998081),  ('CLS Classification Acc', 0.97688234)
[INFO] 2022-10-05 11:09:29,628 [    train.py:  246]:	Epoch 21 Test: Precision 0.525 Recall 0.515 F1 0.520
[INFO] 2022-10-05 11:10:13,051 [    train.py:  217]:	Epoch 22 Train: Loss 0.0553, ('Ner Loss', 0.05163063853979111),  ('CLS Classification Loss', 0.003693808801472187), ('Ner Acc', 0.9949449896812439),  ('CLS Classification Acc', 0.998858630657196)
[INFO] 2022-10-05 11:10:15,572 [    train.py:  237]:	Epoch 22 Valid: Loss 0.1813, ('Ner Loss', 0.010564984),  ('CLS Classification Loss', 0.17071503), ('Ner Acc', 0.9979948),  ('CLS Classification Acc', 0.97540504)
[INFO] 2022-10-05 11:10:23,998 [    train.py:  246]:	Epoch 22 Test: Precision 0.501 Recall 0.549 F1 0.524
[INFO] 2022-10-05 11:11:07,186 [    train.py:  217]:	Epoch 23 Train: Loss 0.0535, ('Ner Loss', 0.050758179277181625),  ('CLS Classification Loss', 0.00274925259873271), ('Ner Acc', 0.9949452877044678),  ('CLS Classification Acc', 0.9991068243980408)
[INFO] 2022-10-05 11:11:09,709 [    train.py:  237]:	Epoch 23 Valid: Loss 0.1811, ('Ner Loss', 0.010507452),  ('CLS Classification Loss', 0.17060591), ('Ner Acc', 0.998029),  ('CLS Classification Acc', 0.97634935)
[INFO] 2022-10-05 11:11:18,253 [    train.py:  246]:	Epoch 23 Test: Precision 0.521 Recall 0.540 F1 0.530
[INFO] 2022-10-05 11:12:01,765 [    train.py:  217]:	Epoch 24 Train: Loss 0.0525, ('Ner Loss', 0.050236064940690994),  ('CLS Classification Loss', 0.002312609925866127), ('Ner Acc', 0.9950900673866272),  ('CLS Classification Acc', 0.9992679953575134)
[INFO] 2022-10-05 11:12:04,254 [    train.py:  237]:	Epoch 24 Valid: Loss 0.1939, ('Ner Loss', 0.011202477),  ('CLS Classification Loss', 0.18265232), ('Ner Acc', 0.99809706),  ('CLS Classification Acc', 0.97645587)
[INFO] 2022-10-05 11:12:12,732 [    train.py:  246]:	Epoch 24 Test: Precision 0.520 Recall 0.529 F1 0.524
[INFO] 2022-10-05 11:12:56,065 [    train.py:  217]:	Epoch 25 Train: Loss 0.0517, ('Ner Loss', 0.049763452261686325),  ('CLS Classification Loss', 0.001918519614264369), ('Ner Acc', 0.9950969219207764),  ('CLS Classification Acc', 0.9994044899940491)
[INFO] 2022-10-05 11:12:58,574 [    train.py:  237]:	Epoch 25 Valid: Loss 0.1953, ('Ner Loss', 0.011269346),  ('CLS Classification Loss', 0.18398897), ('Ner Acc', 0.99804056),  ('CLS Classification Acc', 0.9755573)
[INFO] 2022-10-05 11:13:06,983 [    train.py:  246]:	Epoch 25 Test: Precision 0.509 Recall 0.542 F1 0.525
[INFO] 2022-10-05 11:13:50,236 [    train.py:  217]:	Epoch 26 Train: Loss 0.0525, ('Ner Loss', 0.04942035302519798),  ('CLS Classification Loss', 0.0031094520818442106), ('Ner Acc', 0.9950844645500183),  ('CLS Classification Acc', 0.9990445971488953)
[INFO] 2022-10-05 11:13:52,728 [    train.py:  237]:	Epoch 26 Valid: Loss 0.2035, ('Ner Loss', 0.011458395),  ('CLS Classification Loss', 0.19207874), ('Ner Acc', 0.9980944),  ('CLS Classification Acc', 0.97459805)
[INFO] 2022-10-05 11:14:01,109 [    train.py:  246]:	Epoch 26 Test: Precision 0.534 Recall 0.496 F1 0.514
[INFO] 2022-10-05 11:14:44,640 [    train.py:  217]:	Epoch 27 Train: Loss 0.0541, ('Ner Loss', 0.04902283102273941),  ('CLS Classification Loss', 0.005102024879306555), ('Ner Acc', 0.9950718283653259),  ('CLS Classification Acc', 0.9984620213508606)
[INFO] 2022-10-05 11:14:47,162 [    train.py:  237]:	Epoch 27 Valid: Loss 0.1985, ('Ner Loss', 0.010758508),  ('CLS Classification Loss', 0.18778752), ('Ner Acc', 0.9979348),  ('CLS Classification Acc', 0.972877)
[INFO] 2022-10-05 11:14:55,615 [    train.py:  246]:	Epoch 27 Test: Precision 0.494 Recall 0.497 F1 0.496
[INFO] 2022-10-05 11:15:38,997 [    train.py:  217]:	Epoch 28 Train: Loss 0.0511, ('Ner Loss', 0.04855163022875786),  ('CLS Classification Loss', 0.002550862729549408), ('Ner Acc', 0.9952048063278198),  ('CLS Classification Acc', 0.9992308616638184)
[INFO] 2022-10-05 11:15:41,520 [    train.py:  237]:	Epoch 28 Valid: Loss 0.1975, ('Ner Loss', 0.01157408),  ('CLS Classification Loss', 0.18590195), ('Ner Acc', 0.9980605),  ('CLS Classification Acc', 0.9753745)
[INFO] 2022-10-05 11:15:49,882 [    train.py:  246]:	Epoch 28 Test: Precision 0.516 Recall 0.529 F1 0.522
[INFO] 2022-10-05 11:16:33,925 [    train.py:  217]:	Epoch 29 Train: Loss 0.0498, ('Ner Loss', 0.04801887273788452),  ('CLS Classification Loss', 0.0017994195222854614), ('Ner Acc', 0.9953383207321167),  ('CLS Classification Acc', 0.999478816986084)
[INFO] 2022-10-05 11:16:36,463 [    train.py:  237]:	Epoch 29 Valid: Loss 0.1986, ('Ner Loss', 0.011791728),  ('CLS Classification Loss', 0.18684618), ('Ner Acc', 0.99801844),  ('CLS Classification Acc', 0.975268)
[INFO] 2022-10-05 11:16:45,178 [    train.py:  246]:	Epoch 29 Test: Precision 0.536 Recall 0.514 F1 0.525
[INFO] 2022-10-05 11:17:28,478 [    train.py:  217]:	Epoch 30 Train: Loss 0.0489, ('Ner Loss', 0.0474785640835762),  ('CLS Classification Loss', 0.0014640582958236337), ('Ner Acc', 0.9953864812850952),  ('CLS Classification Acc', 0.9994913339614868)
[INFO] 2022-10-05 11:17:30,962 [    train.py:  237]:	Epoch 30 Valid: Loss 0.1960, ('Ner Loss', 0.012071706),  ('CLS Classification Loss', 0.18394372), ('Ner Acc', 0.99804235),  ('CLS Classification Acc', 0.9767149)
[INFO] 2022-10-05 11:17:39,489 [    train.py:  246]:	Epoch 30 Test: Precision 0.542 Recall 0.533 F1 0.537
[INFO] 2022-10-05 11:18:22,594 [    train.py:  217]:	Epoch 31 Train: Loss 0.0483, ('Ner Loss', 0.04696543887257576),  ('CLS Classification Loss', 0.001381176058202982), ('Ner Acc', 0.995326042175293),  ('CLS Classification Acc', 0.9996649622917175)
[INFO] 2022-10-05 11:18:25,111 [    train.py:  237]:	Epoch 31 Valid: Loss 0.2042, ('Ner Loss', 0.011858153),  ('CLS Classification Loss', 0.19231705), ('Ner Acc', 0.99805),  ('CLS Classification Acc', 0.9760142)
[INFO] 2022-10-05 11:18:33,510 [    train.py:  246]:	Epoch 31 Test: Precision 0.536 Recall 0.555 F1 0.545
[INFO] 2022-10-05 11:19:16,556 [    train.py:  217]:	Epoch 32 Train: Loss 0.0478, ('Ner Loss', 0.04667044058442116),  ('CLS Classification Loss', 0.0011069817701354623), ('Ner Acc', 0.9953433275222778),  ('CLS Classification Acc', 0.9997395277023315)
[INFO] 2022-10-05 11:19:19,057 [    train.py:  237]:	Epoch 32 Valid: Loss 0.2032, ('Ner Loss', 0.0117474375),  ('CLS Classification Loss', 0.19142099), ('Ner Acc', 0.99813724),  ('CLS Classification Acc', 0.97577053)
[INFO] 2022-10-05 11:19:27,320 [    train.py:  246]:	Epoch 32 Test: Precision 0.544 Recall 0.520 F1 0.531
[INFO] 2022-10-05 11:20:10,689 [    train.py:  217]:	Epoch 33 Train: Loss 0.0475, ('Ner Loss', 0.046056412160396576),  ('CLS Classification Loss', 0.0014015311608090997), ('Ner Acc', 0.9987356066703796),  ('CLS Classification Acc', 0.9996028542518616)
[INFO] 2022-10-05 11:20:13,186 [    train.py:  237]:	Epoch 33 Valid: Loss 0.2103, ('Ner Loss', 0.01175703),  ('CLS Classification Loss', 0.19856615), ('Ner Acc', 0.9980394),  ('CLS Classification Acc', 0.9750852)
[INFO] 2022-10-05 11:20:21,620 [    train.py:  246]:	Epoch 33 Test: Precision 0.518 Recall 0.537 F1 0.528
[INFO] 2022-10-05 11:21:04,778 [    train.py:  217]:	Epoch 34 Train: Loss 0.0483, ('Ner Loss', 0.045778464525938034),  ('CLS Classification Loss', 0.002513324376195669), ('Ner Acc', 0.9990851283073425),  ('CLS Classification Acc', 0.9992929697036743)
[INFO] 2022-10-05 11:21:07,331 [    train.py:  237]:	Epoch 34 Valid: Loss 0.1941, ('Ner Loss', 0.013033309),  ('CLS Classification Loss', 0.18108271), ('Ner Acc', 0.99803966),  ('CLS Classification Acc', 0.9765625)
[INFO] 2022-10-05 11:21:15,737 [    train.py:  246]:	Epoch 34 Test: Precision 0.532 Recall 0.512 F1 0.522
[INFO] 2022-10-05 11:21:59,033 [    train.py:  217]:	Epoch 35 Train: Loss 0.0483, ('Ner Loss', 0.04553746059536934),  ('CLS Classification Loss', 0.002745775505900383), ('Ner Acc', 0.9990954995155334),  ('CLS Classification Acc', 0.9991812705993652)
[INFO] 2022-10-05 11:22:01,551 [    train.py:  237]:	Epoch 35 Valid: Loss 0.1968, ('Ner Loss', 0.012450977),  ('CLS Classification Loss', 0.1843336), ('Ner Acc', 0.997966),  ('CLS Classification Acc', 0.9771869)
[INFO] 2022-10-05 11:22:10,044 [    train.py:  246]:	Epoch 35 Test: Precision 0.520 Recall 0.567 F1 0.542
[INFO] 2022-10-05 11:22:53,331 [    train.py:  217]:	Epoch 36 Train: Loss 0.0469, ('Ner Loss', 0.044858578592538834),  ('CLS Classification Loss', 0.0020485471468418837), ('Ner Acc', 0.9991832375526428),  ('CLS Classification Acc', 0.9994416236877441)
[INFO] 2022-10-05 11:22:55,870 [    train.py:  237]:	Epoch 36 Valid: Loss 0.2074, ('Ner Loss', 0.013005624),  ('CLS Classification Loss', 0.19437099), ('Ner Acc', 0.99793345),  ('CLS Classification Acc', 0.9760904)
[INFO] 2022-10-05 11:23:04,274 [    train.py:  246]:	Epoch 36 Test: Precision 0.517 Recall 0.522 F1 0.519
[INFO] 2022-10-05 11:23:47,591 [    train.py:  217]:	Epoch 37 Train: Loss 0.0472, ('Ner Loss', 0.04455006867647171),  ('CLS Classification Loss', 0.0026695765554904938), ('Ner Acc', 0.9991966485977173),  ('CLS Classification Acc', 0.9991193413734436)
[INFO] 2022-10-05 11:23:50,077 [    train.py:  237]:	Epoch 37 Valid: Loss 0.2000, ('Ner Loss', 0.013102715),  ('CLS Classification Loss', 0.18691319), ('Ner Acc', 0.9980569),  ('CLS Classification Acc', 0.97692794)
[INFO] 2022-10-05 11:23:58,506 [    train.py:  246]:	Epoch 37 Test: Precision 0.535 Recall 0.533 F1 0.534
[INFO] 2022-10-05 11:24:41,840 [    train.py:  217]:	Epoch 38 Train: Loss 0.0462, ('Ner Loss', 0.044164203107357025),  ('CLS Classification Loss', 0.0020312799606472254), ('Ner Acc', 0.9992030262947083),  ('CLS Classification Acc', 0.9993425607681274)
[INFO] 2022-10-05 11:24:44,342 [    train.py:  237]:	Epoch 38 Valid: Loss 0.1946, ('Ner Loss', 0.012934008),  ('CLS Classification Loss', 0.18166745), ('Ner Acc', 0.9981151),  ('CLS Classification Acc', 0.977461)
[INFO] 2022-10-05 11:24:52,739 [    train.py:  246]:	Epoch 38 Test: Precision 0.549 Recall 0.546 F1 0.547
[INFO] 2022-10-05 11:25:36,036 [    train.py:  217]:	Epoch 39 Train: Loss 0.0450, ('Ner Loss', 0.04369199648499489),  ('CLS Classification Loss', 0.0013557571219280362), ('Ner Acc', 0.9992374777793884),  ('CLS Classification Acc', 0.9995781779289246)
[INFO] 2022-10-05 11:25:38,530 [    train.py:  237]:	Epoch 39 Valid: Loss 0.2687, ('Ner Loss', 0.0155923115),  ('CLS Classification Loss', 0.25311634), ('Ner Acc', 0.997905),  ('CLS Classification Acc', 0.97208524)
[INFO] 2022-10-05 11:25:46,912 [    train.py:  246]:	Epoch 39 Test: Precision 0.509 Recall 0.511 F1 0.510
[INFO] 2022-10-05 11:26:29,953 [    train.py:  217]:	Epoch 40 Train: Loss 0.0448, ('Ner Loss', 0.043251458555459976),  ('CLS Classification Loss', 0.0015541533939540386), ('Ner Acc', 0.9993025660514832),  ('CLS Classification Acc', 0.9995781183242798)
[INFO] 2022-10-05 11:26:32,461 [    train.py:  237]:	Epoch 40 Valid: Loss 0.2011, ('Ner Loss', 0.01297351),  ('CLS Classification Loss', 0.18816587), ('Ner Acc', 0.9981224),  ('CLS Classification Acc', 0.97683656)
[INFO] 2022-10-05 11:26:40,772 [    train.py:  246]:	Epoch 40 Test: Precision 0.550 Recall 0.549 F1 0.550
[INFO] 2022-10-05 11:27:23,767 [    train.py:  217]:	Epoch 41 Train: Loss 0.0464, ('Ner Loss', 0.04318726807832718),  ('CLS Classification Loss', 0.003217017510905862), ('Ner Acc', 0.9991922378540039),  ('CLS Classification Acc', 0.9990946054458618)
[INFO] 2022-10-05 11:27:26,285 [    train.py:  237]:	Epoch 41 Valid: Loss 0.1895, ('Ner Loss', 0.012528286),  ('CLS Classification Loss', 0.17695592), ('Ner Acc', 0.9979581),  ('CLS Classification Acc', 0.97528327)
[INFO] 2022-10-05 11:27:35,086 [    train.py:  246]:	Epoch 41 Test: Precision 0.541 Recall 0.512 F1 0.526
[INFO] 2022-10-05 11:28:18,446 [    train.py:  217]:	Epoch 42 Train: Loss 0.0451, ('Ner Loss', 0.04268110543489456),  ('CLS Classification Loss', 0.0024095072876662016), ('Ner Acc', 0.9992288947105408),  ('CLS Classification Acc', 0.9991937875747681)
[INFO] 2022-10-05 11:28:20,932 [    train.py:  237]:	Epoch 42 Valid: Loss 0.1872, ('Ner Loss', 0.013170845),  ('CLS Classification Loss', 0.17403321), ('Ner Acc', 0.998077),  ('CLS Classification Acc', 0.9770954)
[INFO] 2022-10-05 11:28:29,320 [    train.py:  246]:	Epoch 42 Test: Precision 0.578 Recall 0.527 F1 0.551
[INFO] 2022-10-05 11:29:12,543 [    train.py:  217]:	Epoch 43 Train: Loss 0.0432, ('Ner Loss', 0.042115453630685806),  ('CLS Classification Loss', 0.0010813866974785924), ('Ner Acc', 0.9993303418159485),  ('CLS Classification Acc', 0.9996650815010071)
[INFO] 2022-10-05 11:29:15,051 [    train.py:  237]:	Epoch 43 Valid: Loss 0.1864, ('Ner Loss', 0.012700059),  ('CLS Classification Loss', 0.17367534), ('Ner Acc', 0.99809617),  ('CLS Classification Acc', 0.9768671)
[INFO] 2022-10-05 11:29:23,645 [    train.py:  246]:	Epoch 43 Test: Precision 0.560 Recall 0.542 F1 0.551
[INFO] 2022-10-05 11:30:06,820 [    train.py:  217]:	Epoch 44 Train: Loss 0.0427, ('Ner Loss', 0.042011991143226624),  ('CLS Classification Loss', 0.0007073043379932642), ('Ner Acc', 0.999333381652832),  ('CLS Classification Acc', 0.9998387098312378)
[INFO] 2022-10-05 11:30:09,344 [    train.py:  237]:	Epoch 44 Valid: Loss 0.2051, ('Ner Loss', 0.014098207),  ('CLS Classification Loss', 0.19097444), ('Ner Acc', 0.99804),  ('CLS Classification Acc', 0.974872)
[INFO] 2022-10-05 11:30:17,752 [    train.py:  246]:	Epoch 44 Test: Precision 0.519 Recall 0.551 F1 0.535
[INFO] 2022-10-05 11:31:00,989 [    train.py:  217]:	Epoch 45 Train: Loss 0.0433, ('Ner Loss', 0.041593149304389954),  ('CLS Classification Loss', 0.001756648300215602), ('Ner Acc', 0.9993396401405334),  ('CLS Classification Acc', 0.9995161890983582)
[INFO] 2022-10-05 11:31:03,497 [    train.py:  237]:	Epoch 45 Valid: Loss 0.1964, ('Ner Loss', 0.01418027),  ('CLS Classification Loss', 0.18224217), ('Ner Acc', 0.9980224),  ('CLS Classification Acc', 0.9754812)
[INFO] 2022-10-05 11:31:11,807 [    train.py:  246]:	Epoch 45 Test: Precision 0.542 Recall 0.527 F1 0.534
[INFO] 2022-10-05 11:31:55,013 [    train.py:  217]:	Epoch 46 Train: Loss 0.0425, ('Ner Loss', 0.04145729914307594),  ('CLS Classification Loss', 0.001089058117941022), ('Ner Acc', 0.9993020296096802),  ('CLS Classification Acc', 0.9997146725654602)
[INFO] 2022-10-05 11:31:57,515 [    train.py:  237]:	Epoch 46 Valid: Loss 0.1923, ('Ner Loss', 0.014109414),  ('CLS Classification Loss', 0.17815252), ('Ner Acc', 0.9981285),  ('CLS Classification Acc', 0.9770954)
[INFO] 2022-10-05 11:32:06,218 [    train.py:  246]:	Epoch 46 Test: Precision 0.561 Recall 0.533 F1 0.546
[INFO] 2022-10-05 11:32:49,524 [    train.py:  217]:	Epoch 47 Train: Loss 0.0411, ('Ner Loss', 0.040711790323257446),  ('CLS Classification Loss', 0.00043396963155828416), ('Ner Acc', 0.9994237422943115),  ('CLS Classification Acc', 0.9999008178710938)
[INFO] 2022-10-05 11:32:52,046 [    train.py:  237]:	Epoch 47 Valid: Loss 0.2001, ('Ner Loss', 0.014285315),  ('CLS Classification Loss', 0.1857884), ('Ner Acc', 0.9981063),  ('CLS Classification Acc', 0.9768976)
[INFO] 2022-10-05 11:33:00,665 [    train.py:  246]:	Epoch 47 Test: Precision 0.574 Recall 0.525 F1 0.549
[INFO] 2022-10-05 11:33:44,103 [    train.py:  217]:	Epoch 48 Train: Loss 0.0410, ('Ner Loss', 0.040546514093875885),  ('CLS Classification Loss', 0.00042750677675940096), ('Ner Acc', 0.9993741512298584),  ('CLS Classification Acc', 0.9998388290405273)
[INFO] 2022-10-05 11:33:46,598 [    train.py:  237]:	Epoch 48 Valid: Loss 0.1977, ('Ner Loss', 0.014468468),  ('CLS Classification Loss', 0.18324617), ('Ner Acc', 0.9981446),  ('CLS Classification Acc', 0.9775981)
[INFO] 2022-10-05 11:33:54,937 [    train.py:  246]:	Epoch 48 Test: Precision 0.584 Recall 0.536 F1 0.559
[INFO] 2022-10-05 11:34:37,991 [    train.py:  217]:	Epoch 49 Train: Loss 0.0404, ('Ner Loss', 0.04014744982123375),  ('CLS Classification Loss', 0.00027287850389257073), ('Ner Acc', 0.9994497895240784),  ('CLS Classification Acc', 0.9999008178710938)
[INFO] 2022-10-05 11:34:40,478 [    train.py:  237]:	Epoch 49 Valid: Loss 0.2044, ('Ner Loss', 0.014859119),  ('CLS Classification Loss', 0.18952417), ('Ner Acc', 0.99811333),  ('CLS Classification Acc', 0.9763493)
[INFO] 2022-10-05 11:34:49,029 [    train.py:  246]:	Epoch 49 Test: Precision 0.560 Recall 0.557 F1 0.559
[INFO] 2022-10-05 11:35:32,492 [    train.py:  217]:	Epoch 50 Train: Loss 0.0404, ('Ner Loss', 0.03979828581213951),  ('CLS Classification Loss', 0.0005843493272550404), ('Ner Acc', 0.9994255900382996),  ('CLS Classification Acc', 0.9998138546943665)
[INFO] 2022-10-05 11:35:34,959 [    train.py:  237]:	Epoch 50 Valid: Loss 0.2489, ('Ner Loss', 0.016454041),  ('CLS Classification Loss', 0.2324832), ('Ner Acc', 0.997938),  ('CLS Classification Acc', 0.97270954)
[INFO] 2022-10-05 11:35:43,421 [    train.py:  246]:	Epoch 50 Test: Precision 0.527 Recall 0.525 F1 0.526
[INFO] 2022-10-05 11:36:26,879 [    train.py:  217]:	Epoch 51 Train: Loss 0.0407, ('Ner Loss', 0.03972619026899338),  ('CLS Classification Loss', 0.000948156404774636), ('Ner Acc', 0.9994266033172607),  ('CLS Classification Acc', 0.999690055847168)
[INFO] 2022-10-05 11:36:29,388 [    train.py:  237]:	Epoch 51 Valid: Loss 0.2068, ('Ner Loss', 0.01525215),  ('CLS Classification Loss', 0.19152236), ('Ner Acc', 0.99807125),  ('CLS Classification Acc', 0.9774305)
[INFO] 2022-10-05 11:36:37,875 [    train.py:  246]:	Epoch 51 Test: Precision 0.543 Recall 0.555 F1 0.549
[INFO] 2022-10-05 11:37:21,202 [    train.py:  217]:	Epoch 52 Train: Loss 0.0394, ('Ner Loss', 0.03899410367012024),  ('CLS Classification Loss', 0.0003994439321104437), ('Ner Acc', 0.9994433522224426),  ('CLS Classification Acc', 0.9998759627342224)
[INFO] 2022-10-05 11:37:23,718 [    train.py:  237]:	Epoch 52 Valid: Loss 0.2099, ('Ner Loss', 0.015194598),  ('CLS Classification Loss', 0.1947215), ('Ner Acc', 0.9981335),  ('CLS Classification Acc', 0.97695845)
[INFO] 2022-10-05 11:37:32,242 [    train.py:  246]:	Epoch 52 Test: Precision 0.556 Recall 0.549 F1 0.553
[INFO] 2022-10-05 11:38:15,485 [    train.py:  217]:	Epoch 53 Train: Loss 0.0392, ('Ner Loss', 0.038793981075286865),  ('CLS Classification Loss', 0.000431905675213784), ('Ner Acc', 0.9994852542877197),  ('CLS Classification Acc', 0.9998884201049805)
[INFO] 2022-10-05 11:38:17,999 [    train.py:  237]:	Epoch 53 Valid: Loss 0.2252, ('Ner Loss', 0.015543453),  ('CLS Classification Loss', 0.20968947), ('Ner Acc', 0.9981628),  ('CLS Classification Acc', 0.97592294)
[INFO] 2022-10-05 11:38:26,304 [    train.py:  246]:	Epoch 53 Test: Precision 0.568 Recall 0.522 F1 0.544
[INFO] 2022-10-05 11:39:09,442 [    train.py:  217]:	Epoch 54 Train: Loss 0.0398, ('Ner Loss', 0.038817573338747025),  ('CLS Classification Loss', 0.0009540862520225346), ('Ner Acc', 0.9994576573371887),  ('CLS Classification Acc', 0.9997270703315735)
[INFO] 2022-10-05 11:39:11,932 [    train.py:  237]:	Epoch 54 Valid: Loss 0.2171, ('Ner Loss', 0.01505445),  ('CLS Classification Loss', 0.20202878), ('Ner Acc', 0.9982061),  ('CLS Classification Acc', 0.9754964)
[INFO] 2022-10-05 11:39:20,254 [    train.py:  246]:	Epoch 54 Test: Precision 0.566 Recall 0.524 F1 0.544
[INFO] 2022-10-05 11:40:03,690 [    train.py:  217]:	Epoch 55 Train: Loss 0.0385, ('Ner Loss', 0.038287580013275146),  ('CLS Classification Loss', 0.00022334384266287088), ('Ner Acc', 0.9994872212409973),  ('CLS Classification Acc', 0.9999131560325623)
[INFO] 2022-10-05 11:40:06,252 [    train.py:  237]:	Epoch 55 Valid: Loss 0.2137, ('Ner Loss', 0.015265836),  ('CLS Classification Loss', 0.19840938), ('Ner Acc', 0.99817073),  ('CLS Classification Acc', 0.97610563)
[INFO] 2022-10-05 11:40:14,973 [    train.py:  246]:	Epoch 55 Test: Precision 0.554 Recall 0.548 F1 0.551
[INFO] 2022-10-05 11:40:58,895 [    train.py:  217]:	Epoch 56 Train: Loss 0.0381, ('Ner Loss', 0.03795790672302246),  ('CLS Classification Loss', 0.00018379586981609464), ('Ner Acc', 0.9995155334472656),  ('CLS Classification Acc', 0.9999627470970154)
[INFO] 2022-10-05 11:41:01,442 [    train.py:  237]:	Epoch 56 Valid: Loss 0.2222, ('Ner Loss', 0.015265304),  ('CLS Classification Loss', 0.20694046), ('Ner Acc', 0.9981819),  ('CLS Classification Acc', 0.97688234)
[INFO] 2022-10-05 11:41:09,767 [    train.py:  246]:	Epoch 56 Test: Precision 0.589 Recall 0.543 F1 0.565
[INFO] 2022-10-05 11:41:53,297 [    train.py:  217]:	Epoch 57 Train: Loss 0.0381, ('Ner Loss', 0.03774665668606758),  ('CLS Classification Loss', 0.00031815667171031237), ('Ner Acc', 0.999498724937439),  ('CLS Classification Acc', 0.9998881816864014)
[INFO] 2022-10-05 11:41:55,760 [    train.py:  237]:	Epoch 57 Valid: Loss 0.2182, ('Ner Loss', 0.015579173),  ('CLS Classification Loss', 0.20259187), ('Ner Acc', 0.99814093),  ('CLS Classification Acc', 0.9762274)
[INFO] 2022-10-05 11:42:04,288 [    train.py:  246]:	Epoch 57 Test: Precision 0.561 Recall 0.533 F1 0.546
[INFO] 2022-10-05 11:42:47,581 [    train.py:  217]:	Epoch 58 Train: Loss 0.0409, ('Ner Loss', 0.03761313855648041),  ('CLS Classification Loss', 0.003239527577534318), ('Ner Acc', 0.9994553923606873),  ('CLS Classification Acc', 0.9990074038505554)
[INFO] 2022-10-05 11:42:50,067 [    train.py:  237]:	Epoch 58 Valid: Loss 0.1986, ('Ner Loss', 0.0141820675),  ('CLS Classification Loss', 0.18442856), ('Ner Acc', 0.9980869),  ('CLS Classification Acc', 0.9774457)
[INFO] 2022-10-05 11:42:58,506 [    train.py:  246]:	Epoch 58 Test: Precision 0.551 Recall 0.527 F1 0.538
[INFO] 2022-10-05 11:43:42,027 [    train.py:  217]:	Epoch 59 Train: Loss 0.0426, ('Ner Loss', 0.03760749101638794),  ('CLS Classification Loss', 0.0050071170553565025), ('Ner Acc', 0.9993154406547546),  ('CLS Classification Acc', 0.9984495043754578)
[INFO] 2022-10-05 11:43:44,564 [    train.py:  237]:	Epoch 59 Valid: Loss 0.1819, ('Ner Loss', 0.013970254),  ('CLS Classification Loss', 0.1678993), ('Ner Acc', 0.9982064),  ('CLS Classification Acc', 0.97729343)
[INFO] 2022-10-05 11:43:53,089 [    train.py:  246]:	Epoch 59 Test: Precision 0.567 Recall 0.547 F1 0.557
[INFO] 2022-10-05 11:44:36,786 [    train.py:  217]:	Epoch 60 Train: Loss 0.0392, ('Ner Loss', 0.03720219433307648),  ('CLS Classification Loss', 0.001949345227330923), ('Ner Acc', 0.9994106888771057),  ('CLS Classification Acc', 0.9994044899940491)
[INFO] 2022-10-05 11:44:39,315 [    train.py:  237]:	Epoch 60 Valid: Loss 0.1981, ('Ner Loss', 0.014200298),  ('CLS Classification Loss', 0.18394113), ('Ner Acc', 0.9981182),  ('CLS Classification Acc', 0.977065)
[INFO] 2022-10-05 11:44:47,574 [    train.py:  246]:	Epoch 60 Test: Precision 0.563 Recall 0.537 F1 0.550
[INFO] 2022-10-05 11:45:30,870 [    train.py:  217]:	Epoch 61 Train: Loss 0.0374, ('Ner Loss', 0.03659462928771973),  ('CLS Classification Loss', 0.0008048005402088165), ('Ner Acc', 0.9994816184043884),  ('CLS Classification Acc', 0.9997270703315735)
[INFO] 2022-10-05 11:45:33,363 [    train.py:  237]:	Epoch 61 Valid: Loss 0.1910, ('Ner Loss', 0.014532207),  ('CLS Classification Loss', 0.1764463), ('Ner Acc', 0.99816304),  ('CLS Classification Acc', 0.9768367)
[INFO] 2022-10-05 11:45:41,731 [    train.py:  246]:	Epoch 61 Test: Precision 0.551 Recall 0.553 F1 0.552
[INFO] 2022-10-05 11:46:24,915 [    train.py:  217]:	Epoch 62 Train: Loss 0.0368, ('Ner Loss', 0.03638904541730881),  ('CLS Classification Loss', 0.00037591633736155927), ('Ner Acc', 0.9994680285453796),  ('CLS Classification Acc', 0.9999130368232727)
[INFO] 2022-10-05 11:46:27,433 [    train.py:  237]:	Epoch 62 Valid: Loss 0.2006, ('Ner Loss', 0.014841623),  ('CLS Classification Loss', 0.18575041), ('Ner Acc', 0.9981561),  ('CLS Classification Acc', 0.9766539)
[INFO] 2022-10-05 11:46:35,777 [    train.py:  246]:	Epoch 62 Test: Precision 0.546 Recall 0.529 F1 0.537
[INFO] 2022-10-05 11:47:18,867 [    train.py:  217]:	Epoch 63 Train: Loss 0.0365, ('Ner Loss', 0.036031581461429596),  ('CLS Classification Loss', 0.0004835117724724114), ('Ner Acc', 0.9995164275169373),  ('CLS Classification Acc', 0.9998511075973511)
[INFO] 2022-10-05 11:47:21,361 [    train.py:  237]:	Epoch 63 Valid: Loss 0.1998, ('Ner Loss', 0.014573996),  ('CLS Classification Loss', 0.18525344), ('Ner Acc', 0.9981971),  ('CLS Classification Acc', 0.9770041)
[INFO] 2022-10-05 11:47:29,771 [    train.py:  246]:	Epoch 63 Test: Precision 0.567 Recall 0.549 F1 0.558
[INFO] 2022-10-05 11:48:12,966 [    train.py:  217]:	Epoch 64 Train: Loss 0.0359, ('Ner Loss', 0.035775478929281235),  ('CLS Classification Loss', 0.00013966072583571076), ('Ner Acc', 0.9995260834693909),  ('CLS Classification Acc', 0.9999627470970154)
[INFO] 2022-10-05 11:48:15,463 [    train.py:  237]:	Epoch 64 Valid: Loss 0.2104, ('Ner Loss', 0.015353274),  ('CLS Classification Loss', 0.19502811), ('Ner Acc', 0.9981547),  ('CLS Classification Acc', 0.9771107)
[INFO] 2022-10-05 11:48:23,781 [    train.py:  246]:	Epoch 64 Test: Precision 0.558 Recall 0.553 F1 0.555
[INFO] 2022-10-05 11:49:06,885 [    train.py:  217]:	Epoch 65 Train: Loss 0.0361, ('Ner Loss', 0.035540662705898285),  ('CLS Classification Loss', 0.0005551899084821343), ('Ner Acc', 0.9995534420013428),  ('CLS Classification Acc', 0.9998511075973511)
[INFO] 2022-10-05 11:49:09,394 [    train.py:  237]:	Epoch 65 Valid: Loss 0.1992, ('Ner Loss', 0.015119564),  ('CLS Classification Loss', 0.18408501), ('Ner Acc', 0.9981189),  ('CLS Classification Acc', 0.9768214)
[INFO] 2022-10-05 11:49:17,675 [    train.py:  246]:	Epoch 65 Test: Precision 0.563 Recall 0.559 F1 0.561
[INFO] 2022-10-05 11:50:00,838 [    train.py:  217]:	Epoch 66 Train: Loss 0.0359, ('Ner Loss', 0.03533054515719414),  ('CLS Classification Loss', 0.0005732381250709295), ('Ner Acc', 0.9994964599609375),  ('CLS Classification Acc', 0.9998635649681091)
[INFO] 2022-10-05 11:50:03,326 [    train.py:  237]:	Epoch 66 Valid: Loss 0.2033, ('Ner Loss', 0.01572094),  ('CLS Classification Loss', 0.18756962), ('Ner Acc', 0.99814355),  ('CLS Classification Acc', 0.976197)
[INFO] 2022-10-05 11:50:11,474 [    train.py:  246]:	Epoch 66 Test: Precision 0.563 Recall 0.537 F1 0.550
[INFO] 2022-10-05 11:50:54,642 [    train.py:  217]:	Epoch 67 Train: Loss 0.0353, ('Ner Loss', 0.03502200171351433),  ('CLS Classification Loss', 0.0003212495648767799), ('Ner Acc', 0.9995402693748474),  ('CLS Classification Acc', 0.9999131560325623)
[INFO] 2022-10-05 11:50:57,135 [    train.py:  237]:	Epoch 67 Valid: Loss 0.1986, ('Ner Loss', 0.015833562),  ('CLS Classification Loss', 0.18276227), ('Ner Acc', 0.9981844),  ('CLS Classification Acc', 0.9780093)
[INFO] 2022-10-05 11:51:05,606 [    train.py:  246]:	Epoch 67 Test: Precision 0.566 Recall 0.570 F1 0.568
[INFO] 2022-10-05 11:51:48,958 [    train.py:  217]:	Epoch 68 Train: Loss 0.0352, ('Ner Loss', 0.03467828780412674),  ('CLS Classification Loss', 0.0005491995252668858), ('Ner Acc', 0.9995714426040649),  ('CLS Classification Acc', 0.9998884201049805)
[INFO] 2022-10-05 11:51:51,448 [    train.py:  237]:	Epoch 68 Valid: Loss 0.2000, ('Ner Loss', 0.0156529),  ('CLS Classification Loss', 0.18437551), ('Ner Acc', 0.9982313),  ('CLS Classification Acc', 0.9785879)
[INFO] 2022-10-05 11:51:59,707 [    train.py:  246]:	Epoch 68 Test: Precision 0.587 Recall 0.549 F1 0.568
[INFO] 2022-10-05 11:52:42,905 [    train.py:  217]:	Epoch 69 Train: Loss 0.0351, ('Ner Loss', 0.034545283764600754),  ('CLS Classification Loss', 0.0005341355572454631), ('Ner Acc', 0.9995520710945129),  ('CLS Classification Acc', 0.9998759627342224)
[INFO] 2022-10-05 11:52:45,424 [    train.py:  237]:	Epoch 69 Valid: Loss 0.1939, ('Ner Loss', 0.015426813),  ('CLS Classification Loss', 0.17845456), ('Ner Acc', 0.998149),  ('CLS Classification Acc', 0.9780397)
[INFO] 2022-10-05 11:52:53,671 [    train.py:  246]:	Epoch 69 Test: Precision 0.564 Recall 0.574 F1 0.569
[INFO] 2022-10-05 11:53:36,814 [    train.py:  217]:	Epoch 70 Train: Loss 0.0344, ('Ner Loss', 0.034311387687921524),  ('CLS Classification Loss', 0.00011645298945950344), ('Ner Acc', 0.9995707869529724),  ('CLS Classification Acc', 0.9999255537986755)
[INFO] 2022-10-05 11:53:39,309 [    train.py:  237]:	Epoch 70 Valid: Loss 0.2015, ('Ner Loss', 0.015800193),  ('CLS Classification Loss', 0.18571125), ('Ner Acc', 0.9982107),  ('CLS Classification Acc', 0.9784509)
[INFO] 2022-10-05 11:53:47,469 [    train.py:  246]:	Epoch 70 Test: Precision 0.585 Recall 0.561 F1 0.573
[INFO] 2022-10-05 11:54:30,441 [    train.py:  217]:	Epoch 71 Train: Loss 0.0342, ('Ner Loss', 0.03413097932934761),  ('CLS Classification Loss', 0.00010137668868992478), ('Ner Acc', 0.9995772242546082),  ('CLS Classification Acc', 0.9999380111694336)
[INFO] 2022-10-05 11:54:32,959 [    train.py:  237]:	Epoch 71 Valid: Loss 0.2099, ('Ner Loss', 0.016073352),  ('CLS Classification Loss', 0.19384217), ('Ner Acc', 0.9982075),  ('CLS Classification Acc', 0.97849655)
[INFO] 2022-10-05 11:54:41,197 [    train.py:  246]:	Epoch 71 Test: Precision 0.590 Recall 0.546 F1 0.567
[INFO] 2022-10-05 11:55:24,404 [    train.py:  217]:	Epoch 72 Train: Loss 0.0339, ('Ner Loss', 0.03382963687181473),  ('CLS Classification Loss', 0.00012030871585011482), ('Ner Acc', 0.9995806813240051),  ('CLS Classification Acc', 0.9999627470970154)
[INFO] 2022-10-05 11:55:26,916 [    train.py:  237]:	Epoch 72 Valid: Loss 0.2166, ('Ner Loss', 0.016580157),  ('CLS Classification Loss', 0.20003566), ('Ner Acc', 0.9982247),  ('CLS Classification Acc', 0.97886205)
[INFO] 2022-10-05 11:55:35,914 [    train.py:  246]:	Epoch 72 Test: Precision 0.590 Recall 0.549 F1 0.569
[INFO] 2022-10-05 11:56:18,974 [    train.py:  217]:	Epoch 73 Train: Loss 0.0343, ('Ner Loss', 0.03360430523753166),  ('CLS Classification Loss', 0.0006734697963111103), ('Ner Acc', 0.9996010065078735),  ('CLS Classification Acc', 0.9998262524604797)
[INFO] 2022-10-05 11:56:21,462 [    train.py:  237]:	Epoch 73 Valid: Loss 0.2162, ('Ner Loss', 0.01566293),  ('CLS Classification Loss', 0.20055084), ('Ner Acc', 0.9981866),  ('CLS Classification Acc', 0.9763493)
[INFO] 2022-10-05 11:56:29,749 [    train.py:  246]:	Epoch 73 Test: Precision 0.543 Recall 0.566 F1 0.554
[INFO] 2022-10-05 11:57:12,757 [    train.py:  217]:	Epoch 74 Train: Loss 0.0350, ('Ner Loss', 0.033626146614551544),  ('CLS Classification Loss', 0.0013731775106862187), ('Ner Acc', 0.9995297193527222),  ('CLS Classification Acc', 0.9996401071548462)
[INFO] 2022-10-05 11:57:15,273 [    train.py:  237]:	Epoch 74 Valid: Loss 0.2146, ('Ner Loss', 0.015753739),  ('CLS Classification Loss', 0.19883364), ('Ner Acc', 0.99812335),  ('CLS Classification Acc', 0.97494817)
[INFO] 2022-10-05 11:57:23,493 [    train.py:  246]:	Epoch 74 Test: Precision 0.569 Recall 0.492 F1 0.528
[INFO] 2022-10-05 11:58:06,618 [    train.py:  217]:	Epoch 75 Train: Loss 0.0366, ('Ner Loss', 0.033460795879364014),  ('CLS Classification Loss', 0.003093549981713295), ('Ner Acc', 0.9994394779205322),  ('CLS Classification Acc', 0.9991688132286072)
[INFO] 2022-10-05 11:58:09,123 [    train.py:  237]:	Epoch 75 Valid: Loss 0.2006, ('Ner Loss', 0.016249878),  ('CLS Classification Loss', 0.18439645), ('Ner Acc', 0.99801826),  ('CLS Classification Acc', 0.9732273)
[INFO] 2022-10-05 11:58:17,536 [    train.py:  246]:	Epoch 75 Test: Precision 0.510 Recall 0.523 F1 0.517
[INFO] 2022-10-05 11:59:00,487 [    train.py:  217]:	Epoch 76 Train: Loss 0.0346, ('Ner Loss', 0.0331636480987072),  ('CLS Classification Loss', 0.0013991750311106443), ('Ner Acc', 0.9995424747467041),  ('CLS Classification Acc', 0.999615490436554)
[INFO] 2022-10-05 11:59:03,025 [    train.py:  237]:	Epoch 76 Valid: Loss 0.1917, ('Ner Loss', 0.016498402),  ('CLS Classification Loss', 0.17521548), ('Ner Acc', 0.99808264),  ('CLS Classification Acc', 0.9762274)
[INFO] 2022-10-05 11:59:11,542 [    train.py:  246]:	Epoch 76 Test: Precision 0.559 Recall 0.535 F1 0.547
[INFO] 2022-10-05 11:59:54,652 [    train.py:  217]:	Epoch 77 Train: Loss 0.0334, ('Ner Loss', 0.03270035237073898),  ('CLS Classification Loss', 0.0007172873010858893), ('Ner Acc', 0.9995714426040649),  ('CLS Classification Acc', 0.9998387098312378)
[INFO] 2022-10-05 11:59:57,186 [    train.py:  237]:	Epoch 77 Valid: Loss 0.1944, ('Ner Loss', 0.01645951),  ('CLS Classification Loss', 0.1779835), ('Ner Acc', 0.9981506),  ('CLS Classification Acc', 0.975268)
[INFO] 2022-10-05 12:00:05,794 [    train.py:  246]:	Epoch 77 Test: Precision 0.546 Recall 0.554 F1 0.550
[INFO] 2022-10-05 12:00:49,270 [    train.py:  217]:	Epoch 78 Train: Loss 0.0327, ('Ner Loss', 0.032357554882764816),  ('CLS Classification Loss', 0.00030946588958613575), ('Ner Acc', 0.9995859265327454),  ('CLS Classification Acc', 0.9998883008956909)
[INFO] 2022-10-05 12:00:51,795 [    train.py:  237]:	Epoch 78 Valid: Loss 0.1923, ('Ner Loss', 0.016802723),  ('CLS Classification Loss', 0.17547418), ('Ner Acc', 0.99819887),  ('CLS Classification Acc', 0.9757858)
[INFO] 2022-10-05 12:01:00,279 [    train.py:  246]:	Epoch 78 Test: Precision 0.560 Recall 0.538 F1 0.549
[INFO] 2022-10-05 12:01:43,545 [    train.py:  217]:	Epoch 79 Train: Loss 0.0323, ('Ner Loss', 0.032133202999830246),  ('CLS Classification Loss', 0.00016736843099351972), ('Ner Acc', 0.9996189475059509),  ('CLS Classification Acc', 0.9999628067016602)
[INFO] 2022-10-05 12:01:46,043 [    train.py:  237]:	Epoch 79 Valid: Loss 0.2134, ('Ner Loss', 0.017977187),  ('CLS Classification Loss', 0.19545561), ('Ner Acc', 0.9980995),  ('CLS Classification Acc', 0.976197)
[INFO] 2022-10-05 12:01:54,425 [    train.py:  246]:	Epoch 79 Test: Precision 0.565 Recall 0.541 F1 0.553
[INFO] 2022-10-05 12:02:37,668 [    train.py:  217]:	Epoch 80 Train: Loss 0.0321, ('Ner Loss', 0.03199333697557449),  ('CLS Classification Loss', 0.0001238358672708273), ('Ner Acc', 0.999605655670166),  ('CLS Classification Acc', 0.9999504089355469)
[INFO] 2022-10-05 12:02:40,205 [    train.py:  237]:	Epoch 80 Valid: Loss 0.2150, ('Ner Loss', 0.01795663),  ('CLS Classification Loss', 0.19700764), ('Ner Acc', 0.9981302),  ('CLS Classification Acc', 0.97610563)
[INFO] 2022-10-05 12:02:48,542 [    train.py:  246]:	Epoch 80 Test: Precision 0.568 Recall 0.548 F1 0.558
[INFO] 2022-10-05 12:03:31,563 [    train.py:  217]:	Epoch 81 Train: Loss 0.0319, ('Ner Loss', 0.031760137528181076),  ('CLS Classification Loss', 0.0001010425912681967), ('Ner Acc', 0.9996061325073242),  ('CLS Classification Acc', 0.9999627470970154)
[INFO] 2022-10-05 12:03:34,036 [    train.py:  237]:	Epoch 81 Valid: Loss 0.2117, ('Ner Loss', 0.017993337),  ('CLS Classification Loss', 0.19372053), ('Ner Acc', 0.9981268),  ('CLS Classification Acc', 0.9762883)
[INFO] 2022-10-05 12:03:42,659 [    train.py:  246]:	Epoch 81 Test: Precision 0.567 Recall 0.547 F1 0.557
[INFO] 2022-10-05 12:04:25,647 [    train.py:  217]:	Epoch 82 Train: Loss 0.0316, ('Ner Loss', 0.03148413822054863),  ('CLS Classification Loss', 6.768370803911239e-05), ('Ner Acc', 0.9996151328086853),  ('CLS Classification Acc', 0.9999751448631287)
[INFO] 2022-10-05 12:04:28,156 [    train.py:  237]:	Epoch 82 Valid: Loss 0.2180, ('Ner Loss', 0.018615903),  ('CLS Classification Loss', 0.19933751), ('Ner Acc', 0.9981262),  ('CLS Classification Acc', 0.9757858)
[INFO] 2022-10-05 12:04:36,433 [    train.py:  246]:	Epoch 82 Test: Precision 0.545 Recall 0.542 F1 0.544
[INFO] 2022-10-05 12:05:19,651 [    train.py:  217]:	Epoch 83 Train: Loss 0.0314, ('Ner Loss', 0.03129564970731735),  ('CLS Classification Loss', 0.00010560852388152853), ('Ner Acc', 0.9996060132980347),  ('CLS Classification Acc', 0.9999628067016602)
[INFO] 2022-10-05 12:05:22,156 [    train.py:  237]:	Epoch 83 Valid: Loss 0.2234, ('Ner Loss', 0.018092578),  ('CLS Classification Loss', 0.20527443), ('Ner Acc', 0.9981062),  ('CLS Classification Acc', 0.9764864)
[INFO] 2022-10-05 12:05:30,653 [    train.py:  246]:	Epoch 83 Test: Precision 0.555 Recall 0.540 F1 0.547
[INFO] 2022-10-05 12:06:13,912 [    train.py:  217]:	Epoch 84 Train: Loss 0.0312, ('Ner Loss', 0.03111778013408184),  ('CLS Classification Loss', 8.057231025304645e-05), ('Ner Acc', 0.999631404876709),  ('CLS Classification Acc', 0.9999751448631287)
[INFO] 2022-10-05 12:06:16,419 [    train.py:  237]:	Epoch 84 Valid: Loss 0.2297, ('Ner Loss', 0.019042622),  ('CLS Classification Loss', 0.21061337), ('Ner Acc', 0.99811995),  ('CLS Classification Acc', 0.9758315)
[INFO] 2022-10-05 12:06:24,823 [    train.py:  246]:	Epoch 84 Test: Precision 0.561 Recall 0.541 F1 0.551
[INFO] 2022-10-05 12:07:08,048 [    train.py:  217]:	Epoch 85 Train: Loss 0.0309, ('Ner Loss', 0.03083806298673153),  ('CLS Classification Loss', 9.294835035689175e-05), ('Ner Acc', 0.9996219277381897),  ('CLS Classification Acc', 0.9999627470970154)
[INFO] 2022-10-05 12:07:10,574 [    train.py:  237]:	Epoch 85 Valid: Loss 0.2248, ('Ner Loss', 0.01884143),  ('CLS Classification Loss', 0.20593546), ('Ner Acc', 0.9981089),  ('CLS Classification Acc', 0.97574013)
[INFO] 2022-10-05 12:07:19,036 [    train.py:  246]:	Epoch 85 Test: Precision 0.560 Recall 0.544 F1 0.552
[INFO] 2022-10-05 12:08:02,294 [    train.py:  217]:	Epoch 86 Train: Loss 0.0306, ('Ner Loss', 0.03060285374522209),  ('CLS Classification Loss', 4.288816126063466e-05), ('Ner Acc', 0.9996320605278015),  ('CLS Classification Acc', 0.9999876022338867)
[INFO] 2022-10-05 12:08:04,794 [    train.py:  237]:	Epoch 86 Valid: Loss 0.2295, ('Ner Loss', 0.019349566),  ('CLS Classification Loss', 0.21015455), ('Ner Acc', 0.9981317),  ('CLS Classification Acc', 0.9762883)
[INFO] 2022-10-05 12:08:13,325 [    train.py:  246]:	Epoch 86 Test: Precision 0.561 Recall 0.541 F1 0.551
[INFO] 2022-10-05 12:08:56,560 [    train.py:  217]:	Epoch 87 Train: Loss 0.0307, ('Ner Loss', 0.03058050386607647),  ('CLS Classification Loss', 9.731282625580207e-05), ('Ner Acc', 0.999600350856781),  ('CLS Classification Acc', 0.9999628067016602)
[INFO] 2022-10-05 12:08:59,080 [    train.py:  237]:	Epoch 87 Valid: Loss 0.2279, ('Ner Loss', 0.019577838),  ('CLS Classification Loss', 0.20833927), ('Ner Acc', 0.99809504),  ('CLS Classification Acc', 0.975862)
[INFO] 2022-10-05 12:09:07,564 [    train.py:  246]:	Epoch 87 Test: Precision 0.561 Recall 0.543 F1 0.552
[INFO] 2022-10-05 12:09:50,922 [    train.py:  217]:	Epoch 88 Train: Loss 0.0304, ('Ner Loss', 0.030278393998742104),  ('CLS Classification Loss', 0.00010164376726606861), ('Ner Acc', 0.9996581077575684),  ('CLS Classification Acc', 0.9999751448631287)
[INFO] 2022-10-05 12:09:53,431 [    train.py:  237]:	Epoch 88 Valid: Loss 0.2224, ('Ner Loss', 0.019837745),  ('CLS Classification Loss', 0.2026013), ('Ner Acc', 0.9981579),  ('CLS Classification Acc', 0.9762883)
[INFO] 2022-10-05 12:10:01,876 [    train.py:  246]:	Epoch 88 Test: Precision 0.556 Recall 0.537 F1 0.547
[INFO] 2022-10-05 12:10:45,136 [    train.py:  217]:	Epoch 89 Train: Loss 0.0302, ('Ner Loss', 0.03004949353635311),  ('CLS Classification Loss', 0.00011589299538172781), ('Ner Acc', 0.9996550679206848),  ('CLS Classification Acc', 0.9999502897262573)
[INFO] 2022-10-05 12:10:47,672 [    train.py:  237]:	Epoch 89 Valid: Loss 0.2327, ('Ner Loss', 0.019880729),  ('CLS Classification Loss', 0.21280853), ('Ner Acc', 0.9981361),  ('CLS Classification Acc', 0.9762732)
[INFO] 2022-10-05 12:10:55,979 [    train.py:  246]:	Epoch 89 Test: Precision 0.563 Recall 0.530 F1 0.546
[INFO] 2022-10-05 12:11:39,572 [    train.py:  217]:	Epoch 90 Train: Loss 0.0336, ('Ner Loss', 0.030094793066382408),  ('CLS Classification Loss', 0.0034654871560633183), ('Ner Acc', 0.9995734095573425),  ('CLS Classification Acc', 0.9992310404777527)
[INFO] 2022-10-05 12:11:42,080 [    train.py:  237]:	Epoch 90 Valid: Loss 0.2019, ('Ner Loss', 0.016843513),  ('CLS Classification Loss', 0.18509011), ('Ner Acc', 0.9980718),  ('CLS Classification Acc', 0.9754812)
[INFO] 2022-10-05 12:11:50,892 [    train.py:  246]:	Epoch 90 Test: Precision 0.556 Recall 0.515 F1 0.535
[INFO] 2022-10-05 12:12:34,065 [    train.py:  217]:	Epoch 91 Train: Loss 0.0321, ('Ner Loss', 0.029924511909484863),  ('CLS Classification Loss', 0.0021727990824729204), ('Ner Acc', 0.9995325207710266),  ('CLS Classification Acc', 0.9993301630020142)
[INFO] 2022-10-05 12:12:36,575 [    train.py:  237]:	Epoch 91 Valid: Loss 0.2040, ('Ner Loss', 0.017885968),  ('CLS Classification Loss', 0.1861491), ('Ner Acc', 0.99806327),  ('CLS Classification Acc', 0.9750548)
[INFO] 2022-10-05 12:12:44,894 [    train.py:  246]:	Epoch 91 Test: Precision 0.540 Recall 0.530 F1 0.535
[INFO] 2022-10-05 12:13:28,037 [    train.py:  217]:	Epoch 92 Train: Loss 0.0305, ('Ner Loss', 0.0296049602329731),  ('CLS Classification Loss', 0.000934361363761127), ('Ner Acc', 0.9995946884155273),  ('CLS Classification Acc', 0.9997643828392029)
[INFO] 2022-10-05 12:13:30,521 [    train.py:  237]:	Epoch 92 Valid: Loss 0.2053, ('Ner Loss', 0.018466776),  ('CLS Classification Loss', 0.1867879), ('Ner Acc', 0.99801505),  ('CLS Classification Acc', 0.9758163)
[INFO] 2022-10-05 12:13:39,290 [    train.py:  246]:	Epoch 92 Test: Precision 0.553 Recall 0.529 F1 0.541
[INFO] 2022-10-05 12:14:22,368 [    train.py:  217]:	Epoch 93 Train: Loss 0.0298, ('Ner Loss', 0.029451973736286163),  ('CLS Classification Loss', 0.00032871379517018795), ('Ner Acc', 0.9995806813240051),  ('CLS Classification Acc', 0.9999008178710938)
[INFO] 2022-10-05 12:14:24,881 [    train.py:  237]:	Epoch 93 Valid: Loss 0.2092, ('Ner Loss', 0.018062677),  ('CLS Classification Loss', 0.19112353), ('Ner Acc', 0.99809444),  ('CLS Classification Acc', 0.97522235)
[INFO] 2022-10-05 12:14:33,258 [    train.py:  246]:	Epoch 93 Test: Precision 0.566 Recall 0.496 F1 0.529
[INFO] 2022-10-05 12:15:16,280 [    train.py:  217]:	Epoch 94 Train: Loss 0.0295, ('Ner Loss', 0.029235806316137314),  ('CLS Classification Loss', 0.0002175081317545846), ('Ner Acc', 0.9996204972267151),  ('CLS Classification Acc', 0.999925434589386)
[INFO] 2022-10-05 12:15:18,814 [    train.py:  237]:	Epoch 94 Valid: Loss 0.2058, ('Ner Loss', 0.018061414),  ('CLS Classification Loss', 0.18771227), ('Ner Acc', 0.99806696),  ('CLS Classification Acc', 0.9765625)
[INFO] 2022-10-05 12:15:27,282 [    train.py:  246]:	Epoch 94 Test: Precision 0.555 Recall 0.544 F1 0.550
[INFO] 2022-10-05 12:16:10,446 [    train.py:  217]:	Epoch 95 Train: Loss 0.0293, ('Ner Loss', 0.02910224348306656),  ('CLS Classification Loss', 0.00015697197522968054), ('Ner Acc', 0.9996289014816284),  ('CLS Classification Acc', 0.9999131560325623)
[INFO] 2022-10-05 12:16:12,922 [    train.py:  237]:	Epoch 95 Valid: Loss 0.2146, ('Ner Loss', 0.018633563),  ('CLS Classification Loss', 0.19593865), ('Ner Acc', 0.9980893),  ('CLS Classification Acc', 0.97691274)
[INFO] 2022-10-05 12:16:21,383 [    train.py:  246]:	Epoch 95 Test: Precision 0.569 Recall 0.538 F1 0.553
[INFO] 2022-10-05 12:17:04,560 [    train.py:  217]:	Epoch 96 Train: Loss 0.0291, ('Ner Loss', 0.028919754549860954),  ('CLS Classification Loss', 0.00020549863984342664), ('Ner Acc', 0.9996294379234314),  ('CLS Classification Acc', 0.9999380111694336)
[INFO] 2022-10-05 12:17:07,040 [    train.py:  237]:	Epoch 96 Valid: Loss 0.2152, ('Ner Loss', 0.018725337),  ('CLS Classification Loss', 0.19646744), ('Ner Acc', 0.9980928),  ('CLS Classification Acc', 0.9765625)
[INFO] 2022-10-05 12:17:15,404 [    train.py:  246]:	Epoch 96 Test: Precision 0.543 Recall 0.534 F1 0.539
[INFO] 2022-10-05 12:17:58,645 [    train.py:  217]:	Epoch 97 Train: Loss 0.0287, ('Ner Loss', 0.02860642410814762),  ('CLS Classification Loss', 7.21793549018912e-05), ('Ner Acc', 0.9996420741081238),  ('CLS Classification Acc', 0.9999751448631287)
[INFO] 2022-10-05 12:18:01,163 [    train.py:  237]:	Epoch 97 Valid: Loss 0.2243, ('Ner Loss', 0.018871713),  ('CLS Classification Loss', 0.20539892), ('Ner Acc', 0.9981126),  ('CLS Classification Acc', 0.9773391)
[INFO] 2022-10-05 12:18:09,662 [    train.py:  246]:	Epoch 97 Test: Precision 0.567 Recall 0.528 F1 0.547
[INFO] 2022-10-05 12:18:52,866 [    train.py:  217]:	Epoch 98 Train: Loss 0.0285, ('Ner Loss', 0.028464065864682198),  ('CLS Classification Loss', 7.086155528668314e-05), ('Ner Acc', 0.9996506571769714),  ('CLS Classification Acc', 0.9999751448631287)
[INFO] 2022-10-05 12:18:55,360 [    train.py:  237]:	Epoch 98 Valid: Loss 0.2284, ('Ner Loss', 0.018988691),  ('CLS Classification Loss', 0.20942546), ('Ner Acc', 0.998123),  ('CLS Classification Acc', 0.9771107)
[INFO] 2022-10-05 12:19:03,905 [    train.py:  246]:	Epoch 98 Test: Precision 0.563 Recall 0.542 F1 0.552
[INFO] 2022-10-05 12:19:47,369 [    train.py:  217]:	Epoch 99 Train: Loss 0.0283, ('Ner Loss', 0.0282302126288414),  ('CLS Classification Loss', 6.87370848027058e-05), ('Ner Acc', 0.9996433854103088),  ('CLS Classification Acc', 0.9999627470970154)
[INFO] 2022-10-05 12:19:49,884 [    train.py:  237]:	Epoch 99 Valid: Loss 0.2233, ('Ner Loss', 0.019159982),  ('CLS Classification Loss', 0.20410301), ('Ner Acc', 0.99815077),  ('CLS Classification Acc', 0.97808534)
[INFO] 2022-10-05 12:19:58,693 [    train.py:  246]:	Epoch 99 Test: Precision 0.593 Recall 0.527 F1 0.558
[INFO] 2022-10-05 12:20:41,874 [    train.py:  217]:	Epoch 100 Train: Loss 0.0282, ('Ner Loss', 0.028115062043070793),  ('CLS Classification Loss', 6.990248220972717e-05), ('Ner Acc', 0.9996302127838135),  ('CLS Classification Acc', 0.9999627470970154)
[INFO] 2022-10-05 12:20:44,394 [    train.py:  237]:	Epoch 100 Valid: Loss 0.2273, ('Ner Loss', 0.019069768),  ('CLS Classification Loss', 0.20821987), ('Ner Acc', 0.998116),  ('CLS Classification Acc', 0.9769737)
[INFO] 2022-10-05 12:20:52,865 [    train.py:  246]:	Epoch 100 Test: Precision 0.559 Recall 0.536 F1 0.547
[INFO] 2022-10-05 12:20:52,865 [    train.py:  266]:	Best Epoch 70; Best f1 0.5728096676737161 precision 0.5851851851851851 recall 0.5609467455621302;
