[INFO] 2022-09-28 16:26:39,133 [    train.py:  509]:	Namespace(block_att_head_num=1, cased=True, d_block=64, data_aug=1, dataset='res15', do_test=True, do_train=True, do_valid=True, drop_null_data=True, dropout_rate=0.2, epochs=100, extra_attention=True, fuse_strategy='update', init_model_dir='', language='en', loss_ratio=1.0, lr=2e-05, mask_sb=True, model_type='end_to_end', output_dir='./output', save_dir='', schema='BIO', task_name='ttee_res15_100epoch_64d_1aug_2e-5lr_cased_0.2dropout_dropnull_1loss_BIO', test_batch_size=32, train_batch_size=16, valid_freq=1)
[INFO] 2022-09-28 16:26:51,290 [    train.py:  119]:	{'init_bert_model': 'bert-base-cased', 'sentence_b': DictWrapper({'texts': ListWrapper(['general of ambience', 'price of drinks', 'quality of drinks', 'style options of drinks', 'prices of food', 'quality of food', 'style options of food', 'general of location', 'general of restaurant', 'miscellaneous of restaurant', 'prices of restaurant', 'general of service']), 'sentiments': ListWrapper(['negative', 'neutral', 'positive'])}), 'num_sentiment_classes': 3, 'subblock_hidden_size': 64, 'subblock_head_num': 1, 'cache_dir': 'bert_models/bert-base-cased', 'fuse_strategy': 'update', 'tagging_schema': 'BIO', 'extra_attention': True, 'dropout': 0.2, 'loss_ratio': 1.0}
[INFO] 2022-09-28 16:26:51,291 [    train.py:  121]:	Number of Train Sentence: 1120
[INFO] 2022-09-28 16:26:51,300 [    train.py:  526]:	Data augment: Merge 1 train data together
[INFO] 2022-09-28 16:27:41,463 [    train.py:  185]:	Epoch 1: 
[INFO] 2022-09-28 16:27:41,464 [    train.py:  186]:	Train:
[INFO] 2022-09-28 16:27:41,479 [    train.py:  198]:	Loss 0.4181, ('Ner Loss', 0.18323200941085815),  ('CLS Classification Loss', 0.2349175065755844)
[INFO] 2022-09-28 16:27:41,479 [    train.py:  208]:	('Ner Acc', 0.9287689328193665),  ('CLS Classification Acc', 0.924801766872406)
[INFO] 2022-09-28 16:27:46,848 [    train.py:  220]:	Evaluate:
[INFO] 2022-09-28 16:27:46,849 [    train.py:  227]:	Loss 0.1990, ('Ner Loss', 0.029236894),  ('CLS Classification Loss', 0.16972612)
[INFO] 2022-09-28 16:27:46,850 [    train.py:  228]:	('Ner Acc', 0.99689984), ('CLS Classification Acc', 0.962567)
[INFO] 2022-09-28 16:27:58,774 [    train.py:  237]:	Precision 0.000 Recall 0.000 F1 0.000
[INFO] 2022-09-28 16:28:14,116 [    train.py:  185]:	Epoch 2: 
[INFO] 2022-09-28 16:28:14,117 [    train.py:  186]:	Train:
[INFO] 2022-09-28 16:28:14,120 [    train.py:  198]:	Loss 0.1827, ('Ner Loss', 0.031386617571115494),  ('CLS Classification Loss', 0.15132199227809906)
[INFO] 2022-09-28 16:28:14,121 [    train.py:  208]:	('Ner Acc', 0.9962960481643677),  ('CLS Classification Acc', 0.9626736044883728)
[INFO] 2022-09-28 16:28:16,688 [    train.py:  220]:	Evaluate:
[INFO] 2022-09-28 16:28:16,689 [    train.py:  227]:	Loss 0.1775, ('Ner Loss', 0.024981348),  ('CLS Classification Loss', 0.15247747)
[INFO] 2022-09-28 16:28:16,689 [    train.py:  228]:	('Ner Acc', 0.99688953), ('CLS Classification Acc', 0.962567)
[INFO] 2022-09-28 16:28:25,257 [    train.py:  237]:	Precision 0.000 Recall 0.000 F1 0.000
[INFO] 2022-09-28 16:28:40,694 [    train.py:  185]:	Epoch 3: 
[INFO] 2022-09-28 16:28:40,695 [    train.py:  186]:	Train:
[INFO] 2022-09-28 16:28:40,698 [    train.py:  198]:	Loss 0.1646, ('Ner Loss', 0.02793634869158268),  ('CLS Classification Loss', 0.13663552701473236)
[INFO] 2022-09-28 16:28:40,698 [    train.py:  208]:	('Ner Acc', 0.9963107705116272),  ('CLS Classification Acc', 0.9625745415687561)
[INFO] 2022-09-28 16:28:42,975 [    train.py:  220]:	Evaluate:
[INFO] 2022-09-28 16:28:42,975 [    train.py:  227]:	Loss 0.1545, ('Ner Loss', 0.022239417),  ('CLS Classification Loss', 0.13221127)
[INFO] 2022-09-28 16:28:42,976 [    train.py:  228]:	('Ner Acc', 0.99689984), ('CLS Classification Acc', 0.962567)
[INFO] 2022-09-28 16:28:51,476 [    train.py:  237]:	Precision 0.000 Recall 0.000 F1 0.000
[INFO] 2022-09-28 16:29:07,096 [    train.py:  185]:	Epoch 4: 
[INFO] 2022-09-28 16:29:07,096 [    train.py:  186]:	Train:
[INFO] 2022-09-28 16:29:07,101 [    train.py:  198]:	Loss 0.1571, ('Ner Loss', 0.025768358260393143),  ('CLS Classification Loss', 0.13137513399124146)
[INFO] 2022-09-28 16:29:07,101 [    train.py:  208]:	('Ner Acc', 0.9963237047195435),  ('CLS Classification Acc', 0.9625496864318848)
[INFO] 2022-09-28 16:29:09,377 [    train.py:  220]:	Evaluate:
[INFO] 2022-09-28 16:29:09,378 [    train.py:  227]:	Loss 0.1555, ('Ner Loss', 0.020313378),  ('CLS Classification Loss', 0.13515)
[INFO] 2022-09-28 16:29:09,378 [    train.py:  228]:	('Ner Acc', 0.99689984), ('CLS Classification Acc', 0.962567)
[INFO] 2022-09-28 16:29:18,113 [    train.py:  237]:	Precision 0.000 Recall 0.000 F1 0.000
[INFO] 2022-09-28 16:29:33,520 [    train.py:  185]:	Epoch 5: 
[INFO] 2022-09-28 16:29:33,520 [    train.py:  186]:	Train:
[INFO] 2022-09-28 16:29:33,525 [    train.py:  198]:	Loss 0.1565, ('Ner Loss', 0.024785809218883514),  ('CLS Classification Loss', 0.13175156712532043)
[INFO] 2022-09-28 16:29:33,526 [    train.py:  208]:	('Ner Acc', 0.9962402582168579),  ('CLS Classification Acc', 0.9627976417541504)
[INFO] 2022-09-28 16:29:35,882 [    train.py:  220]:	Evaluate:
[INFO] 2022-09-28 16:29:35,882 [    train.py:  227]:	Loss 0.1550, ('Ner Loss', 0.01909355),  ('CLS Classification Loss', 0.13593997)
[INFO] 2022-09-28 16:29:35,883 [    train.py:  228]:	('Ner Acc', 0.99689984), ('CLS Classification Acc', 0.962567)
[INFO] 2022-09-28 16:29:44,383 [    train.py:  237]:	Precision 0.000 Recall 0.000 F1 0.000
[INFO] 2022-09-28 16:29:59,695 [    train.py:  185]:	Epoch 6: 
[INFO] 2022-09-28 16:29:59,696 [    train.py:  186]:	Train:
[INFO] 2022-09-28 16:29:59,704 [    train.py:  198]:	Loss 0.1497, ('Ner Loss', 0.022479679435491562),  ('CLS Classification Loss', 0.12723688781261444)
[INFO] 2022-09-28 16:29:59,704 [    train.py:  208]:	('Ner Acc', 0.9963399767875671),  ('CLS Classification Acc', 0.962648868560791)
[INFO] 2022-09-28 16:30:02,025 [    train.py:  220]:	Evaluate:
[INFO] 2022-09-28 16:30:02,026 [    train.py:  227]:	Loss 0.1546, ('Ner Loss', 0.018150186),  ('CLS Classification Loss', 0.13640526)
[INFO] 2022-09-28 16:30:02,026 [    train.py:  228]:	('Ner Acc', 0.99689984), ('CLS Classification Acc', 0.962567)
[INFO] 2022-09-28 16:30:10,511 [    train.py:  237]:	Precision 0.000 Recall 0.000 F1 0.000
[INFO] 2022-09-28 16:30:25,589 [    train.py:  185]:	Epoch 7: 
[INFO] 2022-09-28 16:30:25,589 [    train.py:  186]:	Train:
[INFO] 2022-09-28 16:30:25,593 [    train.py:  198]:	Loss 0.1449, ('Ner Loss', 0.021467318758368492),  ('CLS Classification Loss', 0.12342435121536255)
[INFO] 2022-09-28 16:30:25,593 [    train.py:  208]:	('Ner Acc', 0.9963281750679016),  ('CLS Classification Acc', 0.9628226161003113)
[INFO] 2022-09-28 16:30:27,886 [    train.py:  220]:	Evaluate:
[INFO] 2022-09-28 16:30:27,887 [    train.py:  227]:	Loss 0.1510, ('Ner Loss', 0.017294452),  ('CLS Classification Loss', 0.1336868)
[INFO] 2022-09-28 16:30:27,887 [    train.py:  228]:	('Ner Acc', 0.99689984), ('CLS Classification Acc', 0.962567)
[INFO] 2022-09-28 16:30:36,496 [    train.py:  237]:	Precision 0.000 Recall 0.000 F1 0.000
[INFO] 2022-09-28 16:30:51,826 [    train.py:  185]:	Epoch 8: 
[INFO] 2022-09-28 16:30:51,827 [    train.py:  186]:	Train:
[INFO] 2022-09-28 16:30:51,831 [    train.py:  198]:	Loss 0.1419, ('Ner Loss', 0.02076672576367855),  ('CLS Classification Loss', 0.12108505517244339)
[INFO] 2022-09-28 16:30:51,831 [    train.py:  208]:	('Ner Acc', 0.9963206648826599),  ('CLS Classification Acc', 0.9627231955528259)
[INFO] 2022-09-28 16:30:54,118 [    train.py:  220]:	Evaluate:
[INFO] 2022-09-28 16:30:54,119 [    train.py:  227]:	Loss 0.1472, ('Ner Loss', 0.01668407),  ('CLS Classification Loss', 0.13048804)
[INFO] 2022-09-28 16:30:54,119 [    train.py:  228]:	('Ner Acc', 0.99689984), ('CLS Classification Acc', 0.9627498)
[INFO] 2022-09-28 16:31:02,661 [    train.py:  237]:	Precision 0.000 Recall 0.000 F1 0.000
[INFO] 2022-09-28 16:31:18,128 [    train.py:  185]:	Epoch 9: 
[INFO] 2022-09-28 16:31:18,129 [    train.py:  186]:	Train:
[INFO] 2022-09-28 16:31:18,134 [    train.py:  198]:	Loss 0.1383, ('Ner Loss', 0.019425613805651665),  ('CLS Classification Loss', 0.11883030086755753)
[INFO] 2022-09-28 16:31:18,134 [    train.py:  208]:	('Ner Acc', 0.9963180422782898),  ('CLS Classification Acc', 0.9632939100265503)
[INFO] 2022-09-28 16:31:20,448 [    train.py:  220]:	Evaluate:
[INFO] 2022-09-28 16:31:20,449 [    train.py:  227]:	Loss 0.1452, ('Ner Loss', 0.01572094),  ('CLS Classification Loss', 0.12952076)
[INFO] 2022-09-28 16:31:20,449 [    train.py:  228]:	('Ner Acc', 0.99689984), ('CLS Classification Acc', 0.96284115)
[INFO] 2022-09-28 16:31:29,120 [    train.py:  237]:	Precision 0.000 Recall 0.000 F1 0.000
[INFO] 2022-09-28 16:31:44,554 [    train.py:  185]:	Epoch 10: 
[INFO] 2022-09-28 16:31:44,554 [    train.py:  186]:	Train:
[INFO] 2022-09-28 16:31:44,560 [    train.py:  198]:	Loss 0.1343, ('Ner Loss', 0.01791548728942871),  ('CLS Classification Loss', 0.11643156409263611)
[INFO] 2022-09-28 16:31:44,560 [    train.py:  208]:	('Ner Acc', 0.9963260293006897),  ('CLS Classification Acc', 0.9628223776817322)
[INFO] 2022-09-28 16:31:46,869 [    train.py:  220]:	Evaluate:
[INFO] 2022-09-28 16:31:46,869 [    train.py:  227]:	Loss 0.1437, ('Ner Loss', 0.014814384),  ('CLS Classification Loss', 0.1288414)
[INFO] 2022-09-28 16:31:46,869 [    train.py:  228]:	('Ner Acc', 0.99689984), ('CLS Classification Acc', 0.9627041)
[INFO] 2022-09-28 16:31:55,479 [    train.py:  237]:	Precision 0.000 Recall 0.000 F1 0.000
[INFO] 2022-09-28 16:32:10,746 [    train.py:  185]:	Epoch 11: 
[INFO] 2022-09-28 16:32:10,747 [    train.py:  186]:	Train:
[INFO] 2022-09-28 16:32:10,754 [    train.py:  198]:	Loss 0.1308, ('Ner Loss', 0.01641705073416233),  ('CLS Classification Loss', 0.11439826339483261)
[INFO] 2022-09-28 16:32:10,755 [    train.py:  208]:	('Ner Acc', 0.9963127374649048),  ('CLS Classification Acc', 0.963070809841156)
[INFO] 2022-09-28 16:32:13,036 [    train.py:  220]:	Evaluate:
[INFO] 2022-09-28 16:32:13,037 [    train.py:  227]:	Loss 0.1418, ('Ner Loss', 0.013947822),  ('CLS Classification Loss', 0.12781896)
[INFO] 2022-09-28 16:32:13,037 [    train.py:  228]:	('Ner Acc', 0.9968816), ('CLS Classification Acc', 0.96434885)
[INFO] 2022-09-28 16:32:21,590 [    train.py:  237]:	Precision 0.107 Recall 0.007 F1 0.013
[INFO] 2022-09-28 16:32:42,074 [    train.py:  185]:	Epoch 12: 
[INFO] 2022-09-28 16:32:42,074 [    train.py:  186]:	Train:
[INFO] 2022-09-28 16:32:42,080 [    train.py:  198]:	Loss 0.1265, ('Ner Loss', 0.01544422097504139),  ('CLS Classification Loss', 0.11101457476615906)
[INFO] 2022-09-28 16:32:42,081 [    train.py:  208]:	('Ner Acc', 0.9962944984436035),  ('CLS Classification Acc', 0.9639138579368591)
[INFO] 2022-09-28 16:32:44,326 [    train.py:  220]:	Evaluate:
[INFO] 2022-09-28 16:32:44,327 [    train.py:  227]:	Loss 0.1427, ('Ner Loss', 0.013624108),  ('CLS Classification Loss', 0.12909377)
[INFO] 2022-09-28 16:32:44,327 [    train.py:  228]:	('Ner Acc', 0.99689984), ('CLS Classification Acc', 0.9645772)
[INFO] 2022-09-28 16:32:52,819 [    train.py:  237]:	Precision 0.082 Recall 0.012 F1 0.021
[INFO] 2022-09-28 16:33:08,026 [    train.py:  185]:	Epoch 13: 
[INFO] 2022-09-28 16:33:08,027 [    train.py:  186]:	Train:
[INFO] 2022-09-28 16:33:08,032 [    train.py:  198]:	Loss 0.1232, ('Ner Loss', 0.01489210594445467),  ('CLS Classification Loss', 0.10827051103115082)
[INFO] 2022-09-28 16:33:08,033 [    train.py:  208]:	('Ner Acc', 0.996293306350708),  ('CLS Classification Acc', 0.9656003713607788)
[INFO] 2022-09-28 16:33:10,347 [    train.py:  220]:	Evaluate:
[INFO] 2022-09-28 16:33:10,348 [    train.py:  227]:	Loss 0.1412, ('Ner Loss', 0.013569),  ('CLS Classification Loss', 0.12761003)
[INFO] 2022-09-28 16:33:10,348 [    train.py:  228]:	('Ner Acc', 0.99689984), ('CLS Classification Acc', 0.9650798)
[INFO] 2022-09-28 16:33:18,817 [    train.py:  237]:	Precision 0.075 Recall 0.006 F1 0.011
[INFO] 2022-09-28 16:33:34,211 [    train.py:  185]:	Epoch 14: 
[INFO] 2022-09-28 16:33:34,211 [    train.py:  186]:	Train:
[INFO] 2022-09-28 16:33:34,216 [    train.py:  198]:	Loss 0.1173, ('Ner Loss', 0.01403003465384245),  ('CLS Classification Loss', 0.10330004245042801)
[INFO] 2022-09-28 16:33:34,216 [    train.py:  208]:	('Ner Acc', 0.9963253736495972),  ('CLS Classification Acc', 0.965699315071106)
[INFO] 2022-09-28 16:33:36,550 [    train.py:  220]:	Evaluate:
[INFO] 2022-09-28 16:33:36,551 [    train.py:  227]:	Loss 0.1402, ('Ner Loss', 0.013570123),  ('CLS Classification Loss', 0.1266046)
[INFO] 2022-09-28 16:33:36,551 [    train.py:  228]:	('Ner Acc', 0.9968366), ('CLS Classification Acc', 0.96608496)
[INFO] 2022-09-28 16:33:45,125 [    train.py:  237]:	Precision 0.055 Recall 0.008 F1 0.014
[INFO] 2022-09-28 16:34:00,442 [    train.py:  185]:	Epoch 15: 
[INFO] 2022-09-28 16:34:00,443 [    train.py:  186]:	Train:
[INFO] 2022-09-28 16:34:00,447 [    train.py:  198]:	Loss 0.1111, ('Ner Loss', 0.014108074828982353),  ('CLS Classification Loss', 0.09702635556459427)
[INFO] 2022-09-28 16:34:00,447 [    train.py:  208]:	('Ner Acc', 0.9962605237960815),  ('CLS Classification Acc', 0.9677579402923584)
[INFO] 2022-09-28 16:34:02,681 [    train.py:  220]:	Evaluate:
[INFO] 2022-09-28 16:34:02,682 [    train.py:  227]:	Loss 0.1411, ('Ner Loss', 0.013055491),  ('CLS Classification Loss', 0.12800282)
[INFO] 2022-09-28 16:34:02,682 [    train.py:  228]:	('Ner Acc', 0.9969141), ('CLS Classification Acc', 0.96654177)
[INFO] 2022-09-28 16:34:11,274 [    train.py:  237]:	Precision 0.069 Recall 0.013 F1 0.022
[INFO] 2022-09-28 16:34:26,555 [    train.py:  185]:	Epoch 16: 
[INFO] 2022-09-28 16:34:26,556 [    train.py:  186]:	Train:
[INFO] 2022-09-28 16:34:26,561 [    train.py:  198]:	Loss 0.1028, ('Ner Loss', 0.013296116143465042),  ('CLS Classification Loss', 0.089471735060215)
[INFO] 2022-09-28 16:34:26,561 [    train.py:  208]:	('Ner Acc', 0.9963414669036865),  ('CLS Classification Acc', 0.9686012268066406)
[INFO] 2022-09-28 16:34:28,854 [    train.py:  220]:	Evaluate:
[INFO] 2022-09-28 16:34:28,854 [    train.py:  227]:	Loss 0.1444, ('Ner Loss', 0.013031992),  ('CLS Classification Loss', 0.13137689)
[INFO] 2022-09-28 16:34:28,855 [    train.py:  228]:	('Ner Acc', 0.9969405), ('CLS Classification Acc', 0.96699864)
[INFO] 2022-09-28 16:34:37,281 [    train.py:  237]:	Precision 0.100 Recall 0.022 F1 0.037
[INFO] 2022-09-28 16:34:52,452 [    train.py:  185]:	Epoch 17: 
[INFO] 2022-09-28 16:34:52,452 [    train.py:  186]:	Train:
[INFO] 2022-09-28 16:34:52,456 [    train.py:  198]:	Loss 0.0962, ('Ner Loss', 0.01249681320041418),  ('CLS Classification Loss', 0.08370421826839447)
[INFO] 2022-09-28 16:34:52,456 [    train.py:  208]:	('Ner Acc', 0.9963883757591248),  ('CLS Classification Acc', 0.9692957401275635)
[INFO] 2022-09-28 16:34:54,774 [    train.py:  220]:	Evaluate:
[INFO] 2022-09-28 16:34:54,775 [    train.py:  227]:	Loss 0.1305, ('Ner Loss', 0.012327673),  ('CLS Classification Loss', 0.11817668)
[INFO] 2022-09-28 16:34:54,775 [    train.py:  228]:	('Ner Acc', 0.99706167), ('CLS Classification Acc', 0.9665722)
[INFO] 2022-09-28 16:35:03,696 [    train.py:  237]:	Precision 0.145 Recall 0.063 F1 0.088
[INFO] 2022-09-28 16:35:18,837 [    train.py:  185]:	Epoch 18: 
[INFO] 2022-09-28 16:35:18,838 [    train.py:  186]:	Train:
[INFO] 2022-09-28 16:35:18,844 [    train.py:  198]:	Loss 0.0884, ('Ner Loss', 0.011617040261626244),  ('CLS Classification Loss', 0.0767589807510376)
[INFO] 2022-09-28 16:35:18,844 [    train.py:  208]:	('Ner Acc', 0.9966346621513367),  ('CLS Classification Acc', 0.9716519117355347)
[INFO] 2022-09-28 16:35:21,088 [    train.py:  220]:	Evaluate:
[INFO] 2022-09-28 16:35:21,089 [    train.py:  227]:	Loss 0.1244, ('Ner Loss', 0.011762751),  ('CLS Classification Loss', 0.11267068)
[INFO] 2022-09-28 16:35:21,089 [    train.py:  228]:	('Ner Acc', 0.9972261), ('CLS Classification Acc', 0.9675469)
[INFO] 2022-09-28 16:35:29,697 [    train.py:  237]:	Precision 0.292 Recall 0.093 F1 0.142
[INFO] 2022-09-28 16:35:45,201 [    train.py:  185]:	Epoch 19: 
[INFO] 2022-09-28 16:35:45,202 [    train.py:  186]:	Train:
[INFO] 2022-09-28 16:35:45,205 [    train.py:  198]:	Loss 0.0823, ('Ner Loss', 0.010722383856773376),  ('CLS Classification Loss', 0.07161668688058853)
[INFO] 2022-09-28 16:35:45,205 [    train.py:  208]:	('Ner Acc', 0.9968006610870361),  ('CLS Classification Acc', 0.9736854434013367)
[INFO] 2022-09-28 16:35:47,512 [    train.py:  220]:	Evaluate:
[INFO] 2022-09-28 16:35:47,513 [    train.py:  227]:	Loss 0.1272, ('Ner Loss', 0.011698317),  ('CLS Classification Loss', 0.1155149)
[INFO] 2022-09-28 16:35:47,513 [    train.py:  228]:	('Ner Acc', 0.9972684), ('CLS Classification Acc', 0.96759254)
[INFO] 2022-09-28 16:35:56,035 [    train.py:  237]:	Precision 0.350 Recall 0.178 F1 0.236
[INFO] 2022-09-28 16:36:11,419 [    train.py:  185]:	Epoch 20: 
[INFO] 2022-09-28 16:36:11,419 [    train.py:  186]:	Train:
[INFO] 2022-09-28 16:36:11,424 [    train.py:  198]:	Loss 0.0800, ('Ner Loss', 0.010521698743104935),  ('CLS Classification Loss', 0.06950844079256058)
[INFO] 2022-09-28 16:36:11,424 [    train.py:  208]:	('Ner Acc', 0.9968457818031311),  ('CLS Classification Acc', 0.9747023582458496)
[INFO] 2022-09-28 16:36:13,739 [    train.py:  220]:	Evaluate:
[INFO] 2022-09-28 16:36:13,740 [    train.py:  227]:	Loss 0.1201, ('Ner Loss', 0.011186359),  ('CLS Classification Loss', 0.108886406)
[INFO] 2022-09-28 16:36:13,740 [    train.py:  228]:	('Ner Acc', 0.9973121), ('CLS Classification Acc', 0.9671663)
[INFO] 2022-09-28 16:36:22,375 [    train.py:  237]:	Precision 0.334 Recall 0.181 F1 0.235
[INFO] 2022-09-28 16:36:37,816 [    train.py:  185]:	Epoch 21: 
[INFO] 2022-09-28 16:36:37,817 [    train.py:  186]:	Train:
[INFO] 2022-09-28 16:36:37,821 [    train.py:  198]:	Loss 0.0740, ('Ner Loss', 0.01008706446737051),  ('CLS Classification Loss', 0.06391192972660065)
[INFO] 2022-09-28 16:36:37,821 [    train.py:  208]:	('Ner Acc', 0.9969254732131958),  ('CLS Classification Acc', 0.976438581943512)
[INFO] 2022-09-28 16:36:40,094 [    train.py:  220]:	Evaluate:
[INFO] 2022-09-28 16:36:40,095 [    train.py:  227]:	Loss 0.1301, ('Ner Loss', 0.011932285),  ('CLS Classification Loss', 0.1181873)
[INFO] 2022-09-28 16:36:40,095 [    train.py:  228]:	('Ner Acc', 0.9973486), ('CLS Classification Acc', 0.96642)
[INFO] 2022-09-28 16:36:48,759 [    train.py:  237]:	Precision 0.337 Recall 0.182 F1 0.237
[INFO] 2022-09-28 16:37:04,146 [    train.py:  185]:	Epoch 22: 
[INFO] 2022-09-28 16:37:04,146 [    train.py:  186]:	Train:
[INFO] 2022-09-28 16:37:04,150 [    train.py:  198]:	Loss 0.0684, ('Ner Loss', 0.009689047001302242),  ('CLS Classification Loss', 0.058735158294439316)
[INFO] 2022-09-28 16:37:04,151 [    train.py:  208]:	('Ner Acc', 0.9970210194587708),  ('CLS Classification Acc', 0.9778521656990051)
[INFO] 2022-09-28 16:37:06,413 [    train.py:  220]:	Evaluate:
[INFO] 2022-09-28 16:37:06,413 [    train.py:  227]:	Loss 0.1298, ('Ner Loss', 0.0114132445),  ('CLS Classification Loss', 0.118338965)
[INFO] 2022-09-28 16:37:06,413 [    train.py:  228]:	('Ner Acc', 0.99731725), ('CLS Classification Acc', 0.9659174)
[INFO] 2022-09-28 16:37:14,882 [    train.py:  237]:	Precision 0.301 Recall 0.199 F1 0.239
[INFO] 2022-09-28 16:37:30,307 [    train.py:  185]:	Epoch 23: 
[INFO] 2022-09-28 16:37:30,307 [    train.py:  186]:	Train:
[INFO] 2022-09-28 16:37:30,315 [    train.py:  198]:	Loss 0.0660, ('Ner Loss', 0.009509100578725338),  ('CLS Classification Loss', 0.0565386526286602)
[INFO] 2022-09-28 16:37:30,315 [    train.py:  208]:	('Ner Acc', 0.9970091581344604),  ('CLS Classification Acc', 0.9783483147621155)
[INFO] 2022-09-28 16:37:32,634 [    train.py:  220]:	Evaluate:
[INFO] 2022-09-28 16:37:32,634 [    train.py:  227]:	Loss 0.1266, ('Ner Loss', 0.011163935),  ('CLS Classification Loss', 0.115441985)
[INFO] 2022-09-28 16:37:32,635 [    train.py:  228]:	('Ner Acc', 0.9973991), ('CLS Classification Acc', 0.96669406)
[INFO] 2022-09-28 16:37:41,334 [    train.py:  237]:	Precision 0.316 Recall 0.189 F1 0.237
[INFO] 2022-09-28 16:37:56,734 [    train.py:  185]:	Epoch 24: 
[INFO] 2022-09-28 16:37:56,734 [    train.py:  186]:	Train:
[INFO] 2022-09-28 16:37:56,737 [    train.py:  198]:	Loss 0.0628, ('Ner Loss', 0.009113242849707603),  ('CLS Classification Loss', 0.05366919934749603)
[INFO] 2022-09-28 16:37:56,737 [    train.py:  208]:	('Ner Acc', 0.9971100091934204),  ('CLS Classification Acc', 0.9792409539222717)
[INFO] 2022-09-28 16:37:59,012 [    train.py:  220]:	Evaluate:
[INFO] 2022-09-28 16:37:59,013 [    train.py:  227]:	Loss 0.1444, ('Ner Loss', 0.0119736595),  ('CLS Classification Loss', 0.13237838)
[INFO] 2022-09-28 16:37:59,013 [    train.py:  228]:	('Ner Acc', 0.9972581), ('CLS Classification Acc', 0.96596307)
[INFO] 2022-09-28 16:38:07,626 [    train.py:  237]:	Precision 0.306 Recall 0.191 F1 0.235
[INFO] 2022-09-28 16:38:22,965 [    train.py:  185]:	Epoch 25: 
[INFO] 2022-09-28 16:38:22,965 [    train.py:  186]:	Train:
[INFO] 2022-09-28 16:38:22,968 [    train.py:  198]:	Loss 0.0581, ('Ner Loss', 0.00897989422082901),  ('CLS Classification Loss', 0.04913327470421791)
[INFO] 2022-09-28 16:38:22,969 [    train.py:  208]:	('Ner Acc', 0.997157096862793),  ('CLS Classification Acc', 0.9810763597488403)
[INFO] 2022-09-28 16:38:25,243 [    train.py:  220]:	Evaluate:
[INFO] 2022-09-28 16:38:25,244 [    train.py:  227]:	Loss 0.1404, ('Ner Loss', 0.012376914),  ('CLS Classification Loss', 0.12805612)
[INFO] 2022-09-28 16:38:25,244 [    train.py:  228]:	('Ner Acc', 0.99725324), ('CLS Classification Acc', 0.9619578)
[INFO] 2022-09-28 16:38:33,884 [    train.py:  237]:	Precision 0.263 Recall 0.192 F1 0.222
[INFO] 2022-09-28 16:38:49,291 [    train.py:  185]:	Epoch 26: 
[INFO] 2022-09-28 16:38:49,291 [    train.py:  186]:	Train:
[INFO] 2022-09-28 16:38:49,294 [    train.py:  198]:	Loss 0.0568, ('Ner Loss', 0.008575048297643661),  ('CLS Classification Loss', 0.04827342927455902)
[INFO] 2022-09-28 16:38:49,294 [    train.py:  208]:	('Ner Acc', 0.9971169829368591),  ('CLS Classification Acc', 0.9811508059501648)
[INFO] 2022-09-28 16:38:51,597 [    train.py:  220]:	Evaluate:
[INFO] 2022-09-28 16:38:51,598 [    train.py:  227]:	Loss 0.1393, ('Ner Loss', 0.011083365),  ('CLS Classification Loss', 0.1281942)
[INFO] 2022-09-28 16:38:51,598 [    train.py:  228]:	('Ner Acc', 0.9971723), ('CLS Classification Acc', 0.9642878)
[INFO] 2022-09-28 16:38:59,950 [    train.py:  237]:	Precision 0.300 Recall 0.225 F1 0.257
[INFO] 2022-09-28 16:39:15,041 [    train.py:  185]:	Epoch 27: 
[INFO] 2022-09-28 16:39:15,042 [    train.py:  186]:	Train:
[INFO] 2022-09-28 16:39:15,049 [    train.py:  198]:	Loss 0.0533, ('Ner Loss', 0.008303347043693066),  ('CLS Classification Loss', 0.04502427577972412)
[INFO] 2022-09-28 16:39:15,049 [    train.py:  208]:	('Ner Acc', 0.9972926378250122),  ('CLS Classification Acc', 0.982465386390686)
[INFO] 2022-09-28 16:39:17,281 [    train.py:  220]:	Evaluate:
[INFO] 2022-09-28 16:39:17,281 [    train.py:  227]:	Loss 0.1384, ('Ner Loss', 0.011557546),  ('CLS Classification Loss', 0.12685649)
[INFO] 2022-09-28 16:39:17,282 [    train.py:  228]:	('Ner Acc', 0.9972749), ('CLS Classification Acc', 0.9647752)
[INFO] 2022-09-28 16:39:25,862 [    train.py:  237]:	Precision 0.282 Recall 0.243 F1 0.261
[INFO] 2022-09-28 16:39:41,229 [    train.py:  185]:	Epoch 28: 
[INFO] 2022-09-28 16:39:41,230 [    train.py:  186]:	Train:
[INFO] 2022-09-28 16:39:41,234 [    train.py:  198]:	Loss 0.0510, ('Ner Loss', 0.008098015561699867),  ('CLS Classification Loss', 0.042894281446933746)
[INFO] 2022-09-28 16:39:41,234 [    train.py:  208]:	('Ner Acc', 0.997173011302948),  ('CLS Classification Acc', 0.9827132225036621)
[INFO] 2022-09-28 16:39:43,480 [    train.py:  220]:	Evaluate:
[INFO] 2022-09-28 16:39:43,481 [    train.py:  227]:	Loss 0.1400, ('Ner Loss', 0.011845686),  ('CLS Classification Loss', 0.12810898)
[INFO] 2022-09-28 16:39:43,481 [    train.py:  228]:	('Ner Acc', 0.9973077), ('CLS Classification Acc', 0.9631914)
[INFO] 2022-09-28 16:39:52,009 [    train.py:  237]:	Precision 0.272 Recall 0.245 F1 0.258
[INFO] 2022-09-28 16:40:07,368 [    train.py:  185]:	Epoch 29: 
[INFO] 2022-09-28 16:40:07,369 [    train.py:  186]:	Train:
[INFO] 2022-09-28 16:40:07,372 [    train.py:  198]:	Loss 0.0479, ('Ner Loss', 0.007727751508355141),  ('CLS Classification Loss', 0.040182892233133316)
[INFO] 2022-09-28 16:40:07,372 [    train.py:  208]:	('Ner Acc', 0.9972308278083801),  ('CLS Classification Acc', 0.983978271484375)
[INFO] 2022-09-28 16:40:09,585 [    train.py:  220]:	Evaluate:
[INFO] 2022-09-28 16:40:09,586 [    train.py:  227]:	Loss 0.1455, ('Ner Loss', 0.011189625),  ('CLS Classification Loss', 0.13435899)
[INFO] 2022-09-28 16:40:09,586 [    train.py:  228]:	('Ner Acc', 0.997177), ('CLS Classification Acc', 0.96314573)
[INFO] 2022-09-28 16:40:18,201 [    train.py:  237]:	Precision 0.295 Recall 0.254 F1 0.273
[INFO] 2022-09-28 16:40:33,440 [    train.py:  185]:	Epoch 30: 
[INFO] 2022-09-28 16:40:33,441 [    train.py:  186]:	Train:
[INFO] 2022-09-28 16:40:33,446 [    train.py:  198]:	Loss 0.0498, ('Ner Loss', 0.00759380217641592),  ('CLS Classification Loss', 0.042188651859760284)
[INFO] 2022-09-28 16:40:33,446 [    train.py:  208]:	('Ner Acc', 0.9974128603935242),  ('CLS Classification Acc', 0.9835317134857178)
[INFO] 2022-09-28 16:40:35,748 [    train.py:  220]:	Evaluate:
[INFO] 2022-09-28 16:40:35,749 [    train.py:  227]:	Loss 0.1409, ('Ner Loss', 0.01137262),  ('CLS Classification Loss', 0.12956877)
[INFO] 2022-09-28 16:40:35,749 [    train.py:  228]:	('Ner Acc', 0.9973184), ('CLS Classification Acc', 0.9659174)
[INFO] 2022-09-28 16:40:44,268 [    train.py:  237]:	Precision 0.311 Recall 0.225 F1 0.261
[INFO] 2022-09-28 16:40:59,685 [    train.py:  185]:	Epoch 31: 
[INFO] 2022-09-28 16:40:59,685 [    train.py:  186]:	Train:
[INFO] 2022-09-28 16:40:59,688 [    train.py:  198]:	Loss 0.0449, ('Ner Loss', 0.007493562996387482),  ('CLS Classification Loss', 0.037448104470968246)
[INFO] 2022-09-28 16:40:59,689 [    train.py:  208]:	('Ner Acc', 0.9974218010902405),  ('CLS Classification Acc', 0.9843998551368713)
[INFO] 2022-09-28 16:41:01,955 [    train.py:  220]:	Evaluate:
[INFO] 2022-09-28 16:41:01,956 [    train.py:  227]:	Loss 0.1499, ('Ner Loss', 0.012291246),  ('CLS Classification Loss', 0.1375692)
[INFO] 2022-09-28 16:41:01,956 [    train.py:  228]:	('Ner Acc', 0.99733937), ('CLS Classification Acc', 0.96232337)
[INFO] 2022-09-28 16:41:10,616 [    train.py:  237]:	Precision 0.282 Recall 0.275 F1 0.278
[INFO] 2022-09-28 16:41:26,050 [    train.py:  185]:	Epoch 32: 
[INFO] 2022-09-28 16:41:26,050 [    train.py:  186]:	Train:
[INFO] 2022-09-28 16:41:26,055 [    train.py:  198]:	Loss 0.0431, ('Ner Loss', 0.007162650115787983),  ('CLS Classification Loss', 0.03596723452210426)
[INFO] 2022-09-28 16:41:26,056 [    train.py:  208]:	('Ner Acc', 0.9974967837333679),  ('CLS Classification Acc', 0.9849206209182739)
[INFO] 2022-09-28 16:41:28,345 [    train.py:  220]:	Evaluate:
[INFO] 2022-09-28 16:41:28,346 [    train.py:  227]:	Loss 0.1525, ('Ner Loss', 0.011741927),  ('CLS Classification Loss', 0.14077392)
[INFO] 2022-09-28 16:41:28,346 [    train.py:  228]:	('Ner Acc', 0.9973194), ('CLS Classification Acc', 0.9655366)
[INFO] 2022-09-28 16:41:37,362 [    train.py:  237]:	Precision 0.306 Recall 0.278 F1 0.292
[INFO] 2022-09-28 16:41:52,613 [    train.py:  185]:	Epoch 33: 
[INFO] 2022-09-28 16:41:52,613 [    train.py:  186]:	Train:
[INFO] 2022-09-28 16:41:52,617 [    train.py:  198]:	Loss 0.0403, ('Ner Loss', 0.006845225114375353),  ('CLS Classification Loss', 0.03348209708929062)
[INFO] 2022-09-28 16:41:52,617 [    train.py:  208]:	('Ner Acc', 0.9974780678749084),  ('CLS Classification Acc', 0.9863837957382202)
[INFO] 2022-09-28 16:41:54,924 [    train.py:  220]:	Evaluate:
[INFO] 2022-09-28 16:41:54,925 [    train.py:  227]:	Loss 0.1660, ('Ner Loss', 0.011842443),  ('CLS Classification Loss', 0.15417035)
[INFO] 2022-09-28 16:41:54,925 [    train.py:  228]:	('Ner Acc', 0.9972472), ('CLS Classification Acc', 0.9616076)
[INFO] 2022-09-28 16:42:03,471 [    train.py:  237]:	Precision 0.285 Recall 0.270 F1 0.277
[INFO] 2022-09-28 16:42:18,892 [    train.py:  185]:	Epoch 34: 
[INFO] 2022-09-28 16:42:18,893 [    train.py:  186]:	Train:
[INFO] 2022-09-28 16:42:18,901 [    train.py:  198]:	Loss 0.0402, ('Ner Loss', 0.006704350002110004),  ('CLS Classification Loss', 0.033454135060310364)
[INFO] 2022-09-28 16:42:18,901 [    train.py:  208]:	('Ner Acc', 0.9975505471229553),  ('CLS Classification Acc', 0.986433744430542)
[INFO] 2022-09-28 16:42:21,183 [    train.py:  220]:	Evaluate:
[INFO] 2022-09-28 16:42:21,183 [    train.py:  227]:	Loss 0.1457, ('Ner Loss', 0.011397316),  ('CLS Classification Loss', 0.1342643)
[INFO] 2022-09-28 16:42:21,184 [    train.py:  228]:	('Ner Acc', 0.9972462), ('CLS Classification Acc', 0.96503407)
[INFO] 2022-09-28 16:42:29,664 [    train.py:  237]:	Precision 0.283 Recall 0.279 F1 0.281
[INFO] 2022-09-28 16:42:45,039 [    train.py:  185]:	Epoch 35: 
[INFO] 2022-09-28 16:42:45,039 [    train.py:  186]:	Train:
[INFO] 2022-09-28 16:42:45,044 [    train.py:  198]:	Loss 0.0380, ('Ner Loss', 0.00658387690782547),  ('CLS Classification Loss', 0.031461767852306366)
[INFO] 2022-09-28 16:42:45,044 [    train.py:  208]:	('Ner Acc', 0.9975551962852478),  ('CLS Classification Acc', 0.9873508810997009)
[INFO] 2022-09-28 16:42:47,299 [    train.py:  220]:	Evaluate:
[INFO] 2022-09-28 16:42:47,300 [    train.py:  227]:	Loss 0.1445, ('Ner Loss', 0.011308881),  ('CLS Classification Loss', 0.13315311)
[INFO] 2022-09-28 16:42:47,300 [    train.py:  228]:	('Ner Acc', 0.9973834), ('CLS Classification Acc', 0.9650646)
[INFO] 2022-09-28 16:42:55,756 [    train.py:  237]:	Precision 0.296 Recall 0.280 F1 0.288
[INFO] 2022-09-28 16:43:11,235 [    train.py:  185]:	Epoch 36: 
[INFO] 2022-09-28 16:43:11,236 [    train.py:  186]:	Train:
[INFO] 2022-09-28 16:43:11,240 [    train.py:  198]:	Loss 0.0353, ('Ner Loss', 0.006220755632966757),  ('CLS Classification Loss', 0.029073262587189674)
[INFO] 2022-09-28 16:43:11,240 [    train.py:  208]:	('Ner Acc', 0.9976466298103333),  ('CLS Classification Acc', 0.987500011920929)
[INFO] 2022-09-28 16:43:13,487 [    train.py:  220]:	Evaluate:
[INFO] 2022-09-28 16:43:13,487 [    train.py:  227]:	Loss 0.1559, ('Ner Loss', 0.011718119),  ('CLS Classification Loss', 0.14413904)
[INFO] 2022-09-28 16:43:13,487 [    train.py:  228]:	('Ner Acc', 0.9973264), ('CLS Classification Acc', 0.9638767)
[INFO] 2022-09-28 16:43:22,145 [    train.py:  237]:	Precision 0.291 Recall 0.283 F1 0.287
[INFO] 2022-09-28 16:43:37,832 [    train.py:  185]:	Epoch 37: 
[INFO] 2022-09-28 16:43:37,833 [    train.py:  186]:	Train:
[INFO] 2022-09-28 16:43:37,836 [    train.py:  198]:	Loss 0.0361, ('Ner Loss', 0.006214727647602558),  ('CLS Classification Loss', 0.029858166351914406)
[INFO] 2022-09-28 16:43:37,836 [    train.py:  208]:	('Ner Acc', 0.9976179003715515),  ('CLS Classification Acc', 0.9879217147827148)
[INFO] 2022-09-28 16:43:40,095 [    train.py:  220]:	Evaluate:
[INFO] 2022-09-28 16:43:40,095 [    train.py:  227]:	Loss 0.1440, ('Ner Loss', 0.01208351),  ('CLS Classification Loss', 0.13191524)
[INFO] 2022-09-28 16:43:40,096 [    train.py:  228]:	('Ner Acc', 0.9972393), ('CLS Classification Acc', 0.9655824)
[INFO] 2022-09-28 16:43:48,768 [    train.py:  237]:	Precision 0.307 Recall 0.271 F1 0.288
[INFO] 2022-09-28 16:44:04,065 [    train.py:  185]:	Epoch 38: 
[INFO] 2022-09-28 16:44:04,066 [    train.py:  186]:	Train:
[INFO] 2022-09-28 16:44:04,070 [    train.py:  198]:	Loss 0.0345, ('Ner Loss', 0.006139016710221767),  ('CLS Classification Loss', 0.028334826231002808)
[INFO] 2022-09-28 16:44:04,070 [    train.py:  208]:	('Ner Acc', 0.9976015090942383),  ('CLS Classification Acc', 0.9883182048797607)
[INFO] 2022-09-28 16:44:06,352 [    train.py:  220]:	Evaluate:
[INFO] 2022-09-28 16:44:06,352 [    train.py:  227]:	Loss 0.1499, ('Ner Loss', 0.0114773875),  ('CLS Classification Loss', 0.13841146)
[INFO] 2022-09-28 16:44:06,353 [    train.py:  228]:	('Ner Acc', 0.9973595), ('CLS Classification Acc', 0.9640747)
[INFO] 2022-09-28 16:44:14,949 [    train.py:  237]:	Precision 0.304 Recall 0.269 F1 0.285
[INFO] 2022-09-28 16:44:30,368 [    train.py:  185]:	Epoch 39: 
[INFO] 2022-09-28 16:44:30,369 [    train.py:  186]:	Train:
[INFO] 2022-09-28 16:44:30,374 [    train.py:  198]:	Loss 0.0354, ('Ner Loss', 0.005982321221381426),  ('CLS Classification Loss', 0.02938913367688656)
[INFO] 2022-09-28 16:44:30,374 [    train.py:  208]:	('Ner Acc', 0.9976986646652222),  ('CLS Classification Acc', 0.9879464507102966)
[INFO] 2022-09-28 16:44:32,655 [    train.py:  220]:	Evaluate:
[INFO] 2022-09-28 16:44:32,656 [    train.py:  227]:	Loss 0.1673, ('Ner Loss', 0.012235023),  ('CLS Classification Loss', 0.15504439)
[INFO] 2022-09-28 16:44:32,656 [    train.py:  228]:	('Ner Acc', 0.9974283), ('CLS Classification Acc', 0.9627803)
[INFO] 2022-09-28 16:44:41,204 [    train.py:  237]:	Precision 0.287 Recall 0.290 F1 0.289
[INFO] 2022-09-28 16:44:56,647 [    train.py:  185]:	Epoch 40: 
[INFO] 2022-09-28 16:44:56,648 [    train.py:  186]:	Train:
[INFO] 2022-09-28 16:44:56,652 [    train.py:  198]:	Loss 0.0302, ('Ner Loss', 0.00548935029655695),  ('CLS Classification Loss', 0.024703674018383026)
[INFO] 2022-09-28 16:44:56,652 [    train.py:  208]:	('Ner Acc', 0.9977469444274902),  ('CLS Classification Acc', 0.9902775287628174)
[INFO] 2022-09-28 16:44:58,954 [    train.py:  220]:	Evaluate:
[INFO] 2022-09-28 16:44:58,955 [    train.py:  227]:	Loss 0.1589, ('Ner Loss', 0.011115956),  ('CLS Classification Loss', 0.14777017)
[INFO] 2022-09-28 16:44:58,955 [    train.py:  228]:	('Ner Acc', 0.9972415), ('CLS Classification Acc', 0.96511036)
[INFO] 2022-09-28 16:45:07,753 [    train.py:  237]:	Precision 0.297 Recall 0.280 F1 0.288
[INFO] 2022-09-28 16:45:23,074 [    train.py:  185]:	Epoch 41: 
[INFO] 2022-09-28 16:45:23,074 [    train.py:  186]:	Train:
[INFO] 2022-09-28 16:45:23,078 [    train.py:  198]:	Loss 0.0271, ('Ner Loss', 0.0052915760315954685),  ('CLS Classification Loss', 0.021791325882077217)
[INFO] 2022-09-28 16:45:23,078 [    train.py:  208]:	('Ner Acc', 0.997847855091095),  ('CLS Classification Acc', 0.9908232688903809)
[INFO] 2022-09-28 16:45:25,297 [    train.py:  220]:	Evaluate:
[INFO] 2022-09-28 16:45:25,298 [    train.py:  227]:	Loss 0.1738, ('Ner Loss', 0.012734949),  ('CLS Classification Loss', 0.16104321)
[INFO] 2022-09-28 16:45:25,298 [    train.py:  228]:	('Ner Acc', 0.9973785), ('CLS Classification Acc', 0.9643945)
[INFO] 2022-09-28 16:45:34,200 [    train.py:  237]:	Precision 0.287 Recall 0.292 F1 0.290
[INFO] 2022-09-28 16:45:49,477 [    train.py:  185]:	Epoch 42: 
[INFO] 2022-09-28 16:45:49,477 [    train.py:  186]:	Train:
[INFO] 2022-09-28 16:45:49,482 [    train.py:  198]:	Loss 0.0268, ('Ner Loss', 0.005023959558457136),  ('CLS Classification Loss', 0.021739333868026733)
[INFO] 2022-09-28 16:45:49,482 [    train.py:  208]:	('Ner Acc', 0.9978709816932678),  ('CLS Classification Acc', 0.9913442134857178)
[INFO] 2022-09-28 16:45:51,741 [    train.py:  220]:	Evaluate:
[INFO] 2022-09-28 16:45:51,742 [    train.py:  227]:	Loss 0.1597, ('Ner Loss', 0.012043637),  ('CLS Classification Loss', 0.14767219)
[INFO] 2022-09-28 16:45:51,742 [    train.py:  228]:	('Ner Acc', 0.99720174), ('CLS Classification Acc', 0.9662068)
[INFO] 2022-09-28 16:46:00,254 [    train.py:  237]:	Precision 0.310 Recall 0.311 F1 0.311
[INFO] 2022-09-28 16:46:15,558 [    train.py:  185]:	Epoch 43: 
[INFO] 2022-09-28 16:46:15,559 [    train.py:  186]:	Train:
[INFO] 2022-09-28 16:46:15,562 [    train.py:  198]:	Loss 0.0265, ('Ner Loss', 0.005029662977904081),  ('CLS Classification Loss', 0.02143668197095394)
[INFO] 2022-09-28 16:46:15,562 [    train.py:  208]:	('Ner Acc', 0.9978709816932678),  ('CLS Classification Acc', 0.9911211133003235)
[INFO] 2022-09-28 16:46:17,846 [    train.py:  220]:	Evaluate:
[INFO] 2022-09-28 16:46:17,846 [    train.py:  227]:	Loss 0.1609, ('Ner Loss', 0.012611436),  ('CLS Classification Loss', 0.14831994)
[INFO] 2022-09-28 16:46:17,846 [    train.py:  228]:	('Ner Acc', 0.9973859), ('CLS Classification Acc', 0.966694)
[INFO] 2022-09-28 16:46:26,444 [    train.py:  237]:	Precision 0.311 Recall 0.291 F1 0.301
[INFO] 2022-09-28 16:46:41,851 [    train.py:  185]:	Epoch 44: 
[INFO] 2022-09-28 16:46:41,851 [    train.py:  186]:	Train:
[INFO] 2022-09-28 16:46:41,857 [    train.py:  198]:	Loss 0.0280, ('Ner Loss', 0.004953903146088123),  ('CLS Classification Loss', 0.023018816486001015)
[INFO] 2022-09-28 16:46:41,857 [    train.py:  208]:	('Ner Acc', 0.9978874325752258),  ('CLS Classification Acc', 0.9906994700431824)
[INFO] 2022-09-28 16:46:44,185 [    train.py:  220]:	Evaluate:
[INFO] 2022-09-28 16:46:44,185 [    train.py:  227]:	Loss 0.1366, ('Ner Loss', 0.011791505),  ('CLS Classification Loss', 0.12479762)
[INFO] 2022-09-28 16:46:44,185 [    train.py:  228]:	('Ner Acc', 0.9973293), ('CLS Classification Acc', 0.96218634)
[INFO] 2022-09-28 16:46:52,776 [    train.py:  237]:	Precision 0.259 Recall 0.282 F1 0.270
[INFO] 2022-09-28 16:47:08,127 [    train.py:  185]:	Epoch 45: 
[INFO] 2022-09-28 16:47:08,128 [    train.py:  186]:	Train:
[INFO] 2022-09-28 16:47:08,134 [    train.py:  198]:	Loss 0.0327, ('Ner Loss', 0.00529314624145627),  ('CLS Classification Loss', 0.027418212965130806)
[INFO] 2022-09-28 16:47:08,135 [    train.py:  208]:	('Ner Acc', 0.9977894425392151),  ('CLS Classification Acc', 0.988467276096344)
[INFO] 2022-09-28 16:47:10,457 [    train.py:  220]:	Evaluate:
[INFO] 2022-09-28 16:47:10,458 [    train.py:  227]:	Loss 0.1564, ('Ner Loss', 0.013078215),  ('CLS Classification Loss', 0.1432786)
[INFO] 2022-09-28 16:47:10,458 [    train.py:  228]:	('Ner Acc', 0.99729174), ('CLS Classification Acc', 0.9662829)
[INFO] 2022-09-28 16:47:18,992 [    train.py:  237]:	Precision 0.314 Recall 0.322 F1 0.318
[INFO] 2022-09-28 16:47:34,447 [    train.py:  185]:	Epoch 46: 
[INFO] 2022-09-28 16:47:34,448 [    train.py:  186]:	Train:
[INFO] 2022-09-28 16:47:34,452 [    train.py:  198]:	Loss 0.0255, ('Ner Loss', 0.004779111593961716),  ('CLS Classification Loss', 0.020672911778092384)
[INFO] 2022-09-28 16:47:34,453 [    train.py:  208]:	('Ner Acc', 0.9979463815689087),  ('CLS Classification Acc', 0.9916170239448547)
[INFO] 2022-09-28 16:47:36,752 [    train.py:  220]:	Evaluate:
[INFO] 2022-09-28 16:47:36,752 [    train.py:  227]:	Loss 0.1623, ('Ner Loss', 0.013579494),  ('CLS Classification Loss', 0.14875482)
[INFO] 2022-09-28 16:47:36,752 [    train.py:  228]:	('Ner Acc', 0.99740237), ('CLS Classification Acc', 0.96530825)
[INFO] 2022-09-28 16:47:45,290 [    train.py:  237]:	Precision 0.306 Recall 0.308 F1 0.307
[INFO] 2022-09-28 16:48:00,516 [    train.py:  185]:	Epoch 47: 
[INFO] 2022-09-28 16:48:00,517 [    train.py:  186]:	Train:
[INFO] 2022-09-28 16:48:00,524 [    train.py:  198]:	Loss 0.0241, ('Ner Loss', 0.004464911762624979),  ('CLS Classification Loss', 0.01962679997086525)
[INFO] 2022-09-28 16:48:00,524 [    train.py:  208]:	('Ner Acc', 0.9979925751686096),  ('CLS Classification Acc', 0.9917908906936646)
[INFO] 2022-09-28 16:48:02,814 [    train.py:  220]:	Evaluate:
[INFO] 2022-09-28 16:48:02,815 [    train.py:  227]:	Loss 0.1610, ('Ner Loss', 0.012947032),  ('CLS Classification Loss', 0.14807718)
[INFO] 2022-09-28 16:48:02,815 [    train.py:  228]:	('Ner Acc', 0.997399), ('CLS Classification Acc', 0.96571934)
[INFO] 2022-09-28 16:48:11,256 [    train.py:  237]:	Precision 0.311 Recall 0.311 F1 0.311
[INFO] 2022-09-28 16:48:26,576 [    train.py:  185]:	Epoch 48: 
[INFO] 2022-09-28 16:48:26,577 [    train.py:  186]:	Train:
[INFO] 2022-09-28 16:48:26,580 [    train.py:  198]:	Loss 0.0223, ('Ner Loss', 0.004328208509832621),  ('CLS Classification Loss', 0.017930081114172935)
[INFO] 2022-09-28 16:48:26,581 [    train.py:  208]:	('Ner Acc', 0.9981054067611694),  ('CLS Classification Acc', 0.9931548833847046)
[INFO] 2022-09-28 16:48:28,825 [    train.py:  220]:	Evaluate:
[INFO] 2022-09-28 16:48:28,826 [    train.py:  227]:	Loss 0.1575, ('Ner Loss', 0.013045626),  ('CLS Classification Loss', 0.14447209)
[INFO] 2022-09-28 16:48:28,826 [    train.py:  228]:	('Ner Acc', 0.99744946), ('CLS Classification Acc', 0.96175987)
[INFO] 2022-09-28 16:48:37,342 [    train.py:  237]:	Precision 0.296 Recall 0.342 F1 0.318
[INFO] 2022-09-28 16:48:52,717 [    train.py:  185]:	Epoch 49: 
[INFO] 2022-09-28 16:48:52,717 [    train.py:  186]:	Train:
[INFO] 2022-09-28 16:48:52,720 [    train.py:  198]:	Loss 0.0204, ('Ner Loss', 0.004162910860031843),  ('CLS Classification Loss', 0.016277948394417763)
[INFO] 2022-09-28 16:48:52,721 [    train.py:  208]:	('Ner Acc', 0.9982041716575623),  ('CLS Classification Acc', 0.9933532476425171)
[INFO] 2022-09-28 16:48:54,976 [    train.py:  220]:	Evaluate:
[INFO] 2022-09-28 16:48:54,976 [    train.py:  227]:	Loss 0.1744, ('Ner Loss', 0.014374416),  ('CLS Classification Loss', 0.16004592)
[INFO] 2022-09-28 16:48:54,976 [    train.py:  228]:	('Ner Acc', 0.9974048), ('CLS Classification Acc', 0.96405953)
[INFO] 2022-09-28 16:49:03,587 [    train.py:  237]:	Precision 0.311 Recall 0.331 F1 0.321
[INFO] 2022-09-28 16:49:18,955 [    train.py:  185]:	Epoch 50: 
[INFO] 2022-09-28 16:49:18,956 [    train.py:  186]:	Train:
[INFO] 2022-09-28 16:49:18,962 [    train.py:  198]:	Loss 0.0200, ('Ner Loss', 0.003907901234924793),  ('CLS Classification Loss', 0.016135893762111664)
[INFO] 2022-09-28 16:49:18,962 [    train.py:  208]:	('Ner Acc', 0.9982897043228149),  ('CLS Classification Acc', 0.9935020208358765)
[INFO] 2022-09-28 16:49:21,248 [    train.py:  220]:	Evaluate:
[INFO] 2022-09-28 16:49:21,248 [    train.py:  227]:	Loss 0.1742, ('Ner Loss', 0.014374096),  ('CLS Classification Loss', 0.15986831)
[INFO] 2022-09-28 16:49:21,248 [    train.py:  228]:	('Ner Acc', 0.9974516), ('CLS Classification Acc', 0.9640899)
[INFO] 2022-09-28 16:49:29,795 [    train.py:  237]:	Precision 0.315 Recall 0.334 F1 0.324
[INFO] 2022-09-28 16:49:45,359 [    train.py:  185]:	Epoch 51: 
[INFO] 2022-09-28 16:49:45,359 [    train.py:  186]:	Train:
[INFO] 2022-09-28 16:49:45,364 [    train.py:  198]:	Loss 0.0192, ('Ner Loss', 0.003859861521050334),  ('CLS Classification Loss', 0.015306945890188217)
[INFO] 2022-09-28 16:49:45,364 [    train.py:  208]:	('Ner Acc', 0.9982779622077942),  ('CLS Classification Acc', 0.9937252402305603)
[INFO] 2022-09-28 16:49:47,648 [    train.py:  220]:	Evaluate:
[INFO] 2022-09-28 16:49:47,648 [    train.py:  227]:	Loss 0.1837, ('Ner Loss', 0.016234174),  ('CLS Classification Loss', 0.16746503)
[INFO] 2022-09-28 16:49:47,648 [    train.py:  228]:	('Ner Acc', 0.9974529), ('CLS Classification Acc', 0.9645467)
[INFO] 2022-09-28 16:49:56,170 [    train.py:  237]:	Precision 0.318 Recall 0.331 F1 0.324
[INFO] 2022-09-28 16:50:11,534 [    train.py:  185]:	Epoch 52: 
[INFO] 2022-09-28 16:50:11,535 [    train.py:  186]:	Train:
[INFO] 2022-09-28 16:50:11,538 [    train.py:  198]:	Loss 0.0184, ('Ner Loss', 0.003815924748778343),  ('CLS Classification Loss', 0.014544263482093811)
[INFO] 2022-09-28 16:50:11,538 [    train.py:  208]:	('Ner Acc', 0.9983214139938354),  ('CLS Classification Acc', 0.9939237236976624)
[INFO] 2022-09-28 16:50:13,788 [    train.py:  220]:	Evaluate:
[INFO] 2022-09-28 16:50:13,788 [    train.py:  227]:	Loss 0.1814, ('Ner Loss', 0.014435249),  ('CLS Classification Loss', 0.1670072)
[INFO] 2022-09-28 16:50:13,788 [    train.py:  228]:	('Ner Acc', 0.9975332), ('CLS Classification Acc', 0.9634807)
[INFO] 2022-09-28 16:50:22,640 [    train.py:  237]:	Precision 0.306 Recall 0.337 F1 0.321
[INFO] 2022-09-28 16:50:38,040 [    train.py:  185]:	Epoch 53: 
[INFO] 2022-09-28 16:50:38,040 [    train.py:  186]:	Train:
[INFO] 2022-09-28 16:50:38,043 [    train.py:  198]:	Loss 0.0186, ('Ner Loss', 0.003455606522038579),  ('CLS Classification Loss', 0.015182684175670147)
[INFO] 2022-09-28 16:50:38,043 [    train.py:  208]:	('Ner Acc', 0.9984259605407715),  ('CLS Classification Acc', 0.9936755299568176)
[INFO] 2022-09-28 16:50:40,324 [    train.py:  220]:	Evaluate:
[INFO] 2022-09-28 16:50:40,324 [    train.py:  227]:	Loss 0.1837, ('Ner Loss', 0.015295452),  ('CLS Classification Loss', 0.16842324)
[INFO] 2022-09-28 16:50:40,324 [    train.py:  228]:	('Ner Acc', 0.9974465), ('CLS Classification Acc', 0.9656128)
[INFO] 2022-09-28 16:50:48,919 [    train.py:  237]:	Precision 0.330 Recall 0.354 F1 0.342
[INFO] 2022-09-28 16:51:04,084 [    train.py:  185]:	Epoch 54: 
[INFO] 2022-09-28 16:51:04,085 [    train.py:  186]:	Train:
[INFO] 2022-09-28 16:51:04,089 [    train.py:  198]:	Loss 0.0181, ('Ner Loss', 0.0033435248769819736),  ('CLS Classification Loss', 0.01476705726236105)
[INFO] 2022-09-28 16:51:04,089 [    train.py:  208]:	('Ner Acc', 0.9986242055892944),  ('CLS Classification Acc', 0.9942212700843811)
[INFO] 2022-09-28 16:51:06,361 [    train.py:  220]:	Evaluate:
[INFO] 2022-09-28 16:51:06,362 [    train.py:  227]:	Loss 0.1720, ('Ner Loss', 0.015203997),  ('CLS Classification Loss', 0.15682979)
[INFO] 2022-09-28 16:51:06,362 [    train.py:  228]:	('Ner Acc', 0.9975018), ('CLS Classification Acc', 0.9664656)
[INFO] 2022-09-28 16:51:14,855 [    train.py:  237]:	Precision 0.337 Recall 0.353 F1 0.345
[INFO] 2022-09-28 16:51:30,447 [    train.py:  185]:	Epoch 55: 
[INFO] 2022-09-28 16:51:30,448 [    train.py:  186]:	Train:
[INFO] 2022-09-28 16:51:30,454 [    train.py:  198]:	Loss 0.0164, ('Ner Loss', 0.0033794802147895098),  ('CLS Classification Loss', 0.012976797297596931)
[INFO] 2022-09-28 16:51:30,454 [    train.py:  208]:	('Ner Acc', 0.998537540435791),  ('CLS Classification Acc', 0.9943205714225769)
[INFO] 2022-09-28 16:51:32,701 [    train.py:  220]:	Evaluate:
[INFO] 2022-09-28 16:51:32,701 [    train.py:  227]:	Loss 0.1944, ('Ner Loss', 0.013881681),  ('CLS Classification Loss', 0.18052672)
[INFO] 2022-09-28 16:51:32,702 [    train.py:  228]:	('Ner Acc', 0.9974849), ('CLS Classification Acc', 0.9663742)
[INFO] 2022-09-28 16:51:41,643 [    train.py:  237]:	Precision 0.368 Recall 0.364 F1 0.366
[INFO] 2022-09-28 16:51:56,897 [    train.py:  185]:	Epoch 56: 
[INFO] 2022-09-28 16:51:56,897 [    train.py:  186]:	Train:
[INFO] 2022-09-28 16:51:56,901 [    train.py:  198]:	Loss 0.0168, ('Ner Loss', 0.0033091518562287092),  ('CLS Classification Loss', 0.013504858128726482)
[INFO] 2022-09-28 16:51:56,901 [    train.py:  208]:	('Ner Acc', 0.9984334707260132),  ('CLS Classification Acc', 0.9943950176239014)
[INFO] 2022-09-28 16:51:59,185 [    train.py:  220]:	Evaluate:
[INFO] 2022-09-28 16:51:59,185 [    train.py:  227]:	Loss 0.1868, ('Ner Loss', 0.015068967),  ('CLS Classification Loss', 0.17169605)
[INFO] 2022-09-28 16:51:59,186 [    train.py:  228]:	('Ner Acc', 0.99741703), ('CLS Classification Acc', 0.9642574)
[INFO] 2022-09-28 16:52:07,737 [    train.py:  237]:	Precision 0.341 Recall 0.373 F1 0.356
[INFO] 2022-09-28 16:52:23,189 [    train.py:  185]:	Epoch 57: 
[INFO] 2022-09-28 16:52:23,190 [    train.py:  186]:	Train:
[INFO] 2022-09-28 16:52:23,192 [    train.py:  198]:	Loss 0.0144, ('Ner Loss', 0.003054208355024457),  ('CLS Classification Loss', 0.011298853904008865)
[INFO] 2022-09-28 16:52:23,192 [    train.py:  208]:	('Ner Acc', 0.9986069798469543),  ('CLS Classification Acc', 0.9957096576690674)
[INFO] 2022-09-28 16:52:25,445 [    train.py:  220]:	Evaluate:
[INFO] 2022-09-28 16:52:25,445 [    train.py:  227]:	Loss 0.1892, ('Ner Loss', 0.014893739),  ('CLS Classification Loss', 0.17425632)
[INFO] 2022-09-28 16:52:25,446 [    train.py:  228]:	('Ner Acc', 0.9974808), ('CLS Classification Acc', 0.96692246)
[INFO] 2022-09-28 16:52:34,084 [    train.py:  237]:	Precision 0.370 Recall 0.379 F1 0.374
[INFO] 2022-09-28 16:52:49,809 [    train.py:  185]:	Epoch 58: 
[INFO] 2022-09-28 16:52:49,810 [    train.py:  186]:	Train:
[INFO] 2022-09-28 16:52:49,813 [    train.py:  198]:	Loss 0.0150, ('Ner Loss', 0.002977043157443404),  ('CLS Classification Loss', 0.012031693942844868)
[INFO] 2022-09-28 16:52:49,813 [    train.py:  208]:	('Ner Acc', 0.9986732602119446),  ('CLS Classification Acc', 0.9955854415893555)
[INFO] 2022-09-28 16:52:52,158 [    train.py:  220]:	Evaluate:
[INFO] 2022-09-28 16:52:52,159 [    train.py:  227]:	Loss 0.1845, ('Ner Loss', 0.014610192),  ('CLS Classification Loss', 0.16989328)
[INFO] 2022-09-28 16:52:52,159 [    train.py:  228]:	('Ner Acc', 0.99751043), ('CLS Classification Acc', 0.9649123)
[INFO] 2022-09-28 16:53:00,719 [    train.py:  237]:	Precision 0.361 Recall 0.406 F1 0.382
[INFO] 2022-09-28 16:53:16,007 [    train.py:  185]:	Epoch 59: 
[INFO] 2022-09-28 16:53:16,007 [    train.py:  186]:	Train:
[INFO] 2022-09-28 16:53:16,010 [    train.py:  198]:	Loss 0.0140, ('Ner Loss', 0.0028921794146299362),  ('CLS Classification Loss', 0.011063511483371258)
[INFO] 2022-09-28 16:53:16,010 [    train.py:  208]:	('Ner Acc', 0.99871826171875),  ('CLS Classification Acc', 0.9955110549926758)
[INFO] 2022-09-28 16:53:18,299 [    train.py:  220]:	Evaluate:
[INFO] 2022-09-28 16:53:18,299 [    train.py:  227]:	Loss 0.1760, ('Ner Loss', 0.01370696),  ('CLS Classification Loss', 0.16228841)
[INFO] 2022-09-28 16:53:18,299 [    train.py:  228]:	('Ner Acc', 0.997458), ('CLS Classification Acc', 0.96567374)
[INFO] 2022-09-28 16:53:26,760 [    train.py:  237]:	Precision 0.353 Recall 0.413 F1 0.380
[INFO] 2022-09-28 16:53:42,143 [    train.py:  185]:	Epoch 60: 
[INFO] 2022-09-28 16:53:42,143 [    train.py:  186]:	Train:
[INFO] 2022-09-28 16:53:42,149 [    train.py:  198]:	Loss 0.0137, ('Ner Loss', 0.002761628944426775),  ('CLS Classification Loss', 0.010966219939291477)
[INFO] 2022-09-28 16:53:42,149 [    train.py:  208]:	('Ner Acc', 0.9987078905105591),  ('CLS Classification Acc', 0.9955857396125793)
[INFO] 2022-09-28 16:53:44,420 [    train.py:  220]:	Evaluate:
[INFO] 2022-09-28 16:53:44,420 [    train.py:  227]:	Loss 0.1831, ('Ner Loss', 0.015044026),  ('CLS Classification Loss', 0.16803646)
[INFO] 2022-09-28 16:53:44,421 [    train.py:  228]:	('Ner Acc', 0.99718404), ('CLS Classification Acc', 0.96599346)
[INFO] 2022-09-28 16:53:53,287 [    train.py:  237]:	Precision 0.357 Recall 0.412 F1 0.382
[INFO] 2022-09-28 16:54:08,643 [    train.py:  185]:	Epoch 61: 
[INFO] 2022-09-28 16:54:08,643 [    train.py:  186]:	Train:
[INFO] 2022-09-28 16:54:08,646 [    train.py:  198]:	Loss 0.0139, ('Ner Loss', 0.002761377254500985),  ('CLS Classification Loss', 0.011124107986688614)
[INFO] 2022-09-28 16:54:08,646 [    train.py:  208]:	('Ner Acc', 0.9987561106681824),  ('CLS Classification Acc', 0.995783805847168)
[INFO] 2022-09-28 16:54:10,865 [    train.py:  220]:	Evaluate:
[INFO] 2022-09-28 16:54:10,866 [    train.py:  227]:	Loss 0.1963, ('Ner Loss', 0.01568885),  ('CLS Classification Loss', 0.1806398)
[INFO] 2022-09-28 16:54:10,866 [    train.py:  228]:	('Ner Acc', 0.99749374), ('CLS Classification Acc', 0.9668616)
[INFO] 2022-09-28 16:54:19,401 [    train.py:  237]:	Precision 0.380 Recall 0.394 F1 0.387
[INFO] 2022-09-28 16:54:34,751 [    train.py:  185]:	Epoch 62: 
[INFO] 2022-09-28 16:54:34,752 [    train.py:  186]:	Train:
[INFO] 2022-09-28 16:54:34,756 [    train.py:  198]:	Loss 0.0132, ('Ner Loss', 0.0026197752449661493),  ('CLS Classification Loss', 0.010542070493102074)
[INFO] 2022-09-28 16:54:34,757 [    train.py:  208]:	('Ner Acc', 0.9988034963607788),  ('CLS Classification Acc', 0.9961062669754028)
[INFO] 2022-09-28 16:54:36,979 [    train.py:  220]:	Evaluate:
[INFO] 2022-09-28 16:54:36,979 [    train.py:  227]:	Loss 0.1801, ('Ner Loss', 0.015820475),  ('CLS Classification Loss', 0.16423611)
[INFO] 2022-09-28 16:54:36,980 [    train.py:  228]:	('Ner Acc', 0.99721014), ('CLS Classification Acc', 0.96699864)
[INFO] 2022-09-28 16:54:45,456 [    train.py:  237]:	Precision 0.358 Recall 0.413 F1 0.384
[INFO] 2022-09-28 16:55:00,614 [    train.py:  185]:	Epoch 63: 
[INFO] 2022-09-28 16:55:00,615 [    train.py:  186]:	Train:
[INFO] 2022-09-28 16:55:00,618 [    train.py:  198]:	Loss 0.0124, ('Ner Loss', 0.002647117944434285),  ('CLS Classification Loss', 0.009774400852620602)
[INFO] 2022-09-28 16:55:00,618 [    train.py:  208]:	('Ner Acc', 0.9988816380500793),  ('CLS Classification Acc', 0.996279776096344)
[INFO] 2022-09-28 16:55:02,841 [    train.py:  220]:	Evaluate:
[INFO] 2022-09-28 16:55:02,841 [    train.py:  227]:	Loss 0.1956, ('Ner Loss', 0.01579781),  ('CLS Classification Loss', 0.17979676)
[INFO] 2022-09-28 16:55:02,842 [    train.py:  228]:	('Ner Acc', 0.9975174), ('CLS Classification Acc', 0.9658717)
[INFO] 2022-09-28 16:55:11,296 [    train.py:  237]:	Precision 0.398 Recall 0.431 F1 0.414
[INFO] 2022-09-28 16:55:26,462 [    train.py:  185]:	Epoch 64: 
[INFO] 2022-09-28 16:55:26,462 [    train.py:  186]:	Train:
[INFO] 2022-09-28 16:55:26,465 [    train.py:  198]:	Loss 0.0161, ('Ner Loss', 0.007368823513388634),  ('CLS Classification Loss', 0.008751529268920422)
[INFO] 2022-09-28 16:55:26,465 [    train.py:  208]:	('Ner Acc', 0.9982972145080566),  ('CLS Classification Acc', 0.9965529441833496)
[INFO] 2022-09-28 16:55:28,775 [    train.py:  220]:	Evaluate:
[INFO] 2022-09-28 16:55:28,775 [    train.py:  227]:	Loss 0.1911, ('Ner Loss', 0.016800344),  ('CLS Classification Loss', 0.17434382)
[INFO] 2022-09-28 16:55:28,775 [    train.py:  228]:	('Ner Acc', 0.9973529), ('CLS Classification Acc', 0.9651407)
[INFO] 2022-09-28 16:55:37,986 [    train.py:  237]:	Precision 0.351 Recall 0.414 F1 0.380
[INFO] 2022-09-28 16:55:53,558 [    train.py:  185]:	Epoch 65: 
[INFO] 2022-09-28 16:55:53,558 [    train.py:  186]:	Train:
[INFO] 2022-09-28 16:55:53,560 [    train.py:  198]:	Loss 0.0170, ('Ner Loss', 0.003129784017801285),  ('CLS Classification Loss', 0.013827668502926826)
[INFO] 2022-09-28 16:55:53,560 [    train.py:  208]:	('Ner Acc', 0.998566746711731),  ('CLS Classification Acc', 0.9947671294212341)
[INFO] 2022-09-28 16:55:55,861 [    train.py:  220]:	Evaluate:
[INFO] 2022-09-28 16:55:55,862 [    train.py:  227]:	Loss 0.1763, ('Ner Loss', 0.014967495),  ('CLS Classification Loss', 0.16134755)
[INFO] 2022-09-28 16:55:55,862 [    train.py:  228]:	('Ner Acc', 0.9976385), ('CLS Classification Acc', 0.9653235)
[INFO] 2022-09-28 16:56:04,507 [    train.py:  237]:	Precision 0.376 Recall 0.407 F1 0.391
[INFO] 2022-09-28 16:56:19,922 [    train.py:  185]:	Epoch 66: 
[INFO] 2022-09-28 16:56:19,923 [    train.py:  186]:	Train:
[INFO] 2022-09-28 16:56:19,926 [    train.py:  198]:	Loss 0.0126, ('Ner Loss', 0.002587662311270833),  ('CLS Classification Loss', 0.01005516853183508)
[INFO] 2022-09-28 16:56:19,927 [    train.py:  208]:	('Ner Acc', 0.9988240003585815),  ('CLS Classification Acc', 0.9958334565162659)
[INFO] 2022-09-28 16:56:22,239 [    train.py:  220]:	Evaluate:
[INFO] 2022-09-28 16:56:22,240 [    train.py:  227]:	Loss 0.1780, ('Ner Loss', 0.01499019),  ('CLS Classification Loss', 0.16304728)
[INFO] 2022-09-28 16:56:22,240 [    train.py:  228]:	('Ner Acc', 0.99759024), ('CLS Classification Acc', 0.96817136)
[INFO] 2022-09-28 16:56:30,950 [    train.py:  237]:	Precision 0.392 Recall 0.404 F1 0.397
[INFO] 2022-09-28 16:56:46,320 [    train.py:  185]:	Epoch 67: 
[INFO] 2022-09-28 16:56:46,321 [    train.py:  186]:	Train:
[INFO] 2022-09-28 16:56:46,327 [    train.py:  198]:	Loss 0.0118, ('Ner Loss', 0.002501049777492881),  ('CLS Classification Loss', 0.009275986813008785)
[INFO] 2022-09-28 16:56:46,328 [    train.py:  208]:	('Ner Acc', 0.9988933205604553),  ('CLS Classification Acc', 0.9964039325714111)
[INFO] 2022-09-28 16:56:48,590 [    train.py:  220]:	Evaluate:
[INFO] 2022-09-28 16:56:48,591 [    train.py:  227]:	Loss 0.1822, ('Ner Loss', 0.015707472),  ('CLS Classification Loss', 0.16648945)
[INFO] 2022-09-28 16:56:48,591 [    train.py:  228]:	('Ner Acc', 0.9974917), ('CLS Classification Acc', 0.9655062)
[INFO] 2022-09-28 16:56:57,096 [    train.py:  237]:	Precision 0.362 Recall 0.437 F1 0.396
[INFO] 2022-09-28 16:57:12,444 [    train.py:  185]:	Epoch 68: 
[INFO] 2022-09-28 16:57:12,445 [    train.py:  186]:	Train:
[INFO] 2022-09-28 16:57:12,450 [    train.py:  198]:	Loss 0.0110, ('Ner Loss', 0.0024001807905733585),  ('CLS Classification Loss', 0.008608849719166756)
[INFO] 2022-09-28 16:57:12,450 [    train.py:  208]:	('Ner Acc', 0.99897700548172),  ('CLS Classification Acc', 0.996701717376709)
[INFO] 2022-09-28 16:57:14,654 [    train.py:  220]:	Evaluate:
[INFO] 2022-09-28 16:57:14,655 [    train.py:  227]:	Loss 0.2091, ('Ner Loss', 0.017507086),  ('CLS Classification Loss', 0.19164132)
[INFO] 2022-09-28 16:57:14,655 [    train.py:  228]:	('Ner Acc', 0.99759984), ('CLS Classification Acc', 0.9682018)
[INFO] 2022-09-28 16:57:23,284 [    train.py:  237]:	Precision 0.440 Recall 0.419 F1 0.429
[INFO] 2022-09-28 16:57:38,753 [    train.py:  185]:	Epoch 69: 
[INFO] 2022-09-28 16:57:38,753 [    train.py:  186]:	Train:
[INFO] 2022-09-28 16:57:38,757 [    train.py:  198]:	Loss 0.0089, ('Ner Loss', 0.002271949080750346),  ('CLS Classification Loss', 0.006614294834434986)
[INFO] 2022-09-28 16:57:38,757 [    train.py:  208]:	('Ner Acc', 0.9989175200462341),  ('CLS Classification Acc', 0.9975201487541199)
[INFO] 2022-09-28 16:57:41,054 [    train.py:  220]:	Evaluate:
[INFO] 2022-09-28 16:57:41,055 [    train.py:  227]:	Loss 0.2016, ('Ner Loss', 0.016082246),  ('CLS Classification Loss', 0.18555047)
[INFO] 2022-09-28 16:57:41,055 [    train.py:  228]:	('Ner Acc', 0.9977636), ('CLS Classification Acc', 0.9656127)
[INFO] 2022-09-28 16:57:49,441 [    train.py:  237]:	Precision 0.391 Recall 0.401 F1 0.396
[INFO] 2022-09-28 16:58:04,921 [    train.py:  185]:	Epoch 70: 
[INFO] 2022-09-28 16:58:04,921 [    train.py:  186]:	Train:
[INFO] 2022-09-28 16:58:04,926 [    train.py:  198]:	Loss 0.0087, ('Ner Loss', 0.0021306509152054787),  ('CLS Classification Loss', 0.006559719331562519)
[INFO] 2022-09-28 16:58:04,926 [    train.py:  208]:	('Ner Acc', 0.9989526867866516),  ('CLS Classification Acc', 0.9978424310684204)
[INFO] 2022-09-28 16:58:07,178 [    train.py:  220]:	Evaluate:
[INFO] 2022-09-28 16:58:07,179 [    train.py:  227]:	Loss 0.2032, ('Ner Loss', 0.01681743),  ('CLS Classification Loss', 0.18635915)
[INFO] 2022-09-28 16:58:07,179 [    train.py:  228]:	('Ner Acc', 0.9975705), ('CLS Classification Acc', 0.9685368)
[INFO] 2022-09-28 16:58:15,720 [    train.py:  237]:	Precision 0.416 Recall 0.434 F1 0.425
[INFO] 2022-09-28 16:58:30,983 [    train.py:  185]:	Epoch 71: 
[INFO] 2022-09-28 16:58:30,984 [    train.py:  186]:	Train:
[INFO] 2022-09-28 16:58:30,990 [    train.py:  198]:	Loss 0.0074, ('Ner Loss', 0.0020297556184232235),  ('CLS Classification Loss', 0.005369872320443392)
[INFO] 2022-09-28 16:58:30,990 [    train.py:  208]:	('Ner Acc', 0.9991331696510315),  ('CLS Classification Acc', 0.9979168772697449)
[INFO] 2022-09-28 16:58:33,252 [    train.py:  220]:	Evaluate:
[INFO] 2022-09-28 16:58:33,253 [    train.py:  227]:	Loss 0.1988, ('Ner Loss', 0.017343944),  ('CLS Classification Loss', 0.1814802)
[INFO] 2022-09-28 16:58:33,253 [    train.py:  228]:	('Ner Acc', 0.99764884), ('CLS Classification Acc', 0.96818656)
[INFO] 2022-09-28 16:58:41,822 [    train.py:  237]:	Precision 0.396 Recall 0.432 F1 0.413
[INFO] 2022-09-28 16:58:57,215 [    train.py:  185]:	Epoch 72: 
[INFO] 2022-09-28 16:58:57,215 [    train.py:  186]:	Train:
[INFO] 2022-09-28 16:58:57,219 [    train.py:  198]:	Loss 0.0070, ('Ner Loss', 0.0018984945490956306),  ('CLS Classification Loss', 0.0051102726720273495)
[INFO] 2022-09-28 16:58:57,219 [    train.py:  208]:	('Ner Acc', 0.9991145730018616),  ('CLS Classification Acc', 0.9981400370597839)
[INFO] 2022-09-28 16:58:59,553 [    train.py:  220]:	Evaluate:
[INFO] 2022-09-28 16:58:59,553 [    train.py:  227]:	Loss 0.2068, ('Ner Loss', 0.017800508),  ('CLS Classification Loss', 0.18900296)
[INFO] 2022-09-28 16:58:59,553 [    train.py:  228]:	('Ner Acc', 0.9975855), ('CLS Classification Acc', 0.96888703)
[INFO] 2022-09-28 16:59:07,962 [    train.py:  237]:	Precision 0.413 Recall 0.454 F1 0.433
[INFO] 2022-09-28 16:59:23,394 [    train.py:  185]:	Epoch 73: 
[INFO] 2022-09-28 16:59:23,394 [    train.py:  186]:	Train:
[INFO] 2022-09-28 16:59:23,397 [    train.py:  198]:	Loss 0.0074, ('Ner Loss', 0.0018218766199424863),  ('CLS Classification Loss', 0.005606325808912516)
[INFO] 2022-09-28 16:59:23,397 [    train.py:  208]:	('Ner Acc', 0.9991213083267212),  ('CLS Classification Acc', 0.9977185130119324)
[INFO] 2022-09-28 16:59:25,668 [    train.py:  220]:	Evaluate:
[INFO] 2022-09-28 16:59:25,668 [    train.py:  227]:	Loss 0.2154, ('Ner Loss', 0.019110838),  ('CLS Classification Loss', 0.19627137)
[INFO] 2022-09-28 16:59:25,668 [    train.py:  228]:	('Ner Acc', 0.9977152), ('CLS Classification Acc', 0.96948093)
[INFO] 2022-09-28 16:59:34,445 [    train.py:  237]:	Precision 0.450 Recall 0.422 F1 0.436
[INFO] 2022-09-28 16:59:50,043 [    train.py:  185]:	Epoch 74: 
[INFO] 2022-09-28 16:59:50,044 [    train.py:  186]:	Train:
[INFO] 2022-09-28 16:59:50,049 [    train.py:  198]:	Loss 0.0078, ('Ner Loss', 0.0018297565402463078),  ('CLS Classification Loss', 0.005932063329964876)
[INFO] 2022-09-28 16:59:50,049 [    train.py:  208]:	('Ner Acc', 0.9991382956504822),  ('CLS Classification Acc', 0.9980162382125854)
[INFO] 2022-09-28 16:59:52,364 [    train.py:  220]:	Evaluate:
[INFO] 2022-09-28 16:59:52,365 [    train.py:  227]:	Loss 0.1995, ('Ner Loss', 0.019246668),  ('CLS Classification Loss', 0.18028046)
[INFO] 2022-09-28 16:59:52,365 [    train.py:  228]:	('Ner Acc', 0.9976878), ('CLS Classification Acc', 0.96977043)
[INFO] 2022-09-28 17:00:00,936 [    train.py:  237]:	Precision 0.417 Recall 0.402 F1 0.409
[INFO] 2022-09-28 17:00:16,183 [    train.py:  185]:	Epoch 75: 
[INFO] 2022-09-28 17:00:16,183 [    train.py:  186]:	Train:
[INFO] 2022-09-28 17:00:16,186 [    train.py:  198]:	Loss 0.0074, ('Ner Loss', 0.0018045532051473856),  ('CLS Classification Loss', 0.005573056172579527)
[INFO] 2022-09-28 17:00:16,186 [    train.py:  208]:	('Ner Acc', 0.9991658926010132),  ('CLS Classification Acc', 0.9980160593986511)
[INFO] 2022-09-28 17:00:18,463 [    train.py:  220]:	Evaluate:
[INFO] 2022-09-28 17:00:18,463 [    train.py:  227]:	Loss 0.1971, ('Ner Loss', 0.017270016),  ('CLS Classification Loss', 0.1798581)
[INFO] 2022-09-28 17:00:18,463 [    train.py:  228]:	('Ner Acc', 0.9976885), ('CLS Classification Acc', 0.9683235)
[INFO] 2022-09-28 17:00:27,081 [    train.py:  237]:	Precision 0.416 Recall 0.440 F1 0.428
[INFO] 2022-09-28 17:00:42,483 [    train.py:  185]:	Epoch 76: 
[INFO] 2022-09-28 17:00:42,483 [    train.py:  186]:	Train:
[INFO] 2022-09-28 17:00:42,486 [    train.py:  198]:	Loss 0.0076, ('Ner Loss', 0.0017841977532953024),  ('CLS Classification Loss', 0.005800972692668438)
[INFO] 2022-09-28 17:00:42,486 [    train.py:  208]:	('Ner Acc', 0.999164342880249),  ('CLS Classification Acc', 0.9982391595840454)
[INFO] 2022-09-28 17:00:44,772 [    train.py:  220]:	Evaluate:
[INFO] 2022-09-28 17:00:44,773 [    train.py:  227]:	Loss 0.2095, ('Ner Loss', 0.018387437),  ('CLS Classification Loss', 0.1911068)
[INFO] 2022-09-28 17:00:44,773 [    train.py:  228]:	('Ner Acc', 0.9974167), ('CLS Classification Acc', 0.970943)
[INFO] 2022-09-28 17:00:53,237 [    train.py:  237]:	Precision 0.406 Recall 0.436 F1 0.420
[INFO] 2022-09-28 17:01:08,572 [    train.py:  185]:	Epoch 77: 
[INFO] 2022-09-28 17:01:08,572 [    train.py:  186]:	Train:
[INFO] 2022-09-28 17:01:08,574 [    train.py:  198]:	Loss 0.0086, ('Ner Loss', 0.0018548251828178763),  ('CLS Classification Loss', 0.006749558262526989)
[INFO] 2022-09-28 17:01:08,575 [    train.py:  208]:	('Ner Acc', 0.9991537928581238),  ('CLS Classification Acc', 0.9975695013999939)
[INFO] 2022-09-28 17:01:10,868 [    train.py:  220]:	Evaluate:
[INFO] 2022-09-28 17:01:10,869 [    train.py:  227]:	Loss 0.1969, ('Ner Loss', 0.020266028),  ('CLS Classification Loss', 0.17658925)
[INFO] 2022-09-28 17:01:10,869 [    train.py:  228]:	('Ner Acc', 0.99734867), ('CLS Classification Acc', 0.9690546)
[INFO] 2022-09-28 17:01:19,561 [    train.py:  237]:	Precision 0.368 Recall 0.449 F1 0.404
[INFO] 2022-09-28 17:01:35,056 [    train.py:  185]:	Epoch 78: 
[INFO] 2022-09-28 17:01:35,056 [    train.py:  186]:	Train:
[INFO] 2022-09-28 17:01:35,061 [    train.py:  198]:	Loss 0.0081, ('Ner Loss', 0.0018049823120236397),  ('CLS Classification Loss', 0.006313764490187168)
[INFO] 2022-09-28 17:01:35,061 [    train.py:  208]:	('Ner Acc', 0.9992016553878784),  ('CLS Classification Acc', 0.9976439476013184)
[INFO] 2022-09-28 17:01:37,370 [    train.py:  220]:	Evaluate:
[INFO] 2022-09-28 17:01:37,371 [    train.py:  227]:	Loss 0.1946, ('Ner Loss', 0.018705454),  ('CLS Classification Loss', 0.17590125)
[INFO] 2022-09-28 17:01:37,371 [    train.py:  228]:	('Ner Acc', 0.9974279), ('CLS Classification Acc', 0.9671663)
[INFO] 2022-09-28 17:01:45,943 [    train.py:  237]:	Precision 0.396 Recall 0.441 F1 0.417
[INFO] 2022-09-28 17:02:01,320 [    train.py:  185]:	Epoch 79: 
[INFO] 2022-09-28 17:02:01,320 [    train.py:  186]:	Train:
[INFO] 2022-09-28 17:02:01,324 [    train.py:  198]:	Loss 0.0074, ('Ner Loss', 0.0017607081681489944),  ('CLS Classification Loss', 0.005659802351146936)
[INFO] 2022-09-28 17:02:01,324 [    train.py:  208]:	('Ner Acc', 0.9991796016693115),  ('CLS Classification Acc', 0.9978177547454834)
[INFO] 2022-09-28 17:02:03,615 [    train.py:  220]:	Evaluate:
[INFO] 2022-09-28 17:02:03,615 [    train.py:  227]:	Loss 0.2138, ('Ner Loss', 0.018810445),  ('CLS Classification Loss', 0.19497608)
[INFO] 2022-09-28 17:02:03,616 [    train.py:  228]:	('Ner Acc', 0.997531), ('CLS Classification Acc', 0.96811044)
[INFO] 2022-09-28 17:02:12,146 [    train.py:  237]:	Precision 0.424 Recall 0.459 F1 0.441
[INFO] 2022-09-28 17:02:27,821 [    train.py:  185]:	Epoch 80: 
[INFO] 2022-09-28 17:02:27,822 [    train.py:  186]:	Train:
[INFO] 2022-09-28 17:02:27,834 [    train.py:  198]:	Loss 0.0069, ('Ner Loss', 0.0016195327043533325),  ('CLS Classification Loss', 0.005274603608995676)
[INFO] 2022-09-28 17:02:27,834 [    train.py:  208]:	('Ner Acc', 0.9992427229881287),  ('CLS Classification Acc', 0.9979169368743896)
[INFO] 2022-09-28 17:02:30,084 [    train.py:  220]:	Evaluate:
[INFO] 2022-09-28 17:02:30,085 [    train.py:  227]:	Loss 0.2155, ('Ner Loss', 0.020341411),  ('CLS Classification Loss', 0.19512562)
[INFO] 2022-09-28 17:02:30,085 [    train.py:  228]:	('Ner Acc', 0.9976123), ('CLS Classification Acc', 0.9672728)
[INFO] 2022-09-28 17:02:38,609 [    train.py:  237]:	Precision 0.414 Recall 0.457 F1 0.434
[INFO] 2022-09-28 17:02:53,900 [    train.py:  185]:	Epoch 81: 
[INFO] 2022-09-28 17:02:53,900 [    train.py:  186]:	Train:
[INFO] 2022-09-28 17:02:53,903 [    train.py:  198]:	Loss 0.0078, ('Ner Loss', 0.001899306895211339),  ('CLS Classification Loss', 0.005883939564228058)
[INFO] 2022-09-28 17:02:53,903 [    train.py:  208]:	('Ner Acc', 0.9991133809089661),  ('CLS Classification Acc', 0.9979167580604553)
[INFO] 2022-09-28 17:02:56,191 [    train.py:  220]:	Evaluate:
[INFO] 2022-09-28 17:02:56,192 [    train.py:  227]:	Loss 0.1933, ('Ner Loss', 0.018699992),  ('CLS Classification Loss', 0.17461559)
[INFO] 2022-09-28 17:02:56,192 [    train.py:  228]:	('Ner Acc', 0.99768245), ('CLS Classification Acc', 0.96948093)
[INFO] 2022-09-28 17:03:04,724 [    train.py:  237]:	Precision 0.434 Recall 0.451 F1 0.443
[INFO] 2022-09-28 17:03:20,070 [    train.py:  185]:	Epoch 82: 
[INFO] 2022-09-28 17:03:20,070 [    train.py:  186]:	Train:
[INFO] 2022-09-28 17:03:20,072 [    train.py:  198]:	Loss 0.0074, ('Ner Loss', 0.0015427501639351249),  ('CLS Classification Loss', 0.005846106447279453)
[INFO] 2022-09-28 17:03:20,072 [    train.py:  208]:	('Ner Acc', 0.9992782473564148),  ('CLS Classification Acc', 0.9977185726165771)
[INFO] 2022-09-28 17:03:22,367 [    train.py:  220]:	Evaluate:
[INFO] 2022-09-28 17:03:22,368 [    train.py:  227]:	Loss 0.1998, ('Ner Loss', 0.018853355),  ('CLS Classification Loss', 0.18095647)
[INFO] 2022-09-28 17:03:22,368 [    train.py:  228]:	('Ner Acc', 0.9974911), ('CLS Classification Acc', 0.9682019)
[INFO] 2022-09-28 17:03:30,937 [    train.py:  237]:	Precision 0.397 Recall 0.430 F1 0.412
[INFO] 2022-09-28 17:03:46,479 [    train.py:  185]:	Epoch 83: 
[INFO] 2022-09-28 17:03:46,480 [    train.py:  186]:	Train:
[INFO] 2022-09-28 17:03:46,486 [    train.py:  198]:	Loss 0.0065, ('Ner Loss', 0.0014825010439381003),  ('CLS Classification Loss', 0.005063713062554598)
[INFO] 2022-09-28 17:03:46,486 [    train.py:  208]:	('Ner Acc', 0.9992640614509583),  ('CLS Classification Acc', 0.998363196849823)
[INFO] 2022-09-28 17:03:48,768 [    train.py:  220]:	Evaluate:
[INFO] 2022-09-28 17:03:48,769 [    train.py:  227]:	Loss 0.2210, ('Ner Loss', 0.022403292),  ('CLS Classification Loss', 0.19862084)
[INFO] 2022-09-28 17:03:48,769 [    train.py:  228]:	('Ner Acc', 0.9971686), ('CLS Classification Acc', 0.9677601)
[INFO] 2022-09-28 17:03:57,288 [    train.py:  237]:	Precision 0.382 Recall 0.460 F1 0.418
[INFO] 2022-09-28 17:04:12,634 [    train.py:  185]:	Epoch 84: 
[INFO] 2022-09-28 17:04:12,635 [    train.py:  186]:	Train:
[INFO] 2022-09-28 17:04:12,645 [    train.py:  198]:	Loss 0.0057, ('Ner Loss', 0.0015264512039721012),  ('CLS Classification Loss', 0.004211754072457552)
[INFO] 2022-09-28 17:04:12,645 [    train.py:  208]:	('Ner Acc', 0.999299943447113),  ('CLS Classification Acc', 0.9983879923820496)
[INFO] 2022-09-28 17:04:14,941 [    train.py:  220]:	Evaluate:
[INFO] 2022-09-28 17:04:14,942 [    train.py:  227]:	Loss 0.2171, ('Ner Loss', 0.02105785),  ('CLS Classification Loss', 0.19605267)
[INFO] 2022-09-28 17:04:14,942 [    train.py:  228]:	('Ner Acc', 0.99747264), ('CLS Classification Acc', 0.96868914)
[INFO] 2022-09-28 17:04:23,361 [    train.py:  237]:	Precision 0.389 Recall 0.446 F1 0.416
[INFO] 2022-09-28 17:04:38,859 [    train.py:  185]:	Epoch 85: 
[INFO] 2022-09-28 17:04:38,859 [    train.py:  186]:	Train:
[INFO] 2022-09-28 17:04:38,862 [    train.py:  198]:	Loss 0.0060, ('Ner Loss', 0.0016906801611185074),  ('CLS Classification Loss', 0.0043462226167321205)
[INFO] 2022-09-28 17:04:38,862 [    train.py:  208]:	('Ner Acc', 0.999251127243042),  ('CLS Classification Acc', 0.9984375834465027)
[INFO] 2022-09-28 17:04:41,165 [    train.py:  220]:	Evaluate:
[INFO] 2022-09-28 17:04:41,165 [    train.py:  227]:	Loss 0.2180, ('Ner Loss', 0.019522674),  ('CLS Classification Loss', 0.19849455)
[INFO] 2022-09-28 17:04:41,165 [    train.py:  228]:	('Ner Acc', 0.9973739), ('CLS Classification Acc', 0.9652626)
[INFO] 2022-09-28 17:04:49,762 [    train.py:  237]:	Precision 0.368 Recall 0.463 F1 0.410
[INFO] 2022-09-28 17:05:05,120 [    train.py:  185]:	Epoch 86: 
[INFO] 2022-09-28 17:05:05,120 [    train.py:  186]:	Train:
[INFO] 2022-09-28 17:05:05,124 [    train.py:  198]:	Loss 0.0059, ('Ner Loss', 0.0014624895993620157),  ('CLS Classification Loss', 0.004396122880280018)
[INFO] 2022-09-28 17:05:05,124 [    train.py:  208]:	('Ner Acc', 0.9993324279785156),  ('CLS Classification Acc', 0.9982392191886902)
[INFO] 2022-09-28 17:05:07,390 [    train.py:  220]:	Evaluate:
[INFO] 2022-09-28 17:05:07,390 [    train.py:  227]:	Loss 0.2262, ('Ner Loss', 0.02076302),  ('CLS Classification Loss', 0.20540461)
[INFO] 2022-09-28 17:05:07,391 [    train.py:  228]:	('Ner Acc', 0.99752957), ('CLS Classification Acc', 0.9679428)
[INFO] 2022-09-28 17:05:15,899 [    train.py:  237]:	Precision 0.413 Recall 0.439 F1 0.426
[INFO] 2022-09-28 17:05:31,536 [    train.py:  185]:	Epoch 87: 
[INFO] 2022-09-28 17:05:31,536 [    train.py:  186]:	Train:
[INFO] 2022-09-28 17:05:31,540 [    train.py:  198]:	Loss 0.0065, ('Ner Loss', 0.0015210948185995221),  ('CLS Classification Loss', 0.004932718817144632)
[INFO] 2022-09-28 17:05:31,540 [    train.py:  208]:	('Ner Acc', 0.9992898106575012),  ('CLS Classification Acc', 0.9982888102531433)
[INFO] 2022-09-28 17:05:33,797 [    train.py:  220]:	Evaluate:
[INFO] 2022-09-28 17:05:33,798 [    train.py:  227]:	Loss 0.2202, ('Ner Loss', 0.01929276),  ('CLS Classification Loss', 0.20093724)
[INFO] 2022-09-28 17:05:33,798 [    train.py:  228]:	('Ner Acc', 0.9975291), ('CLS Classification Acc', 0.96925265)
[INFO] 2022-09-28 17:05:42,519 [    train.py:  237]:	Precision 0.426 Recall 0.424 F1 0.425
[INFO] 2022-09-28 17:05:57,998 [    train.py:  185]:	Epoch 88: 
[INFO] 2022-09-28 17:05:57,999 [    train.py:  186]:	Train:
[INFO] 2022-09-28 17:05:58,002 [    train.py:  198]:	Loss 0.0053, ('Ner Loss', 0.0012760093668475747),  ('CLS Classification Loss', 0.0040691620670259)
[INFO] 2022-09-28 17:05:58,002 [    train.py:  208]:	('Ner Acc', 0.9994136095046997),  ('CLS Classification Acc', 0.9986112117767334)
[INFO] 2022-09-28 17:06:00,322 [    train.py:  220]:	Evaluate:
[INFO] 2022-09-28 17:06:00,322 [    train.py:  227]:	Loss 0.2005, ('Ner Loss', 0.019928437),  ('CLS Classification Loss', 0.18056048)
[INFO] 2022-09-28 17:06:00,323 [    train.py:  228]:	('Ner Acc', 0.99765265), ('CLS Classification Acc', 0.9686282)
[INFO] 2022-09-28 17:06:08,905 [    train.py:  237]:	Precision 0.428 Recall 0.454 F1 0.441
[INFO] 2022-09-28 17:06:24,271 [    train.py:  185]:	Epoch 89: 
[INFO] 2022-09-28 17:06:24,272 [    train.py:  186]:	Train:
[INFO] 2022-09-28 17:06:24,276 [    train.py:  198]:	Loss 0.0048, ('Ner Loss', 0.0011853121686726809),  ('CLS Classification Loss', 0.0035796822048723698)
[INFO] 2022-09-28 17:06:24,276 [    train.py:  208]:	('Ner Acc', 0.999421238899231),  ('CLS Classification Acc', 0.9986608028411865)
[INFO] 2022-09-28 17:06:26,560 [    train.py:  220]:	Evaluate:
[INFO] 2022-09-28 17:06:26,561 [    train.py:  227]:	Loss 0.2070, ('Ner Loss', 0.020135248),  ('CLS Classification Loss', 0.18688542)
[INFO] 2022-09-28 17:06:26,561 [    train.py:  228]:	('Ner Acc', 0.99752694), ('CLS Classification Acc', 0.9688718)
[INFO] 2022-09-28 17:06:35,249 [    train.py:  237]:	Precision 0.421 Recall 0.485 F1 0.451
[INFO] 2022-09-28 17:06:50,588 [    train.py:  185]:	Epoch 90: 
[INFO] 2022-09-28 17:06:50,588 [    train.py:  186]:	Train:
[INFO] 2022-09-28 17:06:50,592 [    train.py:  198]:	Loss 0.0033, ('Ner Loss', 0.0012102887267246842),  ('CLS Classification Loss', 0.0020769918337464333)
[INFO] 2022-09-28 17:06:50,593 [    train.py:  208]:	('Ner Acc', 0.9993990063667297),  ('CLS Classification Acc', 0.9994544982910156)
[INFO] 2022-09-28 17:06:52,858 [    train.py:  220]:	Evaluate:
[INFO] 2022-09-28 17:06:52,859 [    train.py:  227]:	Loss 0.2171, ('Ner Loss', 0.02118513),  ('CLS Classification Loss', 0.1958741)
[INFO] 2022-09-28 17:06:52,859 [    train.py:  228]:	('Ner Acc', 0.997798), ('CLS Classification Acc', 0.97036433)
[INFO] 2022-09-28 17:07:01,400 [    train.py:  237]:	Precision 0.459 Recall 0.475 F1 0.467
[INFO] 2022-09-28 17:07:16,751 [    train.py:  185]:	Epoch 91: 
[INFO] 2022-09-28 17:07:16,752 [    train.py:  186]:	Train:
[INFO] 2022-09-28 17:07:16,756 [    train.py:  198]:	Loss 0.0028, ('Ner Loss', 0.0011660809395834804),  ('CLS Classification Loss', 0.0016511986032128334)
[INFO] 2022-09-28 17:07:16,756 [    train.py:  208]:	('Ner Acc', 0.9994832873344421),  ('CLS Classification Acc', 0.9995289444923401)
[INFO] 2022-09-28 17:07:18,998 [    train.py:  220]:	Evaluate:
[INFO] 2022-09-28 17:07:18,998 [    train.py:  227]:	Loss 0.2288, ('Ner Loss', 0.02153413),  ('CLS Classification Loss', 0.20723924)
[INFO] 2022-09-28 17:07:18,998 [    train.py:  228]:	('Ner Acc', 0.99778736), ('CLS Classification Acc', 0.9702882)
[INFO] 2022-09-28 17:07:27,521 [    train.py:  237]:	Precision 0.463 Recall 0.472 F1 0.468
[INFO] 2022-09-28 17:07:42,972 [    train.py:  185]:	Epoch 92: 
[INFO] 2022-09-28 17:07:42,972 [    train.py:  186]:	Train:
[INFO] 2022-09-28 17:07:42,975 [    train.py:  198]:	Loss 0.0036, ('Ner Loss', 0.001005780417472124),  ('CLS Classification Loss', 0.0025893128477036953)
[INFO] 2022-09-28 17:07:42,975 [    train.py:  208]:	('Ner Acc', 0.9995495676994324),  ('CLS Classification Acc', 0.9991568326950073)
[INFO] 2022-09-28 17:07:45,186 [    train.py:  220]:	Evaluate:
[INFO] 2022-09-28 17:07:45,187 [    train.py:  227]:	Loss 0.2265, ('Ner Loss', 0.02248869),  ('CLS Classification Loss', 0.20400918)
[INFO] 2022-09-28 17:07:45,187 [    train.py:  228]:	('Ner Acc', 0.9977213), ('CLS Classification Acc', 0.970014)
[INFO] 2022-09-28 17:07:53,674 [    train.py:  237]:	Precision 0.451 Recall 0.483 F1 0.467
[INFO] 2022-09-28 17:08:09,197 [    train.py:  185]:	Epoch 93: 
[INFO] 2022-09-28 17:08:09,197 [    train.py:  186]:	Train:
[INFO] 2022-09-28 17:08:09,200 [    train.py:  198]:	Loss 0.0047, ('Ner Loss', 0.0011052158661186695),  ('CLS Classification Loss', 0.003555147210136056)
[INFO] 2022-09-28 17:08:09,200 [    train.py:  208]:	('Ner Acc', 0.9994935393333435),  ('CLS Classification Acc', 0.9988839030265808)
[INFO] 2022-09-28 17:08:11,478 [    train.py:  220]:	Evaluate:
[INFO] 2022-09-28 17:08:11,478 [    train.py:  227]:	Loss 0.2223, ('Ner Loss', 0.021099394),  ('CLS Classification Loss', 0.20120497)
[INFO] 2022-09-28 17:08:11,479 [    train.py:  228]:	('Ner Acc', 0.99771833), ('CLS Classification Acc', 0.9634655)
[INFO] 2022-09-28 17:08:20,037 [    train.py:  237]:	Precision 0.386 Recall 0.491 F1 0.433
[INFO] 2022-09-28 17:08:35,362 [    train.py:  185]:	Epoch 94: 
[INFO] 2022-09-28 17:08:35,363 [    train.py:  186]:	Train:
[INFO] 2022-09-28 17:08:35,366 [    train.py:  198]:	Loss 0.0044, ('Ner Loss', 0.0011795128230005503),  ('CLS Classification Loss', 0.003213712479919195)
[INFO] 2022-09-28 17:08:35,366 [    train.py:  208]:	('Ner Acc', 0.999480128288269),  ('CLS Classification Acc', 0.9990079402923584)
[INFO] 2022-09-28 17:08:37,646 [    train.py:  220]:	Evaluate:
[INFO] 2022-09-28 17:08:37,647 [    train.py:  227]:	Loss 0.2145, ('Ner Loss', 0.019759653),  ('CLS Classification Loss', 0.19469893)
[INFO] 2022-09-28 17:08:37,647 [    train.py:  228]:	('Ner Acc', 0.9977505), ('CLS Classification Acc', 0.9707602)
[INFO] 2022-09-28 17:08:46,028 [    train.py:  237]:	Precision 0.455 Recall 0.482 F1 0.468
[INFO] 2022-09-28 17:09:01,475 [    train.py:  185]:	Epoch 95: 
[INFO] 2022-09-28 17:09:01,475 [    train.py:  186]:	Train:
[INFO] 2022-09-28 17:09:01,480 [    train.py:  198]:	Loss 0.0048, ('Ner Loss', 0.0012074365513399243),  ('CLS Classification Loss', 0.0035558678209781647)
[INFO] 2022-09-28 17:09:01,480 [    train.py:  208]:	('Ner Acc', 0.9994668364524841),  ('CLS Classification Acc', 0.9985120296478271)
[INFO] 2022-09-28 17:09:03,716 [    train.py:  220]:	Evaluate:
[INFO] 2022-09-28 17:09:03,716 [    train.py:  227]:	Loss 0.2317, ('Ner Loss', 0.021830833),  ('CLS Classification Loss', 0.20983861)
[INFO] 2022-09-28 17:09:03,716 [    train.py:  228]:	('Ner Acc', 0.9977454), ('CLS Classification Acc', 0.970014)
[INFO] 2022-09-28 17:09:12,274 [    train.py:  237]:	Precision 0.474 Recall 0.476 F1 0.475
[INFO] 2022-09-28 17:09:27,748 [    train.py:  185]:	Epoch 96: 
[INFO] 2022-09-28 17:09:27,748 [    train.py:  186]:	Train:
[INFO] 2022-09-28 17:09:27,751 [    train.py:  198]:	Loss 0.0041, ('Ner Loss', 0.0012262858217582107),  ('CLS Classification Loss', 0.0028549209237098694)
[INFO] 2022-09-28 17:09:27,751 [    train.py:  208]:	('Ner Acc', 0.999450147151947),  ('CLS Classification Acc', 0.9990327954292297)
[INFO] 2022-09-28 17:09:30,008 [    train.py:  220]:	Evaluate:
[INFO] 2022-09-28 17:09:30,008 [    train.py:  227]:	Loss 0.2243, ('Ner Loss', 0.021495387),  ('CLS Classification Loss', 0.20276493)
[INFO] 2022-09-28 17:09:30,008 [    train.py:  228]:	('Ner Acc', 0.99762315), ('CLS Classification Acc', 0.97083634)
[INFO] 2022-09-28 17:09:38,715 [    train.py:  237]:	Precision 0.447 Recall 0.469 F1 0.458
[INFO] 2022-09-28 17:09:54,061 [    train.py:  185]:	Epoch 97: 
[INFO] 2022-09-28 17:09:54,062 [    train.py:  186]:	Train:
[INFO] 2022-09-28 17:09:54,065 [    train.py:  198]:	Loss 0.0037, ('Ner Loss', 0.0011362098157405853),  ('CLS Classification Loss', 0.0025566983968019485)
[INFO] 2022-09-28 17:09:54,066 [    train.py:  208]:	('Ner Acc', 0.9995050430297852),  ('CLS Classification Acc', 0.9991568326950073)
[INFO] 2022-09-28 17:09:56,391 [    train.py:  220]:	Evaluate:
[INFO] 2022-09-28 17:09:56,392 [    train.py:  227]:	Loss 0.2240, ('Ner Loss', 0.020797525),  ('CLS Classification Loss', 0.2031593)
[INFO] 2022-09-28 17:09:56,392 [    train.py:  228]:	('Ner Acc', 0.99755335), ('CLS Classification Acc', 0.9719634)
[INFO] 2022-09-28 17:10:04,953 [    train.py:  237]:	Precision 0.460 Recall 0.488 F1 0.474
[INFO] 2022-09-28 17:10:20,156 [    train.py:  185]:	Epoch 98: 
[INFO] 2022-09-28 17:10:20,156 [    train.py:  186]:	Train:
[INFO] 2022-09-28 17:10:20,159 [    train.py:  198]:	Loss 0.0034, ('Ner Loss', 0.0010172775946557522),  ('CLS Classification Loss', 0.002424737438559532)
[INFO] 2022-09-28 17:10:20,159 [    train.py:  208]:	('Ner Acc', 0.999514639377594),  ('CLS Classification Acc', 0.9992063045501709)
[INFO] 2022-09-28 17:10:22,383 [    train.py:  220]:	Evaluate:
[INFO] 2022-09-28 17:10:22,384 [    train.py:  227]:	Loss 0.2400, ('Ner Loss', 0.02130841),  ('CLS Classification Loss', 0.21871813)
[INFO] 2022-09-28 17:10:22,384 [    train.py:  228]:	('Ner Acc', 0.9977618), ('CLS Classification Acc', 0.96843016)
[INFO] 2022-09-28 17:10:30,923 [    train.py:  237]:	Precision 0.454 Recall 0.490 F1 0.471
[INFO] 2022-09-28 17:10:45,818 [    train.py:  185]:	Epoch 99: 
[INFO] 2022-09-28 17:10:45,819 [    train.py:  186]:	Train:
[INFO] 2022-09-28 17:10:45,823 [    train.py:  198]:	Loss 0.0055, ('Ner Loss', 0.0012101717293262482),  ('CLS Classification Loss', 0.0042664241045713425)
[INFO] 2022-09-28 17:10:45,823 [    train.py:  208]:	('Ner Acc', 0.9994522333145142),  ('CLS Classification Acc', 0.9984871745109558)
[INFO] 2022-09-28 17:10:48,043 [    train.py:  220]:	Evaluate:
[INFO] 2022-09-28 17:10:48,043 [    train.py:  227]:	Loss 0.2049, ('Ner Loss', 0.021771092),  ('CLS Classification Loss', 0.18308944)
[INFO] 2022-09-28 17:10:48,044 [    train.py:  228]:	('Ner Acc', 0.9975545), ('CLS Classification Acc', 0.97234404)
[INFO] 2022-09-28 17:10:56,987 [    train.py:  237]:	Precision 0.461 Recall 0.489 F1 0.474
[INFO] 2022-09-28 17:11:12,385 [    train.py:  185]:	Epoch 100: 
[INFO] 2022-09-28 17:11:12,385 [    train.py:  186]:	Train:
[INFO] 2022-09-28 17:11:12,389 [    train.py:  198]:	Loss 0.0041, ('Ner Loss', 0.0010552050080150366),  ('CLS Classification Loss', 0.0030102767050266266)
[INFO] 2022-09-28 17:11:12,390 [    train.py:  208]:	('Ner Acc', 0.9995197653770447),  ('CLS Classification Acc', 0.9991816878318787)
[INFO] 2022-09-28 17:11:14,611 [    train.py:  220]:	Evaluate:
[INFO] 2022-09-28 17:11:14,611 [    train.py:  227]:	Loss 0.2160, ('Ner Loss', 0.0209401),  ('CLS Classification Loss', 0.19506323)
[INFO] 2022-09-28 17:11:14,611 [    train.py:  228]:	('Ner Acc', 0.9977119), ('CLS Classification Acc', 0.96954197)
[INFO] 2022-09-28 17:11:23,301 [    train.py:  237]:	Precision 0.456 Recall 0.502 F1 0.478
[INFO] 2022-09-28 17:11:23,301 [    train.py:  257]:	Best Epoch 100; Best f1 0.47774647887323946 precision 0.4559139784946237 recall 0.5017751479289941;
