[INFO] 2022-09-29 19:42:52,937 [    train.py:  509]:	Namespace(block_att_head_num=1, cased=True, d_block=256, data_aug=2, dataset='res15', do_test=True, do_train=True, do_valid=True, drop_null_data=True, dropout_rate=0.2, epochs=100, extra_attention=True, fuse_strategy='update', init_model_dir='', language='en', loss_ratio=1.0, lr=2e-05, mask_sb=True, model_type='end_to_end', output_dir='./output', save_dir='', schema='BIO', task_name='ttee_res15_100epoch_256d_2aug_2e-5lr_cased_0.2dropout_dropnull_1loss_BIO', test_batch_size=32, train_batch_size=16, valid_freq=1)
[INFO] 2022-09-29 19:43:05,832 [    train.py:  119]:	{'init_bert_model': 'bert-base-cased', 'sentence_b': DictWrapper({'texts': ListWrapper(['general of ambience', 'price of drinks', 'quality of drinks', 'style options of drinks', 'prices of food', 'quality of food', 'style options of food', 'general of location', 'general of restaurant', 'miscellaneous of restaurant', 'prices of restaurant', 'general of service']), 'sentiments': ListWrapper(['negative', 'neutral', 'positive'])}), 'num_sentiment_classes': 3, 'subblock_hidden_size': 256, 'subblock_head_num': 1, 'cache_dir': 'bert_models/bert-base-cased', 'fuse_strategy': 'update', 'tagging_schema': 'BIO', 'extra_attention': True, 'dropout': 0.2, 'loss_ratio': 1.0}
[INFO] 2022-09-29 19:43:05,832 [    train.py:  121]:	Number of Train Sentence: 1120
[INFO] 2022-09-29 19:43:05,841 [    train.py:  526]:	Data augment: Merge 2 train data together
[INFO] 2022-09-29 19:44:35,511 [    train.py:  185]:	Epoch 1: 
[INFO] 2022-09-29 19:44:35,512 [    train.py:  186]:	Train:
[INFO] 2022-09-29 19:44:35,515 [    train.py:  198]:	Loss 0.2975, ('Ner Loss', 0.05190746858716011),  ('CLS Classification Loss', 0.2456233948469162)
[INFO] 2022-09-29 19:44:35,515 [    train.py:  208]:	('Ner Acc', 0.9848798513412476),  ('CLS Classification Acc', 0.9254217147827148)
[INFO] 2022-09-29 19:44:41,438 [    train.py:  220]:	Evaluate:
[INFO] 2022-09-29 19:44:41,439 [    train.py:  227]:	Loss 0.1684, ('Ner Loss', 0.02064826),  ('CLS Classification Loss', 0.14779122)
[INFO] 2022-09-29 19:44:41,439 [    train.py:  228]:	('Ner Acc', 0.99689984), ('CLS Classification Acc', 0.962567)
[INFO] 2022-09-29 19:44:53,559 [    train.py:  237]:	Precision 0.000 Recall 0.000 F1 0.000
[INFO] 2022-09-29 19:45:50,968 [    train.py:  185]:	Epoch 2: 
[INFO] 2022-09-29 19:45:50,969 [    train.py:  186]:	Train:
[INFO] 2022-09-29 19:45:50,973 [    train.py:  198]:	Loss 0.2058, ('Ner Loss', 0.023459872230887413),  ('CLS Classification Loss', 0.1823352873325348)
[INFO] 2022-09-29 19:45:50,973 [    train.py:  208]:	('Ner Acc', 0.9961521625518799),  ('CLS Classification Acc', 0.9370660185813904)
[INFO] 2022-09-29 19:45:54,071 [    train.py:  220]:	Evaluate:
[INFO] 2022-09-29 19:45:54,071 [    train.py:  227]:	Loss 0.1652, ('Ner Loss', 0.018121643),  ('CLS Classification Loss', 0.14712487)
[INFO] 2022-09-29 19:45:54,071 [    train.py:  228]:	('Ner Acc', 0.9967564), ('CLS Classification Acc', 0.9628868)
[INFO] 2022-09-29 19:46:03,413 [    train.py:  237]:	Precision 0.055 Recall 0.004 F1 0.007
[INFO] 2022-09-29 19:46:59,898 [    train.py:  185]:	Epoch 3: 
[INFO] 2022-09-29 19:46:59,898 [    train.py:  186]:	Train:
[INFO] 2022-09-29 19:46:59,901 [    train.py:  198]:	Loss 0.1919, ('Ner Loss', 0.021242642775177956),  ('CLS Classification Loss', 0.1706082671880722)
[INFO] 2022-09-29 19:46:59,901 [    train.py:  208]:	('Ner Acc', 0.9961451888084412),  ('CLS Classification Acc', 0.9404265284538269)
[INFO] 2022-09-29 19:47:03,043 [    train.py:  220]:	Evaluate:
[INFO] 2022-09-29 19:47:03,043 [    train.py:  227]:	Loss 0.1528, ('Ner Loss', 0.016013162),  ('CLS Classification Loss', 0.13683227)
[INFO] 2022-09-29 19:47:03,044 [    train.py:  228]:	('Ner Acc', 0.9968884), ('CLS Classification Acc', 0.9633437)
[INFO] 2022-09-29 19:47:12,631 [    train.py:  237]:	Precision 0.057 Recall 0.002 F1 0.005
[INFO] 2022-09-29 19:48:09,350 [    train.py:  185]:	Epoch 4: 
[INFO] 2022-09-29 19:48:09,350 [    train.py:  186]:	Train:
[INFO] 2022-09-29 19:48:09,355 [    train.py:  198]:	Loss 0.1777, ('Ner Loss', 0.018867697566747665),  ('CLS Classification Loss', 0.15885522961616516)
[INFO] 2022-09-29 19:48:09,355 [    train.py:  208]:	('Ner Acc', 0.9961574077606201),  ('CLS Classification Acc', 0.9444693326950073)
[INFO] 2022-09-29 19:48:12,513 [    train.py:  220]:	Evaluate:
[INFO] 2022-09-29 19:48:12,514 [    train.py:  227]:	Loss 0.1436, ('Ner Loss', 0.0147089865),  ('CLS Classification Loss', 0.12884218)
[INFO] 2022-09-29 19:48:12,514 [    train.py:  228]:	('Ner Acc', 0.99689984), ('CLS Classification Acc', 0.9640747)
[INFO] 2022-09-29 19:48:21,716 [    train.py:  237]:	Precision 0.085 Recall 0.006 F1 0.011
[INFO] 2022-09-29 19:49:18,366 [    train.py:  185]:	Epoch 5: 
[INFO] 2022-09-29 19:49:18,367 [    train.py:  186]:	Train:
[INFO] 2022-09-29 19:49:18,372 [    train.py:  198]:	Loss 0.1650, ('Ner Loss', 0.016756528988480568),  ('CLS Classification Loss', 0.14824426174163818)
[INFO] 2022-09-29 19:49:18,372 [    train.py:  208]:	('Ner Acc', 0.9961085915565491),  ('CLS Classification Acc', 0.9456971287727356)
[INFO] 2022-09-29 19:49:21,383 [    train.py:  220]:	Evaluate:
[INFO] 2022-09-29 19:49:21,383 [    train.py:  227]:	Loss 0.1396, ('Ner Loss', 0.012913031),  ('CLS Classification Loss', 0.1266449)
[INFO] 2022-09-29 19:49:21,384 [    train.py:  228]:	('Ner Acc', 0.99689835), ('CLS Classification Acc', 0.964029)
[INFO] 2022-09-29 19:49:30,555 [    train.py:  237]:	Precision 0.133 Recall 0.007 F1 0.013
[INFO] 2022-09-29 19:50:27,462 [    train.py:  185]:	Epoch 6: 
[INFO] 2022-09-29 19:50:27,463 [    train.py:  186]:	Train:
[INFO] 2022-09-29 19:50:27,470 [    train.py:  198]:	Loss 0.1533, ('Ner Loss', 0.014577732421457767),  ('CLS Classification Loss', 0.1386735439300537)
[INFO] 2022-09-29 19:50:27,470 [    train.py:  208]:	('Ner Acc', 0.9960787296295166),  ('CLS Classification Acc', 0.948512077331543)
[INFO] 2022-09-29 19:50:30,504 [    train.py:  220]:	Evaluate:
[INFO] 2022-09-29 19:50:30,504 [    train.py:  227]:	Loss 0.1332, ('Ner Loss', 0.012221821),  ('CLS Classification Loss', 0.12095789)
[INFO] 2022-09-29 19:50:30,504 [    train.py:  228]:	('Ner Acc', 0.9969653), ('CLS Classification Acc', 0.9661763)
[INFO] 2022-09-29 19:50:39,554 [    train.py:  237]:	Precision 0.241 Recall 0.054 F1 0.089
[INFO] 2022-09-29 19:51:36,247 [    train.py:  185]:	Epoch 7: 
[INFO] 2022-09-29 19:51:36,247 [    train.py:  186]:	Train:
[INFO] 2022-09-29 19:51:36,252 [    train.py:  198]:	Loss 0.1429, ('Ner Loss', 0.01291824970394373),  ('CLS Classification Loss', 0.12996023893356323)
[INFO] 2022-09-29 19:51:36,252 [    train.py:  208]:	('Ner Acc', 0.996264636516571),  ('CLS Classification Acc', 0.9506323933601379)
[INFO] 2022-09-29 19:51:39,333 [    train.py:  220]:	Evaluate:
[INFO] 2022-09-29 19:51:39,334 [    train.py:  227]:	Loss 0.1225, ('Ner Loss', 0.011631183),  ('CLS Classification Loss', 0.110839896)
[INFO] 2022-09-29 19:51:39,335 [    train.py:  228]:	('Ner Acc', 0.9971576), ('CLS Classification Acc', 0.9667703)
[INFO] 2022-09-29 19:51:48,591 [    train.py:  237]:	Precision 0.349 Recall 0.116 F1 0.174
[INFO] 2022-09-29 19:52:45,598 [    train.py:  185]:	Epoch 8: 
[INFO] 2022-09-29 19:52:45,598 [    train.py:  186]:	Train:
[INFO] 2022-09-29 19:52:45,602 [    train.py:  198]:	Loss 0.1315, ('Ner Loss', 0.011772891506552696),  ('CLS Classification Loss', 0.1197037398815155)
[INFO] 2022-09-29 19:52:45,602 [    train.py:  208]:	('Ner Acc', 0.996417760848999),  ('CLS Classification Acc', 0.9530755281448364)
[INFO] 2022-09-29 19:52:48,674 [    train.py:  220]:	Evaluate:
[INFO] 2022-09-29 19:52:48,674 [    train.py:  227]:	Loss 0.1283, ('Ner Loss', 0.011131616),  ('CLS Classification Loss', 0.11714187)
[INFO] 2022-09-29 19:52:48,675 [    train.py:  228]:	('Ner Acc', 0.9973511), ('CLS Classification Acc', 0.9672728)
[INFO] 2022-09-29 19:52:57,723 [    train.py:  237]:	Precision 0.486 Recall 0.149 F1 0.228
[INFO] 2022-09-29 19:53:54,121 [    train.py:  185]:	Epoch 9: 
[INFO] 2022-09-29 19:53:54,122 [    train.py:  186]:	Train:
[INFO] 2022-09-29 19:53:54,126 [    train.py:  198]:	Loss 0.1199, ('Ner Loss', 0.010636374354362488),  ('CLS Classification Loss', 0.10924644023180008)
[INFO] 2022-09-29 19:53:54,126 [    train.py:  208]:	('Ner Acc', 0.9967214465141296),  ('CLS Classification Acc', 0.9570062756538391)
[INFO] 2022-09-29 19:53:57,078 [    train.py:  220]:	Evaluate:
[INFO] 2022-09-29 19:53:57,078 [    train.py:  227]:	Loss 0.1161, ('Ner Loss', 0.010198463),  ('CLS Classification Loss', 0.10587151)
[INFO] 2022-09-29 19:53:57,078 [    train.py:  228]:	('Ner Acc', 0.9974022), ('CLS Classification Acc', 0.96835405)
[INFO] 2022-09-29 19:54:06,123 [    train.py:  237]:	Precision 0.440 Recall 0.204 F1 0.278
[INFO] 2022-09-29 19:55:03,872 [    train.py:  185]:	Epoch 10: 
[INFO] 2022-09-29 19:55:03,873 [    train.py:  186]:	Train:
[INFO] 2022-09-29 19:55:03,880 [    train.py:  198]:	Loss 0.1119, ('Ner Loss', 0.00982138141989708),  ('CLS Classification Loss', 0.10207200050354004)
[INFO] 2022-09-29 19:55:03,880 [    train.py:  208]:	('Ner Acc', 0.9967955350875854),  ('CLS Classification Acc', 0.9581227898597717)
[INFO] 2022-09-29 19:55:06,981 [    train.py:  220]:	Evaluate:
[INFO] 2022-09-29 19:55:06,982 [    train.py:  227]:	Loss 0.1232, ('Ner Loss', 0.009830563),  ('CLS Classification Loss', 0.11337128)
[INFO] 2022-09-29 19:55:06,982 [    train.py:  228]:	('Ner Acc', 0.99738646), ('CLS Classification Acc', 0.9691307)
[INFO] 2022-09-29 19:55:16,358 [    train.py:  237]:	Precision 0.469 Recall 0.218 F1 0.297
[INFO] 2022-09-29 19:56:13,365 [    train.py:  185]:	Epoch 11: 
[INFO] 2022-09-29 19:56:13,365 [    train.py:  186]:	Train:
[INFO] 2022-09-29 19:56:13,373 [    train.py:  198]:	Loss 0.0994, ('Ner Loss', 0.009013497270643711),  ('CLS Classification Loss', 0.09038472920656204)
[INFO] 2022-09-29 19:56:13,373 [    train.py:  208]:	('Ner Acc', 0.9969416856765747),  ('CLS Classification Acc', 0.9627478718757629)
[INFO] 2022-09-29 19:56:16,508 [    train.py:  220]:	Evaluate:
[INFO] 2022-09-29 19:56:16,509 [    train.py:  227]:	Loss 0.1183, ('Ner Loss', 0.009549169),  ('CLS Classification Loss', 0.10870227)
[INFO] 2022-09-29 19:56:16,509 [    train.py:  228]:	('Ner Acc', 0.9973893), ('CLS Classification Acc', 0.9703642)
[INFO] 2022-09-29 19:56:25,633 [    train.py:  237]:	Precision 0.470 Recall 0.234 F1 0.313
[INFO] 2022-09-29 19:57:22,183 [    train.py:  185]:	Epoch 12: 
[INFO] 2022-09-29 19:57:22,184 [    train.py:  186]:	Train:
[INFO] 2022-09-29 19:57:22,187 [    train.py:  198]:	Loss 0.0888, ('Ner Loss', 0.0080640884116292),  ('CLS Classification Loss', 0.08075501024723053)
[INFO] 2022-09-29 19:57:22,188 [    train.py:  208]:	('Ner Acc', 0.9971581697463989),  ('CLS Classification Acc', 0.9670634865760803)
[INFO] 2022-09-29 19:57:25,185 [    train.py:  220]:	Evaluate:
[INFO] 2022-09-29 19:57:25,185 [    train.py:  227]:	Loss 0.1194, ('Ner Loss', 0.009359084),  ('CLS Classification Loss', 0.11001006)
[INFO] 2022-09-29 19:57:25,186 [    train.py:  228]:	('Ner Acc', 0.99745035), ('CLS Classification Acc', 0.97108006)
[INFO] 2022-09-29 19:57:34,867 [    train.py:  237]:	Precision 0.482 Recall 0.258 F1 0.336
[INFO] 2022-09-29 19:58:31,084 [    train.py:  185]:	Epoch 13: 
[INFO] 2022-09-29 19:58:31,085 [    train.py:  186]:	Train:
[INFO] 2022-09-29 19:58:31,090 [    train.py:  198]:	Loss 0.0805, ('Ner Loss', 0.007410799618810415),  ('CLS Classification Loss', 0.07306382060050964)
[INFO] 2022-09-29 19:58:31,090 [    train.py:  208]:	('Ner Acc', 0.997325599193573),  ('CLS Classification Acc', 0.9704859852790833)
[INFO] 2022-09-29 19:58:34,140 [    train.py:  220]:	Evaluate:
[INFO] 2022-09-29 19:58:34,141 [    train.py:  227]:	Loss 0.1315, ('Ner Loss', 0.010696251),  ('CLS Classification Loss', 0.12082361)
[INFO] 2022-09-29 19:58:34,141 [    train.py:  228]:	('Ner Acc', 0.99714863), ('CLS Classification Acc', 0.9693744)
[INFO] 2022-09-29 19:58:43,200 [    train.py:  237]:	Precision 0.384 Recall 0.330 F1 0.355
[INFO] 2022-09-29 19:59:39,821 [    train.py:  185]:	Epoch 14: 
[INFO] 2022-09-29 19:59:39,822 [    train.py:  186]:	Train:
[INFO] 2022-09-29 19:59:39,826 [    train.py:  198]:	Loss 0.0723, ('Ner Loss', 0.006978337652981281),  ('CLS Classification Loss', 0.06534842401742935)
[INFO] 2022-09-29 19:59:39,826 [    train.py:  208]:	('Ner Acc', 0.9974305033683777),  ('CLS Classification Acc', 0.9740080833435059)
[INFO] 2022-09-29 19:59:43,054 [    train.py:  220]:	Evaluate:
[INFO] 2022-09-29 19:59:43,055 [    train.py:  227]:	Loss 0.1282, ('Ner Loss', 0.009676928),  ('CLS Classification Loss', 0.11851685)
[INFO] 2022-09-29 19:59:43,056 [    train.py:  228]:	('Ner Acc', 0.9975116), ('CLS Classification Acc', 0.9722984)
[INFO] 2022-09-29 19:59:52,213 [    train.py:  237]:	Precision 0.488 Recall 0.295 F1 0.368
[INFO] 2022-09-29 20:00:48,885 [    train.py:  185]:	Epoch 15: 
[INFO] 2022-09-29 20:00:48,885 [    train.py:  186]:	Train:
[INFO] 2022-09-29 20:00:48,888 [    train.py:  198]:	Loss 0.0618, ('Ner Loss', 0.0061464677564799786),  ('CLS Classification Loss', 0.05568539723753929)
[INFO] 2022-09-29 20:00:48,889 [    train.py:  208]:	('Ner Acc', 0.9976145029067993),  ('CLS Classification Acc', 0.9778396487236023)
[INFO] 2022-09-29 20:00:51,985 [    train.py:  220]:	Evaluate:
[INFO] 2022-09-29 20:00:51,986 [    train.py:  227]:	Loss 0.1210, ('Ner Loss', 0.009775021),  ('CLS Classification Loss', 0.11119137)
[INFO] 2022-09-29 20:00:51,986 [    train.py:  228]:	('Ner Acc', 0.99759823), ('CLS Classification Acc', 0.9741716)
[INFO] 2022-09-29 20:01:01,407 [    train.py:  237]:	Precision 0.506 Recall 0.343 F1 0.409
[INFO] 2022-09-29 20:01:48,203 [    train.py:  185]:	Epoch 16: 
[INFO] 2022-09-29 20:01:48,203 [    train.py:  186]:	Train:
[INFO] 2022-09-29 20:01:48,208 [    train.py:  198]:	Loss 0.0546, ('Ner Loss', 0.0054997773841023445),  ('CLS Classification Loss', 0.04906877875328064)
[INFO] 2022-09-29 20:01:48,209 [    train.py:  208]:	('Ner Acc', 0.9978262782096863),  ('CLS Classification Acc', 0.9801464676856995)
[INFO] 2022-09-29 20:01:50,668 [    train.py:  220]:	Evaluate:
[INFO] 2022-09-29 20:01:50,669 [    train.py:  227]:	Loss 0.1554, ('Ner Loss', 0.011183288),  ('CLS Classification Loss', 0.14417239)
[INFO] 2022-09-29 20:01:50,669 [    train.py:  228]:	('Ner Acc', 0.9973397), ('CLS Classification Acc', 0.9712932)
[INFO] 2022-09-29 20:01:59,819 [    train.py:  237]:	Precision 0.436 Recall 0.378 F1 0.405
[INFO] 2022-09-29 20:02:42,757 [    train.py:  185]:	Epoch 17: 
[INFO] 2022-09-29 20:02:42,758 [    train.py:  186]:	Train:
[INFO] 2022-09-29 20:02:42,760 [    train.py:  198]:	Loss 0.0490, ('Ner Loss', 0.005161432083696127),  ('CLS Classification Loss', 0.043864306062459946)
[INFO] 2022-09-29 20:02:42,761 [    train.py:  208]:	('Ner Acc', 0.997937798500061),  ('CLS Classification Acc', 0.9830482602119446)
[INFO] 2022-09-29 20:02:45,102 [    train.py:  220]:	Evaluate:
[INFO] 2022-09-29 20:02:45,103 [    train.py:  227]:	Loss 0.1565, ('Ner Loss', 0.011960749),  ('CLS Classification Loss', 0.14455946)
[INFO] 2022-09-29 20:02:45,103 [    train.py:  228]:	('Ner Acc', 0.99759996), ('CLS Classification Acc', 0.97274005)
[INFO] 2022-09-29 20:02:54,597 [    train.py:  237]:	Precision 0.490 Recall 0.375 F1 0.425
[INFO] 2022-09-29 20:03:45,964 [    train.py:  185]:	Epoch 18: 
[INFO] 2022-09-29 20:03:45,965 [    train.py:  186]:	Train:
[INFO] 2022-09-29 20:03:45,968 [    train.py:  198]:	Loss 0.0436, ('Ner Loss', 0.004603441804647446),  ('CLS Classification Loss', 0.03897887468338013)
[INFO] 2022-09-29 20:03:45,968 [    train.py:  208]:	('Ner Acc', 0.9981381297111511),  ('CLS Classification Acc', 0.9847220182418823)
[INFO] 2022-09-29 20:03:49,051 [    train.py:  220]:	Evaluate:
[INFO] 2022-09-29 20:03:49,051 [    train.py:  227]:	Loss 0.1620, ('Ner Loss', 0.011127083),  ('CLS Classification Loss', 0.15088972)
[INFO] 2022-09-29 20:03:49,052 [    train.py:  228]:	('Ner Acc', 0.9972933), ('CLS Classification Acc', 0.9714608)
[INFO] 2022-09-29 20:03:58,138 [    train.py:  237]:	Precision 0.435 Recall 0.382 F1 0.407
[INFO] 2022-09-29 20:04:55,552 [    train.py:  185]:	Epoch 19: 
[INFO] 2022-09-29 20:04:55,553 [    train.py:  186]:	Train:
[INFO] 2022-09-29 20:04:55,555 [    train.py:  198]:	Loss 0.0405, ('Ner Loss', 0.004265807569026947),  ('CLS Classification Loss', 0.03627749904990196)
[INFO] 2022-09-29 20:04:55,555 [    train.py:  208]:	('Ner Acc', 0.9982506036758423),  ('CLS Classification Acc', 0.9858627319335938)
[INFO] 2022-09-29 20:04:58,618 [    train.py:  220]:	Evaluate:
[INFO] 2022-09-29 20:04:58,618 [    train.py:  227]:	Loss 0.1522, ('Ner Loss', 0.012042952),  ('CLS Classification Loss', 0.14015354)
[INFO] 2022-09-29 20:04:58,619 [    train.py:  228]:	('Ner Acc', 0.9975633), ('CLS Classification Acc', 0.97249645)
[INFO] 2022-09-29 20:05:08,008 [    train.py:  237]:	Precision 0.450 Recall 0.370 F1 0.406
[INFO] 2022-09-29 20:06:05,007 [    train.py:  185]:	Epoch 20: 
[INFO] 2022-09-29 20:06:05,008 [    train.py:  186]:	Train:
[INFO] 2022-09-29 20:06:05,015 [    train.py:  198]:	Loss 0.0353, ('Ner Loss', 0.0038638871628791094),  ('CLS Classification Loss', 0.03143813833594322)
[INFO] 2022-09-29 20:06:05,016 [    train.py:  208]:	('Ner Acc', 0.9984053373336792),  ('CLS Classification Acc', 0.9877229928970337)
[INFO] 2022-09-29 20:06:08,150 [    train.py:  220]:	Evaluate:
[INFO] 2022-09-29 20:06:08,150 [    train.py:  227]:	Loss 0.1625, ('Ner Loss', 0.0117965955),  ('CLS Classification Loss', 0.15074764)
[INFO] 2022-09-29 20:06:08,151 [    train.py:  228]:	('Ner Acc', 0.9975994), ('CLS Classification Acc', 0.9748416)
[INFO] 2022-09-29 20:06:17,610 [    train.py:  237]:	Precision 0.542 Recall 0.388 F1 0.452
[INFO] 2022-09-29 20:07:13,513 [    train.py:  185]:	Epoch 21: 
[INFO] 2022-09-29 20:07:13,513 [    train.py:  186]:	Train:
[INFO] 2022-09-29 20:07:13,517 [    train.py:  198]:	Loss 0.0308, ('Ner Loss', 0.003597880247980356),  ('CLS Classification Loss', 0.02723267674446106)
[INFO] 2022-09-29 20:07:13,517 [    train.py:  208]:	('Ner Acc', 0.9985284805297852),  ('CLS Classification Acc', 0.989347517490387)
[INFO] 2022-09-29 20:07:16,587 [    train.py:  220]:	Evaluate:
[INFO] 2022-09-29 20:07:16,587 [    train.py:  227]:	Loss 0.1755, ('Ner Loss', 0.013639003),  ('CLS Classification Loss', 0.16183166)
[INFO] 2022-09-29 20:07:16,588 [    train.py:  228]:	('Ner Acc', 0.9976066), ('CLS Classification Acc', 0.97213084)
[INFO] 2022-09-29 20:07:25,600 [    train.py:  237]:	Precision 0.473 Recall 0.418 F1 0.444
[INFO] 2022-09-29 20:08:21,790 [    train.py:  185]:	Epoch 22: 
[INFO] 2022-09-29 20:08:21,791 [    train.py:  186]:	Train:
[INFO] 2022-09-29 20:08:21,795 [    train.py:  198]:	Loss 0.0296, ('Ner Loss', 0.0035733976401388645),  ('CLS Classification Loss', 0.02600671909749508)
[INFO] 2022-09-29 20:08:21,795 [    train.py:  208]:	('Ner Acc', 0.9985271096229553),  ('CLS Classification Acc', 0.9898682832717896)
[INFO] 2022-09-29 20:08:24,854 [    train.py:  220]:	Evaluate:
[INFO] 2022-09-29 20:08:24,854 [    train.py:  227]:	Loss 0.1565, ('Ner Loss', 0.013227444),  ('CLS Classification Loss', 0.14329882)
[INFO] 2022-09-29 20:08:24,855 [    train.py:  228]:	('Ner Acc', 0.99764323), ('CLS Classification Acc', 0.97456753)
[INFO] 2022-09-29 20:08:33,947 [    train.py:  237]:	Precision 0.503 Recall 0.407 F1 0.450
[INFO] 2022-09-29 20:09:30,672 [    train.py:  185]:	Epoch 23: 
[INFO] 2022-09-29 20:09:30,673 [    train.py:  186]:	Train:
[INFO] 2022-09-29 20:09:30,677 [    train.py:  198]:	Loss 0.0249, ('Ner Loss', 0.002961111022159457),  ('CLS Classification Loss', 0.021916363388299942)
[INFO] 2022-09-29 20:09:30,677 [    train.py:  208]:	('Ner Acc', 0.9987509846687317),  ('CLS Classification Acc', 0.9918399453163147)
[INFO] 2022-09-29 20:09:33,844 [    train.py:  220]:	Evaluate:
[INFO] 2022-09-29 20:09:33,844 [    train.py:  227]:	Loss 0.1691, ('Ner Loss', 0.014727503),  ('CLS Classification Loss', 0.15439591)
[INFO] 2022-09-29 20:09:33,844 [    train.py:  228]:	('Ner Acc', 0.99769545), ('CLS Classification Acc', 0.97528315)
[INFO] 2022-09-29 20:09:42,913 [    train.py:  237]:	Precision 0.522 Recall 0.421 F1 0.466
[INFO] 2022-09-29 20:10:40,060 [    train.py:  185]:	Epoch 24: 
[INFO] 2022-09-29 20:10:40,060 [    train.py:  186]:	Train:
[INFO] 2022-09-29 20:10:40,063 [    train.py:  198]:	Loss 0.0226, ('Ner Loss', 0.002756026340648532),  ('CLS Classification Loss', 0.019886290654540062)
[INFO] 2022-09-29 20:10:40,063 [    train.py:  208]:	('Ner Acc', 0.9988162517547607),  ('CLS Classification Acc', 0.9925469756126404)
[INFO] 2022-09-29 20:10:43,104 [    train.py:  220]:	Evaluate:
[INFO] 2022-09-29 20:10:43,104 [    train.py:  227]:	Loss 0.1651, ('Ner Loss', 0.01459383),  ('CLS Classification Loss', 0.15049933)
[INFO] 2022-09-29 20:10:43,104 [    train.py:  228]:	('Ner Acc', 0.99772674), ('CLS Classification Acc', 0.97426295)
[INFO] 2022-09-29 20:10:52,276 [    train.py:  237]:	Precision 0.530 Recall 0.380 F1 0.442
[INFO] 2022-09-29 20:11:49,550 [    train.py:  185]:	Epoch 25: 
[INFO] 2022-09-29 20:11:49,551 [    train.py:  186]:	Train:
[INFO] 2022-09-29 20:11:49,557 [    train.py:  198]:	Loss 0.0225, ('Ner Loss', 0.002817926462739706),  ('CLS Classification Loss', 0.019661597907543182)
[INFO] 2022-09-29 20:11:49,557 [    train.py:  208]:	('Ner Acc', 0.9988032579421997),  ('CLS Classification Acc', 0.9927451014518738)
[INFO] 2022-09-29 20:11:52,704 [    train.py:  220]:	Evaluate:
[INFO] 2022-09-29 20:11:52,704 [    train.py:  227]:	Loss 0.1757, ('Ner Loss', 0.0151635725),  ('CLS Classification Loss', 0.16052067)
[INFO] 2022-09-29 20:11:52,704 [    train.py:  228]:	('Ner Acc', 0.9976858), ('CLS Classification Acc', 0.9736538)
[INFO] 2022-09-29 20:12:02,094 [    train.py:  237]:	Precision 0.488 Recall 0.392 F1 0.435
[INFO] 2022-09-29 20:12:58,230 [    train.py:  185]:	Epoch 26: 
[INFO] 2022-09-29 20:12:58,231 [    train.py:  186]:	Train:
[INFO] 2022-09-29 20:12:58,236 [    train.py:  198]:	Loss 0.0193, ('Ner Loss', 0.002489956794306636),  ('CLS Classification Loss', 0.016803814098238945)
[INFO] 2022-09-29 20:12:58,236 [    train.py:  208]:	('Ner Acc', 0.9989398121833801),  ('CLS Classification Acc', 0.9940347075462341)
[INFO] 2022-09-29 20:13:01,283 [    train.py:  220]:	Evaluate:
[INFO] 2022-09-29 20:13:01,284 [    train.py:  227]:	Loss 0.1610, ('Ner Loss', 0.014222757),  ('CLS Classification Loss', 0.14681746)
[INFO] 2022-09-29 20:13:01,284 [    train.py:  228]:	('Ner Acc', 0.9976907), ('CLS Classification Acc', 0.97522235)
[INFO] 2022-09-29 20:13:10,399 [    train.py:  237]:	Precision 0.536 Recall 0.433 F1 0.479
[INFO] 2022-09-29 20:14:07,076 [    train.py:  185]:	Epoch 27: 
[INFO] 2022-09-29 20:14:07,077 [    train.py:  186]:	Train:
[INFO] 2022-09-29 20:14:07,084 [    train.py:  198]:	Loss 0.0168, ('Ner Loss', 0.0022466264199465513),  ('CLS Classification Loss', 0.014530614018440247)
[INFO] 2022-09-29 20:14:07,084 [    train.py:  208]:	('Ner Acc', 0.9990566968917847),  ('CLS Classification Acc', 0.994443953037262)
[INFO] 2022-09-29 20:14:10,134 [    train.py:  220]:	Evaluate:
[INFO] 2022-09-29 20:14:10,134 [    train.py:  227]:	Loss 0.1940, ('Ner Loss', 0.015333421),  ('CLS Classification Loss', 0.17868495)
[INFO] 2022-09-29 20:14:10,135 [    train.py:  228]:	('Ner Acc', 0.99748915), ('CLS Classification Acc', 0.9743695)
[INFO] 2022-09-29 20:14:19,229 [    train.py:  237]:	Precision 0.491 Recall 0.443 F1 0.465
[INFO] 2022-09-29 20:15:16,003 [    train.py:  185]:	Epoch 28: 
[INFO] 2022-09-29 20:15:16,004 [    train.py:  186]:	Train:
[INFO] 2022-09-29 20:15:16,008 [    train.py:  198]:	Loss 0.0154, ('Ner Loss', 0.0020900857634842396),  ('CLS Classification Loss', 0.013280884362757206)
[INFO] 2022-09-29 20:15:16,008 [    train.py:  208]:	('Ner Acc', 0.9990986585617065),  ('CLS Classification Acc', 0.995212972164154)
[INFO] 2022-09-29 20:15:19,122 [    train.py:  220]:	Evaluate:
[INFO] 2022-09-29 20:15:19,123 [    train.py:  227]:	Loss 0.2150, ('Ner Loss', 0.01797125),  ('CLS Classification Loss', 0.19698346)
[INFO] 2022-09-29 20:15:19,123 [    train.py:  228]:	('Ner Acc', 0.9976877), ('CLS Classification Acc', 0.9735015)
[INFO] 2022-09-29 20:15:28,187 [    train.py:  237]:	Precision 0.507 Recall 0.399 F1 0.446
[INFO] 2022-09-29 20:16:25,498 [    train.py:  185]:	Epoch 29: 
[INFO] 2022-09-29 20:16:25,498 [    train.py:  186]:	Train:
[INFO] 2022-09-29 20:16:25,503 [    train.py:  198]:	Loss 0.0140, ('Ner Loss', 0.0020321104675531387),  ('CLS Classification Loss', 0.012013472616672516)
[INFO] 2022-09-29 20:16:25,503 [    train.py:  208]:	('Ner Acc', 0.9991628527641296),  ('CLS Classification Acc', 0.995411217212677)
[INFO] 2022-09-29 20:16:28,507 [    train.py:  220]:	Evaluate:
[INFO] 2022-09-29 20:16:28,508 [    train.py:  227]:	Loss 0.2063, ('Ner Loss', 0.016975844),  ('CLS Classification Loss', 0.18935303)
[INFO] 2022-09-29 20:16:28,508 [    train.py:  228]:	('Ner Acc', 0.9978083), ('CLS Classification Acc', 0.9744)
[INFO] 2022-09-29 20:16:37,793 [    train.py:  237]:	Precision 0.547 Recall 0.402 F1 0.464
[INFO] 2022-09-29 20:17:34,211 [    train.py:  185]:	Epoch 30: 
[INFO] 2022-09-29 20:17:34,212 [    train.py:  186]:	Train:
[INFO] 2022-09-29 20:17:34,220 [    train.py:  198]:	Loss 0.0145, ('Ner Loss', 0.0018582138000056148),  ('CLS Classification Loss', 0.012651266530156136)
[INFO] 2022-09-29 20:17:34,220 [    train.py:  208]:	('Ner Acc', 0.9992095828056335),  ('CLS Classification Acc', 0.9955353736877441)
[INFO] 2022-09-29 20:17:37,220 [    train.py:  220]:	Evaluate:
[INFO] 2022-09-29 20:17:37,221 [    train.py:  227]:	Loss 0.1955, ('Ner Loss', 0.01572581),  ('CLS Classification Loss', 0.17977154)
[INFO] 2022-09-29 20:17:37,221 [    train.py:  228]:	('Ner Acc', 0.99768096), ('CLS Classification Acc', 0.9741258)
[INFO] 2022-09-29 20:17:46,526 [    train.py:  237]:	Precision 0.525 Recall 0.417 F1 0.464
[INFO] 2022-09-29 20:18:43,230 [    train.py:  185]:	Epoch 31: 
[INFO] 2022-09-29 20:18:43,230 [    train.py:  186]:	Train:
[INFO] 2022-09-29 20:18:43,233 [    train.py:  198]:	Loss 0.0113, ('Ner Loss', 0.0017156759276986122),  ('CLS Classification Loss', 0.00963375810533762)
[INFO] 2022-09-29 20:18:43,233 [    train.py:  208]:	('Ner Acc', 0.9992448091506958),  ('CLS Classification Acc', 0.9964903593063354)
[INFO] 2022-09-29 20:18:46,241 [    train.py:  220]:	Evaluate:
[INFO] 2022-09-29 20:18:46,241 [    train.py:  227]:	Loss 0.1890, ('Ner Loss', 0.015516891),  ('CLS Classification Loss', 0.17351907)
[INFO] 2022-09-29 20:18:46,242 [    train.py:  228]:	('Ner Acc', 0.99765253), ('CLS Classification Acc', 0.97315115)
[INFO] 2022-09-29 20:18:55,406 [    train.py:  237]:	Precision 0.486 Recall 0.404 F1 0.441
[INFO] 2022-09-29 20:19:51,826 [    train.py:  185]:	Epoch 32: 
[INFO] 2022-09-29 20:19:51,827 [    train.py:  186]:	Train:
[INFO] 2022-09-29 20:19:51,830 [    train.py:  198]:	Loss 0.0111, ('Ner Loss', 0.0015364775899797678),  ('CLS Classification Loss', 0.00958776380866766)
[INFO] 2022-09-29 20:19:51,830 [    train.py:  208]:	('Ner Acc', 0.9993196725845337),  ('CLS Classification Acc', 0.9965767860412598)
[INFO] 2022-09-29 20:19:54,942 [    train.py:  220]:	Evaluate:
[INFO] 2022-09-29 20:19:54,943 [    train.py:  227]:	Loss 0.2021, ('Ner Loss', 0.017608961),  ('CLS Classification Loss', 0.1845179)
[INFO] 2022-09-29 20:19:54,943 [    train.py:  228]:	('Ner Acc', 0.99784356), ('CLS Classification Acc', 0.9757858)
[INFO] 2022-09-29 20:20:04,263 [    train.py:  237]:	Precision 0.560 Recall 0.428 F1 0.486
[INFO] 2022-09-29 20:21:01,153 [    train.py:  185]:	Epoch 33: 
[INFO] 2022-09-29 20:21:01,154 [    train.py:  186]:	Train:
[INFO] 2022-09-29 20:21:01,159 [    train.py:  198]:	Loss 0.0104, ('Ner Loss', 0.0015323272673413157),  ('CLS Classification Loss', 0.008861459791660309)
[INFO] 2022-09-29 20:21:01,160 [    train.py:  208]:	('Ner Acc', 0.9993496537208557),  ('CLS Classification Acc', 0.9969986081123352)
[INFO] 2022-09-29 20:21:04,229 [    train.py:  220]:	Evaluate:
[INFO] 2022-09-29 20:21:04,230 [    train.py:  227]:	Loss 0.1937, ('Ner Loss', 0.016457483),  ('CLS Classification Loss', 0.17725167)
[INFO] 2022-09-29 20:21:04,230 [    train.py:  228]:	('Ner Acc', 0.9977476), ('CLS Classification Acc', 0.97389746)
[INFO] 2022-09-29 20:21:13,566 [    train.py:  237]:	Precision 0.543 Recall 0.414 F1 0.470
[INFO] 2022-09-29 20:22:10,078 [    train.py:  185]:	Epoch 34: 
[INFO] 2022-09-29 20:22:10,078 [    train.py:  186]:	Train:
[INFO] 2022-09-29 20:22:10,083 [    train.py:  198]:	Loss 0.0099, ('Ner Loss', 0.0014312799321487546),  ('CLS Classification Loss', 0.008420473895967007)
[INFO] 2022-09-29 20:22:10,083 [    train.py:  208]:	('Ner Acc', 0.9994024038314819),  ('CLS Classification Acc', 0.9971475005149841)
[INFO] 2022-09-29 20:22:13,152 [    train.py:  220]:	Evaluate:
[INFO] 2022-09-29 20:22:13,152 [    train.py:  227]:	Loss 0.1909, ('Ner Loss', 0.016960269),  ('CLS Classification Loss', 0.17390233)
[INFO] 2022-09-29 20:22:13,152 [    train.py:  228]:	('Ner Acc', 0.99782676), ('CLS Classification Acc', 0.9754203)
[INFO] 2022-09-29 20:22:22,342 [    train.py:  237]:	Precision 0.550 Recall 0.424 F1 0.479
[INFO] 2022-09-29 20:23:18,819 [    train.py:  185]:	Epoch 35: 
[INFO] 2022-09-29 20:23:18,819 [    train.py:  186]:	Train:
[INFO] 2022-09-29 20:23:18,822 [    train.py:  198]:	Loss 0.0084, ('Ner Loss', 0.0013443256029859185),  ('CLS Classification Loss', 0.007075294386595488)
[INFO] 2022-09-29 20:23:18,822 [    train.py:  208]:	('Ner Acc', 0.9994567632675171),  ('CLS Classification Acc', 0.9975321292877197)
[INFO] 2022-09-29 20:23:21,935 [    train.py:  220]:	Evaluate:
[INFO] 2022-09-29 20:23:21,935 [    train.py:  227]:	Loss 0.2133, ('Ner Loss', 0.018333055),  ('CLS Classification Loss', 0.19498594)
[INFO] 2022-09-29 20:23:21,936 [    train.py:  228]:	('Ner Acc', 0.9976324), ('CLS Classification Acc', 0.97245073)
[INFO] 2022-09-29 20:23:31,053 [    train.py:  237]:	Precision 0.490 Recall 0.433 F1 0.460
[INFO] 2022-09-29 20:24:27,681 [    train.py:  185]:	Epoch 36: 
[INFO] 2022-09-29 20:24:27,681 [    train.py:  186]:	Train:
[INFO] 2022-09-29 20:24:27,685 [    train.py:  198]:	Loss 0.0067, ('Ner Loss', 0.0012362308334559202),  ('CLS Classification Loss', 0.00549091724678874)
[INFO] 2022-09-29 20:24:27,686 [    train.py:  208]:	('Ner Acc', 0.9995006918907166),  ('CLS Classification Acc', 0.9982014298439026)
[INFO] 2022-09-29 20:24:30,734 [    train.py:  220]:	Evaluate:
[INFO] 2022-09-29 20:24:30,734 [    train.py:  227]:	Loss 0.2210, ('Ner Loss', 0.017991204),  ('CLS Classification Loss', 0.20296617)
[INFO] 2022-09-29 20:24:30,735 [    train.py:  228]:	('Ner Acc', 0.9976119), ('CLS Classification Acc', 0.9739887)
[INFO] 2022-09-29 20:24:39,803 [    train.py:  237]:	Precision 0.501 Recall 0.463 F1 0.481
[INFO] 2022-09-29 20:25:36,680 [    train.py:  185]:	Epoch 37: 
[INFO] 2022-09-29 20:25:36,681 [    train.py:  186]:	Train:
[INFO] 2022-09-29 20:25:36,685 [    train.py:  198]:	Loss 0.0069, ('Ner Loss', 0.0011080633848905563),  ('CLS Classification Loss', 0.005815183278173208)
[INFO] 2022-09-29 20:25:36,685 [    train.py:  208]:	('Ner Acc', 0.9995182752609253),  ('CLS Classification Acc', 0.9980775117874146)
[INFO] 2022-09-29 20:25:39,711 [    train.py:  220]:	Evaluate:
[INFO] 2022-09-29 20:25:39,711 [    train.py:  227]:	Loss 0.2270, ('Ner Loss', 0.018980559),  ('CLS Classification Loss', 0.20799229)
[INFO] 2022-09-29 20:25:39,712 [    train.py:  228]:	('Ner Acc', 0.9975882), ('CLS Classification Acc', 0.97238964)
[INFO] 2022-09-29 20:25:49,016 [    train.py:  237]:	Precision 0.468 Recall 0.467 F1 0.468
[INFO] 2022-09-29 20:26:45,681 [    train.py:  185]:	Epoch 38: 
[INFO] 2022-09-29 20:26:45,681 [    train.py:  186]:	Train:
[INFO] 2022-09-29 20:26:45,683 [    train.py:  198]:	Loss 0.0079, ('Ner Loss', 0.0011881705140694976),  ('CLS Classification Loss', 0.006761491298675537)
[INFO] 2022-09-29 20:26:45,684 [    train.py:  208]:	('Ner Acc', 0.9995114803314209),  ('CLS Classification Acc', 0.9975569844245911)
[INFO] 2022-09-29 20:26:48,740 [    train.py:  220]:	Evaluate:
[INFO] 2022-09-29 20:26:48,741 [    train.py:  227]:	Loss 0.2076, ('Ner Loss', 0.018646978),  ('CLS Classification Loss', 0.18890372)
[INFO] 2022-09-29 20:26:48,741 [    train.py:  228]:	('Ner Acc', 0.9977388), ('CLS Classification Acc', 0.9741867)
[INFO] 2022-09-29 20:26:58,123 [    train.py:  237]:	Precision 0.508 Recall 0.432 F1 0.467
[INFO] 2022-09-29 20:27:55,036 [    train.py:  185]:	Epoch 39: 
[INFO] 2022-09-29 20:27:55,036 [    train.py:  186]:	Train:
[INFO] 2022-09-29 20:27:55,038 [    train.py:  198]:	Loss 0.0065, ('Ner Loss', 0.0010234966175630689),  ('CLS Classification Loss', 0.005519486498087645)
[INFO] 2022-09-29 20:27:55,038 [    train.py:  208]:	('Ner Acc', 0.9995584487915039),  ('CLS Classification Acc', 0.998151957988739)
[INFO] 2022-09-29 20:27:58,169 [    train.py:  220]:	Evaluate:
[INFO] 2022-09-29 20:27:58,170 [    train.py:  227]:	Loss 0.2015, ('Ner Loss', 0.019013083),  ('CLS Classification Loss', 0.18250838)
[INFO] 2022-09-29 20:27:58,170 [    train.py:  228]:	('Ner Acc', 0.99767804), ('CLS Classification Acc', 0.974202)
[INFO] 2022-09-29 20:28:07,536 [    train.py:  237]:	Precision 0.499 Recall 0.444 F1 0.470
[INFO] 2022-09-29 20:29:04,501 [    train.py:  185]:	Epoch 40: 
[INFO] 2022-09-29 20:29:04,502 [    train.py:  186]:	Train:
[INFO] 2022-09-29 20:29:04,506 [    train.py:  198]:	Loss 0.0080, ('Ner Loss', 0.0010453378781676292),  ('CLS Classification Loss', 0.006991357076913118)
[INFO] 2022-09-29 20:29:04,506 [    train.py:  208]:	('Ner Acc', 0.9995564222335815),  ('CLS Classification Acc', 0.9976310729980469)
[INFO] 2022-09-29 20:29:07,590 [    train.py:  220]:	Evaluate:
[INFO] 2022-09-29 20:29:07,590 [    train.py:  227]:	Loss 0.2269, ('Ner Loss', 0.018348332),  ('CLS Classification Loss', 0.20851226)
[INFO] 2022-09-29 20:29:07,591 [    train.py:  228]:	('Ner Acc', 0.9977122), ('CLS Classification Acc', 0.9732883)
[INFO] 2022-09-29 20:29:16,713 [    train.py:  237]:	Precision 0.495 Recall 0.454 F1 0.474
[INFO] 2022-09-29 20:30:13,435 [    train.py:  185]:	Epoch 41: 
[INFO] 2022-09-29 20:30:13,436 [    train.py:  186]:	Train:
[INFO] 2022-09-29 20:30:13,439 [    train.py:  198]:	Loss 0.0063, ('Ner Loss', 0.000957812590058893),  ('CLS Classification Loss', 0.005383329000324011)
[INFO] 2022-09-29 20:30:13,439 [    train.py:  208]:	('Ner Acc', 0.999598503112793),  ('CLS Classification Acc', 0.998139500617981)
[INFO] 2022-09-29 20:30:16,481 [    train.py:  220]:	Evaluate:
[INFO] 2022-09-29 20:30:16,481 [    train.py:  227]:	Loss 0.2222, ('Ner Loss', 0.018838927),  ('CLS Classification Loss', 0.20332444)
[INFO] 2022-09-29 20:30:16,481 [    train.py:  228]:	('Ner Acc', 0.99772453), ('CLS Classification Acc', 0.9736538)
[INFO] 2022-09-29 20:30:25,581 [    train.py:  237]:	Precision 0.513 Recall 0.438 F1 0.473
[INFO] 2022-09-29 20:31:22,020 [    train.py:  185]:	Epoch 42: 
[INFO] 2022-09-29 20:31:22,021 [    train.py:  186]:	Train:
[INFO] 2022-09-29 20:31:22,030 [    train.py:  198]:	Loss 0.0058, ('Ner Loss', 0.0008924328722059727),  ('CLS Classification Loss', 0.004910266492515802)
[INFO] 2022-09-29 20:31:22,030 [    train.py:  208]:	('Ner Acc', 0.9996099472045898),  ('CLS Classification Acc', 0.9984123110771179)
[INFO] 2022-09-29 20:31:25,138 [    train.py:  220]:	Evaluate:
[INFO] 2022-09-29 20:31:25,139 [    train.py:  227]:	Loss 0.2024, ('Ner Loss', 0.018189406),  ('CLS Classification Loss', 0.18417834)
[INFO] 2022-09-29 20:31:25,139 [    train.py:  228]:	('Ner Acc', 0.99776226), ('CLS Classification Acc', 0.9743086)
[INFO] 2022-09-29 20:31:35,025 [    train.py:  237]:	Precision 0.518 Recall 0.465 F1 0.490
[INFO] 2022-09-29 20:32:31,893 [    train.py:  185]:	Epoch 43: 
[INFO] 2022-09-29 20:32:31,893 [    train.py:  186]:	Train:
[INFO] 2022-09-29 20:32:31,896 [    train.py:  198]:	Loss 0.0052, ('Ner Loss', 0.0008494668873026967),  ('CLS Classification Loss', 0.004345038440078497)
[INFO] 2022-09-29 20:32:31,896 [    train.py:  208]:	('Ner Acc', 0.9996678233146667),  ('CLS Classification Acc', 0.9985117316246033)
[INFO] 2022-09-29 20:32:34,915 [    train.py:  220]:	Evaluate:
[INFO] 2022-09-29 20:32:34,915 [    train.py:  227]:	Loss 0.2097, ('Ner Loss', 0.019469416),  ('CLS Classification Loss', 0.19018058)
[INFO] 2022-09-29 20:32:34,916 [    train.py:  228]:	('Ner Acc', 0.99770665), ('CLS Classification Acc', 0.97531366)
[INFO] 2022-09-29 20:32:44,053 [    train.py:  237]:	Precision 0.532 Recall 0.438 F1 0.480
[INFO] 2022-09-29 20:33:41,422 [    train.py:  185]:	Epoch 44: 
[INFO] 2022-09-29 20:33:41,423 [    train.py:  186]:	Train:
[INFO] 2022-09-29 20:33:41,425 [    train.py:  198]:	Loss 0.0055, ('Ner Loss', 0.0008062319830060005),  ('CLS Classification Loss', 0.004690941888839006)
[INFO] 2022-09-29 20:33:41,425 [    train.py:  208]:	('Ner Acc', 0.9996503591537476),  ('CLS Classification Acc', 0.9985365867614746)
[INFO] 2022-09-29 20:33:44,464 [    train.py:  220]:	Evaluate:
[INFO] 2022-09-29 20:33:44,465 [    train.py:  227]:	Loss 0.2111, ('Ner Loss', 0.020030165),  ('CLS Classification Loss', 0.19111127)
[INFO] 2022-09-29 20:33:44,465 [    train.py:  228]:	('Ner Acc', 0.99773717), ('CLS Classification Acc', 0.97520715)
[INFO] 2022-09-29 20:33:53,587 [    train.py:  237]:	Precision 0.523 Recall 0.445 F1 0.481
[INFO] 2022-09-29 20:34:49,517 [    train.py:  185]:	Epoch 45: 
[INFO] 2022-09-29 20:34:49,518 [    train.py:  186]:	Train:
[INFO] 2022-09-29 20:34:49,525 [    train.py:  198]:	Loss 0.0056, ('Ner Loss', 0.0008597838459536433),  ('CLS Classification Loss', 0.004724870901554823)
[INFO] 2022-09-29 20:34:49,526 [    train.py:  208]:	('Ner Acc', 0.9996360540390015),  ('CLS Classification Acc', 0.9984248280525208)
[INFO] 2022-09-29 20:34:52,576 [    train.py:  220]:	Evaluate:
[INFO] 2022-09-29 20:34:52,576 [    train.py:  227]:	Loss 0.2051, ('Ner Loss', 0.018892188),  ('CLS Classification Loss', 0.18624675)
[INFO] 2022-09-29 20:34:52,576 [    train.py:  228]:	('Ner Acc', 0.9978435), ('CLS Classification Acc', 0.97590756)
[INFO] 2022-09-29 20:35:01,645 [    train.py:  237]:	Precision 0.551 Recall 0.436 F1 0.486
[INFO] 2022-09-29 20:35:58,443 [    train.py:  185]:	Epoch 46: 
[INFO] 2022-09-29 20:35:58,444 [    train.py:  186]:	Train:
[INFO] 2022-09-29 20:35:58,450 [    train.py:  198]:	Loss 0.0048, ('Ner Loss', 0.0007734628743492067),  ('CLS Classification Loss', 0.003978020045906305)
[INFO] 2022-09-29 20:35:58,450 [    train.py:  208]:	('Ner Acc', 0.9996766448020935),  ('CLS Classification Acc', 0.9987472295761108)
[INFO] 2022-09-29 20:36:01,486 [    train.py:  220]:	Evaluate:
[INFO] 2022-09-29 20:36:01,486 [    train.py:  227]:	Loss 0.2088, ('Ner Loss', 0.019410672),  ('CLS Classification Loss', 0.18940516)
[INFO] 2022-09-29 20:36:01,487 [    train.py:  228]:	('Ner Acc', 0.99778605), ('CLS Classification Acc', 0.9743085)
[INFO] 2022-09-29 20:36:10,550 [    train.py:  237]:	Precision 0.533 Recall 0.428 F1 0.475
[INFO] 2022-09-29 20:37:07,522 [    train.py:  185]:	Epoch 47: 
[INFO] 2022-09-29 20:37:07,522 [    train.py:  186]:	Train:
[INFO] 2022-09-29 20:37:07,526 [    train.py:  198]:	Loss 0.0047, ('Ner Loss', 0.0007451956626027822),  ('CLS Classification Loss', 0.00391036132350564)
[INFO] 2022-09-29 20:37:07,526 [    train.py:  208]:	('Ner Acc', 0.9996982216835022),  ('CLS Classification Acc', 0.9984621405601501)
[INFO] 2022-09-29 20:37:09,833 [    train.py:  220]:	Evaluate:
[INFO] 2022-09-29 20:37:09,834 [    train.py:  227]:	Loss 0.2213, ('Ner Loss', 0.01903157),  ('CLS Classification Loss', 0.2022986)
[INFO] 2022-09-29 20:37:09,834 [    train.py:  228]:	('Ner Acc', 0.9978734), ('CLS Classification Acc', 0.9733796)
[INFO] 2022-09-29 20:37:19,112 [    train.py:  237]:	Precision 0.542 Recall 0.426 F1 0.477
[INFO] 2022-09-29 20:38:02,254 [    train.py:  185]:	Epoch 48: 
[INFO] 2022-09-29 20:38:02,255 [    train.py:  186]:	Train:
[INFO] 2022-09-29 20:38:02,258 [    train.py:  198]:	Loss 0.0042, ('Ner Loss', 0.0006232282612472773),  ('CLS Classification Loss', 0.0036261482164263725)
[INFO] 2022-09-29 20:38:02,258 [    train.py:  208]:	('Ner Acc', 0.9997522830963135),  ('CLS Classification Acc', 0.9987845420837402)
[INFO] 2022-09-29 20:38:04,568 [    train.py:  220]:	Evaluate:
[INFO] 2022-09-29 20:38:04,569 [    train.py:  227]:	Loss 0.2420, ('Ner Loss', 0.019783944),  ('CLS Classification Loss', 0.22222714)
[INFO] 2022-09-29 20:38:04,569 [    train.py:  228]:	('Ner Acc', 0.9977505), ('CLS Classification Acc', 0.9746283)
[INFO] 2022-09-29 20:38:13,865 [    train.py:  237]:	Precision 0.561 Recall 0.441 F1 0.494
[INFO] 2022-09-29 20:38:56,844 [    train.py:  185]:	Epoch 49: 
[INFO] 2022-09-29 20:38:56,844 [    train.py:  186]:	Train:
[INFO] 2022-09-29 20:38:56,849 [    train.py:  198]:	Loss 0.0049, ('Ner Loss', 0.0007704885210841894),  ('CLS Classification Loss', 0.004096739925444126)
[INFO] 2022-09-29 20:38:56,849 [    train.py:  208]:	('Ner Acc', 0.9996791481971741),  ('CLS Classification Acc', 0.9986603856086731)
[INFO] 2022-09-29 20:38:58,992 [    train.py:  220]:	Evaluate:
[INFO] 2022-09-29 20:38:58,992 [    train.py:  227]:	Loss 0.2275, ('Ner Loss', 0.018459555),  ('CLS Classification Loss', 0.20901535)
[INFO] 2022-09-29 20:38:58,992 [    train.py:  228]:	('Ner Acc', 0.99761915), ('CLS Classification Acc', 0.97444564)
[INFO] 2022-09-29 20:39:08,738 [    train.py:  237]:	Precision 0.523 Recall 0.475 F1 0.498
[INFO] 2022-09-29 20:40:05,552 [    train.py:  185]:	Epoch 50: 
[INFO] 2022-09-29 20:40:05,552 [    train.py:  186]:	Train:
[INFO] 2022-09-29 20:40:05,558 [    train.py:  198]:	Loss 0.0039, ('Ner Loss', 0.0007243945146910846),  ('CLS Classification Loss', 0.003223806619644165)
[INFO] 2022-09-29 20:40:05,558 [    train.py:  208]:	('Ner Acc', 0.9997175931930542),  ('CLS Classification Acc', 0.9990199208259583)
[INFO] 2022-09-29 20:40:08,594 [    train.py:  220]:	Evaluate:
[INFO] 2022-09-29 20:40:08,595 [    train.py:  227]:	Loss 0.2216, ('Ner Loss', 0.019043379),  ('CLS Classification Loss', 0.20258571)
[INFO] 2022-09-29 20:40:08,595 [    train.py:  228]:	('Ner Acc', 0.9978658), ('CLS Classification Acc', 0.9754202)
[INFO] 2022-09-29 20:40:17,940 [    train.py:  237]:	Precision 0.567 Recall 0.417 F1 0.480
[INFO] 2022-09-29 20:41:15,224 [    train.py:  185]:	Epoch 51: 
[INFO] 2022-09-29 20:41:15,225 [    train.py:  186]:	Train:
[INFO] 2022-09-29 20:41:15,228 [    train.py:  198]:	Loss 0.0044, ('Ner Loss', 0.000660175399389118),  ('CLS Classification Loss', 0.0037542693316936493)
[INFO] 2022-09-29 20:41:15,228 [    train.py:  208]:	('Ner Acc', 0.9997429847717285),  ('CLS Classification Acc', 0.9987473487854004)
[INFO] 2022-09-29 20:41:18,335 [    train.py:  220]:	Evaluate:
[INFO] 2022-09-29 20:41:18,335 [    train.py:  227]:	Loss 0.2092, ('Ner Loss', 0.018641397),  ('CLS Classification Loss', 0.19057968)
[INFO] 2022-09-29 20:41:18,336 [    train.py:  228]:	('Ner Acc', 0.997584), ('CLS Classification Acc', 0.9731969)
[INFO] 2022-09-29 20:41:27,461 [    train.py:  237]:	Precision 0.483 Recall 0.445 F1 0.463
[INFO] 2022-09-29 20:42:25,317 [    train.py:  185]:	Epoch 52: 
[INFO] 2022-09-29 20:42:25,318 [    train.py:  186]:	Train:
[INFO] 2022-09-29 20:42:25,326 [    train.py:  198]:	Loss 0.0043, ('Ner Loss', 0.0006344880093820393),  ('CLS Classification Loss', 0.0036618420854210854)
[INFO] 2022-09-29 20:42:25,326 [    train.py:  208]:	('Ner Acc', 0.9997519254684448),  ('CLS Classification Acc', 0.9987841844558716)
[INFO] 2022-09-29 20:42:28,424 [    train.py:  220]:	Evaluate:
[INFO] 2022-09-29 20:42:28,424 [    train.py:  227]:	Loss 0.2230, ('Ner Loss', 0.019895477),  ('CLS Classification Loss', 0.20307127)
[INFO] 2022-09-29 20:42:28,425 [    train.py:  228]:	('Ner Acc', 0.997622), ('CLS Classification Acc', 0.97496337)
[INFO] 2022-09-29 20:42:37,299 [    train.py:  237]:	Precision 0.517 Recall 0.419 F1 0.463
[INFO] 2022-09-29 20:43:34,480 [    train.py:  185]:	Epoch 53: 
[INFO] 2022-09-29 20:43:34,480 [    train.py:  186]:	Train:
[INFO] 2022-09-29 20:43:34,483 [    train.py:  198]:	Loss 0.0031, ('Ner Loss', 0.0005559077835641801),  ('CLS Classification Loss', 0.0025320048443973064)
[INFO] 2022-09-29 20:43:34,483 [    train.py:  208]:	('Ner Acc', 0.9997737407684326),  ('CLS Classification Acc', 0.9990697503089905)
[INFO] 2022-09-29 20:43:37,599 [    train.py:  220]:	Evaluate:
[INFO] 2022-09-29 20:43:37,599 [    train.py:  227]:	Loss 0.2306, ('Ner Loss', 0.019827085),  ('CLS Classification Loss', 0.21075575)
[INFO] 2022-09-29 20:43:37,600 [    train.py:  228]:	('Ner Acc', 0.9977266), ('CLS Classification Acc', 0.9753289)
[INFO] 2022-09-29 20:43:46,935 [    train.py:  237]:	Precision 0.532 Recall 0.439 F1 0.481
[INFO] 2022-09-29 20:44:43,943 [    train.py:  185]:	Epoch 54: 
[INFO] 2022-09-29 20:44:43,944 [    train.py:  186]:	Train:
[INFO] 2022-09-29 20:44:43,947 [    train.py:  198]:	Loss 0.0036, ('Ner Loss', 0.0005686923977918923),  ('CLS Classification Loss', 0.0030494960956275463)
[INFO] 2022-09-29 20:44:43,947 [    train.py:  208]:	('Ner Acc', 0.9997776746749878),  ('CLS Classification Acc', 0.9989206790924072)
[INFO] 2022-09-29 20:44:47,037 [    train.py:  220]:	Evaluate:
[INFO] 2022-09-29 20:44:47,038 [    train.py:  227]:	Loss 0.2612, ('Ner Loss', 0.022113401),  ('CLS Classification Loss', 0.2390859)
[INFO] 2022-09-29 20:44:47,038 [    train.py:  228]:	('Ner Acc', 0.9976532), ('CLS Classification Acc', 0.97374517)
[INFO] 2022-09-29 20:44:56,375 [    train.py:  237]:	Precision 0.539 Recall 0.439 F1 0.484
[INFO] 2022-09-29 20:45:53,092 [    train.py:  185]:	Epoch 55: 
[INFO] 2022-09-29 20:45:53,092 [    train.py:  186]:	Train:
[INFO] 2022-09-29 20:45:53,096 [    train.py:  198]:	Loss 0.0042, ('Ner Loss', 0.0005404077819548547),  ('CLS Classification Loss', 0.003631615312770009)
[INFO] 2022-09-29 20:45:53,096 [    train.py:  208]:	('Ner Acc', 0.9997829794883728),  ('CLS Classification Acc', 0.9989331960678101)
[INFO] 2022-09-29 20:45:56,014 [    train.py:  220]:	Evaluate:
[INFO] 2022-09-29 20:45:56,015 [    train.py:  227]:	Loss 0.2237, ('Ner Loss', 0.020159725),  ('CLS Classification Loss', 0.20350489)
[INFO] 2022-09-29 20:45:56,015 [    train.py:  228]:	('Ner Acc', 0.9977201), ('CLS Classification Acc', 0.97296846)
[INFO] 2022-09-29 20:46:05,000 [    train.py:  237]:	Precision 0.525 Recall 0.433 F1 0.475
[INFO] 2022-09-29 20:47:01,548 [    train.py:  185]:	Epoch 56: 
[INFO] 2022-09-29 20:47:01,548 [    train.py:  186]:	Train:
[INFO] 2022-09-29 20:47:01,552 [    train.py:  198]:	Loss 0.0027, ('Ner Loss', 0.0004589338495861739),  ('CLS Classification Loss', 0.00220396276563406)
[INFO] 2022-09-29 20:47:01,552 [    train.py:  208]:	('Ner Acc', 0.9998071789741516),  ('CLS Classification Acc', 0.9993053078651428)
[INFO] 2022-09-29 20:47:04,632 [    train.py:  220]:	Evaluate:
[INFO] 2022-09-29 20:47:04,633 [    train.py:  227]:	Loss 0.2362, ('Ner Loss', 0.020746367),  ('CLS Classification Loss', 0.2154333)
[INFO] 2022-09-29 20:47:04,633 [    train.py:  228]:	('Ner Acc', 0.99768716), ('CLS Classification Acc', 0.9743848)
[INFO] 2022-09-29 20:47:14,031 [    train.py:  237]:	Precision 0.529 Recall 0.453 F1 0.488
[INFO] 2022-09-29 20:48:11,464 [    train.py:  185]:	Epoch 57: 
[INFO] 2022-09-29 20:48:11,464 [    train.py:  186]:	Train:
[INFO] 2022-09-29 20:48:11,469 [    train.py:  198]:	Loss 0.0042, ('Ner Loss', 0.0005234229029156268),  ('CLS Classification Loss', 0.003628456499427557)
[INFO] 2022-09-29 20:48:11,469 [    train.py:  208]:	('Ner Acc', 0.999805212020874),  ('CLS Classification Acc', 0.9988464117050171)
[INFO] 2022-09-29 20:48:14,587 [    train.py:  220]:	Evaluate:
[INFO] 2022-09-29 20:48:14,588 [    train.py:  227]:	Loss 0.2219, ('Ner Loss', 0.020928616),  ('CLS Classification Loss', 0.20101553)
[INFO] 2022-09-29 20:48:14,588 [    train.py:  228]:	('Ner Acc', 0.9976581), ('CLS Classification Acc', 0.97389734)
[INFO] 2022-09-29 20:48:23,672 [    train.py:  237]:	Precision 0.508 Recall 0.444 F1 0.474
[INFO] 2022-09-29 20:49:20,772 [    train.py:  185]:	Epoch 58: 
[INFO] 2022-09-29 20:49:20,773 [    train.py:  186]:	Train:
[INFO] 2022-09-29 20:49:20,780 [    train.py:  198]:	Loss 0.0024, ('Ner Loss', 0.0004406982334330678),  ('CLS Classification Loss', 0.001979843247681856)
[INFO] 2022-09-29 20:49:20,780 [    train.py:  208]:	('Ner Acc', 0.9998269081115723),  ('CLS Classification Acc', 0.9993921518325806)
[INFO] 2022-09-29 20:49:23,851 [    train.py:  220]:	Evaluate:
[INFO] 2022-09-29 20:49:23,851 [    train.py:  227]:	Loss 0.2497, ('Ner Loss', 0.022077953),  ('CLS Classification Loss', 0.22760032)
[INFO] 2022-09-29 20:49:23,852 [    train.py:  228]:	('Ner Acc', 0.9976776), ('CLS Classification Acc', 0.9732578)
[INFO] 2022-09-29 20:49:33,086 [    train.py:  237]:	Precision 0.510 Recall 0.425 F1 0.464
[INFO] 2022-09-29 20:50:30,050 [    train.py:  185]:	Epoch 59: 
[INFO] 2022-09-29 20:50:30,051 [    train.py:  186]:	Train:
[INFO] 2022-09-29 20:50:30,054 [    train.py:  198]:	Loss 0.0043, ('Ner Loss', 0.00047280112630687654),  ('CLS Classification Loss', 0.0038556281942874193)
[INFO] 2022-09-29 20:50:30,054 [    train.py:  208]:	('Ner Acc', 0.9998109936714172),  ('CLS Classification Acc', 0.9986355304718018)
[INFO] 2022-09-29 20:50:33,086 [    train.py:  220]:	Evaluate:
[INFO] 2022-09-29 20:50:33,086 [    train.py:  227]:	Loss 0.2195, ('Ner Loss', 0.020577287),  ('CLS Classification Loss', 0.19896169)
[INFO] 2022-09-29 20:50:33,086 [    train.py:  228]:	('Ner Acc', 0.99763155), ('CLS Classification Acc', 0.97278565)
[INFO] 2022-09-29 20:50:42,229 [    train.py:  237]:	Precision 0.492 Recall 0.422 F1 0.455
[INFO] 2022-09-29 20:51:38,781 [    train.py:  185]:	Epoch 60: 
[INFO] 2022-09-29 20:51:38,781 [    train.py:  186]:	Train:
[INFO] 2022-09-29 20:51:38,785 [    train.py:  198]:	Loss 0.0033, ('Ner Loss', 0.0005197584396228194),  ('CLS Classification Loss', 0.0028109182603657246)
[INFO] 2022-09-29 20:51:38,785 [    train.py:  208]:	('Ner Acc', 0.9997987151145935),  ('CLS Classification Acc', 0.9990571141242981)
[INFO] 2022-09-29 20:51:41,883 [    train.py:  220]:	Evaluate:
[INFO] 2022-09-29 20:51:41,884 [    train.py:  227]:	Loss 0.2565, ('Ner Loss', 0.021732543),  ('CLS Classification Loss', 0.23477052)
[INFO] 2022-09-29 20:51:41,884 [    train.py:  228]:	('Ner Acc', 0.99765265), ('CLS Classification Acc', 0.97305983)
[INFO] 2022-09-29 20:51:51,238 [    train.py:  237]:	Precision 0.530 Recall 0.453 F1 0.489
[INFO] 2022-09-29 20:52:48,619 [    train.py:  185]:	Epoch 61: 
[INFO] 2022-09-29 20:52:48,620 [    train.py:  186]:	Train:
[INFO] 2022-09-29 20:52:48,624 [    train.py:  198]:	Loss 0.0023, ('Ner Loss', 0.0004438514879439026),  ('CLS Classification Loss', 0.0018763316329568624)
[INFO] 2022-09-29 20:52:48,624 [    train.py:  208]:	('Ner Acc', 0.9998208284378052),  ('CLS Classification Acc', 0.9994664788246155)
[INFO] 2022-09-29 20:52:51,652 [    train.py:  220]:	Evaluate:
[INFO] 2022-09-29 20:52:51,652 [    train.py:  227]:	Loss 0.2415, ('Ner Loss', 0.020242298),  ('CLS Classification Loss', 0.22128901)
[INFO] 2022-09-29 20:52:51,652 [    train.py:  228]:	('Ner Acc', 0.9977421), ('CLS Classification Acc', 0.973608)
[INFO] 2022-09-29 20:53:00,961 [    train.py:  237]:	Precision 0.534 Recall 0.460 F1 0.495
[INFO] 2022-09-29 20:53:57,865 [    train.py:  185]:	Epoch 62: 
[INFO] 2022-09-29 20:53:57,865 [    train.py:  186]:	Train:
[INFO] 2022-09-29 20:53:57,868 [    train.py:  198]:	Loss 0.0025, ('Ner Loss', 0.00038702189340256155),  ('CLS Classification Loss', 0.002096518175676465)
[INFO] 2022-09-29 20:53:57,868 [    train.py:  208]:	('Ner Acc', 0.9998566508293152),  ('CLS Classification Acc', 0.9992928504943848)
[INFO] 2022-09-29 20:54:00,931 [    train.py:  220]:	Evaluate:
[INFO] 2022-09-29 20:54:00,932 [    train.py:  227]:	Loss 0.2548, ('Ner Loss', 0.02166846),  ('CLS Classification Loss', 0.23315513)
[INFO] 2022-09-29 20:54:00,932 [    train.py:  228]:	('Ner Acc', 0.997617), ('CLS Classification Acc', 0.9734406)
[INFO] 2022-09-29 20:54:10,133 [    train.py:  237]:	Precision 0.509 Recall 0.477 F1 0.492
[INFO] 2022-09-29 20:55:06,924 [    train.py:  185]:	Epoch 63: 
[INFO] 2022-09-29 20:55:06,924 [    train.py:  186]:	Train:
[INFO] 2022-09-29 20:55:06,926 [    train.py:  198]:	Loss 0.0021, ('Ner Loss', 0.0003285543934907764),  ('CLS Classification Loss', 0.0017953019123524427)
[INFO] 2022-09-29 20:55:06,927 [    train.py:  208]:	('Ner Acc', 0.9998677968978882),  ('CLS Classification Acc', 0.9994542002677917)
[INFO] 2022-09-29 20:55:09,996 [    train.py:  220]:	Evaluate:
[INFO] 2022-09-29 20:55:09,997 [    train.py:  227]:	Loss 0.2416, ('Ner Loss', 0.021598004),  ('CLS Classification Loss', 0.22004996)
[INFO] 2022-09-29 20:55:09,997 [    train.py:  228]:	('Ner Acc', 0.99775416), ('CLS Classification Acc', 0.97175014)
[INFO] 2022-09-29 20:55:19,326 [    train.py:  237]:	Precision 0.496 Recall 0.462 F1 0.478
[INFO] 2022-09-29 20:56:16,138 [    train.py:  185]:	Epoch 64: 
[INFO] 2022-09-29 20:56:16,139 [    train.py:  186]:	Train:
[INFO] 2022-09-29 20:56:16,142 [    train.py:  198]:	Loss 0.0025, ('Ner Loss', 0.0003118100285064429),  ('CLS Classification Loss', 0.0022172988392412663)
[INFO] 2022-09-29 20:56:16,142 [    train.py:  208]:	('Ner Acc', 0.9998917579650879),  ('CLS Classification Acc', 0.9992432594299316)
[INFO] 2022-09-29 20:56:19,182 [    train.py:  220]:	Evaluate:
[INFO] 2022-09-29 20:56:19,182 [    train.py:  227]:	Loss 0.2502, ('Ner Loss', 0.02103891),  ('CLS Classification Loss', 0.22913596)
[INFO] 2022-09-29 20:56:19,183 [    train.py:  228]:	('Ner Acc', 0.99767476), ('CLS Classification Acc', 0.9708516)
[INFO] 2022-09-29 20:56:28,237 [    train.py:  237]:	Precision 0.485 Recall 0.471 F1 0.478
[INFO] 2022-09-29 20:57:24,689 [    train.py:  185]:	Epoch 65: 
[INFO] 2022-09-29 20:57:24,689 [    train.py:  186]:	Train:
[INFO] 2022-09-29 20:57:24,692 [    train.py:  198]:	Loss 0.0024, ('Ner Loss', 0.00030300472280941904),  ('CLS Classification Loss', 0.0020668331999331713)
[INFO] 2022-09-29 20:57:24,692 [    train.py:  208]:	('Ner Acc', 0.9998856782913208),  ('CLS Classification Acc', 0.9991812705993652)
[INFO] 2022-09-29 20:57:27,803 [    train.py:  220]:	Evaluate:
[INFO] 2022-09-29 20:57:27,803 [    train.py:  227]:	Loss 0.2462, ('Ner Loss', 0.021963552),  ('CLS Classification Loss', 0.22428071)
[INFO] 2022-09-29 20:57:27,804 [    train.py:  228]:	('Ner Acc', 0.9977712), ('CLS Classification Acc', 0.97537464)
[INFO] 2022-09-29 20:57:37,341 [    train.py:  237]:	Precision 0.560 Recall 0.445 F1 0.496
[INFO] 2022-09-29 20:58:34,091 [    train.py:  185]:	Epoch 66: 
[INFO] 2022-09-29 20:58:34,092 [    train.py:  186]:	Train:
[INFO] 2022-09-29 20:58:34,096 [    train.py:  198]:	Loss 0.0022, ('Ner Loss', 0.0002789912687148899),  ('CLS Classification Loss', 0.0018911808729171753)
[INFO] 2022-09-29 20:58:34,096 [    train.py:  208]:	('Ner Acc', 0.9998936057090759),  ('CLS Classification Acc', 0.9995781183242798)
[INFO] 2022-09-29 20:58:37,135 [    train.py:  220]:	Evaluate:
[INFO] 2022-09-29 20:58:37,136 [    train.py:  227]:	Loss 0.2237, ('Ner Loss', 0.020194277),  ('CLS Classification Loss', 0.20350794)
[INFO] 2022-09-29 20:58:37,136 [    train.py:  228]:	('Ner Acc', 0.9977768), ('CLS Classification Acc', 0.97507006)
[INFO] 2022-09-29 20:58:46,283 [    train.py:  237]:	Precision 0.534 Recall 0.477 F1 0.504
[INFO] 2022-09-29 20:59:43,493 [    train.py:  185]:	Epoch 67: 
[INFO] 2022-09-29 20:59:43,494 [    train.py:  186]:	Train:
[INFO] 2022-09-29 20:59:43,499 [    train.py:  198]:	Loss 0.0022, ('Ner Loss', 0.00033698149491101503),  ('CLS Classification Loss', 0.0018809506436809897)
[INFO] 2022-09-29 20:59:43,499 [    train.py:  208]:	('Ner Acc', 0.9998829364776611),  ('CLS Classification Acc', 0.9993423223495483)
[INFO] 2022-09-29 20:59:46,559 [    train.py:  220]:	Evaluate:
[INFO] 2022-09-29 20:59:46,560 [    train.py:  227]:	Loss 0.2609, ('Ner Loss', 0.021509856),  ('CLS Classification Loss', 0.23934257)
[INFO] 2022-09-29 20:59:46,560 [    train.py:  228]:	('Ner Acc', 0.9977835), ('CLS Classification Acc', 0.9742782)
[INFO] 2022-09-29 20:59:55,758 [    train.py:  237]:	Precision 0.539 Recall 0.462 F1 0.497
[INFO] 2022-09-29 21:00:51,858 [    train.py:  185]:	Epoch 68: 
[INFO] 2022-09-29 21:00:51,858 [    train.py:  186]:	Train:
[INFO] 2022-09-29 21:00:51,862 [    train.py:  198]:	Loss 0.0048, ('Ner Loss', 0.0004763804899994284),  ('CLS Classification Loss', 0.004309711512178183)
[INFO] 2022-09-29 21:00:51,862 [    train.py:  208]:	('Ner Acc', 0.9998177886009216),  ('CLS Classification Acc', 0.998734712600708)
[INFO] 2022-09-29 21:00:54,771 [    train.py:  220]:	Evaluate:
[INFO] 2022-09-29 21:00:54,771 [    train.py:  227]:	Loss 0.2146, ('Ner Loss', 0.021163976),  ('CLS Classification Loss', 0.19342533)
[INFO] 2022-09-29 21:00:54,771 [    train.py:  228]:	('Ner Acc', 0.9977442), ('CLS Classification Acc', 0.9745067)
[INFO] 2022-09-29 21:01:03,838 [    train.py:  237]:	Precision 0.554 Recall 0.432 F1 0.485
[INFO] 2022-09-29 21:02:00,232 [    train.py:  185]:	Epoch 69: 
[INFO] 2022-09-29 21:02:00,233 [    train.py:  186]:	Train:
[INFO] 2022-09-29 21:02:00,240 [    train.py:  198]:	Loss 0.0034, ('Ner Loss', 0.0004482585354708135),  ('CLS Classification Loss', 0.002973486902192235)
[INFO] 2022-09-29 21:02:00,240 [    train.py:  208]:	('Ner Acc', 0.9998273849487305),  ('CLS Classification Acc', 0.9991069436073303)
[INFO] 2022-09-29 21:02:03,302 [    train.py:  220]:	Evaluate:
[INFO] 2022-09-29 21:02:03,303 [    train.py:  227]:	Loss 0.2438, ('Ner Loss', 0.020785237),  ('CLS Classification Loss', 0.22305231)
[INFO] 2022-09-29 21:02:03,303 [    train.py:  228]:	('Ner Acc', 0.99770397), ('CLS Classification Acc', 0.9751615)
[INFO] 2022-09-29 21:02:12,341 [    train.py:  237]:	Precision 0.550 Recall 0.450 F1 0.495
[INFO] 2022-09-29 21:03:09,172 [    train.py:  185]:	Epoch 70: 
[INFO] 2022-09-29 21:03:09,172 [    train.py:  186]:	Train:
[INFO] 2022-09-29 21:03:09,176 [    train.py:  198]:	Loss 0.0030, ('Ner Loss', 0.00046809070045128465),  ('CLS Classification Loss', 0.0024822927080094814)
[INFO] 2022-09-29 21:03:09,176 [    train.py:  208]:	('Ner Acc', 0.9998422861099243),  ('CLS Classification Acc', 0.9991812705993652)
[INFO] 2022-09-29 21:03:12,244 [    train.py:  220]:	Evaluate:
[INFO] 2022-09-29 21:03:12,244 [    train.py:  227]:	Loss 0.2361, ('Ner Loss', 0.019920541),  ('CLS Classification Loss', 0.21617122)
[INFO] 2022-09-29 21:03:12,244 [    train.py:  228]:	('Ner Acc', 0.9978243), ('CLS Classification Acc', 0.97503966)
[INFO] 2022-09-29 21:03:21,339 [    train.py:  237]:	Precision 0.569 Recall 0.446 F1 0.500
[INFO] 2022-09-29 21:04:17,998 [    train.py:  185]:	Epoch 71: 
[INFO] 2022-09-29 21:04:17,998 [    train.py:  186]:	Train:
[INFO] 2022-09-29 21:04:18,001 [    train.py:  198]:	Loss 0.0032, ('Ner Loss', 0.0003934743581339717),  ('CLS Classification Loss', 0.002809275407344103)
[INFO] 2022-09-29 21:04:18,001 [    train.py:  208]:	('Ner Acc', 0.9998506903648376),  ('CLS Classification Acc', 0.9991937875747681)
[INFO] 2022-09-29 21:04:21,099 [    train.py:  220]:	Evaluate:
[INFO] 2022-09-29 21:04:21,100 [    train.py:  227]:	Loss 0.2282, ('Ner Loss', 0.019758051),  ('CLS Classification Loss', 0.20848358)
[INFO] 2022-09-29 21:04:21,100 [    train.py:  228]:	('Ner Acc', 0.9976402), ('CLS Classification Acc', 0.97270954)
[INFO] 2022-09-29 21:04:30,332 [    train.py:  237]:	Precision 0.504 Recall 0.472 F1 0.488
[INFO] 2022-09-29 21:05:27,962 [    train.py:  185]:	Epoch 72: 
[INFO] 2022-09-29 21:05:27,962 [    train.py:  186]:	Train:
[INFO] 2022-09-29 21:05:27,965 [    train.py:  198]:	Loss 0.0016, ('Ner Loss', 0.00029689446091651917),  ('CLS Classification Loss', 0.0013052081922069192)
[INFO] 2022-09-29 21:05:27,965 [    train.py:  208]:	('Ner Acc', 0.9998893737792969),  ('CLS Classification Acc', 0.9996029734611511)
[INFO] 2022-09-29 21:05:31,025 [    train.py:  220]:	Evaluate:
[INFO] 2022-09-29 21:05:31,025 [    train.py:  227]:	Loss 0.2425, ('Ner Loss', 0.020525342),  ('CLS Classification Loss', 0.22195628)
[INFO] 2022-09-29 21:05:31,026 [    train.py:  228]:	('Ner Acc', 0.9976897), ('CLS Classification Acc', 0.9742477)
[INFO] 2022-09-29 21:05:40,420 [    train.py:  237]:	Precision 0.526 Recall 0.450 F1 0.485
[INFO] 2022-09-29 21:06:36,705 [    train.py:  185]:	Epoch 73: 
[INFO] 2022-09-29 21:06:36,706 [    train.py:  186]:	Train:
[INFO] 2022-09-29 21:06:36,712 [    train.py:  198]:	Loss 0.0013, ('Ner Loss', 0.00025879687746055424),  ('CLS Classification Loss', 0.0010809304658323526)
[INFO] 2022-09-29 21:06:36,713 [    train.py:  208]:	('Ner Acc', 0.9999029040336609),  ('CLS Classification Acc', 0.9996401071548462)
[INFO] 2022-09-29 21:06:39,697 [    train.py:  220]:	Evaluate:
[INFO] 2022-09-29 21:06:39,698 [    train.py:  227]:	Loss 0.2485, ('Ner Loss', 0.020530095),  ('CLS Classification Loss', 0.22801729)
[INFO] 2022-09-29 21:06:39,698 [    train.py:  228]:	('Ner Acc', 0.9977329), ('CLS Classification Acc', 0.9744305)
[INFO] 2022-09-29 21:06:48,808 [    train.py:  237]:	Precision 0.544 Recall 0.479 F1 0.509
[INFO] 2022-09-29 21:07:46,119 [    train.py:  185]:	Epoch 74: 
[INFO] 2022-09-29 21:07:46,120 [    train.py:  186]:	Train:
[INFO] 2022-09-29 21:07:46,124 [    train.py:  198]:	Loss 0.0015, ('Ner Loss', 0.0002605873451102525),  ('CLS Classification Loss', 0.001252393121831119)
[INFO] 2022-09-29 21:07:46,124 [    train.py:  208]:	('Ner Acc', 0.9999087452888489),  ('CLS Classification Acc', 0.999615490436554)
[INFO] 2022-09-29 21:07:49,030 [    train.py:  220]:	Evaluate:
[INFO] 2022-09-29 21:07:49,031 [    train.py:  227]:	Loss 0.2627, ('Ner Loss', 0.02091481),  ('CLS Classification Loss', 0.24178956)
[INFO] 2022-09-29 21:07:49,031 [    train.py:  228]:	('Ner Acc', 0.99784297), ('CLS Classification Acc', 0.974537)
[INFO] 2022-09-29 21:07:58,356 [    train.py:  237]:	Precision 0.576 Recall 0.445 F1 0.502
[INFO] 2022-09-29 21:08:55,133 [    train.py:  185]:	Epoch 75: 
[INFO] 2022-09-29 21:08:55,134 [    train.py:  186]:	Train:
[INFO] 2022-09-29 21:08:55,136 [    train.py:  198]:	Loss 0.0017, ('Ner Loss', 0.0002602142048999667),  ('CLS Classification Loss', 0.0014145269524306059)
[INFO] 2022-09-29 21:08:55,136 [    train.py:  208]:	('Ner Acc', 0.9999136924743652),  ('CLS Classification Acc', 0.999615490436554)
[INFO] 2022-09-29 21:08:58,259 [    train.py:  220]:	Evaluate:
[INFO] 2022-09-29 21:08:58,260 [    train.py:  227]:	Loss 0.2582, ('Ner Loss', 0.020586118),  ('CLS Classification Loss', 0.23758444)
[INFO] 2022-09-29 21:08:58,260 [    train.py:  228]:	('Ner Acc', 0.9977291), ('CLS Classification Acc', 0.97301424)
[INFO] 2022-09-29 21:09:07,646 [    train.py:  237]:	Precision 0.532 Recall 0.466 F1 0.497
[INFO] 2022-09-29 21:10:04,784 [    train.py:  185]:	Epoch 76: 
[INFO] 2022-09-29 21:10:04,784 [    train.py:  186]:	Train:
[INFO] 2022-09-29 21:10:04,789 [    train.py:  198]:	Loss 0.0023, ('Ner Loss', 0.00026204451569356024),  ('CLS Classification Loss', 0.0020620659925043583)
[INFO] 2022-09-29 21:10:04,789 [    train.py:  208]:	('Ner Acc', 0.9999181628227234),  ('CLS Classification Acc', 0.9994043707847595)
[INFO] 2022-09-29 21:10:07,892 [    train.py:  220]:	Evaluate:
[INFO] 2022-09-29 21:10:07,893 [    train.py:  227]:	Loss 0.2428, ('Ner Loss', 0.021411492),  ('CLS Classification Loss', 0.22137351)
[INFO] 2022-09-29 21:10:07,893 [    train.py:  228]:	('Ner Acc', 0.99773234), ('CLS Classification Acc', 0.97435427)
[INFO] 2022-09-29 21:10:17,029 [    train.py:  237]:	Precision 0.553 Recall 0.441 F1 0.491
[INFO] 2022-09-29 21:11:13,611 [    train.py:  185]:	Epoch 77: 
[INFO] 2022-09-29 21:11:13,612 [    train.py:  186]:	Train:
[INFO] 2022-09-29 21:11:13,619 [    train.py:  198]:	Loss 0.0016, ('Ner Loss', 0.00025585771072655916),  ('CLS Classification Loss', 0.0013850764371454716)
[INFO] 2022-09-29 21:11:13,620 [    train.py:  208]:	('Ner Acc', 0.9999131560325623),  ('CLS Classification Acc', 0.9995657801628113)
[INFO] 2022-09-29 21:11:16,642 [    train.py:  220]:	Evaluate:
[INFO] 2022-09-29 21:11:16,643 [    train.py:  227]:	Loss 0.2152, ('Ner Loss', 0.019541895),  ('CLS Classification Loss', 0.19564846)
[INFO] 2022-09-29 21:11:16,643 [    train.py:  228]:	('Ner Acc', 0.9978039), ('CLS Classification Acc', 0.9768671)
[INFO] 2022-09-29 21:11:25,787 [    train.py:  237]:	Precision 0.547 Recall 0.479 F1 0.511
[INFO] 2022-09-29 21:12:22,608 [    train.py:  185]:	Epoch 78: 
[INFO] 2022-09-29 21:12:22,609 [    train.py:  186]:	Train:
[INFO] 2022-09-29 21:12:22,611 [    train.py:  198]:	Loss 0.0028, ('Ner Loss', 0.0002858266525436193),  ('CLS Classification Loss', 0.0024969459045678377)
[INFO] 2022-09-29 21:12:22,611 [    train.py:  208]:	('Ner Acc', 0.9998884201049805),  ('CLS Classification Acc', 0.9992557168006897)
[INFO] 2022-09-29 21:12:25,688 [    train.py:  220]:	Evaluate:
[INFO] 2022-09-29 21:12:25,688 [    train.py:  227]:	Loss 0.2299, ('Ner Loss', 0.019614782),  ('CLS Classification Loss', 0.21024708)
[INFO] 2022-09-29 21:12:25,688 [    train.py:  228]:	('Ner Acc', 0.99783856), ('CLS Classification Acc', 0.97494817)
[INFO] 2022-09-29 21:12:34,760 [    train.py:  237]:	Precision 0.564 Recall 0.447 F1 0.499
[INFO] 2022-09-29 21:13:22,773 [    train.py:  185]:	Epoch 79: 
[INFO] 2022-09-29 21:13:22,774 [    train.py:  186]:	Train:
[INFO] 2022-09-29 21:13:22,780 [    train.py:  198]:	Loss 0.0021, ('Ner Loss', 0.0002682636841200292),  ('CLS Classification Loss', 0.0018039597198367119)
[INFO] 2022-09-29 21:13:22,780 [    train.py:  208]:	('Ner Acc', 0.9999051690101624),  ('CLS Classification Acc', 0.9994044899940491)
[INFO] 2022-09-29 21:13:25,126 [    train.py:  220]:	Evaluate:
[INFO] 2022-09-29 21:13:25,127 [    train.py:  227]:	Loss 0.1984, ('Ner Loss', 0.019061115),  ('CLS Classification Loss', 0.17935924)
[INFO] 2022-09-29 21:13:25,127 [    train.py:  228]:	('Ner Acc', 0.9978965), ('CLS Classification Acc', 0.97494817)
[INFO] 2022-09-29 21:13:34,734 [    train.py:  237]:	Precision 0.552 Recall 0.462 F1 0.503
[INFO] 2022-09-29 21:14:17,049 [    train.py:  185]:	Epoch 80: 
[INFO] 2022-09-29 21:14:17,050 [    train.py:  186]:	Train:
[INFO] 2022-09-29 21:14:17,057 [    train.py:  198]:	Loss 0.0017, ('Ner Loss', 0.0002609582443255931),  ('CLS Classification Loss', 0.0014603575691580772)
[INFO] 2022-09-29 21:14:17,058 [    train.py:  208]:	('Ner Acc', 0.9998963475227356),  ('CLS Classification Acc', 0.9995906352996826)
[INFO] 2022-09-29 21:14:19,387 [    train.py:  220]:	Evaluate:
[INFO] 2022-09-29 21:14:19,387 [    train.py:  227]:	Loss 0.2455, ('Ner Loss', 0.020677982),  ('CLS Classification Loss', 0.22479546)
[INFO] 2022-09-29 21:14:19,388 [    train.py:  228]:	('Ner Acc', 0.99775404), ('CLS Classification Acc', 0.97305983)
[INFO] 2022-09-29 21:14:28,916 [    train.py:  237]:	Precision 0.523 Recall 0.465 F1 0.492
[INFO] 2022-09-29 21:15:17,149 [    train.py:  185]:	Epoch 81: 
[INFO] 2022-09-29 21:15:17,149 [    train.py:  186]:	Train:
[INFO] 2022-09-29 21:15:17,153 [    train.py:  198]:	Loss 0.0012, ('Ner Loss', 0.00019606614660006016),  ('CLS Classification Loss', 0.0010471127461642027)
[INFO] 2022-09-29 21:15:17,153 [    train.py:  208]:	('Ner Acc', 0.9999297261238098),  ('CLS Classification Acc', 0.9996525645256042)
[INFO] 2022-09-29 21:15:20,253 [    train.py:  220]:	Evaluate:
[INFO] 2022-09-29 21:15:20,254 [    train.py:  227]:	Loss 0.2849, ('Ner Loss', 0.021723175),  ('CLS Classification Loss', 0.26314536)
[INFO] 2022-09-29 21:15:20,254 [    train.py:  228]:	('Ner Acc', 0.99779993), ('CLS Classification Acc', 0.9733796)
[INFO] 2022-09-29 21:15:29,365 [    train.py:  237]:	Precision 0.548 Recall 0.454 F1 0.497
[INFO] 2022-09-29 21:16:26,214 [    train.py:  185]:	Epoch 82: 
[INFO] 2022-09-29 21:16:26,214 [    train.py:  186]:	Train:
[INFO] 2022-09-29 21:16:26,218 [    train.py:  198]:	Loss 0.0017, ('Ner Loss', 0.0001794815470930189),  ('CLS Classification Loss', 0.0015636368189007044)
[INFO] 2022-09-29 21:16:26,218 [    train.py:  208]:	('Ner Acc', 0.9999271035194397),  ('CLS Classification Acc', 0.9995408058166504)
[INFO] 2022-09-29 21:16:29,246 [    train.py:  220]:	Evaluate:
[INFO] 2022-09-29 21:16:29,246 [    train.py:  227]:	Loss 0.2312, ('Ner Loss', 0.019558586),  ('CLS Classification Loss', 0.21159543)
[INFO] 2022-09-29 21:16:29,247 [    train.py:  228]:	('Ner Acc', 0.99781007), ('CLS Classification Acc', 0.9728313)
[INFO] 2022-09-29 21:16:38,318 [    train.py:  237]:	Precision 0.529 Recall 0.462 F1 0.493
[INFO] 2022-09-29 21:17:35,016 [    train.py:  185]:	Epoch 83: 
[INFO] 2022-09-29 21:17:35,016 [    train.py:  186]:	Train:
[INFO] 2022-09-29 21:17:35,020 [    train.py:  198]:	Loss 0.0035, ('Ner Loss', 0.0002805572876241058),  ('CLS Classification Loss', 0.0032236159313470125)
[INFO] 2022-09-29 21:17:35,021 [    train.py:  208]:	('Ner Acc', 0.999906063079834),  ('CLS Classification Acc', 0.9990572333335876)
[INFO] 2022-09-29 21:17:38,084 [    train.py:  220]:	Evaluate:
[INFO] 2022-09-29 21:17:38,085 [    train.py:  227]:	Loss 0.2164, ('Ner Loss', 0.020142386),  ('CLS Classification Loss', 0.19625631)
[INFO] 2022-09-29 21:17:38,085 [    train.py:  228]:	('Ner Acc', 0.9976669), ('CLS Classification Acc', 0.9736538)
[INFO] 2022-09-29 21:17:47,677 [    train.py:  237]:	Precision 0.514 Recall 0.470 F1 0.491
[INFO] 2022-09-29 21:18:44,857 [    train.py:  185]:	Epoch 84: 
[INFO] 2022-09-29 21:18:44,858 [    train.py:  186]:	Train:
[INFO] 2022-09-29 21:18:44,861 [    train.py:  198]:	Loss 0.0028, ('Ner Loss', 0.00018870948406402022),  ('CLS Classification Loss', 0.002635094802826643)
[INFO] 2022-09-29 21:18:44,861 [    train.py:  208]:	('Ner Acc', 0.9999280571937561),  ('CLS Classification Acc', 0.9992310404777527)
[INFO] 2022-09-29 21:18:47,896 [    train.py:  220]:	Evaluate:
[INFO] 2022-09-29 21:18:47,897 [    train.py:  227]:	Loss 0.2158, ('Ner Loss', 0.01969147),  ('CLS Classification Loss', 0.19607048)
[INFO] 2022-09-29 21:18:47,897 [    train.py:  228]:	('Ner Acc', 0.9977536), ('CLS Classification Acc', 0.97274005)
[INFO] 2022-09-29 21:18:57,302 [    train.py:  237]:	Precision 0.505 Recall 0.501 F1 0.503
[INFO] 2022-09-29 21:19:54,798 [    train.py:  185]:	Epoch 85: 
[INFO] 2022-09-29 21:19:54,798 [    train.py:  186]:	Train:
[INFO] 2022-09-29 21:19:54,801 [    train.py:  198]:	Loss 0.0016, ('Ner Loss', 0.00020694234990514815),  ('CLS Classification Loss', 0.001350650331005454)
[INFO] 2022-09-29 21:19:54,801 [    train.py:  208]:	('Ner Acc', 0.9999301433563232),  ('CLS Classification Acc', 0.9996153712272644)
[INFO] 2022-09-29 21:19:57,871 [    train.py:  220]:	Evaluate:
[INFO] 2022-09-29 21:19:57,871 [    train.py:  227]:	Loss 0.2536, ('Ner Loss', 0.02100849),  ('CLS Classification Loss', 0.2326103)
[INFO] 2022-09-29 21:19:57,871 [    train.py:  228]:	('Ner Acc', 0.99775326), ('CLS Classification Acc', 0.9731969)
[INFO] 2022-09-29 21:20:07,238 [    train.py:  237]:	Precision 0.536 Recall 0.446 F1 0.487
[INFO] 2022-09-29 21:21:03,713 [    train.py:  185]:	Epoch 86: 
[INFO] 2022-09-29 21:21:03,714 [    train.py:  186]:	Train:
[INFO] 2022-09-29 21:21:03,721 [    train.py:  198]:	Loss 0.0011, ('Ner Loss', 0.00020458079234231263),  ('CLS Classification Loss', 0.0008720175246708095)
[INFO] 2022-09-29 21:21:03,721 [    train.py:  208]:	('Ner Acc', 0.9999240040779114),  ('CLS Classification Acc', 0.9997146725654602)
[INFO] 2022-09-29 21:21:06,594 [    train.py:  220]:	Evaluate:
[INFO] 2022-09-29 21:21:06,595 [    train.py:  227]:	Loss 0.2531, ('Ner Loss', 0.020665659),  ('CLS Classification Loss', 0.23241396)
[INFO] 2022-09-29 21:21:06,595 [    train.py:  228]:	('Ner Acc', 0.9978381), ('CLS Classification Acc', 0.97356236)
[INFO] 2022-09-29 21:21:15,932 [    train.py:  237]:	Precision 0.538 Recall 0.483 F1 0.509
[INFO] 2022-09-29 21:22:12,215 [    train.py:  185]:	Epoch 87: 
[INFO] 2022-09-29 21:22:12,216 [    train.py:  186]:	Train:
[INFO] 2022-09-29 21:22:12,220 [    train.py:  198]:	Loss 0.0009, ('Ner Loss', 0.00014018062211107463),  ('CLS Classification Loss', 0.0007659795810468495)
[INFO] 2022-09-29 21:22:12,220 [    train.py:  208]:	('Ner Acc', 0.9999521374702454),  ('CLS Classification Acc', 0.9998013973236084)
[INFO] 2022-09-29 21:22:15,232 [    train.py:  220]:	Evaluate:
[INFO] 2022-09-29 21:22:15,232 [    train.py:  227]:	Loss 0.2636, ('Ner Loss', 0.020847498),  ('CLS Classification Loss', 0.24273717)
[INFO] 2022-09-29 21:22:15,233 [    train.py:  228]:	('Ner Acc', 0.9977669), ('CLS Classification Acc', 0.9749786)
[INFO] 2022-09-29 21:22:24,611 [    train.py:  237]:	Precision 0.567 Recall 0.462 F1 0.509
[INFO] 2022-09-29 21:23:21,967 [    train.py:  185]:	Epoch 88: 
[INFO] 2022-09-29 21:23:21,967 [    train.py:  186]:	Train:
[INFO] 2022-09-29 21:23:21,971 [    train.py:  198]:	Loss 0.0007, ('Ner Loss', 0.00012931367382407188),  ('CLS Classification Loss', 0.0006129980320110917)
[INFO] 2022-09-29 21:23:21,971 [    train.py:  208]:	('Ner Acc', 0.9999538064002991),  ('CLS Classification Acc', 0.9997766613960266)
[INFO] 2022-09-29 21:23:25,154 [    train.py:  220]:	Evaluate:
[INFO] 2022-09-29 21:23:25,155 [    train.py:  227]:	Loss 0.2803, ('Ner Loss', 0.022590496),  ('CLS Classification Loss', 0.25773492)
[INFO] 2022-09-29 21:23:25,155 [    train.py:  228]:	('Ner Acc', 0.99775434), ('CLS Classification Acc', 0.97369945)
[INFO] 2022-09-29 21:23:34,638 [    train.py:  237]:	Precision 0.537 Recall 0.477 F1 0.505
[INFO] 2022-09-29 21:24:31,379 [    train.py:  185]:	Epoch 89: 
[INFO] 2022-09-29 21:24:31,379 [    train.py:  186]:	Train:
[INFO] 2022-09-29 21:24:31,383 [    train.py:  198]:	Loss 0.0020, ('Ner Loss', 0.00018316037312615663),  ('CLS Classification Loss', 0.0018374932697042823)
[INFO] 2022-09-29 21:24:31,384 [    train.py:  208]:	('Ner Acc', 0.9999418258666992),  ('CLS Classification Acc', 0.9995161890983582)
[INFO] 2022-09-29 21:24:34,361 [    train.py:  220]:	Evaluate:
[INFO] 2022-09-29 21:24:34,362 [    train.py:  227]:	Loss 0.2214, ('Ner Loss', 0.020475022),  ('CLS Classification Loss', 0.20095797)
[INFO] 2022-09-29 21:24:34,362 [    train.py:  228]:	('Ner Acc', 0.99780554), ('CLS Classification Acc', 0.9758314)
[INFO] 2022-09-29 21:24:43,411 [    train.py:  237]:	Precision 0.563 Recall 0.459 F1 0.506
[INFO] 2022-09-29 21:25:40,547 [    train.py:  185]:	Epoch 90: 
[INFO] 2022-09-29 21:25:40,548 [    train.py:  186]:	Train:
[INFO] 2022-09-29 21:25:40,551 [    train.py:  198]:	Loss 0.0030, ('Ner Loss', 0.0002138992422260344),  ('CLS Classification Loss', 0.002780007431283593)
[INFO] 2022-09-29 21:25:40,551 [    train.py:  208]:	('Ner Acc', 0.9999246597290039),  ('CLS Classification Acc', 0.9991193413734436)
[INFO] 2022-09-29 21:25:43,526 [    train.py:  220]:	Evaluate:
[INFO] 2022-09-29 21:25:43,527 [    train.py:  227]:	Loss 0.2140, ('Ner Loss', 0.020438707),  ('CLS Classification Loss', 0.19351996)
[INFO] 2022-09-29 21:25:43,527 [    train.py:  228]:	('Ner Acc', 0.99776983), ('CLS Classification Acc', 0.97447616)
[INFO] 2022-09-29 21:25:52,428 [    train.py:  237]:	Precision 0.546 Recall 0.443 F1 0.489
[INFO] 2022-09-29 21:26:49,362 [    train.py:  185]:	Epoch 91: 
[INFO] 2022-09-29 21:26:49,363 [    train.py:  186]:	Train:
[INFO] 2022-09-29 21:26:49,367 [    train.py:  198]:	Loss 0.0019, ('Ner Loss', 0.00020969926845282316),  ('CLS Classification Loss', 0.001702177687548101)
[INFO] 2022-09-29 21:26:49,367 [    train.py:  208]:	('Ner Acc', 0.9999309182167053),  ('CLS Classification Acc', 0.9994789361953735)
[INFO] 2022-09-29 21:26:52,366 [    train.py:  220]:	Evaluate:
[INFO] 2022-09-29 21:26:52,366 [    train.py:  227]:	Loss 0.2021, ('Ner Loss', 0.01918733),  ('CLS Classification Loss', 0.18286364)
[INFO] 2022-09-29 21:26:52,367 [    train.py:  228]:	('Ner Acc', 0.997876), ('CLS Classification Acc', 0.9759077)
[INFO] 2022-09-29 21:27:01,381 [    train.py:  237]:	Precision 0.583 Recall 0.436 F1 0.499
[INFO] 2022-09-29 21:27:58,056 [    train.py:  185]:	Epoch 92: 
[INFO] 2022-09-29 21:27:58,057 [    train.py:  186]:	Train:
[INFO] 2022-09-29 21:27:58,059 [    train.py:  198]:	Loss 0.0017, ('Ner Loss', 0.00019154007895849645),  ('CLS Classification Loss', 0.0014895964413881302)
[INFO] 2022-09-29 21:27:58,059 [    train.py:  208]:	('Ner Acc', 0.9999312162399292),  ('CLS Classification Acc', 0.9996278882026672)
[INFO] 2022-09-29 21:28:01,139 [    train.py:  220]:	Evaluate:
[INFO] 2022-09-29 21:28:01,139 [    train.py:  227]:	Loss 0.1982, ('Ner Loss', 0.020233864),  ('CLS Classification Loss', 0.17793106)
[INFO] 2022-09-29 21:28:01,139 [    train.py:  228]:	('Ner Acc', 0.9977728), ('CLS Classification Acc', 0.9750547)
[INFO] 2022-09-29 21:28:10,492 [    train.py:  237]:	Precision 0.533 Recall 0.463 F1 0.496
[INFO] 2022-09-29 21:29:06,923 [    train.py:  185]:	Epoch 93: 
[INFO] 2022-09-29 21:29:06,923 [    train.py:  186]:	Train:
[INFO] 2022-09-29 21:29:06,927 [    train.py:  198]:	Loss 0.0024, ('Ner Loss', 0.00017078705423045903),  ('CLS Classification Loss', 0.0022690105251967907)
[INFO] 2022-09-29 21:29:06,927 [    train.py:  208]:	('Ner Acc', 0.9999344944953918),  ('CLS Classification Acc', 0.999268114566803)
[INFO] 2022-09-29 21:29:09,951 [    train.py:  220]:	Evaluate:
[INFO] 2022-09-29 21:29:09,952 [    train.py:  227]:	Loss 0.1843, ('Ner Loss', 0.018746678),  ('CLS Classification Loss', 0.16560203)
[INFO] 2022-09-29 21:29:09,952 [    train.py:  228]:	('Ner Acc', 0.9978439), ('CLS Classification Acc', 0.9754507)
[INFO] 2022-09-29 21:29:19,081 [    train.py:  237]:	Precision 0.560 Recall 0.457 F1 0.503
[INFO] 2022-09-29 21:30:16,533 [    train.py:  185]:	Epoch 94: 
[INFO] 2022-09-29 21:30:16,534 [    train.py:  186]:	Train:
[INFO] 2022-09-29 21:30:16,538 [    train.py:  198]:	Loss 0.0012, ('Ner Loss', 0.00016135731129907072),  ('CLS Classification Loss', 0.0010317593114450574)
[INFO] 2022-09-29 21:30:16,538 [    train.py:  208]:	('Ner Acc', 0.999940037727356),  ('CLS Classification Acc', 0.999739408493042)
[INFO] 2022-09-29 21:30:19,650 [    train.py:  220]:	Evaluate:
[INFO] 2022-09-29 21:30:19,650 [    train.py:  227]:	Loss 0.2281, ('Ner Loss', 0.02067105),  ('CLS Classification Loss', 0.2074114)
[INFO] 2022-09-29 21:30:19,651 [    train.py:  228]:	('Ner Acc', 0.997796), ('CLS Classification Acc', 0.9741258)
[INFO] 2022-09-29 21:30:28,782 [    train.py:  237]:	Precision 0.544 Recall 0.465 F1 0.502
[INFO] 2022-09-29 21:31:26,212 [    train.py:  185]:	Epoch 95: 
[INFO] 2022-09-29 21:31:26,212 [    train.py:  186]:	Train:
[INFO] 2022-09-29 21:31:26,216 [    train.py:  198]:	Loss 0.0006, ('Ner Loss', 0.00011570382048375905),  ('CLS Classification Loss', 0.0005175642436370254)
[INFO] 2022-09-29 21:31:26,216 [    train.py:  208]:	('Ner Acc', 0.9999593496322632),  ('CLS Classification Acc', 0.9998262524604797)
[INFO] 2022-09-29 21:31:29,315 [    train.py:  220]:	Evaluate:
[INFO] 2022-09-29 21:31:29,316 [    train.py:  227]:	Loss 0.2680, ('Ner Loss', 0.021607997),  ('CLS Classification Loss', 0.24642834)
[INFO] 2022-09-29 21:31:29,316 [    train.py:  228]:	('Ner Acc', 0.9977643), ('CLS Classification Acc', 0.9734711)
[INFO] 2022-09-29 21:31:39,165 [    train.py:  237]:	Precision 0.546 Recall 0.458 F1 0.498
[INFO] 2022-09-29 21:32:35,489 [    train.py:  185]:	Epoch 96: 
[INFO] 2022-09-29 21:32:35,489 [    train.py:  186]:	Train:
[INFO] 2022-09-29 21:32:35,492 [    train.py:  198]:	Loss 0.0015, ('Ner Loss', 0.00016389144002459943),  ('CLS Classification Loss', 0.0012870354112237692)
[INFO] 2022-09-29 21:32:35,493 [    train.py:  208]:	('Ner Acc', 0.9999442100524902),  ('CLS Classification Acc', 0.9996153712272644)
[INFO] 2022-09-29 21:32:38,535 [    train.py:  220]:	Evaluate:
[INFO] 2022-09-29 21:32:38,535 [    train.py:  227]:	Loss 0.2396, ('Ner Loss', 0.021814816),  ('CLS Classification Loss', 0.21779655)
[INFO] 2022-09-29 21:32:38,536 [    train.py:  228]:	('Ner Acc', 0.9978451), ('CLS Classification Acc', 0.9750852)
[INFO] 2022-09-29 21:32:47,687 [    train.py:  237]:	Precision 0.563 Recall 0.476 F1 0.516
[INFO] 2022-09-29 21:33:43,851 [    train.py:  185]:	Epoch 97: 
[INFO] 2022-09-29 21:33:43,852 [    train.py:  186]:	Train:
[INFO] 2022-09-29 21:33:43,854 [    train.py:  198]:	Loss 0.0010, ('Ner Loss', 0.00014471940812654793),  ('CLS Classification Loss', 0.000809485383797437)
[INFO] 2022-09-29 21:33:43,854 [    train.py:  208]:	('Ner Acc', 0.999941349029541),  ('CLS Classification Acc', 0.9997022151947021)
[INFO] 2022-09-29 21:33:46,911 [    train.py:  220]:	Evaluate:
[INFO] 2022-09-29 21:33:46,911 [    train.py:  227]:	Loss 0.2337, ('Ner Loss', 0.020616204),  ('CLS Classification Loss', 0.21309769)
[INFO] 2022-09-29 21:33:46,911 [    train.py:  228]:	('Ner Acc', 0.99775165), ('CLS Classification Acc', 0.9760904)
[INFO] 2022-09-29 21:33:56,253 [    train.py:  237]:	Precision 0.562 Recall 0.476 F1 0.515
[INFO] 2022-09-29 21:34:53,365 [    train.py:  185]:	Epoch 98: 
[INFO] 2022-09-29 21:34:53,366 [    train.py:  186]:	Train:
[INFO] 2022-09-29 21:34:53,370 [    train.py:  198]:	Loss 0.0015, ('Ner Loss', 0.00015531432291027158),  ('CLS Classification Loss', 0.0013675533700734377)
[INFO] 2022-09-29 21:34:53,370 [    train.py:  208]:	('Ner Acc', 0.9999399185180664),  ('CLS Classification Acc', 0.999615490436554)
[INFO] 2022-09-29 21:34:56,481 [    train.py:  220]:	Evaluate:
[INFO] 2022-09-29 21:34:56,482 [    train.py:  227]:	Loss 0.2195, ('Ner Loss', 0.019173602),  ('CLS Classification Loss', 0.20036425)
[INFO] 2022-09-29 21:34:56,482 [    train.py:  228]:	('Ner Acc', 0.9978083), ('CLS Classification Acc', 0.9767604)
[INFO] 2022-09-29 21:35:05,685 [    train.py:  237]:	Precision 0.546 Recall 0.483 F1 0.513
[INFO] 2022-09-29 21:36:02,215 [    train.py:  185]:	Epoch 99: 
[INFO] 2022-09-29 21:36:02,215 [    train.py:  186]:	Train:
[INFO] 2022-09-29 21:36:02,220 [    train.py:  198]:	Loss 0.0011, ('Ner Loss', 0.00016714113007765263),  ('CLS Classification Loss', 0.0009056216804310679)
[INFO] 2022-09-29 21:36:02,220 [    train.py:  208]:	('Ner Acc', 0.9999440908432007),  ('CLS Classification Acc', 0.9997269511222839)
[INFO] 2022-09-29 21:36:05,310 [    train.py:  220]:	Evaluate:
[INFO] 2022-09-29 21:36:05,311 [    train.py:  227]:	Loss 0.2396, ('Ner Loss', 0.01978472),  ('CLS Classification Loss', 0.21982215)
[INFO] 2022-09-29 21:36:05,311 [    train.py:  228]:	('Ner Acc', 0.99777335), ('CLS Classification Acc', 0.9753289)
[INFO] 2022-09-29 21:36:14,535 [    train.py:  237]:	Precision 0.527 Recall 0.478 F1 0.502
[INFO] 2022-09-29 21:37:11,398 [    train.py:  185]:	Epoch 100: 
[INFO] 2022-09-29 21:37:11,398 [    train.py:  186]:	Train:
[INFO] 2022-09-29 21:37:11,401 [    train.py:  198]:	Loss 0.0014, ('Ner Loss', 0.0001649212063057348),  ('CLS Classification Loss', 0.001244429382495582)
[INFO] 2022-09-29 21:37:11,401 [    train.py:  208]:	('Ner Acc', 0.9999318718910217),  ('CLS Classification Acc', 0.9996527433395386)
[INFO] 2022-09-29 21:37:14,512 [    train.py:  220]:	Evaluate:
[INFO] 2022-09-29 21:37:14,512 [    train.py:  227]:	Loss 0.2291, ('Ner Loss', 0.019361265),  ('CLS Classification Loss', 0.20976436)
[INFO] 2022-09-29 21:37:14,513 [    train.py:  228]:	('Ner Acc', 0.9977872), ('CLS Classification Acc', 0.97584665)
[INFO] 2022-09-29 21:37:23,572 [    train.py:  237]:	Precision 0.530 Recall 0.492 F1 0.510
[INFO] 2022-09-29 21:37:23,573 [    train.py:  257]:	Best Epoch 96; Best f1 0.5157152020525979 precision 0.5630252100840336 recall 0.4757396449704142;
