[INFO] 2022-10-02 16:28:28,022 [    train.py:  509]:	Namespace(block_att_head_num=1, cased=False, d_block=0, data_aug=2, dataset='res15', do_test=True, do_train=True, do_valid=True, drop_null_data=True, dropout_rate=0.3, epochs=100, extra_attention=True, fuse_strategy='update', init_model_dir='', language='en', loss_ratio=1.0, lr=2e-05, mask_sb=True, model_type='end_to_end', output_dir='./output', save_dir='', schema='BIO', task_name='ttee_res15_100epoch_0d_2aug_2e-5lr_uncased_0.3dropout_dropnull_1loss_BIO', test_batch_size=32, train_batch_size=16, valid_freq=1)
[INFO] 2022-10-02 16:28:39,587 [    train.py:  119]:	{'init_bert_model': 'bert-base-uncased', 'sentence_b': DictWrapper({'texts': ListWrapper(['general of ambience', 'price of drinks', 'quality of drinks', 'style options of drinks', 'prices of food', 'quality of food', 'style options of food', 'general of location', 'general of restaurant', 'miscellaneous of restaurant', 'prices of restaurant', 'general of service']), 'sentiments': ListWrapper(['negative', 'neutral', 'positive'])}), 'num_sentiment_classes': 3, 'subblock_hidden_size': 0, 'subblock_head_num': 1, 'cache_dir': 'bert_models/bert-base-uncased', 'fuse_strategy': 'update', 'tagging_schema': 'BIO', 'extra_attention': True, 'dropout': 0.3, 'loss_ratio': 1.0}
[INFO] 2022-10-02 16:28:39,587 [    train.py:  121]:	Number of Train Sentence: 1120
[INFO] 2022-10-02 16:28:39,597 [    train.py:  526]:	Data augment: Merge 2 train data together
[INFO] 2022-10-02 16:29:48,456 [    train.py:  185]:	Epoch 1: 
[INFO] 2022-10-02 16:29:48,456 [    train.py:  186]:	Train:
[INFO] 2022-10-02 16:29:48,462 [    train.py:  198]:	Loss 0.4461, ('Ner Loss', 0.16790907084941864),  ('CLS Classification Loss', 0.2781422734260559)
[INFO] 2022-10-02 16:29:48,462 [    train.py:  208]:	('Ner Acc', 0.9578160047531128),  ('CLS Classification Acc', 0.9282117486000061)
[INFO] 2022-10-02 16:29:53,473 [    train.py:  220]:	Evaluate:
[INFO] 2022-10-02 16:29:53,474 [    train.py:  227]:	Loss 0.2240, ('Ner Loss', 0.026685454),  ('CLS Classification Loss', 0.1973338)
[INFO] 2022-10-02 16:29:53,474 [    train.py:  228]:	('Ner Acc', 0.9971016), ('CLS Classification Acc', 0.962567)
[INFO] 2022-10-02 16:30:04,340 [    train.py:  237]:	Precision 0.000 Recall 0.000 F1 0.000
[INFO] 2022-10-02 16:30:44,123 [    train.py:  185]:	Epoch 2: 
[INFO] 2022-10-02 16:30:44,124 [    train.py:  186]:	Train:
[INFO] 2022-10-02 16:30:44,129 [    train.py:  198]:	Loss 0.3088, ('Ner Loss', 0.086035817861557),  ('CLS Classification Loss', 0.22272388637065887)
[INFO] 2022-10-02 16:30:44,129 [    train.py:  208]:	('Ner Acc', 0.990740180015564),  ('CLS Classification Acc', 0.9356026649475098)
[INFO] 2022-10-02 16:30:46,368 [    train.py:  220]:	Evaluate:
[INFO] 2022-10-02 16:30:46,369 [    train.py:  227]:	Loss 0.1774, ('Ner Loss', 0.021290742),  ('CLS Classification Loss', 0.15614407)
[INFO] 2022-10-02 16:30:46,369 [    train.py:  228]:	('Ner Acc', 0.9970708), ('CLS Classification Acc', 0.9640747)
[INFO] 2022-10-02 16:30:54,479 [    train.py:  237]:	Precision 0.035 Recall 0.005 F1 0.008
[INFO] 2022-10-02 16:31:34,479 [    train.py:  185]:	Epoch 3: 
[INFO] 2022-10-02 16:31:34,480 [    train.py:  186]:	Train:
[INFO] 2022-10-02 16:31:34,485 [    train.py:  198]:	Loss 0.2668, ('Ner Loss', 0.0808047354221344),  ('CLS Classification Loss', 0.18604421615600586)
[INFO] 2022-10-02 16:31:34,485 [    train.py:  208]:	('Ner Acc', 0.9906057119369507),  ('CLS Classification Acc', 0.9384423494338989)
[INFO] 2022-10-02 16:31:36,732 [    train.py:  220]:	Evaluate:
[INFO] 2022-10-02 16:31:36,733 [    train.py:  227]:	Loss 0.1583, ('Ner Loss', 0.017955977),  ('CLS Classification Loss', 0.14030673)
[INFO] 2022-10-02 16:31:36,733 [    train.py:  228]:	('Ner Acc', 0.9971178), ('CLS Classification Acc', 0.9649884)
[INFO] 2022-10-02 16:31:44,778 [    train.py:  237]:	Precision 0.065 Recall 0.008 F1 0.015
[INFO] 2022-10-02 16:32:24,123 [    train.py:  185]:	Epoch 4: 
[INFO] 2022-10-02 16:32:24,124 [    train.py:  186]:	Train:
[INFO] 2022-10-02 16:32:24,127 [    train.py:  198]:	Loss 0.2533, ('Ner Loss', 0.07767767459154129),  ('CLS Classification Loss', 0.17558038234710693)
[INFO] 2022-10-02 16:32:24,127 [    train.py:  208]:	('Ner Acc', 0.9904541969299316),  ('CLS Classification Acc', 0.9415552616119385)
[INFO] 2022-10-02 16:32:26,336 [    train.py:  220]:	Evaluate:
[INFO] 2022-10-02 16:32:26,337 [    train.py:  227]:	Loss 0.1518, ('Ner Loss', 0.016543204),  ('CLS Classification Loss', 0.13525529)
[INFO] 2022-10-02 16:32:26,337 [    train.py:  228]:	('Ner Acc', 0.9971393), ('CLS Classification Acc', 0.9655824)
[INFO] 2022-10-02 16:32:34,459 [    train.py:  237]:	Precision 0.090 Recall 0.020 F1 0.033
[INFO] 2022-10-02 16:33:14,217 [    train.py:  185]:	Epoch 5: 
[INFO] 2022-10-02 16:33:14,217 [    train.py:  186]:	Train:
[INFO] 2022-10-02 16:33:14,221 [    train.py:  198]:	Loss 0.2422, ('Ner Loss', 0.07571880519390106),  ('CLS Classification Loss', 0.1664367914199829)
[INFO] 2022-10-02 16:33:14,221 [    train.py:  208]:	('Ner Acc', 0.9904844164848328),  ('CLS Classification Acc', 0.945225715637207)
[INFO] 2022-10-02 16:33:16,475 [    train.py:  220]:	Evaluate:
[INFO] 2022-10-02 16:33:16,476 [    train.py:  227]:	Loss 0.1529, ('Ner Loss', 0.015699629),  ('CLS Classification Loss', 0.13715555)
[INFO] 2022-10-02 16:33:16,476 [    train.py:  228]:	('Ner Acc', 0.99729127), ('CLS Classification Acc', 0.9663591)
[INFO] 2022-10-02 16:33:24,445 [    train.py:  237]:	Precision 0.265 Recall 0.080 F1 0.123
[INFO] 2022-10-02 16:34:04,052 [    train.py:  185]:	Epoch 6: 
[INFO] 2022-10-02 16:34:04,052 [    train.py:  186]:	Train:
[INFO] 2022-10-02 16:34:04,055 [    train.py:  198]:	Loss 0.2278, ('Ner Loss', 0.07370695471763611),  ('CLS Classification Loss', 0.15404708683490753)
[INFO] 2022-10-02 16:34:04,055 [    train.py:  208]:	('Ner Acc', 0.9905141592025757),  ('CLS Classification Acc', 0.9474576711654663)
[INFO] 2022-10-02 16:34:06,300 [    train.py:  220]:	Evaluate:
[INFO] 2022-10-02 16:34:06,301 [    train.py:  227]:	Loss 0.1275, ('Ner Loss', 0.013316251),  ('CLS Classification Loss', 0.11414631)
[INFO] 2022-10-02 16:34:06,301 [    train.py:  228]:	('Ner Acc', 0.99739265), ('CLS Classification Acc', 0.96740985)
[INFO] 2022-10-02 16:34:14,337 [    train.py:  237]:	Precision 0.336 Recall 0.105 F1 0.160
[INFO] 2022-10-02 16:34:53,961 [    train.py:  185]:	Epoch 7: 
[INFO] 2022-10-02 16:34:53,962 [    train.py:  186]:	Train:
[INFO] 2022-10-02 16:34:53,966 [    train.py:  198]:	Loss 0.2120, ('Ner Loss', 0.07214180380105972),  ('CLS Classification Loss', 0.13985010981559753)
[INFO] 2022-10-02 16:34:53,966 [    train.py:  208]:	('Ner Acc', 0.9908523559570312),  ('CLS Classification Acc', 0.9517485499382019)
[INFO] 2022-10-02 16:34:56,193 [    train.py:  220]:	Evaluate:
[INFO] 2022-10-02 16:34:56,193 [    train.py:  227]:	Loss 0.1224, ('Ner Loss', 0.01359487),  ('CLS Classification Loss', 0.10879208)
[INFO] 2022-10-02 16:34:56,194 [    train.py:  228]:	('Ner Acc', 0.99753994), ('CLS Classification Acc', 0.9678515)
[INFO] 2022-10-02 16:35:04,205 [    train.py:  237]:	Precision 0.394 Recall 0.149 F1 0.216
[INFO] 2022-10-02 16:35:43,749 [    train.py:  185]:	Epoch 8: 
[INFO] 2022-10-02 16:35:43,749 [    train.py:  186]:	Train:
[INFO] 2022-10-02 16:35:43,753 [    train.py:  198]:	Loss 0.1971, ('Ner Loss', 0.0700310692191124),  ('CLS Classification Loss', 0.12711478769779205)
[INFO] 2022-10-02 16:35:43,753 [    train.py:  208]:	('Ner Acc', 0.9909250736236572),  ('CLS Classification Acc', 0.955195963382721)
[INFO] 2022-10-02 16:35:45,996 [    train.py:  220]:	Evaluate:
[INFO] 2022-10-02 16:35:45,997 [    train.py:  227]:	Loss 0.1145, ('Ner Loss', 0.012326527),  ('CLS Classification Loss', 0.102198906)
[INFO] 2022-10-02 16:35:45,997 [    train.py:  228]:	('Ner Acc', 0.9975335), ('CLS Classification Acc', 0.96836925)
[INFO] 2022-10-02 16:35:53,938 [    train.py:  237]:	Precision 0.332 Recall 0.218 F1 0.263
[INFO] 2022-10-02 16:36:33,529 [    train.py:  185]:	Epoch 9: 
[INFO] 2022-10-02 16:36:33,529 [    train.py:  186]:	Train:
[INFO] 2022-10-02 16:36:33,534 [    train.py:  198]:	Loss 0.1844, ('Ner Loss', 0.06799132376909256),  ('CLS Classification Loss', 0.11644859611988068)
[INFO] 2022-10-02 16:36:33,534 [    train.py:  208]:	('Ner Acc', 0.9911494851112366),  ('CLS Classification Acc', 0.9576637148857117)
[INFO] 2022-10-02 16:36:35,779 [    train.py:  220]:	Evaluate:
[INFO] 2022-10-02 16:36:35,780 [    train.py:  227]:	Loss 0.1111, ('Ner Loss', 0.011753741),  ('CLS Classification Loss', 0.099378444)
[INFO] 2022-10-02 16:36:35,780 [    train.py:  228]:	('Ner Acc', 0.99741995), ('CLS Classification Acc', 0.9702119)
[INFO] 2022-10-02 16:36:43,741 [    train.py:  237]:	Precision 0.327 Recall 0.234 F1 0.273
[INFO] 2022-10-02 16:37:22,915 [    train.py:  185]:	Epoch 10: 
[INFO] 2022-10-02 16:37:22,916 [    train.py:  186]:	Train:
[INFO] 2022-10-02 16:37:22,920 [    train.py:  198]:	Loss 0.1730, ('Ner Loss', 0.06640446186065674),  ('CLS Classification Loss', 0.1065826490521431)
[INFO] 2022-10-02 16:37:22,920 [    train.py:  208]:	('Ner Acc', 0.9913536310195923),  ('CLS Classification Acc', 0.9615325927734375)
[INFO] 2022-10-02 16:37:25,128 [    train.py:  220]:	Evaluate:
[INFO] 2022-10-02 16:37:25,128 [    train.py:  227]:	Loss 0.1070, ('Ner Loss', 0.01102828),  ('CLS Classification Loss', 0.096015)
[INFO] 2022-10-02 16:37:25,129 [    train.py:  228]:	('Ner Acc', 0.9975614), ('CLS Classification Acc', 0.971811)
[INFO] 2022-10-02 16:37:33,454 [    train.py:  237]:	Precision 0.376 Recall 0.217 F1 0.275
[INFO] 2022-10-02 16:38:12,986 [    train.py:  185]:	Epoch 11: 
[INFO] 2022-10-02 16:38:12,986 [    train.py:  186]:	Train:
[INFO] 2022-10-02 16:38:12,989 [    train.py:  198]:	Loss 0.1598, ('Ner Loss', 0.06433019042015076),  ('CLS Classification Loss', 0.09549471735954285)
[INFO] 2022-10-02 16:38:12,989 [    train.py:  208]:	('Ner Acc', 0.992158055305481),  ('CLS Classification Acc', 0.9658979177474976)
[INFO] 2022-10-02 16:38:15,243 [    train.py:  220]:	Evaluate:
[INFO] 2022-10-02 16:38:15,243 [    train.py:  227]:	Loss 0.1065, ('Ner Loss', 0.01068263),  ('CLS Classification Loss', 0.09579385)
[INFO] 2022-10-02 16:38:15,244 [    train.py:  228]:	('Ner Acc', 0.9976612), ('CLS Classification Acc', 0.97360814)
[INFO] 2022-10-02 16:38:23,215 [    train.py:  237]:	Precision 0.423 Recall 0.283 F1 0.339
[INFO] 2022-10-02 16:39:02,907 [    train.py:  185]:	Epoch 12: 
[INFO] 2022-10-02 16:39:02,908 [    train.py:  186]:	Train:
[INFO] 2022-10-02 16:39:02,911 [    train.py:  198]:	Loss 0.1517, ('Ner Loss', 0.06309042870998383),  ('CLS Classification Loss', 0.0885750949382782)
[INFO] 2022-10-02 16:39:02,911 [    train.py:  208]:	('Ner Acc', 0.9925288558006287),  ('CLS Classification Acc', 0.968563973903656)
[INFO] 2022-10-02 16:39:05,133 [    train.py:  220]:	Evaluate:
[INFO] 2022-10-02 16:39:05,134 [    train.py:  227]:	Loss 0.1128, ('Ner Loss', 0.011657803),  ('CLS Classification Loss', 0.10114095)
[INFO] 2022-10-02 16:39:05,134 [    train.py:  228]:	('Ner Acc', 0.99765176), ('CLS Classification Acc', 0.97447604)
[INFO] 2022-10-02 16:39:13,108 [    train.py:  237]:	Precision 0.490 Recall 0.293 F1 0.367
[INFO] 2022-10-02 16:39:52,851 [    train.py:  185]:	Epoch 13: 
[INFO] 2022-10-02 16:39:52,851 [    train.py:  186]:	Train:
[INFO] 2022-10-02 16:39:52,857 [    train.py:  198]:	Loss 0.1416, ('Ner Loss', 0.06175464391708374),  ('CLS Classification Loss', 0.07984799891710281)
[INFO] 2022-10-02 16:39:52,857 [    train.py:  208]:	('Ner Acc', 0.9929065108299255),  ('CLS Classification Acc', 0.9713788628578186)
[INFO] 2022-10-02 16:39:55,076 [    train.py:  220]:	Evaluate:
[INFO] 2022-10-02 16:39:55,077 [    train.py:  227]:	Loss 0.1114, ('Ner Loss', 0.012261175),  ('CLS Classification Loss', 0.09918255)
[INFO] 2022-10-02 16:39:55,077 [    train.py:  228]:	('Ner Acc', 0.99762785), ('CLS Classification Acc', 0.97481126)
[INFO] 2022-10-02 16:40:03,369 [    train.py:  237]:	Precision 0.410 Recall 0.341 F1 0.372
[INFO] 2022-10-02 16:40:42,823 [    train.py:  185]:	Epoch 14: 
[INFO] 2022-10-02 16:40:42,823 [    train.py:  186]:	Train:
[INFO] 2022-10-02 16:40:42,826 [    train.py:  198]:	Loss 0.1292, ('Ner Loss', 0.06063066050410271),  ('CLS Classification Loss', 0.06858877092599869)
[INFO] 2022-10-02 16:40:42,826 [    train.py:  208]:	('Ner Acc', 0.9931420683860779),  ('CLS Classification Acc', 0.9751988053321838)
[INFO] 2022-10-02 16:40:45,000 [    train.py:  220]:	Evaluate:
[INFO] 2022-10-02 16:40:45,000 [    train.py:  227]:	Loss 0.1225, ('Ner Loss', 0.0119539285),  ('CLS Classification Loss', 0.110498115)
[INFO] 2022-10-02 16:40:45,001 [    train.py:  228]:	('Ner Acc', 0.9977126), ('CLS Classification Acc', 0.9737603)
[INFO] 2022-10-02 16:40:53,041 [    train.py:  237]:	Precision 0.520 Recall 0.354 F1 0.421
[INFO] 2022-10-02 16:41:32,733 [    train.py:  185]:	Epoch 15: 
[INFO] 2022-10-02 16:41:32,734 [    train.py:  186]:	Train:
[INFO] 2022-10-02 16:41:32,737 [    train.py:  198]:	Loss 0.1175, ('Ner Loss', 0.05928785353899002),  ('CLS Classification Loss', 0.05825383961200714)
[INFO] 2022-10-02 16:41:32,737 [    train.py:  208]:	('Ner Acc', 0.9932445883750916),  ('CLS Classification Acc', 0.9777653217315674)
[INFO] 2022-10-02 16:41:34,984 [    train.py:  220]:	Evaluate:
[INFO] 2022-10-02 16:41:34,985 [    train.py:  227]:	Loss 0.1235, ('Ner Loss', 0.013808514),  ('CLS Classification Loss', 0.1096704)
[INFO] 2022-10-02 16:41:34,985 [    train.py:  228]:	('Ner Acc', 0.99778295), ('CLS Classification Acc', 0.97485685)
[INFO] 2022-10-02 16:41:43,210 [    train.py:  237]:	Precision 0.486 Recall 0.409 F1 0.444
[INFO] 2022-10-02 16:42:22,749 [    train.py:  185]:	Epoch 16: 
[INFO] 2022-10-02 16:42:22,750 [    train.py:  186]:	Train:
[INFO] 2022-10-02 16:42:22,754 [    train.py:  198]:	Loss 0.1099, ('Ner Loss', 0.058321550488471985),  ('CLS Classification Loss', 0.05152873322367668)
[INFO] 2022-10-02 16:42:22,754 [    train.py:  208]:	('Ner Acc', 0.9935110807418823),  ('CLS Classification Acc', 0.9796503186225891)
[INFO] 2022-10-02 16:42:24,917 [    train.py:  220]:	Evaluate:
[INFO] 2022-10-02 16:42:24,917 [    train.py:  227]:	Loss 0.1264, ('Ner Loss', 0.014083718),  ('CLS Classification Loss', 0.11229334)
[INFO] 2022-10-02 16:42:24,918 [    train.py:  228]:	('Ner Acc', 0.9976598), ('CLS Classification Acc', 0.9755117)
[INFO] 2022-10-02 16:42:32,888 [    train.py:  237]:	Precision 0.473 Recall 0.417 F1 0.443
[INFO] 2022-10-02 16:43:12,404 [    train.py:  185]:	Epoch 17: 
[INFO] 2022-10-02 16:43:12,405 [    train.py:  186]:	Train:
[INFO] 2022-10-02 16:43:12,408 [    train.py:  198]:	Loss 0.0994, ('Ner Loss', 0.05722547322511673),  ('CLS Classification Loss', 0.04214721918106079)
[INFO] 2022-10-02 16:43:12,408 [    train.py:  208]:	('Ner Acc', 0.9935398697853088),  ('CLS Classification Acc', 0.9840152263641357)
[INFO] 2022-10-02 16:43:14,647 [    train.py:  220]:	Evaluate:
[INFO] 2022-10-02 16:43:14,647 [    train.py:  227]:	Loss 0.1322, ('Ner Loss', 0.014507053),  ('CLS Classification Loss', 0.11772368)
[INFO] 2022-10-02 16:43:14,647 [    train.py:  228]:	('Ner Acc', 0.9978435), ('CLS Classification Acc', 0.97595334)
[INFO] 2022-10-02 16:43:22,624 [    train.py:  237]:	Precision 0.508 Recall 0.438 F1 0.470
[INFO] 2022-10-02 16:44:02,561 [    train.py:  185]:	Epoch 18: 
[INFO] 2022-10-02 16:44:02,562 [    train.py:  186]:	Train:
[INFO] 2022-10-02 16:44:02,566 [    train.py:  198]:	Loss 0.0872, ('Ner Loss', 0.05640270560979843),  ('CLS Classification Loss', 0.030821653082966805)
[INFO] 2022-10-02 16:44:02,566 [    train.py:  208]:	('Ner Acc', 0.9936410188674927),  ('CLS Classification Acc', 0.9882563948631287)
[INFO] 2022-10-02 16:44:04,814 [    train.py:  220]:	Evaluate:
[INFO] 2022-10-02 16:44:04,815 [    train.py:  227]:	Loss 0.1367, ('Ner Loss', 0.01429219),  ('CLS Classification Loss', 0.12242576)
[INFO] 2022-10-02 16:44:04,815 [    train.py:  228]:	('Ner Acc', 0.9979232), ('CLS Classification Acc', 0.9758315)
[INFO] 2022-10-02 16:44:12,992 [    train.py:  237]:	Precision 0.491 Recall 0.483 F1 0.487
[INFO] 2022-10-02 16:44:52,859 [    train.py:  185]:	Epoch 19: 
[INFO] 2022-10-02 16:44:52,860 [    train.py:  186]:	Train:
[INFO] 2022-10-02 16:44:52,863 [    train.py:  198]:	Loss 0.0819, ('Ner Loss', 0.05559631809592247),  ('CLS Classification Loss', 0.026276269927620888)
[INFO] 2022-10-02 16:44:52,863 [    train.py:  208]:	('Ner Acc', 0.9938538670539856),  ('CLS Classification Acc', 0.9902775287628174)
[INFO] 2022-10-02 16:44:55,087 [    train.py:  220]:	Evaluate:
[INFO] 2022-10-02 16:44:55,088 [    train.py:  227]:	Loss 0.1410, ('Ner Loss', 0.015398917),  ('CLS Classification Loss', 0.12559895)
[INFO] 2022-10-02 16:44:55,088 [    train.py:  228]:	('Ner Acc', 0.9979294), ('CLS Classification Acc', 0.9771564)
[INFO] 2022-10-02 16:45:03,202 [    train.py:  237]:	Precision 0.508 Recall 0.443 F1 0.473
[INFO] 2022-10-02 16:45:42,980 [    train.py:  185]:	Epoch 20: 
[INFO] 2022-10-02 16:45:42,981 [    train.py:  186]:	Train:
[INFO] 2022-10-02 16:45:42,988 [    train.py:  198]:	Loss 0.0748, ('Ner Loss', 0.054449573159217834),  ('CLS Classification Loss', 0.02034618891775608)
[INFO] 2022-10-02 16:45:42,989 [    train.py:  208]:	('Ner Acc', 0.9941469430923462),  ('CLS Classification Acc', 0.9923854470252991)
[INFO] 2022-10-02 16:45:45,228 [    train.py:  220]:	Evaluate:
[INFO] 2022-10-02 16:45:45,229 [    train.py:  227]:	Loss 0.1427, ('Ner Loss', 0.015710637),  ('CLS Classification Loss', 0.12696064)
[INFO] 2022-10-02 16:45:45,229 [    train.py:  228]:	('Ner Acc', 0.9980175), ('CLS Classification Acc', 0.97695845)
[INFO] 2022-10-02 16:45:53,177 [    train.py:  237]:	Precision 0.517 Recall 0.428 F1 0.469
[INFO] 2022-10-02 16:46:32,608 [    train.py:  185]:	Epoch 21: 
[INFO] 2022-10-02 16:46:32,608 [    train.py:  186]:	Train:
[INFO] 2022-10-02 16:46:32,615 [    train.py:  198]:	Loss 0.0672, ('Ner Loss', 0.0535338819026947),  ('CLS Classification Loss', 0.013661393895745277)
[INFO] 2022-10-02 16:46:32,615 [    train.py:  208]:	('Ner Acc', 0.9944435358047485),  ('CLS Classification Acc', 0.9949896931648254)
[INFO] 2022-10-02 16:46:34,841 [    train.py:  220]:	Evaluate:
[INFO] 2022-10-02 16:46:34,842 [    train.py:  227]:	Loss 0.1715, ('Ner Loss', 0.018258581),  ('CLS Classification Loss', 0.15328716)
[INFO] 2022-10-02 16:46:34,842 [    train.py:  228]:	('Ner Acc', 0.9979015), ('CLS Classification Acc', 0.9773696)
[INFO] 2022-10-02 16:46:43,127 [    train.py:  237]:	Precision 0.543 Recall 0.443 F1 0.488
[INFO] 2022-10-02 16:47:22,708 [    train.py:  185]:	Epoch 22: 
[INFO] 2022-10-02 16:47:22,709 [    train.py:  186]:	Train:
[INFO] 2022-10-02 16:47:22,715 [    train.py:  198]:	Loss 0.0622, ('Ner Loss', 0.05285242944955826),  ('CLS Classification Loss', 0.009299051947891712)
[INFO] 2022-10-02 16:47:22,715 [    train.py:  208]:	('Ner Acc', 0.9946295619010925),  ('CLS Classification Acc', 0.9966762065887451)
[INFO] 2022-10-02 16:47:24,988 [    train.py:  220]:	Evaluate:
[INFO] 2022-10-02 16:47:24,989 [    train.py:  227]:	Loss 0.1767, ('Ner Loss', 0.017993247),  ('CLS Classification Loss', 0.15872373)
[INFO] 2022-10-02 16:47:24,989 [    train.py:  228]:	('Ner Acc', 0.99784774), ('CLS Classification Acc', 0.97677565)
[INFO] 2022-10-02 16:47:33,291 [    train.py:  237]:	Precision 0.520 Recall 0.505 F1 0.513
[INFO] 2022-10-02 16:48:12,788 [    train.py:  185]:	Epoch 23: 
[INFO] 2022-10-02 16:48:12,788 [    train.py:  186]:	Train:
[INFO] 2022-10-02 16:48:12,792 [    train.py:  198]:	Loss 0.0590, ('Ner Loss', 0.05184384807944298),  ('CLS Classification Loss', 0.007142283488065004)
[INFO] 2022-10-02 16:48:12,792 [    train.py:  208]:	('Ner Acc', 0.9946860074996948),  ('CLS Classification Acc', 0.9976559281349182)
[INFO] 2022-10-02 16:48:15,034 [    train.py:  220]:	Evaluate:
[INFO] 2022-10-02 16:48:15,034 [    train.py:  227]:	Loss 0.1723, ('Ner Loss', 0.01739931),  ('CLS Classification Loss', 0.15489928)
[INFO] 2022-10-02 16:48:15,034 [    train.py:  228]:	('Ner Acc', 0.9980502), ('CLS Classification Acc', 0.9767148)
[INFO] 2022-10-02 16:48:23,184 [    train.py:  237]:	Precision 0.548 Recall 0.490 F1 0.517
[INFO] 2022-10-02 16:49:02,697 [    train.py:  185]:	Epoch 24: 
[INFO] 2022-10-02 16:49:02,697 [    train.py:  186]:	Train:
[INFO] 2022-10-02 16:49:02,701 [    train.py:  198]:	Loss 0.0575, ('Ner Loss', 0.051176767796278),  ('CLS Classification Loss', 0.0063611362129449844)
[INFO] 2022-10-02 16:49:02,701 [    train.py:  208]:	('Ner Acc', 0.994888961315155),  ('CLS Classification Acc', 0.997730016708374)
[INFO] 2022-10-02 16:49:04,927 [    train.py:  220]:	Evaluate:
[INFO] 2022-10-02 16:49:04,928 [    train.py:  227]:	Loss 0.2022, ('Ner Loss', 0.020111341),  ('CLS Classification Loss', 0.18205845)
[INFO] 2022-10-02 16:49:04,928 [    train.py:  228]:	('Ner Acc', 0.99790424), ('CLS Classification Acc', 0.97613615)
[INFO] 2022-10-02 16:49:13,027 [    train.py:  237]:	Precision 0.537 Recall 0.434 F1 0.480
[INFO] 2022-10-02 16:49:53,015 [    train.py:  185]:	Epoch 25: 
[INFO] 2022-10-02 16:49:53,015 [    train.py:  186]:	Train:
[INFO] 2022-10-02 16:49:53,019 [    train.py:  198]:	Loss 0.0557, ('Ner Loss', 0.05064259096980095),  ('CLS Classification Loss', 0.005029546096920967)
[INFO] 2022-10-02 16:49:53,019 [    train.py:  208]:	('Ner Acc', 0.994901716709137),  ('CLS Classification Acc', 0.9985485672950745)
[INFO] 2022-10-02 16:49:55,278 [    train.py:  220]:	Evaluate:
[INFO] 2022-10-02 16:49:55,279 [    train.py:  227]:	Loss 0.2016, ('Ner Loss', 0.020225618),  ('CLS Classification Loss', 0.18134196)
[INFO] 2022-10-02 16:49:55,279 [    train.py:  228]:	('Ner Acc', 0.99788105), ('CLS Classification Acc', 0.975268)
[INFO] 2022-10-02 16:50:03,310 [    train.py:  237]:	Precision 0.533 Recall 0.454 F1 0.491
[INFO] 2022-10-02 16:50:42,782 [    train.py:  185]:	Epoch 26: 
[INFO] 2022-10-02 16:50:42,783 [    train.py:  186]:	Train:
[INFO] 2022-10-02 16:50:42,789 [    train.py:  198]:	Loss 0.0562, ('Ner Loss', 0.050074443221092224),  ('CLS Classification Loss', 0.00616749981418252)
[INFO] 2022-10-02 16:50:42,789 [    train.py:  208]:	('Ner Acc', 0.9949422478675842),  ('CLS Classification Acc', 0.998065173625946)
[INFO] 2022-10-02 16:50:45,042 [    train.py:  220]:	Evaluate:
[INFO] 2022-10-02 16:50:45,042 [    train.py:  227]:	Loss 0.1864, ('Ner Loss', 0.020112455),  ('CLS Classification Loss', 0.16625893)
[INFO] 2022-10-02 16:50:45,042 [    train.py:  228]:	('Ner Acc', 0.99806166), ('CLS Classification Acc', 0.9774305)
[INFO] 2022-10-02 16:50:52,983 [    train.py:  237]:	Precision 0.569 Recall 0.501 F1 0.533
[INFO] 2022-10-02 16:51:32,909 [    train.py:  185]:	Epoch 27: 
[INFO] 2022-10-02 16:51:32,909 [    train.py:  186]:	Train:
[INFO] 2022-10-02 16:51:32,915 [    train.py:  198]:	Loss 0.0543, ('Ner Loss', 0.04949209466576576),  ('CLS Classification Loss', 0.004812152124941349)
[INFO] 2022-10-02 16:51:32,915 [    train.py:  208]:	('Ner Acc', 0.9949960708618164),  ('CLS Classification Acc', 0.9982016682624817)
[INFO] 2022-10-02 16:51:35,145 [    train.py:  220]:	Evaluate:
[INFO] 2022-10-02 16:51:35,145 [    train.py:  227]:	Loss 0.2002, ('Ner Loss', 0.019351915),  ('CLS Classification Loss', 0.18084945)
[INFO] 2022-10-02 16:51:35,146 [    train.py:  228]:	('Ner Acc', 0.99789697), ('CLS Classification Acc', 0.97791785)
[INFO] 2022-10-02 16:51:43,451 [    train.py:  237]:	Precision 0.540 Recall 0.499 F1 0.519
[INFO] 2022-10-02 16:52:23,415 [    train.py:  185]:	Epoch 28: 
[INFO] 2022-10-02 16:52:23,416 [    train.py:  186]:	Train:
[INFO] 2022-10-02 16:52:23,421 [    train.py:  198]:	Loss 0.0523, ('Ner Loss', 0.04890144243836403),  ('CLS Classification Loss', 0.0034048797097057104)
[INFO] 2022-10-02 16:52:23,421 [    train.py:  208]:	('Ner Acc', 0.9951054453849792),  ('CLS Classification Acc', 0.9990943074226379)
[INFO] 2022-10-02 16:52:25,656 [    train.py:  220]:	Evaluate:
[INFO] 2022-10-02 16:52:25,657 [    train.py:  227]:	Loss 0.2087, ('Ner Loss', 0.020914594),  ('CLS Classification Loss', 0.18779427)
[INFO] 2022-10-02 16:52:25,657 [    train.py:  228]:	('Ner Acc', 0.99798185), ('CLS Classification Acc', 0.9775219)
[INFO] 2022-10-02 16:52:33,621 [    train.py:  237]:	Precision 0.537 Recall 0.497 F1 0.516
[INFO] 2022-10-02 16:53:13,464 [    train.py:  185]:	Epoch 29: 
[INFO] 2022-10-02 16:53:13,464 [    train.py:  186]:	Train:
[INFO] 2022-10-02 16:53:13,470 [    train.py:  198]:	Loss 0.0504, ('Ner Loss', 0.0481003113090992),  ('CLS Classification Loss', 0.0023190670181065798)
[INFO] 2022-10-02 16:53:13,470 [    train.py:  208]:	('Ner Acc', 0.9953202605247498),  ('CLS Classification Acc', 0.9992555975914001)
[INFO] 2022-10-02 16:53:15,710 [    train.py:  220]:	Evaluate:
[INFO] 2022-10-02 16:53:15,711 [    train.py:  227]:	Loss 0.2284, ('Ner Loss', 0.022802794),  ('CLS Classification Loss', 0.20564157)
[INFO] 2022-10-02 16:53:15,711 [    train.py:  228]:	('Ner Acc', 0.99791104), ('CLS Classification Acc', 0.97561824)
[INFO] 2022-10-02 16:53:23,863 [    train.py:  237]:	Precision 0.579 Recall 0.476 F1 0.522
[INFO] 2022-10-02 16:54:03,800 [    train.py:  185]:	Epoch 30: 
[INFO] 2022-10-02 16:54:03,801 [    train.py:  186]:	Train:
[INFO] 2022-10-02 16:54:03,806 [    train.py:  198]:	Loss 0.0504, ('Ner Loss', 0.0478433296084404),  ('CLS Classification Loss', 0.0025978952180594206)
[INFO] 2022-10-02 16:54:03,807 [    train.py:  208]:	('Ner Acc', 0.9953494668006897),  ('CLS Classification Acc', 0.999193549156189)
[INFO] 2022-10-02 16:54:06,082 [    train.py:  220]:	Evaluate:
[INFO] 2022-10-02 16:54:06,082 [    train.py:  227]:	Loss 0.2225, ('Ner Loss', 0.021219624),  ('CLS Classification Loss', 0.20127682)
[INFO] 2022-10-02 16:54:06,082 [    train.py:  228]:	('Ner Acc', 0.9978337), ('CLS Classification Acc', 0.97580105)
[INFO] 2022-10-02 16:54:14,060 [    train.py:  237]:	Precision 0.529 Recall 0.514 F1 0.521
[INFO] 2022-10-02 16:54:53,518 [    train.py:  185]:	Epoch 31: 
[INFO] 2022-10-02 16:54:53,518 [    train.py:  186]:	Train:
[INFO] 2022-10-02 16:54:53,521 [    train.py:  198]:	Loss 0.0501, ('Ner Loss', 0.04724534600973129),  ('CLS Classification Loss', 0.00287458929233253)
[INFO] 2022-10-02 16:54:53,521 [    train.py:  208]:	('Ner Acc', 0.9952660799026489),  ('CLS Classification Acc', 0.999082088470459)
[INFO] 2022-10-02 16:54:55,757 [    train.py:  220]:	Evaluate:
[INFO] 2022-10-02 16:54:55,758 [    train.py:  227]:	Loss 0.2163, ('Ner Loss', 0.021716507),  ('CLS Classification Loss', 0.19461435)
[INFO] 2022-10-02 16:54:55,758 [    train.py:  228]:	('Ner Acc', 0.99798155), ('CLS Classification Acc', 0.9780702)
[INFO] 2022-10-02 16:55:03,774 [    train.py:  237]:	Precision 0.565 Recall 0.495 F1 0.527
[INFO] 2022-10-02 16:55:43,679 [    train.py:  185]:	Epoch 32: 
[INFO] 2022-10-02 16:55:43,680 [    train.py:  186]:	Train:
[INFO] 2022-10-02 16:55:43,683 [    train.py:  198]:	Loss 0.0502, ('Ner Loss', 0.046892497688531876),  ('CLS Classification Loss', 0.0032847814727574587)
[INFO] 2022-10-02 16:55:43,683 [    train.py:  208]:	('Ner Acc', 0.9953116178512573),  ('CLS Classification Acc', 0.9989829063415527)
[INFO] 2022-10-02 16:55:45,918 [    train.py:  220]:	Evaluate:
[INFO] 2022-10-02 16:55:45,919 [    train.py:  227]:	Loss 0.2215, ('Ner Loss', 0.022696339),  ('CLS Classification Loss', 0.19880259)
[INFO] 2022-10-02 16:55:45,919 [    train.py:  228]:	('Ner Acc', 0.9977611), ('CLS Classification Acc', 0.97491777)
[INFO] 2022-10-02 16:55:53,808 [    train.py:  237]:	Precision 0.506 Recall 0.503 F1 0.504
[INFO] 2022-10-02 16:56:33,051 [    train.py:  185]:	Epoch 33: 
[INFO] 2022-10-02 16:56:33,051 [    train.py:  186]:	Train:
[INFO] 2022-10-02 16:56:33,054 [    train.py:  198]:	Loss 0.0513, ('Ner Loss', 0.04642081260681152),  ('CLS Classification Loss', 0.0049210223369300365)
[INFO] 2022-10-02 16:56:33,054 [    train.py:  208]:	('Ner Acc', 0.9983957409858704),  ('CLS Classification Acc', 0.9985239505767822)
[INFO] 2022-10-02 16:56:35,266 [    train.py:  220]:	Evaluate:
[INFO] 2022-10-02 16:56:35,267 [    train.py:  227]:	Loss 0.2109, ('Ner Loss', 0.02107562),  ('CLS Classification Loss', 0.18985075)
[INFO] 2022-10-02 16:56:35,267 [    train.py:  228]:	('Ner Acc', 0.9978548), ('CLS Classification Acc', 0.97580105)
[INFO] 2022-10-02 16:56:43,188 [    train.py:  237]:	Precision 0.500 Recall 0.505 F1 0.503
[INFO] 2022-10-02 16:57:23,132 [    train.py:  185]:	Epoch 34: 
[INFO] 2022-10-02 16:57:23,132 [    train.py:  186]:	Train:
[INFO] 2022-10-02 16:57:23,135 [    train.py:  198]:	Loss 0.0481, ('Ner Loss', 0.04568224772810936),  ('CLS Classification Loss', 0.00239549414254725)
[INFO] 2022-10-02 16:57:23,135 [    train.py:  208]:	('Ner Acc', 0.9990705251693726),  ('CLS Classification Acc', 0.9992431402206421)
[INFO] 2022-10-02 16:57:25,361 [    train.py:  220]:	Evaluate:
[INFO] 2022-10-02 16:57:25,362 [    train.py:  227]:	Loss 0.2158, ('Ner Loss', 0.022363342),  ('CLS Classification Loss', 0.19345759)
[INFO] 2022-10-02 16:57:25,362 [    train.py:  228]:	('Ner Acc', 0.99790615), ('CLS Classification Acc', 0.9756335)
[INFO] 2022-10-02 16:57:33,759 [    train.py:  237]:	Precision 0.528 Recall 0.518 F1 0.523
[INFO] 2022-10-02 16:58:13,419 [    train.py:  185]:	Epoch 35: 
[INFO] 2022-10-02 16:58:13,419 [    train.py:  186]:	Train:
[INFO] 2022-10-02 16:58:13,423 [    train.py:  198]:	Loss 0.0467, ('Ner Loss', 0.04532666876912117),  ('CLS Classification Loss', 0.0013626704458147287)
[INFO] 2022-10-02 16:58:13,423 [    train.py:  208]:	('Ner Acc', 0.9991723299026489),  ('CLS Classification Acc', 0.9996153712272644)
[INFO] 2022-10-02 16:58:15,638 [    train.py:  220]:	Evaluate:
[INFO] 2022-10-02 16:58:15,639 [    train.py:  227]:	Loss 0.2110, ('Ner Loss', 0.021479387),  ('CLS Classification Loss', 0.1895223)
[INFO] 2022-10-02 16:58:15,639 [    train.py:  228]:	('Ner Acc', 0.99801946), ('CLS Classification Acc', 0.9775981)
[INFO] 2022-10-02 16:58:23,594 [    train.py:  237]:	Precision 0.564 Recall 0.521 F1 0.542
[INFO] 2022-10-02 16:59:03,014 [    train.py:  185]:	Epoch 36: 
[INFO] 2022-10-02 16:59:03,014 [    train.py:  186]:	Train:
[INFO] 2022-10-02 16:59:03,017 [    train.py:  198]:	Loss 0.0456, ('Ner Loss', 0.04463278874754906),  ('CLS Classification Loss', 0.0009506840724498034)
[INFO] 2022-10-02 16:59:03,017 [    train.py:  208]:	('Ner Acc', 0.9992482662200928),  ('CLS Classification Acc', 0.9997395277023315)
[INFO] 2022-10-02 16:59:05,212 [    train.py:  220]:	Evaluate:
[INFO] 2022-10-02 16:59:05,213 [    train.py:  227]:	Loss 0.2188, ('Ner Loss', 0.021850323),  ('CLS Classification Loss', 0.19699633)
[INFO] 2022-10-02 16:59:05,213 [    train.py:  228]:	('Ner Acc', 0.99798703), ('CLS Classification Acc', 0.97816163)
[INFO] 2022-10-02 16:59:13,142 [    train.py:  237]:	Precision 0.558 Recall 0.521 F1 0.539
[INFO] 2022-10-02 16:59:52,947 [    train.py:  185]:	Epoch 37: 
[INFO] 2022-10-02 16:59:52,947 [    train.py:  186]:	Train:
[INFO] 2022-10-02 16:59:52,953 [    train.py:  198]:	Loss 0.0451, ('Ner Loss', 0.044211167842149734),  ('CLS Classification Loss', 0.0008814255706965923)
[INFO] 2022-10-02 16:59:52,953 [    train.py:  208]:	('Ner Acc', 0.9992755055427551),  ('CLS Classification Acc', 0.9997269511222839)
[INFO] 2022-10-02 16:59:55,208 [    train.py:  220]:	Evaluate:
[INFO] 2022-10-02 16:59:55,209 [    train.py:  227]:	Loss 0.2486, ('Ner Loss', 0.02434141),  ('CLS Classification Loss', 0.22428003)
[INFO] 2022-10-02 16:59:55,209 [    train.py:  228]:	('Ner Acc', 0.9979065), ('CLS Classification Acc', 0.97750676)
[INFO] 2022-10-02 17:00:03,246 [    train.py:  237]:	Precision 0.567 Recall 0.504 F1 0.534
[INFO] 2022-10-02 17:00:42,910 [    train.py:  185]:	Epoch 38: 
[INFO] 2022-10-02 17:00:42,910 [    train.py:  186]:	Train:
[INFO] 2022-10-02 17:00:42,916 [    train.py:  198]:	Loss 0.0459, ('Ner Loss', 0.043909624218940735),  ('CLS Classification Loss', 0.0019436267903074622)
[INFO] 2022-10-02 17:00:42,917 [    train.py:  208]:	('Ner Acc', 0.9992457628250122),  ('CLS Classification Acc', 0.9994292259216309)
[INFO] 2022-10-02 17:00:45,138 [    train.py:  220]:	Evaluate:
[INFO] 2022-10-02 17:00:45,139 [    train.py:  227]:	Loss 0.2199, ('Ner Loss', 0.022290954),  ('CLS Classification Loss', 0.19756272)
[INFO] 2022-10-02 17:00:45,139 [    train.py:  228]:	('Ner Acc', 0.9980788), ('CLS Classification Acc', 0.97704977)
[INFO] 2022-10-02 17:00:53,171 [    train.py:  237]:	Precision 0.556 Recall 0.527 F1 0.541
[INFO] 2022-10-02 17:01:32,930 [    train.py:  185]:	Epoch 39: 
[INFO] 2022-10-02 17:01:32,930 [    train.py:  186]:	Train:
[INFO] 2022-10-02 17:01:32,934 [    train.py:  198]:	Loss 0.0464, ('Ner Loss', 0.04361947253346443),  ('CLS Classification Loss', 0.0027475107926875353)
[INFO] 2022-10-02 17:01:32,934 [    train.py:  208]:	('Ner Acc', 0.9992358684539795),  ('CLS Classification Acc', 0.9991810321807861)
[INFO] 2022-10-02 17:01:35,163 [    train.py:  220]:	Evaluate:
[INFO] 2022-10-02 17:01:35,164 [    train.py:  227]:	Loss 0.2426, ('Ner Loss', 0.024765667),  ('CLS Classification Loss', 0.2178225)
[INFO] 2022-10-02 17:01:35,164 [    train.py:  228]:	('Ner Acc', 0.99790704), ('CLS Classification Acc', 0.97606)
[INFO] 2022-10-02 17:01:43,373 [    train.py:  237]:	Precision 0.551 Recall 0.495 F1 0.521
[INFO] 2022-10-02 17:02:23,066 [    train.py:  185]:	Epoch 40: 
[INFO] 2022-10-02 17:02:23,066 [    train.py:  186]:	Train:
[INFO] 2022-10-02 17:02:23,070 [    train.py:  198]:	Loss 0.0466, ('Ner Loss', 0.04328734427690506),  ('CLS Classification Loss', 0.0032998176757246256)
[INFO] 2022-10-02 17:02:23,070 [    train.py:  208]:	('Ner Acc', 0.9992189407348633),  ('CLS Classification Acc', 0.9990198612213135)
[INFO] 2022-10-02 17:02:25,300 [    train.py:  220]:	Evaluate:
[INFO] 2022-10-02 17:02:25,300 [    train.py:  227]:	Loss 0.2279, ('Ner Loss', 0.022171445),  ('CLS Classification Loss', 0.20572095)
[INFO] 2022-10-02 17:02:25,301 [    train.py:  228]:	('Ner Acc', 0.9979512), ('CLS Classification Acc', 0.9767758)
[INFO] 2022-10-02 17:02:33,313 [    train.py:  237]:	Precision 0.528 Recall 0.517 F1 0.522
[INFO] 2022-10-02 17:03:13,168 [    train.py:  185]:	Epoch 41: 
[INFO] 2022-10-02 17:03:13,168 [    train.py:  186]:	Train:
[INFO] 2022-10-02 17:03:13,171 [    train.py:  198]:	Loss 0.0444, ('Ner Loss', 0.04269750788807869),  ('CLS Classification Loss', 0.0016953716985881329)
[INFO] 2022-10-02 17:03:13,171 [    train.py:  208]:	('Ner Acc', 0.999282956123352),  ('CLS Classification Acc', 0.9994913339614868)
[INFO] 2022-10-02 17:03:15,417 [    train.py:  220]:	Evaluate:
[INFO] 2022-10-02 17:03:15,417 [    train.py:  227]:	Loss 0.2304, ('Ner Loss', 0.02080434),  ('CLS Classification Loss', 0.2096199)
[INFO] 2022-10-02 17:03:15,418 [    train.py:  228]:	('Ner Acc', 0.99790794), ('CLS Classification Acc', 0.973928)
[INFO] 2022-10-02 17:03:23,550 [    train.py:  237]:	Precision 0.505 Recall 0.493 F1 0.499
[INFO] 2022-10-02 17:04:03,170 [    train.py:  185]:	Epoch 42: 
[INFO] 2022-10-02 17:04:03,171 [    train.py:  186]:	Train:
[INFO] 2022-10-02 17:04:03,174 [    train.py:  198]:	Loss 0.0462, ('Ner Loss', 0.04254503920674324),  ('CLS Classification Loss', 0.0036410822067409754)
[INFO] 2022-10-02 17:04:03,175 [    train.py:  208]:	('Ner Acc', 0.9992424845695496),  ('CLS Classification Acc', 0.9987098574638367)
[INFO] 2022-10-02 17:04:05,368 [    train.py:  220]:	Evaluate:
[INFO] 2022-10-02 17:04:05,368 [    train.py:  227]:	Loss 0.2360, ('Ner Loss', 0.023814637),  ('CLS Classification Loss', 0.21218105)
[INFO] 2022-10-02 17:04:05,368 [    train.py:  228]:	('Ner Acc', 0.99793875), ('CLS Classification Acc', 0.97676045)
[INFO] 2022-10-02 17:04:13,255 [    train.py:  237]:	Precision 0.544 Recall 0.502 F1 0.522
[INFO] 2022-10-02 17:04:52,899 [    train.py:  185]:	Epoch 43: 
[INFO] 2022-10-02 17:04:52,900 [    train.py:  186]:	Train:
[INFO] 2022-10-02 17:04:52,902 [    train.py:  198]:	Loss 0.0443, ('Ner Loss', 0.04195007309317589),  ('CLS Classification Loss', 0.0023417456541210413)
[INFO] 2022-10-02 17:04:52,902 [    train.py:  208]:	('Ner Acc', 0.9992916584014893),  ('CLS Classification Acc', 0.9992182850837708)
[INFO] 2022-10-02 17:04:55,133 [    train.py:  220]:	Evaluate:
[INFO] 2022-10-02 17:04:55,134 [    train.py:  227]:	Loss 0.2444, ('Ner Loss', 0.023733899),  ('CLS Classification Loss', 0.22070011)
[INFO] 2022-10-02 17:04:55,134 [    train.py:  228]:	('Ner Acc', 0.9978993), ('CLS Classification Acc', 0.9751157)
[INFO] 2022-10-02 17:05:03,156 [    train.py:  237]:	Precision 0.539 Recall 0.496 F1 0.516
[INFO] 2022-10-02 17:05:43,103 [    train.py:  185]:	Epoch 44: 
[INFO] 2022-10-02 17:05:43,103 [    train.py:  186]:	Train:
[INFO] 2022-10-02 17:05:43,107 [    train.py:  198]:	Loss 0.0437, ('Ner Loss', 0.041718099266290665),  ('CLS Classification Loss', 0.0019402755424380302)
[INFO] 2022-10-02 17:05:43,107 [    train.py:  208]:	('Ner Acc', 0.999286949634552),  ('CLS Classification Acc', 0.9994168877601624)
[INFO] 2022-10-02 17:05:45,350 [    train.py:  220]:	Evaluate:
[INFO] 2022-10-02 17:05:45,350 [    train.py:  227]:	Loss 0.2314, ('Ner Loss', 0.023478918),  ('CLS Classification Loss', 0.20793664)
[INFO] 2022-10-02 17:05:45,351 [    train.py:  228]:	('Ner Acc', 0.9980068), ('CLS Classification Acc', 0.97574013)
[INFO] 2022-10-02 17:05:53,282 [    train.py:  237]:	Precision 0.553 Recall 0.496 F1 0.523
[INFO] 2022-10-02 17:06:32,694 [    train.py:  185]:	Epoch 45: 
[INFO] 2022-10-02 17:06:32,695 [    train.py:  186]:	Train:
[INFO] 2022-10-02 17:06:32,697 [    train.py:  198]:	Loss 0.0427, ('Ner Loss', 0.04123063385486603),  ('CLS Classification Loss', 0.0014756470918655396)
[INFO] 2022-10-02 17:06:32,698 [    train.py:  208]:	('Ner Acc', 0.9993200302124023),  ('CLS Classification Acc', 0.9996153712272644)
[INFO] 2022-10-02 17:06:34,899 [    train.py:  220]:	Evaluate:
[INFO] 2022-10-02 17:06:34,900 [    train.py:  227]:	Loss 0.2289, ('Ner Loss', 0.023657775),  ('CLS Classification Loss', 0.20520787)
[INFO] 2022-10-02 17:06:34,900 [    train.py:  228]:	('Ner Acc', 0.9979759), ('CLS Classification Acc', 0.9770803)
[INFO] 2022-10-02 17:06:42,908 [    train.py:  237]:	Precision 0.541 Recall 0.510 F1 0.525
[INFO] 2022-10-02 17:07:22,424 [    train.py:  185]:	Epoch 46: 
[INFO] 2022-10-02 17:07:22,424 [    train.py:  186]:	Train:
[INFO] 2022-10-02 17:07:22,430 [    train.py:  198]:	Loss 0.0412, ('Ner Loss', 0.04067598655819893),  ('CLS Classification Loss', 0.0005267633241601288)
[INFO] 2022-10-02 17:07:22,430 [    train.py:  208]:	('Ner Acc', 0.9994034767150879),  ('CLS Classification Acc', 0.9998138546943665)
[INFO] 2022-10-02 17:07:24,642 [    train.py:  220]:	Evaluate:
[INFO] 2022-10-02 17:07:24,642 [    train.py:  227]:	Loss 0.2342, ('Ner Loss', 0.023919282),  ('CLS Classification Loss', 0.21032858)
[INFO] 2022-10-02 17:07:24,643 [    train.py:  228]:	('Ner Acc', 0.9980799), ('CLS Classification Acc', 0.97683656)
[INFO] 2022-10-02 17:07:32,941 [    train.py:  237]:	Precision 0.569 Recall 0.496 F1 0.530
[INFO] 2022-10-02 17:08:12,991 [    train.py:  185]:	Epoch 47: 
[INFO] 2022-10-02 17:08:12,991 [    train.py:  186]:	Train:
[INFO] 2022-10-02 17:08:12,994 [    train.py:  198]:	Loss 0.0411, ('Ner Loss', 0.040100451558828354),  ('CLS Classification Loss', 0.001011529820971191)
[INFO] 2022-10-02 17:08:12,994 [    train.py:  208]:	('Ner Acc', 0.9994414448738098),  ('CLS Classification Acc', 0.9997024536132812)
[INFO] 2022-10-02 17:08:15,218 [    train.py:  220]:	Evaluate:
[INFO] 2022-10-02 17:08:15,219 [    train.py:  227]:	Loss 0.2369, ('Ner Loss', 0.023581661),  ('CLS Classification Loss', 0.21333955)
[INFO] 2022-10-02 17:08:15,219 [    train.py:  228]:	('Ner Acc', 0.9980299), ('CLS Classification Acc', 0.9771869)
[INFO] 2022-10-02 17:08:23,345 [    train.py:  237]:	Precision 0.533 Recall 0.538 F1 0.536
[INFO] 2022-10-02 17:09:03,559 [    train.py:  185]:	Epoch 48: 
[INFO] 2022-10-02 17:09:03,560 [    train.py:  186]:	Train:
[INFO] 2022-10-02 17:09:03,566 [    train.py:  198]:	Loss 0.0419, ('Ner Loss', 0.039922844618558884),  ('CLS Classification Loss', 0.0019718154799193144)
[INFO] 2022-10-02 17:09:03,566 [    train.py:  208]:	('Ner Acc', 0.9993910789489746),  ('CLS Classification Acc', 0.9993299245834351)
[INFO] 2022-10-02 17:09:05,798 [    train.py:  220]:	Evaluate:
[INFO] 2022-10-02 17:09:05,799 [    train.py:  227]:	Loss 0.2215, ('Ner Loss', 0.022709444),  ('CLS Classification Loss', 0.19876792)
[INFO] 2022-10-02 17:09:05,799 [    train.py:  228]:	('Ner Acc', 0.99772865), ('CLS Classification Acc', 0.97676057)
[INFO] 2022-10-02 17:09:13,847 [    train.py:  237]:	Precision 0.519 Recall 0.531 F1 0.525
[INFO] 2022-10-02 17:09:53,654 [    train.py:  185]:	Epoch 49: 
[INFO] 2022-10-02 17:09:53,655 [    train.py:  186]:	Train:
[INFO] 2022-10-02 17:09:53,659 [    train.py:  198]:	Loss 0.0418, ('Ner Loss', 0.039634887129068375),  ('CLS Classification Loss', 0.002192715648561716)
[INFO] 2022-10-02 17:09:53,659 [    train.py:  208]:	('Ner Acc', 0.9993863701820374),  ('CLS Classification Acc', 0.9993175864219666)
[INFO] 2022-10-02 17:09:55,892 [    train.py:  220]:	Evaluate:
[INFO] 2022-10-02 17:09:55,893 [    train.py:  227]:	Loss 0.2550, ('Ner Loss', 0.025205577),  ('CLS Classification Loss', 0.22981083)
[INFO] 2022-10-02 17:09:55,893 [    train.py:  228]:	('Ner Acc', 0.997829), ('CLS Classification Acc', 0.97574013)
[INFO] 2022-10-02 17:10:03,898 [    train.py:  237]:	Precision 0.555 Recall 0.499 F1 0.526
[INFO] 2022-10-02 17:10:43,553 [    train.py:  185]:	Epoch 50: 
[INFO] 2022-10-02 17:10:43,554 [    train.py:  186]:	Train:
[INFO] 2022-10-02 17:10:43,558 [    train.py:  198]:	Loss 0.0433, ('Ner Loss', 0.03964838758111),  ('CLS Classification Loss', 0.0036620288155972958)
[INFO] 2022-10-02 17:10:43,558 [    train.py:  208]:	('Ner Acc', 0.9992449283599854),  ('CLS Classification Acc', 0.9989082217216492)
[INFO] 2022-10-02 17:10:45,768 [    train.py:  220]:	Evaluate:
[INFO] 2022-10-02 17:10:45,769 [    train.py:  227]:	Loss 0.2212, ('Ner Loss', 0.024011042),  ('CLS Classification Loss', 0.19723015)
[INFO] 2022-10-02 17:10:45,769 [    train.py:  228]:	('Ner Acc', 0.9977954), ('CLS Classification Acc', 0.97558796)
[INFO] 2022-10-02 17:10:53,818 [    train.py:  237]:	Precision 0.510 Recall 0.527 F1 0.518
[INFO] 2022-10-02 17:11:33,361 [    train.py:  185]:	Epoch 51: 
[INFO] 2022-10-02 17:11:33,362 [    train.py:  186]:	Train:
[INFO] 2022-10-02 17:11:33,365 [    train.py:  198]:	Loss 0.0428, ('Ner Loss', 0.03915482014417648),  ('CLS Classification Loss', 0.0036218028981238604)
[INFO] 2022-10-02 17:11:33,365 [    train.py:  208]:	('Ner Acc', 0.9993563890457153),  ('CLS Classification Acc', 0.9989455342292786)
[INFO] 2022-10-02 17:11:35,580 [    train.py:  220]:	Evaluate:
[INFO] 2022-10-02 17:11:35,580 [    train.py:  227]:	Loss 0.1955, ('Ner Loss', 0.021914488),  ('CLS Classification Loss', 0.17356224)
[INFO] 2022-10-02 17:11:35,581 [    train.py:  228]:	('Ner Acc', 0.9980039), ('CLS Classification Acc', 0.9776438)
[INFO] 2022-10-02 17:11:43,667 [    train.py:  237]:	Precision 0.559 Recall 0.507 F1 0.532
[INFO] 2022-10-02 17:12:22,999 [    train.py:  185]:	Epoch 52: 
[INFO] 2022-10-02 17:12:22,999 [    train.py:  186]:	Train:
[INFO] 2022-10-02 17:12:23,005 [    train.py:  198]:	Loss 0.0398, ('Ner Loss', 0.03827327489852905),  ('CLS Classification Loss', 0.0015313271433115005)
[INFO] 2022-10-02 17:12:23,005 [    train.py:  208]:	('Ner Acc', 0.9994163513183594),  ('CLS Classification Acc', 0.999553382396698)
[INFO] 2022-10-02 17:12:25,192 [    train.py:  220]:	Evaluate:
[INFO] 2022-10-02 17:12:25,193 [    train.py:  227]:	Loss 0.2095, ('Ner Loss', 0.02246961),  ('CLS Classification Loss', 0.18701296)
[INFO] 2022-10-02 17:12:25,193 [    train.py:  228]:	('Ner Acc', 0.99804556), ('CLS Classification Acc', 0.9775981)
[INFO] 2022-10-02 17:12:33,296 [    train.py:  237]:	Precision 0.585 Recall 0.515 F1 0.548
[INFO] 2022-10-02 17:13:12,868 [    train.py:  185]:	Epoch 53: 
[INFO] 2022-10-02 17:13:12,869 [    train.py:  186]:	Train:
[INFO] 2022-10-02 17:13:12,872 [    train.py:  198]:	Loss 0.0384, ('Ner Loss', 0.03792506828904152),  ('CLS Classification Loss', 0.0005047694430686533)
[INFO] 2022-10-02 17:13:12,872 [    train.py:  208]:	('Ner Acc', 0.9994819760322571),  ('CLS Classification Acc', 0.9998883008956909)
[INFO] 2022-10-02 17:13:15,108 [    train.py:  220]:	Evaluate:
[INFO] 2022-10-02 17:13:15,109 [    train.py:  227]:	Loss 0.2090, ('Ner Loss', 0.022595143),  ('CLS Classification Loss', 0.18645467)
[INFO] 2022-10-02 17:13:15,109 [    train.py:  228]:	('Ner Acc', 0.9980193), ('CLS Classification Acc', 0.9776438)
[INFO] 2022-10-02 17:13:23,179 [    train.py:  237]:	Precision 0.573 Recall 0.542 F1 0.557
[INFO] 2022-10-02 17:14:02,984 [    train.py:  185]:	Epoch 54: 
[INFO] 2022-10-02 17:14:02,985 [    train.py:  186]:	Train:
[INFO] 2022-10-02 17:14:02,990 [    train.py:  198]:	Loss 0.0389, ('Ner Loss', 0.037882499396800995),  ('CLS Classification Loss', 0.0010354751721024513)
[INFO] 2022-10-02 17:14:02,990 [    train.py:  208]:	('Ner Acc', 0.9994611740112305),  ('CLS Classification Acc', 0.9996401071548462)
[INFO] 2022-10-02 17:14:05,243 [    train.py:  220]:	Evaluate:
[INFO] 2022-10-02 17:14:05,243 [    train.py:  227]:	Loss 0.2389, ('Ner Loss', 0.025479347),  ('CLS Classification Loss', 0.21340539)
[INFO] 2022-10-02 17:14:05,243 [    train.py:  228]:	('Ner Acc', 0.99790525), ('CLS Classification Acc', 0.9751157)
[INFO] 2022-10-02 17:14:13,156 [    train.py:  237]:	Precision 0.529 Recall 0.525 F1 0.527
[INFO] 2022-10-02 17:14:52,698 [    train.py:  185]:	Epoch 55: 
[INFO] 2022-10-02 17:14:52,698 [    train.py:  186]:	Train:
[INFO] 2022-10-02 17:14:52,701 [    train.py:  198]:	Loss 0.0392, ('Ner Loss', 0.03737809136509895),  ('CLS Classification Loss', 0.0018256943440064788)
[INFO] 2022-10-02 17:14:52,702 [    train.py:  208]:	('Ner Acc', 0.9994423985481262),  ('CLS Classification Acc', 0.9994664788246155)
[INFO] 2022-10-02 17:14:54,924 [    train.py:  220]:	Evaluate:
[INFO] 2022-10-02 17:14:54,925 [    train.py:  227]:	Loss 0.2215, ('Ner Loss', 0.022087585),  ('CLS Classification Loss', 0.19941552)
[INFO] 2022-10-02 17:14:54,925 [    train.py:  228]:	('Ner Acc', 0.99796104), ('CLS Classification Acc', 0.9759077)
[INFO] 2022-10-02 17:15:03,371 [    train.py:  237]:	Precision 0.534 Recall 0.553 F1 0.543
[INFO] 2022-10-02 17:15:43,303 [    train.py:  185]:	Epoch 56: 
[INFO] 2022-10-02 17:15:43,303 [    train.py:  186]:	Train:
[INFO] 2022-10-02 17:15:43,306 [    train.py:  198]:	Loss 0.0380, ('Ner Loss', 0.037033308297395706),  ('CLS Classification Loss', 0.0009714282932691276)
[INFO] 2022-10-02 17:15:43,306 [    train.py:  208]:	('Ner Acc', 0.999478280544281),  ('CLS Classification Acc', 0.9997270703315735)
[INFO] 2022-10-02 17:15:45,543 [    train.py:  220]:	Evaluate:
[INFO] 2022-10-02 17:15:45,543 [    train.py:  227]:	Loss 0.2386, ('Ner Loss', 0.024362832),  ('CLS Classification Loss', 0.21419322)
[INFO] 2022-10-02 17:15:45,544 [    train.py:  228]:	('Ner Acc', 0.9979202), ('CLS Classification Acc', 0.9762579)
[INFO] 2022-10-02 17:15:53,448 [    train.py:  237]:	Precision 0.537 Recall 0.533 F1 0.535
[INFO] 2022-10-02 17:16:33,219 [    train.py:  185]:	Epoch 57: 
[INFO] 2022-10-02 17:16:33,219 [    train.py:  186]:	Train:
[INFO] 2022-10-02 17:16:33,222 [    train.py:  198]:	Loss 0.0376, ('Ner Loss', 0.03670583665370941),  ('CLS Classification Loss', 0.0009285997948609293)
[INFO] 2022-10-02 17:16:33,222 [    train.py:  208]:	('Ner Acc', 0.9995001554489136),  ('CLS Classification Acc', 0.9996898174285889)
[INFO] 2022-10-02 17:16:35,451 [    train.py:  220]:	Evaluate:
[INFO] 2022-10-02 17:16:35,452 [    train.py:  227]:	Loss 0.2105, ('Ner Loss', 0.023024792),  ('CLS Classification Loss', 0.18746355)
[INFO] 2022-10-02 17:16:35,452 [    train.py:  228]:	('Ner Acc', 0.99796075), ('CLS Classification Acc', 0.9761209)
[INFO] 2022-10-02 17:16:43,444 [    train.py:  237]:	Precision 0.536 Recall 0.524 F1 0.530
[INFO] 2022-10-02 17:17:23,281 [    train.py:  185]:	Epoch 58: 
[INFO] 2022-10-02 17:17:23,281 [    train.py:  186]:	Train:
[INFO] 2022-10-02 17:17:23,284 [    train.py:  198]:	Loss 0.0370, ('Ner Loss', 0.0362684391438961),  ('CLS Classification Loss', 0.0006851269863545895)
[INFO] 2022-10-02 17:17:23,284 [    train.py:  208]:	('Ner Acc', 0.9995303750038147),  ('CLS Classification Acc', 0.9998387098312378)
[INFO] 2022-10-02 17:17:25,518 [    train.py:  220]:	Evaluate:
[INFO] 2022-10-02 17:17:25,518 [    train.py:  227]:	Loss 0.2168, ('Ner Loss', 0.024109468),  ('CLS Classification Loss', 0.19267125)
[INFO] 2022-10-02 17:17:25,518 [    train.py:  228]:	('Ner Acc', 0.9980781), ('CLS Classification Acc', 0.97704977)
[INFO] 2022-10-02 17:17:33,916 [    train.py:  237]:	Precision 0.566 Recall 0.533 F1 0.549
[INFO] 2022-10-02 17:18:13,600 [    train.py:  185]:	Epoch 59: 
[INFO] 2022-10-02 17:18:13,600 [    train.py:  186]:	Train:
[INFO] 2022-10-02 17:18:13,603 [    train.py:  198]:	Loss 0.0362, ('Ner Loss', 0.03575930371880531),  ('CLS Classification Loss', 0.0003948342055082321)
[INFO] 2022-10-02 17:18:13,603 [    train.py:  208]:	('Ner Acc', 0.9995590448379517),  ('CLS Classification Acc', 0.9998635649681091)
[INFO] 2022-10-02 17:18:15,854 [    train.py:  220]:	Evaluate:
[INFO] 2022-10-02 17:18:15,855 [    train.py:  227]:	Loss 0.2297, ('Ner Loss', 0.024945095),  ('CLS Classification Loss', 0.20473787)
[INFO] 2022-10-02 17:18:15,855 [    train.py:  228]:	('Ner Acc', 0.99809766), ('CLS Classification Acc', 0.9768215)
[INFO] 2022-10-02 17:18:23,936 [    train.py:  237]:	Precision 0.544 Recall 0.534 F1 0.539
[INFO] 2022-10-02 17:19:03,690 [    train.py:  185]:	Epoch 60: 
[INFO] 2022-10-02 17:19:03,690 [    train.py:  186]:	Train:
[INFO] 2022-10-02 17:19:03,694 [    train.py:  198]:	Loss 0.0369, ('Ner Loss', 0.03566046431660652),  ('CLS Classification Loss', 0.0012878018897026777)
[INFO] 2022-10-02 17:19:03,694 [    train.py:  208]:	('Ner Acc', 0.9995421171188354),  ('CLS Classification Acc', 0.9996524453163147)
[INFO] 2022-10-02 17:19:05,939 [    train.py:  220]:	Evaluate:
[INFO] 2022-10-02 17:19:05,940 [    train.py:  227]:	Loss 0.2632, ('Ner Loss', 0.027129637),  ('CLS Classification Loss', 0.23606175)
[INFO] 2022-10-02 17:19:05,940 [    train.py:  228]:	('Ner Acc', 0.9978912), ('CLS Classification Acc', 0.9749939)
[INFO] 2022-10-02 17:19:13,890 [    train.py:  237]:	Precision 0.556 Recall 0.516 F1 0.535
[INFO] 2022-10-02 17:19:53,548 [    train.py:  185]:	Epoch 61: 
[INFO] 2022-10-02 17:19:53,548 [    train.py:  186]:	Train:
[INFO] 2022-10-02 17:19:53,553 [    train.py:  198]:	Loss 0.0364, ('Ner Loss', 0.03514619916677475),  ('CLS Classification Loss', 0.001292565604671836)
[INFO] 2022-10-02 17:19:53,553 [    train.py:  208]:	('Ner Acc', 0.9995571970939636),  ('CLS Classification Acc', 0.9996153712272644)
[INFO] 2022-10-02 17:19:55,778 [    train.py:  220]:	Evaluate:
[INFO] 2022-10-02 17:19:55,779 [    train.py:  227]:	Loss 0.2366, ('Ner Loss', 0.02633129),  ('CLS Classification Loss', 0.21024126)
[INFO] 2022-10-02 17:19:55,779 [    train.py:  228]:	('Ner Acc', 0.9979663), ('CLS Classification Acc', 0.975268)
[INFO] 2022-10-02 17:20:03,839 [    train.py:  237]:	Precision 0.525 Recall 0.541 F1 0.533
[INFO] 2022-10-02 17:20:43,415 [    train.py:  185]:	Epoch 62: 
[INFO] 2022-10-02 17:20:43,415 [    train.py:  186]:	Train:
[INFO] 2022-10-02 17:20:43,421 [    train.py:  198]:	Loss 0.0351, ('Ner Loss', 0.03487906605005264),  ('CLS Classification Loss', 0.0002616923884488642)
[INFO] 2022-10-02 17:20:43,421 [    train.py:  208]:	('Ner Acc', 0.9995463490486145),  ('CLS Classification Acc', 0.9999502897262573)
[INFO] 2022-10-02 17:20:45,656 [    train.py:  220]:	Evaluate:
[INFO] 2022-10-02 17:20:45,657 [    train.py:  227]:	Loss 0.2560, ('Ner Loss', 0.026871517),  ('CLS Classification Loss', 0.22910748)
[INFO] 2022-10-02 17:20:45,657 [    train.py:  228]:	('Ner Acc', 0.9980137), ('CLS Classification Acc', 0.9759381)
[INFO] 2022-10-02 17:20:53,636 [    train.py:  237]:	Precision 0.560 Recall 0.511 F1 0.534
[INFO] 2022-10-02 17:21:33,334 [    train.py:  185]:	Epoch 63: 
[INFO] 2022-10-02 17:21:33,335 [    train.py:  186]:	Train:
[INFO] 2022-10-02 17:21:33,338 [    train.py:  198]:	Loss 0.0355, ('Ner Loss', 0.03451843559741974),  ('CLS Classification Loss', 0.0009564210195094347)
[INFO] 2022-10-02 17:21:33,338 [    train.py:  208]:	('Ner Acc', 0.9995735287666321),  ('CLS Classification Acc', 0.9997519254684448)
[INFO] 2022-10-02 17:21:35,558 [    train.py:  220]:	Evaluate:
[INFO] 2022-10-02 17:21:35,558 [    train.py:  227]:	Loss 0.2451, ('Ner Loss', 0.02585587),  ('CLS Classification Loss', 0.2192743)
[INFO] 2022-10-02 17:21:35,559 [    train.py:  228]:	('Ner Acc', 0.9979763), ('CLS Classification Acc', 0.97566396)
[INFO] 2022-10-02 17:21:43,694 [    train.py:  237]:	Precision 0.546 Recall 0.523 F1 0.534
[INFO] 2022-10-02 17:22:23,664 [    train.py:  185]:	Epoch 64: 
[INFO] 2022-10-02 17:22:23,664 [    train.py:  186]:	Train:
[INFO] 2022-10-02 17:22:23,667 [    train.py:  198]:	Loss 0.0352, ('Ner Loss', 0.03427838161587715),  ('CLS Classification Loss', 0.0009410464554093778)
[INFO] 2022-10-02 17:22:23,668 [    train.py:  208]:	('Ner Acc', 0.9995628595352173),  ('CLS Classification Acc', 0.9996649622917175)
[INFO] 2022-10-02 17:22:25,934 [    train.py:  220]:	Evaluate:
[INFO] 2022-10-02 17:22:25,934 [    train.py:  227]:	Loss 0.2485, ('Ner Loss', 0.02614922),  ('CLS Classification Loss', 0.22231333)
[INFO] 2022-10-02 17:22:25,935 [    train.py:  228]:	('Ner Acc', 0.99806154), ('CLS Classification Acc', 0.97561824)
[INFO] 2022-10-02 17:22:33,894 [    train.py:  237]:	Precision 0.575 Recall 0.529 F1 0.551
[INFO] 2022-10-02 17:23:14,270 [    train.py:  185]:	Epoch 65: 
[INFO] 2022-10-02 17:23:14,271 [    train.py:  186]:	Train:
[INFO] 2022-10-02 17:23:14,273 [    train.py:  198]:	Loss 0.0349, ('Ner Loss', 0.03407896310091019),  ('CLS Classification Loss', 0.0007865926600061357)
[INFO] 2022-10-02 17:23:14,273 [    train.py:  208]:	('Ner Acc', 0.9995574951171875),  ('CLS Classification Acc', 0.9997270703315735)
[INFO] 2022-10-02 17:23:16,498 [    train.py:  220]:	Evaluate:
[INFO] 2022-10-02 17:23:16,499 [    train.py:  227]:	Loss 0.2466, ('Ner Loss', 0.027004277),  ('CLS Classification Loss', 0.21964003)
[INFO] 2022-10-02 17:23:16,499 [    train.py:  228]:	('Ner Acc', 0.99793273), ('CLS Classification Acc', 0.9759686)
[INFO] 2022-10-02 17:23:24,492 [    train.py:  237]:	Precision 0.534 Recall 0.515 F1 0.524
[INFO] 2022-10-02 17:24:04,404 [    train.py:  185]:	Epoch 66: 
[INFO] 2022-10-02 17:24:04,405 [    train.py:  186]:	Train:
[INFO] 2022-10-02 17:24:04,409 [    train.py:  198]:	Loss 0.0346, ('Ner Loss', 0.0337519533932209),  ('CLS Classification Loss', 0.0008310960838571191)
[INFO] 2022-10-02 17:24:04,409 [    train.py:  208]:	('Ner Acc', 0.9995254278182983),  ('CLS Classification Acc', 0.9997641444206238)
[INFO] 2022-10-02 17:24:06,643 [    train.py:  220]:	Evaluate:
[INFO] 2022-10-02 17:24:06,644 [    train.py:  227]:	Loss 0.2366, ('Ner Loss', 0.02569913),  ('CLS Classification Loss', 0.21093313)
[INFO] 2022-10-02 17:24:06,644 [    train.py:  228]:	('Ner Acc', 0.99794066), ('CLS Classification Acc', 0.9750244)
[INFO] 2022-10-02 17:24:14,556 [    train.py:  237]:	Precision 0.522 Recall 0.544 F1 0.533
[INFO] 2022-10-02 17:24:54,554 [    train.py:  185]:	Epoch 67: 
[INFO] 2022-10-02 17:24:54,555 [    train.py:  186]:	Train:
[INFO] 2022-10-02 17:24:54,558 [    train.py:  198]:	Loss 0.0355, ('Ner Loss', 0.033643826842308044),  ('CLS Classification Loss', 0.0019039760809391737)
[INFO] 2022-10-02 17:24:54,558 [    train.py:  208]:	('Ner Acc', 0.999485969543457),  ('CLS Classification Acc', 0.9994292259216309)
[INFO] 2022-10-02 17:24:56,834 [    train.py:  220]:	Evaluate:
[INFO] 2022-10-02 17:24:56,834 [    train.py:  227]:	Loss 0.2267, ('Ner Loss', 0.025478875),  ('CLS Classification Loss', 0.20123376)
[INFO] 2022-10-02 17:24:56,834 [    train.py:  228]:	('Ner Acc', 0.99791), ('CLS Classification Acc', 0.97633404)
[INFO] 2022-10-02 17:25:04,853 [    train.py:  237]:	Precision 0.531 Recall 0.520 F1 0.525
[INFO] 2022-10-02 17:25:44,799 [    train.py:  185]:	Epoch 68: 
[INFO] 2022-10-02 17:25:44,799 [    train.py:  186]:	Train:
[INFO] 2022-10-02 17:25:44,802 [    train.py:  198]:	Loss 0.0342, ('Ner Loss', 0.03313634917140007),  ('CLS Classification Loss', 0.0011092516360804439)
[INFO] 2022-10-02 17:25:44,802 [    train.py:  208]:	('Ner Acc', 0.9995247721672058),  ('CLS Classification Acc', 0.9995905160903931)
[INFO] 2022-10-02 17:25:47,046 [    train.py:  220]:	Evaluate:
[INFO] 2022-10-02 17:25:47,046 [    train.py:  227]:	Loss 0.2457, ('Ner Loss', 0.024671994),  ('CLS Classification Loss', 0.22098604)
[INFO] 2022-10-02 17:25:47,046 [    train.py:  228]:	('Ner Acc', 0.9979038), ('CLS Classification Acc', 0.9755422)
[INFO] 2022-10-02 17:25:55,098 [    train.py:  237]:	Precision 0.519 Recall 0.544 F1 0.531
[INFO] 2022-10-02 17:26:35,090 [    train.py:  185]:	Epoch 69: 
[INFO] 2022-10-02 17:26:35,091 [    train.py:  186]:	Train:
[INFO] 2022-10-02 17:26:35,093 [    train.py:  198]:	Loss 0.0366, ('Ner Loss', 0.03303852677345276),  ('CLS Classification Loss', 0.0035708285868167877)
[INFO] 2022-10-02 17:26:35,093 [    train.py:  208]:	('Ner Acc', 0.9994837045669556),  ('CLS Classification Acc', 0.9990200400352478)
[INFO] 2022-10-02 17:26:37,332 [    train.py:  220]:	Evaluate:
[INFO] 2022-10-02 17:26:37,333 [    train.py:  227]:	Loss 0.2233, ('Ner Loss', 0.024662865),  ('CLS Classification Loss', 0.19860198)
[INFO] 2022-10-02 17:26:37,333 [    train.py:  228]:	('Ner Acc', 0.99791527), ('CLS Classification Acc', 0.9760904)
[INFO] 2022-10-02 17:26:45,306 [    train.py:  237]:	Precision 0.531 Recall 0.535 F1 0.533
[INFO] 2022-10-02 17:27:24,645 [    train.py:  185]:	Epoch 70: 
[INFO] 2022-10-02 17:27:24,645 [    train.py:  186]:	Train:
[INFO] 2022-10-02 17:27:24,649 [    train.py:  198]:	Loss 0.0363, ('Ner Loss', 0.03284134343266487),  ('CLS Classification Loss', 0.0034396699629724026)
[INFO] 2022-10-02 17:27:24,649 [    train.py:  208]:	('Ner Acc', 0.9994918704032898),  ('CLS Classification Acc', 0.9989330768585205)
[INFO] 2022-10-02 17:27:26,869 [    train.py:  220]:	Evaluate:
[INFO] 2022-10-02 17:27:26,869 [    train.py:  227]:	Loss 0.1958, ('Ner Loss', 0.022171278),  ('CLS Classification Loss', 0.1736074)
[INFO] 2022-10-02 17:27:26,869 [    train.py:  228]:	('Ner Acc', 0.9980574), ('CLS Classification Acc', 0.9772629)
[INFO] 2022-10-02 17:27:35,278 [    train.py:  237]:	Precision 0.539 Recall 0.527 F1 0.533
[INFO] 2022-10-02 17:28:14,779 [    train.py:  185]:	Epoch 71: 
[INFO] 2022-10-02 17:28:14,780 [    train.py:  186]:	Train:
[INFO] 2022-10-02 17:28:14,785 [    train.py:  198]:	Loss 0.0336, ('Ner Loss', 0.03241531178355217),  ('CLS Classification Loss', 0.001165646594017744)
[INFO] 2022-10-02 17:28:14,786 [    train.py:  208]:	('Ner Acc', 0.999528706073761),  ('CLS Classification Acc', 0.9995409250259399)
[INFO] 2022-10-02 17:28:17,055 [    train.py:  220]:	Evaluate:
[INFO] 2022-10-02 17:28:17,056 [    train.py:  227]:	Loss 0.2154, ('Ner Loss', 0.024459982),  ('CLS Classification Loss', 0.19095573)
[INFO] 2022-10-02 17:28:17,056 [    train.py:  228]:	('Ner Acc', 0.99800664), ('CLS Classification Acc', 0.97787225)
[INFO] 2022-10-02 17:28:25,109 [    train.py:  237]:	Precision 0.541 Recall 0.543 F1 0.542
[INFO] 2022-10-02 17:29:04,711 [    train.py:  185]:	Epoch 72: 
[INFO] 2022-10-02 17:29:04,712 [    train.py:  186]:	Train:
[INFO] 2022-10-02 17:29:04,714 [    train.py:  198]:	Loss 0.0330, ('Ner Loss', 0.03198914974927902),  ('CLS Classification Loss', 0.0010281911818310618)
[INFO] 2022-10-02 17:29:04,714 [    train.py:  208]:	('Ner Acc', 0.9995604157447815),  ('CLS Classification Acc', 0.9996898174285889)
[INFO] 2022-10-02 17:29:06,974 [    train.py:  220]:	Evaluate:
[INFO] 2022-10-02 17:29:06,974 [    train.py:  227]:	Loss 0.2174, ('Ner Loss', 0.025109267),  ('CLS Classification Loss', 0.19226694)
[INFO] 2022-10-02 17:29:06,975 [    train.py:  228]:	('Ner Acc', 0.99790394), ('CLS Classification Acc', 0.97756755)
[INFO] 2022-10-02 17:29:15,359 [    train.py:  237]:	Precision 0.521 Recall 0.543 F1 0.532
[INFO] 2022-10-02 17:29:55,066 [    train.py:  185]:	Epoch 73: 
[INFO] 2022-10-02 17:29:55,067 [    train.py:  186]:	Train:
[INFO] 2022-10-02 17:29:55,072 [    train.py:  198]:	Loss 0.0321, ('Ner Loss', 0.03159199655056),  ('CLS Classification Loss', 0.000530242279637605)
[INFO] 2022-10-02 17:29:55,072 [    train.py:  208]:	('Ner Acc', 0.9996079802513123),  ('CLS Classification Acc', 0.9998511075973511)
[INFO] 2022-10-02 17:29:57,297 [    train.py:  220]:	Evaluate:
[INFO] 2022-10-02 17:29:57,298 [    train.py:  227]:	Loss 0.2060, ('Ner Loss', 0.02502475),  ('CLS Classification Loss', 0.18095522)
[INFO] 2022-10-02 17:29:57,298 [    train.py:  228]:	('Ner Acc', 0.99809116), ('CLS Classification Acc', 0.9789838)
[INFO] 2022-10-02 17:30:05,309 [    train.py:  237]:	Precision 0.563 Recall 0.527 F1 0.544
[INFO] 2022-10-02 17:30:44,717 [    train.py:  185]:	Epoch 74: 
[INFO] 2022-10-02 17:30:44,718 [    train.py:  186]:	Train:
[INFO] 2022-10-02 17:30:44,722 [    train.py:  198]:	Loss 0.0320, ('Ner Loss', 0.03136535733938217),  ('CLS Classification Loss', 0.0006556241423822939)
[INFO] 2022-10-02 17:30:44,722 [    train.py:  208]:	('Ner Acc', 0.9996122121810913),  ('CLS Classification Acc', 0.999813973903656)
[INFO] 2022-10-02 17:30:46,982 [    train.py:  220]:	Evaluate:
[INFO] 2022-10-02 17:30:46,983 [    train.py:  227]:	Loss 0.2335, ('Ner Loss', 0.027553057),  ('CLS Classification Loss', 0.2059901)
[INFO] 2022-10-02 17:30:46,983 [    train.py:  228]:	('Ner Acc', 0.99793255), ('CLS Classification Acc', 0.9751614)
[INFO] 2022-10-02 17:30:54,904 [    train.py:  237]:	Precision 0.537 Recall 0.503 F1 0.520
[INFO] 2022-10-02 17:31:34,712 [    train.py:  185]:	Epoch 75: 
[INFO] 2022-10-02 17:31:34,713 [    train.py:  186]:	Train:
[INFO] 2022-10-02 17:31:34,718 [    train.py:  198]:	Loss 0.0315, ('Ner Loss', 0.030963100492954254),  ('CLS Classification Loss', 0.0005245828069746494)
[INFO] 2022-10-02 17:31:34,718 [    train.py:  208]:	('Ner Acc', 0.9995858073234558),  ('CLS Classification Acc', 0.9998759627342224)
[INFO] 2022-10-02 17:31:36,972 [    train.py:  220]:	Evaluate:
[INFO] 2022-10-02 17:31:36,972 [    train.py:  227]:	Loss 0.2343, ('Ner Loss', 0.02884156),  ('CLS Classification Loss', 0.20546058)
[INFO] 2022-10-02 17:31:36,973 [    train.py:  228]:	('Ner Acc', 0.9980313), ('CLS Classification Acc', 0.9759838)
[INFO] 2022-10-02 17:31:45,022 [    train.py:  237]:	Precision 0.556 Recall 0.504 F1 0.529
[INFO] 2022-10-02 17:32:24,599 [    train.py:  185]:	Epoch 76: 
[INFO] 2022-10-02 17:32:24,600 [    train.py:  186]:	Train:
[INFO] 2022-10-02 17:32:24,603 [    train.py:  198]:	Loss 0.0316, ('Ner Loss', 0.030758073553442955),  ('CLS Classification Loss', 0.0008571193902753294)
[INFO] 2022-10-02 17:32:24,603 [    train.py:  208]:	('Ner Acc', 0.9996250867843628),  ('CLS Classification Acc', 0.9997767806053162)
[INFO] 2022-10-02 17:32:26,807 [    train.py:  220]:	Evaluate:
[INFO] 2022-10-02 17:32:26,808 [    train.py:  227]:	Loss 0.2291, ('Ner Loss', 0.026891235),  ('CLS Classification Loss', 0.20221293)
[INFO] 2022-10-02 17:32:26,808 [    train.py:  228]:	('Ner Acc', 0.99799687), ('CLS Classification Acc', 0.97820723)
[INFO] 2022-10-02 17:32:34,926 [    train.py:  237]:	Precision 0.537 Recall 0.537 F1 0.537
[INFO] 2022-10-02 17:33:14,652 [    train.py:  185]:	Epoch 77: 
[INFO] 2022-10-02 17:33:14,652 [    train.py:  186]:	Train:
[INFO] 2022-10-02 17:33:14,654 [    train.py:  198]:	Loss 0.0306, ('Ner Loss', 0.030311955139040947),  ('CLS Classification Loss', 0.0002658359007909894)
[INFO] 2022-10-02 17:33:14,654 [    train.py:  208]:	('Ner Acc', 0.9996122121810913),  ('CLS Classification Acc', 0.9998759627342224)
[INFO] 2022-10-02 17:33:16,900 [    train.py:  220]:	Evaluate:
[INFO] 2022-10-02 17:33:16,901 [    train.py:  227]:	Loss 0.2413, ('Ner Loss', 0.027390972),  ('CLS Classification Loss', 0.21387143)
[INFO] 2022-10-02 17:33:16,901 [    train.py:  228]:	('Ner Acc', 0.9980224), ('CLS Classification Acc', 0.9778874)
[INFO] 2022-10-02 17:33:24,998 [    train.py:  237]:	Precision 0.548 Recall 0.521 F1 0.534
[INFO] 2022-10-02 17:34:05,031 [    train.py:  185]:	Epoch 78: 
[INFO] 2022-10-02 17:34:05,031 [    train.py:  186]:	Train:
[INFO] 2022-10-02 17:34:05,034 [    train.py:  198]:	Loss 0.0301, ('Ner Loss', 0.029911106452345848),  ('CLS Classification Loss', 0.0002339309867238626)
[INFO] 2022-10-02 17:34:05,034 [    train.py:  208]:	('Ner Acc', 0.9996315836906433),  ('CLS Classification Acc', 0.9999502897262573)
[INFO] 2022-10-02 17:34:07,259 [    train.py:  220]:	Evaluate:
[INFO] 2022-10-02 17:34:07,259 [    train.py:  227]:	Loss 0.2514, ('Ner Loss', 0.028641239),  ('CLS Classification Loss', 0.22276692)
[INFO] 2022-10-02 17:34:07,260 [    train.py:  228]:	('Ner Acc', 0.9980071), ('CLS Classification Acc', 0.9771869)
[INFO] 2022-10-02 17:34:15,229 [    train.py:  237]:	Precision 0.539 Recall 0.528 F1 0.533
[INFO] 2022-10-02 17:34:55,027 [    train.py:  185]:	Epoch 79: 
[INFO] 2022-10-02 17:34:55,028 [    train.py:  186]:	Train:
[INFO] 2022-10-02 17:34:55,033 [    train.py:  198]:	Loss 0.0298, ('Ner Loss', 0.029661664739251137),  ('CLS Classification Loss', 0.000132146873511374)
[INFO] 2022-10-02 17:34:55,033 [    train.py:  208]:	('Ner Acc', 0.9996515512466431),  ('CLS Classification Acc', 0.9999504089355469)
[INFO] 2022-10-02 17:34:57,289 [    train.py:  220]:	Evaluate:
[INFO] 2022-10-02 17:34:57,290 [    train.py:  227]:	Loss 0.2436, ('Ner Loss', 0.028909486),  ('CLS Classification Loss', 0.21467865)
[INFO] 2022-10-02 17:34:57,290 [    train.py:  228]:	('Ner Acc', 0.9980539), ('CLS Classification Acc', 0.97756755)
[INFO] 2022-10-02 17:35:05,432 [    train.py:  237]:	Precision 0.538 Recall 0.518 F1 0.528
[INFO] 2022-10-02 17:35:45,231 [    train.py:  185]:	Epoch 80: 
[INFO] 2022-10-02 17:35:45,231 [    train.py:  186]:	Train:
[INFO] 2022-10-02 17:35:45,239 [    train.py:  198]:	Loss 0.0295, ('Ner Loss', 0.029434122145175934),  ('CLS Classification Loss', 7.326477498281747e-05)
[INFO] 2022-10-02 17:35:45,239 [    train.py:  208]:	('Ner Acc', 0.9996441602706909),  ('CLS Classification Acc', 0.9999751448631287)
[INFO] 2022-10-02 17:35:47,480 [    train.py:  220]:	Evaluate:
[INFO] 2022-10-02 17:35:47,480 [    train.py:  227]:	Loss 0.2489, ('Ner Loss', 0.029425887),  ('CLS Classification Loss', 0.21943954)
[INFO] 2022-10-02 17:35:47,480 [    train.py:  228]:	('Ner Acc', 0.9980222), ('CLS Classification Acc', 0.97747624)
[INFO] 2022-10-02 17:35:55,597 [    train.py:  237]:	Precision 0.537 Recall 0.523 F1 0.530
[INFO] 2022-10-02 17:36:35,268 [    train.py:  185]:	Epoch 81: 
[INFO] 2022-10-02 17:36:35,268 [    train.py:  186]:	Train:
[INFO] 2022-10-02 17:36:35,274 [    train.py:  198]:	Loss 0.0293, ('Ner Loss', 0.029197582975029945),  ('CLS Classification Loss', 0.0001065764226950705)
[INFO] 2022-10-02 17:36:35,274 [    train.py:  208]:	('Ner Acc', 0.9996306300163269),  ('CLS Classification Acc', 0.9999751448631287)
[INFO] 2022-10-02 17:36:37,516 [    train.py:  220]:	Evaluate:
[INFO] 2022-10-02 17:36:37,517 [    train.py:  227]:	Loss 0.2689, ('Ner Loss', 0.031074615),  ('CLS Classification Loss', 0.23779763)
[INFO] 2022-10-02 17:36:37,517 [    train.py:  228]:	('Ner Acc', 0.99802065), ('CLS Classification Acc', 0.9766539)
[INFO] 2022-10-02 17:36:45,953 [    train.py:  237]:	Precision 0.556 Recall 0.508 F1 0.531
[INFO] 2022-10-02 17:37:25,503 [    train.py:  185]:	Epoch 82: 
[INFO] 2022-10-02 17:37:25,503 [    train.py:  186]:	Train:
[INFO] 2022-10-02 17:37:25,506 [    train.py:  198]:	Loss 0.0290, ('Ner Loss', 0.028882574290037155),  ('CLS Classification Loss', 0.00010186554573010653)
[INFO] 2022-10-02 17:37:25,507 [    train.py:  208]:	('Ner Acc', 0.9996402263641357),  ('CLS Classification Acc', 0.9999751448631287)
[INFO] 2022-10-02 17:37:27,743 [    train.py:  220]:	Evaluate:
[INFO] 2022-10-02 17:37:27,744 [    train.py:  227]:	Loss 0.2587, ('Ner Loss', 0.030016674),  ('CLS Classification Loss', 0.2287091)
[INFO] 2022-10-02 17:37:27,744 [    train.py:  228]:	('Ner Acc', 0.9980218), ('CLS Classification Acc', 0.9780093)
[INFO] 2022-10-02 17:37:36,154 [    train.py:  237]:	Precision 0.553 Recall 0.515 F1 0.533
[INFO] 2022-10-02 17:38:15,784 [    train.py:  185]:	Epoch 83: 
[INFO] 2022-10-02 17:38:15,784 [    train.py:  186]:	Train:
[INFO] 2022-10-02 17:38:15,788 [    train.py:  198]:	Loss 0.0290, ('Ner Loss', 0.028700947761535645),  ('CLS Classification Loss', 0.0003467454807832837)
[INFO] 2022-10-02 17:38:15,788 [    train.py:  208]:	('Ner Acc', 0.9996199607849121),  ('CLS Classification Acc', 0.9999006986618042)
[INFO] 2022-10-02 17:38:18,001 [    train.py:  220]:	Evaluate:
[INFO] 2022-10-02 17:38:18,002 [    train.py:  227]:	Loss 0.2691, ('Ner Loss', 0.030180225),  ('CLS Classification Loss', 0.23896052)
[INFO] 2022-10-02 17:38:18,002 [    train.py:  228]:	('Ner Acc', 0.99798906), ('CLS Classification Acc', 0.9759077)
[INFO] 2022-10-02 17:38:25,996 [    train.py:  237]:	Precision 0.544 Recall 0.478 F1 0.509
[INFO] 2022-10-02 17:39:05,570 [    train.py:  185]:	Epoch 84: 
[INFO] 2022-10-02 17:39:05,570 [    train.py:  186]:	Train:
[INFO] 2022-10-02 17:39:05,573 [    train.py:  198]:	Loss 0.0299, ('Ner Loss', 0.02866772934794426),  ('CLS Classification Loss', 0.001259661978110671)
[INFO] 2022-10-02 17:39:05,573 [    train.py:  208]:	('Ner Acc', 0.9995870590209961),  ('CLS Classification Acc', 0.9996650815010071)
[INFO] 2022-10-02 17:39:07,787 [    train.py:  220]:	Evaluate:
[INFO] 2022-10-02 17:39:07,788 [    train.py:  227]:	Loss 0.2279, ('Ner Loss', 0.028252956),  ('CLS Classification Loss', 0.19960165)
[INFO] 2022-10-02 17:39:07,788 [    train.py:  228]:	('Ner Acc', 0.99803734), ('CLS Classification Acc', 0.97808534)
[INFO] 2022-10-02 17:39:15,796 [    train.py:  237]:	Precision 0.550 Recall 0.505 F1 0.527
[INFO] 2022-10-02 17:39:55,439 [    train.py:  185]:	Epoch 85: 
[INFO] 2022-10-02 17:39:55,440 [    train.py:  186]:	Train:
[INFO] 2022-10-02 17:39:55,443 [    train.py:  198]:	Loss 0.0328, ('Ner Loss', 0.02853679656982422),  ('CLS Classification Loss', 0.00423395587131381)
[INFO] 2022-10-02 17:39:55,443 [    train.py:  208]:	('Ner Acc', 0.9995322227478027),  ('CLS Classification Acc', 0.9989951252937317)
[INFO] 2022-10-02 17:39:57,664 [    train.py:  220]:	Evaluate:
[INFO] 2022-10-02 17:39:57,664 [    train.py:  227]:	Loss 0.1926, ('Ner Loss', 0.022657355),  ('CLS Classification Loss', 0.16994959)
[INFO] 2022-10-02 17:39:57,664 [    train.py:  228]:	('Ner Acc', 0.99799037), ('CLS Classification Acc', 0.97683656)
[INFO] 2022-10-02 17:40:05,680 [    train.py:  237]:	Precision 0.587 Recall 0.489 F1 0.534
[INFO] 2022-10-02 17:40:45,234 [    train.py:  185]:	Epoch 86: 
[INFO] 2022-10-02 17:40:45,235 [    train.py:  186]:	Train:
[INFO] 2022-10-02 17:40:45,242 [    train.py:  198]:	Loss 0.0333, ('Ner Loss', 0.028651824221014977),  ('CLS Classification Loss', 0.004616794642060995)
[INFO] 2022-10-02 17:40:45,242 [    train.py:  208]:	('Ner Acc', 0.9994059801101685),  ('CLS Classification Acc', 0.9986852407455444)
[INFO] 2022-10-02 17:40:47,461 [    train.py:  220]:	Evaluate:
[INFO] 2022-10-02 17:40:47,461 [    train.py:  227]:	Loss 0.1787, ('Ner Loss', 0.022135094),  ('CLS Classification Loss', 0.15657932)
[INFO] 2022-10-02 17:40:47,461 [    train.py:  228]:	('Ner Acc', 0.9980727), ('CLS Classification Acc', 0.97673005)
[INFO] 2022-10-02 17:40:55,415 [    train.py:  237]:	Precision 0.542 Recall 0.540 F1 0.541
[INFO] 2022-10-02 17:41:35,009 [    train.py:  185]:	Epoch 87: 
[INFO] 2022-10-02 17:41:35,010 [    train.py:  186]:	Train:
[INFO] 2022-10-02 17:41:35,015 [    train.py:  198]:	Loss 0.0290, ('Ner Loss', 0.02803533338010311),  ('CLS Classification Loss', 0.0009402509313076735)
[INFO] 2022-10-02 17:41:35,015 [    train.py:  208]:	('Ner Acc', 0.9995156526565552),  ('CLS Classification Acc', 0.9997891187667847)
[INFO] 2022-10-02 17:41:37,264 [    train.py:  220]:	Evaluate:
[INFO] 2022-10-02 17:41:37,265 [    train.py:  227]:	Loss 0.1965, ('Ner Loss', 0.022930471),  ('CLS Classification Loss', 0.17356166)
[INFO] 2022-10-02 17:41:37,265 [    train.py:  228]:	('Ner Acc', 0.99789697), ('CLS Classification Acc', 0.9773392)
[INFO] 2022-10-02 17:41:45,340 [    train.py:  237]:	Precision 0.532 Recall 0.544 F1 0.538
[INFO] 2022-10-02 17:42:25,010 [    train.py:  185]:	Epoch 88: 
[INFO] 2022-10-02 17:42:25,011 [    train.py:  186]:	Train:
[INFO] 2022-10-02 17:42:25,013 [    train.py:  198]:	Loss 0.0277, ('Ner Loss', 0.027508756145834923),  ('CLS Classification Loss', 0.000182396310265176)
[INFO] 2022-10-02 17:42:25,014 [    train.py:  208]:	('Ner Acc', 0.9996224641799927),  ('CLS Classification Acc', 0.9999627470970154)
[INFO] 2022-10-02 17:42:27,255 [    train.py:  220]:	Evaluate:
[INFO] 2022-10-02 17:42:27,255 [    train.py:  227]:	Loss 0.2098, ('Ner Loss', 0.024731532),  ('CLS Classification Loss', 0.18508373)
[INFO] 2022-10-02 17:42:27,255 [    train.py:  228]:	('Ner Acc', 0.9980168), ('CLS Classification Acc', 0.97813106)
[INFO] 2022-10-02 17:42:35,380 [    train.py:  237]:	Precision 0.573 Recall 0.528 F1 0.550
[INFO] 2022-10-02 17:43:15,528 [    train.py:  185]:	Epoch 89: 
[INFO] 2022-10-02 17:43:15,528 [    train.py:  186]:	Train:
[INFO] 2022-10-02 17:43:15,532 [    train.py:  198]:	Loss 0.0279, ('Ner Loss', 0.02727653831243515),  ('CLS Classification Loss', 0.0006467895000241697)
[INFO] 2022-10-02 17:43:15,532 [    train.py:  208]:	('Ner Acc', 0.9996044635772705),  ('CLS Classification Acc', 0.9998509287834167)
[INFO] 2022-10-02 17:43:17,730 [    train.py:  220]:	Evaluate:
[INFO] 2022-10-02 17:43:17,731 [    train.py:  227]:	Loss 0.2003, ('Ner Loss', 0.025391722),  ('CLS Classification Loss', 0.1748868)
[INFO] 2022-10-02 17:43:17,731 [    train.py:  228]:	('Ner Acc', 0.9981271), ('CLS Classification Acc', 0.97901446)
[INFO] 2022-10-02 17:43:25,661 [    train.py:  237]:	Precision 0.595 Recall 0.531 F1 0.562
[INFO] 2022-10-02 17:44:05,335 [    train.py:  185]:	Epoch 90: 
[INFO] 2022-10-02 17:44:05,335 [    train.py:  186]:	Train:
[INFO] 2022-10-02 17:44:05,339 [    train.py:  198]:	Loss 0.0276, ('Ner Loss', 0.0270091462880373),  ('CLS Classification Loss', 0.0006209719576872885)
[INFO] 2022-10-02 17:44:05,339 [    train.py:  208]:	('Ner Acc', 0.9996097087860107),  ('CLS Classification Acc', 0.9997765421867371)
[INFO] 2022-10-02 17:44:07,575 [    train.py:  220]:	Evaluate:
[INFO] 2022-10-02 17:44:07,575 [    train.py:  227]:	Loss 0.2101, ('Ner Loss', 0.02557131),  ('CLS Classification Loss', 0.18450488)
[INFO] 2022-10-02 17:44:07,576 [    train.py:  228]:	('Ner Acc', 0.998161), ('CLS Classification Acc', 0.97907525)
[INFO] 2022-10-02 17:44:15,487 [    train.py:  237]:	Precision 0.595 Recall 0.501 F1 0.544
[INFO] 2022-10-02 17:44:55,027 [    train.py:  185]:	Epoch 91: 
[INFO] 2022-10-02 17:44:55,028 [    train.py:  186]:	Train:
[INFO] 2022-10-02 17:44:55,033 [    train.py:  198]:	Loss 0.0274, ('Ner Loss', 0.026659665629267693),  ('CLS Classification Loss', 0.0007773831603117287)
[INFO] 2022-10-02 17:44:55,034 [    train.py:  208]:	('Ner Acc', 0.9996079802513123),  ('CLS Classification Acc', 0.9998387098312378)
[INFO] 2022-10-02 17:44:57,263 [    train.py:  220]:	Evaluate:
[INFO] 2022-10-02 17:44:57,264 [    train.py:  227]:	Loss 0.2081, ('Ner Loss', 0.024925057),  ('CLS Classification Loss', 0.18313894)
[INFO] 2022-10-02 17:44:57,264 [    train.py:  228]:	('Ner Acc', 0.99806744), ('CLS Classification Acc', 0.9788468)
[INFO] 2022-10-02 17:45:05,284 [    train.py:  237]:	Precision 0.566 Recall 0.536 F1 0.550
[INFO] 2022-10-02 17:45:44,961 [    train.py:  185]:	Epoch 92: 
[INFO] 2022-10-02 17:45:44,961 [    train.py:  186]:	Train:
[INFO] 2022-10-02 17:45:44,965 [    train.py:  198]:	Loss 0.0265, ('Ner Loss', 0.026323722675442696),  ('CLS Classification Loss', 0.00013093516463413835)
[INFO] 2022-10-02 17:45:44,965 [    train.py:  208]:	('Ner Acc', 0.9996498227119446),  ('CLS Classification Acc', 0.9999502897262573)
[INFO] 2022-10-02 17:45:47,206 [    train.py:  220]:	Evaluate:
[INFO] 2022-10-02 17:45:47,207 [    train.py:  227]:	Loss 0.2250, ('Ner Loss', 0.026892085),  ('CLS Classification Loss', 0.1981191)
[INFO] 2022-10-02 17:45:47,207 [    train.py:  228]:	('Ner Acc', 0.998057), ('CLS Classification Acc', 0.97930366)
[INFO] 2022-10-02 17:45:55,109 [    train.py:  237]:	Precision 0.574 Recall 0.538 F1 0.556
[INFO] 2022-10-02 17:46:34,553 [    train.py:  185]:	Epoch 93: 
[INFO] 2022-10-02 17:46:34,553 [    train.py:  186]:	Train:
[INFO] 2022-10-02 17:46:34,558 [    train.py:  198]:	Loss 0.0262, ('Ner Loss', 0.02613808959722519),  ('CLS Classification Loss', 6.433843373088166e-05)
[INFO] 2022-10-02 17:46:34,559 [    train.py:  208]:	('Ner Acc', 0.9996263980865479),  ('CLS Classification Acc', 0.9999876022338867)
[INFO] 2022-10-02 17:46:36,783 [    train.py:  220]:	Evaluate:
[INFO] 2022-10-02 17:46:36,784 [    train.py:  227]:	Loss 0.2291, ('Ner Loss', 0.026944),  ('CLS Classification Loss', 0.20212664)
[INFO] 2022-10-02 17:46:36,784 [    train.py:  228]:	('Ner Acc', 0.9980758), ('CLS Classification Acc', 0.9790296)
[INFO] 2022-10-02 17:46:44,818 [    train.py:  237]:	Precision 0.576 Recall 0.529 F1 0.552
[INFO] 2022-10-02 17:47:24,535 [    train.py:  185]:	Epoch 94: 
[INFO] 2022-10-02 17:47:24,535 [    train.py:  186]:	Train:
[INFO] 2022-10-02 17:47:24,537 [    train.py:  198]:	Loss 0.0261, ('Ner Loss', 0.025885075330734253),  ('CLS Classification Loss', 0.0002207649522460997)
[INFO] 2022-10-02 17:47:24,538 [    train.py:  208]:	('Ner Acc', 0.9996576309204102),  ('CLS Classification Acc', 0.9998883008956909)
[INFO] 2022-10-02 17:47:26,813 [    train.py:  220]:	Evaluate:
[INFO] 2022-10-02 17:47:26,814 [    train.py:  227]:	Loss 0.2377, ('Ner Loss', 0.027462322),  ('CLS Classification Loss', 0.21019663)
[INFO] 2022-10-02 17:47:26,814 [    train.py:  228]:	('Ner Acc', 0.9981138), ('CLS Classification Acc', 0.9788925)
[INFO] 2022-10-02 17:47:35,324 [    train.py:  237]:	Precision 0.600 Recall 0.511 F1 0.552
[INFO] 2022-10-02 17:48:14,970 [    train.py:  185]:	Epoch 95: 
[INFO] 2022-10-02 17:48:14,971 [    train.py:  186]:	Train:
[INFO] 2022-10-02 17:48:14,976 [    train.py:  198]:	Loss 0.0259, ('Ner Loss', 0.025700226426124573),  ('CLS Classification Loss', 0.00020193673844914883)
[INFO] 2022-10-02 17:48:14,976 [    train.py:  208]:	('Ner Acc', 0.9996501207351685),  ('CLS Classification Acc', 0.9999006986618042)
[INFO] 2022-10-02 17:48:17,185 [    train.py:  220]:	Evaluate:
[INFO] 2022-10-02 17:48:17,186 [    train.py:  227]:	Loss 0.2475, ('Ner Loss', 0.027829763),  ('CLS Classification Loss', 0.21969575)
[INFO] 2022-10-02 17:48:17,186 [    train.py:  228]:	('Ner Acc', 0.9980196), ('CLS Classification Acc', 0.9783291)
[INFO] 2022-10-02 17:48:25,122 [    train.py:  237]:	Precision 0.573 Recall 0.516 F1 0.543
[INFO] 2022-10-02 17:49:04,452 [    train.py:  185]:	Epoch 96: 
[INFO] 2022-10-02 17:49:04,452 [    train.py:  186]:	Train:
[INFO] 2022-10-02 17:49:04,458 [    train.py:  198]:	Loss 0.0259, ('Ner Loss', 0.025484690442681313),  ('CLS Classification Loss', 0.000392910442315042)
[INFO] 2022-10-02 17:49:04,458 [    train.py:  208]:	('Ner Acc', 0.9996533989906311),  ('CLS Classification Acc', 0.999925434589386)
[INFO] 2022-10-02 17:49:06,687 [    train.py:  220]:	Evaluate:
[INFO] 2022-10-02 17:49:06,687 [    train.py:  227]:	Loss 0.2479, ('Ner Loss', 0.027822658),  ('CLS Classification Loss', 0.22011423)
[INFO] 2022-10-02 17:49:06,688 [    train.py:  228]:	('Ner Acc', 0.99791986), ('CLS Classification Acc', 0.9765167)
[INFO] 2022-10-02 17:49:14,618 [    train.py:  237]:	Precision 0.543 Recall 0.528 F1 0.535
[INFO] 2022-10-02 17:49:54,309 [    train.py:  185]:	Epoch 97: 
[INFO] 2022-10-02 17:49:54,309 [    train.py:  186]:	Train:
[INFO] 2022-10-02 17:49:54,312 [    train.py:  198]:	Loss 0.0257, ('Ner Loss', 0.025123924016952515),  ('CLS Classification Loss', 0.0005311580025590956)
[INFO] 2022-10-02 17:49:54,313 [    train.py:  208]:	('Ner Acc', 0.9996587634086609),  ('CLS Classification Acc', 0.9998388290405273)
[INFO] 2022-10-02 17:49:56,552 [    train.py:  220]:	Evaluate:
[INFO] 2022-10-02 17:49:56,552 [    train.py:  227]:	Loss 0.2352, ('Ner Loss', 0.02851554),  ('CLS Classification Loss', 0.20667915)
[INFO] 2022-10-02 17:49:56,552 [    train.py:  228]:	('Ner Acc', 0.997952), ('CLS Classification Acc', 0.97771984)
[INFO] 2022-10-02 17:50:04,715 [    train.py:  237]:	Precision 0.553 Recall 0.534 F1 0.543
[INFO] 2022-10-02 17:50:44,368 [    train.py:  185]:	Epoch 98: 
[INFO] 2022-10-02 17:50:44,369 [    train.py:  186]:	Train:
[INFO] 2022-10-02 17:50:44,371 [    train.py:  198]:	Loss 0.0259, ('Ner Loss', 0.024977734312415123),  ('CLS Classification Loss', 0.0009089817758649588)
[INFO] 2022-10-02 17:50:44,371 [    train.py:  208]:	('Ner Acc', 0.9996989369392395),  ('CLS Classification Acc', 0.9997766613960266)
[INFO] 2022-10-02 17:50:46,603 [    train.py:  220]:	Evaluate:
[INFO] 2022-10-02 17:50:46,603 [    train.py:  227]:	Loss 0.2238, ('Ner Loss', 0.02831796),  ('CLS Classification Loss', 0.19549178)
[INFO] 2022-10-02 17:50:46,603 [    train.py:  228]:	('Ner Acc', 0.9978758), ('CLS Classification Acc', 0.97654724)
[INFO] 2022-10-02 17:50:54,995 [    train.py:  237]:	Precision 0.532 Recall 0.525 F1 0.529
[INFO] 2022-10-02 17:51:34,574 [    train.py:  185]:	Epoch 99: 
[INFO] 2022-10-02 17:51:34,575 [    train.py:  186]:	Train:
[INFO] 2022-10-02 17:51:34,577 [    train.py:  198]:	Loss 0.0253, ('Ner Loss', 0.024729963392019272),  ('CLS Classification Loss', 0.0005293299327604473)
[INFO] 2022-10-02 17:51:34,577 [    train.py:  208]:	('Ner Acc', 0.9996877312660217),  ('CLS Classification Acc', 0.9998635649681091)
[INFO] 2022-10-02 17:51:36,798 [    train.py:  220]:	Evaluate:
[INFO] 2022-10-02 17:51:36,799 [    train.py:  227]:	Loss 0.2102, ('Ner Loss', 0.02670863),  ('CLS Classification Loss', 0.18351719)
[INFO] 2022-10-02 17:51:36,799 [    train.py:  228]:	('Ner Acc', 0.99793506), ('CLS Classification Acc', 0.9776438)
[INFO] 2022-10-02 17:51:44,867 [    train.py:  237]:	Precision 0.538 Recall 0.549 F1 0.544
[INFO] 2022-10-02 17:52:24,406 [    train.py:  185]:	Epoch 100: 
[INFO] 2022-10-02 17:52:24,407 [    train.py:  186]:	Train:
[INFO] 2022-10-02 17:52:24,411 [    train.py:  198]:	Loss 0.0261, ('Ner Loss', 0.024687418714165688),  ('CLS Classification Loss', 0.0014187279157340527)
[INFO] 2022-10-02 17:52:24,411 [    train.py:  208]:	('Ner Acc', 0.9996302723884583),  ('CLS Classification Acc', 0.9996153712272644)
[INFO] 2022-10-02 17:52:26,641 [    train.py:  220]:	Evaluate:
[INFO] 2022-10-02 17:52:26,642 [    train.py:  227]:	Loss 0.2486, ('Ner Loss', 0.030039988),  ('CLS Classification Loss', 0.21857966)
[INFO] 2022-10-02 17:52:26,642 [    train.py:  228]:	('Ner Acc', 0.99765545), ('CLS Classification Acc', 0.9735014)
[INFO] 2022-10-02 17:52:34,698 [    train.py:  237]:	Precision 0.503 Recall 0.525 F1 0.514
[INFO] 2022-10-02 17:52:34,698 [    train.py:  257]:	Best Epoch 89; Best f1 0.5616010006253908 precision 0.5954907161803713 recall 0.5313609467455621;
