[INFO] 2022-10-05 02:20:01,152 [    train.py:  524]:	Namespace(block_att_head_num=1, cased=0, d_block=0, data_aug=2, dataset='res15', decay_rate=0.9, decay_steps=2000, do_test=True, do_train=True, do_valid=True, drop_null_data=True, dropout_rate=0.3, epochs=200, extra_attention=True, fuse_strategy='gate', hot_attention=True, init_model_dir='', language='en', loss_ratio=1.0, lr=2e-05, mask_sb=True, model_type='end_to_end', output_dir='./output', save_dir='', schema='BIO', task_name='ttee_res15_200epoch_0d_2aug_2e-5lr_2000_0.9_0cased_gate_0.3dropout_dropnull_hot_att_1loss_BIO', test_batch_size=32, train_batch_size=16, valid_freq=1)
[INFO] 2022-10-05 02:20:12,471 [    train.py:  123]:	{'init_bert_model': 'bert-base-uncased', 'sentence_b': DictWrapper({'texts': ListWrapper(['general of ambience', 'price of drinks', 'quality of drinks', 'style options of drinks', 'prices of food', 'quality of food', 'style options of food', 'general of location', 'general of restaurant', 'miscellaneous of restaurant', 'prices of restaurant', 'general of service']), 'sentiments': ListWrapper(['negative', 'neutral', 'positive'])}), 'num_sentiment_classes': 3, 'subblock_hidden_size': 0, 'subblock_head_num': 1, 'cache_dir': 'bert_models/bert-base-uncased', 'fuse_strategy': 'gate', 'tagging_schema': 'BIO', 'extra_attention': True, 'hot_attention': True, 'dropout': 0.3, 'loss_ratio': 1.0}
[INFO] 2022-10-05 02:20:12,472 [    train.py:  125]:	Number of Train Sentence: 1120
[INFO] 2022-10-05 02:20:12,481 [    train.py:  541]:	Data augment: Merge 2 train data together
[INFO] 2022-10-05 02:21:25,509 [    train.py:  217]:	Epoch 1 Train: Loss 0.3727, ('Ner Loss', 0.12371943145990372),  ('CLS Classification Loss', 0.2489728182554245), ('Ner Acc', 0.9784480333328247),  ('CLS Classification Acc', 0.9344123005867004)
[INFO] 2022-10-05 02:21:31,018 [    train.py:  237]:	Epoch 1 Valid: Loss 0.1667, ('Ner Loss', 0.0231949),  ('CLS Classification Loss', 0.14351095), ('Ner Acc', 0.9971178),  ('CLS Classification Acc', 0.962567)
[INFO] 2022-10-05 02:21:42,854 [    train.py:  246]:	Epoch 1 Test: Precision 0.000 Recall 0.000 F1 0.000
[INFO] 2022-10-05 02:22:26,289 [    train.py:  217]:	Epoch 2 Train: Loss 0.2757, ('Ner Loss', 0.08480282872915268),  ('CLS Classification Loss', 0.19089198112487793), ('Ner Acc', 0.9913704991340637),  ('CLS Classification Acc', 0.9342136979103088)
[INFO] 2022-10-05 02:22:28,839 [    train.py:  237]:	Epoch 2 Valid: Loss 0.1555, ('Ner Loss', 0.018594816),  ('CLS Classification Loss', 0.13695358), ('Ner Acc', 0.9971178),  ('CLS Classification Acc', 0.9627041)
[INFO] 2022-10-05 02:22:37,193 [    train.py:  246]:	Epoch 2 Test: Precision 0.022 Recall 0.002 F1 0.004
[INFO] 2022-10-05 02:23:20,500 [    train.py:  217]:	Epoch 3 Train: Loss 0.2604, ('Ner Loss', 0.07998064160346985),  ('CLS Classification Loss', 0.18044738471508026), ('Ner Acc', 0.9912147521972656),  ('CLS Classification Acc', 0.937289297580719)
[INFO] 2022-10-05 02:23:23,019 [    train.py:  237]:	Epoch 3 Valid: Loss 0.1477, ('Ner Loss', 0.015588758),  ('CLS Classification Loss', 0.13213901), ('Ner Acc', 0.9971178),  ('CLS Classification Acc', 0.9626431)
[INFO] 2022-10-05 02:23:31,614 [    train.py:  246]:	Epoch 3 Test: Precision 0.048 Recall 0.009 F1 0.016
[INFO] 2022-10-05 02:24:14,755 [    train.py:  217]:	Epoch 4 Train: Loss 0.2480, ('Ner Loss', 0.07664277404546738),  ('CLS Classification Loss', 0.17134574055671692), ('Ner Acc', 0.991104245185852),  ('CLS Classification Acc', 0.9410839676856995)
[INFO] 2022-10-05 02:24:17,292 [    train.py:  237]:	Epoch 4 Valid: Loss 0.1445, ('Ner Loss', 0.013507369),  ('CLS Classification Loss', 0.13095753), ('Ner Acc', 0.99728054),  ('CLS Classification Acc', 0.96246046)
[INFO] 2022-10-05 02:24:25,774 [    train.py:  246]:	Epoch 4 Test: Precision 0.170 Recall 0.057 F1 0.085
[INFO] 2022-10-05 02:25:09,146 [    train.py:  217]:	Epoch 5 Train: Loss 0.2403, ('Ner Loss', 0.07422398030757904),  ('CLS Classification Loss', 0.16605596244335175), ('Ner Acc', 0.9912088513374329),  ('CLS Classification Acc', 0.9434523582458496)
[INFO] 2022-10-05 02:25:11,665 [    train.py:  237]:	Epoch 5 Valid: Loss 0.1393, ('Ner Loss', 0.013291042),  ('CLS Classification Loss', 0.12603202), ('Ner Acc', 0.9972561),  ('CLS Classification Acc', 0.9648057)
[INFO] 2022-10-05 02:25:20,236 [    train.py:  246]:	Epoch 5 Test: Precision 0.274 Recall 0.027 F1 0.050
[INFO] 2022-10-05 02:26:03,923 [    train.py:  217]:	Epoch 6 Train: Loss 0.2303, ('Ner Loss', 0.07237908244132996),  ('CLS Classification Loss', 0.15787644684314728), ('Ner Acc', 0.9910511374473572),  ('CLS Classification Acc', 0.9453747272491455)
[INFO] 2022-10-05 02:26:06,457 [    train.py:  237]:	Epoch 6 Valid: Loss 0.1315, ('Ner Loss', 0.011914858),  ('CLS Classification Loss', 0.11962774), ('Ner Acc', 0.9974211),  ('CLS Classification Acc', 0.96539956)
[INFO] 2022-10-05 02:26:14,828 [    train.py:  246]:	Epoch 6 Test: Precision 0.351 Recall 0.108 F1 0.165
[INFO] 2022-10-05 02:26:58,624 [    train.py:  217]:	Epoch 7 Train: Loss 0.2171, ('Ner Loss', 0.07073397934436798),  ('CLS Classification Loss', 0.14638261497020721), ('Ner Acc', 0.9911683201789856),  ('CLS Classification Acc', 0.9482144117355347)
[INFO] 2022-10-05 02:27:01,192 [    train.py:  237]:	Epoch 7 Valid: Loss 0.1234, ('Ner Loss', 0.011276804),  ('CLS Classification Loss', 0.11214801), ('Ner Acc', 0.99745226),  ('CLS Classification Acc', 0.9642878)
[INFO] 2022-10-05 02:27:09,677 [    train.py:  246]:	Epoch 7 Test: Precision 0.292 Recall 0.137 F1 0.187
[INFO] 2022-10-05 02:27:53,136 [    train.py:  217]:	Epoch 8 Train: Loss 0.2030, ('Ner Loss', 0.06901035457849503),  ('CLS Classification Loss', 0.13401223719120026), ('Ner Acc', 0.9913195967674255),  ('CLS Classification Acc', 0.9506697654724121)
[INFO] 2022-10-05 02:27:55,660 [    train.py:  237]:	Epoch 8 Valid: Loss 0.1213, ('Ner Loss', 0.010493509),  ('CLS Classification Loss', 0.11085341), ('Ner Acc', 0.997428),  ('CLS Classification Acc', 0.9620188)
[INFO] 2022-10-05 02:28:04,147 [    train.py:  246]:	Epoch 8 Test: Precision 0.258 Recall 0.176 F1 0.209
[INFO] 2022-10-05 02:28:47,314 [    train.py:  217]:	Epoch 9 Train: Loss 0.1941, ('Ner Loss', 0.06783752888441086),  ('CLS Classification Loss', 0.12626683712005615), ('Ner Acc', 0.9913709163665771),  ('CLS Classification Acc', 0.9525420069694519)
[INFO] 2022-10-05 02:28:49,847 [    train.py:  237]:	Epoch 9 Valid: Loss 0.1206, ('Ner Loss', 0.010227531),  ('CLS Classification Loss', 0.11034171), ('Ner Acc', 0.99735683),  ('CLS Classification Acc', 0.9586835)
[INFO] 2022-10-05 02:28:58,322 [    train.py:  246]:	Epoch 9 Test: Precision 0.228 Recall 0.230 F1 0.229
[INFO] 2022-10-05 02:29:41,674 [    train.py:  217]:	Epoch 10 Train: Loss 0.1858, ('Ner Loss', 0.06648712605237961),  ('CLS Classification Loss', 0.11935977637767792), ('Ner Acc', 0.9917925000190735),  ('CLS Classification Acc', 0.9543898701667786)
[INFO] 2022-10-05 02:29:44,178 [    train.py:  237]:	Epoch 10 Valid: Loss 0.1189, ('Ner Loss', 0.0100004645),  ('CLS Classification Loss', 0.10893714), ('Ner Acc', 0.99740237),  ('CLS Classification Acc', 0.9596584)
[INFO] 2022-10-05 02:29:52,677 [    train.py:  246]:	Epoch 10 Test: Precision 0.240 Recall 0.254 F1 0.247
[INFO] 2022-10-05 02:30:35,958 [    train.py:  217]:	Epoch 11 Train: Loss 0.1754, ('Ner Loss', 0.06492546945810318),  ('CLS Classification Loss', 0.11047431826591492), ('Ner Acc', 0.992558479309082),  ('CLS Classification Acc', 0.9568822383880615)
[INFO] 2022-10-05 02:30:38,472 [    train.py:  237]:	Epoch 11 Valid: Loss 0.1152, ('Ner Loss', 0.009709475),  ('CLS Classification Loss', 0.105456), ('Ner Acc', 0.9973378),  ('CLS Classification Acc', 0.96401376)
[INFO] 2022-10-05 02:30:46,923 [    train.py:  246]:	Epoch 11 Test: Precision 0.302 Recall 0.277 F1 0.289
[INFO] 2022-10-05 02:31:30,053 [    train.py:  217]:	Epoch 12 Train: Loss 0.1698, ('Ner Loss', 0.06410989910364151),  ('CLS Classification Loss', 0.10571067780256271), ('Ner Acc', 0.9926526546478271),  ('CLS Classification Acc', 0.9582216739654541)
[INFO] 2022-10-05 02:31:32,564 [    train.py:  237]:	Epoch 12 Valid: Loss 0.1236, ('Ner Loss', 0.0098377345),  ('CLS Classification Loss', 0.11371325), ('Ner Acc', 0.9971935),  ('CLS Classification Acc', 0.9608766)
[INFO] 2022-10-05 02:31:41,231 [    train.py:  246]:	Epoch 12 Test: Precision 0.264 Recall 0.305 F1 0.283
[INFO] 2022-10-05 02:32:24,355 [    train.py:  217]:	Epoch 13 Train: Loss 0.1635, ('Ner Loss', 0.06279853731393814),  ('CLS Classification Loss', 0.10074258595705032), ('Ner Acc', 0.9927708506584167),  ('CLS Classification Acc', 0.9602304697036743)
[INFO] 2022-10-05 02:32:26,862 [    train.py:  237]:	Epoch 13 Valid: Loss 0.1272, ('Ner Loss', 0.0098903375),  ('CLS Classification Loss', 0.11731256), ('Ner Acc', 0.99746716),  ('CLS Classification Acc', 0.9637397)
[INFO] 2022-10-05 02:32:35,329 [    train.py:  246]:	Epoch 13 Test: Precision 0.303 Recall 0.321 F1 0.312
[INFO] 2022-10-05 02:33:18,529 [    train.py:  217]:	Epoch 14 Train: Loss 0.1540, ('Ner Loss', 0.06213397905230522),  ('CLS Classification Loss', 0.09182335436344147), ('Ner Acc', 0.9928610920906067),  ('CLS Classification Acc', 0.9640998840332031)
[INFO] 2022-10-05 02:33:21,051 [    train.py:  237]:	Epoch 14 Valid: Loss 0.1178, ('Ner Loss', 0.009471742),  ('CLS Classification Loss', 0.10834064), ('Ner Acc', 0.9975536),  ('CLS Classification Acc', 0.96975505)
[INFO] 2022-10-05 02:33:29,629 [    train.py:  246]:	Epoch 14 Test: Precision 0.366 Recall 0.329 F1 0.346
[INFO] 2022-10-05 02:34:12,971 [    train.py:  217]:	Epoch 15 Train: Loss 0.1466, ('Ner Loss', 0.06110234931111336),  ('CLS Classification Loss', 0.08549663424491882), ('Ner Acc', 0.9929028153419495),  ('CLS Classification Acc', 0.9678573608398438)
[INFO] 2022-10-05 02:34:15,498 [    train.py:  237]:	Epoch 15 Valid: Loss 0.1265, ('Ner Loss', 0.009320207),  ('CLS Classification Loss', 0.11719535), ('Ner Acc', 0.9972848),  ('CLS Classification Acc', 0.9650188)
[INFO] 2022-10-05 02:34:23,895 [    train.py:  246]:	Epoch 15 Test: Precision 0.312 Recall 0.405 F1 0.353
[INFO] 2022-10-05 02:35:06,909 [    train.py:  217]:	Epoch 16 Train: Loss 0.1350, ('Ner Loss', 0.06009100377559662),  ('CLS Classification Loss', 0.07487978786230087), ('Ner Acc', 0.9929659366607666),  ('CLS Classification Acc', 0.9713168740272522)
[INFO] 2022-10-05 02:35:09,415 [    train.py:  237]:	Epoch 16 Valid: Loss 0.1154, ('Ner Loss', 0.009059607),  ('CLS Classification Loss', 0.10636872), ('Ner Acc', 0.9974923),  ('CLS Classification Acc', 0.97200894)
[INFO] 2022-10-05 02:35:17,858 [    train.py:  246]:	Epoch 16 Test: Precision 0.391 Recall 0.418 F1 0.404
[INFO] 2022-10-05 02:36:01,025 [    train.py:  217]:	Epoch 17 Train: Loss 0.1235, ('Ner Loss', 0.0591980405151844),  ('CLS Classification Loss', 0.06426489353179932), ('Ner Acc', 0.9930722713470459),  ('CLS Classification Acc', 0.9757441878318787)
[INFO] 2022-10-05 02:36:03,523 [    train.py:  237]:	Epoch 17 Valid: Loss 0.1301, ('Ner Loss', 0.009191086),  ('CLS Classification Loss', 0.12090492), ('Ner Acc', 0.9974818),  ('CLS Classification Acc', 0.9703642)
[INFO] 2022-10-05 02:36:11,949 [    train.py:  246]:	Epoch 17 Test: Precision 0.378 Recall 0.441 F1 0.407
[INFO] 2022-10-05 02:36:55,215 [    train.py:  217]:	Epoch 18 Train: Loss 0.1076, ('Ner Loss', 0.058226387947797775),  ('CLS Classification Loss', 0.04937379062175751), ('Ner Acc', 0.9931815266609192),  ('CLS Classification Acc', 0.9814361333847046)
[INFO] 2022-10-05 02:36:57,730 [    train.py:  237]:	Epoch 18 Valid: Loss 0.1379, ('Ner Loss', 0.009819753),  ('CLS Classification Loss', 0.12807217), ('Ner Acc', 0.99741906),  ('CLS Classification Acc', 0.969618)
[INFO] 2022-10-05 02:37:06,287 [    train.py:  246]:	Epoch 18 Test: Precision 0.371 Recall 0.432 F1 0.399
[INFO] 2022-10-05 02:37:49,327 [    train.py:  217]:	Epoch 19 Train: Loss 0.0939, ('Ner Loss', 0.05718507245182991),  ('CLS Classification Loss', 0.03667140752077103), ('Ner Acc', 0.9935306906700134),  ('CLS Classification Acc', 0.9863343238830566)
[INFO] 2022-10-05 02:37:51,838 [    train.py:  237]:	Epoch 19 Valid: Loss 0.1620, ('Ner Loss', 0.009669116),  ('CLS Classification Loss', 0.15236989), ('Ner Acc', 0.9975281),  ('CLS Classification Acc', 0.96338934)
[INFO] 2022-10-05 02:38:00,260 [    train.py:  246]:	Epoch 19 Test: Precision 0.319 Recall 0.488 F1 0.385
[INFO] 2022-10-05 02:38:43,584 [    train.py:  217]:	Epoch 20 Train: Loss 0.0868, ('Ner Loss', 0.05616825819015503),  ('CLS Classification Loss', 0.030632881447672844), ('Ner Acc', 0.9937009811401367),  ('CLS Classification Acc', 0.9888763427734375)
[INFO] 2022-10-05 02:38:46,118 [    train.py:  237]:	Epoch 20 Valid: Loss 0.1420, ('Ner Loss', 0.009093),  ('CLS Classification Loss', 0.13293108), ('Ner Acc', 0.9977266),  ('CLS Classification Acc', 0.9737907)
[INFO] 2022-10-05 02:38:54,592 [    train.py:  246]:	Epoch 20 Test: Precision 0.437 Recall 0.463 F1 0.449
[INFO] 2022-10-05 02:39:37,841 [    train.py:  217]:	Epoch 21 Train: Loss 0.0742, ('Ner Loss', 0.055241379886865616),  ('CLS Classification Loss', 0.018969489261507988), ('Ner Acc', 0.9937918782234192),  ('CLS Classification Acc', 0.9929192662239075)
[INFO] 2022-10-05 02:39:40,377 [    train.py:  237]:	Epoch 21 Valid: Loss 0.1471, ('Ner Loss', 0.009358705),  ('CLS Classification Loss', 0.13777046), ('Ner Acc', 0.9976324),  ('CLS Classification Acc', 0.97377557)
[INFO] 2022-10-05 02:39:48,897 [    train.py:  246]:	Epoch 21 Test: Precision 0.422 Recall 0.479 F1 0.449
[INFO] 2022-10-05 02:40:32,119 [    train.py:  217]:	Epoch 22 Train: Loss 0.0671, ('Ner Loss', 0.053834155201911926),  ('CLS Classification Loss', 0.013308804482221603), ('Ner Acc', 0.9940689206123352),  ('CLS Classification Acc', 0.9948656558990479)
[INFO] 2022-10-05 02:40:34,629 [    train.py:  237]:	Epoch 22 Valid: Loss 0.1645, ('Ner Loss', 0.009603541),  ('CLS Classification Loss', 0.15489714), ('Ner Acc', 0.9977822),  ('CLS Classification Acc', 0.9755726)
[INFO] 2022-10-05 02:40:43,285 [    train.py:  246]:	Epoch 22 Test: Precision 0.469 Recall 0.463 F1 0.466
[INFO] 2022-10-05 02:41:26,173 [    train.py:  217]:	Epoch 23 Train: Loss 0.0653, ('Ner Loss', 0.05340852960944176),  ('CLS Classification Loss', 0.011924641206860542), ('Ner Acc', 0.994143009185791),  ('CLS Classification Acc', 0.9957954287528992)
[INFO] 2022-10-05 02:41:28,692 [    train.py:  237]:	Epoch 23 Valid: Loss 0.1639, ('Ner Loss', 0.009422563),  ('CLS Classification Loss', 0.15445758), ('Ner Acc', 0.99761754),  ('CLS Classification Acc', 0.97257245)
[INFO] 2022-10-05 02:41:37,595 [    train.py:  246]:	Epoch 23 Test: Precision 0.428 Recall 0.501 F1 0.462
[INFO] 2022-10-05 02:42:20,791 [    train.py:  217]:	Epoch 24 Train: Loss 0.0605, ('Ner Loss', 0.052628759294748306),  ('CLS Classification Loss', 0.007898333482444286), ('Ner Acc', 0.9942495226860046),  ('CLS Classification Acc', 0.9973210096359253)
[INFO] 2022-10-05 02:42:23,300 [    train.py:  237]:	Epoch 24 Valid: Loss 0.1814, ('Ner Loss', 0.009462315),  ('CLS Classification Loss', 0.17192149), ('Ner Acc', 0.99775195),  ('CLS Classification Acc', 0.9708212)
[INFO] 2022-10-05 02:42:31,808 [    train.py:  246]:	Epoch 24 Test: Precision 0.417 Recall 0.502 F1 0.455
[INFO] 2022-10-05 02:43:15,167 [    train.py:  217]:	Epoch 25 Train: Loss 0.0578, ('Ner Loss', 0.05194384232163429),  ('CLS Classification Loss', 0.005832031834870577), ('Ner Acc', 0.994475781917572),  ('CLS Classification Acc', 0.9982512593269348)
[INFO] 2022-10-05 02:43:17,690 [    train.py:  237]:	Epoch 25 Valid: Loss 0.1805, ('Ner Loss', 0.00940508),  ('CLS Classification Loss', 0.17111091), ('Ner Acc', 0.9976845),  ('CLS Classification Acc', 0.9718568)
[INFO] 2022-10-05 02:43:26,259 [    train.py:  246]:	Epoch 25 Test: Precision 0.434 Recall 0.528 F1 0.476
[INFO] 2022-10-05 02:44:09,589 [    train.py:  217]:	Epoch 26 Train: Loss 0.0543, ('Ner Loss', 0.050909772515296936),  ('CLS Classification Loss', 0.0034293304197490215), ('Ner Acc', 0.9946538805961609),  ('CLS Classification Acc', 0.9989829063415527)
[INFO] 2022-10-05 02:44:12,110 [    train.py:  237]:	Epoch 26 Valid: Loss 0.1793, ('Ner Loss', 0.009414446),  ('CLS Classification Loss', 0.16991465), ('Ner Acc', 0.99779814),  ('CLS Classification Acc', 0.97494817)
[INFO] 2022-10-05 02:44:20,578 [    train.py:  246]:	Epoch 26 Test: Precision 0.473 Recall 0.518 F1 0.495
[INFO] 2022-10-05 02:45:03,717 [    train.py:  217]:	Epoch 27 Train: Loss 0.0559, ('Ner Loss', 0.05062957853078842),  ('CLS Classification Loss', 0.005269639194011688), ('Ner Acc', 0.9946699142456055),  ('CLS Classification Acc', 0.9981766939163208)
[INFO] 2022-10-05 02:45:06,254 [    train.py:  237]:	Epoch 27 Valid: Loss 0.1906, ('Ner Loss', 0.009729204),  ('CLS Classification Loss', 0.18084735), ('Ner Acc', 0.9976893),  ('CLS Classification Acc', 0.972679)
[INFO] 2022-10-05 02:45:14,915 [    train.py:  246]:	Epoch 27 Test: Precision 0.441 Recall 0.524 F1 0.479
[INFO] 2022-10-05 02:45:57,957 [    train.py:  217]:	Epoch 28 Train: Loss 0.0555, ('Ner Loss', 0.04998988285660744),  ('CLS Classification Loss', 0.005531040485948324), ('Ner Acc', 0.9946849346160889),  ('CLS Classification Acc', 0.9981022477149963)
[INFO] 2022-10-05 02:46:00,478 [    train.py:  237]:	Epoch 28 Valid: Loss 0.1651, ('Ner Loss', 0.009281236),  ('CLS Classification Loss', 0.155793), ('Ner Acc', 0.9979236),  ('CLS Classification Acc', 0.9760751)
[INFO] 2022-10-05 02:46:08,981 [    train.py:  246]:	Epoch 28 Test: Precision 0.508 Recall 0.503 F1 0.505
[INFO] 2022-10-05 02:46:52,121 [    train.py:  217]:	Epoch 29 Train: Loss 0.0540, ('Ner Loss', 0.049407102167606354),  ('CLS Classification Loss', 0.004547052085399628), ('Ner Acc', 0.9947736263275146),  ('CLS Classification Acc', 0.9985113739967346)
[INFO] 2022-10-05 02:46:54,630 [    train.py:  237]:	Epoch 29 Valid: Loss 0.1841, ('Ner Loss', 0.009732712),  ('CLS Classification Loss', 0.17433698), ('Ner Acc', 0.9977753),  ('CLS Classification Acc', 0.9753594)
[INFO] 2022-10-05 02:47:03,140 [    train.py:  246]:	Epoch 29 Test: Precision 0.476 Recall 0.544 F1 0.508
[INFO] 2022-10-05 02:47:46,284 [    train.py:  217]:	Epoch 30 Train: Loss 0.0516, ('Ner Loss', 0.04906660318374634),  ('CLS Classification Loss', 0.0025496764574199915), ('Ner Acc', 0.9948021769523621),  ('CLS Classification Acc', 0.999268114566803)
[INFO] 2022-10-05 02:47:48,784 [    train.py:  237]:	Epoch 30 Valid: Loss 0.1899, ('Ner Loss', 0.010018479),  ('CLS Classification Loss', 0.17992628), ('Ner Acc', 0.99783397),  ('CLS Classification Acc', 0.97491765)
[INFO] 2022-10-05 02:47:57,257 [    train.py:  246]:	Epoch 30 Test: Precision 0.480 Recall 0.530 F1 0.504
[INFO] 2022-10-05 02:48:40,570 [    train.py:  217]:	Epoch 31 Train: Loss 0.0494, ('Ner Loss', 0.04817467927932739),  ('CLS Classification Loss', 0.0012517666909843683), ('Ner Acc', 0.9950057864189148),  ('CLS Classification Acc', 0.9996898174285889)
[INFO] 2022-10-05 02:48:43,104 [    train.py:  237]:	Epoch 31 Valid: Loss 0.1954, ('Ner Loss', 0.010290475),  ('CLS Classification Loss', 0.18507084), ('Ner Acc', 0.9977989),  ('CLS Classification Acc', 0.97392786)
[INFO] 2022-10-05 02:48:51,561 [    train.py:  246]:	Epoch 31 Test: Precision 0.463 Recall 0.527 F1 0.493
[INFO] 2022-10-05 02:49:34,706 [    train.py:  217]:	Epoch 32 Train: Loss 0.0493, ('Ner Loss', 0.04777277633547783),  ('CLS Classification Loss', 0.001480522332713008), ('Ner Acc', 0.9950317144393921),  ('CLS Classification Acc', 0.9995036721229553)
[INFO] 2022-10-05 02:49:37,214 [    train.py:  237]:	Epoch 32 Valid: Loss 0.1947, ('Ner Loss', 0.010702819),  ('CLS Classification Loss', 0.18404248), ('Ner Acc', 0.9979238),  ('CLS Classification Acc', 0.9748721)
[INFO] 2022-10-05 02:49:45,673 [    train.py:  246]:	Epoch 32 Test: Precision 0.488 Recall 0.533 F1 0.509
[INFO] 2022-10-05 02:50:29,112 [    train.py:  217]:	Epoch 33 Train: Loss 0.0492, ('Ner Loss', 0.04738594964146614),  ('CLS Classification Loss', 0.0017879754304885864), ('Ner Acc', 0.9951078295707703),  ('CLS Classification Acc', 0.9993050694465637)
[INFO] 2022-10-05 02:50:31,635 [    train.py:  237]:	Epoch 33 Valid: Loss 0.1879, ('Ner Loss', 0.009773863),  ('CLS Classification Loss', 0.17814052), ('Ner Acc', 0.99796027),  ('CLS Classification Acc', 0.97423244)
[INFO] 2022-10-05 02:50:40,116 [    train.py:  246]:	Epoch 33 Test: Precision 0.493 Recall 0.521 F1 0.507
[INFO] 2022-10-05 02:51:23,589 [    train.py:  217]:	Epoch 34 Train: Loss 0.0485, ('Ner Loss', 0.04685322940349579),  ('CLS Classification Loss', 0.0016435992438346148), ('Ner Acc', 0.996338427066803),  ('CLS Classification Acc', 0.9994789361953735)
[INFO] 2022-10-05 02:51:26,128 [    train.py:  237]:	Epoch 34 Valid: Loss 0.2152, ('Ner Loss', 0.011459988),  ('CLS Classification Loss', 0.20374218), ('Ner Acc', 0.9976905),  ('CLS Classification Acc', 0.9733187)
[INFO] 2022-10-05 02:51:35,085 [    train.py:  246]:	Epoch 34 Test: Precision 0.467 Recall 0.544 F1 0.503
[INFO] 2022-10-05 02:52:19,008 [    train.py:  217]:	Epoch 35 Train: Loss 0.0485, ('Ner Loss', 0.04646137356758118),  ('CLS Classification Loss', 0.002079511061310768), ('Ner Acc', 0.9987833499908447),  ('CLS Classification Acc', 0.999354898929596)
[INFO] 2022-10-05 02:52:21,591 [    train.py:  237]:	Epoch 35 Valid: Loss 0.1898, ('Ner Loss', 0.010350557),  ('CLS Classification Loss', 0.17941733), ('Ner Acc', 0.99798733),  ('CLS Classification Acc', 0.9758163)
[INFO] 2022-10-05 02:52:30,031 [    train.py:  246]:	Epoch 35 Test: Precision 0.503 Recall 0.542 F1 0.522
[INFO] 2022-10-05 02:53:14,129 [    train.py:  217]:	Epoch 36 Train: Loss 0.0483, ('Ner Loss', 0.04610934853553772),  ('CLS Classification Loss', 0.0022112280130386353), ('Ner Acc', 0.998851478099823),  ('CLS Classification Acc', 0.9992061257362366)
[INFO] 2022-10-05 02:53:16,674 [    train.py:  237]:	Epoch 36 Valid: Loss 0.1946, ('Ner Loss', 0.011210676),  ('CLS Classification Loss', 0.18338706), ('Ner Acc', 0.9978347),  ('CLS Classification Acc', 0.9756793)
[INFO] 2022-10-05 02:53:25,085 [    train.py:  246]:	Epoch 36 Test: Precision 0.498 Recall 0.546 F1 0.521
[INFO] 2022-10-05 02:54:08,848 [    train.py:  217]:	Epoch 37 Train: Loss 0.0491, ('Ner Loss', 0.0457841195166111),  ('CLS Classification Loss', 0.003275935770943761), ('Ner Acc', 0.9988644123077393),  ('CLS Classification Acc', 0.9990201592445374)
[INFO] 2022-10-05 02:54:11,359 [    train.py:  237]:	Epoch 37 Valid: Loss 0.2072, ('Ner Loss', 0.011301513),  ('CLS Classification Loss', 0.19593845), ('Ner Acc', 0.9977438),  ('CLS Classification Acc', 0.97098863)
[INFO] 2022-10-05 02:54:19,696 [    train.py:  246]:	Epoch 37 Test: Precision 0.459 Recall 0.499 F1 0.478
[INFO] 2022-10-05 02:55:02,697 [    train.py:  217]:	Epoch 38 Train: Loss 0.0477, ('Ner Loss', 0.04535229131579399),  ('CLS Classification Loss', 0.0023095777723938227), ('Ner Acc', 0.9989751577377319),  ('CLS Classification Acc', 0.9991936683654785)
[INFO] 2022-10-05 02:55:05,214 [    train.py:  237]:	Epoch 38 Valid: Loss 0.1973, ('Ner Loss', 0.010719443),  ('CLS Classification Loss', 0.18661454), ('Ner Acc', 0.99796826),  ('CLS Classification Acc', 0.9746893)
[INFO] 2022-10-05 02:55:13,592 [    train.py:  246]:	Epoch 38 Test: Precision 0.493 Recall 0.535 F1 0.513
[INFO] 2022-10-05 02:55:56,756 [    train.py:  217]:	Epoch 39 Train: Loss 0.0458, ('Ner Loss', 0.04479377716779709),  ('CLS Classification Loss', 0.0010136245982721448), ('Ner Acc', 0.9990350008010864),  ('CLS Classification Acc', 0.9996896982192993)
[INFO] 2022-10-05 02:55:59,264 [    train.py:  237]:	Epoch 39 Valid: Loss 0.1972, ('Ner Loss', 0.011078166),  ('CLS Classification Loss', 0.18616869), ('Ner Acc', 0.99796253),  ('CLS Classification Acc', 0.9753289)
[INFO] 2022-10-05 02:56:08,083 [    train.py:  246]:	Epoch 39 Test: Precision 0.520 Recall 0.546 F1 0.533
[INFO] 2022-10-05 02:56:51,928 [    train.py:  217]:	Epoch 40 Train: Loss 0.0450, ('Ner Loss', 0.044389113783836365),  ('CLS Classification Loss', 0.0005939923576079309), ('Ner Acc', 0.9991114139556885),  ('CLS Classification Acc', 0.9998511075973511)
[INFO] 2022-10-05 02:56:54,495 [    train.py:  237]:	Epoch 40 Valid: Loss 0.1918, ('Ner Loss', 0.011168783),  ('CLS Classification Loss', 0.18066482), ('Ner Acc', 0.998078),  ('CLS Classification Acc', 0.976197)
[INFO] 2022-10-05 02:57:03,042 [    train.py:  246]:	Epoch 40 Test: Precision 0.528 Recall 0.527 F1 0.527
[INFO] 2022-10-05 02:57:46,791 [    train.py:  217]:	Epoch 41 Train: Loss 0.0447, ('Ner Loss', 0.04387807473540306),  ('CLS Classification Loss', 0.0007910180720500648), ('Ner Acc', 0.999171257019043),  ('CLS Classification Acc', 0.9997765421867371)
[INFO] 2022-10-05 02:57:49,298 [    train.py:  237]:	Epoch 41 Valid: Loss 0.2105, ('Ner Loss', 0.011579835),  ('CLS Classification Loss', 0.19887127), ('Ner Acc', 0.9979764),  ('CLS Classification Acc', 0.97417146)
[INFO] 2022-10-05 02:57:57,688 [    train.py:  246]:	Epoch 41 Test: Precision 0.492 Recall 0.551 F1 0.520
[INFO] 2022-10-05 02:58:41,129 [    train.py:  217]:	Epoch 42 Train: Loss 0.0442, ('Ner Loss', 0.04353588819503784),  ('CLS Classification Loss', 0.0006445090984925628), ('Ner Acc', 0.9991811513900757),  ('CLS Classification Acc', 0.9998013973236084)
[INFO] 2022-10-05 02:58:43,688 [    train.py:  237]:	Epoch 42 Valid: Loss 0.2121, ('Ner Loss', 0.011682765),  ('CLS Classification Loss', 0.200391), ('Ner Acc', 0.9979501),  ('CLS Classification Acc', 0.97517663)
[INFO] 2022-10-05 02:58:52,103 [    train.py:  246]:	Epoch 42 Test: Precision 0.501 Recall 0.576 F1 0.536
[INFO] 2022-10-05 02:59:35,261 [    train.py:  217]:	Epoch 43 Train: Loss 0.0458, ('Ner Loss', 0.04336993768811226),  ('CLS Classification Loss', 0.0023890393786132336), ('Ner Acc', 0.999147891998291),  ('CLS Classification Acc', 0.999218225479126)
[INFO] 2022-10-05 02:59:37,787 [    train.py:  237]:	Epoch 43 Valid: Loss 0.2066, ('Ner Loss', 0.011577027),  ('CLS Classification Loss', 0.19505902), ('Ner Acc', 0.9978444),  ('CLS Classification Acc', 0.97392786)
[INFO] 2022-10-05 02:59:46,317 [    train.py:  246]:	Epoch 43 Test: Precision 0.495 Recall 0.531 F1 0.513
[INFO] 2022-10-05 03:00:29,400 [    train.py:  217]:	Epoch 44 Train: Loss 0.0477, ('Ner Loss', 0.04329967498779297),  ('CLS Classification Loss', 0.00437563844025135), ('Ner Acc', 0.9990702867507935),  ('CLS Classification Acc', 0.9986109137535095)
[INFO] 2022-10-05 03:00:31,926 [    train.py:  237]:	Epoch 44 Valid: Loss 0.1972, ('Ner Loss', 0.011421289),  ('CLS Classification Loss', 0.1858029), ('Ner Acc', 0.99803305),  ('CLS Classification Acc', 0.97481126)
[INFO] 2022-10-05 03:00:40,334 [    train.py:  246]:	Epoch 44 Test: Precision 0.481 Recall 0.557 F1 0.516
[INFO] 2022-10-05 03:01:23,395 [    train.py:  217]:	Epoch 45 Train: Loss 0.0450, ('Ner Loss', 0.04280819371342659),  ('CLS Classification Loss', 0.0022304002195596695), ('Ner Acc', 0.9991143345832825),  ('CLS Classification Acc', 0.9993423223495483)
[INFO] 2022-10-05 03:01:25,945 [    train.py:  237]:	Epoch 45 Valid: Loss 0.1936, ('Ner Loss', 0.012341824),  ('CLS Classification Loss', 0.1812752), ('Ner Acc', 0.9978287),  ('CLS Classification Acc', 0.975268)
[INFO] 2022-10-05 03:01:34,947 [    train.py:  246]:	Epoch 45 Test: Precision 0.497 Recall 0.540 F1 0.518
[INFO] 2022-10-05 03:02:18,217 [    train.py:  217]:	Epoch 46 Train: Loss 0.0430, ('Ner Loss', 0.042197227478027344),  ('CLS Classification Loss', 0.0007829468231648207), ('Ner Acc', 0.9992207288742065),  ('CLS Classification Acc', 0.9997892379760742)
[INFO] 2022-10-05 03:02:20,745 [    train.py:  237]:	Epoch 46 Valid: Loss 0.2160, ('Ner Loss', 0.012603783),  ('CLS Classification Loss', 0.20335539), ('Ner Acc', 0.9978385),  ('CLS Classification Acc', 0.9725877)
[INFO] 2022-10-05 03:02:29,217 [    train.py:  246]:	Epoch 46 Test: Precision 0.476 Recall 0.542 F1 0.507
[INFO] 2022-10-05 03:03:12,582 [    train.py:  217]:	Epoch 47 Train: Loss 0.0435, ('Ner Loss', 0.042049307376146317),  ('CLS Classification Loss', 0.0014061473775655031), ('Ner Acc', 0.9992697834968567),  ('CLS Classification Acc', 0.9995037913322449)
[INFO] 2022-10-05 03:03:15,120 [    train.py:  237]:	Epoch 47 Valid: Loss 0.2247, ('Ner Loss', 0.013324978),  ('CLS Classification Loss', 0.21134344), ('Ner Acc', 0.99783826),  ('CLS Classification Acc', 0.9725877)
[INFO] 2022-10-05 03:03:23,552 [    train.py:  246]:	Epoch 47 Test: Precision 0.484 Recall 0.554 F1 0.517
[INFO] 2022-10-05 03:04:06,885 [    train.py:  217]:	Epoch 48 Train: Loss 0.0425, ('Ner Loss', 0.04185955971479416),  ('CLS Classification Loss', 0.0006861021975055337), ('Ner Acc', 0.9992653131484985),  ('CLS Classification Acc', 0.9997642636299133)
[INFO] 2022-10-05 03:04:09,422 [    train.py:  237]:	Epoch 48 Valid: Loss 0.2149, ('Ner Loss', 0.012869414),  ('CLS Classification Loss', 0.20205167), ('Ner Acc', 0.9979488),  ('CLS Classification Acc', 0.97414106)
[INFO] 2022-10-05 03:04:18,242 [    train.py:  246]:	Epoch 48 Test: Precision 0.499 Recall 0.544 F1 0.521
[INFO] 2022-10-05 03:05:01,555 [    train.py:  217]:	Epoch 49 Train: Loss 0.0419, ('Ner Loss', 0.041407786309719086),  ('CLS Classification Loss', 0.0005250119720585644), ('Ner Acc', 0.9993283748626709),  ('CLS Classification Acc', 0.9998511075973511)
[INFO] 2022-10-05 03:05:04,082 [    train.py:  237]:	Epoch 49 Valid: Loss 0.2147, ('Ner Loss', 0.013267743),  ('CLS Classification Loss', 0.2014517), ('Ner Acc', 0.9979675),  ('CLS Classification Acc', 0.97548115)
[INFO] 2022-10-05 03:05:12,543 [    train.py:  246]:	Epoch 49 Test: Precision 0.510 Recall 0.536 F1 0.523
[INFO] 2022-10-05 03:05:55,962 [    train.py:  217]:	Epoch 50 Train: Loss 0.0416, ('Ner Loss', 0.04083162173628807),  ('CLS Classification Loss', 0.0008046896546147764), ('Ner Acc', 0.999346137046814),  ('CLS Classification Acc', 0.9998138546943665)
[INFO] 2022-10-05 03:05:58,510 [    train.py:  237]:	Epoch 50 Valid: Loss 0.2062, ('Ner Loss', 0.013316145),  ('CLS Classification Loss', 0.19284086), ('Ner Acc', 0.99796116),  ('CLS Classification Acc', 0.9753594)
[INFO] 2022-10-05 03:06:07,075 [    train.py:  246]:	Epoch 50 Test: Precision 0.516 Recall 0.548 F1 0.531
[INFO] 2022-10-05 03:06:50,234 [    train.py:  217]:	Epoch 51 Train: Loss 0.0416, ('Ner Loss', 0.04078684002161026),  ('CLS Classification Loss', 0.0007759390282444656), ('Ner Acc', 0.9993276596069336),  ('CLS Classification Acc', 0.9997519254684448)
[INFO] 2022-10-05 03:06:52,771 [    train.py:  237]:	Epoch 51 Valid: Loss 0.2211, ('Ner Loss', 0.013623755),  ('CLS Classification Loss', 0.20745611), ('Ner Acc', 0.997943),  ('CLS Classification Acc', 0.9742172)
[INFO] 2022-10-05 03:07:01,233 [    train.py:  246]:	Epoch 51 Test: Precision 0.503 Recall 0.554 F1 0.527
[INFO] 2022-10-05 03:07:44,519 [    train.py:  217]:	Epoch 52 Train: Loss 0.0411, ('Ner Loss', 0.040453556925058365),  ('CLS Classification Loss', 0.0006239573704078794), ('Ner Acc', 0.9993767738342285),  ('CLS Classification Acc', 0.9998013973236084)
[INFO] 2022-10-05 03:07:47,056 [    train.py:  237]:	Epoch 52 Valid: Loss 0.1955, ('Ner Loss', 0.012844357),  ('CLS Classification Loss', 0.18267395), ('Ner Acc', 0.9980344),  ('CLS Classification Acc', 0.97727835)
[INFO] 2022-10-05 03:07:55,538 [    train.py:  246]:	Epoch 52 Test: Precision 0.524 Recall 0.550 F1 0.537
[INFO] 2022-10-05 03:08:38,540 [    train.py:  217]:	Epoch 53 Train: Loss 0.0439, ('Ner Loss', 0.040480710566043854),  ('CLS Classification Loss', 0.0034570693969726562), ('Ner Acc', 0.9993104934692383),  ('CLS Classification Acc', 0.9988710880279541)
[INFO] 2022-10-05 03:08:41,051 [    train.py:  237]:	Epoch 53 Valid: Loss 0.1842, ('Ner Loss', 0.012810958),  ('CLS Classification Loss', 0.1713479), ('Ner Acc', 0.9979866),  ('CLS Classification Acc', 0.97592294)
[INFO] 2022-10-05 03:08:49,480 [    train.py:  246]:	Epoch 53 Test: Precision 0.515 Recall 0.550 F1 0.532
[INFO] 2022-10-05 03:09:32,416 [    train.py:  217]:	Epoch 54 Train: Loss 0.0423, ('Ner Loss', 0.03991629555821419),  ('CLS Classification Loss', 0.00240363203920424), ('Ner Acc', 0.9993181228637695),  ('CLS Classification Acc', 0.9993550777435303)
[INFO] 2022-10-05 03:09:34,883 [    train.py:  237]:	Epoch 54 Valid: Loss 0.2101, ('Ner Loss', 0.014405959),  ('CLS Classification Loss', 0.19567809), ('Ner Acc', 0.99785876),  ('CLS Classification Acc', 0.9731664)
[INFO] 2022-10-05 03:09:43,362 [    train.py:  246]:	Epoch 54 Test: Precision 0.495 Recall 0.551 F1 0.522
