[INFO] 2022-10-04 08:48:45,043 [    train.py:  522]:	Namespace(block_att_head_num=1, cased=1, d_block=512, data_aug=2, dataset='res16', decay_rate=0.92, decay_steps=0, do_test=True, do_train=True, do_valid=True, drop_null_data=True, dropout_rate=0.2, epochs=100, extra_attention=True, fuse_strategy='gate', init_model_dir='', language='en', loss_ratio=1.0, lr=2e-05, mask_sb=True, model_type='end_to_end', output_dir='./output', save_dir='', schema='BIO', task_name='ttee_res16_100epoch_512d_2aug_2e-5lr_1cased_gate_0.2dropout_dropnull_1loss_BIO', test_batch_size=32, train_batch_size=16, valid_freq=1)
[INFO] 2022-10-04 08:48:56,546 [    train.py:  122]:	{'init_bert_model': 'bert-base-cased', 'sentence_b': DictWrapper({'texts': ListWrapper(['general of ambience', 'price of drinks', 'quality of drinks', 'style options of drinks', 'prices of food', 'quality of food', 'style options of food', 'general of location', 'general of restaurant', 'miscellaneous of restaurant', 'prices of restaurant', 'general of service']), 'sentiments': ListWrapper(['negative', 'neutral', 'positive'])}), 'num_sentiment_classes': 3, 'subblock_hidden_size': 512, 'subblock_head_num': 1, 'cache_dir': 'bert_models/bert-base-cased', 'fuse_strategy': 'gate', 'tagging_schema': 'BIO', 'extra_attention': True, 'dropout': 0.2, 'loss_ratio': 1.0}
[INFO] 2022-10-04 08:48:56,547 [    train.py:  124]:	Number of Train Sentence: 1708
[INFO] 2022-10-04 08:48:56,556 [    train.py:  539]:	Data augment: Merge 2 train data together
[INFO] 2022-10-04 08:50:37,256 [    train.py:  216]:	Epoch 1 Train: Loss 0.2768, ('Ner Loss', 0.05512961000204086),  ('CLS Classification Loss', 0.221690371632576), ('Ner Acc', 0.9931514263153076),  ('CLS Classification Acc', 0.9378001093864441)
[INFO] 2022-10-04 08:50:42,794 [    train.py:  236]:	Epoch 1 Valid: Loss 0.1495, ('Ner Loss', 0.016486026),  ('CLS Classification Loss', 0.1330527), ('Ner Acc', 0.9962898),  ('CLS Classification Acc', 0.96388644)
[INFO] 2022-10-04 08:50:54,491 [    train.py:  245]:	Epoch 1 Test: Precision 0.000 Recall 0.000 F1 0.000
[INFO] 2022-10-04 08:52:05,858 [    train.py:  216]:	Epoch 2 Train: Loss 0.2189, ('Ner Loss', 0.04268697649240494),  ('CLS Classification Loss', 0.1761973351240158), ('Ner Acc', 0.9943732619285583),  ('CLS Classification Acc', 0.9392116069793701)
[INFO] 2022-10-04 08:52:08,503 [    train.py:  236]:	Epoch 2 Valid: Loss 0.1285, ('Ner Loss', 0.012335223),  ('CLS Classification Loss', 0.116154656), ('Ner Acc', 0.99647),  ('CLS Classification Acc', 0.9644348)
[INFO] 2022-10-04 08:52:16,940 [    train.py:  245]:	Epoch 2 Test: Precision 0.353 Recall 0.121 F1 0.180
[INFO] 2022-10-04 08:53:28,066 [    train.py:  216]:	Epoch 3 Train: Loss 0.1998, ('Ner Loss', 0.03891056776046753),  ('CLS Classification Loss', 0.1608429104089737), ('Ner Acc', 0.9945605993270874),  ('CLS Classification Acc', 0.945564329624176)
[INFO] 2022-10-04 08:53:30,685 [    train.py:  236]:	Epoch 3 Valid: Loss 0.1186, ('Ner Loss', 0.011432355),  ('CLS Classification Loss', 0.10721519), ('Ner Acc', 0.99666303),  ('CLS Classification Acc', 0.96980506)
[INFO] 2022-10-04 08:53:39,289 [    train.py:  245]:	Epoch 3 Test: Precision 0.402 Recall 0.201 F1 0.268
[INFO] 2022-10-04 08:54:50,817 [    train.py:  216]:	Epoch 4 Train: Loss 0.1820, ('Ner Loss', 0.036839548498392105),  ('CLS Classification Loss', 0.14519260823726654), ('Ner Acc', 0.9948493838310242),  ('CLS Classification Acc', 0.9501476883888245)
[INFO] 2022-10-04 08:54:53,427 [    train.py:  236]:	Epoch 4 Valid: Loss 0.1039, ('Ner Loss', 0.010378252),  ('CLS Classification Loss', 0.09348965), ('Ner Acc', 0.996943),  ('CLS Classification Acc', 0.970129)
[INFO] 2022-10-04 08:55:01,858 [    train.py:  245]:	Epoch 4 Test: Precision 0.427 Recall 0.193 F1 0.266
[INFO] 2022-10-04 08:56:13,281 [    train.py:  216]:	Epoch 5 Train: Loss 0.1579, ('Ner Loss', 0.0346270315349102),  ('CLS Classification Loss', 0.12330310791730881), ('Ner Acc', 0.9950238466262817),  ('CLS Classification Acc', 0.9562646746635437)
[INFO] 2022-10-04 08:56:15,916 [    train.py:  236]:	Epoch 5 Valid: Loss 0.1047, ('Ner Loss', 0.010260309),  ('CLS Classification Loss', 0.09443734), ('Ner Acc', 0.99684316),  ('CLS Classification Acc', 0.9705774)
[INFO] 2022-10-04 08:56:24,278 [    train.py:  245]:	Epoch 5 Test: Precision 0.403 Recall 0.433 F1 0.418
[INFO] 2022-10-04 08:57:35,875 [    train.py:  216]:	Epoch 6 Train: Loss 0.1337, ('Ner Loss', 0.032505765557289124),  ('CLS Classification Loss', 0.1012086421251297), ('Ner Acc', 0.9954738616943359),  ('CLS Classification Acc', 0.9643768668174744)
[INFO] 2022-10-04 08:57:38,499 [    train.py:  236]:	Epoch 6 Valid: Loss 0.0884, ('Ner Loss', 0.009180206),  ('CLS Classification Loss', 0.07923166), ('Ner Acc', 0.997429),  ('CLS Classification Acc', 0.97792065)
[INFO] 2022-10-04 08:57:46,918 [    train.py:  245]:	Epoch 6 Test: Precision 0.536 Recall 0.462 F1 0.496
[INFO] 2022-10-04 08:58:58,295 [    train.py:  216]:	Epoch 7 Train: Loss 0.1023, ('Ner Loss', 0.030752139165997505),  ('CLS Classification Loss', 0.07150755822658539), ('Ner Acc', 0.9958747029304504),  ('CLS Classification Acc', 0.9745347499847412)
[INFO] 2022-10-04 08:59:00,942 [    train.py:  236]:	Epoch 7 Valid: Loss 0.0937, ('Ner Loss', 0.009250139),  ('CLS Classification Loss', 0.08444946), ('Ner Acc', 0.997324),  ('CLS Classification Acc', 0.97732663)
[INFO] 2022-10-04 08:59:09,520 [    train.py:  245]:	Epoch 7 Test: Precision 0.473 Recall 0.537 F1 0.503
[INFO] 2022-10-04 09:00:21,220 [    train.py:  216]:	Epoch 8 Train: Loss 0.0727, ('Ner Loss', 0.028804464265704155),  ('CLS Classification Loss', 0.0439370833337307), ('Ner Acc', 0.9964174628257751),  ('CLS Classification Acc', 0.9843589663505554)
[INFO] 2022-10-04 09:00:23,824 [    train.py:  236]:	Epoch 8 Valid: Loss 0.0926, ('Ner Loss', 0.008857582),  ('CLS Classification Loss', 0.08369864), ('Ner Acc', 0.9976126),  ('CLS Classification Acc', 0.979935)
[INFO] 2022-10-04 09:00:32,423 [    train.py:  245]:	Epoch 8 Test: Precision 0.539 Recall 0.561 F1 0.550
[INFO] 2022-10-04 09:01:44,022 [    train.py:  216]:	Epoch 9 Train: Loss 0.0590, ('Ner Loss', 0.027757937088608742),  ('CLS Classification Loss', 0.03119378164410591), ('Ner Acc', 0.9965532422065735),  ('CLS Classification Acc', 0.9883497953414917)
[INFO] 2022-10-04 09:01:46,668 [    train.py:  236]:	Epoch 9 Valid: Loss 0.1082, ('Ner Loss', 0.008540567),  ('CLS Classification Loss', 0.09965233), ('Ner Acc', 0.99772525),  ('CLS Classification Acc', 0.97782916)
[INFO] 2022-10-04 09:01:55,236 [    train.py:  245]:	Epoch 9 Test: Precision 0.536 Recall 0.640 F1 0.583
[INFO] 2022-10-04 09:03:06,450 [    train.py:  216]:	Epoch 10 Train: Loss 0.0474, ('Ner Loss', 0.026444194838404655),  ('CLS Classification Loss', 0.020947517827153206), ('Ner Acc', 0.9968510270118713),  ('CLS Classification Acc', 0.992414116859436)
[INFO] 2022-10-04 09:03:09,068 [    train.py:  236]:	Epoch 10 Valid: Loss 0.1267, ('Ner Loss', 0.009567677),  ('CLS Classification Loss', 0.11710528), ('Ner Acc', 0.9977706),  ('CLS Classification Acc', 0.9777005)
[INFO] 2022-10-04 09:03:17,637 [    train.py:  245]:	Epoch 10 Test: Precision 0.526 Recall 0.637 F1 0.576
[INFO] 2022-10-04 09:04:29,263 [    train.py:  216]:	Epoch 11 Train: Loss 0.0393, ('Ner Loss', 0.025485334917902946),  ('CLS Classification Loss', 0.013828421011567116), ('Ner Acc', 0.9970746636390686),  ('CLS Classification Acc', 0.9955616593360901)
[INFO] 2022-10-04 09:04:31,882 [    train.py:  236]:	Epoch 11 Valid: Loss 0.1308, ('Ner Loss', 0.009061251),  ('CLS Classification Loss', 0.121731296), ('Ner Acc', 0.99767214),  ('CLS Classification Acc', 0.98002636)
[INFO] 2022-10-04 09:04:40,387 [    train.py:  245]:	Epoch 11 Test: Precision 0.546 Recall 0.640 F1 0.589
[INFO] 2022-10-04 09:05:51,815 [    train.py:  216]:	Epoch 12 Train: Loss 0.0359, ('Ner Loss', 0.02498801425099373),  ('CLS Classification Loss', 0.01096034049987793), ('Ner Acc', 0.9971629977226257),  ('CLS Classification Acc', 0.9962188601493835)
[INFO] 2022-10-04 09:05:54,456 [    train.py:  236]:	Epoch 12 Valid: Loss 0.1414, ('Ner Loss', 0.0102508245),  ('CLS Classification Loss', 0.13110486), ('Ner Acc', 0.997687),  ('CLS Classification Acc', 0.97692376)
[INFO] 2022-10-04 09:06:03,071 [    train.py:  245]:	Epoch 12 Test: Precision 0.532 Recall 0.654 F1 0.587
[INFO] 2022-10-04 09:07:14,206 [    train.py:  216]:	Epoch 13 Train: Loss 0.0333, ('Ner Loss', 0.02425621822476387),  ('CLS Classification Loss', 0.009017741307616234), ('Ner Acc', 0.9973110556602478),  ('CLS Classification Acc', 0.9971597194671631)
[INFO] 2022-10-04 09:07:16,809 [    train.py:  236]:	Epoch 13 Valid: Loss 0.1542, ('Ner Loss', 0.010531987),  ('CLS Classification Loss', 0.14371377), ('Ner Acc', 0.9975373),  ('CLS Classification Acc', 0.97673696)
[INFO] 2022-10-04 09:07:25,168 [    train.py:  245]:	Epoch 13 Test: Precision 0.521 Recall 0.679 F1 0.590
[INFO] 2022-10-04 09:08:36,386 [    train.py:  216]:	Epoch 14 Train: Loss 0.0308, ('Ner Loss', 0.023570308461785316),  ('CLS Classification Loss', 0.007264052517712116), ('Ner Acc', 0.997451901435852),  ('CLS Classification Acc', 0.9977356195449829)
[INFO] 2022-10-04 09:08:39,006 [    train.py:  236]:	Epoch 14 Valid: Loss 0.1414, ('Ner Loss', 0.011079706),  ('CLS Classification Loss', 0.1303098), ('Ner Acc', 0.9976903),  ('CLS Classification Acc', 0.9776548)
[INFO] 2022-10-04 09:08:47,632 [    train.py:  245]:	Epoch 14 Test: Precision 0.544 Recall 0.662 F1 0.597
[INFO] 2022-10-04 09:09:58,785 [    train.py:  216]:	Epoch 15 Train: Loss 0.0284, ('Ner Loss', 0.02306821383535862),  ('CLS Classification Loss', 0.005365797318518162), ('Ner Acc', 0.9974530935287476),  ('CLS Classification Acc', 0.9983037114143372)
[INFO] 2022-10-04 09:10:01,392 [    train.py:  236]:	Epoch 15 Valid: Loss 0.1486, ('Ner Loss', 0.010022733),  ('CLS Classification Loss', 0.13856633), ('Ner Acc', 0.99775785),  ('CLS Classification Acc', 0.98015505)
[INFO] 2022-10-04 09:10:09,930 [    train.py:  245]:	Epoch 15 Test: Precision 0.587 Recall 0.658 F1 0.621
[INFO] 2022-10-04 09:11:21,613 [    train.py:  216]:	Epoch 16 Train: Loss 0.0269, ('Ner Loss', 0.02272096276283264),  ('CLS Classification Loss', 0.0042094336822628975), ('Ner Acc', 0.9975339770317078),  ('CLS Classification Acc', 0.9986446499824524)
[INFO] 2022-10-04 09:11:24,218 [    train.py:  236]:	Epoch 16 Valid: Loss 0.1395, ('Ner Loss', 0.011302437),  ('CLS Classification Loss', 0.12819104), ('Ner Acc', 0.9979025),  ('CLS Classification Acc', 0.9798852)
[INFO] 2022-10-04 09:11:33,118 [    train.py:  245]:	Epoch 16 Test: Precision 0.582 Recall 0.651 F1 0.614
[INFO] 2022-10-04 09:12:44,614 [    train.py:  216]:	Epoch 17 Train: Loss 0.0257, ('Ner Loss', 0.022100230678915977),  ('CLS Classification Loss', 0.003605039557442069), ('Ner Acc', 0.997671902179718),  ('CLS Classification Acc', 0.9989690184593201)
[INFO] 2022-10-04 09:12:47,221 [    train.py:  236]:	Epoch 17 Valid: Loss 0.1455, ('Ner Loss', 0.011610724),  ('CLS Classification Loss', 0.13388196), ('Ner Acc', 0.9978981),  ('CLS Classification Acc', 0.97997236)
[INFO] 2022-10-04 09:12:55,696 [    train.py:  245]:	Epoch 17 Test: Precision 0.588 Recall 0.655 F1 0.620
[INFO] 2022-10-04 09:14:07,235 [    train.py:  216]:	Epoch 18 Train: Loss 0.0266, ('Ner Loss', 0.02195262536406517),  ('CLS Classification Loss', 0.004610736388713121), ('Ner Acc', 0.9976568222045898),  ('CLS Classification Acc', 0.9985475540161133)
[INFO] 2022-10-04 09:14:09,848 [    train.py:  236]:	Epoch 18 Valid: Loss 0.1427, ('Ner Loss', 0.011820252),  ('CLS Classification Loss', 0.13086095), ('Ner Acc', 0.99785614),  ('CLS Classification Acc', 0.9791085)
[INFO] 2022-10-04 09:14:18,302 [    train.py:  245]:	Epoch 18 Test: Precision 0.568 Recall 0.655 F1 0.609
[INFO] 2022-10-04 09:15:29,787 [    train.py:  216]:	Epoch 19 Train: Loss 0.0255, ('Ner Loss', 0.021541867405176163),  ('CLS Classification Loss', 0.003938258625566959), ('Ner Acc', 0.9977442026138306),  ('CLS Classification Acc', 0.9988636374473572)
[INFO] 2022-10-04 09:15:32,435 [    train.py:  236]:	Epoch 19 Valid: Loss 0.1511, ('Ner Loss', 0.01175016),  ('CLS Classification Loss', 0.1393751), ('Ner Acc', 0.99765253),  ('CLS Classification Acc', 0.9797481)
[INFO] 2022-10-04 09:15:41,082 [    train.py:  245]:	Epoch 19 Test: Precision 0.573 Recall 0.689 F1 0.625
[INFO] 2022-10-04 09:16:52,471 [    train.py:  216]:	Epoch 20 Train: Loss 0.0229, ('Ner Loss', 0.020955679938197136),  ('CLS Classification Loss', 0.0019771382212638855), ('Ner Acc', 0.9978365302085876),  ('CLS Classification Acc', 0.9993667006492615)
[INFO] 2022-10-04 09:16:55,066 [    train.py:  236]:	Epoch 20 Valid: Loss 0.1533, ('Ner Loss', 0.012419972),  ('CLS Classification Loss', 0.14083229), ('Ner Acc', 0.997992),  ('CLS Classification Acc', 0.9815755)
[INFO] 2022-10-04 09:17:03,583 [    train.py:  245]:	Epoch 20 Test: Precision 0.626 Recall 0.655 F1 0.641
[INFO] 2022-10-04 09:18:14,820 [    train.py:  216]:	Epoch 21 Train: Loss 0.0229, ('Ner Loss', 0.020632058382034302),  ('CLS Classification Loss', 0.002302030334249139), ('Ner Acc', 0.9987050890922546),  ('CLS Classification Acc', 0.9993343949317932)
[INFO] 2022-10-04 09:18:17,445 [    train.py:  236]:	Epoch 21 Valid: Loss 0.1618, ('Ner Loss', 0.013070086),  ('CLS Classification Loss', 0.14874949), ('Ner Acc', 0.99790555),  ('CLS Classification Acc', 0.9809318)
[INFO] 2022-10-04 09:18:25,902 [    train.py:  245]:	Epoch 21 Test: Precision 0.604 Recall 0.674 F1 0.637
[INFO] 2022-10-04 09:19:37,548 [    train.py:  216]:	Epoch 22 Train: Loss 0.0231, ('Ner Loss', 0.020276334136724472),  ('CLS Classification Loss', 0.0028018869925290346), ('Ner Acc', 0.9994010329246521),  ('CLS Classification Acc', 0.9991396069526672)
[INFO] 2022-10-04 09:19:40,150 [    train.py:  236]:	Epoch 22 Valid: Loss 0.1587, ('Ner Loss', 0.013396687),  ('CLS Classification Loss', 0.14534993), ('Ner Acc', 0.99780875),  ('CLS Classification Acc', 0.97883433)
[INFO] 2022-10-04 09:19:48,544 [    train.py:  245]:	Epoch 22 Test: Precision 0.564 Recall 0.683 F1 0.618
[INFO] 2022-10-04 09:20:59,497 [    train.py:  216]:	Epoch 23 Train: Loss 0.0230, ('Ner Loss', 0.020065991207957268),  ('CLS Classification Loss', 0.002940029138699174), ('Ner Acc', 0.9994003176689148),  ('CLS Classification Acc', 0.999131441116333)
[INFO] 2022-10-04 09:21:02,140 [    train.py:  236]:	Epoch 23 Valid: Loss 0.1666, ('Ner Loss', 0.014491608),  ('CLS Classification Loss', 0.15210688), ('Ner Acc', 0.9979311),  ('CLS Classification Acc', 0.9797481)
[INFO] 2022-10-04 09:21:10,599 [    train.py:  245]:	Epoch 23 Test: Precision 0.595 Recall 0.648 F1 0.621
[INFO] 2022-10-04 09:22:22,117 [    train.py:  216]:	Epoch 24 Train: Loss 0.0232, ('Ner Loss', 0.019732017070055008),  ('CLS Classification Loss', 0.0034386292099952698), ('Ner Acc', 0.9994077086448669),  ('CLS Classification Acc', 0.9989773631095886)
[INFO] 2022-10-04 09:22:24,746 [    train.py:  236]:	Epoch 24 Valid: Loss 0.1515, ('Ner Loss', 0.013034008),  ('CLS Classification Loss', 0.13849819), ('Ner Acc', 0.99775726),  ('CLS Classification Acc', 0.97906697)
[INFO] 2022-10-04 09:22:33,239 [    train.py:  245]:	Epoch 24 Test: Precision 0.565 Recall 0.674 F1 0.615
[INFO] 2022-10-04 09:23:44,376 [    train.py:  216]:	Epoch 25 Train: Loss 0.0220, ('Ner Loss', 0.019459430128335953),  ('CLS Classification Loss', 0.0025855498388409615), ('Ner Acc', 0.9994766116142273),  ('CLS Classification Acc', 0.999269425868988)
[INFO] 2022-10-04 09:23:46,991 [    train.py:  236]:	Epoch 25 Valid: Loss 0.1588, ('Ner Loss', 0.013290741),  ('CLS Classification Loss', 0.14554194), ('Ner Acc', 0.99783355),  ('CLS Classification Acc', 0.9796983)
[INFO] 2022-10-04 09:23:55,377 [    train.py:  245]:	Epoch 25 Test: Precision 0.578 Recall 0.689 F1 0.629
[INFO] 2022-10-04 09:25:06,566 [    train.py:  216]:	Epoch 26 Train: Loss 0.0210, ('Ner Loss', 0.01899002119898796),  ('CLS Classification Loss', 0.001989793498069048), ('Ner Acc', 0.9995054602622986),  ('CLS Classification Acc', 0.9995858073234558)
[INFO] 2022-10-04 09:25:09,202 [    train.py:  236]:	Epoch 26 Valid: Loss 0.1502, ('Ner Loss', 0.013449855),  ('CLS Classification Loss', 0.13670316), ('Ner Acc', 0.9978663),  ('CLS Classification Acc', 0.98024637)
[INFO] 2022-10-04 09:25:17,638 [    train.py:  245]:	Epoch 26 Test: Precision 0.587 Recall 0.678 F1 0.629
[INFO] 2022-10-04 09:26:28,888 [    train.py:  216]:	Epoch 27 Train: Loss 0.0199, ('Ner Loss', 0.018764782696962357),  ('CLS Classification Loss', 0.0010938639752566814), ('Ner Acc', 0.9995688796043396),  ('CLS Classification Acc', 0.9996995329856873)
[INFO] 2022-10-04 09:26:31,491 [    train.py:  236]:	Epoch 27 Valid: Loss 0.1746, ('Ner Loss', 0.014594478),  ('CLS Classification Loss', 0.15999678), ('Ner Acc', 0.9978453),  ('CLS Classification Acc', 0.9791999)
[INFO] 2022-10-04 09:26:40,076 [    train.py:  245]:	Epoch 27 Test: Precision 0.579 Recall 0.681 F1 0.626
[INFO] 2022-10-04 09:27:51,303 [    train.py:  216]:	Epoch 28 Train: Loss 0.0199, ('Ner Loss', 0.018407771363854408),  ('CLS Classification Loss', 0.0014589608181267977), ('Ner Acc', 0.9995770454406738),  ('CLS Classification Acc', 0.9995129108428955)
[INFO] 2022-10-04 09:27:53,916 [    train.py:  236]:	Epoch 28 Valid: Loss 0.1727, ('Ner Loss', 0.014355811),  ('CLS Classification Loss', 0.15835348), ('Ner Acc', 0.9978751),  ('CLS Classification Acc', 0.9791085)
[INFO] 2022-10-04 09:28:02,421 [    train.py:  245]:	Epoch 28 Test: Precision 0.585 Recall 0.680 F1 0.629
[INFO] 2022-10-04 09:29:14,210 [    train.py:  216]:	Epoch 29 Train: Loss 0.0197, ('Ner Loss', 0.018163859844207764),  ('CLS Classification Loss', 0.0015420359559357166), ('Ner Acc', 0.999583899974823),  ('CLS Classification Acc', 0.9995613694190979)
[INFO] 2022-10-04 09:29:16,895 [    train.py:  236]:	Epoch 29 Valid: Loss 0.1800, ('Ner Loss', 0.014828169),  ('CLS Classification Loss', 0.16519202), ('Ner Acc', 0.9976919),  ('CLS Classification Acc', 0.9777836)
[INFO] 2022-10-04 09:29:25,308 [    train.py:  245]:	Epoch 29 Test: Precision 0.556 Recall 0.690 F1 0.616
[INFO] 2022-10-04 09:30:36,994 [    train.py:  216]:	Epoch 30 Train: Loss 0.0190, ('Ner Loss', 0.017779860645532608),  ('CLS Classification Loss', 0.0012644444359466434), ('Ner Acc', 0.9996176958084106),  ('CLS Classification Acc', 0.99965900182724)
[INFO] 2022-10-04 09:30:39,638 [    train.py:  236]:	Epoch 30 Valid: Loss 0.1665, ('Ner Loss', 0.015188713),  ('CLS Classification Loss', 0.15133503), ('Ner Acc', 0.9980547),  ('CLS Classification Acc', 0.98134714)
[INFO] 2022-10-04 09:30:48,187 [    train.py:  245]:	Epoch 30 Test: Precision 0.625 Recall 0.673 F1 0.648
[INFO] 2022-10-04 09:31:59,739 [    train.py:  216]:	Epoch 31 Train: Loss 0.0211, ('Ner Loss', 0.017626112326979637),  ('CLS Classification Loss', 0.003432224737480283), ('Ner Acc', 0.9995662569999695),  ('CLS Classification Acc', 0.9992207288742065)
[INFO] 2022-10-04 09:32:02,369 [    train.py:  236]:	Epoch 31 Valid: Loss 0.1738, ('Ner Loss', 0.01471884),  ('CLS Classification Loss', 0.15912768), ('Ner Acc', 0.99770117),  ('CLS Classification Acc', 0.97782916)
[INFO] 2022-10-04 09:32:10,903 [    train.py:  245]:	Epoch 31 Test: Precision 0.558 Recall 0.678 F1 0.612
[INFO] 2022-10-04 09:33:22,613 [    train.py:  216]:	Epoch 32 Train: Loss 0.0192, ('Ner Loss', 0.017307838425040245),  ('CLS Classification Loss', 0.001876192633062601), ('Ner Acc', 0.9996278285980225),  ('CLS Classification Acc', 0.9994885325431824)
[INFO] 2022-10-04 09:33:25,246 [    train.py:  236]:	Epoch 32 Valid: Loss 0.1508, ('Ner Loss', 0.015987461),  ('CLS Classification Loss', 0.13479206), ('Ner Acc', 0.9978048),  ('CLS Classification Acc', 0.9790212)
[INFO] 2022-10-04 09:33:34,011 [    train.py:  245]:	Epoch 32 Test: Precision 0.586 Recall 0.675 F1 0.627
[INFO] 2022-10-04 09:34:45,488 [    train.py:  216]:	Epoch 33 Train: Loss 0.0199, ('Ner Loss', 0.017137650400400162),  ('CLS Classification Loss', 0.0028087515383958817), ('Ner Acc', 0.9996363520622253),  ('CLS Classification Acc', 0.9992693662643433)
[INFO] 2022-10-04 09:34:48,115 [    train.py:  236]:	Epoch 33 Valid: Loss 0.1546, ('Ner Loss', 0.015429018),  ('CLS Classification Loss', 0.13912858), ('Ner Acc', 0.9978247),  ('CLS Classification Acc', 0.9796608)
[INFO] 2022-10-04 09:34:56,465 [    train.py:  245]:	Epoch 33 Test: Precision 0.574 Recall 0.675 F1 0.621
[INFO] 2022-10-04 09:36:08,086 [    train.py:  216]:	Epoch 34 Train: Loss 0.0177, ('Ner Loss', 0.01677819900214672),  ('CLS Classification Loss', 0.0009146323427557945), ('Ner Acc', 0.9996540546417236),  ('CLS Classification Acc', 0.9997239708900452)
[INFO] 2022-10-04 09:36:10,743 [    train.py:  236]:	Epoch 34 Valid: Loss 0.1616, ('Ner Loss', 0.01648201),  ('CLS Classification Loss', 0.1451205), ('Ner Acc', 0.99778396),  ('CLS Classification Acc', 0.9798851)
[INFO] 2022-10-04 09:36:19,430 [    train.py:  245]:	Epoch 34 Test: Precision 0.581 Recall 0.673 F1 0.624
[INFO] 2022-10-04 09:37:30,864 [    train.py:  216]:	Epoch 35 Train: Loss 0.0185, ('Ner Loss', 0.016466999426484108),  ('CLS Classification Loss', 0.0019928866531699896), ('Ner Acc', 0.9996479749679565),  ('CLS Classification Acc', 0.9994074106216431)
[INFO] 2022-10-04 09:37:33,473 [    train.py:  236]:	Epoch 35 Valid: Loss 0.1837, ('Ner Loss', 0.015953895),  ('CLS Classification Loss', 0.16771466), ('Ner Acc', 0.997737),  ('CLS Classification Acc', 0.97784173)
[INFO] 2022-10-04 09:37:42,031 [    train.py:  245]:	Epoch 35 Test: Precision 0.569 Recall 0.679 F1 0.619
[INFO] 2022-10-04 09:38:53,421 [    train.py:  216]:	Epoch 36 Train: Loss 0.0183, ('Ner Loss', 0.016374865546822548),  ('CLS Classification Loss', 0.0019420768367126584), ('Ner Acc', 0.9996515512466431),  ('CLS Classification Acc', 0.9993668794631958)
[INFO] 2022-10-04 09:38:56,043 [    train.py:  236]:	Epoch 36 Valid: Loss 0.1709, ('Ner Loss', 0.016980052),  ('CLS Classification Loss', 0.15393357), ('Ner Acc', 0.99788153),  ('CLS Classification Acc', 0.9797937)
[INFO] 2022-10-04 09:39:04,575 [    train.py:  245]:	Epoch 36 Test: Precision 0.589 Recall 0.671 F1 0.627
[INFO] 2022-10-04 09:40:15,910 [    train.py:  216]:	Epoch 37 Train: Loss 0.0176, ('Ner Loss', 0.016151003539562225),  ('CLS Classification Loss', 0.0014188295463100076), ('Ner Acc', 0.9996569752693176),  ('CLS Classification Acc', 0.9996346235275269)
[INFO] 2022-10-04 09:40:18,520 [    train.py:  236]:	Epoch 37 Valid: Loss 0.1871, ('Ner Loss', 0.016299585),  ('CLS Classification Loss', 0.17075628), ('Ner Acc', 0.997691),  ('CLS Classification Acc', 0.9771024)
[INFO] 2022-10-04 09:40:27,073 [    train.py:  245]:	Epoch 37 Test: Precision 0.539 Recall 0.662 F1 0.595
[INFO] 2022-10-04 09:41:38,781 [    train.py:  216]:	Epoch 38 Train: Loss 0.0174, ('Ner Loss', 0.015894250944256783),  ('CLS Classification Loss', 0.0014978245599195361), ('Ner Acc', 0.9996693134307861),  ('CLS Classification Acc', 0.9995778799057007)
[INFO] 2022-10-04 09:41:41,375 [    train.py:  236]:	Epoch 38 Valid: Loss 0.1755, ('Ner Loss', 0.0165593),  ('CLS Classification Loss', 0.15898804), ('Ner Acc', 0.99770445),  ('CLS Classification Acc', 0.97787493)
[INFO] 2022-10-04 09:41:49,952 [    train.py:  245]:	Epoch 38 Test: Precision 0.555 Recall 0.650 F1 0.599
[INFO] 2022-10-04 09:43:01,150 [    train.py:  216]:	Epoch 39 Train: Loss 0.0172, ('Ner Loss', 0.015618019737303257),  ('CLS Classification Loss', 0.0015594911528751254), ('Ner Acc', 0.9996980428695679),  ('CLS Classification Acc', 0.9995455145835876)
[INFO] 2022-10-04 09:43:03,757 [    train.py:  236]:	Epoch 39 Valid: Loss 0.1620, ('Ner Loss', 0.016219035),  ('CLS Classification Loss', 0.1457661), ('Ner Acc', 0.99788433),  ('CLS Classification Acc', 0.980072)
[INFO] 2022-10-04 09:43:12,211 [    train.py:  245]:	Epoch 39 Test: Precision 0.598 Recall 0.674 F1 0.633
[INFO] 2022-10-04 09:44:23,614 [    train.py:  216]:	Epoch 40 Train: Loss 0.0178, ('Ner Loss', 0.015477699227631092),  ('CLS Classification Loss', 0.002277117921039462), ('Ner Acc', 0.9996992349624634),  ('CLS Classification Acc', 0.9993425011634827)
[INFO] 2022-10-04 09:44:26,237 [    train.py:  236]:	Epoch 40 Valid: Loss 0.1709, ('Ner Loss', 0.016979251),  ('CLS Classification Loss', 0.15391593), ('Ner Acc', 0.9978328),  ('CLS Classification Acc', 0.9799309)
[INFO] 2022-10-04 09:44:34,731 [    train.py:  245]:	Epoch 40 Test: Precision 0.596 Recall 0.679 F1 0.634
[INFO] 2022-10-04 09:45:46,722 [    train.py:  216]:	Epoch 41 Train: Loss 0.0172, ('Ner Loss', 0.015184097923338413),  ('CLS Classification Loss', 0.0020097624510526657), ('Ner Acc', 0.999701976776123),  ('CLS Classification Acc', 0.9994721412658691)
[INFO] 2022-10-04 09:45:49,368 [    train.py:  236]:	Epoch 41 Valid: Loss 0.1729, ('Ner Loss', 0.017595166),  ('CLS Classification Loss', 0.15532127), ('Ner Acc', 0.99780667),  ('CLS Classification Acc', 0.97810334)
[INFO] 2022-10-04 09:45:57,807 [    train.py:  245]:	Epoch 41 Test: Precision 0.566 Recall 0.681 F1 0.618
[INFO] 2022-10-04 09:47:09,022 [    train.py:  216]:	Epoch 42 Train: Loss 0.0157, ('Ner Loss', 0.014884411357343197),  ('CLS Classification Loss', 0.0008098011603578925), ('Ner Acc', 0.9997290968894958),  ('CLS Classification Acc', 0.9997888803482056)
[INFO] 2022-10-04 09:47:11,627 [    train.py:  236]:	Epoch 42 Valid: Loss 0.1957, ('Ner Loss', 0.018037818),  ('CLS Classification Loss', 0.17764853), ('Ner Acc', 0.99778444),  ('CLS Classification Acc', 0.9775052)
[INFO] 2022-10-04 09:47:19,990 [    train.py:  245]:	Epoch 42 Test: Precision 0.557 Recall 0.688 F1 0.616
[INFO] 2022-10-04 09:48:31,509 [    train.py:  216]:	Epoch 43 Train: Loss 0.0160, ('Ner Loss', 0.014805849641561508),  ('CLS Classification Loss', 0.0012108732480555773), ('Ner Acc', 0.999691903591156),  ('CLS Classification Acc', 0.9996507167816162)
[INFO] 2022-10-04 09:48:34,130 [    train.py:  236]:	Epoch 43 Valid: Loss 0.1799, ('Ner Loss', 0.015131265),  ('CLS Classification Loss', 0.16475308), ('Ner Acc', 0.9979195),  ('CLS Classification Acc', 0.97841907)
[INFO] 2022-10-04 09:48:42,464 [    train.py:  245]:	Epoch 43 Test: Precision 0.571 Recall 0.666 F1 0.615
[INFO] 2022-10-04 09:49:53,905 [    train.py:  216]:	Epoch 44 Train: Loss 0.0155, ('Ner Loss', 0.014519407413899899),  ('CLS Classification Loss', 0.0009623367222957313), ('Ner Acc', 0.9996911287307739),  ('CLS Classification Acc', 0.9996671080589294)
[INFO] 2022-10-04 09:49:56,547 [    train.py:  236]:	Epoch 44 Valid: Loss 0.1786, ('Ner Loss', 0.015868193),  ('CLS Classification Loss', 0.16274713), ('Ner Acc', 0.9978985),  ('CLS Classification Acc', 0.9807035)
[INFO] 2022-10-04 09:50:05,085 [    train.py:  245]:	Epoch 44 Test: Precision 0.604 Recall 0.667 F1 0.634
[INFO] 2022-10-04 09:51:16,229 [    train.py:  216]:	Epoch 45 Train: Loss 0.0157, ('Ner Loss', 0.014302032999694347),  ('CLS Classification Loss', 0.0014376469189301133), ('Ner Acc', 0.999738335609436),  ('CLS Classification Acc', 0.9996753334999084)
[INFO] 2022-10-04 09:51:18,876 [    train.py:  236]:	Epoch 45 Valid: Loss 0.1603, ('Ner Loss', 0.01658775),  ('CLS Classification Loss', 0.14371121), ('Ner Acc', 0.9979308),  ('CLS Classification Acc', 0.98047495)
[INFO] 2022-10-04 09:51:27,404 [    train.py:  245]:	Epoch 45 Test: Precision 0.603 Recall 0.671 F1 0.635
[INFO] 2022-10-04 09:52:39,046 [    train.py:  216]:	Epoch 46 Train: Loss 0.0171, ('Ner Loss', 0.014281577430665493),  ('CLS Classification Loss', 0.002868421608582139), ('Ner Acc', 0.9996635913848877),  ('CLS Classification Acc', 0.9993021488189697)
[INFO] 2022-10-04 09:52:41,649 [    train.py:  236]:	Epoch 46 Valid: Loss 0.1480, ('Ner Loss', 0.016375368),  ('CLS Classification Loss', 0.13163392), ('Ner Acc', 0.99793273),  ('CLS Classification Acc', 0.97979796)
[INFO] 2022-10-04 09:52:50,162 [    train.py:  245]:	Epoch 46 Test: Precision 0.591 Recall 0.675 F1 0.630
[INFO] 2022-10-04 09:54:01,656 [    train.py:  216]:	Epoch 47 Train: Loss 0.0145, ('Ner Loss', 0.013840301893651485),  ('CLS Classification Loss', 0.000695217284373939), ('Ner Acc', 0.999744713306427),  ('CLS Classification Acc', 0.9998213052749634)
[INFO] 2022-10-04 09:54:04,257 [    train.py:  236]:	Epoch 47 Valid: Loss 0.1740, ('Ner Loss', 0.018063579),  ('CLS Classification Loss', 0.15594472), ('Ner Acc', 0.99786085),  ('CLS Classification Acc', 0.97906286)
[INFO] 2022-10-04 09:54:12,892 [    train.py:  245]:	Epoch 47 Test: Precision 0.580 Recall 0.678 F1 0.625
[INFO] 2022-10-04 09:55:24,307 [    train.py:  216]:	Epoch 48 Train: Loss 0.0156, ('Ner Loss', 0.013806473463773727),  ('CLS Classification Loss', 0.001826855936087668), ('Ner Acc', 0.9997174143791199),  ('CLS Classification Acc', 0.9994800686836243)
[INFO] 2022-10-04 09:55:26,945 [    train.py:  236]:	Epoch 48 Valid: Loss 0.1591, ('Ner Loss', 0.016012667),  ('CLS Classification Loss', 0.14310265), ('Ner Acc', 0.99786806),  ('CLS Classification Acc', 0.98075324)
[INFO] 2022-10-04 09:55:35,830 [    train.py:  245]:	Epoch 48 Test: Precision 0.592 Recall 0.681 F1 0.633
[INFO] 2022-10-04 09:56:47,147 [    train.py:  216]:	Epoch 49 Train: Loss 0.0143, ('Ner Loss', 0.013513769023120403),  ('CLS Classification Loss', 0.0007728910422883928), ('Ner Acc', 0.9997437596321106),  ('CLS Classification Acc', 0.9997563362121582)
[INFO] 2022-10-04 09:56:49,785 [    train.py:  236]:	Epoch 49 Valid: Loss 0.1619, ('Ner Loss', 0.016903996),  ('CLS Classification Loss', 0.1449473), ('Ner Acc', 0.9979964),  ('CLS Classification Acc', 0.9805248)
[INFO] 2022-10-04 09:56:58,238 [    train.py:  245]:	Epoch 49 Test: Precision 0.594 Recall 0.678 F1 0.633
[INFO] 2022-10-04 09:58:09,551 [    train.py:  216]:	Epoch 50 Train: Loss 0.0143, ('Ner Loss', 0.013259285129606724),  ('CLS Classification Loss', 0.0010680656414479017), ('Ner Acc', 0.9997541308403015),  ('CLS Classification Acc', 0.9996671080589294)
[INFO] 2022-10-04 09:58:12,157 [    train.py:  236]:	Epoch 50 Valid: Loss 0.1668, ('Ner Loss', 0.017540148),  ('CLS Classification Loss', 0.14927596), ('Ner Acc', 0.99797076),  ('CLS Classification Acc', 0.9804252)
[INFO] 2022-10-04 09:58:20,518 [    train.py:  245]:	Epoch 50 Test: Precision 0.594 Recall 0.687 F1 0.637
[INFO] 2022-10-04 09:59:42,444 [    train.py:  216]:	Epoch 51 Train: Loss 0.0147, ('Ner Loss', 0.013143322430551052),  ('CLS Classification Loss', 0.0015479850117117167), ('Ner Acc', 0.9997415542602539),  ('CLS Classification Acc', 0.999561607837677)
[INFO] 2022-10-04 09:59:45,093 [    train.py:  236]:	Epoch 51 Valid: Loss 0.1540, ('Ner Loss', 0.016787965),  ('CLS Classification Loss', 0.13725963), ('Ner Acc', 0.99788606),  ('CLS Classification Acc', 0.9815715)
[INFO] 2022-10-04 09:59:53,437 [    train.py:  245]:	Epoch 51 Test: Precision 0.609 Recall 0.675 F1 0.640
[INFO] 2022-10-04 10:01:04,922 [    train.py:  216]:	Epoch 52 Train: Loss 0.0148, ('Ner Loss', 0.012987392954528332),  ('CLS Classification Loss', 0.0018306906567886472), ('Ner Acc', 0.9997450113296509),  ('CLS Classification Acc', 0.9994317293167114)
[INFO] 2022-10-04 10:01:07,548 [    train.py:  236]:	Epoch 52 Valid: Loss 0.1450, ('Ner Loss', 0.017895008),  ('CLS Classification Loss', 0.12708363), ('Ner Acc', 0.9978878),  ('CLS Classification Acc', 0.9797065)
[INFO] 2022-10-04 10:01:15,898 [    train.py:  245]:	Epoch 52 Test: Precision 0.593 Recall 0.687 F1 0.636
[INFO] 2022-10-04 10:02:27,734 [    train.py:  216]:	Epoch 53 Train: Loss 0.0134, ('Ner Loss', 0.01277478039264679),  ('CLS Classification Loss', 0.0005861201207153499), ('Ner Acc', 0.9997711777687073),  ('CLS Classification Acc', 0.999805212020874)
[INFO] 2022-10-04 10:02:30,335 [    train.py:  236]:	Epoch 53 Valid: Loss 0.1636, ('Ner Loss', 0.016982207),  ('CLS Classification Loss', 0.14657907), ('Ner Acc', 0.9979847),  ('CLS Classification Acc', 0.9802548)
[INFO] 2022-10-04 10:02:38,734 [    train.py:  245]:	Epoch 53 Test: Precision 0.609 Recall 0.682 F1 0.644
[INFO] 2022-10-04 10:03:50,038 [    train.py:  216]:	Epoch 54 Train: Loss 0.0131, ('Ner Loss', 0.012507041916251183),  ('CLS Classification Loss', 0.0005888469167985022), ('Ner Acc', 0.9997739791870117),  ('CLS Classification Acc', 0.9998700618743896)
[INFO] 2022-10-04 10:03:52,651 [    train.py:  236]:	Epoch 54 Valid: Loss 0.1689, ('Ner Loss', 0.01732462),  ('CLS Classification Loss', 0.15159176), ('Ner Acc', 0.99801797),  ('CLS Classification Acc', 0.9808404)
[INFO] 2022-10-04 10:04:01,076 [    train.py:  245]:	Epoch 54 Test: Precision 0.633 Recall 0.657 F1 0.645
[INFO] 2022-10-04 10:05:12,541 [    train.py:  216]:	Epoch 55 Train: Loss 0.0133, ('Ner Loss', 0.012397000566124916),  ('CLS Classification Loss', 0.0009127921657636762), ('Ner Acc', 0.999780535697937),  ('CLS Classification Acc', 0.9997319579124451)
[INFO] 2022-10-04 10:05:15,149 [    train.py:  236]:	Epoch 55 Valid: Loss 0.1776, ('Ner Loss', 0.021216398),  ('CLS Classification Loss', 0.15637465), ('Ner Acc', 0.99782956),  ('CLS Classification Acc', 0.98097754)
[INFO] 2022-10-04 10:05:23,503 [    train.py:  245]:	Epoch 55 Test: Precision 0.613 Recall 0.661 F1 0.636
[INFO] 2022-10-04 10:06:35,036 [    train.py:  216]:	Epoch 56 Train: Loss 0.0136, ('Ner Loss', 0.01229331735521555),  ('CLS Classification Loss', 0.001355326734483242), ('Ner Acc', 0.9997290372848511),  ('CLS Classification Acc', 0.9996915459632874)
[INFO] 2022-10-04 10:06:37,671 [    train.py:  236]:	Epoch 56 Valid: Loss 0.1627, ('Ner Loss', 0.017918328),  ('CLS Classification Loss', 0.14480525), ('Ner Acc', 0.99809617),  ('CLS Classification Acc', 0.9808446)
[INFO] 2022-10-04 10:06:46,196 [    train.py:  245]:	Epoch 56 Test: Precision 0.615 Recall 0.683 F1 0.647
[INFO] 2022-10-04 10:07:57,709 [    train.py:  216]:	Epoch 57 Train: Loss 0.0126, ('Ner Loss', 0.01199775654822588),  ('CLS Classification Loss', 0.0006002893787808716), ('Ner Acc', 0.9997820258140564),  ('CLS Classification Acc', 0.9998375773429871)
[INFO] 2022-10-04 10:08:00,322 [    train.py:  236]:	Epoch 57 Valid: Loss 0.1561, ('Ner Loss', 0.017156713),  ('CLS Classification Loss', 0.13891031), ('Ner Acc', 0.99791926),  ('CLS Classification Acc', 0.98107296)
[INFO] 2022-10-04 10:08:08,791 [    train.py:  245]:	Epoch 57 Test: Precision 0.605 Recall 0.673 F1 0.637
[INFO] 2022-10-04 10:09:19,608 [    train.py:  216]:	Epoch 58 Train: Loss 0.0121, ('Ner Loss', 0.011734614148736),  ('CLS Classification Loss', 0.00038247773773036897), ('Ner Acc', 0.9998216032981873),  ('CLS Classification Acc', 0.9999025464057922)
[INFO] 2022-10-04 10:09:22,220 [    train.py:  236]:	Epoch 58 Valid: Loss 0.1708, ('Ner Loss', 0.018443968),  ('CLS Classification Loss', 0.1523119), ('Ner Acc', 0.9978566),  ('CLS Classification Acc', 0.9807947)
[INFO] 2022-10-04 10:09:30,811 [    train.py:  245]:	Epoch 58 Test: Precision 0.596 Recall 0.673 F1 0.632
[INFO] 2022-10-04 10:10:42,595 [    train.py:  216]:	Epoch 59 Train: Loss 0.0118, ('Ner Loss', 0.011560037732124329),  ('CLS Classification Loss', 0.00021406337327789515), ('Ner Acc', 0.9998142719268799),  ('CLS Classification Acc', 0.9999512434005737)
[INFO] 2022-10-04 10:10:45,227 [    train.py:  236]:	Epoch 59 Valid: Loss 0.1936, ('Ner Loss', 0.018995142),  ('CLS Classification Loss', 0.17459545), ('Ner Acc', 0.99806684),  ('CLS Classification Acc', 0.9795695)
[INFO] 2022-10-04 10:10:53,754 [    train.py:  245]:	Epoch 59 Test: Precision 0.600 Recall 0.680 F1 0.637
[INFO] 2022-10-04 10:12:05,310 [    train.py:  216]:	Epoch 60 Train: Loss 0.0124, ('Ner Loss', 0.011468332260847092),  ('CLS Classification Loss', 0.0008892854675650597), ('Ner Acc', 0.9998079538345337),  ('CLS Classification Acc', 0.9998375177383423)
[INFO] 2022-10-04 10:12:07,909 [    train.py:  236]:	Epoch 60 Valid: Loss 0.1657, ('Ner Loss', 0.019703215),  ('CLS Classification Loss', 0.14594944), ('Ner Acc', 0.9978478),  ('CLS Classification Acc', 0.9801593)
[INFO] 2022-10-04 10:12:16,441 [    train.py:  245]:	Epoch 60 Test: Precision 0.601 Recall 0.664 F1 0.631
[INFO] 2022-10-04 10:13:27,678 [    train.py:  216]:	Epoch 61 Train: Loss 0.0124, ('Ner Loss', 0.011363781057298183),  ('CLS Classification Loss', 0.001027454505674541), ('Ner Acc', 0.999788224697113),  ('CLS Classification Acc', 0.9997239708900452)
[INFO] 2022-10-04 10:13:30,277 [    train.py:  236]:	Epoch 61 Valid: Loss 0.1751, ('Ner Loss', 0.01815164),  ('CLS Classification Loss', 0.15691364), ('Ner Acc', 0.99790514),  ('CLS Classification Acc', 0.98011357)
[INFO] 2022-10-04 10:13:39,015 [    train.py:  245]:	Epoch 61 Test: Precision 0.594 Recall 0.697 F1 0.642
[INFO] 2022-10-04 10:14:50,532 [    train.py:  216]:	Epoch 62 Train: Loss 0.0134, ('Ner Loss', 0.011296313256025314),  ('CLS Classification Loss', 0.0021115588024258614), ('Ner Acc', 0.9997586607933044),  ('CLS Classification Acc', 0.9993829727172852)
[INFO] 2022-10-04 10:14:53,141 [    train.py:  236]:	Epoch 62 Valid: Loss 0.1493, ('Ner Loss', 0.017162653),  ('CLS Classification Loss', 0.13215718), ('Ner Acc', 0.99791765),  ('CLS Classification Acc', 0.9809817)
[INFO] 2022-10-04 10:15:01,657 [    train.py:  245]:	Epoch 62 Test: Precision 0.612 Recall 0.667 F1 0.638
[INFO] 2022-10-04 10:16:12,776 [    train.py:  216]:	Epoch 63 Train: Loss 0.0121, ('Ner Loss', 0.011108575388789177),  ('CLS Classification Loss', 0.0009414682281203568), ('Ner Acc', 0.9997609853744507),  ('CLS Classification Acc', 0.9997564554214478)
[INFO] 2022-10-04 10:16:15,377 [    train.py:  236]:	Epoch 63 Valid: Loss 0.1626, ('Ner Loss', 0.017879747),  ('CLS Classification Loss', 0.14470021), ('Ner Acc', 0.9978949),  ('CLS Classification Acc', 0.97915417)
[INFO] 2022-10-04 10:16:23,705 [    train.py:  245]:	Epoch 63 Test: Precision 0.590 Recall 0.695 F1 0.638
[INFO] 2022-10-04 10:17:34,928 [    train.py:  216]:	Epoch 64 Train: Loss 0.0110, ('Ner Loss', 0.010801583528518677),  ('CLS Classification Loss', 0.00022195096244104207), ('Ner Acc', 0.9998056888580322),  ('CLS Classification Acc', 0.99993497133255)
[INFO] 2022-10-04 10:17:37,555 [    train.py:  236]:	Epoch 64 Valid: Loss 0.1818, ('Ner Loss', 0.01784525),  ('CLS Classification Loss', 0.16391219), ('Ner Acc', 0.99805963),  ('CLS Classification Acc', 0.9807531)
[INFO] 2022-10-04 10:17:46,147 [    train.py:  245]:	Epoch 64 Test: Precision 0.623 Recall 0.685 F1 0.652
[INFO] 2022-10-04 10:18:57,225 [    train.py:  216]:	Epoch 65 Train: Loss 0.0129, ('Ner Loss', 0.0108932601287961),  ('CLS Classification Loss', 0.001998747233301401), ('Ner Acc', 0.9997544288635254),  ('CLS Classification Acc', 0.9995941519737244)
[INFO] 2022-10-04 10:18:59,856 [    train.py:  236]:	Epoch 65 Valid: Loss 0.1263, ('Ner Loss', 0.015747165),  ('CLS Classification Loss', 0.11054028), ('Ner Acc', 0.9978365),  ('CLS Classification Acc', 0.9803087)
[INFO] 2022-10-04 10:19:08,296 [    train.py:  245]:	Epoch 65 Test: Precision 0.604 Recall 0.662 F1 0.632
[INFO] 2022-10-04 10:20:19,545 [    train.py:  216]:	Epoch 66 Train: Loss 0.0121, ('Ner Loss', 0.010677770711481571),  ('CLS Classification Loss', 0.0014526739250868559), ('Ner Acc', 0.9997677803039551),  ('CLS Classification Acc', 0.999610185623169)
[INFO] 2022-10-04 10:20:22,161 [    train.py:  236]:	Epoch 66 Valid: Loss 0.1553, ('Ner Loss', 0.016292943),  ('CLS Classification Loss', 0.13899963), ('Ner Acc', 0.9979728),  ('CLS Classification Acc', 0.97983533)
[INFO] 2022-10-04 10:20:30,579 [    train.py:  245]:	Epoch 66 Test: Precision 0.599 Recall 0.672 F1 0.633
[INFO] 2022-10-04 10:21:41,900 [    train.py:  216]:	Epoch 67 Train: Loss 0.0117, ('Ner Loss', 0.010524931363761425),  ('CLS Classification Loss', 0.0011611072113737464), ('Ner Acc', 0.9997863173484802),  ('CLS Classification Acc', 0.9997239112854004)
[INFO] 2022-10-04 10:21:44,530 [    train.py:  236]:	Epoch 67 Valid: Loss 0.1618, ('Ner Loss', 0.017499043),  ('CLS Classification Loss', 0.14428677), ('Ner Acc', 0.99799776),  ('CLS Classification Acc', 0.98038363)
[INFO] 2022-10-04 10:21:52,919 [    train.py:  245]:	Epoch 67 Test: Precision 0.603 Recall 0.678 F1 0.638
[INFO] 2022-10-04 10:23:04,291 [    train.py:  216]:	Epoch 68 Train: Loss 0.0109, ('Ner Loss', 0.010242827236652374),  ('CLS Classification Loss', 0.0006871563964523375), ('Ner Acc', 0.9998260736465454),  ('CLS Classification Acc', 0.9998781681060791)
[INFO] 2022-10-04 10:23:06,921 [    train.py:  236]:	Epoch 68 Valid: Loss 0.1535, ('Ner Loss', 0.016839478),  ('CLS Classification Loss', 0.13663042), ('Ner Acc', 0.9980661),  ('CLS Classification Acc', 0.9791999)
[INFO] 2022-10-04 10:23:15,321 [    train.py:  245]:	Epoch 68 Test: Precision 0.593 Recall 0.674 F1 0.631
[INFO] 2022-10-04 10:24:26,536 [    train.py:  216]:	Epoch 69 Train: Loss 0.0103, ('Ner Loss', 0.010044512338936329),  ('CLS Classification Loss', 0.00026569320471026003), ('Ner Acc', 0.9998446106910706),  ('CLS Classification Acc', 0.9999187588691711)
[INFO] 2022-10-04 10:24:29,149 [    train.py:  236]:	Epoch 69 Valid: Loss 0.1776, ('Ner Loss', 0.018232409),  ('CLS Classification Loss', 0.15931939), ('Ner Acc', 0.9980227),  ('CLS Classification Acc', 0.9807035)
[INFO] 2022-10-04 10:24:37,570 [    train.py:  245]:	Epoch 69 Test: Precision 0.615 Recall 0.700 F1 0.655
[INFO] 2022-10-04 10:25:48,835 [    train.py:  216]:	Epoch 70 Train: Loss 0.0105, ('Ner Loss', 0.009899439290165901),  ('CLS Classification Loss', 0.000596878060605377), ('Ner Acc', 0.9998456835746765),  ('CLS Classification Acc', 0.9998538494110107)
[INFO] 2022-10-04 10:25:51,454 [    train.py:  236]:	Epoch 70 Valid: Loss 0.1577, ('Ner Loss', 0.017471625),  ('CLS Classification Loss', 0.14020127), ('Ner Acc', 0.9980611),  ('CLS Classification Acc', 0.9810771)
[INFO] 2022-10-04 10:25:59,857 [    train.py:  245]:	Epoch 70 Test: Precision 0.621 Recall 0.693 F1 0.655
[INFO] 2022-10-04 10:27:11,020 [    train.py:  216]:	Epoch 71 Train: Loss 0.0103, ('Ner Loss', 0.009764034301042557),  ('CLS Classification Loss', 0.0005088731995783746), ('Ner Acc', 0.9998460412025452),  ('CLS Classification Acc', 0.9998213052749634)
[INFO] 2022-10-04 10:27:13,625 [    train.py:  236]:	Epoch 71 Valid: Loss 0.1679, ('Ner Loss', 0.018776199),  ('CLS Classification Loss', 0.14910041), ('Ner Acc', 0.9979976),  ('CLS Classification Acc', 0.98020905)
[INFO] 2022-10-04 10:27:22,101 [    train.py:  245]:	Epoch 71 Test: Precision 0.619 Recall 0.703 F1 0.658
[INFO] 2022-10-04 10:28:33,432 [    train.py:  216]:	Epoch 72 Train: Loss 0.0117, ('Ner Loss', 0.009699889458715916),  ('CLS Classification Loss', 0.002046353882178664), ('Ner Acc', 0.9998362064361572),  ('CLS Classification Acc', 0.9995537400245667)
[INFO] 2022-10-04 10:28:36,039 [    train.py:  236]:	Epoch 72 Valid: Loss 0.1550, ('Ner Loss', 0.018131413),  ('CLS Classification Loss', 0.13690706), ('Ner Acc', 0.99795383),  ('CLS Classification Acc', 0.9802964)
[INFO] 2022-10-04 10:28:44,505 [    train.py:  245]:	Epoch 72 Test: Precision 0.597 Recall 0.682 F1 0.637
[INFO] 2022-10-04 10:29:55,807 [    train.py:  216]:	Epoch 73 Train: Loss 0.0106, ('Ner Loss', 0.00959542952477932),  ('CLS Classification Loss', 0.0009668954298831522), ('Ner Acc', 0.9998359084129333),  ('CLS Classification Acc', 0.9997482895851135)
[INFO] 2022-10-04 10:29:58,406 [    train.py:  236]:	Epoch 73 Valid: Loss 0.1616, ('Ner Loss', 0.0194144),  ('CLS Classification Loss', 0.14217754), ('Ner Acc', 0.9979685),  ('CLS Classification Acc', 0.98239386)
[INFO] 2022-10-04 10:30:06,859 [    train.py:  245]:	Epoch 73 Test: Precision 0.624 Recall 0.666 F1 0.644
[INFO] 2022-10-04 10:31:17,983 [    train.py:  216]:	Epoch 74 Train: Loss 0.0097, ('Ner Loss', 0.009419010020792484),  ('CLS Classification Loss', 0.00032710813684388995), ('Ner Acc', 0.9998410940170288),  ('CLS Classification Acc', 0.9999269247055054)
[INFO] 2022-10-04 10:31:20,578 [    train.py:  236]:	Epoch 74 Valid: Loss 0.1629, ('Ner Loss', 0.01898962),  ('CLS Classification Loss', 0.14389071), ('Ner Acc', 0.99814194),  ('CLS Classification Acc', 0.98212385)
[INFO] 2022-10-04 10:31:29,092 [    train.py:  245]:	Epoch 74 Test: Precision 0.640 Recall 0.669 F1 0.655
[INFO] 2022-10-04 10:32:40,995 [    train.py:  216]:	Epoch 75 Train: Loss 0.0094, ('Ner Loss', 0.009186245501041412),  ('CLS Classification Loss', 0.00017202006711158901), ('Ner Acc', 0.999862015247345),  ('CLS Classification Acc', 0.9999430775642395)
[INFO] 2022-10-04 10:32:43,634 [    train.py:  236]:	Epoch 75 Valid: Loss 0.1730, ('Ner Loss', 0.019054037),  ('CLS Classification Loss', 0.15395488), ('Ner Acc', 0.9980718),  ('CLS Classification Acc', 0.98138857)
[INFO] 2022-10-04 10:32:52,161 [    train.py:  245]:	Epoch 75 Test: Precision 0.623 Recall 0.675 F1 0.648
[INFO] 2022-10-04 10:34:04,291 [    train.py:  216]:	Epoch 76 Train: Loss 0.0107, ('Ner Loss', 0.009202064946293831),  ('CLS Classification Loss', 0.001517146942205727), ('Ner Acc', 0.9998145699501038),  ('CLS Classification Acc', 0.9996022582054138)
[INFO] 2022-10-04 10:34:06,945 [    train.py:  236]:	Epoch 76 Valid: Loss 0.1332, ('Ner Loss', 0.018190684),  ('CLS Classification Loss', 0.11496582), ('Ner Acc', 0.99796927),  ('CLS Classification Acc', 0.98010945)
[INFO] 2022-10-04 10:34:15,479 [    train.py:  245]:	Epoch 76 Test: Precision 0.596 Recall 0.666 F1 0.629
[INFO] 2022-10-04 10:35:26,833 [    train.py:  216]:	Epoch 77 Train: Loss 0.0106, ('Ner Loss', 0.009109298698604107),  ('CLS Classification Loss', 0.0015349671011790633), ('Ner Acc', 0.9998201727867126),  ('CLS Classification Acc', 0.999561607837677)
[INFO] 2022-10-04 10:35:29,442 [    train.py:  236]:	Epoch 77 Valid: Loss 0.1625, ('Ner Loss', 0.019177966),  ('CLS Classification Loss', 0.14327899), ('Ner Acc', 0.997775),  ('CLS Classification Acc', 0.9802008)
[INFO] 2022-10-04 10:35:38,303 [    train.py:  245]:	Epoch 77 Test: Precision 0.580 Recall 0.641 F1 0.609
[INFO] 2022-10-04 10:36:50,037 [    train.py:  216]:	Epoch 78 Train: Loss 0.0101, ('Ner Loss', 0.008948251605033875),  ('CLS Classification Loss', 0.001126477844081819), ('Ner Acc', 0.9998456239700317),  ('CLS Classification Acc', 0.9997403025627136)
[INFO] 2022-10-04 10:36:52,681 [    train.py:  236]:	Epoch 78 Valid: Loss 0.1532, ('Ner Loss', 0.01854481),  ('CLS Classification Loss', 0.13464624), ('Ner Acc', 0.99781245),  ('CLS Classification Acc', 0.9790586)
[INFO] 2022-10-04 10:37:01,235 [    train.py:  245]:	Epoch 78 Test: Precision 0.576 Recall 0.664 F1 0.617
[INFO] 2022-10-04 10:38:13,233 [    train.py:  216]:	Epoch 79 Train: Loss 0.0103, ('Ner Loss', 0.008832648396492004),  ('CLS Classification Loss', 0.0014197095297276974), ('Ner Acc', 0.9998422861099243),  ('CLS Classification Acc', 0.999634861946106)
[INFO] 2022-10-04 10:38:15,821 [    train.py:  236]:	Epoch 79 Valid: Loss 0.1526, ('Ner Loss', 0.019946193),  ('CLS Classification Loss', 0.13260539), ('Ner Acc', 0.99769783),  ('CLS Classification Acc', 0.97691965)
[INFO] 2022-10-04 10:38:24,456 [    train.py:  245]:	Epoch 79 Test: Precision 0.554 Recall 0.636 F1 0.592
[INFO] 2022-10-04 10:39:36,135 [    train.py:  216]:	Epoch 80 Train: Loss 0.0102, ('Ner Loss', 0.00876875501126051),  ('CLS Classification Loss', 0.0014222810277715325), ('Ner Acc', 0.9998179078102112),  ('CLS Classification Acc', 0.9995942115783691)
[INFO] 2022-10-04 10:39:38,760 [    train.py:  236]:	Epoch 80 Valid: Loss 0.1455, ('Ner Loss', 0.016936198),  ('CLS Classification Loss', 0.12858641), ('Ner Acc', 0.9978925),  ('CLS Classification Acc', 0.9806577)
[INFO] 2022-10-04 10:39:47,444 [    train.py:  245]:	Epoch 80 Test: Precision 0.598 Recall 0.652 F1 0.624
[INFO] 2022-10-04 10:40:59,086 [    train.py:  216]:	Epoch 81 Train: Loss 0.0094, ('Ner Loss', 0.008668656460940838),  ('CLS Classification Loss', 0.0007546766428276896), ('Ner Acc', 0.9998301863670349),  ('CLS Classification Acc', 0.9998213052749634)
[INFO] 2022-10-04 10:41:01,706 [    train.py:  236]:	Epoch 81 Valid: Loss 0.1575, ('Ner Loss', 0.016682073),  ('CLS Classification Loss', 0.1408609), ('Ner Acc', 0.99788535),  ('CLS Classification Acc', 0.98097754)
[INFO] 2022-10-04 10:41:10,243 [    train.py:  245]:	Epoch 81 Test: Precision 0.593 Recall 0.659 F1 0.624
[INFO] 2022-10-04 10:42:22,100 [    train.py:  216]:	Epoch 82 Train: Loss 0.0088, ('Ner Loss', 0.008437657728791237),  ('CLS Classification Loss', 0.00037659623194485903), ('Ner Acc', 0.9998593330383301),  ('CLS Classification Acc', 0.9999025464057922)
[INFO] 2022-10-04 10:42:24,738 [    train.py:  236]:	Epoch 82 Valid: Loss 0.1713, ('Ner Loss', 0.018492173),  ('CLS Classification Loss', 0.15280676), ('Ner Acc', 0.997899),  ('CLS Classification Acc', 0.98074913)
[INFO] 2022-10-04 10:42:33,289 [    train.py:  245]:	Epoch 82 Test: Precision 0.600 Recall 0.672 F1 0.634
[INFO] 2022-10-04 10:43:44,912 [    train.py:  216]:	Epoch 83 Train: Loss 0.0094, ('Ner Loss', 0.008276172913610935),  ('CLS Classification Loss', 0.001171412761323154), ('Ner Acc', 0.9998613595962524),  ('CLS Classification Acc', 0.9997970461845398)
[INFO] 2022-10-04 10:43:47,521 [    train.py:  236]:	Epoch 83 Valid: Loss 0.1480, ('Ner Loss', 0.018392399),  ('CLS Classification Loss', 0.12963916), ('Ner Acc', 0.9979213),  ('CLS Classification Acc', 0.98051643)
[INFO] 2022-10-04 10:43:56,262 [    train.py:  245]:	Epoch 83 Test: Precision 0.613 Recall 0.665 F1 0.638
[INFO] 2022-10-04 10:45:07,661 [    train.py:  216]:	Epoch 84 Train: Loss 0.0083, ('Ner Loss', 0.008117515593767166),  ('CLS Classification Loss', 0.00019401704776100814), ('Ner Acc', 0.9998779892921448),  ('CLS Classification Acc', 0.9999675154685974)
[INFO] 2022-10-04 10:45:10,276 [    train.py:  236]:	Epoch 84 Valid: Loss 0.1779, ('Ner Loss', 0.019926315),  ('CLS Classification Loss', 0.1579524), ('Ner Acc', 0.9979348),  ('CLS Classification Acc', 0.97979796)
[INFO] 2022-10-04 10:45:18,789 [    train.py:  245]:	Epoch 84 Test: Precision 0.603 Recall 0.657 F1 0.628
[INFO] 2022-10-04 10:46:30,337 [    train.py:  216]:	Epoch 85 Train: Loss 0.0088, ('Ner Loss', 0.008046923205256462),  ('CLS Classification Loss', 0.0007302777958102524), ('Ner Acc', 0.9998760223388672),  ('CLS Classification Acc', 0.9998131990432739)
[INFO] 2022-10-04 10:46:32,961 [    train.py:  236]:	Epoch 85 Valid: Loss 0.1600, ('Ner Loss', 0.019274637),  ('CLS Classification Loss', 0.14076357), ('Ner Acc', 0.99791),  ('CLS Classification Acc', 0.9808404)
[INFO] 2022-10-04 10:46:41,498 [    train.py:  245]:	Epoch 85 Test: Precision 0.607 Recall 0.666 F1 0.635
[INFO] 2022-10-04 10:47:53,447 [    train.py:  216]:	Epoch 86 Train: Loss 0.0081, ('Ner Loss', 0.007880124263465405),  ('CLS Classification Loss', 0.00022987469856161624), ('Ner Acc', 0.9998775720596313),  ('CLS Classification Acc', 0.9999513030052185)
[INFO] 2022-10-04 10:47:56,068 [    train.py:  236]:	Epoch 86 Valid: Loss 0.1773, ('Ner Loss', 0.019461537),  ('CLS Classification Loss', 0.15779218), ('Ner Acc', 0.9979519),  ('CLS Classification Acc', 0.9816171)
[INFO] 2022-10-04 10:48:04,679 [    train.py:  245]:	Epoch 86 Test: Precision 0.622 Recall 0.669 F1 0.645
[INFO] 2022-10-04 10:49:16,008 [    train.py:  216]:	Epoch 87 Train: Loss 0.0081, ('Ner Loss', 0.007747644558548927),  ('CLS Classification Loss', 0.0003663071256596595), ('Ner Acc', 0.9998878240585327),  ('CLS Classification Acc', 0.9999105930328369)
[INFO] 2022-10-04 10:49:18,625 [    train.py:  236]:	Epoch 87 Valid: Loss 0.1578, ('Ner Loss', 0.019579485),  ('CLS Classification Loss', 0.13822384), ('Ner Acc', 0.9979987),  ('CLS Classification Acc', 0.98106885)
[INFO] 2022-10-04 10:49:27,165 [    train.py:  245]:	Epoch 87 Test: Precision 0.617 Recall 0.662 F1 0.639
[INFO] 2022-10-04 10:50:38,617 [    train.py:  216]:	Epoch 88 Train: Loss 0.0079, ('Ner Loss', 0.007638547569513321),  ('CLS Classification Loss', 0.00021421138080768287), ('Ner Acc', 0.999869704246521),  ('CLS Classification Acc', 0.9999513030052185)
[INFO] 2022-10-04 10:50:41,215 [    train.py:  236]:	Epoch 88 Valid: Loss 0.1760, ('Ner Loss', 0.020563634),  ('CLS Classification Loss', 0.15544707), ('Ner Acc', 0.9979622),  ('CLS Classification Acc', 0.9824851)
[INFO] 2022-10-04 10:50:49,816 [    train.py:  245]:	Epoch 88 Test: Precision 0.651 Recall 0.652 F1 0.652
[INFO] 2022-10-04 10:52:01,642 [    train.py:  216]:	Epoch 89 Train: Loss 0.0084, ('Ner Loss', 0.007522157393395901),  ('CLS Classification Loss', 0.0008918188395909965), ('Ner Acc', 0.9998554587364197),  ('CLS Classification Acc', 0.9997319579124451)
[INFO] 2022-10-04 10:52:04,287 [    train.py:  236]:	Epoch 89 Valid: Loss 0.1435, ('Ner Loss', 0.01803946),  ('CLS Classification Loss', 0.12542672), ('Ner Acc', 0.9980272),  ('CLS Classification Acc', 0.98121846)
[INFO] 2022-10-04 10:52:12,822 [    train.py:  245]:	Epoch 89 Test: Precision 0.651 Recall 0.636 F1 0.643
[INFO] 2022-10-04 10:53:24,560 [    train.py:  216]:	Epoch 90 Train: Loss 0.0087, ('Ner Loss', 0.007496860343962908),  ('CLS Classification Loss', 0.0012479580473154783), ('Ner Acc', 0.9998475313186646),  ('CLS Classification Acc', 0.9996263980865479)
[INFO] 2022-10-04 10:53:27,189 [    train.py:  236]:	Epoch 90 Valid: Loss 0.1570, ('Ner Loss', 0.01904306),  ('CLS Classification Loss', 0.13794747), ('Ner Acc', 0.99788797),  ('CLS Classification Acc', 0.98143846)
[INFO] 2022-10-04 10:53:35,919 [    train.py:  245]:	Epoch 90 Test: Precision 0.622 Recall 0.662 F1 0.641
[INFO] 2022-10-04 10:54:47,226 [    train.py:  216]:	Epoch 91 Train: Loss 0.0085, ('Ner Loss', 0.007433032151311636),  ('CLS Classification Loss', 0.0011019567027688026), ('Ner Acc', 0.9998186826705933),  ('CLS Classification Acc', 0.999699592590332)
[INFO] 2022-10-04 10:54:49,841 [    train.py:  236]:	Epoch 91 Valid: Loss 0.1618, ('Ner Loss', 0.018465288),  ('CLS Classification Loss', 0.14336514), ('Ner Acc', 0.9979816),  ('CLS Classification Acc', 0.98075736)
[INFO] 2022-10-04 10:54:58,266 [    train.py:  245]:	Epoch 91 Test: Precision 0.609 Recall 0.655 F1 0.632
[INFO] 2022-10-04 10:56:09,713 [    train.py:  216]:	Epoch 92 Train: Loss 0.0077, ('Ner Loss', 0.007299672346562147),  ('CLS Classification Loss', 0.00035050706355832517), ('Ner Acc', 0.999832034111023),  ('CLS Classification Acc', 0.9999106526374817)
[INFO] 2022-10-04 10:56:12,330 [    train.py:  236]:	Epoch 92 Valid: Loss 0.1816, ('Ner Loss', 0.020017955),  ('CLS Classification Loss', 0.16160695), ('Ner Acc', 0.99795413),  ('CLS Classification Acc', 0.98003054)
[INFO] 2022-10-04 10:56:20,753 [    train.py:  245]:	Epoch 92 Test: Precision 0.607 Recall 0.658 F1 0.631
[INFO] 2022-10-04 10:57:31,876 [    train.py:  216]:	Epoch 93 Train: Loss 0.0077, ('Ner Loss', 0.007184197194874287),  ('CLS Classification Loss', 0.0005600712029263377), ('Ner Acc', 0.9998418688774109),  ('CLS Classification Acc', 0.9998700618743896)
[INFO] 2022-10-04 10:57:34,472 [    train.py:  236]:	Epoch 93 Valid: Loss 0.1747, ('Ner Loss', 0.01972036),  ('CLS Classification Loss', 0.15502246), ('Ner Acc', 0.99788254),  ('CLS Classification Acc', 0.9804833)
[INFO] 2022-10-04 10:57:42,938 [    train.py:  245]:	Epoch 93 Test: Precision 0.607 Recall 0.667 F1 0.636
[INFO] 2022-10-04 10:58:54,128 [    train.py:  216]:	Epoch 94 Train: Loss 0.0075, ('Ner Loss', 0.0070877112448215485),  ('CLS Classification Loss', 0.0003939396410714835), ('Ner Acc', 0.9998438358306885),  ('CLS Classification Acc', 0.9999025464057922)
[INFO] 2022-10-04 10:58:56,742 [    train.py:  236]:	Epoch 94 Valid: Loss 0.1597, ('Ner Loss', 0.019945443),  ('CLS Classification Loss', 0.13976532), ('Ner Acc', 0.997996),  ('CLS Classification Acc', 0.9807989)
[INFO] 2022-10-04 10:59:05,204 [    train.py:  245]:	Epoch 94 Test: Precision 0.608 Recall 0.674 F1 0.639
[INFO] 2022-10-04 11:00:16,547 [    train.py:  216]:	Epoch 95 Train: Loss 0.0073, ('Ner Loss', 0.006938100792467594),  ('CLS Classification Loss', 0.000409612461226061), ('Ner Acc', 0.9998689889907837),  ('CLS Classification Acc', 0.999894380569458)
[INFO] 2022-10-04 11:00:19,144 [    train.py:  236]:	Epoch 95 Valid: Loss 0.1664, ('Ner Loss', 0.019759787),  ('CLS Classification Loss', 0.1466845), ('Ner Acc', 0.99788404),  ('CLS Classification Acc', 0.9807947)
[INFO] 2022-10-04 11:00:27,710 [    train.py:  245]:	Epoch 95 Test: Precision 0.608 Recall 0.659 F1 0.632
[INFO] 2022-10-04 11:01:39,381 [    train.py:  216]:	Epoch 96 Train: Loss 0.0087, ('Ner Loss', 0.0069047980941832066),  ('CLS Classification Loss', 0.0018341212999075651), ('Ner Acc', 0.9998407959938049),  ('CLS Classification Acc', 0.9995858669281006)
[INFO] 2022-10-04 11:01:42,014 [    train.py:  236]:	Epoch 96 Valid: Loss 0.1315, ('Ner Loss', 0.018685695),  ('CLS Classification Loss', 0.11279919), ('Ner Acc', 0.9979488),  ('CLS Classification Acc', 0.9800264)
[INFO] 2022-10-04 11:01:50,527 [    train.py:  245]:	Epoch 96 Test: Precision 0.613 Recall 0.683 F1 0.646
[INFO] 2022-10-04 11:03:02,042 [    train.py:  216]:	Epoch 97 Train: Loss 0.0077, ('Ner Loss', 0.006746146362274885),  ('CLS Classification Loss', 0.0009847601177170873), ('Ner Acc', 0.9998498558998108),  ('CLS Classification Acc', 0.9997401237487793)
[INFO] 2022-10-04 11:03:04,651 [    train.py:  236]:	Epoch 97 Valid: Loss 0.1509, ('Ner Loss', 0.017476305),  ('CLS Classification Loss', 0.13345033), ('Ner Acc', 0.9980316),  ('CLS Classification Acc', 0.9797066)
[INFO] 2022-10-04 11:03:13,181 [    train.py:  245]:	Epoch 97 Test: Precision 0.604 Recall 0.687 F1 0.643
[INFO] 2022-10-04 11:04:24,636 [    train.py:  216]:	Epoch 98 Train: Loss 0.0072, ('Ner Loss', 0.006673329975455999),  ('CLS Classification Loss', 0.0005105870659463108), ('Ner Acc', 0.9998667240142822),  ('CLS Classification Acc', 0.9998538494110107)
[INFO] 2022-10-04 11:04:27,232 [    train.py:  236]:	Epoch 98 Valid: Loss 0.1578, ('Ner Loss', 0.017850276),  ('CLS Classification Loss', 0.13992968), ('Ner Acc', 0.9980318),  ('CLS Classification Acc', 0.98016757)
[INFO] 2022-10-04 11:04:35,787 [    train.py:  245]:	Epoch 98 Test: Precision 0.613 Recall 0.675 F1 0.643
[INFO] 2022-10-04 11:05:47,169 [    train.py:  216]:	Epoch 99 Train: Loss 0.0068, ('Ner Loss', 0.006563263945281506),  ('CLS Classification Loss', 0.0001887922262540087), ('Ner Acc', 0.9998700618743896),  ('CLS Classification Acc', 0.9999512434005737)
[INFO] 2022-10-04 11:05:49,812 [    train.py:  236]:	Epoch 99 Valid: Loss 0.1732, ('Ner Loss', 0.017910365),  ('CLS Classification Loss', 0.15533689), ('Ner Acc', 0.9980976),  ('CLS Classification Acc', 0.98044175)
[INFO] 2022-10-04 11:05:58,494 [    train.py:  245]:	Epoch 99 Test: Precision 0.616 Recall 0.689 F1 0.651
[INFO] 2022-10-04 11:07:09,707 [    train.py:  216]:	Epoch 100 Train: Loss 0.0073, ('Ner Loss', 0.006513635627925396),  ('CLS Classification Loss', 0.0007372729014605284), ('Ner Acc', 0.9998466372489929),  ('CLS Classification Acc', 0.9998619556427002)
[INFO] 2022-10-04 11:07:12,313 [    train.py:  236]:	Epoch 100 Valid: Loss 0.1369, ('Ner Loss', 0.018119177),  ('CLS Classification Loss', 0.11876095), ('Ner Acc', 0.9980196),  ('CLS Classification Acc', 0.9802133)
[INFO] 2022-10-04 11:07:20,727 [    train.py:  245]:	Epoch 100 Test: Precision 0.602 Recall 0.652 F1 0.626
[INFO] 2022-10-04 11:07:20,727 [    train.py:  265]:	Best Epoch 71; Best f1 0.6583106267029972 precision 0.6188524590163934 recall 0.7031431897555297;
