[INFO] 2022-09-12 10:50:28,555 [    train.py:  505]:	Namespace(block_att_head_num=1, cased=True, d_block=256, data_aug=2, dataset='res15', do_test=True, do_train=True, do_valid=True, drop_null_data=True, dropout_rate=0.2, epochs=100, extra_attention=True, fuse_strategy='update', init_model_dir='', language='en', loss_ratio=1.0, lr=8e-05, mask_sb=True, model_type='end_to_end', output_dir='./output', save_dir='', task_name='ttee_res15_100epoch_256d_2aug_8e-5lr_cased_0.2dropout_dropnull_1loss', test_batch_size=32, train_batch_size=16, valid_freq=1)
[INFO] 2022-09-12 10:50:40,380 [    train.py:  118]:	{'init_bert_model': 'bert-base-cased', 'sentence_b': DictWrapper({'texts': ListWrapper(['general of ambience', 'price of drinks', 'quality of drinks', 'style options of drinks', 'prices of food', 'quality of food', 'style options of food', 'general of location', 'general of restaurant', 'miscellaneous of restaurant', 'prices of restaurant', 'general of service']), 'sentiments': ListWrapper(['negative', 'neutral', 'positive'])}), 'num_sentiment_classes': 3, 'subblock_hidden_size': 256, 'subblock_head_num': 1, 'cache_dir': 'bert_models/bert-base-cased', 'fuse_strategy': 'update', 'extra_attention': True, 'dropout': 0.2, 'loss_ratio': 1.0}
[INFO] 2022-09-12 10:50:40,380 [    train.py:  120]:	Number of Train Sentence: 1120
[INFO] 2022-09-12 10:50:40,390 [    train.py:  522]:	Data augment: Merge 2 train data together
[INFO] 2022-09-12 10:51:53,337 [    train.py:  184]:	Epoch 1: 
[INFO] 2022-09-12 10:51:53,338 [    train.py:  185]:	Train:
[INFO] 2022-09-12 10:51:53,347 [    train.py:  197]:	Loss 0.3038, ('Ner Loss', 0.05547568202018738),  ('CLS Classification Loss', 0.24835215508937836)
[INFO] 2022-09-12 10:51:53,347 [    train.py:  207]:	('Ner Acc', 0.9884772300720215),  ('CLS Classification Acc', 0.9305060505867004)
[INFO] 2022-09-12 10:51:58,971 [    train.py:  219]:	Evaluate:
[INFO] 2022-09-12 10:51:58,972 [    train.py:  226]:	Loss 0.1839, ('Ner Loss', 0.023580177),  ('CLS Classification Loss', 0.16036366)
[INFO] 2022-09-12 10:51:58,973 [    train.py:  227]:	('Ner Acc', 0.99689984), ('CLS Classification Acc', 0.962567)
[INFO] 2022-09-12 10:52:15,463 [    train.py:  236]:	Precision 0.000 Recall 0.000 F1 0.000
[INFO] 2022-09-12 10:52:57,860 [    train.py:  184]:	Epoch 2: 
[INFO] 2022-09-12 10:52:57,861 [    train.py:  185]:	Train:
[INFO] 2022-09-12 10:52:57,865 [    train.py:  197]:	Loss 0.2066, ('Ner Loss', 0.02491302229464054),  ('CLS Classification Loss', 0.18166497349739075)
[INFO] 2022-09-12 10:52:57,865 [    train.py:  207]:	('Ner Acc', 0.9961217641830444),  ('CLS Classification Acc', 0.937450647354126)
[INFO] 2022-09-12 10:53:00,200 [    train.py:  219]:	Evaluate:
[INFO] 2022-09-12 10:53:00,201 [    train.py:  226]:	Loss 0.1590, ('Ner Loss', 0.017981991),  ('CLS Classification Loss', 0.14096934)
[INFO] 2022-09-12 10:53:00,201 [    train.py:  227]:	('Ner Acc', 0.9969075), ('CLS Classification Acc', 0.9628868)
[INFO] 2022-09-12 10:53:13,712 [    train.py:  236]:	Precision 0.250 Recall 0.007 F1 0.014
[INFO] 2022-09-12 10:53:55,680 [    train.py:  184]:	Epoch 3: 
[INFO] 2022-09-12 10:53:55,681 [    train.py:  185]:	Train:
[INFO] 2022-09-12 10:53:55,685 [    train.py:  197]:	Loss 0.1912, ('Ner Loss', 0.02019646018743515),  ('CLS Classification Loss', 0.17100699245929718)
[INFO] 2022-09-12 10:53:55,685 [    train.py:  207]:	('Ner Acc', 0.9960861206054688),  ('CLS Classification Acc', 0.9402652382850647)
[INFO] 2022-09-12 10:53:58,038 [    train.py:  219]:	Evaluate:
[INFO] 2022-09-12 10:53:58,039 [    train.py:  226]:	Loss 0.1425, ('Ner Loss', 0.015617791),  ('CLS Classification Loss', 0.12691617)
[INFO] 2022-09-12 10:53:58,039 [    train.py:  227]:	('Ner Acc', 0.9969236), ('CLS Classification Acc', 0.96320665)
[INFO] 2022-09-12 10:54:11,311 [    train.py:  236]:	Precision 0.226 Recall 0.014 F1 0.027
[INFO] 2022-09-12 10:54:53,501 [    train.py:  184]:	Epoch 4: 
[INFO] 2022-09-12 10:54:53,501 [    train.py:  185]:	Train:
[INFO] 2022-09-12 10:54:53,505 [    train.py:  197]:	Loss 0.1783, ('Ner Loss', 0.017291465774178505),  ('CLS Classification Loss', 0.1609688103199005)
[INFO] 2022-09-12 10:54:53,505 [    train.py:  207]:	('Ner Acc', 0.9960927963256836),  ('CLS Classification Acc', 0.9436631202697754)
[INFO] 2022-09-12 10:54:55,894 [    train.py:  219]:	Evaluate:
[INFO] 2022-09-12 10:54:55,895 [    train.py:  226]:	Loss 0.1431, ('Ner Loss', 0.01576469),  ('CLS Classification Loss', 0.12731716)
[INFO] 2022-09-12 10:54:55,895 [    train.py:  227]:	('Ner Acc', 0.99626464), ('CLS Classification Acc', 0.9633438)
[INFO] 2022-09-12 10:55:09,567 [    train.py:  236]:	Precision 0.219 Recall 0.125 F1 0.160
[INFO] 2022-09-12 10:55:51,404 [    train.py:  184]:	Epoch 5: 
[INFO] 2022-09-12 10:55:51,405 [    train.py:  185]:	Train:
[INFO] 2022-09-12 10:55:51,412 [    train.py:  197]:	Loss 0.1678, ('Ner Loss', 0.015014379285275936),  ('CLS Classification Loss', 0.1528092622756958)
[INFO] 2022-09-12 10:55:51,412 [    train.py:  207]:	('Ner Acc', 0.996263861656189),  ('CLS Classification Acc', 0.9459944367408752)
[INFO] 2022-09-12 10:55:53,810 [    train.py:  219]:	Evaluate:
[INFO] 2022-09-12 10:55:53,811 [    train.py:  226]:	Loss 0.1412, ('Ner Loss', 0.013883126),  ('CLS Classification Loss', 0.12727928)
[INFO] 2022-09-12 10:55:53,811 [    train.py:  227]:	('Ner Acc', 0.99723166), ('CLS Classification Acc', 0.9650798)
[INFO] 2022-09-12 10:56:07,174 [    train.py:  236]:	Precision 0.365 Recall 0.090 F1 0.144
[INFO] 2022-09-12 10:56:48,978 [    train.py:  184]:	Epoch 6: 
[INFO] 2022-09-12 10:56:48,979 [    train.py:  185]:	Train:
[INFO] 2022-09-12 10:56:48,982 [    train.py:  197]:	Loss 0.1604, ('Ner Loss', 0.013628734275698662),  ('CLS Classification Loss', 0.14673002064228058)
[INFO] 2022-09-12 10:56:48,982 [    train.py:  207]:	('Ner Acc', 0.9964792728424072),  ('CLS Classification Acc', 0.946590006351471)
[INFO] 2022-09-12 10:56:51,371 [    train.py:  219]:	Evaluate:
[INFO] 2022-09-12 10:56:51,372 [    train.py:  226]:	Loss 0.1407, ('Ner Loss', 0.016040329),  ('CLS Classification Loss', 0.124672554)
[INFO] 2022-09-12 10:56:51,373 [    train.py:  227]:	('Ner Acc', 0.99648815), ('CLS Classification Acc', 0.96626765)
[INFO] 2022-09-12 10:57:04,854 [    train.py:  236]:	Precision 0.314 Recall 0.134 F1 0.188
[INFO] 2022-09-12 10:57:46,460 [    train.py:  184]:	Epoch 7: 
[INFO] 2022-09-12 10:57:46,461 [    train.py:  185]:	Train:
[INFO] 2022-09-12 10:57:46,468 [    train.py:  197]:	Loss 0.1418, ('Ner Loss', 0.012077813036739826),  ('CLS Classification Loss', 0.12970136106014252)
[INFO] 2022-09-12 10:57:46,468 [    train.py:  207]:	('Ner Acc', 0.9968156218528748),  ('CLS Classification Acc', 0.9505454897880554)
[INFO] 2022-09-12 10:57:48,824 [    train.py:  219]:	Evaluate:
[INFO] 2022-09-12 10:57:48,825 [    train.py:  226]:	Loss 0.1452, ('Ner Loss', 0.015136684),  ('CLS Classification Loss', 0.13006291)
[INFO] 2022-09-12 10:57:48,825 [    train.py:  227]:	('Ner Acc', 0.99655795), ('CLS Classification Acc', 0.9666788)
[INFO] 2022-09-12 10:58:02,162 [    train.py:  236]:	Precision 0.350 Recall 0.178 F1 0.236
[INFO] 2022-09-12 10:58:43,491 [    train.py:  184]:	Epoch 8: 
[INFO] 2022-09-12 10:58:43,492 [    train.py:  185]:	Train:
[INFO] 2022-09-12 10:58:43,496 [    train.py:  197]:	Loss 0.1315, ('Ner Loss', 0.010680009610950947),  ('CLS Classification Loss', 0.1208290383219719)
[INFO] 2022-09-12 10:58:43,497 [    train.py:  207]:	('Ner Acc', 0.9970707297325134),  ('CLS Classification Acc', 0.9533729553222656)
[INFO] 2022-09-12 10:58:45,889 [    train.py:  219]:	Evaluate:
[INFO] 2022-09-12 10:58:45,890 [    train.py:  226]:	Loss 0.1238, ('Ner Loss', 0.013415875),  ('CLS Classification Loss', 0.11037311)
[INFO] 2022-09-12 10:58:45,890 [    train.py:  227]:	('Ner Acc', 0.9968712), ('CLS Classification Acc', 0.96702915)
[INFO] 2022-09-12 10:58:59,156 [    train.py:  236]:	Precision 0.371 Recall 0.185 F1 0.246
[INFO] 2022-09-12 10:59:40,883 [    train.py:  184]:	Epoch 9: 
[INFO] 2022-09-12 10:59:40,883 [    train.py:  185]:	Train:
[INFO] 2022-09-12 10:59:40,888 [    train.py:  197]:	Loss 0.1167, ('Ner Loss', 0.009153414517641068),  ('CLS Classification Loss', 0.10751557350158691)
[INFO] 2022-09-12 10:59:40,888 [    train.py:  207]:	('Ner Acc', 0.9971825480461121),  ('CLS Classification Acc', 0.957304060459137)
[INFO] 2022-09-12 10:59:43,290 [    train.py:  219]:	Evaluate:
[INFO] 2022-09-12 10:59:43,291 [    train.py:  226]:	Loss 0.1271, ('Ner Loss', 0.015564192),  ('CLS Classification Loss', 0.11149483)
[INFO] 2022-09-12 10:59:43,291 [    train.py:  227]:	('Ner Acc', 0.9968048), ('CLS Classification Acc', 0.966953)
[INFO] 2022-09-12 10:59:56,644 [    train.py:  236]:	Precision 0.351 Recall 0.188 F1 0.245
[INFO] 2022-09-12 11:00:38,072 [    train.py:  184]:	Epoch 10: 
[INFO] 2022-09-12 11:00:38,073 [    train.py:  185]:	Train:
[INFO] 2022-09-12 11:00:38,077 [    train.py:  197]:	Loss 0.1060, ('Ner Loss', 0.007834618911147118),  ('CLS Classification Loss', 0.09816960990428925)
[INFO] 2022-09-12 11:00:38,077 [    train.py:  207]:	('Ner Acc', 0.9975187182426453),  ('CLS Classification Acc', 0.9603794813156128)
[INFO] 2022-09-12 11:00:40,453 [    train.py:  219]:	Evaluate:
[INFO] 2022-09-12 11:00:40,454 [    train.py:  226]:	Loss 0.1442, ('Ner Loss', 0.015271891),  ('CLS Classification Loss', 0.12890422)
[INFO] 2022-09-12 11:00:40,454 [    train.py:  227]:	('Ner Acc', 0.99684775), ('CLS Classification Acc', 0.96881086)
[INFO] 2022-09-12 11:00:53,748 [    train.py:  236]:	Precision 0.395 Recall 0.272 F1 0.322
[INFO] 2022-09-12 11:01:35,577 [    train.py:  184]:	Epoch 11: 
[INFO] 2022-09-12 11:01:35,577 [    train.py:  185]:	Train:
[INFO] 2022-09-12 11:01:35,581 [    train.py:  197]:	Loss 0.0897, ('Ner Loss', 0.006882928311824799),  ('CLS Classification Loss', 0.08280360698699951)
[INFO] 2022-09-12 11:01:35,581 [    train.py:  207]:	('Ner Acc', 0.997679591178894),  ('CLS Classification Acc', 0.9660341739654541)
[INFO] 2022-09-12 11:01:37,964 [    train.py:  219]:	Evaluate:
[INFO] 2022-09-12 11:01:37,965 [    train.py:  226]:	Loss 0.1466, ('Ner Loss', 0.016917318),  ('CLS Classification Loss', 0.1296888)
[INFO] 2022-09-12 11:01:37,965 [    train.py:  227]:	('Ner Acc', 0.9964121), ('CLS Classification Acc', 0.9677145)
[INFO] 2022-09-12 11:01:51,409 [    train.py:  236]:	Precision 0.330 Recall 0.347 F1 0.338
[INFO] 2022-09-12 11:02:32,996 [    train.py:  184]:	Epoch 12: 
[INFO] 2022-09-12 11:02:32,996 [    train.py:  185]:	Train:
[INFO] 2022-09-12 11:02:33,000 [    train.py:  197]:	Loss 0.0819, ('Ner Loss', 0.006157627794891596),  ('CLS Classification Loss', 0.0757448673248291)
[INFO] 2022-09-12 11:02:33,001 [    train.py:  207]:	('Ner Acc', 0.9978573322296143),  ('CLS Classification Acc', 0.9698163866996765)
[INFO] 2022-09-12 11:02:35,400 [    train.py:  219]:	Evaluate:
[INFO] 2022-09-12 11:02:35,401 [    train.py:  226]:	Loss 0.1492, ('Ner Loss', 0.020345386),  ('CLS Classification Loss', 0.12886085)
[INFO] 2022-09-12 11:02:35,401 [    train.py:  227]:	('Ner Acc', 0.99670714), ('CLS Classification Acc', 0.97164357)
[INFO] 2022-09-12 11:02:48,794 [    train.py:  236]:	Precision 0.382 Recall 0.366 F1 0.374
[INFO] 2022-09-12 11:03:30,566 [    train.py:  184]:	Epoch 13: 
[INFO] 2022-09-12 11:03:30,567 [    train.py:  185]:	Train:
[INFO] 2022-09-12 11:03:30,575 [    train.py:  197]:	Loss 0.0679, ('Ner Loss', 0.005093634594231844),  ('CLS Classification Loss', 0.0627695694565773)
[INFO] 2022-09-12 11:03:30,575 [    train.py:  207]:	('Ner Acc', 0.9982665181159973),  ('CLS Classification Acc', 0.9749503135681152)
[INFO] 2022-09-12 11:03:32,915 [    train.py:  219]:	Evaluate:
[INFO] 2022-09-12 11:03:32,916 [    train.py:  226]:	Loss 0.1551, ('Ner Loss', 0.016924987),  ('CLS Classification Loss', 0.13818188)
[INFO] 2022-09-12 11:03:32,916 [    train.py:  227]:	('Ner Acc', 0.9969886), ('CLS Classification Acc', 0.97083646)
[INFO] 2022-09-12 11:03:46,531 [    train.py:  236]:	Precision 0.414 Recall 0.418 F1 0.416
[INFO] 2022-09-12 11:04:28,570 [    train.py:  184]:	Epoch 14: 
[INFO] 2022-09-12 11:04:28,571 [    train.py:  185]:	Train:
[INFO] 2022-09-12 11:04:28,575 [    train.py:  197]:	Loss 0.0594, ('Ner Loss', 0.004658752586692572),  ('CLS Classification Loss', 0.05478858947753906)
[INFO] 2022-09-12 11:04:28,575 [    train.py:  207]:	('Ner Acc', 0.9984164834022522),  ('CLS Classification Acc', 0.9790422916412354)
[INFO] 2022-09-12 11:04:30,985 [    train.py:  219]:	Evaluate:
[INFO] 2022-09-12 11:04:30,986 [    train.py:  226]:	Loss 0.1582, ('Ner Loss', 0.014850152),  ('CLS Classification Loss', 0.14339572)
[INFO] 2022-09-12 11:04:30,986 [    train.py:  227]:	('Ner Acc', 0.9966506), ('CLS Classification Acc', 0.97013575)
[INFO] 2022-09-12 11:04:44,428 [    train.py:  236]:	Precision 0.387 Recall 0.411 F1 0.398
[INFO] 2022-09-12 11:05:26,135 [    train.py:  184]:	Epoch 15: 
[INFO] 2022-09-12 11:05:26,136 [    train.py:  185]:	Train:
[INFO] 2022-09-12 11:05:26,142 [    train.py:  197]:	Loss 0.0481, ('Ner Loss', 0.003927846439182758),  ('CLS Classification Loss', 0.04419240355491638)
[INFO] 2022-09-12 11:05:26,142 [    train.py:  207]:	('Ner Acc', 0.9986034035682678),  ('CLS Classification Acc', 0.9830604791641235)
[INFO] 2022-09-12 11:05:28,527 [    train.py:  219]:	Evaluate:
[INFO] 2022-09-12 11:05:28,528 [    train.py:  226]:	Loss 0.1383, ('Ner Loss', 0.017698977),  ('CLS Classification Loss', 0.12060676)
[INFO] 2022-09-12 11:05:28,528 [    train.py:  227]:	('Ner Acc', 0.99726194), ('CLS Classification Acc', 0.9720852)
[INFO] 2022-09-12 11:05:41,979 [    train.py:  236]:	Precision 0.435 Recall 0.421 F1 0.428
[INFO] 2022-09-12 11:06:23,459 [    train.py:  184]:	Epoch 16: 
[INFO] 2022-09-12 11:06:23,459 [    train.py:  185]:	Train:
[INFO] 2022-09-12 11:06:23,464 [    train.py:  197]:	Loss 0.0432, ('Ner Loss', 0.0033301529474556446),  ('CLS Classification Loss', 0.03986409306526184)
[INFO] 2022-09-12 11:06:23,464 [    train.py:  207]:	('Ner Acc', 0.9988194108009338),  ('CLS Classification Acc', 0.9846104383468628)
[INFO] 2022-09-12 11:06:25,867 [    train.py:  219]:	Evaluate:
[INFO] 2022-09-12 11:06:25,868 [    train.py:  226]:	Loss 0.1755, ('Ner Loss', 0.023907468),  ('CLS Classification Loss', 0.15157235)
[INFO] 2022-09-12 11:06:25,868 [    train.py:  227]:	('Ner Acc', 0.99692243), ('CLS Classification Acc', 0.97242016)
[INFO] 2022-09-12 11:06:39,254 [    train.py:  236]:	Precision 0.413 Recall 0.431 F1 0.422
[INFO] 2022-09-12 11:07:21,303 [    train.py:  184]:	Epoch 17: 
[INFO] 2022-09-12 11:07:21,304 [    train.py:  185]:	Train:
[INFO] 2022-09-12 11:07:21,310 [    train.py:  197]:	Loss 0.0384, ('Ner Loss', 0.003231002716347575),  ('CLS Classification Loss', 0.035203590989112854)
[INFO] 2022-09-12 11:07:21,311 [    train.py:  207]:	('Ner Acc', 0.9988912343978882),  ('CLS Classification Acc', 0.9867807626724243)
[INFO] 2022-09-12 11:07:23,708 [    train.py:  219]:	Evaluate:
[INFO] 2022-09-12 11:07:23,709 [    train.py:  226]:	Loss 0.1727, ('Ner Loss', 0.020053789),  ('CLS Classification Loss', 0.15267004)
[INFO] 2022-09-12 11:07:23,709 [    train.py:  227]:	('Ner Acc', 0.99717593), ('CLS Classification Acc', 0.97164357)
[INFO] 2022-09-12 11:07:37,552 [    train.py:  236]:	Precision 0.422 Recall 0.425 F1 0.424
[INFO] 2022-09-12 11:08:19,236 [    train.py:  184]:	Epoch 18: 
[INFO] 2022-09-12 11:08:19,237 [    train.py:  185]:	Train:
[INFO] 2022-09-12 11:08:19,242 [    train.py:  197]:	Loss 0.0348, ('Ner Loss', 0.002991438377648592),  ('CLS Classification Loss', 0.03180462494492531)
[INFO] 2022-09-12 11:08:19,242 [    train.py:  207]:	('Ner Acc', 0.998961329460144),  ('CLS Classification Acc', 0.98814457654953)
[INFO] 2022-09-12 11:08:21,639 [    train.py:  219]:	Evaluate:
[INFO] 2022-09-12 11:08:21,640 [    train.py:  226]:	Loss 0.1624, ('Ner Loss', 0.019841732),  ('CLS Classification Loss', 0.14252873)
[INFO] 2022-09-12 11:08:21,640 [    train.py:  227]:	('Ner Acc', 0.9971363), ('CLS Classification Acc', 0.97237444)
[INFO] 2022-09-12 11:08:34,967 [    train.py:  236]:	Precision 0.400 Recall 0.447 F1 0.422
[INFO] 2022-09-12 11:09:16,376 [    train.py:  184]:	Epoch 19: 
[INFO] 2022-09-12 11:09:16,376 [    train.py:  185]:	Train:
[INFO] 2022-09-12 11:09:16,380 [    train.py:  197]:	Loss 0.0338, ('Ner Loss', 0.0028852710966020823),  ('CLS Classification Loss', 0.030908415094017982)
[INFO] 2022-09-12 11:09:16,380 [    train.py:  207]:	('Ner Acc', 0.9989578127861023),  ('CLS Classification Acc', 0.9888513684272766)
[INFO] 2022-09-12 11:09:18,743 [    train.py:  219]:	Evaluate:
[INFO] 2022-09-12 11:09:18,744 [    train.py:  226]:	Loss 0.1655, ('Ner Loss', 0.020657383),  ('CLS Classification Loss', 0.14482927)
[INFO] 2022-09-12 11:09:18,744 [    train.py:  227]:	('Ner Acc', 0.99730563), ('CLS Classification Acc', 0.9741563)
[INFO] 2022-09-12 11:09:32,271 [    train.py:  236]:	Precision 0.445 Recall 0.424 F1 0.434
[INFO] 2022-09-12 11:10:13,919 [    train.py:  184]:	Epoch 20: 
[INFO] 2022-09-12 11:10:13,920 [    train.py:  185]:	Train:
[INFO] 2022-09-12 11:10:13,923 [    train.py:  197]:	Loss 0.0296, ('Ner Loss', 0.0025019787717610598),  ('CLS Classification Loss', 0.027143988758325577)
[INFO] 2022-09-12 11:10:13,923 [    train.py:  207]:	('Ner Acc', 0.9991114735603333),  ('CLS Classification Acc', 0.9901412129402161)
[INFO] 2022-09-12 11:10:16,328 [    train.py:  219]:	Evaluate:
[INFO] 2022-09-12 11:10:16,328 [    train.py:  226]:	Loss 0.1973, ('Ner Loss', 0.022751443),  ('CLS Classification Loss', 0.17455712)
[INFO] 2022-09-12 11:10:16,329 [    train.py:  227]:	('Ner Acc', 0.9974138), ('CLS Classification Acc', 0.9734101)
[INFO] 2022-09-12 11:10:29,804 [    train.py:  236]:	Precision 0.454 Recall 0.412 F1 0.432
[INFO] 2022-09-12 11:11:11,385 [    train.py:  184]:	Epoch 21: 
[INFO] 2022-09-12 11:11:11,386 [    train.py:  185]:	Train:
[INFO] 2022-09-12 11:11:11,391 [    train.py:  197]:	Loss 0.0258, ('Ner Loss', 0.002292676828801632),  ('CLS Classification Loss', 0.023482954129576683)
[INFO] 2022-09-12 11:11:11,391 [    train.py:  207]:	('Ner Acc', 0.9991971850395203),  ('CLS Classification Acc', 0.991269588470459)
[INFO] 2022-09-12 11:11:13,771 [    train.py:  219]:	Evaluate:
[INFO] 2022-09-12 11:11:13,772 [    train.py:  226]:	Loss 0.1632, ('Ner Loss', 0.017606458),  ('CLS Classification Loss', 0.14554486)
[INFO] 2022-09-12 11:11:13,772 [    train.py:  227]:	('Ner Acc', 0.9973611), ('CLS Classification Acc', 0.9724202)
[INFO] 2022-09-12 11:11:27,177 [    train.py:  236]:	Precision 0.433 Recall 0.451 F1 0.442
[INFO] 2022-09-12 11:12:09,107 [    train.py:  184]:	Epoch 22: 
[INFO] 2022-09-12 11:12:09,108 [    train.py:  185]:	Train:
[INFO] 2022-09-12 11:12:09,112 [    train.py:  197]:	Loss 0.0216, ('Ner Loss', 0.002033605007454753),  ('CLS Classification Loss', 0.01955152302980423)
[INFO] 2022-09-12 11:12:09,112 [    train.py:  207]:	('Ner Acc', 0.9992825984954834),  ('CLS Classification Acc', 0.9934518933296204)
[INFO] 2022-09-12 11:12:11,517 [    train.py:  219]:	Evaluate:
[INFO] 2022-09-12 11:12:11,518 [    train.py:  226]:	Loss 0.2002, ('Ner Loss', 0.021007463),  ('CLS Classification Loss', 0.17917104)
[INFO] 2022-09-12 11:12:11,518 [    train.py:  227]:	('Ner Acc', 0.997422), ('CLS Classification Acc', 0.9741716)
[INFO] 2022-09-12 11:12:25,067 [    train.py:  236]:	Precision 0.470 Recall 0.446 F1 0.458
[INFO] 2022-09-12 11:13:07,151 [    train.py:  184]:	Epoch 23: 
[INFO] 2022-09-12 11:13:07,151 [    train.py:  185]:	Train:
[INFO] 2022-09-12 11:13:07,155 [    train.py:  197]:	Loss 0.0206, ('Ner Loss', 0.002137623028829694),  ('CLS Classification Loss', 0.018512146547436714)
[INFO] 2022-09-12 11:13:07,156 [    train.py:  207]:	('Ner Acc', 0.9992449879646301),  ('CLS Classification Acc', 0.9935885667800903)
[INFO] 2022-09-12 11:13:09,569 [    train.py:  219]:	Evaluate:
[INFO] 2022-09-12 11:13:09,570 [    train.py:  226]:	Loss 0.2085, ('Ner Loss', 0.021437181),  ('CLS Classification Loss', 0.1870936)
[INFO] 2022-09-12 11:13:09,570 [    train.py:  227]:	('Ner Acc', 0.99751806), ('CLS Classification Acc', 0.97315115)
[INFO] 2022-09-12 11:13:23,058 [    train.py:  236]:	Precision 0.461 Recall 0.453 F1 0.457
[INFO] 2022-09-12 11:14:04,803 [    train.py:  184]:	Epoch 24: 
[INFO] 2022-09-12 11:14:04,804 [    train.py:  185]:	Train:
[INFO] 2022-09-12 11:14:04,807 [    train.py:  197]:	Loss 0.0189, ('Ner Loss', 0.0018348442390561104),  ('CLS Classification Loss', 0.01701691932976246)
[INFO] 2022-09-12 11:14:04,808 [    train.py:  207]:	('Ner Acc', 0.9993521571159363),  ('CLS Classification Acc', 0.9942085146903992)
[INFO] 2022-09-12 11:14:07,174 [    train.py:  219]:	Evaluate:
[INFO] 2022-09-12 11:14:07,174 [    train.py:  226]:	Loss 0.2131, ('Ner Loss', 0.01995748),  ('CLS Classification Loss', 0.19310789)
[INFO] 2022-09-12 11:14:07,175 [    train.py:  227]:	('Ner Acc', 0.99734235), ('CLS Classification Acc', 0.9730599)
[INFO] 2022-09-12 11:14:20,750 [    train.py:  236]:	Precision 0.446 Recall 0.449 F1 0.447
[INFO] 2022-09-12 11:15:02,434 [    train.py:  184]:	Epoch 25: 
[INFO] 2022-09-12 11:15:02,434 [    train.py:  185]:	Train:
[INFO] 2022-09-12 11:15:02,438 [    train.py:  197]:	Loss 0.0139, ('Ner Loss', 0.0015801253030076623),  ('CLS Classification Loss', 0.012362232431769371)
[INFO] 2022-09-12 11:15:02,438 [    train.py:  207]:	('Ner Acc', 0.9994471073150635),  ('CLS Classification Acc', 0.9956716299057007)
[INFO] 2022-09-12 11:15:04,803 [    train.py:  219]:	Evaluate:
[INFO] 2022-09-12 11:15:04,804 [    train.py:  226]:	Loss 0.2370, ('Ner Loss', 0.023663985),  ('CLS Classification Loss', 0.21331263)
[INFO] 2022-09-12 11:15:04,804 [    train.py:  227]:	('Ner Acc', 0.99739313), ('CLS Classification Acc', 0.9727553)
[INFO] 2022-09-12 11:15:18,255 [    train.py:  236]:	Precision 0.455 Recall 0.436 F1 0.445
[INFO] 2022-09-12 11:16:00,056 [    train.py:  184]:	Epoch 26: 
[INFO] 2022-09-12 11:16:00,057 [    train.py:  185]:	Train:
[INFO] 2022-09-12 11:16:00,059 [    train.py:  197]:	Loss 0.0148, ('Ner Loss', 0.0019496181048452854),  ('CLS Classification Loss', 0.012868977151811123)
[INFO] 2022-09-12 11:16:00,059 [    train.py:  207]:	('Ner Acc', 0.9993232488632202),  ('CLS Classification Acc', 0.9959076046943665)
[INFO] 2022-09-12 11:16:02,448 [    train.py:  219]:	Evaluate:
[INFO] 2022-09-12 11:16:02,448 [    train.py:  226]:	Loss 0.2070, ('Ner Loss', 0.020406872),  ('CLS Classification Loss', 0.1865966)
[INFO] 2022-09-12 11:16:02,448 [    train.py:  227]:	('Ner Acc', 0.9975486), ('CLS Classification Acc', 0.9739888)
[INFO] 2022-09-12 11:16:15,992 [    train.py:  236]:	Precision 0.486 Recall 0.422 F1 0.452
[INFO] 2022-09-12 11:16:57,544 [    train.py:  184]:	Epoch 27: 
[INFO] 2022-09-12 11:16:57,545 [    train.py:  185]:	Train:
[INFO] 2022-09-12 11:16:57,552 [    train.py:  197]:	Loss 0.0141, ('Ner Loss', 0.0015679649077355862),  ('CLS Classification Loss', 0.012516402639448643)
[INFO] 2022-09-12 11:16:57,552 [    train.py:  207]:	('Ner Acc', 0.9994474053382874),  ('CLS Classification Acc', 0.9957090020179749)
[INFO] 2022-09-12 11:16:59,954 [    train.py:  219]:	Evaluate:
[INFO] 2022-09-12 11:16:59,955 [    train.py:  226]:	Loss 0.2355, ('Ner Loss', 0.022348292),  ('CLS Classification Loss', 0.2131051)
[INFO] 2022-09-12 11:16:59,955 [    train.py:  227]:	('Ner Acc', 0.9972411), ('CLS Classification Acc', 0.96914595)
[INFO] 2022-09-12 11:17:13,347 [    train.py:  236]:	Precision 0.420 Recall 0.438 F1 0.429
[INFO] 2022-09-12 11:17:55,017 [    train.py:  184]:	Epoch 28: 
[INFO] 2022-09-12 11:17:55,017 [    train.py:  185]:	Train:
[INFO] 2022-09-12 11:17:55,020 [    train.py:  197]:	Loss 0.0176, ('Ner Loss', 0.0025678060483187437),  ('CLS Classification Loss', 0.014989674091339111)
[INFO] 2022-09-12 11:17:55,020 [    train.py:  207]:	('Ner Acc', 0.9992386102676392),  ('CLS Classification Acc', 0.9952377080917358)
[INFO] 2022-09-12 11:17:57,410 [    train.py:  219]:	Evaluate:
[INFO] 2022-09-12 11:17:57,410 [    train.py:  226]:	Loss 0.2106, ('Ner Loss', 0.018203828),  ('CLS Classification Loss', 0.19239923)
[INFO] 2022-09-12 11:17:57,410 [    train.py:  227]:	('Ner Acc', 0.9972904), ('CLS Classification Acc', 0.972679)
[INFO] 2022-09-12 11:18:10,747 [    train.py:  236]:	Precision 0.454 Recall 0.470 F1 0.462
[INFO] 2022-09-12 11:18:52,548 [    train.py:  184]:	Epoch 29: 
[INFO] 2022-09-12 11:18:52,549 [    train.py:  185]:	Train:
[INFO] 2022-09-12 11:18:52,552 [    train.py:  197]:	Loss 0.0122, ('Ner Loss', 0.001711102668195963),  ('CLS Classification Loss', 0.010528444312512875)
[INFO] 2022-09-12 11:18:52,552 [    train.py:  207]:	('Ner Acc', 0.999438464641571),  ('CLS Classification Acc', 0.9968869686126709)
[INFO] 2022-09-12 11:18:54,930 [    train.py:  219]:	Evaluate:
[INFO] 2022-09-12 11:18:54,931 [    train.py:  226]:	Loss 0.2249, ('Ner Loss', 0.019436752),  ('CLS Classification Loss', 0.20548706)
[INFO] 2022-09-12 11:18:54,931 [    train.py:  227]:	('Ner Acc', 0.99736094), ('CLS Classification Acc', 0.9705166)
[INFO] 2022-09-12 11:19:08,410 [    train.py:  236]:	Precision 0.440 Recall 0.412 F1 0.425
[INFO] 2022-09-12 11:19:50,107 [    train.py:  184]:	Epoch 30: 
[INFO] 2022-09-12 11:19:50,108 [    train.py:  185]:	Train:
[INFO] 2022-09-12 11:19:50,114 [    train.py:  197]:	Loss 0.0100, ('Ner Loss', 0.0015261389780789614),  ('CLS Classification Loss', 0.008520265109837055)
[INFO] 2022-09-12 11:19:50,114 [    train.py:  207]:	('Ner Acc', 0.9995154142379761),  ('CLS Classification Acc', 0.9973457455635071)
[INFO] 2022-09-12 11:19:52,504 [    train.py:  219]:	Evaluate:
[INFO] 2022-09-12 11:19:52,505 [    train.py:  226]:	Loss 0.1856, ('Ner Loss', 0.018140497),  ('CLS Classification Loss', 0.1674301)
[INFO] 2022-09-12 11:19:52,505 [    train.py:  227]:	('Ner Acc', 0.9975108), ('CLS Classification Acc', 0.97432375)
[INFO] 2022-09-12 11:20:05,850 [    train.py:  236]:	Precision 0.480 Recall 0.422 F1 0.449
[INFO] 2022-09-12 11:20:47,282 [    train.py:  184]:	Epoch 31: 
[INFO] 2022-09-12 11:20:47,283 [    train.py:  185]:	Train:
[INFO] 2022-09-12 11:20:47,287 [    train.py:  197]:	Loss 0.0094, ('Ner Loss', 0.0014329695841297507),  ('CLS Classification Loss', 0.007977969944477081)
[INFO] 2022-09-12 11:20:47,287 [    train.py:  207]:	('Ner Acc', 0.9994903802871704),  ('CLS Classification Acc', 0.9974946975708008)
[INFO] 2022-09-12 11:20:49,693 [    train.py:  219]:	Evaluate:
[INFO] 2022-09-12 11:20:49,694 [    train.py:  226]:	Loss 0.2093, ('Ner Loss', 0.019103779),  ('CLS Classification Loss', 0.19021091)
[INFO] 2022-09-12 11:20:49,694 [    train.py:  227]:	('Ner Acc', 0.99747896), ('CLS Classification Acc', 0.9730751)
[INFO] 2022-09-12 11:21:03,155 [    train.py:  236]:	Precision 0.482 Recall 0.437 F1 0.458
[INFO] 2022-09-12 11:21:44,985 [    train.py:  184]:	Epoch 32: 
[INFO] 2022-09-12 11:21:44,986 [    train.py:  185]:	Train:
[INFO] 2022-09-12 11:21:44,990 [    train.py:  197]:	Loss 0.0087, ('Ner Loss', 0.001240601297467947),  ('CLS Classification Loss', 0.007451073732227087)
[INFO] 2022-09-12 11:21:44,990 [    train.py:  207]:	('Ner Acc', 0.9995832443237305),  ('CLS Classification Acc', 0.9976063370704651)
[INFO] 2022-09-12 11:21:47,405 [    train.py:  219]:	Evaluate:
[INFO] 2022-09-12 11:21:47,406 [    train.py:  226]:	Loss 0.2025, ('Ner Loss', 0.020152887),  ('CLS Classification Loss', 0.182338)
[INFO] 2022-09-12 11:21:47,406 [    train.py:  227]:	('Ner Acc', 0.99738836), ('CLS Classification Acc', 0.97203946)
[INFO] 2022-09-12 11:22:00,713 [    train.py:  236]:	Precision 0.465 Recall 0.431 F1 0.447
[INFO] 2022-09-12 11:22:42,065 [    train.py:  184]:	Epoch 33: 
[INFO] 2022-09-12 11:22:42,066 [    train.py:  185]:	Train:
[INFO] 2022-09-12 11:22:42,069 [    train.py:  197]:	Loss 0.0121, ('Ner Loss', 0.0018345743883401155),  ('CLS Classification Loss', 0.010249907150864601)
[INFO] 2022-09-12 11:22:42,069 [    train.py:  207]:	('Ner Acc', 0.999386727809906),  ('CLS Classification Acc', 0.9967877268791199)
[INFO] 2022-09-12 11:22:44,428 [    train.py:  219]:	Evaluate:
[INFO] 2022-09-12 11:22:44,428 [    train.py:  226]:	Loss 0.1981, ('Ner Loss', 0.01785052),  ('CLS Classification Loss', 0.18028526)
[INFO] 2022-09-12 11:22:44,429 [    train.py:  227]:	('Ner Acc', 0.9974516), ('CLS Classification Acc', 0.97104967)
[INFO] 2022-09-12 11:22:57,727 [    train.py:  236]:	Precision 0.468 Recall 0.433 F1 0.450
[INFO] 2022-09-12 11:23:39,539 [    train.py:  184]:	Epoch 34: 
[INFO] 2022-09-12 11:23:39,539 [    train.py:  185]:	Train:
[INFO] 2022-09-12 11:23:39,545 [    train.py:  197]:	Loss 0.0103, ('Ner Loss', 0.0015142826596274972),  ('CLS Classification Loss', 0.008757827803492546)
[INFO] 2022-09-12 11:23:39,545 [    train.py:  207]:	('Ner Acc', 0.9994921088218689),  ('CLS Classification Acc', 0.997296154499054)
[INFO] 2022-09-12 11:23:41,921 [    train.py:  219]:	Evaluate:
[INFO] 2022-09-12 11:23:41,921 [    train.py:  226]:	Loss 0.2091, ('Ner Loss', 0.020799482),  ('CLS Classification Loss', 0.18830891)
[INFO] 2022-09-12 11:23:41,922 [    train.py:  227]:	('Ner Acc', 0.99749464), ('CLS Classification Acc', 0.97456753)
[INFO] 2022-09-12 11:23:55,451 [    train.py:  236]:	Precision 0.518 Recall 0.400 F1 0.451
[INFO] 2022-09-12 11:24:36,907 [    train.py:  184]:	Epoch 35: 
[INFO] 2022-09-12 11:24:36,908 [    train.py:  185]:	Train:
[INFO] 2022-09-12 11:24:36,915 [    train.py:  197]:	Loss 0.0077, ('Ner Loss', 0.0010459875920787454),  ('CLS Classification Loss', 0.0066887917928397655)
[INFO] 2022-09-12 11:24:36,915 [    train.py:  207]:	('Ner Acc', 0.9996346831321716),  ('CLS Classification Acc', 0.9979162216186523)
[INFO] 2022-09-12 11:24:39,297 [    train.py:  219]:	Evaluate:
[INFO] 2022-09-12 11:24:39,298 [    train.py:  226]:	Loss 0.2033, ('Ner Loss', 0.018723445),  ('CLS Classification Loss', 0.1845996)
[INFO] 2022-09-12 11:24:39,298 [    train.py:  227]:	('Ner Acc', 0.9975652), ('CLS Classification Acc', 0.97426295)
[INFO] 2022-09-12 11:24:52,546 [    train.py:  236]:	Precision 0.521 Recall 0.407 F1 0.457
[INFO] 2022-09-12 11:25:34,631 [    train.py:  184]:	Epoch 36: 
[INFO] 2022-09-12 11:25:34,631 [    train.py:  185]:	Train:
[INFO] 2022-09-12 11:25:34,637 [    train.py:  197]:	Loss 0.0095, ('Ner Loss', 0.0015294767217710614),  ('CLS Classification Loss', 0.007940520532429218)
[INFO] 2022-09-12 11:25:34,637 [    train.py:  207]:	('Ner Acc', 0.9995072484016418),  ('CLS Classification Acc', 0.9972962737083435)
[INFO] 2022-09-12 11:25:37,013 [    train.py:  219]:	Evaluate:
[INFO] 2022-09-12 11:25:37,013 [    train.py:  226]:	Loss 0.1896, ('Ner Loss', 0.018552428),  ('CLS Classification Loss', 0.17101204)
[INFO] 2022-09-12 11:25:37,013 [    train.py:  227]:	('Ner Acc', 0.99747014), ('CLS Classification Acc', 0.97478074)
[INFO] 2022-09-12 11:25:50,198 [    train.py:  236]:	Precision 0.500 Recall 0.427 F1 0.461
[INFO] 2022-09-12 11:26:31,540 [    train.py:  184]:	Epoch 37: 
[INFO] 2022-09-12 11:26:31,541 [    train.py:  185]:	Train:
[INFO] 2022-09-12 11:26:31,547 [    train.py:  197]:	Loss 0.0071, ('Ner Loss', 0.0013062498765066266),  ('CLS Classification Loss', 0.005790941417217255)
[INFO] 2022-09-12 11:26:31,548 [    train.py:  207]:	('Ner Acc', 0.9995832443237305),  ('CLS Classification Acc', 0.9983254671096802)
[INFO] 2022-09-12 11:26:33,936 [    train.py:  219]:	Evaluate:
[INFO] 2022-09-12 11:26:33,936 [    train.py:  226]:	Loss 0.2271, ('Ner Loss', 0.01946436),  ('CLS Classification Loss', 0.20765609)
[INFO] 2022-09-12 11:26:33,936 [    train.py:  227]:	('Ner Acc', 0.99733865), ('CLS Classification Acc', 0.9719938)
[INFO] 2022-09-12 11:26:47,138 [    train.py:  236]:	Precision 0.461 Recall 0.437 F1 0.448
[INFO] 2022-09-12 11:27:28,613 [    train.py:  184]:	Epoch 38: 
[INFO] 2022-09-12 11:27:28,614 [    train.py:  185]:	Train:
[INFO] 2022-09-12 11:27:28,617 [    train.py:  197]:	Loss 0.0093, ('Ner Loss', 0.0016262686112895608),  ('CLS Classification Loss', 0.007671501953154802)
[INFO] 2022-09-12 11:27:28,617 [    train.py:  207]:	('Ner Acc', 0.9994764924049377),  ('CLS Classification Acc', 0.9978666305541992)
[INFO] 2022-09-12 11:27:30,960 [    train.py:  219]:	Evaluate:
[INFO] 2022-09-12 11:27:30,961 [    train.py:  226]:	Loss 0.2117, ('Ner Loss', 0.017415319),  ('CLS Classification Loss', 0.19431731)
[INFO] 2022-09-12 11:27:30,961 [    train.py:  227]:	('Ner Acc', 0.99746364), ('CLS Classification Acc', 0.9697093)
[INFO] 2022-09-12 11:27:44,280 [    train.py:  236]:	Precision 0.461 Recall 0.396 F1 0.426
[INFO] 2022-09-12 11:28:25,871 [    train.py:  184]:	Epoch 39: 
[INFO] 2022-09-12 11:28:25,872 [    train.py:  185]:	Train:
[INFO] 2022-09-12 11:28:25,878 [    train.py:  197]:	Loss 0.0075, ('Ner Loss', 0.001458989572711289),  ('CLS Classification Loss', 0.006063004955649376)
[INFO] 2022-09-12 11:28:25,879 [    train.py:  207]:	('Ner Acc', 0.9995149970054626),  ('CLS Classification Acc', 0.9980649948120117)
[INFO] 2022-09-12 11:28:28,256 [    train.py:  219]:	Evaluate:
[INFO] 2022-09-12 11:28:28,257 [    train.py:  226]:	Loss 0.2012, ('Ner Loss', 0.019185228),  ('CLS Classification Loss', 0.18200207)
[INFO] 2022-09-12 11:28:28,257 [    train.py:  227]:	('Ner Acc', 0.99737257), ('CLS Classification Acc', 0.97133887)
[INFO] 2022-09-12 11:28:41,370 [    train.py:  236]:	Precision 0.435 Recall 0.430 F1 0.432
[INFO] 2022-09-12 11:29:22,915 [    train.py:  184]:	Epoch 40: 
[INFO] 2022-09-12 11:29:22,915 [    train.py:  185]:	Train:
[INFO] 2022-09-12 11:29:22,919 [    train.py:  197]:	Loss 0.0110, ('Ner Loss', 0.0017853394383564591),  ('CLS Classification Loss', 0.009221803396940231)
[INFO] 2022-09-12 11:29:22,920 [    train.py:  207]:	('Ner Acc', 0.9994221329689026),  ('CLS Classification Acc', 0.9971103072166443)
[INFO] 2022-09-12 11:29:25,285 [    train.py:  219]:	Evaluate:
[INFO] 2022-09-12 11:29:25,285 [    train.py:  226]:	Loss 0.1629, ('Ner Loss', 0.014428987),  ('CLS Classification Loss', 0.14851387)
[INFO] 2022-09-12 11:29:25,286 [    train.py:  227]:	('Ner Acc', 0.9974091), ('CLS Classification Acc', 0.9726639)
[INFO] 2022-09-12 11:29:38,892 [    train.py:  236]:	Precision 0.481 Recall 0.400 F1 0.437
[INFO] 2022-09-12 11:30:20,819 [    train.py:  184]:	Epoch 41: 
[INFO] 2022-09-12 11:30:20,819 [    train.py:  185]:	Train:
[INFO] 2022-09-12 11:30:20,822 [    train.py:  197]:	Loss 0.0134, ('Ner Loss', 0.0021313948091119528),  ('CLS Classification Loss', 0.011283968575298786)
[INFO] 2022-09-12 11:30:20,822 [    train.py:  207]:	('Ner Acc', 0.9993384480476379),  ('CLS Classification Acc', 0.9965649247169495)
[INFO] 2022-09-12 11:30:23,229 [    train.py:  219]:	Evaluate:
[INFO] 2022-09-12 11:30:23,230 [    train.py:  226]:	Loss 0.1357, ('Ner Loss', 0.012462259),  ('CLS Classification Loss', 0.12327621)
[INFO] 2022-09-12 11:30:23,230 [    train.py:  227]:	('Ner Acc', 0.99752706), ('CLS Classification Acc', 0.97219163)
[INFO] 2022-09-12 11:30:36,478 [    train.py:  236]:	Precision 0.451 Recall 0.405 F1 0.427
[INFO] 2022-09-12 11:31:18,434 [    train.py:  184]:	Epoch 42: 
[INFO] 2022-09-12 11:31:18,435 [    train.py:  185]:	Train:
[INFO] 2022-09-12 11:31:18,440 [    train.py:  197]:	Loss 0.0162, ('Ner Loss', 0.0023126481100916862),  ('CLS Classification Loss', 0.013930120505392551)
[INFO] 2022-09-12 11:31:18,440 [    train.py:  207]:	('Ner Acc', 0.9993212223052979),  ('CLS Classification Acc', 0.9962049126625061)
[INFO] 2022-09-12 11:31:20,855 [    train.py:  219]:	Evaluate:
[INFO] 2022-09-12 11:31:20,856 [    train.py:  226]:	Loss 0.1862, ('Ner Loss', 0.017088063),  ('CLS Classification Loss', 0.16906649)
[INFO] 2022-09-12 11:31:20,856 [    train.py:  227]:	('Ner Acc', 0.99757284), ('CLS Classification Acc', 0.97246593)
[INFO] 2022-09-12 11:31:34,596 [    train.py:  236]:	Precision 0.480 Recall 0.434 F1 0.456
[INFO] 2022-09-12 11:32:16,487 [    train.py:  184]:	Epoch 43: 
[INFO] 2022-09-12 11:32:16,487 [    train.py:  185]:	Train:
[INFO] 2022-09-12 11:32:16,491 [    train.py:  197]:	Loss 0.0067, ('Ner Loss', 0.0013771499507129192),  ('CLS Classification Loss', 0.005348459351807833)
[INFO] 2022-09-12 11:32:16,491 [    train.py:  207]:	('Ner Acc', 0.9995453953742981),  ('CLS Classification Acc', 0.9982510209083557)
[INFO] 2022-09-12 11:32:18,918 [    train.py:  219]:	Evaluate:
[INFO] 2022-09-12 11:32:18,919 [    train.py:  226]:	Loss 0.1683, ('Ner Loss', 0.016453303),  ('CLS Classification Loss', 0.15181817)
[INFO] 2022-09-12 11:32:18,919 [    train.py:  227]:	('Ner Acc', 0.99760336), ('CLS Classification Acc', 0.97432387)
[INFO] 2022-09-12 11:32:32,227 [    train.py:  236]:	Precision 0.507 Recall 0.439 F1 0.471
[INFO] 2022-09-12 11:33:13,647 [    train.py:  184]:	Epoch 44: 
[INFO] 2022-09-12 11:33:13,648 [    train.py:  185]:	Train:
[INFO] 2022-09-12 11:33:13,652 [    train.py:  197]:	Loss 0.0060, ('Ner Loss', 0.001228367444127798),  ('CLS Classification Loss', 0.004736967384815216)
[INFO] 2022-09-12 11:33:13,652 [    train.py:  207]:	('Ner Acc', 0.9996030330657959),  ('CLS Classification Acc', 0.9985859394073486)
[INFO] 2022-09-12 11:33:16,000 [    train.py:  219]:	Evaluate:
[INFO] 2022-09-12 11:33:16,001 [    train.py:  226]:	Loss 0.1855, ('Ner Loss', 0.016583879),  ('CLS Classification Loss', 0.16895527)
[INFO] 2022-09-12 11:33:16,001 [    train.py:  227]:	('Ner Acc', 0.9975827), ('CLS Classification Acc', 0.9741716)
[INFO] 2022-09-12 11:33:29,048 [    train.py:  236]:	Precision 0.497 Recall 0.464 F1 0.480
[INFO] 2022-09-12 11:34:10,512 [    train.py:  184]:	Epoch 45: 
[INFO] 2022-09-12 11:34:10,512 [    train.py:  185]:	Train:
[INFO] 2022-09-12 11:34:10,515 [    train.py:  197]:	Loss 0.0056, ('Ner Loss', 0.0011385034304112196),  ('CLS Classification Loss', 0.004487099591642618)
[INFO] 2022-09-12 11:34:10,515 [    train.py:  207]:	('Ner Acc', 0.9996371865272522),  ('CLS Classification Acc', 0.9988090395927429)
[INFO] 2022-09-12 11:34:12,892 [    train.py:  219]:	Evaluate:
[INFO] 2022-09-12 11:34:12,893 [    train.py:  226]:	Loss 0.2004, ('Ner Loss', 0.018194295),  ('CLS Classification Loss', 0.18221669)
[INFO] 2022-09-12 11:34:12,893 [    train.py:  227]:	('Ner Acc', 0.99743533), ('CLS Classification Acc', 0.9733949)
[INFO] 2022-09-12 11:34:26,226 [    train.py:  236]:	Precision 0.501 Recall 0.412 F1 0.452
[INFO] 2022-09-12 11:35:08,122 [    train.py:  184]:	Epoch 46: 
[INFO] 2022-09-12 11:35:08,123 [    train.py:  185]:	Train:
[INFO] 2022-09-12 11:35:08,126 [    train.py:  197]:	Loss 0.0039, ('Ner Loss', 0.0008655665442347527),  ('CLS Classification Loss', 0.0030710676219314337)
[INFO] 2022-09-12 11:35:08,126 [    train.py:  207]:	('Ner Acc', 0.9997103214263916),  ('CLS Classification Acc', 0.9990199208259583)
[INFO] 2022-09-12 11:35:10,452 [    train.py:  219]:	Evaluate:
[INFO] 2022-09-12 11:35:10,453 [    train.py:  226]:	Loss 0.2010, ('Ner Loss', 0.019236337),  ('CLS Classification Loss', 0.18177943)
[INFO] 2022-09-12 11:35:10,453 [    train.py:  227]:	('Ner Acc', 0.99755025), ('CLS Classification Acc', 0.9704404)
[INFO] 2022-09-12 11:35:24,611 [    train.py:  236]:	Precision 0.471 Recall 0.462 F1 0.466
[INFO] 2022-09-12 11:36:06,470 [    train.py:  184]:	Epoch 47: 
[INFO] 2022-09-12 11:36:06,470 [    train.py:  185]:	Train:
[INFO] 2022-09-12 11:36:06,473 [    train.py:  197]:	Loss 0.0047, ('Ner Loss', 0.0010464524384588003),  ('CLS Classification Loss', 0.003632225329056382)
[INFO] 2022-09-12 11:36:06,473 [    train.py:  207]:	('Ner Acc', 0.9996636509895325),  ('CLS Classification Acc', 0.9988962411880493)
[INFO] 2022-09-12 11:36:08,846 [    train.py:  219]:	Evaluate:
[INFO] 2022-09-12 11:36:08,847 [    train.py:  226]:	Loss 0.2028, ('Ner Loss', 0.019117625),  ('CLS Classification Loss', 0.1836638)
[INFO] 2022-09-12 11:36:08,847 [    train.py:  227]:	('Ner Acc', 0.99760455), ('CLS Classification Acc', 0.97404975)
[INFO] 2022-09-12 11:36:22,113 [    train.py:  236]:	Precision 0.510 Recall 0.439 F1 0.472
[INFO] 2022-09-12 11:37:03,881 [    train.py:  184]:	Epoch 48: 
[INFO] 2022-09-12 11:37:03,881 [    train.py:  185]:	Train:
[INFO] 2022-09-12 11:37:03,884 [    train.py:  197]:	Loss 0.0040, ('Ner Loss', 0.0007561691454611719),  ('CLS Classification Loss', 0.003235934302210808)
[INFO] 2022-09-12 11:37:03,884 [    train.py:  207]:	('Ner Acc', 0.9997458457946777),  ('CLS Classification Acc', 0.9990573525428772)
[INFO] 2022-09-12 11:37:06,300 [    train.py:  219]:	Evaluate:
[INFO] 2022-09-12 11:37:06,301 [    train.py:  226]:	Loss 0.2038, ('Ner Loss', 0.018909987),  ('CLS Classification Loss', 0.18486023)
[INFO] 2022-09-12 11:37:06,301 [    train.py:  227]:	('Ner Acc', 0.9975143), ('CLS Classification Acc', 0.9738212)
[INFO] 2022-09-12 11:37:19,498 [    train.py:  236]:	Precision 0.499 Recall 0.453 F1 0.475
[INFO] 2022-09-12 11:38:00,787 [    train.py:  184]:	Epoch 49: 
[INFO] 2022-09-12 11:38:00,787 [    train.py:  185]:	Train:
[INFO] 2022-09-12 11:38:00,791 [    train.py:  197]:	Loss 0.0047, ('Ner Loss', 0.0008962420397438109),  ('CLS Classification Loss', 0.003754551988095045)
[INFO] 2022-09-12 11:38:00,791 [    train.py:  207]:	('Ner Acc', 0.9997106194496155),  ('CLS Classification Acc', 0.998932957649231)
[INFO] 2022-09-12 11:38:03,084 [    train.py:  219]:	Evaluate:
[INFO] 2022-09-12 11:38:03,085 [    train.py:  226]:	Loss 0.2110, ('Ner Loss', 0.020084826),  ('CLS Classification Loss', 0.19095793)
[INFO] 2022-09-12 11:38:03,085 [    train.py:  227]:	('Ner Acc', 0.9973814), ('CLS Classification Acc', 0.97127795)
[INFO] 2022-09-12 11:38:16,187 [    train.py:  236]:	Precision 0.467 Recall 0.445 F1 0.456
[INFO] 2022-09-12 11:38:57,184 [    train.py:  184]:	Epoch 50: 
[INFO] 2022-09-12 11:38:57,184 [    train.py:  185]:	Train:
[INFO] 2022-09-12 11:38:57,188 [    train.py:  197]:	Loss 0.0046, ('Ner Loss', 0.0010956436162814498),  ('CLS Classification Loss', 0.003473796648904681)
[INFO] 2022-09-12 11:38:57,188 [    train.py:  207]:	('Ner Acc', 0.9996588826179504),  ('CLS Classification Acc', 0.9989826679229736)
[INFO] 2022-09-12 11:38:59,491 [    train.py:  219]:	Evaluate:
[INFO] 2022-09-12 11:38:59,492 [    train.py:  226]:	Loss 0.1807, ('Ner Loss', 0.016478414),  ('CLS Classification Loss', 0.16418573)
[INFO] 2022-09-12 11:38:59,492 [    train.py:  227]:	('Ner Acc', 0.99752605), ('CLS Classification Acc', 0.97301406)
[INFO] 2022-09-12 11:39:12,696 [    train.py:  236]:	Precision 0.489 Recall 0.447 F1 0.467
[INFO] 2022-09-12 11:39:54,137 [    train.py:  184]:	Epoch 51: 
[INFO] 2022-09-12 11:39:54,137 [    train.py:  185]:	Train:
[INFO] 2022-09-12 11:39:54,140 [    train.py:  197]:	Loss 0.0030, ('Ner Loss', 0.0009330973261967301),  ('CLS Classification Loss', 0.0020867132116109133)
[INFO] 2022-09-12 11:39:54,140 [    train.py:  207]:	('Ner Acc', 0.9996588826179504),  ('CLS Classification Acc', 0.9993672966957092)
[INFO] 2022-09-12 11:39:56,506 [    train.py:  219]:	Evaluate:
[INFO] 2022-09-12 11:39:56,507 [    train.py:  226]:	Loss 0.2146, ('Ner Loss', 0.019439287),  ('CLS Classification Loss', 0.19514558)
[INFO] 2022-09-12 11:39:56,507 [    train.py:  227]:	('Ner Acc', 0.99748874), ('CLS Classification Acc', 0.9734253)
[INFO] 2022-09-12 11:40:09,821 [    train.py:  236]:	Precision 0.509 Recall 0.447 F1 0.476
[INFO] 2022-09-12 11:40:51,909 [    train.py:  184]:	Epoch 52: 
[INFO] 2022-09-12 11:40:51,909 [    train.py:  185]:	Train:
[INFO] 2022-09-12 11:40:51,911 [    train.py:  197]:	Loss 0.0022, ('Ner Loss', 0.000569609459489584),  ('CLS Classification Loss', 0.001601673080585897)
[INFO] 2022-09-12 11:40:51,911 [    train.py:  207]:	('Ner Acc', 0.9998038411140442),  ('CLS Classification Acc', 0.9995532631874084)
[INFO] 2022-09-12 11:40:54,330 [    train.py:  219]:	Evaluate:
[INFO] 2022-09-12 11:40:54,331 [    train.py:  226]:	Loss 0.2219, ('Ner Loss', 0.01959548),  ('CLS Classification Loss', 0.20228986)
[INFO] 2022-09-12 11:40:54,331 [    train.py:  227]:	('Ner Acc', 0.9974585), ('CLS Classification Acc', 0.9707755)
[INFO] 2022-09-12 11:41:07,573 [    train.py:  236]:	Precision 0.476 Recall 0.427 F1 0.450
[INFO] 2022-09-12 11:41:51,892 [    train.py:  184]:	Epoch 53: 
[INFO] 2022-09-12 11:41:51,892 [    train.py:  185]:	Train:
[INFO] 2022-09-12 11:41:51,895 [    train.py:  197]:	Loss 0.0044, ('Ner Loss', 0.0007921118522062898),  ('CLS Classification Loss', 0.0036248420365154743)
[INFO] 2022-09-12 11:41:51,895 [    train.py:  207]:	('Ner Acc', 0.999729573726654),  ('CLS Classification Acc', 0.9989951252937317)
[INFO] 2022-09-12 11:41:54,311 [    train.py:  219]:	Evaluate:
[INFO] 2022-09-12 11:41:54,312 [    train.py:  226]:	Loss 0.2087, ('Ner Loss', 0.020115994),  ('CLS Classification Loss', 0.18862522)
[INFO] 2022-09-12 11:41:54,312 [    train.py:  227]:	('Ner Acc', 0.99737185), ('CLS Classification Acc', 0.9719329)
[INFO] 2022-09-12 11:42:08,547 [    train.py:  236]:	Precision 0.475 Recall 0.471 F1 0.473
[INFO] 2022-09-12 11:42:55,495 [    train.py:  184]:	Epoch 54: 
[INFO] 2022-09-12 11:42:55,495 [    train.py:  185]:	Train:
[INFO] 2022-09-12 11:42:55,498 [    train.py:  197]:	Loss 0.0049, ('Ner Loss', 0.0009623615769669414),  ('CLS Classification Loss', 0.003952197730541229)
[INFO] 2022-09-12 11:42:55,499 [    train.py:  207]:	('Ner Acc', 0.9996939301490784),  ('CLS Classification Acc', 0.9989083409309387)
[INFO] 2022-09-12 11:42:57,815 [    train.py:  219]:	Evaluate:
[INFO] 2022-09-12 11:42:57,815 [    train.py:  226]:	Loss 0.2088, ('Ner Loss', 0.019397423),  ('CLS Classification Loss', 0.18938418)
[INFO] 2022-09-12 11:42:57,815 [    train.py:  227]:	('Ner Acc', 0.997457), ('CLS Classification Acc', 0.97344047)
[INFO] 2022-09-12 11:43:14,422 [    train.py:  236]:	Precision 0.498 Recall 0.454 F1 0.475
[INFO] 2022-09-12 11:44:03,564 [    train.py:  184]:	Epoch 55: 
[INFO] 2022-09-12 11:44:03,565 [    train.py:  185]:	Train:
[INFO] 2022-09-12 11:44:03,568 [    train.py:  197]:	Loss 0.0031, ('Ner Loss', 0.0007265058229677379),  ('CLS Classification Loss', 0.0023683246690779924)
[INFO] 2022-09-12 11:44:03,568 [    train.py:  207]:	('Ner Acc', 0.9997810125350952),  ('CLS Classification Acc', 0.9994044899940491)
[INFO] 2022-09-12 11:44:05,911 [    train.py:  219]:	Evaluate:
[INFO] 2022-09-12 11:44:05,911 [    train.py:  226]:	Loss 0.2614, ('Ner Loss', 0.021071926),  ('CLS Classification Loss', 0.24031343)
[INFO] 2022-09-12 11:44:05,911 [    train.py:  227]:	('Ner Acc', 0.9973785), ('CLS Classification Acc', 0.9689174)
[INFO] 2022-09-12 11:44:22,618 [    train.py:  236]:	Precision 0.455 Recall 0.460 F1 0.458
[INFO] 2022-09-12 11:45:14,079 [    train.py:  184]:	Epoch 56: 
[INFO] 2022-09-12 11:45:14,080 [    train.py:  185]:	Train:
[INFO] 2022-09-12 11:45:14,086 [    train.py:  197]:	Loss 0.0278, ('Ner Loss', 0.0033881075214594603),  ('CLS Classification Loss', 0.024433590471744537)
[INFO] 2022-09-12 11:45:14,086 [    train.py:  207]:	('Ner Acc', 0.9990004301071167),  ('CLS Classification Acc', 0.9925594925880432)
[INFO] 2022-09-12 11:45:16,417 [    train.py:  219]:	Evaluate:
[INFO] 2022-09-12 11:45:16,418 [    train.py:  226]:	Loss 0.1409, ('Ner Loss', 0.014664739),  ('CLS Classification Loss', 0.12623951)
[INFO] 2022-09-12 11:45:16,418 [    train.py:  227]:	('Ner Acc', 0.99743694), ('CLS Classification Acc', 0.9701664)
[INFO] 2022-09-12 11:45:33,325 [    train.py:  236]:	Precision 0.449 Recall 0.289 F1 0.351
[INFO] 2022-09-12 11:46:25,092 [    train.py:  184]:	Epoch 57: 
[INFO] 2022-09-12 11:46:25,092 [    train.py:  185]:	Train:
[INFO] 2022-09-12 11:46:25,095 [    train.py:  197]:	Loss 0.0133, ('Ner Loss', 0.0021641107741743326),  ('CLS Classification Loss', 0.01111473049968481)
[INFO] 2022-09-12 11:46:25,095 [    train.py:  207]:	('Ner Acc', 0.9992944002151489),  ('CLS Classification Acc', 0.9964900612831116)
[INFO] 2022-09-12 11:46:27,514 [    train.py:  219]:	Evaluate:
[INFO] 2022-09-12 11:46:27,515 [    train.py:  226]:	Loss 0.1782, ('Ner Loss', 0.017378869),  ('CLS Classification Loss', 0.16077927)
[INFO] 2022-09-12 11:46:27,515 [    train.py:  227]:	('Ner Acc', 0.9971783), ('CLS Classification Acc', 0.9703795)
[INFO] 2022-09-12 11:46:43,895 [    train.py:  236]:	Precision 0.436 Recall 0.446 F1 0.441
[INFO] 2022-09-12 11:47:35,500 [    train.py:  184]:	Epoch 58: 
[INFO] 2022-09-12 11:47:35,501 [    train.py:  185]:	Train:
[INFO] 2022-09-12 11:47:35,504 [    train.py:  197]:	Loss 0.0066, ('Ner Loss', 0.0016196917276829481),  ('CLS Classification Loss', 0.005001073237508535)
[INFO] 2022-09-12 11:47:35,504 [    train.py:  207]:	('Ner Acc', 0.9994781613349915),  ('CLS Classification Acc', 0.9984988570213318)
[INFO] 2022-09-12 11:47:37,812 [    train.py:  219]:	Evaluate:
[INFO] 2022-09-12 11:47:37,812 [    train.py:  226]:	Loss 0.2041, ('Ner Loss', 0.017218994),  ('CLS Classification Loss', 0.18688993)
[INFO] 2022-09-12 11:47:37,812 [    train.py:  227]:	('Ner Acc', 0.99740106), ('CLS Classification Acc', 0.97065365)
[INFO] 2022-09-12 11:47:54,196 [    train.py:  236]:	Precision 0.449 Recall 0.439 F1 0.444
[INFO] 2022-09-12 11:48:46,181 [    train.py:  184]:	Epoch 59: 
[INFO] 2022-09-12 11:48:46,181 [    train.py:  185]:	Train:
[INFO] 2022-09-12 11:48:46,187 [    train.py:  197]:	Loss 0.0052, ('Ner Loss', 0.0011934804497286677),  ('CLS Classification Loss', 0.003978629130870104)
[INFO] 2022-09-12 11:48:46,187 [    train.py:  207]:	('Ner Acc', 0.9996111392974854),  ('CLS Classification Acc', 0.9988215565681458)
[INFO] 2022-09-12 11:48:48,512 [    train.py:  219]:	Evaluate:
[INFO] 2022-09-12 11:48:48,512 [    train.py:  226]:	Loss 0.2033, ('Ner Loss', 0.018309478),  ('CLS Classification Loss', 0.18497907)
[INFO] 2022-09-12 11:48:48,512 [    train.py:  227]:	('Ner Acc', 0.9974335), ('CLS Classification Acc', 0.9728618)
[INFO] 2022-09-12 11:49:05,222 [    train.py:  236]:	Precision 0.492 Recall 0.408 F1 0.446
[INFO] 2022-09-12 11:49:57,008 [    train.py:  184]:	Epoch 60: 
[INFO] 2022-09-12 11:49:57,008 [    train.py:  185]:	Train:
[INFO] 2022-09-12 11:49:57,011 [    train.py:  197]:	Loss 0.0049, ('Ner Loss', 0.0010020341724157333),  ('CLS Classification Loss', 0.003942048642784357)
[INFO] 2022-09-12 11:49:57,011 [    train.py:  207]:	('Ner Acc', 0.9996795654296875),  ('CLS Classification Acc', 0.9988836050033569)
[INFO] 2022-09-12 11:49:59,509 [    train.py:  219]:	Evaluate:
[INFO] 2022-09-12 11:49:59,510 [    train.py:  226]:	Loss 0.1941, ('Ner Loss', 0.017008405),  ('CLS Classification Loss', 0.17704806)
[INFO] 2022-09-12 11:49:59,510 [    train.py:  227]:	('Ner Acc', 0.9974273), ('CLS Classification Acc', 0.97207)
[INFO] 2022-09-12 11:50:15,421 [    train.py:  236]:	Precision 0.471 Recall 0.443 F1 0.456
[INFO] 2022-09-12 11:51:07,297 [    train.py:  184]:	Epoch 61: 
[INFO] 2022-09-12 11:51:07,297 [    train.py:  185]:	Train:
[INFO] 2022-09-12 11:51:07,301 [    train.py:  197]:	Loss 0.0031, ('Ner Loss', 0.0008115656091831625),  ('CLS Classification Loss', 0.0022910390980541706)
[INFO] 2022-09-12 11:51:07,301 [    train.py:  207]:	('Ner Acc', 0.9997345805168152),  ('CLS Classification Acc', 0.9993797540664673)
[INFO] 2022-09-12 11:51:09,707 [    train.py:  219]:	Evaluate:
[INFO] 2022-09-12 11:51:09,708 [    train.py:  226]:	Loss 0.2050, ('Ner Loss', 0.018535491),  ('CLS Classification Loss', 0.18649645)
[INFO] 2022-09-12 11:51:09,708 [    train.py:  227]:	('Ner Acc', 0.9974521), ('CLS Classification Acc', 0.97315115)
[INFO] 2022-09-12 11:51:25,228 [    train.py:  236]:	Precision 0.487 Recall 0.451 F1 0.468
[INFO] 2022-09-12 11:52:17,012 [    train.py:  184]:	Epoch 62: 
[INFO] 2022-09-12 11:52:17,012 [    train.py:  185]:	Train:
[INFO] 2022-09-12 11:52:17,015 [    train.py:  197]:	Loss 0.0024, ('Ner Loss', 0.0007700677961111069),  ('CLS Classification Loss', 0.0016317876288667321)
[INFO] 2022-09-12 11:52:17,015 [    train.py:  207]:	('Ner Acc', 0.9997293949127197),  ('CLS Classification Acc', 0.9996030330657959)
[INFO] 2022-09-12 11:52:19,409 [    train.py:  219]:	Evaluate:
[INFO] 2022-09-12 11:52:19,409 [    train.py:  226]:	Loss 0.2200, ('Ner Loss', 0.018461464),  ('CLS Classification Loss', 0.20151556)
[INFO] 2022-09-12 11:52:19,409 [    train.py:  227]:	('Ner Acc', 0.99744767), ('CLS Classification Acc', 0.97164345)
[INFO] 2022-09-12 11:52:35,222 [    train.py:  236]:	Precision 0.465 Recall 0.475 F1 0.470
[INFO] 2022-09-12 11:53:27,697 [    train.py:  184]:	Epoch 63: 
[INFO] 2022-09-12 11:53:27,697 [    train.py:  185]:	Train:
[INFO] 2022-09-12 11:53:27,701 [    train.py:  197]:	Loss 0.0035, ('Ner Loss', 0.0008995805401355028),  ('CLS Classification Loss', 0.0025941820349544287)
[INFO] 2022-09-12 11:53:27,701 [    train.py:  207]:	('Ner Acc', 0.9997085332870483),  ('CLS Classification Acc', 0.9993054270744324)
[INFO] 2022-09-12 11:53:30,112 [    train.py:  219]:	Evaluate:
[INFO] 2022-09-12 11:53:30,112 [    train.py:  226]:	Loss 0.2212, ('Ner Loss', 0.017076844),  ('CLS Classification Loss', 0.20407587)
[INFO] 2022-09-12 11:53:30,112 [    train.py:  227]:	('Ner Acc', 0.99750596), ('CLS Classification Acc', 0.9741562)
[INFO] 2022-09-12 11:53:46,901 [    train.py:  236]:	Precision 0.511 Recall 0.450 F1 0.478
[INFO] 2022-09-12 11:54:39,389 [    train.py:  184]:	Epoch 64: 
[INFO] 2022-09-12 11:54:39,390 [    train.py:  185]:	Train:
[INFO] 2022-09-12 11:54:39,393 [    train.py:  197]:	Loss 0.0038, ('Ner Loss', 0.000799437693785876),  ('CLS Classification Loss', 0.0029850625433027744)
[INFO] 2022-09-12 11:54:39,393 [    train.py:  207]:	('Ner Acc', 0.9997317790985107),  ('CLS Classification Acc', 0.9990572333335876)
[INFO] 2022-09-12 11:54:41,716 [    train.py:  219]:	Evaluate:
[INFO] 2022-09-12 11:54:41,716 [    train.py:  226]:	Loss 0.2229, ('Ner Loss', 0.020036757),  ('CLS Classification Loss', 0.20287049)
[INFO] 2022-09-12 11:54:41,716 [    train.py:  227]:	('Ner Acc', 0.9974411), ('CLS Classification Acc', 0.9710039)
[INFO] 2022-09-12 11:54:57,557 [    train.py:  236]:	Precision 0.487 Recall 0.433 F1 0.459
[INFO] 2022-09-12 11:55:49,994 [    train.py:  184]:	Epoch 65: 
[INFO] 2022-09-12 11:55:49,995 [    train.py:  185]:	Train:
[INFO] 2022-09-12 11:55:49,998 [    train.py:  197]:	Loss 0.0045, ('Ner Loss', 0.0008241653558798134),  ('CLS Classification Loss', 0.0036876704543828964)
[INFO] 2022-09-12 11:55:49,998 [    train.py:  207]:	('Ner Acc', 0.9997146725654602),  ('CLS Classification Acc', 0.9988960027694702)
[INFO] 2022-09-12 11:55:52,211 [    train.py:  219]:	Evaluate:
[INFO] 2022-09-12 11:55:52,212 [    train.py:  226]:	Loss 0.2397, ('Ner Loss', 0.020079628),  ('CLS Classification Loss', 0.21962753)
[INFO] 2022-09-12 11:55:52,212 [    train.py:  227]:	('Ner Acc', 0.9973095), ('CLS Classification Acc', 0.97002935)
[INFO] 2022-09-12 11:56:07,919 [    train.py:  236]:	Precision 0.483 Recall 0.428 F1 0.454
[INFO] 2022-09-12 11:56:59,927 [    train.py:  184]:	Epoch 66: 
[INFO] 2022-09-12 11:56:59,928 [    train.py:  185]:	Train:
[INFO] 2022-09-12 11:56:59,936 [    train.py:  197]:	Loss 0.0050, ('Ner Loss', 0.0008992035291157663),  ('CLS Classification Loss', 0.004064624663442373)
[INFO] 2022-09-12 11:56:59,936 [    train.py:  207]:	('Ner Acc', 0.9996769428253174),  ('CLS Classification Acc', 0.9987969398498535)
[INFO] 2022-09-12 11:57:02,410 [    train.py:  219]:	Evaluate:
[INFO] 2022-09-12 11:57:02,410 [    train.py:  226]:	Loss 0.2193, ('Ner Loss', 0.018612236),  ('CLS Classification Loss', 0.20065215)
[INFO] 2022-09-12 11:57:02,410 [    train.py:  227]:	('Ner Acc', 0.9972939), ('CLS Classification Acc', 0.9715368)
[INFO] 2022-09-12 11:57:17,960 [    train.py:  236]:	Precision 0.461 Recall 0.460 F1 0.461
[INFO] 2022-09-12 11:58:09,901 [    train.py:  184]:	Epoch 67: 
[INFO] 2022-09-12 11:58:09,901 [    train.py:  185]:	Train:
[INFO] 2022-09-12 11:58:09,904 [    train.py:  197]:	Loss 0.0040, ('Ner Loss', 0.0007698453264310956),  ('CLS Classification Loss', 0.003272982779890299)
[INFO] 2022-09-12 11:58:09,905 [    train.py:  207]:	('Ner Acc', 0.9997323155403137),  ('CLS Classification Acc', 0.9990818500518799)
[INFO] 2022-09-12 11:58:12,213 [    train.py:  219]:	Evaluate:
[INFO] 2022-09-12 11:58:12,213 [    train.py:  226]:	Loss 0.2652, ('Ner Loss', 0.021853914),  ('CLS Classification Loss', 0.24331148)
[INFO] 2022-09-12 11:58:12,213 [    train.py:  227]:	('Ner Acc', 0.99720305), ('CLS Classification Acc', 0.9684454)
[INFO] 2022-09-12 11:58:28,009 [    train.py:  236]:	Precision 0.422 Recall 0.471 F1 0.445
[INFO] 2022-09-12 11:59:19,592 [    train.py:  184]:	Epoch 68: 
[INFO] 2022-09-12 11:59:19,592 [    train.py:  185]:	Train:
[INFO] 2022-09-12 11:59:19,595 [    train.py:  197]:	Loss 0.0103, ('Ner Loss', 0.0016185828717425466),  ('CLS Classification Loss', 0.008707820437848568)
[INFO] 2022-09-12 11:59:19,595 [    train.py:  207]:	('Ner Acc', 0.9995340704917908),  ('CLS Classification Acc', 0.9974575638771057)
[INFO] 2022-09-12 11:59:22,010 [    train.py:  219]:	Evaluate:
[INFO] 2022-09-12 11:59:22,010 [    train.py:  226]:	Loss 0.2028, ('Ner Loss', 0.018728547),  ('CLS Classification Loss', 0.18403001)
[INFO] 2022-09-12 11:59:22,010 [    train.py:  227]:	('Ner Acc', 0.9974205), ('CLS Classification Acc', 0.9729227)
[INFO] 2022-09-12 11:59:37,364 [    train.py:  236]:	Precision 0.499 Recall 0.431 F1 0.463
[INFO] 2022-09-12 12:00:29,792 [    train.py:  184]:	Epoch 69: 
[INFO] 2022-09-12 12:00:29,792 [    train.py:  185]:	Train:
[INFO] 2022-09-12 12:00:29,796 [    train.py:  197]:	Loss 0.0055, ('Ner Loss', 0.0012055608676746488),  ('CLS Classification Loss', 0.004298391751945019)
[INFO] 2022-09-12 12:00:29,796 [    train.py:  207]:	('Ner Acc', 0.9996103644371033),  ('CLS Classification Acc', 0.9987349510192871)
[INFO] 2022-09-12 12:00:32,117 [    train.py:  219]:	Evaluate:
[INFO] 2022-09-12 12:00:32,117 [    train.py:  226]:	Loss 0.1948, ('Ner Loss', 0.01589508),  ('CLS Classification Loss', 0.17891642)
[INFO] 2022-09-12 12:00:32,117 [    train.py:  227]:	('Ner Acc', 0.9972721), ('CLS Classification Acc', 0.9709125)
[INFO] 2022-09-12 12:00:47,924 [    train.py:  236]:	Precision 0.448 Recall 0.465 F1 0.456
[INFO] 2022-09-12 12:01:40,105 [    train.py:  184]:	Epoch 70: 
[INFO] 2022-09-12 12:01:40,106 [    train.py:  185]:	Train:
[INFO] 2022-09-12 12:01:40,109 [    train.py:  197]:	Loss 0.0037, ('Ner Loss', 0.0008149801869876683),  ('CLS Classification Loss', 0.0028453166596591473)
[INFO] 2022-09-12 12:01:40,109 [    train.py:  207]:	('Ner Acc', 0.9996998310089111),  ('CLS Classification Acc', 0.9991068243980408)
[INFO] 2022-09-12 12:01:42,416 [    train.py:  219]:	Evaluate:
[INFO] 2022-09-12 12:01:42,416 [    train.py:  226]:	Loss 0.2192, ('Ner Loss', 0.018632317),  ('CLS Classification Loss', 0.20057602)
[INFO] 2022-09-12 12:01:42,416 [    train.py:  227]:	('Ner Acc', 0.9972779), ('CLS Classification Acc', 0.97054714)
[INFO] 2022-09-12 12:01:58,001 [    train.py:  236]:	Precision 0.452 Recall 0.437 F1 0.444
[INFO] 2022-09-12 12:02:50,095 [    train.py:  184]:	Epoch 71: 
[INFO] 2022-09-12 12:02:50,095 [    train.py:  185]:	Train:
[INFO] 2022-09-12 12:02:50,099 [    train.py:  197]:	Loss 0.0034, ('Ner Loss', 0.000690489774569869),  ('CLS Classification Loss', 0.0027020194102078676)
[INFO] 2022-09-12 12:02:50,099 [    train.py:  207]:	('Ner Acc', 0.9997612833976746),  ('CLS Classification Acc', 0.9993299245834351)
[INFO] 2022-09-12 12:02:52,419 [    train.py:  219]:	Evaluate:
[INFO] 2022-09-12 12:02:52,419 [    train.py:  226]:	Loss 0.2044, ('Ner Loss', 0.018879704),  ('CLS Classification Loss', 0.18555026)
[INFO] 2022-09-12 12:02:52,419 [    train.py:  227]:	('Ner Acc', 0.997402), ('CLS Classification Acc', 0.9688414)
[INFO] 2022-09-12 12:03:08,274 [    train.py:  236]:	Precision 0.467 Recall 0.451 F1 0.459
[INFO] 2022-09-12 12:04:00,761 [    train.py:  184]:	Epoch 72: 
[INFO] 2022-09-12 12:04:00,761 [    train.py:  185]:	Train:
[INFO] 2022-09-12 12:04:00,789 [    train.py:  197]:	Loss 0.0023, ('Ner Loss', 0.0006132075795903802),  ('CLS Classification Loss', 0.0016507133841514587)
[INFO] 2022-09-12 12:04:00,789 [    train.py:  207]:	('Ner Acc', 0.9997878074645996),  ('CLS Classification Acc', 0.9995781779289246)
[INFO] 2022-09-12 12:04:03,015 [    train.py:  219]:	Evaluate:
[INFO] 2022-09-12 12:04:03,016 [    train.py:  226]:	Loss 0.2253, ('Ner Loss', 0.018354995),  ('CLS Classification Loss', 0.20696294)
[INFO] 2022-09-12 12:04:03,016 [    train.py:  227]:	('Ner Acc', 0.997488), ('CLS Classification Acc', 0.9702273)
[INFO] 2022-09-12 12:04:18,662 [    train.py:  236]:	Precision 0.473 Recall 0.449 F1 0.461
[INFO] 2022-09-12 12:05:10,196 [    train.py:  184]:	Epoch 73: 
[INFO] 2022-09-12 12:05:10,197 [    train.py:  185]:	Train:
[INFO] 2022-09-12 12:05:10,199 [    train.py:  197]:	Loss 0.0018, ('Ner Loss', 0.000465125689515844),  ('CLS Classification Loss', 0.0013389375526458025)
[INFO] 2022-09-12 12:05:10,199 [    train.py:  207]:	('Ner Acc', 0.9998493790626526),  ('CLS Classification Acc', 0.9996402263641357)
[INFO] 2022-09-12 12:05:12,416 [    train.py:  219]:	Evaluate:
[INFO] 2022-09-12 12:05:12,416 [    train.py:  226]:	Loss 0.2305, ('Ner Loss', 0.01837015),  ('CLS Classification Loss', 0.21217343)
[INFO] 2022-09-12 12:05:12,416 [    train.py:  227]:	('Ner Acc', 0.99736863), ('CLS Classification Acc', 0.97185665)
[INFO] 2022-09-12 12:05:28,664 [    train.py:  236]:	Precision 0.473 Recall 0.479 F1 0.476
[INFO] 2022-09-12 12:06:20,395 [    train.py:  184]:	Epoch 74: 
[INFO] 2022-09-12 12:06:20,396 [    train.py:  185]:	Train:
[INFO] 2022-09-12 12:06:20,398 [    train.py:  197]:	Loss 0.0021, ('Ner Loss', 0.0004842302587348968),  ('CLS Classification Loss', 0.001643791445530951)
[INFO] 2022-09-12 12:06:20,399 [    train.py:  207]:	('Ner Acc', 0.9998180866241455),  ('CLS Classification Acc', 0.9995535612106323)
[INFO] 2022-09-12 12:06:22,711 [    train.py:  219]:	Evaluate:
[INFO] 2022-09-12 12:06:22,711 [    train.py:  226]:	Loss 0.2531, ('Ner Loss', 0.020914977),  ('CLS Classification Loss', 0.23216632)
[INFO] 2022-09-12 12:06:22,711 [    train.py:  227]:	('Ner Acc', 0.99741286), ('CLS Classification Acc', 0.9706689)
[INFO] 2022-09-12 12:06:38,251 [    train.py:  236]:	Precision 0.476 Recall 0.460 F1 0.468
[INFO] 2022-09-12 12:07:30,173 [    train.py:  184]:	Epoch 75: 
[INFO] 2022-09-12 12:07:30,173 [    train.py:  185]:	Train:
[INFO] 2022-09-12 12:07:30,176 [    train.py:  197]:	Loss 0.0017, ('Ner Loss', 0.0005122831789776683),  ('CLS Classification Loss', 0.0012220958014950156)
[INFO] 2022-09-12 12:07:30,176 [    train.py:  207]:	('Ner Acc', 0.999802827835083),  ('CLS Classification Acc', 0.999515950679779)
[INFO] 2022-09-12 12:07:32,617 [    train.py:  219]:	Evaluate:
[INFO] 2022-09-12 12:07:32,618 [    train.py:  226]:	Loss 0.2647, ('Ner Loss', 0.020948473),  ('CLS Classification Loss', 0.24370655)
[INFO] 2022-09-12 12:07:32,618 [    train.py:  227]:	('Ner Acc', 0.9974484), ('CLS Classification Acc', 0.9693897)
[INFO] 2022-09-12 12:07:48,461 [    train.py:  236]:	Precision 0.463 Recall 0.469 F1 0.466
[INFO] 2022-09-12 12:08:40,549 [    train.py:  184]:	Epoch 76: 
[INFO] 2022-09-12 12:08:40,550 [    train.py:  185]:	Train:
[INFO] 2022-09-12 12:08:40,554 [    train.py:  197]:	Loss 0.0031, ('Ner Loss', 0.0005654689739458263),  ('CLS Classification Loss', 0.0025303862057626247)
[INFO] 2022-09-12 12:08:40,554 [    train.py:  207]:	('Ner Acc', 0.9998259544372559),  ('CLS Classification Acc', 0.9992927312850952)
[INFO] 2022-09-12 12:08:42,914 [    train.py:  219]:	Evaluate:
[INFO] 2022-09-12 12:08:42,914 [    train.py:  226]:	Loss 0.2220, ('Ner Loss', 0.018825911),  ('CLS Classification Loss', 0.20313843)
[INFO] 2022-09-12 12:08:42,914 [    train.py:  227]:	('Ner Acc', 0.99740714), ('CLS Classification Acc', 0.97098863)
[INFO] 2022-09-12 12:08:58,806 [    train.py:  236]:	Precision 0.470 Recall 0.447 F1 0.458
[INFO] 2022-09-12 12:09:50,295 [    train.py:  184]:	Epoch 77: 
[INFO] 2022-09-12 12:09:50,296 [    train.py:  185]:	Train:
[INFO] 2022-09-12 12:09:50,298 [    train.py:  197]:	Loss 0.0027, ('Ner Loss', 0.000628615845926106),  ('CLS Classification Loss', 0.00208084168843925)
[INFO] 2022-09-12 12:09:50,298 [    train.py:  207]:	('Ner Acc', 0.999787449836731),  ('CLS Classification Acc', 0.9993672966957092)
[INFO] 2022-09-12 12:09:52,617 [    train.py:  219]:	Evaluate:
[INFO] 2022-09-12 12:09:52,617 [    train.py:  226]:	Loss 0.2461, ('Ner Loss', 0.019017259),  ('CLS Classification Loss', 0.22707781)
[INFO] 2022-09-12 12:09:52,617 [    train.py:  227]:	('Ner Acc', 0.9974543), ('CLS Classification Acc', 0.96951145)
[INFO] 2022-09-12 12:10:07,964 [    train.py:  236]:	Precision 0.472 Recall 0.437 F1 0.454
[INFO] 2022-09-12 12:11:00,201 [    train.py:  184]:	Epoch 78: 
[INFO] 2022-09-12 12:11:00,201 [    train.py:  185]:	Train:
[INFO] 2022-09-12 12:11:00,205 [    train.py:  197]:	Loss 0.0042, ('Ner Loss', 0.0009022271260619164),  ('CLS Classification Loss', 0.003309230087324977)
[INFO] 2022-09-12 12:11:00,205 [    train.py:  207]:	('Ner Acc', 0.9997165203094482),  ('CLS Classification Acc', 0.9990326166152954)
[INFO] 2022-09-12 12:11:02,415 [    train.py:  219]:	Evaluate:
[INFO] 2022-09-12 12:11:02,416 [    train.py:  226]:	Loss 0.2436, ('Ner Loss', 0.01968286),  ('CLS Classification Loss', 0.22390418)
[INFO] 2022-09-12 12:11:02,416 [    train.py:  227]:	('Ner Acc', 0.9973258), ('CLS Classification Acc', 0.9705165)
[INFO] 2022-09-12 12:11:18,171 [    train.py:  236]:	Precision 0.455 Recall 0.480 F1 0.467
[INFO] 2022-09-12 12:12:10,495 [    train.py:  184]:	Epoch 79: 
[INFO] 2022-09-12 12:12:10,495 [    train.py:  185]:	Train:
[INFO] 2022-09-12 12:12:10,498 [    train.py:  197]:	Loss 0.0030, ('Ner Loss', 0.0006635492318309844),  ('CLS Classification Loss', 0.0023197843693196774)
[INFO] 2022-09-12 12:12:10,498 [    train.py:  207]:	('Ner Acc', 0.9997881054878235),  ('CLS Classification Acc', 0.9993054270744324)
[INFO] 2022-09-12 12:12:12,814 [    train.py:  219]:	Evaluate:
[INFO] 2022-09-12 12:12:12,815 [    train.py:  226]:	Loss 0.2298, ('Ner Loss', 0.019358523),  ('CLS Classification Loss', 0.2104203)
[INFO] 2022-09-12 12:12:12,815 [    train.py:  227]:	('Ner Acc', 0.9974299), ('CLS Classification Acc', 0.97005963)
[INFO] 2022-09-12 12:12:28,297 [    train.py:  236]:	Precision 0.478 Recall 0.443 F1 0.460
[INFO] 2022-09-12 12:13:20,390 [    train.py:  184]:	Epoch 80: 
[INFO] 2022-09-12 12:13:20,390 [    train.py:  185]:	Train:
[INFO] 2022-09-12 12:13:20,393 [    train.py:  197]:	Loss 0.0028, ('Ner Loss', 0.0005198962171562016),  ('CLS Classification Loss', 0.0023026231210678816)
[INFO] 2022-09-12 12:13:20,393 [    train.py:  207]:	('Ner Acc', 0.9998178482055664),  ('CLS Classification Acc', 0.9993672966957092)
[INFO] 2022-09-12 12:13:22,814 [    train.py:  219]:	Evaluate:
[INFO] 2022-09-12 12:13:22,815 [    train.py:  226]:	Loss 0.2216, ('Ner Loss', 0.019236779),  ('CLS Classification Loss', 0.20235929)
[INFO] 2022-09-12 12:13:22,815 [    train.py:  227]:	('Ner Acc', 0.99734336), ('CLS Classification Acc', 0.9703796)
[INFO] 2022-09-12 12:13:38,828 [    train.py:  236]:	Precision 0.454 Recall 0.473 F1 0.463
[INFO] 2022-09-12 12:14:30,290 [    train.py:  184]:	Epoch 81: 
[INFO] 2022-09-12 12:14:30,290 [    train.py:  185]:	Train:
[INFO] 2022-09-12 12:14:30,293 [    train.py:  197]:	Loss 0.0037, ('Ner Loss', 0.000705134472809732),  ('CLS Classification Loss', 0.002977397758513689)
[INFO] 2022-09-12 12:14:30,293 [    train.py:  207]:	('Ner Acc', 0.9997603297233582),  ('CLS Classification Acc', 0.9992309808731079)
[INFO] 2022-09-12 12:14:32,615 [    train.py:  219]:	Evaluate:
[INFO] 2022-09-12 12:14:32,616 [    train.py:  226]:	Loss 0.2240, ('Ner Loss', 0.020716831),  ('CLS Classification Loss', 0.20330043)
[INFO] 2022-09-12 12:14:32,616 [    train.py:  227]:	('Ner Acc', 0.99747115), ('CLS Classification Acc', 0.97123235)
[INFO] 2022-09-12 12:14:48,258 [    train.py:  236]:	Precision 0.475 Recall 0.422 F1 0.447
[INFO] 2022-09-12 12:15:39,933 [    train.py:  184]:	Epoch 82: 
[INFO] 2022-09-12 12:15:39,933 [    train.py:  185]:	Train:
[INFO] 2022-09-12 12:15:39,936 [    train.py:  197]:	Loss 0.0036, ('Ner Loss', 0.0005880893440917134),  ('CLS Classification Loss', 0.0029957699589431286)
[INFO] 2022-09-12 12:15:39,936 [    train.py:  207]:	('Ner Acc', 0.9997809529304504),  ('CLS Classification Acc', 0.9992310404777527)
[INFO] 2022-09-12 12:15:42,319 [    train.py:  219]:	Evaluate:
[INFO] 2022-09-12 12:15:42,320 [    train.py:  226]:	Loss 0.2488, ('Ner Loss', 0.020354422),  ('CLS Classification Loss', 0.22849484)
[INFO] 2022-09-12 12:15:42,320 [    train.py:  227]:	('Ner Acc', 0.99705666), ('CLS Classification Acc', 0.9695267)
[INFO] 2022-09-12 12:15:58,273 [    train.py:  236]:	Precision 0.429 Recall 0.441 F1 0.435
[INFO] 2022-09-12 12:16:49,390 [    train.py:  184]:	Epoch 83: 
[INFO] 2022-09-12 12:16:49,391 [    train.py:  185]:	Train:
[INFO] 2022-09-12 12:16:49,394 [    train.py:  197]:	Loss 0.0038, ('Ner Loss', 0.000698395015206188),  ('CLS Classification Loss', 0.00309903547167778)
[INFO] 2022-09-12 12:16:49,394 [    train.py:  207]:	('Ner Acc', 0.9997695088386536),  ('CLS Classification Acc', 0.9991564154624939)
[INFO] 2022-09-12 12:16:51,718 [    train.py:  219]:	Evaluate:
[INFO] 2022-09-12 12:16:51,718 [    train.py:  226]:	Loss 0.2175, ('Ner Loss', 0.020894568),  ('CLS Classification Loss', 0.19662867)
[INFO] 2022-09-12 12:16:51,718 [    train.py:  227]:	('Ner Acc', 0.99710804), ('CLS Classification Acc', 0.9691765)
[INFO] 2022-09-12 12:17:07,592 [    train.py:  236]:	Precision 0.427 Recall 0.430 F1 0.428
[INFO] 2022-09-12 12:17:59,353 [    train.py:  184]:	Epoch 84: 
[INFO] 2022-09-12 12:17:59,353 [    train.py:  185]:	Train:
[INFO] 2022-09-12 12:17:59,356 [    train.py:  197]:	Loss 0.0045, ('Ner Loss', 0.0008060456020757556),  ('CLS Classification Loss', 0.00366639974527061)
[INFO] 2022-09-12 12:17:59,356 [    train.py:  207]:	('Ner Acc', 0.9997110366821289),  ('CLS Classification Acc', 0.9989206790924072)
[INFO] 2022-09-12 12:18:01,606 [    train.py:  219]:	Evaluate:
[INFO] 2022-09-12 12:18:01,607 [    train.py:  226]:	Loss 0.2259, ('Ner Loss', 0.020935467),  ('CLS Classification Loss', 0.20498376)
[INFO] 2022-09-12 12:18:01,607 [    train.py:  227]:	('Ner Acc', 0.997379), ('CLS Classification Acc', 0.9723747)
[INFO] 2022-09-12 12:18:17,473 [    train.py:  236]:	Precision 0.496 Recall 0.419 F1 0.454
[INFO] 2022-09-12 12:19:08,701 [    train.py:  184]:	Epoch 85: 
[INFO] 2022-09-12 12:19:08,702 [    train.py:  185]:	Train:
[INFO] 2022-09-12 12:19:08,705 [    train.py:  197]:	Loss 0.0063, ('Ner Loss', 0.0010282996809110045),  ('CLS Classification Loss', 0.005299496930092573)
[INFO] 2022-09-12 12:19:08,706 [    train.py:  207]:	('Ner Acc', 0.9996574521064758),  ('CLS Classification Acc', 0.9985113739967346)
[INFO] 2022-09-12 12:19:11,113 [    train.py:  219]:	Evaluate:
[INFO] 2022-09-12 12:19:11,114 [    train.py:  226]:	Loss 0.1737, ('Ner Loss', 0.015529598),  ('CLS Classification Loss', 0.15821485)
[INFO] 2022-09-12 12:19:11,114 [    train.py:  227]:	('Ner Acc', 0.99739444), ('CLS Classification Acc', 0.97260296)
[INFO] 2022-09-12 12:19:27,325 [    train.py:  236]:	Precision 0.484 Recall 0.426 F1 0.453
[INFO] 2022-09-12 12:20:19,496 [    train.py:  184]:	Epoch 86: 
[INFO] 2022-09-12 12:20:19,496 [    train.py:  185]:	Train:
[INFO] 2022-09-12 12:20:19,499 [    train.py:  197]:	Loss 0.0052, ('Ner Loss', 0.000886717636603862),  ('CLS Classification Loss', 0.004349749069660902)
[INFO] 2022-09-12 12:20:19,499 [    train.py:  207]:	('Ner Acc', 0.9997040629386902),  ('CLS Classification Acc', 0.998809278011322)
[INFO] 2022-09-12 12:20:21,915 [    train.py:  219]:	Evaluate:
[INFO] 2022-09-12 12:20:21,915 [    train.py:  226]:	Loss 0.2202, ('Ner Loss', 0.017742503),  ('CLS Classification Loss', 0.20244253)
[INFO] 2022-09-12 12:20:21,915 [    train.py:  227]:	('Ner Acc', 0.9972402), ('CLS Classification Acc', 0.96911544)
[INFO] 2022-09-12 12:20:37,591 [    train.py:  236]:	Precision 0.433 Recall 0.457 F1 0.445
[INFO] 2022-09-12 12:21:29,395 [    train.py:  184]:	Epoch 87: 
[INFO] 2022-09-12 12:21:29,396 [    train.py:  185]:	Train:
[INFO] 2022-09-12 12:21:29,399 [    train.py:  197]:	Loss 0.0042, ('Ner Loss', 0.0007464145310223103),  ('CLS Classification Loss', 0.0034585657995194197)
[INFO] 2022-09-12 12:21:29,399 [    train.py:  207]:	('Ner Acc', 0.9997524619102478),  ('CLS Classification Acc', 0.9991812705993652)
[INFO] 2022-09-12 12:21:31,716 [    train.py:  219]:	Evaluate:
[INFO] 2022-09-12 12:21:31,717 [    train.py:  226]:	Loss 0.2354, ('Ner Loss', 0.019712476),  ('CLS Classification Loss', 0.2156873)
[INFO] 2022-09-12 12:21:31,717 [    train.py:  227]:	('Ner Acc', 0.99732137), ('CLS Classification Acc', 0.96949625)
[INFO] 2022-09-12 12:21:47,889 [    train.py:  236]:	Precision 0.454 Recall 0.434 F1 0.444
[INFO] 2022-09-12 12:22:39,606 [    train.py:  184]:	Epoch 88: 
[INFO] 2022-09-12 12:22:39,606 [    train.py:  185]:	Train:
[INFO] 2022-09-12 12:22:39,609 [    train.py:  197]:	Loss 0.0022, ('Ner Loss', 0.0004790948296431452),  ('CLS Classification Loss', 0.0017510410398244858)
[INFO] 2022-09-12 12:22:39,609 [    train.py:  207]:	('Ner Acc', 0.999842643737793),  ('CLS Classification Acc', 0.9994293451309204)
[INFO] 2022-09-12 12:22:41,914 [    train.py:  219]:	Evaluate:
[INFO] 2022-09-12 12:22:41,914 [    train.py:  226]:	Loss 0.2225, ('Ner Loss', 0.020371573),  ('CLS Classification Loss', 0.20214395)
[INFO] 2022-09-12 12:22:41,914 [    train.py:  227]:	('Ner Acc', 0.997215), ('CLS Classification Acc', 0.9698463)
[INFO] 2022-09-12 12:22:57,572 [    train.py:  236]:	Precision 0.444 Recall 0.451 F1 0.447
[INFO] 2022-09-12 12:24:19,511 [    train.py:  184]:	Epoch 89: 
[INFO] 2022-09-12 12:24:19,511 [    train.py:  185]:	Train:
[INFO] 2022-09-12 12:24:19,515 [    train.py:  197]:	Loss 0.0027, ('Ner Loss', 0.0005606546765193343),  ('CLS Classification Loss', 0.0021001198329031467)
[INFO] 2022-09-12 12:24:19,515 [    train.py:  207]:	('Ner Acc', 0.9998146891593933),  ('CLS Classification Acc', 0.999466598033905)
[INFO] 2022-09-12 12:24:21,813 [    train.py:  219]:	Evaluate:
[INFO] 2022-09-12 12:24:21,814 [    train.py:  226]:	Loss 0.2395, ('Ner Loss', 0.020011904),  ('CLS Classification Loss', 0.21945941)
[INFO] 2022-09-12 12:24:21,814 [    train.py:  227]:	('Ner Acc', 0.9972723), ('CLS Classification Acc', 0.9719329)
[INFO] 2022-09-12 12:24:37,363 [    train.py:  236]:	Precision 0.473 Recall 0.451 F1 0.462
[INFO] 2022-09-12 12:25:28,707 [    train.py:  184]:	Epoch 90: 
[INFO] 2022-09-12 12:25:28,708 [    train.py:  185]:	Train:
[INFO] 2022-09-12 12:25:28,711 [    train.py:  197]:	Loss 0.0031, ('Ner Loss', 0.0006202028598636389),  ('CLS Classification Loss', 0.0024315679911524057)
[INFO] 2022-09-12 12:25:28,711 [    train.py:  207]:	('Ner Acc', 0.9997949600219727),  ('CLS Classification Acc', 0.9992679953575134)
[INFO] 2022-09-12 12:25:31,118 [    train.py:  219]:	Evaluate:
[INFO] 2022-09-12 12:25:31,119 [    train.py:  226]:	Loss 0.2559, ('Ner Loss', 0.021009251),  ('CLS Classification Loss', 0.23490635)
[INFO] 2022-09-12 12:25:31,119 [    train.py:  227]:	('Ner Acc', 0.9972332), ('CLS Classification Acc', 0.9692524)
[INFO] 2022-09-12 12:25:47,527 [    train.py:  236]:	Precision 0.448 Recall 0.453 F1 0.451
[INFO] 2022-09-12 12:26:39,661 [    train.py:  184]:	Epoch 91: 
[INFO] 2022-09-12 12:26:39,661 [    train.py:  185]:	Train:
[INFO] 2022-09-12 12:26:39,689 [    train.py:  197]:	Loss 0.0035, ('Ner Loss', 0.0007035523885861039),  ('CLS Classification Loss', 0.002783584175631404)
[INFO] 2022-09-12 12:26:39,690 [    train.py:  207]:	('Ner Acc', 0.9997519254684448),  ('CLS Classification Acc', 0.9992182850837708)
[INFO] 2022-09-12 12:26:42,114 [    train.py:  219]:	Evaluate:
[INFO] 2022-09-12 12:26:42,114 [    train.py:  226]:	Loss 0.2565, ('Ner Loss', 0.021312507),  ('CLS Classification Loss', 0.23515269)
[INFO] 2022-09-12 12:26:42,114 [    train.py:  227]:	('Ner Acc', 0.9971133), ('CLS Classification Acc', 0.9693288)
[INFO] 2022-09-12 12:26:57,523 [    train.py:  236]:	Precision 0.427 Recall 0.447 F1 0.437
[INFO] 2022-09-12 12:27:49,988 [    train.py:  184]:	Epoch 92: 
[INFO] 2022-09-12 12:27:49,989 [    train.py:  185]:	Train:
[INFO] 2022-09-12 12:27:49,992 [    train.py:  197]:	Loss 0.0027, ('Ner Loss', 0.0006049199146218598),  ('CLS Classification Loss', 0.002137732459232211)
[INFO] 2022-09-12 12:27:49,992 [    train.py:  207]:	('Ner Acc', 0.9997783303260803),  ('CLS Classification Acc', 0.9994663596153259)
[INFO] 2022-09-12 12:27:52,307 [    train.py:  219]:	Evaluate:
[INFO] 2022-09-12 12:27:52,307 [    train.py:  226]:	Loss 0.2777, ('Ner Loss', 0.021954205),  ('CLS Classification Loss', 0.2557484)
[INFO] 2022-09-12 12:27:52,307 [    train.py:  227]:	('Ner Acc', 0.9971193), ('CLS Classification Acc', 0.9671662)
[INFO] 2022-09-12 12:28:08,511 [    train.py:  236]:	Precision 0.440 Recall 0.394 F1 0.416
[INFO] 2022-09-12 12:29:00,291 [    train.py:  184]:	Epoch 93: 
[INFO] 2022-09-12 12:29:00,292 [    train.py:  185]:	Train:
[INFO] 2022-09-12 12:29:00,294 [    train.py:  197]:	Loss 0.0053, ('Ner Loss', 0.0007019012700766325),  ('CLS Classification Loss', 0.004553806968033314)
[INFO] 2022-09-12 12:29:00,294 [    train.py:  207]:	('Ner Acc', 0.9997721910476685),  ('CLS Classification Acc', 0.9986851215362549)
[INFO] 2022-09-12 12:29:02,717 [    train.py:  219]:	Evaluate:
[INFO] 2022-09-12 12:29:02,718 [    train.py:  226]:	Loss 0.1971, ('Ner Loss', 0.018830223),  ('CLS Classification Loss', 0.17825091)
[INFO] 2022-09-12 12:29:02,718 [    train.py:  227]:	('Ner Acc', 0.99731654), ('CLS Classification Acc', 0.97138464)
[INFO] 2022-09-12 12:29:18,624 [    train.py:  236]:	Precision 0.457 Recall 0.447 F1 0.452
[INFO] 2022-09-12 12:30:10,169 [    train.py:  184]:	Epoch 94: 
[INFO] 2022-09-12 12:30:10,170 [    train.py:  185]:	Train:
[INFO] 2022-09-12 12:30:10,173 [    train.py:  197]:	Loss 0.0035, ('Ner Loss', 0.0006884472677484155),  ('CLS Classification Loss', 0.002823510207235813)
[INFO] 2022-09-12 12:30:10,173 [    train.py:  207]:	('Ner Acc', 0.9997791647911072),  ('CLS Classification Acc', 0.9992307424545288)
[INFO] 2022-09-12 12:30:12,522 [    train.py:  219]:	Evaluate:
[INFO] 2022-09-12 12:30:12,523 [    train.py:  226]:	Loss 0.2186, ('Ner Loss', 0.018085515),  ('CLS Classification Loss', 0.20047043)
[INFO] 2022-09-12 12:30:12,523 [    train.py:  227]:	('Ner Acc', 0.9973868), ('CLS Classification Acc', 0.97229844)
[INFO] 2022-09-12 12:30:28,311 [    train.py:  236]:	Precision 0.486 Recall 0.418 F1 0.449
[INFO] 2022-09-12 12:31:20,191 [    train.py:  184]:	Epoch 95: 
[INFO] 2022-09-12 12:31:20,192 [    train.py:  185]:	Train:
[INFO] 2022-09-12 12:31:20,195 [    train.py:  197]:	Loss 0.0033, ('Ner Loss', 0.0008353110169991851),  ('CLS Classification Loss', 0.0024496368132531643)
[INFO] 2022-09-12 12:31:20,195 [    train.py:  207]:	('Ner Acc', 0.9997325539588928),  ('CLS Classification Acc', 0.9992930889129639)
[INFO] 2022-09-12 12:31:22,516 [    train.py:  219]:	Evaluate:
[INFO] 2022-09-12 12:31:22,517 [    train.py:  226]:	Loss 0.2832, ('Ner Loss', 0.022054423),  ('CLS Classification Loss', 0.2611205)
[INFO] 2022-09-12 12:31:22,517 [    train.py:  227]:	('Ner Acc', 0.9970047), ('CLS Classification Acc', 0.96873486)
[INFO] 2022-09-12 12:31:38,971 [    train.py:  236]:	Precision 0.422 Recall 0.445 F1 0.433
[INFO] 2022-09-12 12:32:30,375 [    train.py:  184]:	Epoch 96: 
[INFO] 2022-09-12 12:32:30,376 [    train.py:  185]:	Train:
[INFO] 2022-09-12 12:32:30,378 [    train.py:  197]:	Loss 0.0071, ('Ner Loss', 0.0011971797794103622),  ('CLS Classification Loss', 0.005938283633440733)
[INFO] 2022-09-12 12:32:30,378 [    train.py:  207]:	('Ner Acc', 0.9996006488800049),  ('CLS Classification Acc', 0.9983131289482117)
[INFO] 2022-09-12 12:32:32,715 [    train.py:  219]:	Evaluate:
[INFO] 2022-09-12 12:32:32,715 [    train.py:  226]:	Loss 0.2149, ('Ner Loss', 0.019781694),  ('CLS Classification Loss', 0.19513808)
[INFO] 2022-09-12 12:32:32,716 [    train.py:  227]:	('Ner Acc', 0.997151), ('CLS Classification Acc', 0.9712171)
[INFO] 2022-09-12 12:32:48,714 [    train.py:  236]:	Precision 0.451 Recall 0.407 F1 0.428
[INFO] 2022-09-12 12:33:40,691 [    train.py:  184]:	Epoch 97: 
[INFO] 2022-09-12 12:33:40,692 [    train.py:  185]:	Train:
[INFO] 2022-09-12 12:33:40,694 [    train.py:  197]:	Loss 0.0126, ('Ner Loss', 0.0016884172800928354),  ('CLS Classification Loss', 0.01086368691176176)
[INFO] 2022-09-12 12:33:40,694 [    train.py:  207]:	('Ner Acc', 0.9994505643844604),  ('CLS Classification Acc', 0.9968376159667969)
[INFO] 2022-09-12 12:33:43,111 [    train.py:  219]:	Evaluate:
[INFO] 2022-09-12 12:33:43,111 [    train.py:  226]:	Loss 0.2068, ('Ner Loss', 0.021824505),  ('CLS Classification Loss', 0.18501762)
[INFO] 2022-09-12 12:33:43,111 [    train.py:  227]:	('Ner Acc', 0.9969363), ('CLS Classification Acc', 0.96865857)
[INFO] 2022-09-12 12:33:59,061 [    train.py:  236]:	Precision 0.399 Recall 0.444 F1 0.420
[INFO] 2022-09-12 12:34:50,588 [    train.py:  184]:	Epoch 98: 
[INFO] 2022-09-12 12:34:50,589 [    train.py:  185]:	Train:
[INFO] 2022-09-12 12:34:50,592 [    train.py:  197]:	Loss 0.0050, ('Ner Loss', 0.0012139565078541636),  ('CLS Classification Loss', 0.003775406628847122)
[INFO] 2022-09-12 12:34:50,592 [    train.py:  207]:	('Ner Acc', 0.9996269345283508),  ('CLS Classification Acc', 0.9989579319953918)
[INFO] 2022-09-12 12:34:52,815 [    train.py:  219]:	Evaluate:
[INFO] 2022-09-12 12:34:52,815 [    train.py:  226]:	Loss 0.1882, ('Ner Loss', 0.016345784),  ('CLS Classification Loss', 0.17186722)
[INFO] 2022-09-12 12:34:52,815 [    train.py:  227]:	('Ner Acc', 0.99718887), ('CLS Classification Acc', 0.9707297)
[INFO] 2022-09-12 12:35:08,827 [    train.py:  236]:	Precision 0.432 Recall 0.445 F1 0.438
[INFO] 2022-09-12 12:36:00,453 [    train.py:  184]:	Epoch 99: 
[INFO] 2022-09-12 12:36:00,454 [    train.py:  185]:	Train:
[INFO] 2022-09-12 12:36:00,459 [    train.py:  197]:	Loss 0.0051, ('Ner Loss', 0.0009974916465580463),  ('CLS Classification Loss', 0.004126275423914194)
[INFO] 2022-09-12 12:36:00,465 [    train.py:  207]:	('Ner Acc', 0.9996536374092102),  ('CLS Classification Acc', 0.9987967610359192)
[INFO] 2022-09-12 12:36:02,716 [    train.py:  219]:	Evaluate:
[INFO] 2022-09-12 12:36:02,717 [    train.py:  226]:	Loss 0.1884, ('Ner Loss', 0.015446998),  ('CLS Classification Loss', 0.17290527)
[INFO] 2022-09-12 12:36:02,717 [    train.py:  227]:	('Ner Acc', 0.99729216), ('CLS Classification Acc', 0.971811)
[INFO] 2022-09-12 12:36:18,676 [    train.py:  236]:	Precision 0.434 Recall 0.467 F1 0.450
[INFO] 2022-09-12 12:37:10,490 [    train.py:  184]:	Epoch 100: 
[INFO] 2022-09-12 12:37:10,491 [    train.py:  185]:	Train:
[INFO] 2022-09-12 12:37:10,494 [    train.py:  197]:	Loss 0.0030, ('Ner Loss', 0.0007703891606070101),  ('CLS Classification Loss', 0.002253161743283272)
[INFO] 2022-09-12 12:37:10,494 [    train.py:  207]:	('Ner Acc', 0.9997057318687439),  ('CLS Classification Acc', 0.9993671774864197)
[INFO] 2022-09-12 12:37:12,917 [    train.py:  219]:	Evaluate:
[INFO] 2022-09-12 12:37:12,917 [    train.py:  226]:	Loss 0.2415, ('Ner Loss', 0.017944656),  ('CLS Classification Loss', 0.22360513)
[INFO] 2022-09-12 12:37:12,917 [    train.py:  227]:	('Ner Acc', 0.997454), ('CLS Classification Acc', 0.9728618)
[INFO] 2022-09-12 12:37:29,128 [    train.py:  236]:	Precision 0.483 Recall 0.454 F1 0.468
[INFO] 2022-09-12 12:37:29,128 [    train.py:  256]:	Best Epoch 44; Best f1 0.4800979791794244 precision 0.49746192893401014 recall 0.463905325443787;
