[INFO] 2022-10-03 11:59:49,164 [    train.py:  509]:	Namespace(block_att_head_num=1, cased=False, d_block=0, data_aug=2, dataset='res15', do_test=True, do_train=True, do_valid=True, drop_null_data=True, dropout_rate=0.2, epochs=100, extra_attention=True, fuse_strategy='update', init_model_dir='', language='en', loss_ratio=2.0, lr=2e-05, mask_sb=True, model_type='end_to_end', output_dir='./output2', save_dir='', schema='BIO', task_name='ttee_res15_100epoch_0d_2aug_2e-5lr_uncased_0.2dropout_dropnull_2loss_BIO', test_batch_size=32, train_batch_size=16, valid_freq=1)
[INFO] 2022-10-03 12:00:00,948 [    train.py:  119]:	{'init_bert_model': 'bert-base-uncased', 'sentence_b': DictWrapper({'texts': ListWrapper(['general of ambience', 'price of drinks', 'quality of drinks', 'style options of drinks', 'prices of food', 'quality of food', 'style options of food', 'general of location', 'general of restaurant', 'miscellaneous of restaurant', 'prices of restaurant', 'general of service']), 'sentiments': ListWrapper(['negative', 'neutral', 'positive'])}), 'num_sentiment_classes': 3, 'subblock_hidden_size': 0, 'subblock_head_num': 1, 'cache_dir': 'bert_models/bert-base-uncased', 'fuse_strategy': 'update', 'tagging_schema': 'BIO', 'extra_attention': True, 'dropout': 0.2, 'loss_ratio': 2.0}
[INFO] 2022-10-03 12:00:00,948 [    train.py:  121]:	Number of Train Sentence: 1120
[INFO] 2022-10-03 12:00:00,958 [    train.py:  526]:	Data augment: Merge 2 train data together
[INFO] 2022-10-03 12:01:09,739 [    train.py:  185]:	Epoch 1: 
[INFO] 2022-10-03 12:01:09,740 [    train.py:  186]:	Train:
[INFO] 2022-10-03 12:01:09,748 [    train.py:  198]:	Loss 0.5060, ('Ner Loss', 0.11749714612960815),  ('CLS Classification Loss', 0.27099326252937317)
[INFO] 2022-10-03 12:01:09,748 [    train.py:  208]:	('Ner Acc', 0.9675988554954529),  ('CLS Classification Acc', 0.9303324222564697)
[INFO] 2022-10-03 12:01:14,748 [    train.py:  220]:	Evaluate:
[INFO] 2022-10-03 12:01:14,750 [    train.py:  227]:	Loss 0.2201, ('Ner Loss', 0.022993932),  ('CLS Classification Loss', 0.1741306)
[INFO] 2022-10-03 12:01:14,750 [    train.py:  228]:	('Ner Acc', 0.9971178), ('CLS Classification Acc', 0.962567)
[INFO] 2022-10-03 12:01:25,428 [    train.py:  237]:	Precision 0.000 Recall 0.000 F1 0.000
[INFO] 2022-10-03 12:02:05,261 [    train.py:  185]:	Epoch 2: 
[INFO] 2022-10-03 12:02:05,262 [    train.py:  186]:	Train:
[INFO] 2022-10-03 12:02:05,266 [    train.py:  198]:	Loss 0.3545, ('Ner Loss', 0.05156203731894493),  ('CLS Classification Loss', 0.25135067105293274)
[INFO] 2022-10-03 12:02:05,266 [    train.py:  208]:	('Ner Acc', 0.9943820238113403),  ('CLS Classification Acc', 0.9356151223182678)
[INFO] 2022-10-03 12:02:07,494 [    train.py:  220]:	Evaluate:
[INFO] 2022-10-03 12:02:07,494 [    train.py:  227]:	Loss 0.2172, ('Ner Loss', 0.020099284),  ('CLS Classification Loss', 0.17699054)
[INFO] 2022-10-03 12:02:07,495 [    train.py:  228]:	('Ner Acc', 0.9971178), ('CLS Classification Acc', 0.962567)
[INFO] 2022-10-03 12:02:15,573 [    train.py:  237]:	Precision 0.000 Recall 0.000 F1 0.000
[INFO] 2022-10-03 12:02:55,205 [    train.py:  185]:	Epoch 3: 
[INFO] 2022-10-03 12:02:55,206 [    train.py:  186]:	Train:
[INFO] 2022-10-03 12:02:55,210 [    train.py:  198]:	Loss 0.3126, ('Ner Loss', 0.04744664579629898),  ('CLS Classification Loss', 0.217742457985878)
[INFO] 2022-10-03 12:02:55,210 [    train.py:  208]:	('Ner Acc', 0.9942775368690491),  ('CLS Classification Acc', 0.9357016682624817)
[INFO] 2022-10-03 12:02:57,454 [    train.py:  220]:	Evaluate:
[INFO] 2022-10-03 12:02:57,455 [    train.py:  227]:	Loss 0.1741, ('Ner Loss', 0.016998924),  ('CLS Classification Loss', 0.14010054)
[INFO] 2022-10-03 12:02:57,455 [    train.py:  228]:	('Ner Acc', 0.9971178), ('CLS Classification Acc', 0.9630696)
[INFO] 2022-10-03 12:03:05,498 [    train.py:  237]:	Precision 0.000 Recall 0.000 F1 0.000
[INFO] 2022-10-03 12:03:45,045 [    train.py:  185]:	Epoch 4: 
[INFO] 2022-10-03 12:03:45,046 [    train.py:  186]:	Train:
[INFO] 2022-10-03 12:03:45,052 [    train.py:  198]:	Loss 0.2682, ('Ner Loss', 0.04339895769953728),  ('CLS Classification Loss', 0.18135392665863037)
[INFO] 2022-10-03 12:03:45,053 [    train.py:  208]:	('Ner Acc', 0.9941620826721191),  ('CLS Classification Acc', 0.937958836555481)
[INFO] 2022-10-03 12:03:47,307 [    train.py:  220]:	Evaluate:
[INFO] 2022-10-03 12:03:47,308 [    train.py:  227]:	Loss 0.1712, ('Ner Loss', 0.015260135),  ('CLS Classification Loss', 0.14067216)
[INFO] 2022-10-03 12:03:47,308 [    train.py:  228]:	('Ner Acc', 0.9971178), ('CLS Classification Acc', 0.96338934)
[INFO] 2022-10-03 12:03:55,245 [    train.py:  237]:	Precision 0.036 Recall 0.001 F1 0.002
[INFO] 2022-10-03 12:04:35,162 [    train.py:  185]:	Epoch 5: 
[INFO] 2022-10-03 12:04:35,162 [    train.py:  186]:	Train:
[INFO] 2022-10-03 12:04:35,166 [    train.py:  198]:	Loss 0.2587, ('Ner Loss', 0.041975826025009155),  ('CLS Classification Loss', 0.17473527789115906)
[INFO] 2022-10-03 12:04:35,166 [    train.py:  208]:	('Ner Acc', 0.9941359162330627),  ('CLS Classification Acc', 0.9413938522338867)
[INFO] 2022-10-03 12:04:37,373 [    train.py:  220]:	Evaluate:
[INFO] 2022-10-03 12:04:37,374 [    train.py:  227]:	Loss 0.1653, ('Ner Loss', 0.014058761),  ('CLS Classification Loss', 0.13720211)
[INFO] 2022-10-03 12:04:37,374 [    train.py:  228]:	('Ner Acc', 0.99712783), ('CLS Classification Acc', 0.9661763)
[INFO] 2022-10-03 12:04:45,362 [    train.py:  237]:	Precision 0.135 Recall 0.024 F1 0.040
[INFO] 2022-10-03 12:05:24,969 [    train.py:  185]:	Epoch 6: 
[INFO] 2022-10-03 12:05:24,969 [    train.py:  186]:	Train:
[INFO] 2022-10-03 12:05:24,973 [    train.py:  198]:	Loss 0.2454, ('Ner Loss', 0.04005802050232887),  ('CLS Classification Loss', 0.16524247825145721)
[INFO] 2022-10-03 12:05:24,973 [    train.py:  208]:	('Ner Acc', 0.9942998886108398),  ('CLS Classification Acc', 0.9437251687049866)
[INFO] 2022-10-03 12:05:27,210 [    train.py:  220]:	Evaluate:
[INFO] 2022-10-03 12:05:27,211 [    train.py:  227]:	Loss 0.1401, ('Ner Loss', 0.012088348),  ('CLS Classification Loss', 0.115923025)
[INFO] 2022-10-03 12:05:27,211 [    train.py:  228]:	('Ner Acc', 0.99739003), ('CLS Classification Acc', 0.9664961)
[INFO] 2022-10-03 12:05:35,562 [    train.py:  237]:	Precision 0.423 Recall 0.110 F1 0.175
[INFO] 2022-10-03 12:06:14,976 [    train.py:  185]:	Epoch 7: 
[INFO] 2022-10-03 12:06:14,977 [    train.py:  186]:	Train:
[INFO] 2022-10-03 12:06:14,981 [    train.py:  198]:	Loss 0.2285, ('Ner Loss', 0.03885309770703316),  ('CLS Classification Loss', 0.15076543390750885)
[INFO] 2022-10-03 12:06:14,981 [    train.py:  208]:	('Ner Acc', 0.9944761991500854),  ('CLS Classification Acc', 0.9480902552604675)
[INFO] 2022-10-03 12:06:17,236 [    train.py:  220]:	Evaluate:
[INFO] 2022-10-03 12:06:17,237 [    train.py:  227]:	Loss 0.1309, ('Ner Loss', 0.011587557),  ('CLS Classification Loss', 0.10772586)
[INFO] 2022-10-03 12:06:17,237 [    train.py:  228]:	('Ner Acc', 0.9974348), ('CLS Classification Acc', 0.9677297)
[INFO] 2022-10-03 12:06:25,069 [    train.py:  237]:	Precision 0.409 Recall 0.160 F1 0.230
[INFO] 2022-10-03 12:07:04,640 [    train.py:  185]:	Epoch 8: 
[INFO] 2022-10-03 12:07:04,640 [    train.py:  186]:	Train:
[INFO] 2022-10-03 12:07:04,644 [    train.py:  198]:	Loss 0.2086, ('Ner Loss', 0.0370822548866272),  ('CLS Classification Loss', 0.13442611694335938)
[INFO] 2022-10-03 12:07:04,645 [    train.py:  208]:	('Ner Acc', 0.9946004748344421),  ('CLS Classification Acc', 0.9518723487854004)
[INFO] 2022-10-03 12:07:06,867 [    train.py:  220]:	Evaluate:
[INFO] 2022-10-03 12:07:06,867 [    train.py:  227]:	Loss 0.1290, ('Ner Loss', 0.010873583),  ('CLS Classification Loss', 0.10725986)
[INFO] 2022-10-03 12:07:06,868 [    train.py:  228]:	('Ner Acc', 0.99748594), ('CLS Classification Acc', 0.9650646)
[INFO] 2022-10-03 12:07:14,805 [    train.py:  237]:	Precision 0.310 Recall 0.221 F1 0.258
[INFO] 2022-10-03 12:07:54,672 [    train.py:  185]:	Epoch 9: 
[INFO] 2022-10-03 12:07:54,673 [    train.py:  186]:	Train:
[INFO] 2022-10-03 12:07:54,677 [    train.py:  198]:	Loss 0.1952, ('Ner Loss', 0.03537184000015259),  ('CLS Classification Loss', 0.1244451105594635)
[INFO] 2022-10-03 12:07:54,677 [    train.py:  208]:	('Ner Acc', 0.9947707056999207),  ('CLS Classification Acc', 0.9551090598106384)
[INFO] 2022-10-03 12:07:56,902 [    train.py:  220]:	Evaluate:
[INFO] 2022-10-03 12:07:56,902 [    train.py:  227]:	Loss 0.1242, ('Ner Loss', 0.010912302),  ('CLS Classification Loss', 0.1024198)
[INFO] 2022-10-03 12:07:56,903 [    train.py:  228]:	('Ner Acc', 0.99732447), ('CLS Classification Acc', 0.96832347)
[INFO] 2022-10-03 12:08:04,831 [    train.py:  237]:	Precision 0.355 Recall 0.247 F1 0.291
[INFO] 2022-10-03 12:08:44,511 [    train.py:  185]:	Epoch 10: 
[INFO] 2022-10-03 12:08:44,511 [    train.py:  186]:	Train:
[INFO] 2022-10-03 12:08:44,516 [    train.py:  198]:	Loss 0.1819, ('Ner Loss', 0.03402875363826752),  ('CLS Classification Loss', 0.11389020085334778)
[INFO] 2022-10-03 12:08:44,517 [    train.py:  208]:	('Ner Acc', 0.9948739409446716),  ('CLS Classification Acc', 0.9592883586883545)
[INFO] 2022-10-03 12:08:46,748 [    train.py:  220]:	Evaluate:
[INFO] 2022-10-03 12:08:46,749 [    train.py:  227]:	Loss 0.1154, ('Ner Loss', 0.010489595),  ('CLS Classification Loss', 0.09444947)
[INFO] 2022-10-03 12:08:46,749 [    train.py:  228]:	('Ner Acc', 0.9975775), ('CLS Classification Acc', 0.9707602)
[INFO] 2022-10-03 12:08:54,713 [    train.py:  237]:	Precision 0.438 Recall 0.183 F1 0.259
[INFO] 2022-10-03 12:09:34,740 [    train.py:  185]:	Epoch 11: 
[INFO] 2022-10-03 12:09:34,740 [    train.py:  186]:	Train:
[INFO] 2022-10-03 12:09:34,743 [    train.py:  198]:	Loss 0.1669, ('Ner Loss', 0.032210398465394974),  ('CLS Classification Loss', 0.10252773761749268)
[INFO] 2022-10-03 12:09:34,744 [    train.py:  208]:	('Ner Acc', 0.9950734972953796),  ('CLS Classification Acc', 0.9634798169136047)
[INFO] 2022-10-03 12:09:36,968 [    train.py:  220]:	Evaluate:
[INFO] 2022-10-03 12:09:36,969 [    train.py:  227]:	Loss 0.1084, ('Ner Loss', 0.01000681),  ('CLS Classification Loss', 0.08835765)
[INFO] 2022-10-03 12:09:36,970 [    train.py:  228]:	('Ner Acc', 0.9976094), ('CLS Classification Acc', 0.97341007)
[INFO] 2022-10-03 12:09:44,875 [    train.py:  237]:	Precision 0.472 Recall 0.331 F1 0.389
[INFO] 2022-10-03 12:10:24,310 [    train.py:  185]:	Epoch 12: 
[INFO] 2022-10-03 12:10:24,311 [    train.py:  186]:	Train:
[INFO] 2022-10-03 12:10:24,318 [    train.py:  198]:	Loss 0.1539, ('Ner Loss', 0.03096538595855236),  ('CLS Classification Loss', 0.09195084124803543)
[INFO] 2022-10-03 12:10:24,318 [    train.py:  208]:	('Ner Acc', 0.9953869581222534),  ('CLS Classification Acc', 0.9673859477043152)
[INFO] 2022-10-03 12:10:26,547 [    train.py:  220]:	Evaluate:
[INFO] 2022-10-03 12:10:26,548 [    train.py:  227]:	Loss 0.1093, ('Ner Loss', 0.01007864),  ('CLS Classification Loss', 0.08910712)
[INFO] 2022-10-03 12:10:26,548 [    train.py:  228]:	('Ner Acc', 0.9976929), ('CLS Classification Acc', 0.9745218)
[INFO] 2022-10-03 12:10:34,577 [    train.py:  237]:	Precision 0.542 Recall 0.346 F1 0.422
[INFO] 2022-10-03 12:11:14,067 [    train.py:  185]:	Epoch 13: 
[INFO] 2022-10-03 12:11:14,067 [    train.py:  186]:	Train:
[INFO] 2022-10-03 12:11:14,073 [    train.py:  198]:	Loss 0.1417, ('Ner Loss', 0.029904356226325035),  ('CLS Classification Loss', 0.08193176984786987)
[INFO] 2022-10-03 12:11:14,073 [    train.py:  208]:	('Ner Acc', 0.995694100856781),  ('CLS Classification Acc', 0.9708579778671265)
[INFO] 2022-10-03 12:11:16,317 [    train.py:  220]:	Evaluate:
[INFO] 2022-10-03 12:11:16,317 [    train.py:  227]:	Loss 0.1098, ('Ner Loss', 0.010178807),  ('CLS Classification Loss', 0.08946034)
[INFO] 2022-10-03 12:11:16,318 [    train.py:  228]:	('Ner Acc', 0.9977747), ('CLS Classification Acc', 0.9753594)
[INFO] 2022-10-03 12:11:24,432 [    train.py:  237]:	Precision 0.483 Recall 0.415 F1 0.447
[INFO] 2022-10-03 12:12:04,226 [    train.py:  185]:	Epoch 14: 
[INFO] 2022-10-03 12:12:04,227 [    train.py:  186]:	Train:
[INFO] 2022-10-03 12:12:04,231 [    train.py:  198]:	Loss 0.1320, ('Ner Loss', 0.029032904654741287),  ('CLS Classification Loss', 0.0739174634218216)
[INFO] 2022-10-03 12:12:04,231 [    train.py:  208]:	('Ner Acc', 0.9960006475448608),  ('CLS Classification Acc', 0.9731152057647705)
[INFO] 2022-10-03 12:12:06,444 [    train.py:  220]:	Evaluate:
[INFO] 2022-10-03 12:12:06,445 [    train.py:  227]:	Loss 0.1159, ('Ner Loss', 0.011128058),  ('CLS Classification Loss', 0.093693286)
[INFO] 2022-10-03 12:12:06,445 [    train.py:  228]:	('Ner Acc', 0.9977148), ('CLS Classification Acc', 0.9744151)
[INFO] 2022-10-03 12:12:14,401 [    train.py:  237]:	Precision 0.521 Recall 0.408 F1 0.458
[INFO] 2022-10-03 12:12:53,905 [    train.py:  185]:	Epoch 15: 
[INFO] 2022-10-03 12:12:53,905 [    train.py:  186]:	Train:
[INFO] 2022-10-03 12:12:53,911 [    train.py:  198]:	Loss 0.1187, ('Ner Loss', 0.028095081448554993),  ('CLS Classification Loss', 0.06247858330607414)
[INFO] 2022-10-03 12:12:53,911 [    train.py:  208]:	('Ner Acc', 0.9963356256484985),  ('CLS Classification Acc', 0.976376473903656)
[INFO] 2022-10-03 12:12:56,145 [    train.py:  220]:	Evaluate:
[INFO] 2022-10-03 12:12:56,146 [    train.py:  227]:	Loss 0.1241, ('Ner Loss', 0.012857384),  ('CLS Classification Loss', 0.09836959)
[INFO] 2022-10-03 12:12:56,146 [    train.py:  228]:	('Ner Acc', 0.99772245), ('CLS Classification Acc', 0.97577065)
[INFO] 2022-10-03 12:13:04,052 [    train.py:  237]:	Precision 0.502 Recall 0.437 F1 0.467
[INFO] 2022-10-03 12:13:43,890 [    train.py:  185]:	Epoch 16: 
[INFO] 2022-10-03 12:13:43,890 [    train.py:  186]:	Train:
[INFO] 2022-10-03 12:13:43,893 [    train.py:  198]:	Loss 0.1123, ('Ner Loss', 0.027565598487854004),  ('CLS Classification Loss', 0.057119302451610565)
[INFO] 2022-10-03 12:13:43,894 [    train.py:  208]:	('Ner Acc', 0.9965658187866211),  ('CLS Classification Acc', 0.9788568615913391)
[INFO] 2022-10-03 12:13:46,141 [    train.py:  220]:	Evaluate:
[INFO] 2022-10-03 12:13:46,142 [    train.py:  227]:	Loss 0.1332, ('Ner Loss', 0.013919512),  ('CLS Classification Loss', 0.10534057)
[INFO] 2022-10-03 12:13:46,142 [    train.py:  228]:	('Ner Acc', 0.9977584), ('CLS Classification Acc', 0.9754202)
[INFO] 2022-10-03 12:13:53,941 [    train.py:  237]:	Precision 0.515 Recall 0.454 F1 0.483
[INFO] 2022-10-03 12:14:33,772 [    train.py:  185]:	Epoch 17: 
[INFO] 2022-10-03 12:14:33,773 [    train.py:  186]:	Train:
[INFO] 2022-10-03 12:14:33,778 [    train.py:  198]:	Loss 0.1048, ('Ner Loss', 0.027081763371825218),  ('CLS Classification Loss', 0.05060802027583122)
[INFO] 2022-10-03 12:14:33,779 [    train.py:  208]:	('Ner Acc', 0.996595025062561),  ('CLS Classification Acc', 0.9811258316040039)
[INFO] 2022-10-03 12:14:36,022 [    train.py:  220]:	Evaluate:
[INFO] 2022-10-03 12:14:36,023 [    train.py:  227]:	Loss 0.1232, ('Ner Loss', 0.012576519),  ('CLS Classification Loss', 0.09806766)
[INFO] 2022-10-03 12:14:36,023 [    train.py:  228]:	('Ner Acc', 0.997849), ('CLS Classification Acc', 0.9751615)
[INFO] 2022-10-03 12:14:43,843 [    train.py:  237]:	Precision 0.498 Recall 0.457 F1 0.477
[INFO] 2022-10-03 12:15:23,640 [    train.py:  185]:	Epoch 18: 
[INFO] 2022-10-03 12:15:23,640 [    train.py:  186]:	Train:
[INFO] 2022-10-03 12:15:23,644 [    train.py:  198]:	Loss 0.0912, ('Ner Loss', 0.026362724602222443),  ('CLS Classification Loss', 0.03845394030213356)
[INFO] 2022-10-03 12:15:23,644 [    train.py:  208]:	('Ner Acc', 0.9967935681343079),  ('CLS Classification Acc', 0.9857887029647827)
[INFO] 2022-10-03 12:15:25,890 [    train.py:  220]:	Evaluate:
[INFO] 2022-10-03 12:15:25,891 [    train.py:  227]:	Loss 0.1487, ('Ner Loss', 0.014469989),  ('CLS Classification Loss', 0.11972779)
[INFO] 2022-10-03 12:15:25,891 [    train.py:  228]:	('Ner Acc', 0.9977338), ('CLS Classification Acc', 0.97616655)
[INFO] 2022-10-03 12:15:34,209 [    train.py:  237]:	Precision 0.519 Recall 0.502 F1 0.510
[INFO] 2022-10-03 12:16:13,735 [    train.py:  185]:	Epoch 19: 
[INFO] 2022-10-03 12:16:13,736 [    train.py:  186]:	Train:
[INFO] 2022-10-03 12:16:13,743 [    train.py:  198]:	Loss 0.0817, ('Ner Loss', 0.025889767333865166),  ('CLS Classification Loss', 0.029914362356066704)
[INFO] 2022-10-03 12:16:13,743 [    train.py:  208]:	('Ner Acc', 0.9968949556350708),  ('CLS Classification Acc', 0.9890248775482178)
[INFO] 2022-10-03 12:16:15,962 [    train.py:  220]:	Evaluate:
[INFO] 2022-10-03 12:16:15,963 [    train.py:  227]:	Loss 0.1422, ('Ner Loss', 0.013573741),  ('CLS Classification Loss', 0.11501187)
[INFO] 2022-10-03 12:16:15,963 [    train.py:  228]:	('Ner Acc', 0.99787694), ('CLS Classification Acc', 0.97746104)
[INFO] 2022-10-03 12:16:23,824 [    train.py:  237]:	Precision 0.552 Recall 0.485 F1 0.516
[INFO] 2022-10-03 12:17:03,449 [    train.py:  185]:	Epoch 20: 
[INFO] 2022-10-03 12:17:03,449 [    train.py:  186]:	Train:
[INFO] 2022-10-03 12:17:03,452 [    train.py:  198]:	Loss 0.0731, ('Ner Loss', 0.02504989504814148),  ('CLS Classification Loss', 0.02302534691989422)
[INFO] 2022-10-03 12:17:03,452 [    train.py:  208]:	('Ner Acc', 0.9970324635505676),  ('CLS Classification Acc', 0.9916912913322449)
[INFO] 2022-10-03 12:17:05,685 [    train.py:  220]:	Evaluate:
[INFO] 2022-10-03 12:17:05,686 [    train.py:  227]:	Loss 0.1383, ('Ner Loss', 0.013845831),  ('CLS Classification Loss', 0.11063576)
[INFO] 2022-10-03 12:17:05,686 [    train.py:  228]:	('Ner Acc', 0.9980096), ('CLS Classification Acc', 0.9780093)
[INFO] 2022-10-03 12:17:13,612 [    train.py:  237]:	Precision 0.574 Recall 0.484 F1 0.525
[INFO] 2022-10-03 12:17:53,358 [    train.py:  185]:	Epoch 21: 
[INFO] 2022-10-03 12:17:53,359 [    train.py:  186]:	Train:
[INFO] 2022-10-03 12:17:53,367 [    train.py:  198]:	Loss 0.0663, ('Ner Loss', 0.02459399215877056),  ('CLS Classification Loss', 0.017154552042484283)
[INFO] 2022-10-03 12:17:53,367 [    train.py:  208]:	('Ner Acc', 0.9973016977310181),  ('CLS Classification Acc', 0.9938119053840637)
[INFO] 2022-10-03 12:17:55,608 [    train.py:  220]:	Evaluate:
[INFO] 2022-10-03 12:17:55,609 [    train.py:  227]:	Loss 0.1537, ('Ner Loss', 0.015213952),  ('CLS Classification Loss', 0.1232836)
[INFO] 2022-10-03 12:17:55,609 [    train.py:  228]:	('Ner Acc', 0.99788684), ('CLS Classification Acc', 0.97741526)
[INFO] 2022-10-03 12:18:03,864 [    train.py:  237]:	Precision 0.535 Recall 0.488 F1 0.510
[INFO] 2022-10-03 12:18:43,354 [    train.py:  185]:	Epoch 22: 
[INFO] 2022-10-03 12:18:43,355 [    train.py:  186]:	Train:
[INFO] 2022-10-03 12:18:43,360 [    train.py:  198]:	Loss 0.0616, ('Ner Loss', 0.024297168478369713),  ('CLS Classification Loss', 0.012967127375304699)
[INFO] 2022-10-03 12:18:43,360 [    train.py:  208]:	('Ner Acc', 0.997380256652832),  ('CLS Classification Acc', 0.9951883554458618)
[INFO] 2022-10-03 12:18:45,604 [    train.py:  220]:	Evaluate:
[INFO] 2022-10-03 12:18:45,605 [    train.py:  227]:	Loss 0.1772, ('Ner Loss', 0.016608981),  ('CLS Classification Loss', 0.14393602)
[INFO] 2022-10-03 12:18:45,605 [    train.py:  228]:	('Ner Acc', 0.9978959), ('CLS Classification Acc', 0.97741526)
[INFO] 2022-10-03 12:18:53,452 [    train.py:  237]:	Precision 0.553 Recall 0.497 F1 0.523
[INFO] 2022-10-03 12:19:33,013 [    train.py:  185]:	Epoch 23: 
[INFO] 2022-10-03 12:19:33,013 [    train.py:  186]:	Train:
[INFO] 2022-10-03 12:19:33,019 [    train.py:  198]:	Loss 0.0573, ('Ner Loss', 0.023494867607951164),  ('CLS Classification Loss', 0.010351110249757767)
[INFO] 2022-10-03 12:19:33,019 [    train.py:  208]:	('Ner Acc', 0.9975054860115051),  ('CLS Classification Acc', 0.9961926341056824)
[INFO] 2022-10-03 12:19:35,243 [    train.py:  220]:	Evaluate:
[INFO] 2022-10-03 12:19:35,244 [    train.py:  227]:	Loss 0.1800, ('Ner Loss', 0.017652646),  ('CLS Classification Loss', 0.14464891)
[INFO] 2022-10-03 12:19:35,244 [    train.py:  228]:	('Ner Acc', 0.9979204), ('CLS Classification Acc', 0.9775524)
[INFO] 2022-10-03 12:19:43,350 [    train.py:  237]:	Precision 0.566 Recall 0.492 F1 0.527
[INFO] 2022-10-03 12:20:23,230 [    train.py:  185]:	Epoch 24: 
[INFO] 2022-10-03 12:20:23,231 [    train.py:  186]:	Train:
[INFO] 2022-10-03 12:20:23,234 [    train.py:  198]:	Loss 0.0572, ('Ner Loss', 0.02327340841293335),  ('CLS Classification Loss', 0.010673854500055313)
[INFO] 2022-10-03 12:20:23,234 [    train.py:  208]:	('Ner Acc', 0.9975630640983582),  ('CLS Classification Acc', 0.9960686564445496)
[INFO] 2022-10-03 12:20:25,496 [    train.py:  220]:	Evaluate:
[INFO] 2022-10-03 12:20:25,497 [    train.py:  227]:	Loss 0.1755, ('Ner Loss', 0.017283214),  ('CLS Classification Loss', 0.14097139)
[INFO] 2022-10-03 12:20:25,497 [    train.py:  228]:	('Ner Acc', 0.9979982), ('CLS Classification Acc', 0.97685194)
[INFO] 2022-10-03 12:20:33,651 [    train.py:  237]:	Precision 0.546 Recall 0.489 F1 0.516
[INFO] 2022-10-03 12:21:13,739 [    train.py:  185]:	Epoch 25: 
[INFO] 2022-10-03 12:21:13,739 [    train.py:  186]:	Train:
[INFO] 2022-10-03 12:21:13,745 [    train.py:  198]:	Loss 0.0520, ('Ner Loss', 0.0228579081594944),  ('CLS Classification Loss', 0.006268783938139677)
[INFO] 2022-10-03 12:21:13,745 [    train.py:  208]:	('Ner Acc', 0.9976246356964111),  ('CLS Classification Acc', 0.9978540539741516)
[INFO] 2022-10-03 12:21:15,990 [    train.py:  220]:	Evaluate:
[INFO] 2022-10-03 12:21:15,991 [    train.py:  227]:	Loss 0.1835, ('Ner Loss', 0.01797921),  ('CLS Classification Loss', 0.14756304)
[INFO] 2022-10-03 12:21:15,991 [    train.py:  228]:	('Ner Acc', 0.99798054), ('CLS Classification Acc', 0.9777809)
[INFO] 2022-10-03 12:21:23,967 [    train.py:  237]:	Precision 0.544 Recall 0.498 F1 0.520
[INFO] 2022-10-03 12:22:03,762 [    train.py:  185]:	Epoch 26: 
[INFO] 2022-10-03 12:22:03,763 [    train.py:  186]:	Train:
[INFO] 2022-10-03 12:22:03,767 [    train.py:  198]:	Loss 0.0512, ('Ner Loss', 0.022501762956380844),  ('CLS Classification Loss', 0.006155083421617746)
[INFO] 2022-10-03 12:22:03,768 [    train.py:  208]:	('Ner Acc', 0.997697651386261),  ('CLS Classification Acc', 0.9977922439575195)
[INFO] 2022-10-03 12:22:06,008 [    train.py:  220]:	Evaluate:
[INFO] 2022-10-03 12:22:06,009 [    train.py:  227]:	Loss 0.1765, ('Ner Loss', 0.017421171),  ('CLS Classification Loss', 0.14165653)
[INFO] 2022-10-03 12:22:06,009 [    train.py:  228]:	('Ner Acc', 0.9980269), ('CLS Classification Acc', 0.97605985)
[INFO] 2022-10-03 12:22:13,870 [    train.py:  237]:	Precision 0.516 Recall 0.504 F1 0.510
[INFO] 2022-10-03 12:22:53,654 [    train.py:  185]:	Epoch 27: 
[INFO] 2022-10-03 12:22:53,654 [    train.py:  186]:	Train:
[INFO] 2022-10-03 12:22:53,657 [    train.py:  198]:	Loss 0.0501, ('Ner Loss', 0.02225407399237156),  ('CLS Classification Loss', 0.0055656274780631065)
[INFO] 2022-10-03 12:22:53,657 [    train.py:  208]:	('Ner Acc', 0.9977508783340454),  ('CLS Classification Acc', 0.9981271028518677)
[INFO] 2022-10-03 12:22:55,882 [    train.py:  220]:	Evaluate:
[INFO] 2022-10-03 12:22:55,883 [    train.py:  227]:	Loss 0.2027, ('Ner Loss', 0.018905262),  ('CLS Classification Loss', 0.16489708)
[INFO] 2022-10-03 12:22:55,883 [    train.py:  228]:	('Ner Acc', 0.9980099), ('CLS Classification Acc', 0.9775828)
[INFO] 2022-10-03 12:23:03,893 [    train.py:  237]:	Precision 0.576 Recall 0.514 F1 0.543
[INFO] 2022-10-03 12:23:43,512 [    train.py:  185]:	Epoch 28: 
[INFO] 2022-10-03 12:23:43,513 [    train.py:  186]:	Train:
[INFO] 2022-10-03 12:23:43,515 [    train.py:  198]:	Loss 0.0464, ('Ner Loss', 0.021770842373371124),  ('CLS Classification Loss', 0.0028863241896033287)
[INFO] 2022-10-03 12:23:43,516 [    train.py:  208]:	('Ner Acc', 0.9978487491607666),  ('CLS Classification Acc', 0.9989702701568604)
[INFO] 2022-10-03 12:23:45,788 [    train.py:  220]:	Evaluate:
[INFO] 2022-10-03 12:23:45,789 [    train.py:  227]:	Loss 0.2014, ('Ner Loss', 0.020009497),  ('CLS Classification Loss', 0.16140345)
[INFO] 2022-10-03 12:23:45,790 [    train.py:  228]:	('Ner Acc', 0.99801844), ('CLS Classification Acc', 0.9782681)
[INFO] 2022-10-03 12:23:53,789 [    train.py:  237]:	Precision 0.557 Recall 0.529 F1 0.542
[INFO] 2022-10-03 12:24:33,357 [    train.py:  185]:	Epoch 29: 
[INFO] 2022-10-03 12:24:33,358 [    train.py:  186]:	Train:
[INFO] 2022-10-03 12:24:33,363 [    train.py:  198]:	Loss 0.0454, ('Ner Loss', 0.021442681550979614),  ('CLS Classification Loss', 0.0025396114215254784)
[INFO] 2022-10-03 12:24:33,363 [    train.py:  208]:	('Ner Acc', 0.997957706451416),  ('CLS Classification Acc', 0.9992308616638184)
[INFO] 2022-10-03 12:24:35,591 [    train.py:  220]:	Evaluate:
[INFO] 2022-10-03 12:24:35,592 [    train.py:  227]:	Loss 0.2000, ('Ner Loss', 0.020454986),  ('CLS Classification Loss', 0.15906236)
[INFO] 2022-10-03 12:24:35,592 [    train.py:  228]:	('Ner Acc', 0.99799997), ('CLS Classification Acc', 0.9784967)
[INFO] 2022-10-03 12:24:43,399 [    train.py:  237]:	Precision 0.575 Recall 0.515 F1 0.543
[INFO] 2022-10-03 12:25:23,133 [    train.py:  185]:	Epoch 30: 
[INFO] 2022-10-03 12:25:23,134 [    train.py:  186]:	Train:
[INFO] 2022-10-03 12:25:23,137 [    train.py:  198]:	Loss 0.0445, ('Ner Loss', 0.02129378728568554),  ('CLS Classification Loss', 0.0019506544340401888)
[INFO] 2022-10-03 12:25:23,137 [    train.py:  208]:	('Ner Acc', 0.9979255795478821),  ('CLS Classification Acc', 0.9994293451309204)
[INFO] 2022-10-03 12:25:25,371 [    train.py:  220]:	Evaluate:
[INFO] 2022-10-03 12:25:25,371 [    train.py:  227]:	Loss 0.2166, ('Ner Loss', 0.022097692),  ('CLS Classification Loss', 0.17239875)
[INFO] 2022-10-03 12:25:25,372 [    train.py:  228]:	('Ner Acc', 0.99796313), ('CLS Classification Acc', 0.9786337)
[INFO] 2022-10-03 12:25:33,636 [    train.py:  237]:	Precision 0.563 Recall 0.517 F1 0.539
[INFO] 2022-10-03 12:26:13,433 [    train.py:  185]:	Epoch 31: 
[INFO] 2022-10-03 12:26:13,434 [    train.py:  186]:	Train:
[INFO] 2022-10-03 12:26:13,436 [    train.py:  198]:	Loss 0.0457, ('Ner Loss', 0.021049126982688904),  ('CLS Classification Loss', 0.0035911716986447573)
[INFO] 2022-10-03 12:26:13,436 [    train.py:  208]:	('Ner Acc', 0.9978911280632019),  ('CLS Classification Acc', 0.9988216757774353)
[INFO] 2022-10-03 12:26:15,676 [    train.py:  220]:	Evaluate:
[INFO] 2022-10-03 12:26:15,676 [    train.py:  227]:	Loss 0.2088, ('Ner Loss', 0.021237435),  ('CLS Classification Loss', 0.1663185)
[INFO] 2022-10-03 12:26:15,677 [    train.py:  228]:	('Ner Acc', 0.9979728), ('CLS Classification Acc', 0.9786032)
[INFO] 2022-10-03 12:26:23,510 [    train.py:  237]:	Precision 0.560 Recall 0.484 F1 0.519
[INFO] 2022-10-03 12:27:03,109 [    train.py:  185]:	Epoch 32: 
[INFO] 2022-10-03 12:27:03,110 [    train.py:  186]:	Train:
[INFO] 2022-10-03 12:27:03,113 [    train.py:  198]:	Loss 0.0449, ('Ner Loss', 0.02091073989868164),  ('CLS Classification Loss', 0.003121722722426057)
[INFO] 2022-10-03 12:27:03,113 [    train.py:  208]:	('Ner Acc', 0.997937798500061),  ('CLS Classification Acc', 0.9990199208259583)
[INFO] 2022-10-03 12:27:05,322 [    train.py:  220]:	Evaluate:
[INFO] 2022-10-03 12:27:05,323 [    train.py:  227]:	Loss 0.2159, ('Ner Loss', 0.020394607),  ('CLS Classification Loss', 0.1751358)
[INFO] 2022-10-03 12:27:05,323 [    train.py:  228]:	('Ner Acc', 0.9978588), ('CLS Classification Acc', 0.97459793)
[INFO] 2022-10-03 12:27:13,079 [    train.py:  237]:	Precision 0.487 Recall 0.529 F1 0.507
[INFO] 2022-10-03 12:27:52,856 [    train.py:  185]:	Epoch 33: 
[INFO] 2022-10-03 12:27:52,856 [    train.py:  186]:	Train:
[INFO] 2022-10-03 12:27:52,859 [    train.py:  198]:	Loss 0.0475, ('Ner Loss', 0.020807361230254173),  ('CLS Classification Loss', 0.005910566542297602)
[INFO] 2022-10-03 12:27:52,859 [    train.py:  208]:	('Ner Acc', 0.9978827238082886),  ('CLS Classification Acc', 0.9981643557548523)
[INFO] 2022-10-03 12:27:55,090 [    train.py:  220]:	Evaluate:
[INFO] 2022-10-03 12:27:55,091 [    train.py:  227]:	Loss 0.2140, ('Ner Loss', 0.02168633),  ('CLS Classification Loss', 0.17066956)
[INFO] 2022-10-03 12:27:55,091 [    train.py:  228]:	('Ner Acc', 0.9980359), ('CLS Classification Acc', 0.977857)
[INFO] 2022-10-03 12:28:03,139 [    train.py:  237]:	Precision 0.570 Recall 0.484 F1 0.524
[INFO] 2022-10-03 12:28:42,921 [    train.py:  185]:	Epoch 34: 
[INFO] 2022-10-03 12:28:42,922 [    train.py:  186]:	Train:
[INFO] 2022-10-03 12:28:42,925 [    train.py:  198]:	Loss 0.0428, ('Ner Loss', 0.020338376984000206),  ('CLS Classification Loss', 0.002107432810589671)
[INFO] 2022-10-03 12:28:42,925 [    train.py:  208]:	('Ner Acc', 0.9980321526527405),  ('CLS Classification Acc', 0.9993921518325806)
[INFO] 2022-10-03 12:28:45,165 [    train.py:  220]:	Evaluate:
[INFO] 2022-10-03 12:28:45,166 [    train.py:  227]:	Loss 0.2225, ('Ner Loss', 0.022957917),  ('CLS Classification Loss', 0.17661858)
[INFO] 2022-10-03 12:28:45,166 [    train.py:  228]:	('Ner Acc', 0.99801487), ('CLS Classification Acc', 0.9779331)
[INFO] 2022-10-03 12:28:53,087 [    train.py:  237]:	Precision 0.592 Recall 0.502 F1 0.543
[INFO] 2022-10-03 12:29:32,822 [    train.py:  185]:	Epoch 35: 
[INFO] 2022-10-03 12:29:32,823 [    train.py:  186]:	Train:
[INFO] 2022-10-03 12:29:32,829 [    train.py:  198]:	Loss 0.0436, ('Ner Loss', 0.020269224420189857),  ('CLS Classification Loss', 0.0030898863915354013)
[INFO] 2022-10-03 12:29:32,829 [    train.py:  208]:	('Ner Acc', 0.9979931712150574),  ('CLS Classification Acc', 0.9989702701568604)
[INFO] 2022-10-03 12:29:35,046 [    train.py:  220]:	Evaluate:
[INFO] 2022-10-03 12:29:35,046 [    train.py:  227]:	Loss 0.2226, ('Ner Loss', 0.023293585),  ('CLS Classification Loss', 0.17596805)
[INFO] 2022-10-03 12:29:35,046 [    train.py:  228]:	('Ner Acc', 0.99796504), ('CLS Classification Acc', 0.9769736)
[INFO] 2022-10-03 12:29:42,991 [    train.py:  237]:	Precision 0.563 Recall 0.482 F1 0.519
[INFO] 2022-10-03 12:30:22,787 [    train.py:  185]:	Epoch 36: 
[INFO] 2022-10-03 12:30:22,788 [    train.py:  186]:	Train:
[INFO] 2022-10-03 12:30:22,791 [    train.py:  198]:	Loss 0.0422, ('Ner Loss', 0.019961347803473473),  ('CLS Classification Loss', 0.0022717732936143875)
[INFO] 2022-10-03 12:30:22,791 [    train.py:  208]:	('Ner Acc', 0.9989675283432007),  ('CLS Classification Acc', 0.9991812705993652)
[INFO] 2022-10-03 12:30:25,042 [    train.py:  220]:	Evaluate:
[INFO] 2022-10-03 12:30:25,043 [    train.py:  227]:	Loss 0.2261, ('Ner Loss', 0.022351611),  ('CLS Classification Loss', 0.1814295)
[INFO] 2022-10-03 12:30:25,043 [    train.py:  228]:	('Ner Acc', 0.99796396), ('CLS Classification Acc', 0.97790265)
[INFO] 2022-10-03 12:30:33,033 [    train.py:  237]:	Precision 0.578 Recall 0.485 F1 0.528
[INFO] 2022-10-03 12:31:12,617 [    train.py:  185]:	Epoch 37: 
[INFO] 2022-10-03 12:31:12,617 [    train.py:  186]:	Train:
[INFO] 2022-10-03 12:31:12,619 [    train.py:  198]:	Loss 0.0409, ('Ner Loss', 0.019638821482658386),  ('CLS Classification Loss', 0.001668122480623424)
[INFO] 2022-10-03 12:31:12,619 [    train.py:  208]:	('Ner Acc', 0.9996703863143921),  ('CLS Classification Acc', 0.9994912147521973)
[INFO] 2022-10-03 12:31:14,850 [    train.py:  220]:	Evaluate:
[INFO] 2022-10-03 12:31:14,851 [    train.py:  227]:	Loss 0.2355, ('Ner Loss', 0.024218515),  ('CLS Classification Loss', 0.18706442)
[INFO] 2022-10-03 12:31:14,851 [    train.py:  228]:	('Ner Acc', 0.9979519), ('CLS Classification Acc', 0.97797877)
[INFO] 2022-10-03 12:31:22,765 [    train.py:  237]:	Precision 0.555 Recall 0.502 F1 0.527
[INFO] 2022-10-03 12:32:02,419 [    train.py:  185]:	Epoch 38: 
[INFO] 2022-10-03 12:32:02,419 [    train.py:  186]:	Train:
[INFO] 2022-10-03 12:32:02,421 [    train.py:  198]:	Loss 0.0401, ('Ner Loss', 0.01952659897506237),  ('CLS Classification Loss', 0.0010457991156727076)
[INFO] 2022-10-03 12:32:02,421 [    train.py:  208]:	('Ner Acc', 0.9996787905693054),  ('CLS Classification Acc', 0.9997022151947021)
[INFO] 2022-10-03 12:32:04,648 [    train.py:  220]:	Evaluate:
[INFO] 2022-10-03 12:32:04,648 [    train.py:  227]:	Loss 0.2205, ('Ner Loss', 0.02306685),  ('CLS Classification Loss', 0.17441472)
[INFO] 2022-10-03 12:32:04,649 [    train.py:  228]:	('Ner Acc', 0.99804527), ('CLS Classification Acc', 0.9789534)
[INFO] 2022-10-03 12:32:12,777 [    train.py:  237]:	Precision 0.574 Recall 0.515 F1 0.543
[INFO] 2022-10-03 12:32:52,590 [    train.py:  185]:	Epoch 39: 
[INFO] 2022-10-03 12:32:52,591 [    train.py:  186]:	Train:
[INFO] 2022-10-03 12:32:52,594 [    train.py:  198]:	Loss 0.0409, ('Ner Loss', 0.019229834899306297),  ('CLS Classification Loss', 0.0024217069149017334)
[INFO] 2022-10-03 12:32:52,594 [    train.py:  208]:	('Ner Acc', 0.999695360660553),  ('CLS Classification Acc', 0.9991191029548645)
[INFO] 2022-10-03 12:32:54,817 [    train.py:  220]:	Evaluate:
[INFO] 2022-10-03 12:32:54,817 [    train.py:  227]:	Loss 0.2343, ('Ner Loss', 0.02512214),  ('CLS Classification Loss', 0.18402827)
[INFO] 2022-10-03 12:32:54,818 [    train.py:  228]:	('Ner Acc', 0.9979709), ('CLS Classification Acc', 0.97834426)
[INFO] 2022-10-03 12:33:02,736 [    train.py:  237]:	Precision 0.598 Recall 0.484 F1 0.535
[INFO] 2022-10-03 12:33:42,556 [    train.py:  185]:	Epoch 40: 
[INFO] 2022-10-03 12:33:42,557 [    train.py:  186]:	Train:
[INFO] 2022-10-03 12:33:42,561 [    train.py:  198]:	Loss 0.0399, ('Ner Loss', 0.019192088395357132),  ('CLS Classification Loss', 0.0014768859837204218)
[INFO] 2022-10-03 12:33:42,561 [    train.py:  208]:	('Ner Acc', 0.9996649622917175),  ('CLS Classification Acc', 0.9994663596153259)
[INFO] 2022-10-03 12:33:44,818 [    train.py:  220]:	Evaluate:
[INFO] 2022-10-03 12:33:44,819 [    train.py:  227]:	Loss 0.2287, ('Ner Loss', 0.024531178),  ('CLS Classification Loss', 0.17959572)
[INFO] 2022-10-03 12:33:44,819 [    train.py:  228]:	('Ner Acc', 0.99796146), ('CLS Classification Acc', 0.9784813)
[INFO] 2022-10-03 12:33:52,724 [    train.py:  237]:	Precision 0.568 Recall 0.529 F1 0.548
[INFO] 2022-10-03 12:34:32,444 [    train.py:  185]:	Epoch 41: 
[INFO] 2022-10-03 12:34:32,444 [    train.py:  186]:	Train:
[INFO] 2022-10-03 12:34:32,447 [    train.py:  198]:	Loss 0.0394, ('Ner Loss', 0.018958112224936485),  ('CLS Classification Loss', 0.0015026141190901399)
[INFO] 2022-10-03 12:34:32,447 [    train.py:  208]:	('Ner Acc', 0.9996902346611023),  ('CLS Classification Acc', 0.999553382396698)
[INFO] 2022-10-03 12:34:34,665 [    train.py:  220]:	Evaluate:
[INFO] 2022-10-03 12:34:34,666 [    train.py:  227]:	Loss 0.2371, ('Ner Loss', 0.023923254),  ('CLS Classification Loss', 0.18926783)
[INFO] 2022-10-03 12:34:34,666 [    train.py:  228]:	('Ner Acc', 0.99791765), ('CLS Classification Acc', 0.9782834)
[INFO] 2022-10-03 12:34:42,630 [    train.py:  237]:	Precision 0.549 Recall 0.510 F1 0.529
[INFO] 2022-10-03 12:35:22,261 [    train.py:  185]:	Epoch 42: 
[INFO] 2022-10-03 12:35:22,262 [    train.py:  186]:	Train:
[INFO] 2022-10-03 12:35:22,267 [    train.py:  198]:	Loss 0.0390, ('Ner Loss', 0.018740417435765266),  ('CLS Classification Loss', 0.0014882187824696302)
[INFO] 2022-10-03 12:35:22,268 [    train.py:  208]:	('Ner Acc', 0.9997237920761108),  ('CLS Classification Acc', 0.9996277093887329)
[INFO] 2022-10-03 12:35:24,500 [    train.py:  220]:	Evaluate:
[INFO] 2022-10-03 12:35:24,500 [    train.py:  227]:	Loss 0.2434, ('Ner Loss', 0.024355076),  ('CLS Classification Loss', 0.19473864)
[INFO] 2022-10-03 12:35:24,500 [    train.py:  228]:	('Ner Acc', 0.9980537), ('CLS Classification Acc', 0.9766234)
[INFO] 2022-10-03 12:35:32,702 [    train.py:  237]:	Precision 0.559 Recall 0.485 F1 0.520
[INFO] 2022-10-03 12:36:12,535 [    train.py:  185]:	Epoch 43: 
[INFO] 2022-10-03 12:36:12,536 [    train.py:  186]:	Train:
[INFO] 2022-10-03 12:36:12,538 [    train.py:  198]:	Loss 0.0397, ('Ner Loss', 0.018743472173810005),  ('CLS Classification Loss', 0.002173186745494604)
[INFO] 2022-10-03 12:36:12,538 [    train.py:  208]:	('Ner Acc', 0.9996695518493652),  ('CLS Classification Acc', 0.999280571937561)
[INFO] 2022-10-03 12:36:14,773 [    train.py:  220]:	Evaluate:
[INFO] 2022-10-03 12:36:14,774 [    train.py:  227]:	Loss 0.2318, ('Ner Loss', 0.024983883),  ('CLS Classification Loss', 0.18183976)
[INFO] 2022-10-03 12:36:14,774 [    train.py:  228]:	('Ner Acc', 0.99797744), ('CLS Classification Acc', 0.9790296)
[INFO] 2022-10-03 12:36:22,590 [    train.py:  237]:	Precision 0.584 Recall 0.510 F1 0.545
[INFO] 2022-10-03 12:37:02,444 [    train.py:  185]:	Epoch 44: 
[INFO] 2022-10-03 12:37:02,445 [    train.py:  186]:	Train:
[INFO] 2022-10-03 12:37:02,447 [    train.py:  198]:	Loss 0.0404, ('Ner Loss', 0.0187277439981699),  ('CLS Classification Loss', 0.002967873588204384)
[INFO] 2022-10-03 12:37:02,448 [    train.py:  208]:	('Ner Acc', 0.9996377229690552),  ('CLS Classification Acc', 0.999131441116333)
[INFO] 2022-10-03 12:37:04,686 [    train.py:  220]:	Evaluate:
[INFO] 2022-10-03 12:37:04,687 [    train.py:  227]:	Loss 0.2364, ('Ner Loss', 0.023764128),  ('CLS Classification Loss', 0.18882504)
[INFO] 2022-10-03 12:37:04,687 [    train.py:  228]:	('Ner Acc', 0.997899), ('CLS Classification Acc', 0.9762579)
[INFO] 2022-10-03 12:37:12,679 [    train.py:  237]:	Precision 0.509 Recall 0.512 F1 0.511
[INFO] 2022-10-03 12:37:52,532 [    train.py:  185]:	Epoch 45: 
[INFO] 2022-10-03 12:37:52,533 [    train.py:  186]:	Train:
[INFO] 2022-10-03 12:37:52,535 [    train.py:  198]:	Loss 0.0391, ('Ner Loss', 0.018453769385814667),  ('CLS Classification Loss', 0.0021705415565520525)
[INFO] 2022-10-03 12:37:52,535 [    train.py:  208]:	('Ner Acc', 0.9996784925460815),  ('CLS Classification Acc', 0.9994418621063232)
[INFO] 2022-10-03 12:37:54,770 [    train.py:  220]:	Evaluate:
[INFO] 2022-10-03 12:37:54,770 [    train.py:  227]:	Loss 0.2182, ('Ner Loss', 0.025316777),  ('CLS Classification Loss', 0.16751659)
[INFO] 2022-10-03 12:37:54,771 [    train.py:  228]:	('Ner Acc', 0.99801373), ('CLS Classification Acc', 0.97883165)
[INFO] 2022-10-03 12:38:02,745 [    train.py:  237]:	Precision 0.570 Recall 0.491 F1 0.528
[INFO] 2022-10-03 12:38:42,518 [    train.py:  185]:	Epoch 46: 
[INFO] 2022-10-03 12:38:42,519 [    train.py:  186]:	Train:
[INFO] 2022-10-03 12:38:42,522 [    train.py:  198]:	Loss 0.0388, ('Ner Loss', 0.01833287626504898),  ('CLS Classification Loss', 0.0021113737020641565)
[INFO] 2022-10-03 12:38:42,522 [    train.py:  208]:	('Ner Acc', 0.999691903591156),  ('CLS Classification Acc', 0.9994046688079834)
[INFO] 2022-10-03 12:38:44,738 [    train.py:  220]:	Evaluate:
[INFO] 2022-10-03 12:38:44,738 [    train.py:  227]:	Loss 0.2284, ('Ner Loss', 0.025026223),  ('CLS Classification Loss', 0.17839612)
[INFO] 2022-10-03 12:38:44,738 [    train.py:  228]:	('Ner Acc', 0.9979684), ('CLS Classification Acc', 0.97883165)
[INFO] 2022-10-03 12:38:52,503 [    train.py:  237]:	Precision 0.596 Recall 0.489 F1 0.537
[INFO] 2022-10-03 12:39:32,429 [    train.py:  185]:	Epoch 47: 
[INFO] 2022-10-03 12:39:32,430 [    train.py:  186]:	Train:
[INFO] 2022-10-03 12:39:32,432 [    train.py:  198]:	Loss 0.0369, ('Ner Loss', 0.01787593960762024),  ('CLS Classification Loss', 0.0011945371516048908)
[INFO] 2022-10-03 12:39:32,432 [    train.py:  208]:	('Ner Acc', 0.9997350573539734),  ('CLS Classification Acc', 0.9997146725654602)
[INFO] 2022-10-03 12:39:34,636 [    train.py:  220]:	Evaluate:
[INFO] 2022-10-03 12:39:34,637 [    train.py:  227]:	Loss 0.2323, ('Ner Loss', 0.025636028),  ('CLS Classification Loss', 0.18097892)
[INFO] 2022-10-03 12:39:34,637 [    train.py:  228]:	('Ner Acc', 0.99794465), ('CLS Classification Acc', 0.97799414)
[INFO] 2022-10-03 12:39:42,589 [    train.py:  237]:	Precision 0.562 Recall 0.508 F1 0.533
[INFO] 2022-10-03 12:40:22,247 [    train.py:  185]:	Epoch 48: 
[INFO] 2022-10-03 12:40:22,247 [    train.py:  186]:	Train:
[INFO] 2022-10-03 12:40:22,251 [    train.py:  198]:	Loss 0.0360, ('Ner Loss', 0.017707927152514458),  ('CLS Classification Loss', 0.0006187809631228447)
[INFO] 2022-10-03 12:40:22,251 [    train.py:  208]:	('Ner Acc', 0.9997621774673462),  ('CLS Classification Acc', 0.9998388290405273)
[INFO] 2022-10-03 12:40:24,464 [    train.py:  220]:	Evaluate:
[INFO] 2022-10-03 12:40:24,464 [    train.py:  227]:	Loss 0.2384, ('Ner Loss', 0.025426337),  ('CLS Classification Loss', 0.1875881)
[INFO] 2022-10-03 12:40:24,464 [    train.py:  228]:	('Ner Acc', 0.9979726), ('CLS Classification Acc', 0.97883165)
[INFO] 2022-10-03 12:40:32,377 [    train.py:  237]:	Precision 0.570 Recall 0.514 F1 0.540
[INFO] 2022-10-03 12:41:12,097 [    train.py:  185]:	Epoch 49: 
[INFO] 2022-10-03 12:41:12,098 [    train.py:  186]:	Train:
[INFO] 2022-10-03 12:41:12,100 [    train.py:  198]:	Loss 0.0355, ('Ner Loss', 0.017492132261395454),  ('CLS Classification Loss', 0.0005166504415683448)
[INFO] 2022-10-03 12:41:12,100 [    train.py:  208]:	('Ner Acc', 0.9997740387916565),  ('CLS Classification Acc', 0.9998635649681091)
[INFO] 2022-10-03 12:41:14,313 [    train.py:  220]:	Evaluate:
[INFO] 2022-10-03 12:41:14,313 [    train.py:  227]:	Loss 0.2444, ('Ner Loss', 0.026263865),  ('CLS Classification Loss', 0.19183894)
[INFO] 2022-10-03 12:41:14,314 [    train.py:  228]:	('Ner Acc', 0.9979577), ('CLS Classification Acc', 0.97835964)
[INFO] 2022-10-03 12:41:22,130 [    train.py:  237]:	Precision 0.574 Recall 0.507 F1 0.538
[INFO] 2022-10-03 12:42:02,233 [    train.py:  185]:	Epoch 50: 
[INFO] 2022-10-03 12:42:02,234 [    train.py:  186]:	Train:
[INFO] 2022-10-03 12:42:02,237 [    train.py:  198]:	Loss 0.0362, ('Ner Loss', 0.017377320677042007),  ('CLS Classification Loss', 0.0014085430884733796)
[INFO] 2022-10-03 12:42:02,237 [    train.py:  208]:	('Ner Acc', 0.9997652173042297),  ('CLS Classification Acc', 0.9995038509368896)
[INFO] 2022-10-03 12:42:04,467 [    train.py:  220]:	Evaluate:
[INFO] 2022-10-03 12:42:04,467 [    train.py:  227]:	Loss 0.2567, ('Ner Loss', 0.027296346),  ('CLS Classification Loss', 0.20209296)
[INFO] 2022-10-03 12:42:04,467 [    train.py:  228]:	('Ner Acc', 0.9980045), ('CLS Classification Acc', 0.9775981)
[INFO] 2022-10-03 12:42:12,353 [    train.py:  237]:	Precision 0.537 Recall 0.521 F1 0.529
[INFO] 2022-10-03 12:42:52,517 [    train.py:  185]:	Epoch 51: 
[INFO] 2022-10-03 12:42:52,517 [    train.py:  186]:	Train:
[INFO] 2022-10-03 12:42:52,523 [    train.py:  198]:	Loss 0.0372, ('Ner Loss', 0.017396867275238037),  ('CLS Classification Loss', 0.0024279479403048754)
[INFO] 2022-10-03 12:42:52,523 [    train.py:  208]:	('Ner Acc', 0.9997354745864868),  ('CLS Classification Acc', 0.9992555975914001)
[INFO] 2022-10-03 12:42:54,793 [    train.py:  220]:	Evaluate:
[INFO] 2022-10-03 12:42:54,794 [    train.py:  227]:	Loss 0.2312, ('Ner Loss', 0.026266495),  ('CLS Classification Loss', 0.17865776)
[INFO] 2022-10-03 12:42:54,794 [    train.py:  228]:	('Ner Acc', 0.9979257), ('CLS Classification Acc', 0.97712594)
[INFO] 2022-10-03 12:43:02,668 [    train.py:  237]:	Precision 0.527 Recall 0.504 F1 0.515
[INFO] 2022-10-03 12:43:42,605 [    train.py:  185]:	Epoch 52: 
[INFO] 2022-10-03 12:43:42,606 [    train.py:  186]:	Train:
[INFO] 2022-10-03 12:43:42,610 [    train.py:  198]:	Loss 0.0361, ('Ner Loss', 0.017088240012526512),  ('CLS Classification Loss', 0.0019403344485908747)
[INFO] 2022-10-03 12:43:42,610 [    train.py:  208]:	('Ner Acc', 0.9997557401657104),  ('CLS Classification Acc', 0.999392032623291)
[INFO] 2022-10-03 12:43:44,839 [    train.py:  220]:	Evaluate:
[INFO] 2022-10-03 12:43:44,839 [    train.py:  227]:	Loss 0.2320, ('Ner Loss', 0.024909753),  ('CLS Classification Loss', 0.18217966)
[INFO] 2022-10-03 12:43:44,839 [    train.py:  228]:	('Ner Acc', 0.9980232), ('CLS Classification Acc', 0.9789688)
[INFO] 2022-10-03 12:43:52,825 [    train.py:  237]:	Precision 0.561 Recall 0.538 F1 0.550
[INFO] 2022-10-03 12:44:32,607 [    train.py:  185]:	Epoch 53: 
[INFO] 2022-10-03 12:44:32,607 [    train.py:  186]:	Train:
[INFO] 2022-10-03 12:44:32,610 [    train.py:  198]:	Loss 0.0352, ('Ner Loss', 0.01692923530936241),  ('CLS Classification Loss', 0.0013090077554807067)
[INFO] 2022-10-03 12:44:32,610 [    train.py:  208]:	('Ner Acc', 0.9997677206993103),  ('CLS Classification Acc', 0.9997022151947021)
[INFO] 2022-10-03 12:44:34,838 [    train.py:  220]:	Evaluate:
[INFO] 2022-10-03 12:44:34,839 [    train.py:  227]:	Loss 0.2377, ('Ner Loss', 0.02673293),  ('CLS Classification Loss', 0.18421577)
[INFO] 2022-10-03 12:44:34,839 [    train.py:  228]:	('Ner Acc', 0.99795794), ('CLS Classification Acc', 0.97676045)
[INFO] 2022-10-03 12:44:42,849 [    train.py:  237]:	Precision 0.559 Recall 0.523 F1 0.540
[INFO] 2022-10-03 12:45:22,575 [    train.py:  185]:	Epoch 54: 
[INFO] 2022-10-03 12:45:22,575 [    train.py:  186]:	Train:
[INFO] 2022-10-03 12:45:22,581 [    train.py:  198]:	Loss 0.0350, ('Ner Loss', 0.016962358728051186),  ('CLS Classification Loss', 0.0010635582730174065)
[INFO] 2022-10-03 12:45:22,581 [    train.py:  208]:	('Ner Acc', 0.9997544288635254),  ('CLS Classification Acc', 0.9996649622917175)
[INFO] 2022-10-03 12:45:24,821 [    train.py:  220]:	Evaluate:
[INFO] 2022-10-03 12:45:24,822 [    train.py:  227]:	Loss 0.3012, ('Ner Loss', 0.028271336),  ('CLS Classification Loss', 0.24466467)
[INFO] 2022-10-03 12:45:24,822 [    train.py:  228]:	('Ner Acc', 0.9976649), ('CLS Classification Acc', 0.9737757)
[INFO] 2022-10-03 12:45:33,004 [    train.py:  237]:	Precision 0.515 Recall 0.521 F1 0.518
[INFO] 2022-10-03 12:46:12,798 [    train.py:  185]:	Epoch 55: 
[INFO] 2022-10-03 12:46:12,798 [    train.py:  186]:	Train:
[INFO] 2022-10-03 12:46:12,801 [    train.py:  198]:	Loss 0.0356, ('Ner Loss', 0.016770215705037117),  ('CLS Classification Loss', 0.002069114474579692)
[INFO] 2022-10-03 12:46:12,801 [    train.py:  208]:	('Ner Acc', 0.9997178316116333),  ('CLS Classification Acc', 0.9994417428970337)
[INFO] 2022-10-03 12:46:15,028 [    train.py:  220]:	Evaluate:
[INFO] 2022-10-03 12:46:15,028 [    train.py:  227]:	Loss 0.2356, ('Ner Loss', 0.026237939),  ('CLS Classification Loss', 0.1831708)
[INFO] 2022-10-03 12:46:15,028 [    train.py:  228]:	('Ner Acc', 0.9979679), ('CLS Classification Acc', 0.9772327)
[INFO] 2022-10-03 12:46:23,261 [    train.py:  237]:	Precision 0.544 Recall 0.498 F1 0.520
[INFO] 2022-10-03 12:47:02,744 [    train.py:  185]:	Epoch 56: 
[INFO] 2022-10-03 12:47:02,745 [    train.py:  186]:	Train:
[INFO] 2022-10-03 12:47:02,747 [    train.py:  198]:	Loss 0.0353, ('Ner Loss', 0.016516104340553284),  ('CLS Classification Loss', 0.002263962058350444)
[INFO] 2022-10-03 12:47:02,748 [    train.py:  208]:	('Ner Acc', 0.9997527003288269),  ('CLS Classification Acc', 0.9994044899940491)
[INFO] 2022-10-03 12:47:04,964 [    train.py:  220]:	Evaluate:
[INFO] 2022-10-03 12:47:04,965 [    train.py:  227]:	Loss 0.2501, ('Ner Loss', 0.025569873),  ('CLS Classification Loss', 0.19894142)
[INFO] 2022-10-03 12:47:04,965 [    train.py:  228]:	('Ner Acc', 0.9977803), ('CLS Classification Acc', 0.9767453)
[INFO] 2022-10-03 12:47:12,868 [    train.py:  237]:	Precision 0.498 Recall 0.556 F1 0.526
[INFO] 2022-10-03 12:47:52,927 [    train.py:  185]:	Epoch 57: 
[INFO] 2022-10-03 12:47:52,927 [    train.py:  186]:	Train:
[INFO] 2022-10-03 12:47:52,933 [    train.py:  198]:	Loss 0.0346, ('Ner Loss', 0.016360577195882797),  ('CLS Classification Loss', 0.0018314725020900369)
[INFO] 2022-10-03 12:47:52,933 [    train.py:  208]:	('Ner Acc', 0.9997545480728149),  ('CLS Classification Acc', 0.9995161890983582)
[INFO] 2022-10-03 12:47:55,195 [    train.py:  220]:	Evaluate:
[INFO] 2022-10-03 12:47:55,195 [    train.py:  227]:	Loss 0.2272, ('Ner Loss', 0.02528682),  ('CLS Classification Loss', 0.17664054)
[INFO] 2022-10-03 12:47:55,196 [    train.py:  228]:	('Ner Acc', 0.99800223), ('CLS Classification Acc', 0.9785118)
[INFO] 2022-10-03 12:48:03,177 [    train.py:  237]:	Precision 0.543 Recall 0.512 F1 0.527
[INFO] 2022-10-03 12:48:42,832 [    train.py:  185]:	Epoch 58: 
[INFO] 2022-10-03 12:48:42,832 [    train.py:  186]:	Train:
[INFO] 2022-10-03 12:48:42,835 [    train.py:  198]:	Loss 0.0330, ('Ner Loss', 0.016071105375885963),  ('CLS Classification Loss', 0.0008716720622032881)
[INFO] 2022-10-03 12:48:42,835 [    train.py:  208]:	('Ner Acc', 0.9997959733009338),  ('CLS Classification Acc', 0.9997144341468811)
[INFO] 2022-10-03 12:48:45,063 [    train.py:  220]:	Evaluate:
[INFO] 2022-10-03 12:48:45,063 [    train.py:  227]:	Loss 0.2393, ('Ner Loss', 0.026511904),  ('CLS Classification Loss', 0.18629746)
[INFO] 2022-10-03 12:48:45,064 [    train.py:  228]:	('Ner Acc', 0.99801755), ('CLS Classification Acc', 0.97791785)
[INFO] 2022-10-03 12:48:52,949 [    train.py:  237]:	Precision 0.554 Recall 0.521 F1 0.537
[INFO] 2022-10-03 12:49:32,621 [    train.py:  185]:	Epoch 59: 
[INFO] 2022-10-03 12:49:32,622 [    train.py:  186]:	Train:
[INFO] 2022-10-03 12:49:32,629 [    train.py:  198]:	Loss 0.0346, ('Ner Loss', 0.016080651432275772),  ('CLS Classification Loss', 0.002422173973172903)
[INFO] 2022-10-03 12:49:32,629 [    train.py:  208]:	('Ner Acc', 0.9997599124908447),  ('CLS Classification Acc', 0.9992430806159973)
[INFO] 2022-10-03 12:49:34,858 [    train.py:  220]:	Evaluate:
[INFO] 2022-10-03 12:49:34,859 [    train.py:  227]:	Loss 0.2384, ('Ner Loss', 0.02678659),  ('CLS Classification Loss', 0.18486734)
[INFO] 2022-10-03 12:49:34,859 [    train.py:  228]:	('Ner Acc', 0.99795824), ('CLS Classification Acc', 0.97852707)
[INFO] 2022-10-03 12:49:42,839 [    train.py:  237]:	Precision 0.591 Recall 0.469 F1 0.523
[INFO] 2022-10-03 12:50:22,500 [    train.py:  185]:	Epoch 60: 
[INFO] 2022-10-03 12:50:22,500 [    train.py:  186]:	Train:
[INFO] 2022-10-03 12:50:22,503 [    train.py:  198]:	Loss 0.0369, ('Ner Loss', 0.016277097165584564),  ('CLS Classification Loss', 0.0043859113939106464)
[INFO] 2022-10-03 12:50:22,504 [    train.py:  208]:	('Ner Acc', 0.9997098445892334),  ('CLS Classification Acc', 0.9988459944725037)
[INFO] 2022-10-03 12:50:24,740 [    train.py:  220]:	Evaluate:
[INFO] 2022-10-03 12:50:24,741 [    train.py:  227]:	Loss 0.2246, ('Ner Loss', 0.023695834),  ('CLS Classification Loss', 0.17719384)
[INFO] 2022-10-03 12:50:24,741 [    train.py:  228]:	('Ner Acc', 0.997945), ('CLS Classification Acc', 0.97510046)
[INFO] 2022-10-03 12:50:32,694 [    train.py:  237]:	Precision 0.530 Recall 0.516 F1 0.523
[INFO] 2022-10-03 12:51:12,430 [    train.py:  185]:	Epoch 61: 
[INFO] 2022-10-03 12:51:12,430 [    train.py:  186]:	Train:
[INFO] 2022-10-03 12:51:12,436 [    train.py:  198]:	Loss 0.0326, ('Ner Loss', 0.015802983194589615),  ('CLS Classification Loss', 0.000994084752164781)
[INFO] 2022-10-03 12:51:12,437 [    train.py:  208]:	('Ner Acc', 0.9997790455818176),  ('CLS Classification Acc', 0.9997021555900574)
[INFO] 2022-10-03 12:51:14,713 [    train.py:  220]:	Evaluate:
[INFO] 2022-10-03 12:51:14,713 [    train.py:  227]:	Loss 0.2449, ('Ner Loss', 0.027455524),  ('CLS Classification Loss', 0.19001664)
[INFO] 2022-10-03 12:51:14,713 [    train.py:  228]:	('Ner Acc', 0.99799126), ('CLS Classification Acc', 0.977857)
[INFO] 2022-10-03 12:51:22,613 [    train.py:  237]:	Precision 0.553 Recall 0.498 F1 0.524
[INFO] 2022-10-03 12:52:02,664 [    train.py:  185]:	Epoch 62: 
[INFO] 2022-10-03 12:52:02,665 [    train.py:  186]:	Train:
[INFO] 2022-10-03 12:52:02,668 [    train.py:  198]:	Loss 0.0318, ('Ner Loss', 0.015581994317471981),  ('CLS Classification Loss', 0.0006737138610333204)
[INFO] 2022-10-03 12:52:02,668 [    train.py:  208]:	('Ner Acc', 0.9997829794883728),  ('CLS Classification Acc', 0.9998262524604797)
[INFO] 2022-10-03 12:52:04,913 [    train.py:  220]:	Evaluate:
[INFO] 2022-10-03 12:52:04,913 [    train.py:  227]:	Loss 0.2643, ('Ner Loss', 0.029111147),  ('CLS Classification Loss', 0.2060858)
[INFO] 2022-10-03 12:52:04,914 [    train.py:  228]:	('Ner Acc', 0.9979257), ('CLS Classification Acc', 0.9750852)
[INFO] 2022-10-03 12:52:12,929 [    train.py:  237]:	Precision 0.529 Recall 0.496 F1 0.512
[INFO] 2022-10-03 12:53:19,963 [    train.py:  185]:	Epoch 63: 
[INFO] 2022-10-03 12:53:19,964 [    train.py:  186]:	Train:
[INFO] 2022-10-03 12:53:19,969 [    train.py:  198]:	Loss 0.0312, ('Ner Loss', 0.015361962839961052),  ('CLS Classification Loss', 0.0004941932857036591)
[INFO] 2022-10-03 12:53:19,969 [    train.py:  208]:	('Ner Acc', 0.9998263716697693),  ('CLS Classification Acc', 0.9998138546943665)
[INFO] 2022-10-03 12:53:22,184 [    train.py:  220]:	Evaluate:
[INFO] 2022-10-03 12:53:22,185 [    train.py:  227]:	Loss 0.2452, ('Ner Loss', 0.027632099),  ('CLS Classification Loss', 0.18993758)
[INFO] 2022-10-03 12:53:22,185 [    train.py:  228]:	('Ner Acc', 0.9979942), ('CLS Classification Acc', 0.97837466)
[INFO] 2022-10-03 12:53:30,262 [    train.py:  237]:	Precision 0.543 Recall 0.517 F1 0.530
[INFO] 2022-10-03 12:54:10,251 [    train.py:  185]:	Epoch 64: 
[INFO] 2022-10-03 12:54:10,251 [    train.py:  186]:	Train:
[INFO] 2022-10-03 12:54:10,254 [    train.py:  198]:	Loss 0.0309, ('Ner Loss', 0.015196091495454311),  ('CLS Classification Loss', 0.0004615343641489744)
[INFO] 2022-10-03 12:54:10,254 [    train.py:  208]:	('Ner Acc', 0.9998204112052917),  ('CLS Classification Acc', 0.9998635649681091)
[INFO] 2022-10-03 12:54:12,490 [    train.py:  220]:	Evaluate:
[INFO] 2022-10-03 12:54:12,491 [    train.py:  227]:	Loss 0.2613, ('Ner Loss', 0.02879635),  ('CLS Classification Loss', 0.20372486)
[INFO] 2022-10-03 12:54:12,491 [    train.py:  228]:	('Ner Acc', 0.997975), ('CLS Classification Acc', 0.97735447)
[INFO] 2022-10-03 12:54:20,342 [    train.py:  237]:	Precision 0.566 Recall 0.480 F1 0.520
[INFO] 2022-10-03 12:54:59,937 [    train.py:  185]:	Epoch 65: 
[INFO] 2022-10-03 12:54:59,937 [    train.py:  186]:	Train:
[INFO] 2022-10-03 12:54:59,940 [    train.py:  198]:	Loss 0.0310, ('Ner Loss', 0.01504628174006939),  ('CLS Classification Loss', 0.000919018464628607)
[INFO] 2022-10-03 12:54:59,940 [    train.py:  208]:	('Ner Acc', 0.9998204112052917),  ('CLS Classification Acc', 0.9996896982192993)
[INFO] 2022-10-03 12:55:02,165 [    train.py:  220]:	Evaluate:
[INFO] 2022-10-03 12:55:02,166 [    train.py:  227]:	Loss 0.2417, ('Ner Loss', 0.02704039),  ('CLS Classification Loss', 0.18762769)
[INFO] 2022-10-03 12:55:02,166 [    train.py:  228]:	('Ner Acc', 0.9980344), ('CLS Classification Acc', 0.9785118)
[INFO] 2022-10-03 12:55:10,182 [    train.py:  237]:	Precision 0.573 Recall 0.493 F1 0.530
[INFO] 2022-10-03 12:55:49,911 [    train.py:  185]:	Epoch 66: 
[INFO] 2022-10-03 12:55:49,912 [    train.py:  186]:	Train:
[INFO] 2022-10-03 12:55:49,919 [    train.py:  198]:	Loss 0.0317, ('Ner Loss', 0.015185565687716007),  ('CLS Classification Loss', 0.0012987800873816013)
[INFO] 2022-10-03 12:55:49,919 [    train.py:  208]:	('Ner Acc', 0.999768078327179),  ('CLS Classification Acc', 0.9996652007102966)
[INFO] 2022-10-03 12:55:52,142 [    train.py:  220]:	Evaluate:
[INFO] 2022-10-03 12:55:52,143 [    train.py:  227]:	Loss 0.2657, ('Ner Loss', 0.027621223),  ('CLS Classification Loss', 0.21042198)
[INFO] 2022-10-03 12:55:52,143 [    train.py:  228]:	('Ner Acc', 0.9979521), ('CLS Classification Acc', 0.97771984)
[INFO] 2022-10-03 12:55:59,999 [    train.py:  237]:	Precision 0.549 Recall 0.512 F1 0.530
[INFO] 2022-10-03 12:56:39,553 [    train.py:  185]:	Epoch 67: 
[INFO] 2022-10-03 12:56:39,553 [    train.py:  186]:	Train:
[INFO] 2022-10-03 12:56:39,556 [    train.py:  198]:	Loss 0.0302, ('Ner Loss', 0.014836864545941353),  ('CLS Classification Loss', 0.0005197738646529615)
[INFO] 2022-10-03 12:56:39,557 [    train.py:  208]:	('Ner Acc', 0.9998176693916321),  ('CLS Classification Acc', 0.9998635649681091)
[INFO] 2022-10-03 12:56:41,778 [    train.py:  220]:	Evaluate:
[INFO] 2022-10-03 12:56:41,779 [    train.py:  227]:	Loss 0.2570, ('Ner Loss', 0.02710759),  ('CLS Classification Loss', 0.20279068)
[INFO] 2022-10-03 12:56:41,779 [    train.py:  228]:	('Ner Acc', 0.9979792), ('CLS Classification Acc', 0.9789534)
[INFO] 2022-10-03 12:56:49,704 [    train.py:  237]:	Precision 0.565 Recall 0.527 F1 0.545
[INFO] 2022-10-03 12:57:29,531 [    train.py:  185]:	Epoch 68: 
[INFO] 2022-10-03 12:57:29,532 [    train.py:  186]:	Train:
[INFO] 2022-10-03 12:57:29,535 [    train.py:  198]:	Loss 0.0295, ('Ner Loss', 0.014644955284893513),  ('CLS Classification Loss', 0.00018519572040531784)
[INFO] 2022-10-03 12:57:29,535 [    train.py:  208]:	('Ner Acc', 0.9998443722724915),  ('CLS Classification Acc', 0.9999502897262573)
[INFO] 2022-10-03 12:57:31,754 [    train.py:  220]:	Evaluate:
[INFO] 2022-10-03 12:57:31,755 [    train.py:  227]:	Loss 0.2627, ('Ner Loss', 0.027573315),  ('CLS Classification Loss', 0.20758912)
[INFO] 2022-10-03 12:57:31,755 [    train.py:  228]:	('Ner Acc', 0.9980279), ('CLS Classification Acc', 0.978329)
[INFO] 2022-10-03 12:57:39,791 [    train.py:  237]:	Precision 0.561 Recall 0.514 F1 0.536
[INFO] 2022-10-03 12:58:19,584 [    train.py:  185]:	Epoch 69: 
[INFO] 2022-10-03 12:58:19,584 [    train.py:  186]:	Train:
[INFO] 2022-10-03 12:58:19,587 [    train.py:  198]:	Loss 0.0297, ('Ner Loss', 0.014527487568557262),  ('CLS Classification Loss', 0.0006195722380653024)
[INFO] 2022-10-03 12:58:19,587 [    train.py:  208]:	('Ner Acc', 0.9998209476470947),  ('CLS Classification Acc', 0.9998387098312378)
[INFO] 2022-10-03 12:58:21,829 [    train.py:  220]:	Evaluate:
[INFO] 2022-10-03 12:58:21,830 [    train.py:  227]:	Loss 0.3264, ('Ner Loss', 0.03443783),  ('CLS Classification Loss', 0.25749633)
[INFO] 2022-10-03 12:58:21,830 [    train.py:  228]:	('Ner Acc', 0.99767435), ('CLS Classification Acc', 0.9714913)
[INFO] 2022-10-03 12:58:29,780 [    train.py:  237]:	Precision 0.504 Recall 0.479 F1 0.491
[INFO] 2022-10-03 12:59:09,512 [    train.py:  185]:	Epoch 70: 
[INFO] 2022-10-03 12:59:09,512 [    train.py:  186]:	Train:
[INFO] 2022-10-03 12:59:09,519 [    train.py:  198]:	Loss 0.0304, ('Ner Loss', 0.014457336626946926),  ('CLS Classification Loss', 0.0015232809819281101)
[INFO] 2022-10-03 12:59:09,519 [    train.py:  208]:	('Ner Acc', 0.9997758269309998),  ('CLS Classification Acc', 0.9995781779289246)
[INFO] 2022-10-03 12:59:11,751 [    train.py:  220]:	Evaluate:
[INFO] 2022-10-03 12:59:11,752 [    train.py:  227]:	Loss 0.2400, ('Ner Loss', 0.027252467),  ('CLS Classification Loss', 0.18551429)
[INFO] 2022-10-03 12:59:11,752 [    train.py:  228]:	('Ner Acc', 0.9980282), ('CLS Classification Acc', 0.9774305)
[INFO] 2022-10-03 12:59:19,715 [    train.py:  237]:	Precision 0.537 Recall 0.492 F1 0.514
[INFO] 2022-10-03 12:59:59,289 [    train.py:  185]:	Epoch 71: 
[INFO] 2022-10-03 12:59:59,289 [    train.py:  186]:	Train:
[INFO] 2022-10-03 12:59:59,293 [    train.py:  198]:	Loss 0.0301, ('Ner Loss', 0.014363324269652367),  ('CLS Classification Loss', 0.0013814624398946762)
[INFO] 2022-10-03 12:59:59,293 [    train.py:  208]:	('Ner Acc', 0.9997953176498413),  ('CLS Classification Acc', 0.9996649622917175)
[INFO] 2022-10-03 13:00:01,535 [    train.py:  220]:	Evaluate:
[INFO] 2022-10-03 13:00:01,536 [    train.py:  227]:	Loss 0.2447, ('Ner Loss', 0.028135456),  ('CLS Classification Loss', 0.18840346)
[INFO] 2022-10-03 13:00:01,536 [    train.py:  228]:	('Ner Acc', 0.99809575), ('CLS Classification Acc', 0.9782376)
[INFO] 2022-10-03 13:00:09,549 [    train.py:  237]:	Precision 0.562 Recall 0.499 F1 0.529
[INFO] 2022-10-03 13:00:49,530 [    train.py:  185]:	Epoch 72: 
[INFO] 2022-10-03 13:00:49,531 [    train.py:  186]:	Train:
[INFO] 2022-10-03 13:00:49,537 [    train.py:  198]:	Loss 0.0296, ('Ner Loss', 0.014200125820934772),  ('CLS Classification Loss', 0.0012227921979501843)
[INFO] 2022-10-03 13:00:49,538 [    train.py:  208]:	('Ner Acc', 0.9998070597648621),  ('CLS Classification Acc', 0.9996773600578308)
[INFO] 2022-10-03 13:00:51,771 [    train.py:  220]:	Evaluate:
[INFO] 2022-10-03 13:00:51,772 [    train.py:  227]:	Loss 0.2504, ('Ner Loss', 0.02722195),  ('CLS Classification Loss', 0.19598475)
[INFO] 2022-10-03 13:00:51,772 [    train.py:  228]:	('Ner Acc', 0.9980809), ('CLS Classification Acc', 0.97691274)
[INFO] 2022-10-03 13:01:00,007 [    train.py:  237]:	Precision 0.560 Recall 0.496 F1 0.526
[INFO] 2022-10-03 13:01:40,321 [    train.py:  185]:	Epoch 73: 
[INFO] 2022-10-03 13:01:40,322 [    train.py:  186]:	Train:
[INFO] 2022-10-03 13:01:40,325 [    train.py:  198]:	Loss 0.0306, ('Ner Loss', 0.014146046712994576),  ('CLS Classification Loss', 0.002292703138664365)
[INFO] 2022-10-03 13:01:40,325 [    train.py:  208]:	('Ner Acc', 0.9998006820678711),  ('CLS Classification Acc', 0.9993797540664673)
[INFO] 2022-10-03 13:01:42,556 [    train.py:  220]:	Evaluate:
[INFO] 2022-10-03 13:01:42,557 [    train.py:  227]:	Loss 0.2471, ('Ner Loss', 0.027608996),  ('CLS Classification Loss', 0.1918978)
[INFO] 2022-10-03 13:01:42,557 [    train.py:  228]:	('Ner Acc', 0.99801594), ('CLS Classification Acc', 0.97771984)
[INFO] 2022-10-03 13:01:50,540 [    train.py:  237]:	Precision 0.556 Recall 0.504 F1 0.529
[INFO] 2022-10-03 13:02:30,416 [    train.py:  185]:	Epoch 74: 
[INFO] 2022-10-03 13:02:30,417 [    train.py:  186]:	Train:
[INFO] 2022-10-03 13:02:30,421 [    train.py:  198]:	Loss 0.0304, ('Ner Loss', 0.014074050821363926),  ('CLS Classification Loss', 0.00226762518286705)
[INFO] 2022-10-03 13:02:30,422 [    train.py:  208]:	('Ner Acc', 0.9997758865356445),  ('CLS Classification Acc', 0.9994044899940491)
[INFO] 2022-10-03 13:02:32,659 [    train.py:  220]:	Evaluate:
[INFO] 2022-10-03 13:02:32,660 [    train.py:  227]:	Loss 0.2477, ('Ner Loss', 0.028222391),  ('CLS Classification Loss', 0.19121861)
[INFO] 2022-10-03 13:02:32,660 [    train.py:  228]:	('Ner Acc', 0.9979983), ('CLS Classification Acc', 0.9772173)
[INFO] 2022-10-03 13:02:40,698 [    train.py:  237]:	Precision 0.536 Recall 0.525 F1 0.531
[INFO] 2022-10-03 13:03:20,554 [    train.py:  185]:	Epoch 75: 
[INFO] 2022-10-03 13:03:20,555 [    train.py:  186]:	Train:
[INFO] 2022-10-03 13:03:20,559 [    train.py:  198]:	Loss 0.0285, ('Ner Loss', 0.013749368488788605),  ('CLS Classification Loss', 0.001039028400555253)
[INFO] 2022-10-03 13:03:20,560 [    train.py:  208]:	('Ner Acc', 0.9998096823692322),  ('CLS Classification Acc', 0.9996402263641357)
[INFO] 2022-10-03 13:03:22,802 [    train.py:  220]:	Evaluate:
[INFO] 2022-10-03 13:03:22,802 [    train.py:  227]:	Loss 0.2708, ('Ner Loss', 0.029740572),  ('CLS Classification Loss', 0.21128896)
[INFO] 2022-10-03 13:03:22,802 [    train.py:  228]:	('Ner Acc', 0.99802035), ('CLS Classification Acc', 0.976593)
[INFO] 2022-10-03 13:03:30,906 [    train.py:  237]:	Precision 0.566 Recall 0.482 F1 0.520
[INFO] 2022-10-03 13:04:10,826 [    train.py:  185]:	Epoch 76: 
[INFO] 2022-10-03 13:04:10,826 [    train.py:  186]:	Train:
[INFO] 2022-10-03 13:04:10,830 [    train.py:  198]:	Loss 0.0279, ('Ner Loss', 0.013732457533478737),  ('CLS Classification Loss', 0.000416556402342394)
[INFO] 2022-10-03 13:04:10,830 [    train.py:  208]:	('Ner Acc', 0.9998105764389038),  ('CLS Classification Acc', 0.9998883008956909)
[INFO] 2022-10-03 13:04:13,124 [    train.py:  220]:	Evaluate:
[INFO] 2022-10-03 13:04:13,125 [    train.py:  227]:	Loss 0.2458, ('Ner Loss', 0.029342582),  ('CLS Classification Loss', 0.18713425)
[INFO] 2022-10-03 13:04:13,125 [    train.py:  228]:	('Ner Acc', 0.99801594), ('CLS Classification Acc', 0.9778569)
[INFO] 2022-10-03 13:04:21,124 [    train.py:  237]:	Precision 0.559 Recall 0.514 F1 0.535
[INFO] 2022-10-03 13:05:00,615 [    train.py:  185]:	Epoch 77: 
[INFO] 2022-10-03 13:05:00,615 [    train.py:  186]:	Train:
[INFO] 2022-10-03 13:05:00,621 [    train.py:  198]:	Loss 0.0274, ('Ner Loss', 0.013463222421705723),  ('CLS Classification Loss', 0.00048666191287338734)
[INFO] 2022-10-03 13:05:00,621 [    train.py:  208]:	('Ner Acc', 0.9998247623443604),  ('CLS Classification Acc', 0.9998759627342224)
[INFO] 2022-10-03 13:05:02,804 [    train.py:  220]:	Evaluate:
[INFO] 2022-10-03 13:05:02,804 [    train.py:  227]:	Loss 0.2621, ('Ner Loss', 0.029881991),  ('CLS Classification Loss', 0.20236093)
[INFO] 2022-10-03 13:05:02,805 [    train.py:  228]:	('Ner Acc', 0.99799097), ('CLS Classification Acc', 0.9775219)
[INFO] 2022-10-03 13:05:10,805 [    train.py:  237]:	Precision 0.561 Recall 0.486 F1 0.521
[INFO] 2022-10-03 13:05:50,692 [    train.py:  185]:	Epoch 78: 
[INFO] 2022-10-03 13:05:50,693 [    train.py:  186]:	Train:
[INFO] 2022-10-03 13:05:50,697 [    train.py:  198]:	Loss 0.0279, ('Ner Loss', 0.013357087969779968),  ('CLS Classification Loss', 0.0012253044405952096)
[INFO] 2022-10-03 13:05:50,697 [    train.py:  208]:	('Ner Acc', 0.999833881855011),  ('CLS Classification Acc', 0.9997147917747498)
[INFO] 2022-10-03 13:05:52,868 [    train.py:  220]:	Evaluate:
[INFO] 2022-10-03 13:05:52,868 [    train.py:  227]:	Loss 0.2428, ('Ner Loss', 0.02948844),  ('CLS Classification Loss', 0.18381087)
[INFO] 2022-10-03 13:05:52,868 [    train.py:  228]:	('Ner Acc', 0.9981132), ('CLS Classification Acc', 0.97790265)
[INFO] 2022-10-03 13:06:00,947 [    train.py:  237]:	Precision 0.568 Recall 0.492 F1 0.528
[INFO] 2022-10-03 13:06:40,555 [    train.py:  185]:	Epoch 79: 
[INFO] 2022-10-03 13:06:40,556 [    train.py:  186]:	Train:
[INFO] 2022-10-03 13:06:40,559 [    train.py:  198]:	Loss 0.0266, ('Ner Loss', 0.013152859173715115),  ('CLS Classification Loss', 0.00026205694302916527)
[INFO] 2022-10-03 13:06:40,559 [    train.py:  208]:	('Ner Acc', 0.9998401999473572),  ('CLS Classification Acc', 0.9999006986618042)
[INFO] 2022-10-03 13:06:42,737 [    train.py:  220]:	Evaluate:
[INFO] 2022-10-03 13:06:42,738 [    train.py:  227]:	Loss 0.2413, ('Ner Loss', 0.028866163),  ('CLS Classification Loss', 0.18357581)
[INFO] 2022-10-03 13:06:42,738 [    train.py:  228]:	('Ner Acc', 0.9980489), ('CLS Classification Acc', 0.97852707)
[INFO] 2022-10-03 13:06:50,652 [    train.py:  237]:	Precision 0.548 Recall 0.538 F1 0.543
[INFO] 2022-10-03 13:07:30,101 [    train.py:  185]:	Epoch 80: 
[INFO] 2022-10-03 13:07:30,102 [    train.py:  186]:	Train:
[INFO] 2022-10-03 13:07:30,107 [    train.py:  198]:	Loss 0.0265, ('Ner Loss', 0.013089211657643318),  ('CLS Classification Loss', 0.0003332090564072132)
[INFO] 2022-10-03 13:07:30,107 [    train.py:  208]:	('Ner Acc', 0.9998501539230347),  ('CLS Classification Acc', 0.9999504089355469)
[INFO] 2022-10-03 13:07:32,335 [    train.py:  220]:	Evaluate:
[INFO] 2022-10-03 13:07:32,336 [    train.py:  227]:	Loss 0.2621, ('Ner Loss', 0.030150294),  ('CLS Classification Loss', 0.2017562)
[INFO] 2022-10-03 13:07:32,336 [    train.py:  228]:	('Ner Acc', 0.9980253), ('CLS Classification Acc', 0.97790265)
[INFO] 2022-10-03 13:07:40,398 [    train.py:  237]:	Precision 0.551 Recall 0.503 F1 0.526
[INFO] 2022-10-03 13:08:19,682 [    train.py:  185]:	Epoch 81: 
[INFO] 2022-10-03 13:08:19,682 [    train.py:  186]:	Train:
[INFO] 2022-10-03 13:08:19,685 [    train.py:  198]:	Loss 0.0261, ('Ner Loss', 0.01296283956617117),  ('CLS Classification Loss', 0.0001674572704359889)
[INFO] 2022-10-03 13:08:19,685 [    train.py:  208]:	('Ner Acc', 0.999844491481781),  ('CLS Classification Acc', 0.9999627470970154)
[INFO] 2022-10-03 13:08:21,859 [    train.py:  220]:	Evaluate:
[INFO] 2022-10-03 13:08:21,860 [    train.py:  227]:	Loss 0.2525, ('Ner Loss', 0.029495472),  ('CLS Classification Loss', 0.1935176)
[INFO] 2022-10-03 13:08:21,860 [    train.py:  228]:	('Ner Acc', 0.99804544), ('CLS Classification Acc', 0.97828335)
[INFO] 2022-10-03 13:08:29,793 [    train.py:  237]:	Precision 0.543 Recall 0.533 F1 0.538
[INFO] 2022-10-03 13:09:35,657 [    train.py:  185]:	Epoch 82: 
[INFO] 2022-10-03 13:09:35,657 [    train.py:  186]:	Train:
[INFO] 2022-10-03 13:09:35,660 [    train.py:  198]:	Loss 0.0279, ('Ner Loss', 0.012909581884741783),  ('CLS Classification Loss', 0.0021010059863328934)
[INFO] 2022-10-03 13:09:35,660 [    train.py:  208]:	('Ner Acc', 0.9998292326927185),  ('CLS Classification Acc', 0.999528706073761)
[INFO] 2022-10-03 13:09:37,836 [    train.py:  220]:	Evaluate:
[INFO] 2022-10-03 13:09:37,837 [    train.py:  227]:	Loss 0.2340, ('Ner Loss', 0.029618599),  ('CLS Classification Loss', 0.17472869)
[INFO] 2022-10-03 13:09:37,837 [    train.py:  228]:	('Ner Acc', 0.9980284), ('CLS Classification Acc', 0.97768956)
[INFO] 2022-10-03 13:09:45,769 [    train.py:  237]:	Precision 0.558 Recall 0.499 F1 0.527
[INFO] 2022-10-03 13:10:25,384 [    train.py:  185]:	Epoch 83: 
[INFO] 2022-10-03 13:10:25,384 [    train.py:  186]:	Train:
[INFO] 2022-10-03 13:10:25,387 [    train.py:  198]:	Loss 0.0289, ('Ner Loss', 0.012941074557602406),  ('CLS Classification Loss', 0.0030017548706382513)
[INFO] 2022-10-03 13:10:25,387 [    train.py:  208]:	('Ner Acc', 0.9997807145118713),  ('CLS Classification Acc', 0.9991562962532043)
[INFO] 2022-10-03 13:10:27,565 [    train.py:  220]:	Evaluate:
[INFO] 2022-10-03 13:10:27,566 [    train.py:  227]:	Loss 0.2364, ('Ner Loss', 0.028853362),  ('CLS Classification Loss', 0.17868139)
[INFO] 2022-10-03 13:10:27,566 [    train.py:  228]:	('Ner Acc', 0.99798024), ('CLS Classification Acc', 0.97494817)
[INFO] 2022-10-03 13:10:35,551 [    train.py:  237]:	Precision 0.547 Recall 0.484 F1 0.513
[INFO] 2022-10-03 13:11:14,909 [    train.py:  185]:	Epoch 84: 
[INFO] 2022-10-03 13:11:14,909 [    train.py:  186]:	Train:
[INFO] 2022-10-03 13:11:14,912 [    train.py:  198]:	Loss 0.0279, ('Ner Loss', 0.012778405100107193),  ('CLS Classification Loss', 0.0023489261511713266)
[INFO] 2022-10-03 13:11:14,912 [    train.py:  208]:	('Ner Acc', 0.9997894167900085),  ('CLS Classification Acc', 0.9992806315422058)
[INFO] 2022-10-03 13:11:17,074 [    train.py:  220]:	Evaluate:
[INFO] 2022-10-03 13:11:17,075 [    train.py:  227]:	Loss 0.2372, ('Ner Loss', 0.028669452),  ('CLS Classification Loss', 0.17984293)
[INFO] 2022-10-03 13:11:17,075 [    train.py:  228]:	('Ner Acc', 0.99801207), ('CLS Classification Acc', 0.9771259)
[INFO] 2022-10-03 13:11:25,118 [    train.py:  237]:	Precision 0.542 Recall 0.523 F1 0.533
[INFO] 2022-10-03 13:12:04,843 [    train.py:  185]:	Epoch 85: 
[INFO] 2022-10-03 13:12:04,844 [    train.py:  186]:	Train:
[INFO] 2022-10-03 13:12:04,849 [    train.py:  198]:	Loss 0.0260, ('Ner Loss', 0.012630934827029705),  ('CLS Classification Loss', 0.0007656968664377928)
[INFO] 2022-10-03 13:12:04,850 [    train.py:  208]:	('Ner Acc', 0.9998108148574829),  ('CLS Classification Acc', 0.9997641444206238)
[INFO] 2022-10-03 13:12:07,030 [    train.py:  220]:	Evaluate:
[INFO] 2022-10-03 13:12:07,031 [    train.py:  227]:	Loss 0.2343, ('Ner Loss', 0.02859391),  ('CLS Classification Loss', 0.17709592)
[INFO] 2022-10-03 13:12:07,031 [    train.py:  228]:	('Ner Acc', 0.9980539), ('CLS Classification Acc', 0.97839004)
[INFO] 2022-10-03 13:12:14,994 [    train.py:  237]:	Precision 0.542 Recall 0.520 F1 0.531
[INFO] 2022-10-03 13:12:54,512 [    train.py:  185]:	Epoch 86: 
[INFO] 2022-10-03 13:12:54,513 [    train.py:  186]:	Train:
[INFO] 2022-10-03 13:12:54,518 [    train.py:  198]:	Loss 0.0254, ('Ner Loss', 0.012439609505236149),  ('CLS Classification Loss', 0.0004933624877594411)
[INFO] 2022-10-03 13:12:54,519 [    train.py:  208]:	('Ner Acc', 0.9998310804367065),  ('CLS Classification Acc', 0.9998388290405273)
[INFO] 2022-10-03 13:12:56,678 [    train.py:  220]:	Evaluate:
[INFO] 2022-10-03 13:12:56,678 [    train.py:  227]:	Loss 0.2445, ('Ner Loss', 0.02969963),  ('CLS Classification Loss', 0.18507601)
[INFO] 2022-10-03 13:12:56,678 [    train.py:  228]:	('Ner Acc', 0.9981123), ('CLS Classification Acc', 0.97880113)
[INFO] 2022-10-03 13:13:04,609 [    train.py:  237]:	Precision 0.583 Recall 0.515 F1 0.547
[INFO] 2022-10-03 13:13:43,983 [    train.py:  185]:	Epoch 87: 
[INFO] 2022-10-03 13:13:43,984 [    train.py:  186]:	Train:
[INFO] 2022-10-03 13:13:43,987 [    train.py:  198]:	Loss 0.0249, ('Ner Loss', 0.012348002754151821),  ('CLS Classification Loss', 0.00020108661556150764)
[INFO] 2022-10-03 13:13:43,987 [    train.py:  208]:	('Ner Acc', 0.9998301863670349),  ('CLS Classification Acc', 0.9999255537986755)
[INFO] 2022-10-03 13:13:46,158 [    train.py:  220]:	Evaluate:
[INFO] 2022-10-03 13:13:46,159 [    train.py:  227]:	Loss 0.2533, ('Ner Loss', 0.030260915),  ('CLS Classification Loss', 0.19276226)
[INFO] 2022-10-03 13:13:46,159 [    train.py:  228]:	('Ner Acc', 0.99807817), ('CLS Classification Acc', 0.97788733)
[INFO] 2022-10-03 13:13:54,260 [    train.py:  237]:	Precision 0.575 Recall 0.514 F1 0.542
[INFO] 2022-10-03 13:14:33,693 [    train.py:  185]:	Epoch 88: 
[INFO] 2022-10-03 13:14:33,694 [    train.py:  186]:	Train:
[INFO] 2022-10-03 13:14:33,698 [    train.py:  198]:	Loss 0.0245, ('Ner Loss', 0.012173572555184364),  ('CLS Classification Loss', 0.00013517955085262656)
[INFO] 2022-10-03 13:14:33,698 [    train.py:  208]:	('Ner Acc', 0.9998642206192017),  ('CLS Classification Acc', 0.9999628067016602)
[INFO] 2022-10-03 13:14:35,871 [    train.py:  220]:	Evaluate:
[INFO] 2022-10-03 13:14:35,871 [    train.py:  227]:	Loss 0.2635, ('Ner Loss', 0.03133738),  ('CLS Classification Loss', 0.20079662)
[INFO] 2022-10-03 13:14:35,871 [    train.py:  228]:	('Ner Acc', 0.9980577), ('CLS Classification Acc', 0.9780701)
[INFO] 2022-10-03 13:14:43,842 [    train.py:  237]:	Precision 0.575 Recall 0.502 F1 0.536
[INFO] 2022-10-03 13:15:23,269 [    train.py:  185]:	Epoch 89: 
[INFO] 2022-10-03 13:15:23,270 [    train.py:  186]:	Train:
[INFO] 2022-10-03 13:15:23,275 [    train.py:  198]:	Loss 0.0242, ('Ner Loss', 0.012076964601874352),  ('CLS Classification Loss', 9.041306475410238e-05)
[INFO] 2022-10-03 13:15:23,276 [    train.py:  208]:	('Ner Acc', 0.9998576641082764),  ('CLS Classification Acc', 0.9999627470970154)
[INFO] 2022-10-03 13:15:25,437 [    train.py:  220]:	Evaluate:
[INFO] 2022-10-03 13:15:25,437 [    train.py:  227]:	Loss 0.2639, ('Ner Loss', 0.03082571),  ('CLS Classification Loss', 0.20221691)
[INFO] 2022-10-03 13:15:25,437 [    train.py:  228]:	('Ner Acc', 0.9980526), ('CLS Classification Acc', 0.97768945)
[INFO] 2022-10-03 13:15:33,783 [    train.py:  237]:	Precision 0.584 Recall 0.502 F1 0.540
[INFO] 2022-10-03 13:16:13,419 [    train.py:  185]:	Epoch 90: 
[INFO] 2022-10-03 13:16:13,420 [    train.py:  186]:	Train:
[INFO] 2022-10-03 13:16:13,425 [    train.py:  198]:	Loss 0.0242, ('Ner Loss', 0.011888609267771244),  ('CLS Classification Loss', 0.00038713563117198646)
[INFO] 2022-10-03 13:16:13,426 [    train.py:  208]:	('Ner Acc', 0.9998515248298645),  ('CLS Classification Acc', 0.9999255537986755)
[INFO] 2022-10-03 13:16:15,597 [    train.py:  220]:	Evaluate:
[INFO] 2022-10-03 13:16:15,598 [    train.py:  227]:	Loss 0.2732, ('Ner Loss', 0.031697527),  ('CLS Classification Loss', 0.20976873)
[INFO] 2022-10-03 13:16:15,598 [    train.py:  228]:	('Ner Acc', 0.99790716), ('CLS Classification Acc', 0.97669953)
[INFO] 2022-10-03 13:16:23,624 [    train.py:  237]:	Precision 0.555 Recall 0.501 F1 0.526
[INFO] 2022-10-03 13:17:03,194 [    train.py:  185]:	Epoch 91: 
[INFO] 2022-10-03 13:17:03,195 [    train.py:  186]:	Train:
[INFO] 2022-10-03 13:17:03,199 [    train.py:  198]:	Loss 0.0242, ('Ner Loss', 0.011838357895612717),  ('CLS Classification Loss', 0.00047739531146362424)
[INFO] 2022-10-03 13:17:03,199 [    train.py:  208]:	('Ner Acc', 0.9998438358306885),  ('CLS Classification Acc', 0.9998511075973511)
[INFO] 2022-10-03 13:17:05,372 [    train.py:  220]:	Evaluate:
[INFO] 2022-10-03 13:17:05,372 [    train.py:  227]:	Loss 0.2453, ('Ner Loss', 0.029649116),  ('CLS Classification Loss', 0.18600087)
[INFO] 2022-10-03 13:17:05,373 [    train.py:  228]:	('Ner Acc', 0.9980092), ('CLS Classification Acc', 0.9781921)
[INFO] 2022-10-03 13:17:13,355 [    train.py:  237]:	Precision 0.553 Recall 0.548 F1 0.550
[INFO] 2022-10-03 13:17:53,058 [    train.py:  185]:	Epoch 92: 
[INFO] 2022-10-03 13:17:53,059 [    train.py:  186]:	Train:
[INFO] 2022-10-03 13:17:53,064 [    train.py:  198]:	Loss 0.0240, ('Ner Loss', 0.01165153831243515),  ('CLS Classification Loss', 0.0007277358672581613)
[INFO] 2022-10-03 13:17:53,064 [    train.py:  208]:	('Ner Acc', 0.9998539686203003),  ('CLS Classification Acc', 0.9997642636299133)
[INFO] 2022-10-03 13:17:55,252 [    train.py:  220]:	Evaluate:
[INFO] 2022-10-03 13:17:55,253 [    train.py:  227]:	Loss 0.2966, ('Ner Loss', 0.032030027),  ('CLS Classification Loss', 0.23250884)
[INFO] 2022-10-03 13:17:55,253 [    train.py:  228]:	('Ner Acc', 0.997899), ('CLS Classification Acc', 0.9746283)
[INFO] 2022-10-03 13:18:03,379 [    train.py:  237]:	Precision 0.550 Recall 0.491 F1 0.519
[INFO] 2022-10-03 13:18:43,407 [    train.py:  185]:	Epoch 93: 
[INFO] 2022-10-03 13:18:43,407 [    train.py:  186]:	Train:
[INFO] 2022-10-03 13:18:43,411 [    train.py:  198]:	Loss 0.0274, ('Ner Loss', 0.011921555735170841),  ('CLS Classification Loss', 0.003543407889083028)
[INFO] 2022-10-03 13:18:43,411 [    train.py:  208]:	('Ner Acc', 0.9997629523277283),  ('CLS Classification Acc', 0.9990946054458618)
[INFO] 2022-10-03 13:18:45,592 [    train.py:  220]:	Evaluate:
[INFO] 2022-10-03 13:18:45,593 [    train.py:  227]:	Loss 0.2440, ('Ner Loss', 0.028532019),  ('CLS Classification Loss', 0.18689314)
[INFO] 2022-10-03 13:18:45,593 [    train.py:  228]:	('Ner Acc', 0.997868), ('CLS Classification Acc', 0.97724783)
[INFO] 2022-10-03 13:18:53,861 [    train.py:  237]:	Precision 0.534 Recall 0.530 F1 0.532
[INFO] 2022-10-03 13:19:33,544 [    train.py:  185]:	Epoch 94: 
[INFO] 2022-10-03 13:19:33,545 [    train.py:  186]:	Train:
[INFO] 2022-10-03 13:19:33,548 [    train.py:  198]:	Loss 0.0244, ('Ner Loss', 0.011673974804580212),  ('CLS Classification Loss', 0.0010446577798575163)
[INFO] 2022-10-03 13:19:33,548 [    train.py:  208]:	('Ner Acc', 0.9998184442520142),  ('CLS Classification Acc', 0.9997518062591553)
[INFO] 2022-10-03 13:19:35,741 [    train.py:  220]:	Evaluate:
[INFO] 2022-10-03 13:19:35,741 [    train.py:  227]:	Loss 0.2301, ('Ner Loss', 0.02633149),  ('CLS Classification Loss', 0.1774637)
[INFO] 2022-10-03 13:19:35,741 [    train.py:  228]:	('Ner Acc', 0.9980334), ('CLS Classification Acc', 0.97816145)
[INFO] 2022-10-03 13:19:43,831 [    train.py:  237]:	Precision 0.565 Recall 0.517 F1 0.540
[INFO] 2022-10-03 13:20:23,378 [    train.py:  185]:	Epoch 95: 
[INFO] 2022-10-03 13:20:23,378 [    train.py:  186]:	Train:
[INFO] 2022-10-03 13:20:23,383 [    train.py:  198]:	Loss 0.0231, ('Ner Loss', 0.011473052203655243),  ('CLS Classification Loss', 0.0002014494384638965)
[INFO] 2022-10-03 13:20:23,383 [    train.py:  208]:	('Ner Acc', 0.9998399019241333),  ('CLS Classification Acc', 0.9999380111694336)
[INFO] 2022-10-03 13:20:25,567 [    train.py:  220]:	Evaluate:
[INFO] 2022-10-03 13:20:25,567 [    train.py:  227]:	Loss 0.2452, ('Ner Loss', 0.027525444),  ('CLS Classification Loss', 0.19017835)
[INFO] 2022-10-03 13:20:25,568 [    train.py:  228]:	('Ner Acc', 0.9980586), ('CLS Classification Acc', 0.9793038)
[INFO] 2022-10-03 13:20:33,546 [    train.py:  237]:	Precision 0.566 Recall 0.538 F1 0.552
[INFO] 2022-10-03 13:21:13,033 [    train.py:  185]:	Epoch 96: 
[INFO] 2022-10-03 13:21:13,034 [    train.py:  186]:	Train:
[INFO] 2022-10-03 13:21:13,038 [    train.py:  198]:	Loss 0.0228, ('Ner Loss', 0.01134412083774805),  ('CLS Classification Loss', 0.00014724014909006655)
[INFO] 2022-10-03 13:21:13,038 [    train.py:  208]:	('Ner Acc', 0.9998526573181152),  ('CLS Classification Acc', 0.9999504089355469)
[INFO] 2022-10-03 13:21:15,229 [    train.py:  220]:	Evaluate:
[INFO] 2022-10-03 13:21:15,230 [    train.py:  227]:	Loss 0.2459, ('Ner Loss', 0.028506838),  ('CLS Classification Loss', 0.1888978)
[INFO] 2022-10-03 13:21:15,230 [    train.py:  228]:	('Ner Acc', 0.9981145), ('CLS Classification Acc', 0.9791666)
[INFO] 2022-10-03 13:21:23,241 [    train.py:  237]:	Precision 0.571 Recall 0.547 F1 0.559
[INFO] 2022-10-03 13:22:02,899 [    train.py:  185]:	Epoch 97: 
[INFO] 2022-10-03 13:22:02,900 [    train.py:  186]:	Train:
[INFO] 2022-10-03 13:22:02,902 [    train.py:  198]:	Loss 0.0224, ('Ner Loss', 0.011143537238240242),  ('CLS Classification Loss', 6.899182335473597e-05)
[INFO] 2022-10-03 13:22:02,902 [    train.py:  208]:	('Ner Acc', 0.9998551607131958),  ('CLS Classification Acc', 0.9999751448631287)
[INFO] 2022-10-03 13:22:05,084 [    train.py:  220]:	Evaluate:
[INFO] 2022-10-03 13:22:05,085 [    train.py:  227]:	Loss 0.2510, ('Ner Loss', 0.02918662),  ('CLS Classification Loss', 0.19265509)
[INFO] 2022-10-03 13:22:05,085 [    train.py:  228]:	('Ner Acc', 0.99814314), ('CLS Classification Acc', 0.9792886)
[INFO] 2022-10-03 13:22:13,186 [    train.py:  237]:	Precision 0.592 Recall 0.522 F1 0.555
[INFO] 2022-10-03 13:22:52,612 [    train.py:  185]:	Epoch 98: 
[INFO] 2022-10-03 13:22:52,613 [    train.py:  186]:	Train:
[INFO] 2022-10-03 13:22:52,620 [    train.py:  198]:	Loss 0.0223, ('Ner Loss', 0.011111968196928501),  ('CLS Classification Loss', 8.517120295437053e-05)
[INFO] 2022-10-03 13:22:52,620 [    train.py:  208]:	('Ner Acc', 0.9998559951782227),  ('CLS Classification Acc', 0.9999504089355469)
[INFO] 2022-10-03 13:22:54,756 [    train.py:  220]:	Evaluate:
[INFO] 2022-10-03 13:22:54,757 [    train.py:  227]:	Loss 0.2601, ('Ner Loss', 0.02992702),  ('CLS Classification Loss', 0.20024414)
[INFO] 2022-10-03 13:22:54,757 [    train.py:  228]:	('Ner Acc', 0.9981261), ('CLS Classification Acc', 0.9791515)
[INFO] 2022-10-03 13:23:02,705 [    train.py:  237]:	Precision 0.584 Recall 0.527 F1 0.554
[INFO] 2022-10-03 13:23:42,353 [    train.py:  185]:	Epoch 99: 
[INFO] 2022-10-03 13:23:42,353 [    train.py:  186]:	Train:
[INFO] 2022-10-03 13:23:42,359 [    train.py:  198]:	Loss 0.0219, ('Ner Loss', 0.010919271036982536),  ('CLS Classification Loss', 9.564981883158907e-05)
[INFO] 2022-10-03 13:23:42,359 [    train.py:  208]:	('Ner Acc', 0.9998615980148315),  ('CLS Classification Acc', 0.999937891960144)
[INFO] 2022-10-03 13:23:44,544 [    train.py:  220]:	Evaluate:
[INFO] 2022-10-03 13:23:44,545 [    train.py:  227]:	Loss 0.2483, ('Ner Loss', 0.029348103),  ('CLS Classification Loss', 0.18960917)
[INFO] 2022-10-03 13:23:44,545 [    train.py:  228]:	('Ner Acc', 0.9980806), ('CLS Classification Acc', 0.9788468)
[INFO] 2022-10-03 13:23:52,514 [    train.py:  237]:	Precision 0.571 Recall 0.544 F1 0.558
[INFO] 2022-10-03 13:24:31,753 [    train.py:  185]:	Epoch 100: 
[INFO] 2022-10-03 13:24:31,754 [    train.py:  186]:	Train:
[INFO] 2022-10-03 13:24:31,758 [    train.py:  198]:	Loss 0.0219, ('Ner Loss', 0.010889630764722824),  ('CLS Classification Loss', 0.00014797244512010366)
[INFO] 2022-10-03 13:24:31,758 [    train.py:  208]:	('Ner Acc', 0.9998486042022705),  ('CLS Classification Acc', 0.9999627470970154)
[INFO] 2022-10-03 13:24:33,926 [    train.py:  220]:	Evaluate:
[INFO] 2022-10-03 13:24:33,927 [    train.py:  227]:	Loss 0.2588, ('Ner Loss', 0.030218435),  ('CLS Classification Loss', 0.1984099)
[INFO] 2022-10-03 13:24:33,927 [    train.py:  228]:	('Ner Acc', 0.99809855), ('CLS Classification Acc', 0.9791362)
[INFO] 2022-10-03 13:24:41,977 [    train.py:  237]:	Precision 0.570 Recall 0.525 F1 0.547
[INFO] 2022-10-03 13:24:41,977 [    train.py:  257]:	Best Epoch 96; Best f1 0.558645707376058 precision 0.5710754017305315 recall 0.5467455621301776;
