[INFO] 2022-09-10 06:34:08,075 [    train.py:  505]:	Namespace(block_att_head_num=1, cased=True, d_block=256, data_aug=None, dataset='res15', do_test=True, do_train=True, do_valid=True, drop_null_data=True, dropout_rate=0.1, epochs=50, extra_attention=True, fuse_strategy='update', init_model_dir='', language='en', loss_ratio=2.0, lr=2e-05, mask_sb=True, model_type='end_to_end', output_dir='./output', save_dir='', task_name='ttee_res15_50epoch_256d_2e-5lr_cased_0.1dropout_dropnull_2loss', test_batch_size=32, train_batch_size=16, valid_freq=1)
[INFO] 2022-09-10 06:34:19,704 [    train.py:  118]:	{'init_bert_model': 'bert-base-cased', 'sentence_b': DictWrapper({'texts': ListWrapper(['general of ambience', 'price of drinks', 'quality of drinks', 'style options of drinks', 'prices of food', 'quality of food', 'style options of food', 'general of location', 'general of restaurant', 'miscellaneous of restaurant', 'prices of restaurant', 'general of service']), 'sentiments': ListWrapper(['negative', 'neutral', 'positive'])}), 'num_sentiment_classes': 3, 'subblock_hidden_size': 256, 'subblock_head_num': 1, 'cache_dir': 'bert_models/bert-base-cased', 'fuse_strategy': 'update', 'extra_attention': True, 'dropout': 0.1, 'loss_ratio': 2.0}
[INFO] 2022-09-10 06:34:19,704 [    train.py:  120]:	Number of Train Sentence: 1120
[INFO] 2022-09-10 06:35:08,779 [    train.py:  184]:	Epoch 1: 
[INFO] 2022-09-10 06:35:08,779 [    train.py:  185]:	Train:
[INFO] 2022-09-10 06:35:08,784 [    train.py:  197]:	Loss 0.4524, ('Ner Loss', 0.11990191787481308),  ('CLS Classification Loss', 0.21259109675884247)
[INFO] 2022-09-10 06:35:08,784 [    train.py:  207]:	('Ner Acc', 0.9668956398963928),  ('CLS Classification Acc', 0.9345734715461731)
[INFO] 2022-09-10 06:35:14,183 [    train.py:  219]:	Evaluate:
[INFO] 2022-09-10 06:35:14,184 [    train.py:  226]:	Loss 0.2236, ('Ner Loss', 0.02906991),  ('CLS Classification Loss', 0.16541398)
[INFO] 2022-09-10 06:35:14,184 [    train.py:  227]:	('Ner Acc', 0.99689984), ('CLS Classification Acc', 0.962567)
[INFO] 2022-09-10 06:35:31,197 [    train.py:  236]:	Precision 0.000 Recall 0.000 F1 0.000
[INFO] 2022-09-10 06:35:47,157 [    train.py:  184]:	Epoch 2: 
[INFO] 2022-09-10 06:35:47,157 [    train.py:  185]:	Train:
[INFO] 2022-09-10 06:35:47,161 [    train.py:  197]:	Loss 0.2222, ('Ner Loss', 0.030112994834780693),  ('CLS Classification Loss', 0.1619652956724167)
[INFO] 2022-09-10 06:35:47,161 [    train.py:  207]:	('Ner Acc', 0.9963461756706238),  ('CLS Classification Acc', 0.9626984596252441)
[INFO] 2022-09-10 06:35:49,472 [    train.py:  219]:	Evaluate:
[INFO] 2022-09-10 06:35:49,473 [    train.py:  226]:	Loss 0.2100, ('Ner Loss', 0.023599809),  ('CLS Classification Loss', 0.16275305)
[INFO] 2022-09-10 06:35:49,473 [    train.py:  227]:	('Ner Acc', 0.99689984), ('CLS Classification Acc', 0.962567)
[INFO] 2022-09-10 06:36:04,145 [    train.py:  236]:	Precision 0.000 Recall 0.000 F1 0.000
[INFO] 2022-09-10 06:36:19,574 [    train.py:  184]:	Epoch 3: 
[INFO] 2022-09-10 06:36:19,575 [    train.py:  185]:	Train:
[INFO] 2022-09-10 06:36:19,579 [    train.py:  197]:	Loss 0.2096, ('Ner Loss', 0.02843325585126877),  ('CLS Classification Loss', 0.1527317613363266)
[INFO] 2022-09-10 06:36:19,579 [    train.py:  207]:	('Ner Acc', 0.9961459636688232),  ('CLS Classification Acc', 0.9627977609634399)
[INFO] 2022-09-10 06:36:21,861 [    train.py:  219]:	Evaluate:
[INFO] 2022-09-10 06:36:21,862 [    train.py:  226]:	Loss 0.2017, ('Ner Loss', 0.021964723),  ('CLS Classification Loss', 0.15779237)
[INFO] 2022-09-10 06:36:21,862 [    train.py:  227]:	('Ner Acc', 0.99689984), ('CLS Classification Acc', 0.962567)
[INFO] 2022-09-10 06:36:35,689 [    train.py:  236]:	Precision 0.000 Recall 0.000 F1 0.000
[INFO] 2022-09-10 06:36:51,371 [    train.py:  184]:	Epoch 4: 
[INFO] 2022-09-10 06:36:51,372 [    train.py:  185]:	Train:
[INFO] 2022-09-10 06:36:51,376 [    train.py:  197]:	Loss 0.2068, ('Ner Loss', 0.025879571214318275),  ('CLS Classification Loss', 0.15507912635803223)
[INFO] 2022-09-10 06:36:51,376 [    train.py:  207]:	('Ner Acc', 0.9963430166244507),  ('CLS Classification Acc', 0.9626985788345337)
[INFO] 2022-09-10 06:36:53,660 [    train.py:  219]:	Evaluate:
[INFO] 2022-09-10 06:36:53,661 [    train.py:  226]:	Loss 0.1906, ('Ner Loss', 0.02111184),  ('CLS Classification Loss', 0.14835417)
[INFO] 2022-09-10 06:36:53,661 [    train.py:  227]:	('Ner Acc', 0.99689984), ('CLS Classification Acc', 0.962567)
[INFO] 2022-09-10 06:37:08,087 [    train.py:  236]:	Precision 0.000 Recall 0.000 F1 0.000
[INFO] 2022-09-10 06:37:23,564 [    train.py:  184]:	Epoch 5: 
[INFO] 2022-09-10 06:37:23,565 [    train.py:  185]:	Train:
[INFO] 2022-09-10 06:37:23,569 [    train.py:  197]:	Loss 0.1851, ('Ner Loss', 0.02501523122191429),  ('CLS Classification Loss', 0.1351163238286972)
[INFO] 2022-09-10 06:37:23,569 [    train.py:  207]:	('Ner Acc', 0.9963385462760925),  ('CLS Classification Acc', 0.9626984596252441)
[INFO] 2022-09-10 06:37:25,866 [    train.py:  219]:	Evaluate:
[INFO] 2022-09-10 06:37:25,866 [    train.py:  226]:	Loss 0.1760, ('Ner Loss', 0.020429937),  ('CLS Classification Loss', 0.13513662)
[INFO] 2022-09-10 06:37:25,866 [    train.py:  227]:	('Ner Acc', 0.99689984), ('CLS Classification Acc', 0.962567)
[INFO] 2022-09-10 06:37:40,299 [    train.py:  236]:	Precision 0.000 Recall 0.000 F1 0.000
[INFO] 2022-09-10 06:37:55,970 [    train.py:  184]:	Epoch 6: 
[INFO] 2022-09-10 06:37:55,971 [    train.py:  185]:	Train:
[INFO] 2022-09-10 06:37:55,974 [    train.py:  197]:	Loss 0.1780, ('Ner Loss', 0.024056067690253258),  ('CLS Classification Loss', 0.12987439334392548)
[INFO] 2022-09-10 06:37:55,974 [    train.py:  207]:	('Ner Acc', 0.9963459372520447),  ('CLS Classification Acc', 0.9624999165534973)
[INFO] 2022-09-10 06:37:58,262 [    train.py:  219]:	Evaluate:
[INFO] 2022-09-10 06:37:58,263 [    train.py:  226]:	Loss 0.1736, ('Ner Loss', 0.01980334),  ('CLS Classification Loss', 0.13404033)
[INFO] 2022-09-10 06:37:58,263 [    train.py:  227]:	('Ner Acc', 0.99689984), ('CLS Classification Acc', 0.962567)
[INFO] 2022-09-10 06:38:12,562 [    train.py:  236]:	Precision 0.000 Recall 0.000 F1 0.000
[INFO] 2022-09-10 06:38:28,180 [    train.py:  184]:	Epoch 7: 
[INFO] 2022-09-10 06:38:28,181 [    train.py:  185]:	Train:
[INFO] 2022-09-10 06:38:28,184 [    train.py:  197]:	Loss 0.1741, ('Ner Loss', 0.023479463532567024),  ('CLS Classification Loss', 0.12709341943264008)
[INFO] 2022-09-10 06:38:28,184 [    train.py:  207]:	('Ner Acc', 0.996338963508606),  ('CLS Classification Acc', 0.962723433971405)
[INFO] 2022-09-10 06:38:30,466 [    train.py:  219]:	Evaluate:
[INFO] 2022-09-10 06:38:30,467 [    train.py:  226]:	Loss 0.1826, ('Ner Loss', 0.019226314),  ('CLS Classification Loss', 0.14418799)
[INFO] 2022-09-10 06:38:30,467 [    train.py:  227]:	('Ner Acc', 0.99689984), ('CLS Classification Acc', 0.962567)
[INFO] 2022-09-10 06:38:44,894 [    train.py:  236]:	Precision 0.000 Recall 0.000 F1 0.000
[INFO] 2022-09-10 06:39:00,340 [    train.py:  184]:	Epoch 8: 
[INFO] 2022-09-10 06:39:00,341 [    train.py:  185]:	Train:
[INFO] 2022-09-10 06:39:00,344 [    train.py:  197]:	Loss 0.1704, ('Ner Loss', 0.022791879251599312),  ('CLS Classification Loss', 0.124781034886837)
[INFO] 2022-09-10 06:39:00,344 [    train.py:  207]:	('Ner Acc', 0.9963419437408447),  ('CLS Classification Acc', 0.9627976417541504)
[INFO] 2022-09-10 06:39:02,655 [    train.py:  219]:	Evaluate:
[INFO] 2022-09-10 06:39:02,656 [    train.py:  226]:	Loss 0.1725, ('Ner Loss', 0.018720621),  ('CLS Classification Loss', 0.1350187)
[INFO] 2022-09-10 06:39:02,656 [    train.py:  227]:	('Ner Acc', 0.99689984), ('CLS Classification Acc', 0.96261275)
[INFO] 2022-09-10 06:39:16,234 [    train.py:  236]:	Precision 0.000 Recall 0.000 F1 0.000
[INFO] 2022-09-10 06:39:31,458 [    train.py:  184]:	Epoch 9: 
[INFO] 2022-09-10 06:39:31,459 [    train.py:  185]:	Train:
[INFO] 2022-09-10 06:39:31,466 [    train.py:  197]:	Loss 0.1654, ('Ner Loss', 0.021693257614970207),  ('CLS Classification Loss', 0.1220240443944931)
[INFO] 2022-09-10 06:39:31,467 [    train.py:  207]:	('Ner Acc', 0.9963422417640686),  ('CLS Classification Acc', 0.9633188247680664)
[INFO] 2022-09-10 06:39:33,794 [    train.py:  219]:	Evaluate:
[INFO] 2022-09-10 06:39:33,794 [    train.py:  226]:	Loss 0.1691, ('Ner Loss', 0.018028304),  ('CLS Classification Loss', 0.1330592)
[INFO] 2022-09-10 06:39:33,794 [    train.py:  227]:	('Ner Acc', 0.9968837), ('CLS Classification Acc', 0.9626584)
[INFO] 2022-09-10 06:39:47,392 [    train.py:  236]:	Precision 0.000 Recall 0.000 F1 0.000
[INFO] 2022-09-10 06:40:02,600 [    train.py:  184]:	Epoch 10: 
[INFO] 2022-09-10 06:40:02,600 [    train.py:  185]:	Train:
[INFO] 2022-09-10 06:40:02,604 [    train.py:  197]:	Loss 0.1623, ('Ner Loss', 0.0210177693516016),  ('CLS Classification Loss', 0.12025382369756699)
[INFO] 2022-09-10 06:40:02,604 [    train.py:  207]:	('Ner Acc', 0.9963201284408569),  ('CLS Classification Acc', 0.9632444381713867)
[INFO] 2022-09-10 06:40:04,885 [    train.py:  219]:	Evaluate:
[INFO] 2022-09-10 06:40:04,886 [    train.py:  226]:	Loss 0.1668, ('Ner Loss', 0.017138856),  ('CLS Classification Loss', 0.1325253)
[INFO] 2022-09-10 06:40:04,886 [    train.py:  227]:	('Ner Acc', 0.996874), ('CLS Classification Acc', 0.9629782)
[INFO] 2022-09-10 06:40:18,265 [    train.py:  236]:	Precision 0.000 Recall 0.000 F1 0.000
[INFO] 2022-09-10 06:40:33,425 [    train.py:  184]:	Epoch 11: 
[INFO] 2022-09-10 06:40:33,426 [    train.py:  185]:	Train:
[INFO] 2022-09-10 06:40:33,430 [    train.py:  197]:	Loss 0.1583, ('Ner Loss', 0.019422978162765503),  ('CLS Classification Loss', 0.11950093507766724)
[INFO] 2022-09-10 06:40:33,430 [    train.py:  207]:	('Ner Acc', 0.9963275194168091),  ('CLS Classification Acc', 0.9635666012763977)
[INFO] 2022-09-10 06:40:35,733 [    train.py:  219]:	Evaluate:
[INFO] 2022-09-10 06:40:35,734 [    train.py:  226]:	Loss 0.1624, ('Ner Loss', 0.015950391),  ('CLS Classification Loss', 0.13050601)
[INFO] 2022-09-10 06:40:35,734 [    train.py:  227]:	('Ner Acc', 0.996847), ('CLS Classification Acc', 0.9634807)
[INFO] 2022-09-10 06:40:49,014 [    train.py:  236]:	Precision 0.034 Recall 0.001 F1 0.002
[INFO] 2022-09-10 06:41:04,325 [    train.py:  184]:	Epoch 12: 
[INFO] 2022-09-10 06:41:04,326 [    train.py:  185]:	Train:
[INFO] 2022-09-10 06:41:04,329 [    train.py:  197]:	Loss 0.1523, ('Ner Loss', 0.017745640128850937),  ('CLS Classification Loss', 0.11685654520988464)
[INFO] 2022-09-10 06:41:04,330 [    train.py:  207]:	('Ner Acc', 0.996290922164917),  ('CLS Classification Acc', 0.9635666012763977)
[INFO] 2022-09-10 06:41:06,634 [    train.py:  219]:	Evaluate:
[INFO] 2022-09-10 06:41:06,635 [    train.py:  226]:	Loss 0.1596, ('Ner Loss', 0.015463999),  ('CLS Classification Loss', 0.12865238)
[INFO] 2022-09-10 06:41:06,635 [    train.py:  227]:	('Ner Acc', 0.99689984), ('CLS Classification Acc', 0.96393764)
[INFO] 2022-09-10 06:41:20,176 [    train.py:  236]:	Precision 0.053 Recall 0.002 F1 0.005
[INFO] 2022-09-10 06:41:35,943 [    train.py:  184]:	Epoch 13: 
[INFO] 2022-09-10 06:41:35,944 [    train.py:  185]:	Train:
[INFO] 2022-09-10 06:41:35,948 [    train.py:  197]:	Loss 0.1489, ('Ner Loss', 0.016795162111520767),  ('CLS Classification Loss', 0.11526598036289215)
[INFO] 2022-09-10 06:41:35,948 [    train.py:  207]:	('Ner Acc', 0.9962781667709351),  ('CLS Classification Acc', 0.9641121029853821)
[INFO] 2022-09-10 06:41:38,253 [    train.py:  219]:	Evaluate:
[INFO] 2022-09-10 06:41:38,254 [    train.py:  226]:	Loss 0.1563, ('Ner Loss', 0.014942284),  ('CLS Classification Loss', 0.1264257)
[INFO] 2022-09-10 06:41:38,254 [    train.py:  227]:	('Ner Acc', 0.99689776), ('CLS Classification Acc', 0.96380055)
[INFO] 2022-09-10 06:41:52,211 [    train.py:  236]:	Precision 0.029 Recall 0.001 F1 0.002
[INFO] 2022-09-10 06:42:07,608 [    train.py:  184]:	Epoch 14: 
[INFO] 2022-09-10 06:42:07,609 [    train.py:  185]:	Train:
[INFO] 2022-09-10 06:42:07,612 [    train.py:  197]:	Loss 0.1449, ('Ner Loss', 0.01613416150212288),  ('CLS Classification Loss', 0.1126076728105545)
[INFO] 2022-09-10 06:42:07,612 [    train.py:  207]:	('Ner Acc', 0.9962840676307678),  ('CLS Classification Acc', 0.964633047580719)
[INFO] 2022-09-10 06:42:09,928 [    train.py:  219]:	Evaluate:
[INFO] 2022-09-10 06:42:09,929 [    train.py:  226]:	Loss 0.1615, ('Ner Loss', 0.014960837),  ('CLS Classification Loss', 0.13154605)
[INFO] 2022-09-10 06:42:09,929 [    train.py:  227]:	('Ner Acc', 0.99689984), ('CLS Classification Acc', 0.9646229)
[INFO] 2022-09-10 06:42:23,443 [    train.py:  236]:	Precision 0.039 Recall 0.002 F1 0.004
[INFO] 2022-09-10 06:42:38,781 [    train.py:  184]:	Epoch 15: 
[INFO] 2022-09-10 06:42:38,782 [    train.py:  185]:	Train:
[INFO] 2022-09-10 06:42:38,789 [    train.py:  197]:	Loss 0.1401, ('Ner Loss', 0.015452506020665169),  ('CLS Classification Loss', 0.10920536518096924)
[INFO] 2022-09-10 06:42:38,789 [    train.py:  207]:	('Ner Acc', 0.9962747693061829),  ('CLS Classification Acc', 0.9654514789581299)
[INFO] 2022-09-10 06:42:41,080 [    train.py:  219]:	Evaluate:
[INFO] 2022-09-10 06:42:41,080 [    train.py:  226]:	Loss 0.1549, ('Ner Loss', 0.014669668),  ('CLS Classification Loss', 0.12554452)
[INFO] 2022-09-10 06:42:41,081 [    train.py:  227]:	('Ner Acc', 0.99693537), ('CLS Classification Acc', 0.96539956)
[INFO] 2022-09-10 06:42:54,668 [    train.py:  236]:	Precision 0.107 Recall 0.019 F1 0.032
[INFO] 2022-09-10 06:43:09,854 [    train.py:  184]:	Epoch 16: 
[INFO] 2022-09-10 06:43:09,855 [    train.py:  185]:	Train:
[INFO] 2022-09-10 06:43:09,859 [    train.py:  197]:	Loss 0.1366, ('Ner Loss', 0.01490836963057518),  ('CLS Classification Loss', 0.10676798969507217)
[INFO] 2022-09-10 06:43:09,859 [    train.py:  207]:	('Ner Acc', 0.9962549209594727),  ('CLS Classification Acc', 0.9661954641342163)
[INFO] 2022-09-10 06:43:12,163 [    train.py:  219]:	Evaluate:
[INFO] 2022-09-10 06:43:12,164 [    train.py:  226]:	Loss 0.1658, ('Ner Loss', 0.01481142),  ('CLS Classification Loss', 0.13615261)
[INFO] 2022-09-10 06:43:12,164 [    train.py:  227]:	('Ner Acc', 0.99697447), ('CLS Classification Acc', 0.9654453)
[INFO] 2022-09-10 06:43:25,691 [    train.py:  236]:	Precision 0.082 Recall 0.019 F1 0.031
[INFO] 2022-09-10 06:43:41,264 [    train.py:  184]:	Epoch 17: 
[INFO] 2022-09-10 06:43:41,264 [    train.py:  185]:	Train:
[INFO] 2022-09-10 06:43:41,268 [    train.py:  197]:	Loss 0.1329, ('Ner Loss', 0.014489449560642242),  ('CLS Classification Loss', 0.1039009839296341)
[INFO] 2022-09-10 06:43:41,268 [    train.py:  207]:	('Ner Acc', 0.9962363243103027),  ('CLS Classification Acc', 0.9667162299156189)
[INFO] 2022-09-10 06:43:43,616 [    train.py:  219]:	Evaluate:
[INFO] 2022-09-10 06:43:43,616 [    train.py:  226]:	Loss 0.1547, ('Ner Loss', 0.014423829),  ('CLS Classification Loss', 0.12588003)
[INFO] 2022-09-10 06:43:43,616 [    train.py:  227]:	('Ner Acc', 0.99697846), ('CLS Classification Acc', 0.9657194)
[INFO] 2022-09-10 06:43:57,547 [    train.py:  236]:	Precision 0.113 Recall 0.030 F1 0.047
[INFO] 2022-09-10 06:44:12,751 [    train.py:  184]:	Epoch 18: 
[INFO] 2022-09-10 06:44:12,751 [    train.py:  185]:	Train:
[INFO] 2022-09-10 06:44:12,755 [    train.py:  197]:	Loss 0.1280, ('Ner Loss', 0.014018871821463108),  ('CLS Classification Loss', 0.09997984021902084)
[INFO] 2022-09-10 06:44:12,755 [    train.py:  207]:	('Ner Acc', 0.9963059425354004),  ('CLS Classification Acc', 0.9677330851554871)
[INFO] 2022-09-10 06:44:15,014 [    train.py:  219]:	Evaluate:
[INFO] 2022-09-10 06:44:15,014 [    train.py:  226]:	Loss 0.1648, ('Ner Loss', 0.01406343),  ('CLS Classification Loss', 0.13671981)
[INFO] 2022-09-10 06:44:15,014 [    train.py:  227]:	('Ner Acc', 0.9969968), ('CLS Classification Acc', 0.96645045)
[INFO] 2022-09-10 06:44:29,177 [    train.py:  236]:	Precision 0.110 Recall 0.021 F1 0.036
[INFO] 2022-09-10 06:44:44,274 [    train.py:  184]:	Epoch 19: 
[INFO] 2022-09-10 06:44:44,274 [    train.py:  185]:	Train:
[INFO] 2022-09-10 06:44:44,277 [    train.py:  197]:	Loss 0.1222, ('Ner Loss', 0.013286519795656204),  ('CLS Classification Loss', 0.09562825411558151)
[INFO] 2022-09-10 06:44:44,277 [    train.py:  207]:	('Ner Acc', 0.9964017868041992),  ('CLS Classification Acc', 0.9686508178710938)
[INFO] 2022-09-10 06:44:46,559 [    train.py:  219]:	Evaluate:
[INFO] 2022-09-10 06:44:46,560 [    train.py:  226]:	Loss 0.1510, ('Ner Loss', 0.014006552),  ('CLS Classification Loss', 0.12302362)
[INFO] 2022-09-10 06:44:46,560 [    train.py:  227]:	('Ner Acc', 0.9970467), ('CLS Classification Acc', 0.96663314)
[INFO] 2022-09-10 06:45:00,276 [    train.py:  236]:	Precision 0.104 Recall 0.030 F1 0.046
[INFO] 2022-09-10 06:45:15,229 [    train.py:  184]:	Epoch 20: 
[INFO] 2022-09-10 06:45:15,229 [    train.py:  185]:	Train:
[INFO] 2022-09-10 06:45:15,233 [    train.py:  197]:	Loss 0.1129, ('Ner Loss', 0.012415092438459396),  ('CLS Classification Loss', 0.08804365247488022)
[INFO] 2022-09-10 06:45:15,233 [    train.py:  207]:	('Ner Acc', 0.9965917468070984),  ('CLS Classification Acc', 0.9709821343421936)
[INFO] 2022-09-10 06:45:17,530 [    train.py:  219]:	Evaluate:
[INFO] 2022-09-10 06:45:17,531 [    train.py:  226]:	Loss 0.1534, ('Ner Loss', 0.014089542),  ('CLS Classification Loss', 0.12522928)
[INFO] 2022-09-10 06:45:17,531 [    train.py:  227]:	('Ner Acc', 0.9971184), ('CLS Classification Acc', 0.96704435)
[INFO] 2022-09-10 06:45:31,416 [    train.py:  236]:	Precision 0.313 Recall 0.164 F1 0.216
[INFO] 2022-09-10 06:45:46,784 [    train.py:  184]:	Epoch 21: 
[INFO] 2022-09-10 06:45:46,785 [    train.py:  185]:	Train:
[INFO] 2022-09-10 06:45:46,790 [    train.py:  197]:	Loss 0.0982, ('Ner Loss', 0.011159908026456833),  ('CLS Classification Loss', 0.07592662423849106)
[INFO] 2022-09-10 06:45:46,791 [    train.py:  207]:	('Ner Acc', 0.996798038482666),  ('CLS Classification Acc', 0.9741072654724121)
[INFO] 2022-09-10 06:45:49,062 [    train.py:  219]:	Evaluate:
[INFO] 2022-09-10 06:45:49,063 [    train.py:  226]:	Loss 0.1541, ('Ner Loss', 0.013984878),  ('CLS Classification Loss', 0.12615106)
[INFO] 2022-09-10 06:45:49,063 [    train.py:  227]:	('Ner Acc', 0.9971905), ('CLS Classification Acc', 0.9664352)
[INFO] 2022-09-10 06:46:03,060 [    train.py:  236]:	Precision 0.284 Recall 0.179 F1 0.219
[INFO] 2022-09-10 06:46:18,274 [    train.py:  184]:	Epoch 22: 
[INFO] 2022-09-10 06:46:18,274 [    train.py:  185]:	Train:
[INFO] 2022-09-10 06:46:18,281 [    train.py:  197]:	Loss 0.0920, ('Ner Loss', 0.010446620173752308),  ('CLS Classification Loss', 0.07108179479837418)
[INFO] 2022-09-10 06:46:18,281 [    train.py:  207]:	('Ner Acc', 0.996965229511261),  ('CLS Classification Acc', 0.9753970503807068)
[INFO] 2022-09-10 06:46:20,546 [    train.py:  219]:	Evaluate:
[INFO] 2022-09-10 06:46:20,546 [    train.py:  226]:	Loss 0.1448, ('Ner Loss', 0.013443686),  ('CLS Classification Loss', 0.11787447)
[INFO] 2022-09-10 06:46:20,546 [    train.py:  227]:	('Ner Acc', 0.9971696), ('CLS Classification Acc', 0.9671662)
[INFO] 2022-09-10 06:46:34,546 [    train.py:  236]:	Precision 0.336 Recall 0.167 F1 0.223
[INFO] 2022-09-10 06:46:49,703 [    train.py:  184]:	Epoch 23: 
[INFO] 2022-09-10 06:46:49,703 [    train.py:  185]:	Train:
[INFO] 2022-09-10 06:46:49,706 [    train.py:  197]:	Loss 0.0830, ('Ner Loss', 0.009475545957684517),  ('CLS Classification Loss', 0.06403107941150665)
[INFO] 2022-09-10 06:46:49,706 [    train.py:  207]:	('Ner Acc', 0.997116208076477),  ('CLS Classification Acc', 0.9767857193946838)
[INFO] 2022-09-10 06:46:51,978 [    train.py:  219]:	Evaluate:
[INFO] 2022-09-10 06:46:51,978 [    train.py:  226]:	Loss 0.1295, ('Ner Loss', 0.011905051),  ('CLS Classification Loss', 0.10571102)
[INFO] 2022-09-10 06:46:51,978 [    train.py:  227]:	('Ner Acc', 0.9972552), ('CLS Classification Acc', 0.969481)
[INFO] 2022-09-10 06:47:05,782 [    train.py:  236]:	Precision 0.354 Recall 0.249 F1 0.292
[INFO] 2022-09-10 06:47:20,985 [    train.py:  184]:	Epoch 24: 
[INFO] 2022-09-10 06:47:20,986 [    train.py:  185]:	Train:
[INFO] 2022-09-10 06:47:20,990 [    train.py:  197]:	Loss 0.0759, ('Ner Loss', 0.008782390505075455),  ('CLS Classification Loss', 0.05833006650209427)
[INFO] 2022-09-10 06:47:20,990 [    train.py:  207]:	('Ner Acc', 0.9972701072692871),  ('CLS Classification Acc', 0.9782242774963379)
[INFO] 2022-09-10 06:47:23,253 [    train.py:  219]:	Evaluate:
[INFO] 2022-09-10 06:47:23,254 [    train.py:  226]:	Loss 0.1501, ('Ner Loss', 0.013206929),  ('CLS Classification Loss', 0.12365571)
[INFO] 2022-09-10 06:47:23,254 [    train.py:  227]:	('Ner Acc', 0.9972081), ('CLS Classification Acc', 0.9688718)
[INFO] 2022-09-10 06:47:37,665 [    train.py:  236]:	Precision 0.346 Recall 0.226 F1 0.273
[INFO] 2022-09-10 06:47:52,771 [    train.py:  184]:	Epoch 25: 
[INFO] 2022-09-10 06:47:52,771 [    train.py:  185]:	Train:
[INFO] 2022-09-10 06:47:52,775 [    train.py:  197]:	Loss 0.0678, ('Ner Loss', 0.00798318162560463),  ('CLS Classification Loss', 0.051829081028699875)
[INFO] 2022-09-10 06:47:52,775 [    train.py:  207]:	('Ner Acc', 0.9974717497825623),  ('CLS Classification Acc', 0.9804564118385315)
[INFO] 2022-09-10 06:47:55,334 [    train.py:  219]:	Evaluate:
[INFO] 2022-09-10 06:47:55,335 [    train.py:  226]:	Loss 0.1499, ('Ner Loss', 0.013060225),  ('CLS Classification Loss', 0.12375775)
[INFO] 2022-09-10 06:47:55,335 [    train.py:  227]:	('Ner Acc', 0.9972832), ('CLS Classification Acc', 0.9715522)
[INFO] 2022-09-10 06:48:09,162 [    train.py:  236]:	Precision 0.426 Recall 0.288 F1 0.343
[INFO] 2022-09-10 06:48:24,321 [    train.py:  184]:	Epoch 26: 
[INFO] 2022-09-10 06:48:24,322 [    train.py:  185]:	Train:
[INFO] 2022-09-10 06:48:24,326 [    train.py:  197]:	Loss 0.0632, ('Ner Loss', 0.0074106138199567795),  ('CLS Classification Loss', 0.04839717596769333)
[INFO] 2022-09-10 06:48:24,326 [    train.py:  207]:	('Ner Acc', 0.9975241422653198),  ('CLS Classification Acc', 0.9822174310684204)
[INFO] 2022-09-10 06:48:26,575 [    train.py:  219]:	Evaluate:
[INFO] 2022-09-10 06:48:26,575 [    train.py:  226]:	Loss 0.1457, ('Ner Loss', 0.012855101),  ('CLS Classification Loss', 0.11999541)
[INFO] 2022-09-10 06:48:26,575 [    train.py:  227]:	('Ner Acc', 0.9970872), ('CLS Classification Acc', 0.9695572)
[INFO] 2022-09-10 06:48:40,535 [    train.py:  236]:	Precision 0.349 Recall 0.301 F1 0.323
[INFO] 2022-09-10 06:48:55,846 [    train.py:  184]:	Epoch 27: 
[INFO] 2022-09-10 06:48:55,846 [    train.py:  185]:	Train:
[INFO] 2022-09-10 06:48:55,849 [    train.py:  197]:	Loss 0.0577, ('Ner Loss', 0.006790736224502325),  ('CLS Classification Loss', 0.044099628925323486)
[INFO] 2022-09-10 06:48:55,850 [    train.py:  207]:	('Ner Acc', 0.9976885914802551),  ('CLS Classification Acc', 0.9837551712989807)
[INFO] 2022-09-10 06:48:58,115 [    train.py:  219]:	Evaluate:
[INFO] 2022-09-10 06:48:58,116 [    train.py:  226]:	Loss 0.1487, ('Ner Loss', 0.013752616),  ('CLS Classification Loss', 0.12124373)
[INFO] 2022-09-10 06:48:58,116 [    train.py:  227]:	('Ner Acc', 0.9971975), ('CLS Classification Acc', 0.9694657)
[INFO] 2022-09-10 06:49:12,189 [    train.py:  236]:	Precision 0.388 Recall 0.263 F1 0.313
[INFO] 2022-09-10 06:49:27,320 [    train.py:  184]:	Epoch 28: 
[INFO] 2022-09-10 06:49:27,320 [    train.py:  185]:	Train:
[INFO] 2022-09-10 06:49:27,325 [    train.py:  197]:	Loss 0.0539, ('Ner Loss', 0.0063047767616808414),  ('CLS Classification Loss', 0.04130322113633156)
[INFO] 2022-09-10 06:49:27,325 [    train.py:  207]:	('Ner Acc', 0.9978352189064026),  ('CLS Classification Acc', 0.9841517806053162)
[INFO] 2022-09-10 06:49:29,557 [    train.py:  219]:	Evaluate:
[INFO] 2022-09-10 06:49:29,557 [    train.py:  226]:	Loss 0.1575, ('Ner Loss', 0.014740651),  ('CLS Classification Loss', 0.12803137)
[INFO] 2022-09-10 06:49:29,557 [    train.py:  227]:	('Ner Acc', 0.9972693), ('CLS Classification Acc', 0.9720699)
[INFO] 2022-09-10 06:49:43,986 [    train.py:  236]:	Precision 0.401 Recall 0.328 F1 0.361
[INFO] 2022-09-10 06:49:59,065 [    train.py:  184]:	Epoch 29: 
[INFO] 2022-09-10 06:49:59,066 [    train.py:  185]:	Train:
[INFO] 2022-09-10 06:49:59,069 [    train.py:  197]:	Loss 0.0482, ('Ner Loss', 0.005741603672504425),  ('CLS Classification Loss', 0.03671960532665253)
[INFO] 2022-09-10 06:49:59,070 [    train.py:  207]:	('Ner Acc', 0.9979190230369568),  ('CLS Classification Acc', 0.9863343238830566)
[INFO] 2022-09-10 06:50:01,359 [    train.py:  219]:	Evaluate:
[INFO] 2022-09-10 06:50:01,360 [    train.py:  226]:	Loss 0.1641, ('Ner Loss', 0.015757939),  ('CLS Classification Loss', 0.13256034)
[INFO] 2022-09-10 06:50:01,360 [    train.py:  227]:	('Ner Acc', 0.9970976), ('CLS Classification Acc', 0.97359276)
[INFO] 2022-09-10 06:50:15,664 [    train.py:  236]:	Precision 0.416 Recall 0.361 F1 0.387
[INFO] 2022-09-10 06:50:30,644 [    train.py:  184]:	Epoch 30: 
[INFO] 2022-09-10 06:50:30,645 [    train.py:  185]:	Train:
[INFO] 2022-09-10 06:50:30,648 [    train.py:  197]:	Loss 0.0465, ('Ner Loss', 0.005501414183527231),  ('CLS Classification Loss', 0.035517506301403046)
[INFO] 2022-09-10 06:50:30,648 [    train.py:  207]:	('Ner Acc', 0.9981547594070435),  ('CLS Classification Acc', 0.9865823984146118)
[INFO] 2022-09-10 06:50:32,953 [    train.py:  219]:	Evaluate:
[INFO] 2022-09-10 06:50:32,954 [    train.py:  226]:	Loss 0.1438, ('Ner Loss', 0.013700538),  ('CLS Classification Loss', 0.1163567)
[INFO] 2022-09-10 06:50:32,954 [    train.py:  227]:	('Ner Acc', 0.99721766), ('CLS Classification Acc', 0.9738061)
[INFO] 2022-09-10 06:50:46,848 [    train.py:  236]:	Precision 0.409 Recall 0.348 F1 0.376
[INFO] 2022-09-10 06:51:02,159 [    train.py:  184]:	Epoch 31: 
[INFO] 2022-09-10 06:51:02,160 [    train.py:  185]:	Train:
[INFO] 2022-09-10 06:51:02,165 [    train.py:  197]:	Loss 0.0422, ('Ner Loss', 0.004994915798306465),  ('CLS Classification Loss', 0.03224920108914375)
[INFO] 2022-09-10 06:51:02,165 [    train.py:  207]:	('Ner Acc', 0.9981797337532043),  ('CLS Classification Acc', 0.9873512387275696)
[INFO] 2022-09-10 06:51:04,476 [    train.py:  219]:	Evaluate:
[INFO] 2022-09-10 06:51:04,476 [    train.py:  226]:	Loss 0.1531, ('Ner Loss', 0.014206011),  ('CLS Classification Loss', 0.12473172)
[INFO] 2022-09-10 06:51:04,476 [    train.py:  227]:	('Ner Acc', 0.9973671), ('CLS Classification Acc', 0.97242016)
[INFO] 2022-09-10 06:51:18,684 [    train.py:  236]:	Precision 0.447 Recall 0.370 F1 0.405
[INFO] 2022-09-10 06:51:34,028 [    train.py:  184]:	Epoch 32: 
[INFO] 2022-09-10 06:51:34,029 [    train.py:  185]:	Train:
[INFO] 2022-09-10 06:51:34,034 [    train.py:  197]:	Loss 0.0388, ('Ner Loss', 0.0047941082157194614),  ('CLS Classification Loss', 0.029223060235381126)
[INFO] 2022-09-10 06:51:34,034 [    train.py:  207]:	('Ner Acc', 0.99824458360672),  ('CLS Classification Acc', 0.9888890981674194)
[INFO] 2022-09-10 06:51:36,330 [    train.py:  219]:	Evaluate:
[INFO] 2022-09-10 06:51:36,331 [    train.py:  226]:	Loss 0.1651, ('Ner Loss', 0.0158682),  ('CLS Classification Loss', 0.13336219)
[INFO] 2022-09-10 06:51:36,331 [    train.py:  227]:	('Ner Acc', 0.9973539), ('CLS Classification Acc', 0.97275525)
[INFO] 2022-09-10 06:51:50,496 [    train.py:  236]:	Precision 0.436 Recall 0.344 F1 0.385
[INFO] 2022-09-10 06:52:05,676 [    train.py:  184]:	Epoch 33: 
[INFO] 2022-09-10 06:52:05,676 [    train.py:  185]:	Train:
[INFO] 2022-09-10 06:52:05,682 [    train.py:  197]:	Loss 0.0359, ('Ner Loss', 0.004473936278373003),  ('CLS Classification Loss', 0.026965893805027008)
[INFO] 2022-09-10 06:52:05,682 [    train.py:  207]:	('Ner Acc', 0.9983038902282715),  ('CLS Classification Acc', 0.9893105626106262)
[INFO] 2022-09-10 06:52:07,931 [    train.py:  219]:	Evaluate:
[INFO] 2022-09-10 06:52:07,932 [    train.py:  226]:	Loss 0.1689, ('Ner Loss', 0.01574654),  ('CLS Classification Loss', 0.1373606)
[INFO] 2022-09-10 06:52:07,932 [    train.py:  227]:	('Ner Acc', 0.9974103), ('CLS Classification Acc', 0.9727705)
[INFO] 2022-09-10 06:52:22,100 [    train.py:  236]:	Precision 0.497 Recall 0.357 F1 0.416
[INFO] 2022-09-10 06:52:37,066 [    train.py:  184]:	Epoch 34: 
[INFO] 2022-09-10 06:52:37,067 [    train.py:  185]:	Train:
[INFO] 2022-09-10 06:52:37,069 [    train.py:  197]:	Loss 0.0339, ('Ner Loss', 0.004314345773309469),  ('CLS Classification Loss', 0.025315118953585625)
[INFO] 2022-09-10 06:52:37,069 [    train.py:  207]:	('Ner Acc', 0.998367428779602),  ('CLS Classification Acc', 0.9903520941734314)
[INFO] 2022-09-10 06:52:39,314 [    train.py:  219]:	Evaluate:
[INFO] 2022-09-10 06:52:39,314 [    train.py:  226]:	Loss 0.1624, ('Ner Loss', 0.014788052),  ('CLS Classification Loss', 0.1327972)
[INFO] 2022-09-10 06:52:39,315 [    train.py:  227]:	('Ner Acc', 0.997248), ('CLS Classification Acc', 0.9729227)
[INFO] 2022-09-10 06:52:53,373 [    train.py:  236]:	Precision 0.431 Recall 0.387 F1 0.408
[INFO] 2022-09-10 06:53:08,491 [    train.py:  184]:	Epoch 35: 
[INFO] 2022-09-10 06:53:08,492 [    train.py:  185]:	Train:
[INFO] 2022-09-10 06:53:08,495 [    train.py:  197]:	Loss 0.0307, ('Ner Loss', 0.003900054143741727),  ('CLS Classification Loss', 0.022916115820407867)
[INFO] 2022-09-10 06:53:08,495 [    train.py:  207]:	('Ner Acc', 0.998507022857666),  ('CLS Classification Acc', 0.9908730387687683)
[INFO] 2022-09-10 06:53:10,671 [    train.py:  219]:	Evaluate:
[INFO] 2022-09-10 06:53:10,671 [    train.py:  226]:	Loss 0.1633, ('Ner Loss', 0.015719011),  ('CLS Classification Loss', 0.13185123)
[INFO] 2022-09-10 06:53:10,671 [    train.py:  227]:	('Ner Acc', 0.9974339), ('CLS Classification Acc', 0.97318155)
[INFO] 2022-09-10 06:53:24,731 [    train.py:  236]:	Precision 0.448 Recall 0.382 F1 0.413
[INFO] 2022-09-10 06:53:40,042 [    train.py:  184]:	Epoch 36: 
[INFO] 2022-09-10 06:53:40,042 [    train.py:  185]:	Train:
[INFO] 2022-09-10 06:53:40,046 [    train.py:  197]:	Loss 0.0299, ('Ner Loss', 0.0036121427547186613),  ('CLS Classification Loss', 0.022629763931035995)
[INFO] 2022-09-10 06:53:40,046 [    train.py:  207]:	('Ner Acc', 0.9985553026199341),  ('CLS Classification Acc', 0.9910961985588074)
[INFO] 2022-09-10 06:53:42,267 [    train.py:  219]:	Evaluate:
[INFO] 2022-09-10 06:53:42,268 [    train.py:  226]:	Loss 0.1745, ('Ner Loss', 0.016580809),  ('CLS Classification Loss', 0.14130512)
[INFO] 2022-09-10 06:53:42,268 [    train.py:  227]:	('Ner Acc', 0.9973019), ('CLS Classification Acc', 0.97356236)
[INFO] 2022-09-10 06:53:56,138 [    train.py:  236]:	Precision 0.484 Recall 0.399 F1 0.437
[INFO] 2022-09-10 06:54:11,215 [    train.py:  184]:	Epoch 37: 
[INFO] 2022-09-10 06:54:11,215 [    train.py:  185]:	Train:
[INFO] 2022-09-10 06:54:11,218 [    train.py:  197]:	Loss 0.0263, ('Ner Loss', 0.003407537704333663),  ('CLS Classification Loss', 0.019454725086688995)
[INFO] 2022-09-10 06:54:11,218 [    train.py:  207]:	('Ner Acc', 0.9986370801925659),  ('CLS Classification Acc', 0.9923610091209412)
[INFO] 2022-09-10 06:54:13,458 [    train.py:  219]:	Evaluate:
[INFO] 2022-09-10 06:54:13,458 [    train.py:  226]:	Loss 0.1867, ('Ner Loss', 0.016384913),  ('CLS Classification Loss', 0.15393251)
[INFO] 2022-09-10 06:54:13,458 [    train.py:  227]:	('Ner Acc', 0.9974365), ('CLS Classification Acc', 0.9741867)
[INFO] 2022-09-10 06:54:27,453 [    train.py:  236]:	Precision 0.502 Recall 0.378 F1 0.431
[INFO] 2022-09-10 06:54:42,607 [    train.py:  184]:	Epoch 38: 
[INFO] 2022-09-10 06:54:42,607 [    train.py:  185]:	Train:
[INFO] 2022-09-10 06:54:42,611 [    train.py:  197]:	Loss 0.0260, ('Ner Loss', 0.0033391695469617844),  ('CLS Classification Loss', 0.01933331787586212)
[INFO] 2022-09-10 06:54:42,611 [    train.py:  207]:	('Ner Acc', 0.9986258149147034),  ('CLS Classification Acc', 0.9922618269920349)
[INFO] 2022-09-10 06:54:44,868 [    train.py:  219]:	Evaluate:
[INFO] 2022-09-10 06:54:44,869 [    train.py:  226]:	Loss 0.1759, ('Ner Loss', 0.016589737),  ('CLS Classification Loss', 0.14269274)
[INFO] 2022-09-10 06:54:44,869 [    train.py:  227]:	('Ner Acc', 0.99728936), ('CLS Classification Acc', 0.97095823)
[INFO] 2022-09-10 06:54:58,937 [    train.py:  236]:	Precision 0.431 Recall 0.426 F1 0.428
[INFO] 2022-09-10 06:55:13,960 [    train.py:  184]:	Epoch 39: 
[INFO] 2022-09-10 06:55:13,961 [    train.py:  185]:	Train:
[INFO] 2022-09-10 06:55:13,963 [    train.py:  197]:	Loss 0.0248, ('Ner Loss', 0.003157432656735182),  ('CLS Classification Loss', 0.018521804362535477)
[INFO] 2022-09-10 06:55:13,963 [    train.py:  207]:	('Ner Acc', 0.9987098574638367),  ('CLS Classification Acc', 0.9929563403129578)
[INFO] 2022-09-10 06:55:16,158 [    train.py:  219]:	Evaluate:
[INFO] 2022-09-10 06:55:16,158 [    train.py:  226]:	Loss 0.1808, ('Ner Loss', 0.016907891),  ('CLS Classification Loss', 0.14696513)
[INFO] 2022-09-10 06:55:16,159 [    train.py:  227]:	('Ner Acc', 0.9971949), ('CLS Classification Acc', 0.97292286)
[INFO] 2022-09-10 06:55:30,097 [    train.py:  236]:	Precision 0.438 Recall 0.433 F1 0.436
[INFO] 2022-09-10 06:55:45,308 [    train.py:  184]:	Epoch 40: 
[INFO] 2022-09-10 06:55:45,309 [    train.py:  185]:	Train:
[INFO] 2022-09-10 06:55:45,311 [    train.py:  197]:	Loss 0.0226, ('Ner Loss', 0.0029396978206932545),  ('CLS Classification Loss', 0.01676124520599842)
[INFO] 2022-09-10 06:55:45,311 [    train.py:  207]:	('Ner Acc', 0.9988657236099243),  ('CLS Classification Acc', 0.9938743710517883)
[INFO] 2022-09-10 06:55:47,545 [    train.py:  219]:	Evaluate:
[INFO] 2022-09-10 06:55:47,546 [    train.py:  226]:	Loss 0.1970, ('Ner Loss', 0.018443756),  ('CLS Classification Loss', 0.1601078)
[INFO] 2022-09-10 06:55:47,546 [    train.py:  227]:	('Ner Acc', 0.9975343), ('CLS Classification Acc', 0.9739888)
[INFO] 2022-09-10 06:56:01,571 [    train.py:  236]:	Precision 0.491 Recall 0.404 F1 0.443
[INFO] 2022-09-10 06:56:16,807 [    train.py:  184]:	Epoch 41: 
[INFO] 2022-09-10 06:56:16,808 [    train.py:  185]:	Train:
[INFO] 2022-09-10 06:56:16,812 [    train.py:  197]:	Loss 0.0216, ('Ner Loss', 0.00276058167219162),  ('CLS Classification Loss', 0.016114575788378716)
[INFO] 2022-09-10 06:56:16,812 [    train.py:  207]:	('Ner Acc', 0.9988973140716553),  ('CLS Classification Acc', 0.9933781027793884)
[INFO] 2022-09-10 06:56:19,062 [    train.py:  219]:	Evaluate:
[INFO] 2022-09-10 06:56:19,062 [    train.py:  226]:	Loss 0.1962, ('Ner Loss', 0.017231366),  ('CLS Classification Loss', 0.1617532)
[INFO] 2022-09-10 06:56:19,062 [    train.py:  227]:	('Ner Acc', 0.9973209), ('CLS Classification Acc', 0.97144556)
[INFO] 2022-09-10 06:56:33,521 [    train.py:  236]:	Precision 0.449 Recall 0.419 F1 0.434
[INFO] 2022-09-10 06:56:48,654 [    train.py:  184]:	Epoch 42: 
[INFO] 2022-09-10 06:56:48,655 [    train.py:  185]:	Train:
[INFO] 2022-09-10 06:56:48,658 [    train.py:  197]:	Loss 0.0202, ('Ner Loss', 0.0025555507745593786),  ('CLS Classification Loss', 0.015083379112184048)
[INFO] 2022-09-10 06:56:48,658 [    train.py:  207]:	('Ner Acc', 0.9989352822303772),  ('CLS Classification Acc', 0.994246244430542)
[INFO] 2022-09-10 06:56:50,893 [    train.py:  219]:	Evaluate:
[INFO] 2022-09-10 06:56:50,894 [    train.py:  226]:	Loss 0.1775, ('Ner Loss', 0.018127149),  ('CLS Classification Loss', 0.14121413)
[INFO] 2022-09-10 06:56:50,894 [    train.py:  227]:	('Ner Acc', 0.9975422), ('CLS Classification Acc', 0.97330344)
[INFO] 2022-09-10 06:57:04,904 [    train.py:  236]:	Precision 0.516 Recall 0.430 F1 0.469
[INFO] 2022-09-10 06:57:20,036 [    train.py:  184]:	Epoch 43: 
[INFO] 2022-09-10 06:57:20,036 [    train.py:  185]:	Train:
[INFO] 2022-09-10 06:57:20,042 [    train.py:  197]:	Loss 0.0188, ('Ner Loss', 0.002573591424152255),  ('CLS Classification Loss', 0.013624783605337143)
[INFO] 2022-09-10 06:57:20,042 [    train.py:  207]:	('Ner Acc', 0.9990221261978149),  ('CLS Classification Acc', 0.9949159026145935)
[INFO] 2022-09-10 06:57:22,261 [    train.py:  219]:	Evaluate:
[INFO] 2022-09-10 06:57:22,262 [    train.py:  226]:	Loss 0.1816, ('Ner Loss', 0.016983332),  ('CLS Classification Loss', 0.14764073)
[INFO] 2022-09-10 06:57:22,262 [    train.py:  227]:	('Ner Acc', 0.99730223), ('CLS Classification Acc', 0.9728314)
[INFO] 2022-09-10 06:57:36,504 [    train.py:  236]:	Precision 0.461 Recall 0.465 F1 0.463
[INFO] 2022-09-10 06:57:51,573 [    train.py:  184]:	Epoch 44: 
[INFO] 2022-09-10 06:57:51,573 [    train.py:  185]:	Train:
[INFO] 2022-09-10 06:57:51,578 [    train.py:  197]:	Loss 0.0178, ('Ner Loss', 0.0021385014988482),  ('CLS Classification Loss', 0.01347304880619049)
[INFO] 2022-09-10 06:57:51,578 [    train.py:  207]:	('Ner Acc', 0.9991336464881897),  ('CLS Classification Acc', 0.9950399994850159)
[INFO] 2022-09-10 06:57:53,842 [    train.py:  219]:	Evaluate:
[INFO] 2022-09-10 06:57:53,842 [    train.py:  226]:	Loss 0.1924, ('Ner Loss', 0.018876396),  ('CLS Classification Loss', 0.15467091)
[INFO] 2022-09-10 06:57:53,842 [    train.py:  227]:	('Ner Acc', 0.99747103), ('CLS Classification Acc', 0.97321206)
[INFO] 2022-09-10 06:58:07,757 [    train.py:  236]:	Precision 0.489 Recall 0.418 F1 0.451
[INFO] 2022-09-10 06:58:23,020 [    train.py:  184]:	Epoch 45: 
[INFO] 2022-09-10 06:58:23,020 [    train.py:  185]:	Train:
[INFO] 2022-09-10 06:58:23,024 [    train.py:  197]:	Loss 0.0154, ('Ner Loss', 0.002077313605695963),  ('CLS Classification Loss', 0.011262004263699055)
[INFO] 2022-09-10 06:58:23,024 [    train.py:  207]:	('Ner Acc', 0.9991666674613953),  ('CLS Classification Acc', 0.9956846237182617)
[INFO] 2022-09-10 06:58:25,272 [    train.py:  219]:	Evaluate:
[INFO] 2022-09-10 06:58:25,272 [    train.py:  226]:	Loss 0.2036, ('Ner Loss', 0.01996232),  ('CLS Classification Loss', 0.16367981)
[INFO] 2022-09-10 06:58:25,272 [    train.py:  227]:	('Ner Acc', 0.99752367), ('CLS Classification Acc', 0.9730751)
[INFO] 2022-09-10 06:58:39,254 [    train.py:  236]:	Precision 0.501 Recall 0.407 F1 0.449
[INFO] 2022-09-10 06:58:54,415 [    train.py:  184]:	Epoch 46: 
[INFO] 2022-09-10 06:58:54,415 [    train.py:  185]:	Train:
[INFO] 2022-09-10 06:58:54,432 [    train.py:  197]:	Loss 0.0159, ('Ner Loss', 0.0020563972648233175),  ('CLS Classification Loss', 0.0117966802790761)
[INFO] 2022-09-10 06:58:54,432 [    train.py:  207]:	('Ner Acc', 0.9991121292114258),  ('CLS Classification Acc', 0.9954367280006409)
[INFO] 2022-09-10 06:58:56,682 [    train.py:  219]:	Evaluate:
[INFO] 2022-09-10 06:58:56,683 [    train.py:  226]:	Loss 0.2100, ('Ner Loss', 0.020644577),  ('CLS Classification Loss', 0.16875398)
[INFO] 2022-09-10 06:58:56,683 [    train.py:  227]:	('Ner Acc', 0.997633), ('CLS Classification Acc', 0.97435427)
[INFO] 2022-09-10 06:59:10,661 [    train.py:  236]:	Precision 0.538 Recall 0.409 F1 0.465
[INFO] 2022-09-10 06:59:25,765 [    train.py:  184]:	Epoch 47: 
[INFO] 2022-09-10 06:59:25,765 [    train.py:  185]:	Train:
[INFO] 2022-09-10 06:59:25,767 [    train.py:  197]:	Loss 0.0168, ('Ner Loss', 0.0021728181745857),  ('CLS Classification Loss', 0.012435900047421455)
[INFO] 2022-09-10 06:59:25,768 [    train.py:  207]:	('Ner Acc', 0.9991191029548645),  ('CLS Classification Acc', 0.9954615831375122)
[INFO] 2022-09-10 06:59:27,967 [    train.py:  219]:	Evaluate:
[INFO] 2022-09-10 06:59:27,968 [    train.py:  226]:	Loss 0.2014, ('Ner Loss', 0.01959086),  ('CLS Classification Loss', 0.16219859)
[INFO] 2022-09-10 06:59:27,968 [    train.py:  227]:	('Ner Acc', 0.99757844), ('CLS Classification Acc', 0.9745218)
[INFO] 2022-09-10 06:59:42,043 [    train.py:  236]:	Precision 0.519 Recall 0.405 F1 0.455
[INFO] 2022-09-10 06:59:57,210 [    train.py:  184]:	Epoch 48: 
[INFO] 2022-09-10 06:59:57,211 [    train.py:  185]:	Train:
[INFO] 2022-09-10 06:59:57,215 [    train.py:  197]:	Loss 0.0145, ('Ner Loss', 0.0019424974452704191),  ('CLS Classification Loss', 0.010601475834846497)
[INFO] 2022-09-10 06:59:57,215 [    train.py:  207]:	('Ner Acc', 0.9992027282714844),  ('CLS Classification Acc', 0.9959326386451721)
[INFO] 2022-09-10 06:59:59,476 [    train.py:  219]:	Evaluate:
[INFO] 2022-09-10 06:59:59,477 [    train.py:  226]:	Loss 0.2053, ('Ner Loss', 0.019814702),  ('CLS Classification Loss', 0.1656434)
[INFO] 2022-09-10 06:59:59,477 [    train.py:  227]:	('Ner Acc', 0.99764615), ('CLS Classification Acc', 0.9744455)
[INFO] 2022-09-10 07:00:13,970 [    train.py:  236]:	Precision 0.528 Recall 0.431 F1 0.474
[INFO] 2022-09-10 07:00:29,213 [    train.py:  184]:	Epoch 49: 
[INFO] 2022-09-10 07:00:29,214 [    train.py:  185]:	Train:
[INFO] 2022-09-10 07:00:29,217 [    train.py:  197]:	Loss 0.0125, ('Ner Loss', 0.0018091874662786722),  ('CLS Classification Loss', 0.008908048272132874)
[INFO] 2022-09-10 07:00:29,217 [    train.py:  207]:	('Ner Acc', 0.9992713928222656),  ('CLS Classification Acc', 0.9968008995056152)
[INFO] 2022-09-10 07:00:31,481 [    train.py:  219]:	Evaluate:
[INFO] 2022-09-10 07:00:31,481 [    train.py:  226]:	Loss 0.2061, ('Ner Loss', 0.019363707),  ('CLS Classification Loss', 0.16741036)
[INFO] 2022-09-10 07:00:31,481 [    train.py:  227]:	('Ner Acc', 0.9974777), ('CLS Classification Acc', 0.9734406)
[INFO] 2022-09-10 07:00:45,676 [    train.py:  236]:	Precision 0.490 Recall 0.441 F1 0.464
[INFO] 2022-09-10 07:01:00,844 [    train.py:  184]:	Epoch 50: 
[INFO] 2022-09-10 07:01:00,845 [    train.py:  185]:	Train:
[INFO] 2022-09-10 07:01:00,849 [    train.py:  197]:	Loss 0.0123, ('Ner Loss', 0.0016728400951251388),  ('CLS Classification Loss', 0.008968324400484562)
[INFO] 2022-09-10 07:01:00,849 [    train.py:  207]:	('Ner Acc', 0.9992837905883789),  ('CLS Classification Acc', 0.9966518878936768)
[INFO] 2022-09-10 07:01:03,087 [    train.py:  219]:	Evaluate:
[INFO] 2022-09-10 07:01:03,088 [    train.py:  226]:	Loss 0.2000, ('Ner Loss', 0.018409075),  ('CLS Classification Loss', 0.16317551)
[INFO] 2022-09-10 07:01:03,088 [    train.py:  227]:	('Ner Acc', 0.9974745), ('CLS Classification Acc', 0.97327304)
[INFO] 2022-09-10 07:01:17,079 [    train.py:  236]:	Precision 0.464 Recall 0.450 F1 0.457
[INFO] 2022-09-10 07:01:17,079 [    train.py:  256]:	Best Epoch 48; Best f1 0.4742671009771987 precision 0.527536231884058 recall 0.4307692307692308;
