[INFO] 2022-09-25 22:17:57,221 [    train.py:  505]:	Namespace(block_att_head_num=1, cased=True, d_block=64, data_aug=2, dataset='res15', do_test=True, do_train=True, do_valid=True, drop_null_data=True, dropout_rate=0.3, epochs=100, extra_attention=True, fuse_strategy='update', init_model_dir='', language='en', loss_ratio=1.0, lr=2e-05, mask_sb=True, model_type='end_to_end', output_dir='./output', save_dir='', task_name='ttee_res15_100epoch_64d_2aug_2e-5lr_cased_0.3dropout_dropnull_1loss', test_batch_size=32, train_batch_size=16, valid_freq=1)
[INFO] 2022-09-25 22:18:08,757 [    train.py:  118]:	{'init_bert_model': 'bert-base-cased', 'sentence_b': DictWrapper({'texts': ListWrapper(['general of ambience', 'price of drinks', 'quality of drinks', 'style options of drinks', 'prices of food', 'quality of food', 'style options of food', 'general of location', 'general of restaurant', 'miscellaneous of restaurant', 'prices of restaurant', 'general of service']), 'sentiments': ListWrapper(['negative', 'neutral', 'positive'])}), 'num_sentiment_classes': 3, 'subblock_hidden_size': 64, 'subblock_head_num': 1, 'cache_dir': 'bert_models/bert-base-cased', 'fuse_strategy': 'update', 'extra_attention': True, 'dropout': 0.3, 'loss_ratio': 1.0}
[INFO] 2022-09-25 22:18:08,757 [    train.py:  120]:	Number of Train Sentence: 1120
[INFO] 2022-09-25 22:18:08,767 [    train.py:  522]:	Data augment: Merge 2 train data together
[INFO] 2022-09-25 22:19:21,484 [    train.py:  184]:	Epoch 1: 
[INFO] 2022-09-25 22:19:21,485 [    train.py:  185]:	Train:
[INFO] 2022-09-25 22:19:21,494 [    train.py:  197]:	Loss 0.3897, ('Ner Loss', 0.11416193842887878),  ('CLS Classification Loss', 0.27554750442504883)
[INFO] 2022-09-25 22:19:21,495 [    train.py:  207]:	('Ner Acc', 0.9697884917259216),  ('CLS Classification Acc', 0.9156374335289001)
[INFO] 2022-09-25 22:19:26,710 [    train.py:  219]:	Evaluate:
[INFO] 2022-09-25 22:19:26,711 [    train.py:  226]:	Loss 0.1728, ('Ner Loss', 0.031053534),  ('CLS Classification Loss', 0.14176857)
[INFO] 2022-09-25 22:19:26,711 [    train.py:  227]:	('Ner Acc', 0.99689984), ('CLS Classification Acc', 0.962567)
[INFO] 2022-09-25 22:19:43,017 [    train.py:  236]:	Precision 0.000 Recall 0.000 F1 0.000
[INFO] 2022-09-25 22:20:23,773 [    train.py:  184]:	Epoch 2: 
[INFO] 2022-09-25 22:20:23,774 [    train.py:  185]:	Train:
[INFO] 2022-09-25 22:20:23,779 [    train.py:  197]:	Loss 0.2235, ('Ner Loss', 0.036989256739616394),  ('CLS Classification Loss', 0.1865229606628418)
[INFO] 2022-09-25 22:20:23,779 [    train.py:  207]:	('Ner Acc', 0.9960352182388306),  ('CLS Classification Acc', 0.9356398582458496)
[INFO] 2022-09-25 22:20:26,123 [    train.py:  219]:	Evaluate:
[INFO] 2022-09-25 22:20:26,123 [    train.py:  226]:	Loss 0.1704, ('Ner Loss', 0.026374912),  ('CLS Classification Loss', 0.14403316)
[INFO] 2022-09-25 22:20:26,124 [    train.py:  227]:	('Ner Acc', 0.99689794), ('CLS Classification Acc', 0.9614249)
[INFO] 2022-09-25 22:20:39,190 [    train.py:  236]:	Precision 0.063 Recall 0.005 F1 0.009
[INFO] 2022-09-25 22:21:20,247 [    train.py:  184]:	Epoch 3: 
[INFO] 2022-09-25 22:21:20,248 [    train.py:  185]:	Train:
[INFO] 2022-09-25 22:21:20,251 [    train.py:  197]:	Loss 0.2089, ('Ner Loss', 0.03257784619927406),  ('CLS Classification Loss', 0.1763368844985962)
[INFO] 2022-09-25 22:21:20,252 [    train.py:  207]:	('Ner Acc', 0.9961305856704712),  ('CLS Classification Acc', 0.9381572008132935)
[INFO] 2022-09-25 22:21:22,569 [    train.py:  219]:	Evaluate:
[INFO] 2022-09-25 22:21:22,570 [    train.py:  226]:	Loss 0.1517, ('Ner Loss', 0.023996193),  ('CLS Classification Loss', 0.1276735)
[INFO] 2022-09-25 22:21:22,570 [    train.py:  227]:	('Ner Acc', 0.9968953), ('CLS Classification Acc', 0.963161)
[INFO] 2022-09-25 22:21:35,987 [    train.py:  236]:	Precision 0.065 Recall 0.002 F1 0.005
[INFO] 2022-09-25 22:22:16,795 [    train.py:  184]:	Epoch 4: 
[INFO] 2022-09-25 22:22:16,796 [    train.py:  185]:	Train:
[INFO] 2022-09-25 22:22:16,801 [    train.py:  197]:	Loss 0.1995, ('Ner Loss', 0.02966192364692688),  ('CLS Classification Loss', 0.16979320347309113)
[INFO] 2022-09-25 22:22:16,801 [    train.py:  207]:	('Ner Acc', 0.9961302876472473),  ('CLS Classification Acc', 0.940352201461792)
[INFO] 2022-09-25 22:22:19,120 [    train.py:  219]:	Evaluate:
[INFO] 2022-09-25 22:22:19,121 [    train.py:  226]:	Loss 0.1457, ('Ner Loss', 0.021640103),  ('CLS Classification Loss', 0.12401572)
[INFO] 2022-09-25 22:22:19,121 [    train.py:  227]:	('Ner Acc', 0.99689984), ('CLS Classification Acc', 0.9632523)
[INFO] 2022-09-25 22:22:32,116 [    train.py:  236]:	Precision 0.108 Recall 0.005 F1 0.009
[INFO] 2022-09-25 22:23:13,039 [    train.py:  184]:	Epoch 5: 
[INFO] 2022-09-25 22:23:13,040 [    train.py:  185]:	Train:
[INFO] 2022-09-25 22:23:13,047 [    train.py:  197]:	Loss 0.1885, ('Ner Loss', 0.026912176981568336),  ('CLS Classification Loss', 0.16162808239459991)
[INFO] 2022-09-25 22:23:13,047 [    train.py:  207]:	('Ner Acc', 0.9960893988609314),  ('CLS Classification Acc', 0.9427828192710876)
[INFO] 2022-09-25 22:23:15,397 [    train.py:  219]:	Evaluate:
[INFO] 2022-09-25 22:23:15,398 [    train.py:  226]:	Loss 0.1379, ('Ner Loss', 0.020109825),  ('CLS Classification Loss', 0.117785126)
[INFO] 2022-09-25 22:23:15,398 [    train.py:  227]:	('Ner Acc', 0.99689984), ('CLS Classification Acc', 0.9648057)
[INFO] 2022-09-25 22:23:28,123 [    train.py:  236]:	Precision 0.079 Recall 0.009 F1 0.017
[INFO] 2022-09-25 22:24:09,043 [    train.py:  184]:	Epoch 6: 
[INFO] 2022-09-25 22:24:09,043 [    train.py:  185]:	Train:
[INFO] 2022-09-25 22:24:09,046 [    train.py:  197]:	Loss 0.1762, ('Ner Loss', 0.025117726996541023),  ('CLS Classification Loss', 0.1511312872171402)
[INFO] 2022-09-25 22:24:09,046 [    train.py:  207]:	('Ner Acc', 0.9960150718688965),  ('CLS Classification Acc', 0.9448785781860352)
[INFO] 2022-09-25 22:24:11,368 [    train.py:  219]:	Evaluate:
[INFO] 2022-09-25 22:24:11,369 [    train.py:  226]:	Loss 0.1298, ('Ner Loss', 0.018812943),  ('CLS Classification Loss', 0.11098741)
[INFO] 2022-09-25 22:24:11,369 [    train.py:  227]:	('Ner Acc', 0.99689984), ('CLS Classification Acc', 0.9667245)
[INFO] 2022-09-25 22:24:24,517 [    train.py:  236]:	Precision 0.064 Recall 0.012 F1 0.020
[INFO] 2022-09-25 22:25:05,316 [    train.py:  184]:	Epoch 7: 
[INFO] 2022-09-25 22:25:05,317 [    train.py:  185]:	Train:
[INFO] 2022-09-25 22:25:05,325 [    train.py:  197]:	Loss 0.1631, ('Ner Loss', 0.02218472957611084),  ('CLS Classification Loss', 0.1408740133047104)
[INFO] 2022-09-25 22:25:05,325 [    train.py:  207]:	('Ner Acc', 0.9960981011390686),  ('CLS Classification Acc', 0.9484254121780396)
[INFO] 2022-09-25 22:25:07,641 [    train.py:  219]:	Evaluate:
[INFO] 2022-09-25 22:25:07,642 [    train.py:  226]:	Loss 0.1317, ('Ner Loss', 0.01771776),  ('CLS Classification Loss', 0.11401527)
[INFO] 2022-09-25 22:25:07,642 [    train.py:  227]:	('Ner Acc', 0.99689984), ('CLS Classification Acc', 0.96640474)
[INFO] 2022-09-25 22:25:20,406 [    train.py:  236]:	Precision 0.068 Recall 0.014 F1 0.024
[INFO] 2022-09-25 22:26:01,280 [    train.py:  184]:	Epoch 8: 
[INFO] 2022-09-25 22:26:01,280 [    train.py:  185]:	Train:
[INFO] 2022-09-25 22:26:01,284 [    train.py:  197]:	Loss 0.1487, ('Ner Loss', 0.02016737312078476),  ('CLS Classification Loss', 0.12850935757160187)
[INFO] 2022-09-25 22:26:01,284 [    train.py:  207]:	('Ner Acc', 0.9960880875587463),  ('CLS Classification Acc', 0.9524801969528198)
[INFO] 2022-09-25 22:26:03,584 [    train.py:  219]:	Evaluate:
[INFO] 2022-09-25 22:26:03,584 [    train.py:  226]:	Loss 0.1160, ('Ner Loss', 0.016053496),  ('CLS Classification Loss', 0.099928215)
[INFO] 2022-09-25 22:26:03,585 [    train.py:  227]:	('Ner Acc', 0.99689984), ('CLS Classification Acc', 0.96730334)
[INFO] 2022-09-25 22:26:16,205 [    train.py:  236]:	Precision 0.132 Recall 0.044 F1 0.066
[INFO] 2022-09-25 22:26:57,130 [    train.py:  184]:	Epoch 9: 
[INFO] 2022-09-25 22:26:57,131 [    train.py:  185]:	Train:
[INFO] 2022-09-25 22:26:57,138 [    train.py:  197]:	Loss 0.1354, ('Ner Loss', 0.018359405919909477),  ('CLS Classification Loss', 0.117070771753788)
[INFO] 2022-09-25 22:26:57,139 [    train.py:  207]:	('Ner Acc', 0.9960886240005493),  ('CLS Classification Acc', 0.9559400081634521)
[INFO] 2022-09-25 22:26:59,444 [    train.py:  219]:	Evaluate:
[INFO] 2022-09-25 22:26:59,445 [    train.py:  226]:	Loss 0.1118, ('Ner Loss', 0.015311588),  ('CLS Classification Loss', 0.09652847)
[INFO] 2022-09-25 22:26:59,445 [    train.py:  227]:	('Ner Acc', 0.9968972), ('CLS Classification Acc', 0.9672119)
[INFO] 2022-09-25 22:27:12,128 [    train.py:  236]:	Precision 0.146 Recall 0.037 F1 0.059
[INFO] 2022-09-25 22:27:52,821 [    train.py:  184]:	Epoch 10: 
[INFO] 2022-09-25 22:27:52,821 [    train.py:  185]:	Train:
[INFO] 2022-09-25 22:27:52,825 [    train.py:  197]:	Loss 0.1267, ('Ner Loss', 0.017045998945832253),  ('CLS Classification Loss', 0.1096317395567894)
[INFO] 2022-09-25 22:27:52,825 [    train.py:  207]:	('Ner Acc', 0.9961348176002502),  ('CLS Classification Acc', 0.958544135093689)
[INFO] 2022-09-25 22:27:55,137 [    train.py:  219]:	Evaluate:
[INFO] 2022-09-25 22:27:55,138 [    train.py:  226]:	Loss 0.1115, ('Ner Loss', 0.013907941),  ('CLS Classification Loss', 0.09761701)
[INFO] 2022-09-25 22:27:55,138 [    train.py:  227]:	('Ner Acc', 0.99698037), ('CLS Classification Acc', 0.9697703)
[INFO] 2022-09-25 22:28:07,927 [    train.py:  236]:	Precision 0.194 Recall 0.072 F1 0.105
[INFO] 2022-09-25 22:28:48,690 [    train.py:  184]:	Epoch 11: 
[INFO] 2022-09-25 22:28:48,690 [    train.py:  185]:	Train:
[INFO] 2022-09-25 22:28:48,694 [    train.py:  197]:	Loss 0.1134, ('Ner Loss', 0.015645435079932213),  ('CLS Classification Loss', 0.09778111428022385)
[INFO] 2022-09-25 22:28:48,694 [    train.py:  207]:	('Ner Acc', 0.9962306618690491),  ('CLS Classification Acc', 0.9626487493515015)
[INFO] 2022-09-25 22:28:51,031 [    train.py:  219]:	Evaluate:
[INFO] 2022-09-25 22:28:51,031 [    train.py:  226]:	Loss 0.1164, ('Ner Loss', 0.013655335),  ('CLS Classification Loss', 0.102792405)
[INFO] 2022-09-25 22:28:51,032 [    train.py:  227]:	('Ner Acc', 0.9970903), ('CLS Classification Acc', 0.9701054)
[INFO] 2022-09-25 22:29:03,996 [    train.py:  236]:	Precision 0.249 Recall 0.101 F1 0.143
[INFO] 2022-09-25 22:29:44,967 [    train.py:  184]:	Epoch 12: 
[INFO] 2022-09-25 22:29:44,967 [    train.py:  185]:	Train:
[INFO] 2022-09-25 22:29:44,971 [    train.py:  197]:	Loss 0.1027, ('Ner Loss', 0.01406813133507967),  ('CLS Classification Loss', 0.08862009644508362)
[INFO] 2022-09-25 22:29:44,971 [    train.py:  207]:	('Ner Acc', 0.9964023232460022),  ('CLS Classification Acc', 0.9668899774551392)
[INFO] 2022-09-25 22:29:47,268 [    train.py:  219]:	Evaluate:
[INFO] 2022-09-25 22:29:47,268 [    train.py:  226]:	Loss 0.1096, ('Ner Loss', 0.013225242),  ('CLS Classification Loss', 0.096357785)
[INFO] 2022-09-25 22:29:47,269 [    train.py:  227]:	('Ner Acc', 0.9971472), ('CLS Classification Acc', 0.97176534)
[INFO] 2022-09-25 22:30:00,111 [    train.py:  236]:	Precision 0.254 Recall 0.124 F1 0.167
[INFO] 2022-09-25 22:30:40,683 [    train.py:  184]:	Epoch 13: 
[INFO] 2022-09-25 22:30:40,683 [    train.py:  185]:	Train:
[INFO] 2022-09-25 22:30:40,689 [    train.py:  197]:	Loss 0.0919, ('Ner Loss', 0.013057335279881954),  ('CLS Classification Loss', 0.07886964827775955)
[INFO] 2022-09-25 22:30:40,689 [    train.py:  207]:	('Ner Acc', 0.9965212345123291),  ('CLS Classification Acc', 0.970585286617279)
[INFO] 2022-09-25 22:30:43,014 [    train.py:  219]:	Evaluate:
[INFO] 2022-09-25 22:30:43,015 [    train.py:  226]:	Loss 0.1128, ('Ner Loss', 0.013722085),  ('CLS Classification Loss', 0.099064246)
[INFO] 2022-09-25 22:30:43,015 [    train.py:  227]:	('Ner Acc', 0.9972191), ('CLS Classification Acc', 0.9720852)
[INFO] 2022-09-25 22:30:55,865 [    train.py:  236]:	Precision 0.292 Recall 0.138 F1 0.188
[INFO] 2022-09-25 22:31:36,621 [    train.py:  184]:	Epoch 14: 
[INFO] 2022-09-25 22:31:36,621 [    train.py:  185]:	Train:
[INFO] 2022-09-25 22:31:36,625 [    train.py:  197]:	Loss 0.0823, ('Ner Loss', 0.012210972607135773),  ('CLS Classification Loss', 0.07010781019926071)
[INFO] 2022-09-25 22:31:36,625 [    train.py:  207]:	('Ner Acc', 0.9966179728507996),  ('CLS Classification Acc', 0.9733386635780334)
[INFO] 2022-09-25 22:31:38,916 [    train.py:  219]:	Evaluate:
[INFO] 2022-09-25 22:31:38,916 [    train.py:  226]:	Loss 0.1216, ('Ner Loss', 0.014168132),  ('CLS Classification Loss', 0.107405566)
[INFO] 2022-09-25 22:31:38,916 [    train.py:  227]:	('Ner Acc', 0.99729127), ('CLS Classification Acc', 0.9733643)
[INFO] 2022-09-25 22:31:51,958 [    train.py:  236]:	Precision 0.334 Recall 0.195 F1 0.246
[INFO] 2022-09-25 22:32:32,532 [    train.py:  184]:	Epoch 15: 
[INFO] 2022-09-25 22:32:32,532 [    train.py:  185]:	Train:
[INFO] 2022-09-25 22:32:32,538 [    train.py:  197]:	Loss 0.0740, ('Ner Loss', 0.01100896205753088),  ('CLS Classification Loss', 0.0629831925034523)
[INFO] 2022-09-25 22:32:32,538 [    train.py:  207]:	('Ner Acc', 0.9967835545539856),  ('CLS Classification Acc', 0.9756821990013123)
[INFO] 2022-09-25 22:32:34,858 [    train.py:  219]:	Evaluate:
[INFO] 2022-09-25 22:32:34,858 [    train.py:  226]:	Loss 0.1213, ('Ner Loss', 0.015215243),  ('CLS Classification Loss', 0.106060304)
[INFO] 2022-09-25 22:32:34,858 [    train.py:  227]:	('Ner Acc', 0.9973544), ('CLS Classification Acc', 0.9730751)
[INFO] 2022-09-25 22:32:47,734 [    train.py:  236]:	Precision 0.337 Recall 0.247 F1 0.285
[INFO] 2022-09-25 22:33:28,305 [    train.py:  184]:	Epoch 16: 
[INFO] 2022-09-25 22:33:28,305 [    train.py:  185]:	Train:
[INFO] 2022-09-25 22:33:28,311 [    train.py:  197]:	Loss 0.0695, ('Ner Loss', 0.010354585014283657),  ('CLS Classification Loss', 0.059161730110645294)
[INFO] 2022-09-25 22:33:28,311 [    train.py:  207]:	('Ner Acc', 0.9969262480735779),  ('CLS Classification Acc', 0.9774927496910095)
[INFO] 2022-09-25 22:33:30,575 [    train.py:  219]:	Evaluate:
[INFO] 2022-09-25 22:33:30,576 [    train.py:  226]:	Loss 0.1406, ('Ner Loss', 0.015140839),  ('CLS Classification Loss', 0.12549023)
[INFO] 2022-09-25 22:33:30,576 [    train.py:  227]:	('Ner Acc', 0.99735653), ('CLS Classification Acc', 0.97065353)
[INFO] 2022-09-25 22:33:43,665 [    train.py:  236]:	Precision 0.382 Recall 0.304 F1 0.339
[INFO] 2022-09-25 22:34:24,392 [    train.py:  184]:	Epoch 17: 
[INFO] 2022-09-25 22:34:24,392 [    train.py:  185]:	Train:
[INFO] 2022-09-25 22:34:24,395 [    train.py:  197]:	Loss 0.0627, ('Ner Loss', 0.00946581456810236),  ('CLS Classification Loss', 0.05320930480957031)
[INFO] 2022-09-25 22:34:24,395 [    train.py:  207]:	('Ner Acc', 0.9970306158065796),  ('CLS Classification Acc', 0.9797747135162354)
[INFO] 2022-09-25 22:34:26,708 [    train.py:  219]:	Evaluate:
[INFO] 2022-09-25 22:34:26,708 [    train.py:  226]:	Loss 0.1237, ('Ner Loss', 0.014293306),  ('CLS Classification Loss', 0.10937692)
[INFO] 2022-09-25 22:34:26,709 [    train.py:  227]:	('Ner Acc', 0.9973731), ('CLS Classification Acc', 0.9726943)
[INFO] 2022-09-25 22:34:39,451 [    train.py:  236]:	Precision 0.383 Recall 0.276 F1 0.320
[INFO] 2022-09-25 22:35:20,272 [    train.py:  184]:	Epoch 18: 
[INFO] 2022-09-25 22:35:20,273 [    train.py:  185]:	Train:
[INFO] 2022-09-25 22:35:20,278 [    train.py:  197]:	Loss 0.0601, ('Ner Loss', 0.008890165947377682),  ('CLS Classification Loss', 0.051185958087444305)
[INFO] 2022-09-25 22:35:20,278 [    train.py:  207]:	('Ner Acc', 0.9972042441368103),  ('CLS Classification Acc', 0.9805182218551636)
[INFO] 2022-09-25 22:35:22,584 [    train.py:  219]:	Evaluate:
[INFO] 2022-09-25 22:35:22,585 [    train.py:  226]:	Loss 0.1332, ('Ner Loss', 0.013195984),  ('CLS Classification Loss', 0.11998168)
[INFO] 2022-09-25 22:35:22,585 [    train.py:  227]:	('Ner Acc', 0.99746364), ('CLS Classification Acc', 0.9737298)
[INFO] 2022-09-25 22:35:35,745 [    train.py:  236]:	Precision 0.406 Recall 0.327 F1 0.362
[INFO] 2022-09-25 22:36:16,219 [    train.py:  184]:	Epoch 19: 
[INFO] 2022-09-25 22:36:16,219 [    train.py:  185]:	Train:
[INFO] 2022-09-25 22:36:16,221 [    train.py:  197]:	Loss 0.0539, ('Ner Loss', 0.008018308319151402),  ('CLS Classification Loss', 0.04588216543197632)
[INFO] 2022-09-25 22:36:16,222 [    train.py:  207]:	('Ner Acc', 0.9974257349967957),  ('CLS Classification Acc', 0.9824402928352356)
[INFO] 2022-09-25 22:36:18,541 [    train.py:  219]:	Evaluate:
[INFO] 2022-09-25 22:36:18,541 [    train.py:  226]:	Loss 0.1454, ('Ner Loss', 0.014134189),  ('CLS Classification Loss', 0.13128643)
[INFO] 2022-09-25 22:36:18,542 [    train.py:  227]:	('Ner Acc', 0.99746704), ('CLS Classification Acc', 0.9721765)
[INFO] 2022-09-25 22:36:31,214 [    train.py:  236]:	Precision 0.422 Recall 0.312 F1 0.359
[INFO] 2022-09-25 22:37:12,213 [    train.py:  184]:	Epoch 20: 
[INFO] 2022-09-25 22:37:12,214 [    train.py:  185]:	Train:
[INFO] 2022-09-25 22:37:12,217 [    train.py:  197]:	Loss 0.0479, ('Ner Loss', 0.007394087966531515),  ('CLS Classification Loss', 0.040509309619665146)
[INFO] 2022-09-25 22:37:12,217 [    train.py:  207]:	('Ner Acc', 0.9975447654724121),  ('CLS Classification Acc', 0.9846105575561523)
[INFO] 2022-09-25 22:37:14,557 [    train.py:  219]:	Evaluate:
[INFO] 2022-09-25 22:37:14,558 [    train.py:  226]:	Loss 0.1392, ('Ner Loss', 0.014295213),  ('CLS Classification Loss', 0.124917544)
[INFO] 2022-09-25 22:37:14,558 [    train.py:  227]:	('Ner Acc', 0.99738693), ('CLS Classification Acc', 0.97289234)
[INFO] 2022-09-25 22:37:27,459 [    train.py:  236]:	Precision 0.419 Recall 0.363 F1 0.389
[INFO] 2022-09-25 22:38:08,246 [    train.py:  184]:	Epoch 21: 
[INFO] 2022-09-25 22:38:08,246 [    train.py:  185]:	Train:
[INFO] 2022-09-25 22:38:08,252 [    train.py:  197]:	Loss 0.0433, ('Ner Loss', 0.006747082341462374),  ('CLS Classification Loss', 0.036555588245391846)
[INFO] 2022-09-25 22:38:08,252 [    train.py:  207]:	('Ner Acc', 0.9977056384086609),  ('CLS Classification Acc', 0.9858506321907043)
[INFO] 2022-09-25 22:38:10,554 [    train.py:  219]:	Evaluate:
[INFO] 2022-09-25 22:38:10,555 [    train.py:  226]:	Loss 0.1454, ('Ner Loss', 0.015005022),  ('CLS Classification Loss', 0.13044171)
[INFO] 2022-09-25 22:38:10,555 [    train.py:  227]:	('Ner Acc', 0.9974632), ('CLS Classification Acc', 0.97200906)
[INFO] 2022-09-25 22:38:23,413 [    train.py:  236]:	Precision 0.392 Recall 0.346 F1 0.367
[INFO] 2022-09-25 22:39:04,213 [    train.py:  184]:	Epoch 22: 
[INFO] 2022-09-25 22:39:04,214 [    train.py:  185]:	Train:
[INFO] 2022-09-25 22:39:04,218 [    train.py:  197]:	Loss 0.0411, ('Ner Loss', 0.006312720477581024),  ('CLS Classification Loss', 0.03477742150425911)
[INFO] 2022-09-25 22:39:04,218 [    train.py:  207]:	('Ner Acc', 0.9977661371231079),  ('CLS Classification Acc', 0.9867803454399109)
[INFO] 2022-09-25 22:39:06,523 [    train.py:  219]:	Evaluate:
[INFO] 2022-09-25 22:39:06,523 [    train.py:  226]:	Loss 0.1518, ('Ner Loss', 0.014830901),  ('CLS Classification Loss', 0.13697673)
[INFO] 2022-09-25 22:39:06,524 [    train.py:  227]:	('Ner Acc', 0.99748534), ('CLS Classification Acc', 0.97360814)
[INFO] 2022-09-25 22:39:19,287 [    train.py:  236]:	Precision 0.468 Recall 0.383 F1 0.421
[INFO] 2022-09-25 22:40:00,194 [    train.py:  184]:	Epoch 23: 
[INFO] 2022-09-25 22:40:00,194 [    train.py:  185]:	Train:
[INFO] 2022-09-25 22:40:00,197 [    train.py:  197]:	Loss 0.0382, ('Ner Loss', 0.005962163209915161),  ('CLS Classification Loss', 0.03224195912480354)
[INFO] 2022-09-25 22:40:00,197 [    train.py:  207]:	('Ner Acc', 0.9979006052017212),  ('CLS Classification Acc', 0.9877852201461792)
[INFO] 2022-09-25 22:40:02,500 [    train.py:  219]:	Evaluate:
[INFO] 2022-09-25 22:40:02,501 [    train.py:  226]:	Loss 0.1562, ('Ner Loss', 0.015362173),  ('CLS Classification Loss', 0.14081894)
[INFO] 2022-09-25 22:40:02,501 [    train.py:  227]:	('Ner Acc', 0.9974892), ('CLS Classification Acc', 0.9736233)
[INFO] 2022-09-25 22:40:15,314 [    train.py:  236]:	Precision 0.461 Recall 0.391 F1 0.423
[INFO] 2022-09-25 22:40:56,093 [    train.py:  184]:	Epoch 24: 
[INFO] 2022-09-25 22:40:56,094 [    train.py:  185]:	Train:
[INFO] 2022-09-25 22:40:56,100 [    train.py:  197]:	Loss 0.0376, ('Ner Loss', 0.005609477870166302),  ('CLS Classification Loss', 0.031979866325855255)
[INFO] 2022-09-25 22:40:56,100 [    train.py:  207]:	('Ner Acc', 0.998031497001648),  ('CLS Classification Acc', 0.9879834651947021)
[INFO] 2022-09-25 22:40:58,452 [    train.py:  219]:	Evaluate:
[INFO] 2022-09-25 22:40:58,453 [    train.py:  226]:	Loss 0.1481, ('Ner Loss', 0.014630702),  ('CLS Classification Loss', 0.13349405)
[INFO] 2022-09-25 22:40:58,453 [    train.py:  227]:	('Ner Acc', 0.9975346), ('CLS Classification Acc', 0.9748721)
[INFO] 2022-09-25 22:41:11,416 [    train.py:  236]:	Precision 0.470 Recall 0.376 F1 0.418
[INFO] 2022-09-25 22:41:52,541 [    train.py:  184]:	Epoch 25: 
[INFO] 2022-09-25 22:41:52,541 [    train.py:  185]:	Train:
[INFO] 2022-09-25 22:41:52,546 [    train.py:  197]:	Loss 0.0346, ('Ner Loss', 0.005307060666382313),  ('CLS Classification Loss', 0.029330676421523094)
[INFO] 2022-09-25 22:41:52,547 [    train.py:  207]:	('Ner Acc', 0.9980700612068176),  ('CLS Classification Acc', 0.9889261722564697)
[INFO] 2022-09-25 22:41:54,860 [    train.py:  219]:	Evaluate:
[INFO] 2022-09-25 22:41:54,861 [    train.py:  226]:	Loss 0.1678, ('Ner Loss', 0.016581962),  ('CLS Classification Loss', 0.15118694)
[INFO] 2022-09-25 22:41:54,861 [    train.py:  227]:	('Ner Acc', 0.9974804), ('CLS Classification Acc', 0.9711866)
[INFO] 2022-09-25 22:42:07,645 [    train.py:  236]:	Precision 0.432 Recall 0.401 F1 0.416
[INFO] 2022-09-25 22:42:48,072 [    train.py:  184]:	Epoch 26: 
[INFO] 2022-09-25 22:42:48,072 [    train.py:  185]:	Train:
[INFO] 2022-09-25 22:42:48,075 [    train.py:  197]:	Loss 0.0290, ('Ner Loss', 0.004900713451206684),  ('CLS Classification Loss', 0.024069808423519135)
[INFO] 2022-09-25 22:42:48,075 [    train.py:  207]:	('Ner Acc', 0.9982298612594604),  ('CLS Classification Acc', 0.9912450313568115)
[INFO] 2022-09-25 22:42:50,377 [    train.py:  219]:	Evaluate:
[INFO] 2022-09-25 22:42:50,377 [    train.py:  226]:	Loss 0.1710, ('Ner Loss', 0.01695701),  ('CLS Classification Loss', 0.15407273)
[INFO] 2022-09-25 22:42:50,377 [    train.py:  227]:	('Ner Acc', 0.9975598), ('CLS Classification Acc', 0.97083634)
[INFO] 2022-09-25 22:43:02,984 [    train.py:  236]:	Precision 0.418 Recall 0.431 F1 0.424
[INFO] 2022-09-25 22:43:43,777 [    train.py:  184]:	Epoch 27: 
[INFO] 2022-09-25 22:43:43,778 [    train.py:  185]:	Train:
[INFO] 2022-09-25 22:43:43,781 [    train.py:  197]:	Loss 0.0259, ('Ner Loss', 0.00457146717235446),  ('CLS Classification Loss', 0.021346459165215492)
[INFO] 2022-09-25 22:43:43,781 [    train.py:  207]:	('Ner Acc', 0.9983800649642944),  ('CLS Classification Acc', 0.9923237562179565)
[INFO] 2022-09-25 22:43:46,113 [    train.py:  219]:	Evaluate:
[INFO] 2022-09-25 22:43:46,113 [    train.py:  226]:	Loss 0.1870, ('Ner Loss', 0.01790416),  ('CLS Classification Loss', 0.16908602)
[INFO] 2022-09-25 22:43:46,114 [    train.py:  227]:	('Ner Acc', 0.9976208), ('CLS Classification Acc', 0.97359294)
[INFO] 2022-09-25 22:43:58,935 [    train.py:  236]:	Precision 0.493 Recall 0.385 F1 0.432
[INFO] 2022-09-25 22:44:39,890 [    train.py:  184]:	Epoch 28: 
[INFO] 2022-09-25 22:44:39,890 [    train.py:  185]:	Train:
[INFO] 2022-09-25 22:44:39,894 [    train.py:  197]:	Loss 0.0244, ('Ner Loss', 0.004128559026867151),  ('CLS Classification Loss', 0.020266005769371986)
[INFO] 2022-09-25 22:44:39,894 [    train.py:  207]:	('Ner Acc', 0.9984591603279114),  ('CLS Classification Acc', 0.9926085472106934)
[INFO] 2022-09-25 22:44:42,198 [    train.py:  219]:	Evaluate:
[INFO] 2022-09-25 22:44:42,198 [    train.py:  226]:	Loss 0.1644, ('Ner Loss', 0.017895205),  ('CLS Classification Loss', 0.14649901)
[INFO] 2022-09-25 22:44:42,199 [    train.py:  227]:	('Ner Acc', 0.99757755), ('CLS Classification Acc', 0.9722375)
[INFO] 2022-09-25 22:44:54,800 [    train.py:  236]:	Precision 0.431 Recall 0.414 F1 0.422
[INFO] 2022-09-25 22:45:35,530 [    train.py:  184]:	Epoch 29: 
[INFO] 2022-09-25 22:45:35,530 [    train.py:  185]:	Train:
[INFO] 2022-09-25 22:45:35,533 [    train.py:  197]:	Loss 0.0238, ('Ner Loss', 0.004134532995522022),  ('CLS Classification Loss', 0.019691117107868195)
[INFO] 2022-09-25 22:45:35,534 [    train.py:  207]:	('Ner Acc', 0.9984708428382874),  ('CLS Classification Acc', 0.992770254611969)
[INFO] 2022-09-25 22:45:37,859 [    train.py:  219]:	Evaluate:
[INFO] 2022-09-25 22:45:37,860 [    train.py:  226]:	Loss 0.1726, ('Ner Loss', 0.017001938),  ('CLS Classification Loss', 0.15555163)
[INFO] 2022-09-25 22:45:37,860 [    train.py:  227]:	('Ner Acc', 0.997583), ('CLS Classification Acc', 0.97400403)
[INFO] 2022-09-25 22:45:50,908 [    train.py:  236]:	Precision 0.472 Recall 0.414 F1 0.441
[INFO] 2022-09-25 22:46:31,488 [    train.py:  184]:	Epoch 30: 
[INFO] 2022-09-25 22:46:31,488 [    train.py:  185]:	Train:
[INFO] 2022-09-25 22:46:31,491 [    train.py:  197]:	Loss 0.0217, ('Ner Loss', 0.003957981709390879),  ('CLS Classification Loss', 0.017744220793247223)
[INFO] 2022-09-25 22:46:31,491 [    train.py:  207]:	('Ner Acc', 0.9985541105270386),  ('CLS Classification Acc', 0.9934150576591492)
[INFO] 2022-09-25 22:46:33,793 [    train.py:  219]:	Evaluate:
[INFO] 2022-09-25 22:46:33,794 [    train.py:  226]:	Loss 0.1766, ('Ner Loss', 0.018568411),  ('CLS Classification Loss', 0.15801907)
[INFO] 2022-09-25 22:46:33,794 [    train.py:  227]:	('Ner Acc', 0.9976383), ('CLS Classification Acc', 0.975131)
[INFO] 2022-09-25 22:46:46,725 [    train.py:  236]:	Precision 0.505 Recall 0.382 F1 0.435
[INFO] 2022-09-25 22:47:27,838 [    train.py:  184]:	Epoch 31: 
[INFO] 2022-09-25 22:47:27,838 [    train.py:  185]:	Train:
[INFO] 2022-09-25 22:47:27,841 [    train.py:  197]:	Loss 0.0189, ('Ner Loss', 0.0035225076135247946),  ('CLS Classification Loss', 0.015395530499517918)
[INFO] 2022-09-25 22:47:27,841 [    train.py:  207]:	('Ner Acc', 0.9986757636070251),  ('CLS Classification Acc', 0.9943323135375977)
[INFO] 2022-09-25 22:47:30,139 [    train.py:  219]:	Evaluate:
[INFO] 2022-09-25 22:47:30,140 [    train.py:  226]:	Loss 0.1758, ('Ner Loss', 0.019897943),  ('CLS Classification Loss', 0.15593193)
[INFO] 2022-09-25 22:47:30,140 [    train.py:  227]:	('Ner Acc', 0.9977031), ('CLS Classification Acc', 0.9744304)
[INFO] 2022-09-25 22:47:43,354 [    train.py:  236]:	Precision 0.458 Recall 0.434 F1 0.446
[INFO] 2022-09-25 22:48:24,318 [    train.py:  184]:	Epoch 32: 
[INFO] 2022-09-25 22:48:24,318 [    train.py:  185]:	Train:
[INFO] 2022-09-25 22:48:24,323 [    train.py:  197]:	Loss 0.0156, ('Ner Loss', 0.003133968682959676),  ('CLS Classification Loss', 0.012436967343091965)
[INFO] 2022-09-25 22:48:24,324 [    train.py:  207]:	('Ner Acc', 0.998807430267334),  ('CLS Classification Acc', 0.9954361915588379)
[INFO] 2022-09-25 22:48:26,641 [    train.py:  219]:	Evaluate:
[INFO] 2022-09-25 22:48:26,642 [    train.py:  226]:	Loss 0.1970, ('Ner Loss', 0.021072146),  ('CLS Classification Loss', 0.17589843)
[INFO] 2022-09-25 22:48:26,642 [    train.py:  227]:	('Ner Acc', 0.99765617), ('CLS Classification Acc', 0.9748874)
[INFO] 2022-09-25 22:48:39,468 [    train.py:  236]:	Precision 0.490 Recall 0.430 F1 0.458
[INFO] 2022-09-25 22:49:20,057 [    train.py:  184]:	Epoch 33: 
[INFO] 2022-09-25 22:49:20,058 [    train.py:  185]:	Train:
[INFO] 2022-09-25 22:49:20,060 [    train.py:  197]:	Loss 0.0144, ('Ner Loss', 0.0032793921418488026),  ('CLS Classification Loss', 0.011114470660686493)
[INFO] 2022-09-25 22:49:20,060 [    train.py:  207]:	('Ner Acc', 0.9987595677375793),  ('CLS Classification Acc', 0.9960811138153076)
[INFO] 2022-09-25 22:49:22,378 [    train.py:  219]:	Evaluate:
[INFO] 2022-09-25 22:49:22,379 [    train.py:  226]:	Loss 0.1911, ('Ner Loss', 0.019316722),  ('CLS Classification Loss', 0.17178379)
[INFO] 2022-09-25 22:49:22,379 [    train.py:  227]:	('Ner Acc', 0.99757457), ('CLS Classification Acc', 0.9723897)
[INFO] 2022-09-25 22:49:35,526 [    train.py:  236]:	Precision 0.457 Recall 0.446 F1 0.451
[INFO] 2022-09-25 22:50:16,308 [    train.py:  184]:	Epoch 34: 
[INFO] 2022-09-25 22:50:16,309 [    train.py:  185]:	Train:
[INFO] 2022-09-25 22:50:16,313 [    train.py:  197]:	Loss 0.0141, ('Ner Loss', 0.0029415700118988752),  ('CLS Classification Loss', 0.011158480308949947)
[INFO] 2022-09-25 22:50:16,313 [    train.py:  207]:	('Ner Acc', 0.9988923072814941),  ('CLS Classification Acc', 0.995845377445221)
[INFO] 2022-09-25 22:50:18,628 [    train.py:  219]:	Evaluate:
[INFO] 2022-09-25 22:50:18,628 [    train.py:  226]:	Loss 0.1939, ('Ner Loss', 0.022911001),  ('CLS Classification Loss', 0.17101166)
[INFO] 2022-09-25 22:50:18,629 [    train.py:  227]:	('Ner Acc', 0.9976202), ('CLS Classification Acc', 0.9753745)
[INFO] 2022-09-25 22:50:31,219 [    train.py:  236]:	Precision 0.514 Recall 0.404 F1 0.452
[INFO] 2022-09-25 22:51:11,916 [    train.py:  184]:	Epoch 35: 
[INFO] 2022-09-25 22:51:11,916 [    train.py:  185]:	Train:
[INFO] 2022-09-25 22:51:11,918 [    train.py:  197]:	Loss 0.0126, ('Ner Loss', 0.0030217799358069897),  ('CLS Classification Loss', 0.009620537050068378)
[INFO] 2022-09-25 22:51:11,918 [    train.py:  207]:	('Ner Acc', 0.9988760948181152),  ('CLS Classification Acc', 0.9964281320571899)
[INFO] 2022-09-25 22:51:14,201 [    train.py:  219]:	Evaluate:
[INFO] 2022-09-25 22:51:14,201 [    train.py:  226]:	Loss 0.2058, ('Ner Loss', 0.021190265),  ('CLS Classification Loss', 0.18457341)
[INFO] 2022-09-25 22:51:14,202 [    train.py:  227]:	('Ner Acc', 0.9975417), ('CLS Classification Acc', 0.9724354)
[INFO] 2022-09-25 22:51:26,817 [    train.py:  236]:	Precision 0.457 Recall 0.447 F1 0.452
[INFO] 2022-09-25 22:52:07,675 [    train.py:  184]:	Epoch 36: 
[INFO] 2022-09-25 22:52:07,676 [    train.py:  185]:	Train:
[INFO] 2022-09-25 22:52:07,680 [    train.py:  197]:	Loss 0.0131, ('Ner Loss', 0.0028897435404360294),  ('CLS Classification Loss', 0.010249880142509937)
[INFO] 2022-09-25 22:52:07,680 [    train.py:  207]:	('Ner Acc', 0.9989100694656372),  ('CLS Classification Acc', 0.996415913105011)
[INFO] 2022-09-25 22:52:10,015 [    train.py:  219]:	Evaluate:
[INFO] 2022-09-25 22:52:10,016 [    train.py:  226]:	Loss 0.2070, ('Ner Loss', 0.020157998),  ('CLS Classification Loss', 0.18686835)
[INFO] 2022-09-25 22:52:10,016 [    train.py:  227]:	('Ner Acc', 0.9972957), ('CLS Classification Acc', 0.9681256)
[INFO] 2022-09-25 22:52:23,066 [    train.py:  236]:	Precision 0.410 Recall 0.460 F1 0.434
[INFO] 2022-09-25 22:53:03,926 [    train.py:  184]:	Epoch 37: 
[INFO] 2022-09-25 22:53:03,927 [    train.py:  185]:	Train:
[INFO] 2022-09-25 22:53:03,933 [    train.py:  197]:	Loss 0.0165, ('Ner Loss', 0.002732266904786229),  ('CLS Classification Loss', 0.01371973566710949)
[INFO] 2022-09-25 22:53:03,934 [    train.py:  207]:	('Ner Acc', 0.9989619851112366),  ('CLS Classification Acc', 0.9950889348983765)
[INFO] 2022-09-25 22:53:06,264 [    train.py:  219]:	Evaluate:
[INFO] 2022-09-25 22:53:06,265 [    train.py:  226]:	Loss 0.1913, ('Ner Loss', 0.022550197),  ('CLS Classification Loss', 0.16876741)
[INFO] 2022-09-25 22:53:06,265 [    train.py:  227]:	('Ner Acc', 0.99752194), ('CLS Classification Acc', 0.97149116)
[INFO] 2022-09-25 22:53:19,227 [    train.py:  236]:	Precision 0.438 Recall 0.472 F1 0.454
[INFO] 2022-09-25 22:54:00,203 [    train.py:  184]:	Epoch 38: 
[INFO] 2022-09-25 22:54:00,204 [    train.py:  185]:	Train:
[INFO] 2022-09-25 22:54:00,211 [    train.py:  197]:	Loss 0.0107, ('Ner Loss', 0.0024337952490895987),  ('CLS Classification Loss', 0.008287915028631687)
[INFO] 2022-09-25 22:54:00,212 [    train.py:  207]:	('Ner Acc', 0.99908447265625),  ('CLS Classification Acc', 0.9971225261688232)
[INFO] 2022-09-25 22:54:02,537 [    train.py:  219]:	Evaluate:
[INFO] 2022-09-25 22:54:02,538 [    train.py:  226]:	Loss 0.2128, ('Ner Loss', 0.022624988),  ('CLS Classification Loss', 0.19015071)
[INFO] 2022-09-25 22:54:02,538 [    train.py:  227]:	('Ner Acc', 0.9974534), ('CLS Classification Acc', 0.97359276)
[INFO] 2022-09-25 22:54:15,042 [    train.py:  236]:	Precision 0.465 Recall 0.440 F1 0.452
[INFO] 2022-09-25 22:54:55,669 [    train.py:  184]:	Epoch 39: 
[INFO] 2022-09-25 22:54:55,670 [    train.py:  185]:	Train:
[INFO] 2022-09-25 22:54:55,673 [    train.py:  197]:	Loss 0.0103, ('Ner Loss', 0.0021964835468679667),  ('CLS Classification Loss', 0.008075544610619545)
[INFO] 2022-09-25 22:54:55,673 [    train.py:  207]:	('Ner Acc', 0.9991686344146729),  ('CLS Classification Acc', 0.996961772441864)
[INFO] 2022-09-25 22:54:57,983 [    train.py:  219]:	Evaluate:
[INFO] 2022-09-25 22:54:57,985 [    train.py:  226]:	Loss 0.2131, ('Ner Loss', 0.024971219),  ('CLS Classification Loss', 0.18812388)
[INFO] 2022-09-25 22:54:57,985 [    train.py:  227]:	('Ner Acc', 0.99760157), ('CLS Classification Acc', 0.9728923)
[INFO] 2022-09-25 22:55:10,592 [    train.py:  236]:	Precision 0.476 Recall 0.426 F1 0.450
[INFO] 2022-09-25 22:55:51,416 [    train.py:  184]:	Epoch 40: 
[INFO] 2022-09-25 22:55:51,416 [    train.py:  185]:	Train:
[INFO] 2022-09-25 22:55:51,420 [    train.py:  197]:	Loss 0.0082, ('Ner Loss', 0.002039361745119095),  ('CLS Classification Loss', 0.0061358679085969925)
[INFO] 2022-09-25 22:55:51,421 [    train.py:  207]:	('Ner Acc', 0.9992273449897766),  ('CLS Classification Acc', 0.9979288578033447)
[INFO] 2022-09-25 22:55:53,745 [    train.py:  219]:	Evaluate:
[INFO] 2022-09-25 22:55:53,745 [    train.py:  226]:	Loss 0.2173, ('Ner Loss', 0.025653968),  ('CLS Classification Loss', 0.19163753)
[INFO] 2022-09-25 22:55:53,746 [    train.py:  227]:	('Ner Acc', 0.9976516), ('CLS Classification Acc', 0.97363853)
[INFO] 2022-09-25 22:56:06,573 [    train.py:  236]:	Precision 0.473 Recall 0.430 F1 0.450
[INFO] 2022-09-25 22:56:47,173 [    train.py:  184]:	Epoch 41: 
[INFO] 2022-09-25 22:56:47,173 [    train.py:  185]:	Train:
[INFO] 2022-09-25 22:56:47,176 [    train.py:  197]:	Loss 0.0087, ('Ner Loss', 0.0020834386814385653),  ('CLS Classification Loss', 0.006628022994846106)
[INFO] 2022-09-25 22:56:47,176 [    train.py:  207]:	('Ner Acc', 0.9992598295211792),  ('CLS Classification Acc', 0.9976559281349182)
[INFO] 2022-09-25 22:56:49,499 [    train.py:  219]:	Evaluate:
[INFO] 2022-09-25 22:56:49,500 [    train.py:  226]:	Loss 0.2137, ('Ner Loss', 0.024375208),  ('CLS Classification Loss', 0.18935804)
[INFO] 2022-09-25 22:56:49,500 [    train.py:  227]:	('Ner Acc', 0.99759847), ('CLS Classification Acc', 0.97234404)
[INFO] 2022-09-25 22:57:02,129 [    train.py:  236]:	Precision 0.463 Recall 0.456 F1 0.459
[INFO] 2022-09-25 22:57:42,906 [    train.py:  184]:	Epoch 42: 
[INFO] 2022-09-25 22:57:42,906 [    train.py:  185]:	Train:
[INFO] 2022-09-25 22:57:42,912 [    train.py:  197]:	Loss 0.0076, ('Ner Loss', 0.0017851345473900437),  ('CLS Classification Loss', 0.005772246979176998)
[INFO] 2022-09-25 22:57:42,912 [    train.py:  207]:	('Ner Acc', 0.9993033409118652),  ('CLS Classification Acc', 0.9979783296585083)
[INFO] 2022-09-25 22:57:45,237 [    train.py:  219]:	Evaluate:
[INFO] 2022-09-25 22:57:45,238 [    train.py:  226]:	Loss 0.2231, ('Ner Loss', 0.025146596),  ('CLS Classification Loss', 0.19794591)
[INFO] 2022-09-25 22:57:45,238 [    train.py:  227]:	('Ner Acc', 0.99759954), ('CLS Classification Acc', 0.9741716)
[INFO] 2022-09-25 22:57:58,408 [    train.py:  236]:	Precision 0.489 Recall 0.452 F1 0.470
[INFO] 2022-09-25 22:58:39,173 [    train.py:  184]:	Epoch 43: 
[INFO] 2022-09-25 22:58:39,174 [    train.py:  185]:	Train:
[INFO] 2022-09-25 22:58:39,176 [    train.py:  197]:	Loss 0.0073, ('Ner Loss', 0.001968525582924485),  ('CLS Classification Loss', 0.005297934636473656)
[INFO] 2022-09-25 22:58:39,176 [    train.py:  207]:	('Ner Acc', 0.999282717704773),  ('CLS Classification Acc', 0.9978419542312622)
[INFO] 2022-09-25 22:58:41,439 [    train.py:  219]:	Evaluate:
[INFO] 2022-09-25 22:58:41,440 [    train.py:  226]:	Loss 0.2254, ('Ner Loss', 0.024883233),  ('CLS Classification Loss', 0.20047992)
[INFO] 2022-09-25 22:58:41,440 [    train.py:  227]:	('Ner Acc', 0.997416), ('CLS Classification Acc', 0.97071445)
[INFO] 2022-09-25 22:58:54,313 [    train.py:  236]:	Precision 0.431 Recall 0.492 F1 0.460
[INFO] 2022-09-25 22:59:35,062 [    train.py:  184]:	Epoch 44: 
[INFO] 2022-09-25 22:59:35,062 [    train.py:  185]:	Train:
[INFO] 2022-09-25 22:59:35,066 [    train.py:  197]:	Loss 0.0081, ('Ner Loss', 0.001882559503428638),  ('CLS Classification Loss', 0.006189538631588221)
[INFO] 2022-09-25 22:59:35,067 [    train.py:  207]:	('Ner Acc', 0.9993207454681396),  ('CLS Classification Acc', 0.9978296756744385)
[INFO] 2022-09-25 22:59:37,373 [    train.py:  219]:	Evaluate:
[INFO] 2022-09-25 22:59:37,374 [    train.py:  226]:	Loss 0.2293, ('Ner Loss', 0.027905216),  ('CLS Classification Loss', 0.20139472)
[INFO] 2022-09-25 22:59:37,374 [    train.py:  227]:	('Ner Acc', 0.9976901), ('CLS Classification Acc', 0.97411066)
[INFO] 2022-09-25 22:59:50,294 [    train.py:  236]:	Precision 0.497 Recall 0.420 F1 0.455
[INFO] 2022-09-25 23:00:31,221 [    train.py:  184]:	Epoch 45: 
[INFO] 2022-09-25 23:00:31,221 [    train.py:  185]:	Train:
[INFO] 2022-09-25 23:00:31,223 [    train.py:  197]:	Loss 0.0074, ('Ner Loss', 0.0017624091124162078),  ('CLS Classification Loss', 0.005624876357614994)
[INFO] 2022-09-25 23:00:31,223 [    train.py:  207]:	('Ner Acc', 0.9993489980697632),  ('CLS Classification Acc', 0.9982139468193054)
[INFO] 2022-09-25 23:00:33,519 [    train.py:  219]:	Evaluate:
[INFO] 2022-09-25 23:00:33,520 [    train.py:  226]:	Loss 0.2370, ('Ner Loss', 0.026652722),  ('CLS Classification Loss', 0.21033631)
[INFO] 2022-09-25 23:00:33,520 [    train.py:  227]:	('Ner Acc', 0.99764615), ('CLS Classification Acc', 0.9726639)
[INFO] 2022-09-25 23:00:46,112 [    train.py:  236]:	Precision 0.504 Recall 0.436 F1 0.467
[INFO] 2022-09-25 23:01:26,785 [    train.py:  184]:	Epoch 46: 
[INFO] 2022-09-25 23:01:26,785 [    train.py:  185]:	Train:
[INFO] 2022-09-25 23:01:26,787 [    train.py:  197]:	Loss 0.0065, ('Ner Loss', 0.001920865848660469),  ('CLS Classification Loss', 0.004622808191925287)
[INFO] 2022-09-25 23:01:26,787 [    train.py:  207]:	('Ner Acc', 0.9992832541465759),  ('CLS Classification Acc', 0.9983627200126648)
[INFO] 2022-09-25 23:01:29,071 [    train.py:  219]:	Evaluate:
[INFO] 2022-09-25 23:01:29,072 [    train.py:  226]:	Loss 0.2333, ('Ner Loss', 0.026040459),  ('CLS Classification Loss', 0.20727406)
[INFO] 2022-09-25 23:01:29,072 [    train.py:  227]:	('Ner Acc', 0.99755436), ('CLS Classification Acc', 0.9724812)
[INFO] 2022-09-25 23:01:42,740 [    train.py:  236]:	Precision 0.460 Recall 0.465 F1 0.463
[INFO] 2022-09-25 23:02:23,578 [    train.py:  184]:	Epoch 47: 
[INFO] 2022-09-25 23:02:23,578 [    train.py:  185]:	Train:
[INFO] 2022-09-25 23:02:23,581 [    train.py:  197]:	Loss 0.0076, ('Ner Loss', 0.0016907049575820565),  ('CLS Classification Loss', 0.005904319230467081)
[INFO] 2022-09-25 23:02:23,581 [    train.py:  207]:	('Ner Acc', 0.9993754625320435),  ('CLS Classification Acc', 0.9980776309967041)
[INFO] 2022-09-25 23:02:25,888 [    train.py:  219]:	Evaluate:
[INFO] 2022-09-25 23:02:25,888 [    train.py:  226]:	Loss 0.2176, ('Ner Loss', 0.0270353),  ('CLS Classification Loss', 0.1905927)
[INFO] 2022-09-25 23:02:25,889 [    train.py:  227]:	('Ner Acc', 0.9977539), ('CLS Classification Acc', 0.97465885)
[INFO] 2022-09-25 23:02:38,993 [    train.py:  236]:	Precision 0.528 Recall 0.422 F1 0.469
[INFO] 2022-09-25 23:03:19,493 [    train.py:  184]:	Epoch 48: 
[INFO] 2022-09-25 23:03:19,493 [    train.py:  185]:	Train:
[INFO] 2022-09-25 23:03:19,495 [    train.py:  197]:	Loss 0.0078, ('Ner Loss', 0.001673058490268886),  ('CLS Classification Loss', 0.0061171031557023525)
[INFO] 2022-09-25 23:03:19,496 [    train.py:  207]:	('Ner Acc', 0.9993811249732971),  ('CLS Classification Acc', 0.998065173625946)
[INFO] 2022-09-25 23:03:21,799 [    train.py:  219]:	Evaluate:
[INFO] 2022-09-25 23:03:21,800 [    train.py:  226]:	Loss 0.2128, ('Ner Loss', 0.026221037),  ('CLS Classification Loss', 0.18652982)
[INFO] 2022-09-25 23:03:21,800 [    train.py:  227]:	('Ner Acc', 0.9975303), ('CLS Classification Acc', 0.9728008)
[INFO] 2022-09-25 23:03:34,910 [    train.py:  236]:	Precision 0.466 Recall 0.433 F1 0.449
[INFO] 2022-09-25 23:04:15,719 [    train.py:  184]:	Epoch 49: 
[INFO] 2022-09-25 23:04:15,720 [    train.py:  185]:	Train:
[INFO] 2022-09-25 23:04:15,726 [    train.py:  197]:	Loss 0.0068, ('Ner Loss', 0.001484022126533091),  ('CLS Classification Loss', 0.005272225011140108)
[INFO] 2022-09-25 23:04:15,727 [    train.py:  207]:	('Ner Acc', 0.9994363188743591),  ('CLS Classification Acc', 0.9981766939163208)
[INFO] 2022-09-25 23:04:18,044 [    train.py:  219]:	Evaluate:
[INFO] 2022-09-25 23:04:18,044 [    train.py:  226]:	Loss 0.2199, ('Ner Loss', 0.026681188),  ('CLS Classification Loss', 0.1931796)
[INFO] 2022-09-25 23:04:18,045 [    train.py:  227]:	('Ner Acc', 0.9976058), ('CLS Classification Acc', 0.97213084)
[INFO] 2022-09-25 23:04:30,706 [    train.py:  236]:	Precision 0.477 Recall 0.444 F1 0.460
[INFO] 2022-09-25 23:05:11,647 [    train.py:  184]:	Epoch 50: 
[INFO] 2022-09-25 23:05:11,648 [    train.py:  185]:	Train:
[INFO] 2022-09-25 23:05:11,655 [    train.py:  197]:	Loss 0.0063, ('Ner Loss', 0.0016171662136912346),  ('CLS Classification Loss', 0.004639276769012213)
[INFO] 2022-09-25 23:05:11,655 [    train.py:  207]:	('Ner Acc', 0.9994521141052246),  ('CLS Classification Acc', 0.998424768447876)
[INFO] 2022-09-25 23:05:13,981 [    train.py:  219]:	Evaluate:
[INFO] 2022-09-25 23:05:13,982 [    train.py:  226]:	Loss 0.2039, ('Ner Loss', 0.025886899),  ('CLS Classification Loss', 0.17804101)
[INFO] 2022-09-25 23:05:13,982 [    train.py:  227]:	('Ner Acc', 0.9976936), ('CLS Classification Acc', 0.972801)
[INFO] 2022-09-25 23:05:26,583 [    train.py:  236]:	Precision 0.468 Recall 0.452 F1 0.460
[INFO] 2022-09-25 23:06:07,287 [    train.py:  184]:	Epoch 51: 
[INFO] 2022-09-25 23:06:07,287 [    train.py:  185]:	Train:
[INFO] 2022-09-25 23:06:07,292 [    train.py:  197]:	Loss 0.0066, ('Ner Loss', 0.0015931925736367702),  ('CLS Classification Loss', 0.0049802628345787525)
[INFO] 2022-09-25 23:06:07,292 [    train.py:  207]:	('Ner Acc', 0.9994136095046997),  ('CLS Classification Acc', 0.9984372854232788)
[INFO] 2022-09-25 23:06:09,616 [    train.py:  219]:	Evaluate:
[INFO] 2022-09-25 23:06:09,617 [    train.py:  226]:	Loss 0.2157, ('Ner Loss', 0.025469992),  ('CLS Classification Loss', 0.19027111)
[INFO] 2022-09-25 23:06:09,617 [    train.py:  227]:	('Ner Acc', 0.9977144), ('CLS Classification Acc', 0.97304446)
[INFO] 2022-09-25 23:06:22,237 [    train.py:  236]:	Precision 0.487 Recall 0.443 F1 0.464
[INFO] 2022-09-25 23:07:02,961 [    train.py:  184]:	Epoch 52: 
[INFO] 2022-09-25 23:07:02,961 [    train.py:  185]:	Train:
[INFO] 2022-09-25 23:07:02,964 [    train.py:  197]:	Loss 0.0043, ('Ner Loss', 0.0012315195053815842),  ('CLS Classification Loss', 0.0030957430135458708)
[INFO] 2022-09-25 23:07:02,964 [    train.py:  207]:	('Ner Acc', 0.9995567202568054),  ('CLS Classification Acc', 0.9988958239555359)
[INFO] 2022-09-25 23:07:05,239 [    train.py:  219]:	Evaluate:
[INFO] 2022-09-25 23:07:05,240 [    train.py:  226]:	Loss 0.2205, ('Ner Loss', 0.02660272),  ('CLS Classification Loss', 0.19390054)
[INFO] 2022-09-25 23:07:05,240 [    train.py:  227]:	('Ner Acc', 0.9977401), ('CLS Classification Acc', 0.9733492)
[INFO] 2022-09-25 23:07:17,874 [    train.py:  236]:	Precision 0.472 Recall 0.415 F1 0.442
[INFO] 2022-09-25 23:07:58,668 [    train.py:  184]:	Epoch 53: 
[INFO] 2022-09-25 23:07:58,668 [    train.py:  185]:	Train:
[INFO] 2022-09-25 23:07:58,671 [    train.py:  197]:	Loss 0.0045, ('Ner Loss', 0.0011594946263357997),  ('CLS Classification Loss', 0.0033525230828672647)
[INFO] 2022-09-25 23:07:58,671 [    train.py:  207]:	('Ner Acc', 0.9995741844177246),  ('CLS Classification Acc', 0.9988961219787598)
[INFO] 2022-09-25 23:08:00,977 [    train.py:  219]:	Evaluate:
[INFO] 2022-09-25 23:08:00,978 [    train.py:  226]:	Loss 0.2186, ('Ner Loss', 0.028232194),  ('CLS Classification Loss', 0.19033076)
[INFO] 2022-09-25 23:08:00,978 [    train.py:  227]:	('Ner Acc', 0.9977191), ('CLS Classification Acc', 0.9743695)
[INFO] 2022-09-25 23:08:13,900 [    train.py:  236]:	Precision 0.480 Recall 0.436 F1 0.457
[INFO] 2022-09-25 23:08:54,500 [    train.py:  184]:	Epoch 54: 
[INFO] 2022-09-25 23:08:54,501 [    train.py:  185]:	Train:
[INFO] 2022-09-25 23:08:54,504 [    train.py:  197]:	Loss 0.0043, ('Ner Loss', 0.0010444119106978178),  ('CLS Classification Loss', 0.0032265244517475367)
[INFO] 2022-09-25 23:08:54,504 [    train.py:  207]:	('Ner Acc', 0.99961918592453),  ('CLS Classification Acc', 0.999082088470459)
[INFO] 2022-09-25 23:08:56,805 [    train.py:  219]:	Evaluate:
[INFO] 2022-09-25 23:08:56,806 [    train.py:  226]:	Loss 0.2250, ('Ner Loss', 0.028932026),  ('CLS Classification Loss', 0.19603519)
[INFO] 2022-09-25 23:08:56,806 [    train.py:  227]:	('Ner Acc', 0.99768347), ('CLS Classification Acc', 0.9733186)
[INFO] 2022-09-25 23:09:09,841 [    train.py:  236]:	Precision 0.492 Recall 0.413 F1 0.449
[INFO] 2022-09-25 23:09:50,542 [    train.py:  184]:	Epoch 55: 
[INFO] 2022-09-25 23:09:50,542 [    train.py:  185]:	Train:
[INFO] 2022-09-25 23:09:50,545 [    train.py:  197]:	Loss 0.0038, ('Ner Loss', 0.0009498315048404038),  ('CLS Classification Loss', 0.002839060500264168)
[INFO] 2022-09-25 23:09:50,545 [    train.py:  207]:	('Ner Acc', 0.9996508955955505),  ('CLS Classification Acc', 0.9990819692611694)
[INFO] 2022-09-25 23:09:52,852 [    train.py:  219]:	Evaluate:
[INFO] 2022-09-25 23:09:52,853 [    train.py:  226]:	Loss 0.2273, ('Ner Loss', 0.028595196),  ('CLS Classification Loss', 0.1986592)
[INFO] 2022-09-25 23:09:52,853 [    train.py:  227]:	('Ner Acc', 0.9975998), ('CLS Classification Acc', 0.9733187)
[INFO] 2022-09-25 23:10:05,815 [    train.py:  236]:	Precision 0.461 Recall 0.464 F1 0.462
[INFO] 2022-09-25 23:10:46,596 [    train.py:  184]:	Epoch 56: 
[INFO] 2022-09-25 23:10:46,597 [    train.py:  185]:	Train:
[INFO] 2022-09-25 23:10:46,602 [    train.py:  197]:	Loss 0.0044, ('Ner Loss', 0.0010328153148293495),  ('CLS Classification Loss', 0.00337822362780571)
[INFO] 2022-09-25 23:10:46,603 [    train.py:  207]:	('Ner Acc', 0.9996320605278015),  ('CLS Classification Acc', 0.9987720847129822)
[INFO] 2022-09-25 23:10:48,925 [    train.py:  219]:	Evaluate:
[INFO] 2022-09-25 23:10:48,926 [    train.py:  226]:	Loss 0.2222, ('Ner Loss', 0.031546783),  ('CLS Classification Loss', 0.1907004)
[INFO] 2022-09-25 23:10:48,926 [    train.py:  227]:	('Ner Acc', 0.99766237), ('CLS Classification Acc', 0.9728313)
[INFO] 2022-09-25 23:11:01,884 [    train.py:  236]:	Precision 0.470 Recall 0.404 F1 0.434
[INFO] 2022-09-25 23:11:42,622 [    train.py:  184]:	Epoch 57: 
[INFO] 2022-09-25 23:11:42,622 [    train.py:  185]:	Train:
[INFO] 2022-09-25 23:11:42,624 [    train.py:  197]:	Loss 0.0036, ('Ner Loss', 0.0009428696939721704),  ('CLS Classification Loss', 0.0026952584739774466)
[INFO] 2022-09-25 23:11:42,624 [    train.py:  207]:	('Ner Acc', 0.9996602535247803),  ('CLS Classification Acc', 0.9990324974060059)
[INFO] 2022-09-25 23:11:44,944 [    train.py:  219]:	Evaluate:
[INFO] 2022-09-25 23:11:44,944 [    train.py:  226]:	Loss 0.2367, ('Ner Loss', 0.030971354),  ('CLS Classification Loss', 0.20574723)
[INFO] 2022-09-25 23:11:44,945 [    train.py:  227]:	('Ner Acc', 0.9977493), ('CLS Classification Acc', 0.9744305)
[INFO] 2022-09-25 23:11:57,798 [    train.py:  236]:	Precision 0.507 Recall 0.427 F1 0.464
[INFO] 2022-09-25 23:12:38,461 [    train.py:  184]:	Epoch 58: 
[INFO] 2022-09-25 23:12:38,461 [    train.py:  185]:	Train:
[INFO] 2022-09-25 23:12:38,464 [    train.py:  197]:	Loss 0.0042, ('Ner Loss', 0.0008935469668358564),  ('CLS Classification Loss', 0.003272710368037224)
[INFO] 2022-09-25 23:12:38,464 [    train.py:  207]:	('Ner Acc', 0.9996833801269531),  ('CLS Classification Acc', 0.998821496963501)
[INFO] 2022-09-25 23:12:40,786 [    train.py:  219]:	Evaluate:
[INFO] 2022-09-25 23:12:40,786 [    train.py:  226]:	Loss 0.2347, ('Ner Loss', 0.031761877),  ('CLS Classification Loss', 0.20290548)
[INFO] 2022-09-25 23:12:40,786 [    train.py:  227]:	('Ner Acc', 0.99776417), ('CLS Classification Acc', 0.97484165)
[INFO] 2022-09-25 23:12:53,611 [    train.py:  236]:	Precision 0.519 Recall 0.427 F1 0.469
[INFO] 2022-09-25 23:13:34,436 [    train.py:  184]:	Epoch 59: 
[INFO] 2022-09-25 23:13:34,436 [    train.py:  185]:	Train:
[INFO] 2022-09-25 23:13:34,441 [    train.py:  197]:	Loss 0.0056, ('Ner Loss', 0.0010459235636517406),  ('CLS Classification Loss', 0.004504743497818708)
[INFO] 2022-09-25 23:13:34,441 [    train.py:  207]:	('Ner Acc', 0.9996366500854492),  ('CLS Classification Acc', 0.9984865188598633)
[INFO] 2022-09-25 23:13:36,762 [    train.py:  219]:	Evaluate:
[INFO] 2022-09-25 23:13:36,763 [    train.py:  226]:	Loss 0.2108, ('Ner Loss', 0.029581176),  ('CLS Classification Loss', 0.18126687)
[INFO] 2022-09-25 23:13:36,763 [    train.py:  227]:	('Ner Acc', 0.99761534), ('CLS Classification Acc', 0.97379094)
[INFO] 2022-09-25 23:13:49,558 [    train.py:  236]:	Precision 0.491 Recall 0.409 F1 0.447
[INFO] 2022-09-25 23:14:30,261 [    train.py:  184]:	Epoch 60: 
[INFO] 2022-09-25 23:14:30,262 [    train.py:  185]:	Train:
[INFO] 2022-09-25 23:14:30,264 [    train.py:  197]:	Loss 0.0044, ('Ner Loss', 0.0010413540294393897),  ('CLS Classification Loss', 0.003347734920680523)
[INFO] 2022-09-25 23:14:30,265 [    train.py:  207]:	('Ner Acc', 0.9996430277824402),  ('CLS Classification Acc', 0.9987471699714661)
[INFO] 2022-09-25 23:14:32,570 [    train.py:  219]:	Evaluate:
[INFO] 2022-09-25 23:14:32,571 [    train.py:  226]:	Loss 0.2351, ('Ner Loss', 0.029353132),  ('CLS Classification Loss', 0.2057929)
[INFO] 2022-09-25 23:14:32,571 [    train.py:  227]:	('Ner Acc', 0.9976433), ('CLS Classification Acc', 0.973547)
[INFO] 2022-09-25 23:14:45,416 [    train.py:  236]:	Precision 0.479 Recall 0.428 F1 0.452
[INFO] 2022-09-25 23:15:26,209 [    train.py:  184]:	Epoch 61: 
[INFO] 2022-09-25 23:15:26,209 [    train.py:  185]:	Train:
[INFO] 2022-09-25 23:15:26,213 [    train.py:  197]:	Loss 0.0035, ('Ner Loss', 0.0009930769447237253),  ('CLS Classification Loss', 0.002548096003010869)
[INFO] 2022-09-25 23:15:26,214 [    train.py:  207]:	('Ner Acc', 0.9996696710586548),  ('CLS Classification Acc', 0.9991316795349121)
[INFO] 2022-09-25 23:15:28,536 [    train.py:  219]:	Evaluate:
[INFO] 2022-09-25 23:15:28,537 [    train.py:  226]:	Loss 0.2557, ('Ner Loss', 0.031169051),  ('CLS Classification Loss', 0.22449975)
[INFO] 2022-09-25 23:15:28,537 [    train.py:  227]:	('Ner Acc', 0.997554), ('CLS Classification Acc', 0.9717806)
[INFO] 2022-09-25 23:15:41,739 [    train.py:  236]:	Precision 0.455 Recall 0.432 F1 0.443
[INFO] 2022-09-25 23:16:22,821 [    train.py:  184]:	Epoch 62: 
[INFO] 2022-09-25 23:16:22,821 [    train.py:  185]:	Train:
[INFO] 2022-09-25 23:16:22,826 [    train.py:  197]:	Loss 0.0046, ('Ner Loss', 0.0008262988994829357),  ('CLS Classification Loss', 0.003767556045204401)
[INFO] 2022-09-25 23:16:22,826 [    train.py:  207]:	('Ner Acc', 0.9996947050094604),  ('CLS Classification Acc', 0.9986851215362549)
[INFO] 2022-09-25 23:16:25,146 [    train.py:  219]:	Evaluate:
[INFO] 2022-09-25 23:16:25,147 [    train.py:  226]:	Loss 0.1999, ('Ner Loss', 0.029709129),  ('CLS Classification Loss', 0.1702161)
[INFO] 2022-09-25 23:16:25,147 [    train.py:  227]:	('Ner Acc', 0.997664), ('CLS Classification Acc', 0.9744914)
[INFO] 2022-09-25 23:16:37,838 [    train.py:  236]:	Precision 0.467 Recall 0.490 F1 0.478
[INFO] 2022-09-25 23:17:18,783 [    train.py:  184]:	Epoch 63: 
[INFO] 2022-09-25 23:17:18,784 [    train.py:  185]:	Train:
[INFO] 2022-09-25 23:17:18,787 [    train.py:  197]:	Loss 0.0040, ('Ner Loss', 0.0007914274465292692),  ('CLS Classification Loss', 0.0032032812014222145)
[INFO] 2022-09-25 23:17:18,787 [    train.py:  207]:	('Ner Acc', 0.9997075796127319),  ('CLS Classification Acc', 0.9990199208259583)
[INFO] 2022-09-25 23:17:21,098 [    train.py:  219]:	Evaluate:
[INFO] 2022-09-25 23:17:21,099 [    train.py:  226]:	Loss 0.2242, ('Ner Loss', 0.032157242),  ('CLS Classification Loss', 0.19202276)
[INFO] 2022-09-25 23:17:21,099 [    train.py:  227]:	('Ner Acc', 0.99760425), ('CLS Classification Acc', 0.9731055)
[INFO] 2022-09-25 23:17:34,111 [    train.py:  236]:	Precision 0.477 Recall 0.464 F1 0.471
[INFO] 2022-09-25 23:18:14,910 [    train.py:  184]:	Epoch 64: 
[INFO] 2022-09-25 23:18:14,911 [    train.py:  185]:	Train:
[INFO] 2022-09-25 23:18:14,916 [    train.py:  197]:	Loss 0.0028, ('Ner Loss', 0.0008042965200729668),  ('CLS Classification Loss', 0.001979399938136339)
[INFO] 2022-09-25 23:18:14,917 [    train.py:  207]:	('Ner Acc', 0.9997166395187378),  ('CLS Classification Acc', 0.9993422627449036)
[INFO] 2022-09-25 23:18:17,229 [    train.py:  219]:	Evaluate:
[INFO] 2022-09-25 23:18:17,230 [    train.py:  226]:	Loss 0.2524, ('Ner Loss', 0.03152945),  ('CLS Classification Loss', 0.22085805)
[INFO] 2022-09-25 23:18:17,230 [    train.py:  227]:	('Ner Acc', 0.9975345), ('CLS Classification Acc', 0.9706842)
[INFO] 2022-09-25 23:18:29,895 [    train.py:  236]:	Precision 0.456 Recall 0.486 F1 0.471
[INFO] 2022-09-25 23:19:10,390 [    train.py:  184]:	Epoch 65: 
[INFO] 2022-09-25 23:19:10,390 [    train.py:  185]:	Train:
[INFO] 2022-09-25 23:19:10,393 [    train.py:  197]:	Loss 0.0030, ('Ner Loss', 0.0008543245494365692),  ('CLS Classification Loss', 0.002113420981913805)
[INFO] 2022-09-25 23:19:10,393 [    train.py:  207]:	('Ner Acc', 0.9996951222419739),  ('CLS Classification Acc', 0.9993671774864197)
[INFO] 2022-09-25 23:19:12,685 [    train.py:  219]:	Evaluate:
[INFO] 2022-09-25 23:19:12,686 [    train.py:  226]:	Loss 0.2311, ('Ner Loss', 0.031378895),  ('CLS Classification Loss', 0.19973956)
[INFO] 2022-09-25 23:19:12,686 [    train.py:  227]:	('Ner Acc', 0.99754626), ('CLS Classification Acc', 0.97377545)
[INFO] 2022-09-25 23:19:25,346 [    train.py:  236]:	Precision 0.481 Recall 0.457 F1 0.468
[INFO] 2022-09-25 23:20:05,944 [    train.py:  184]:	Epoch 66: 
[INFO] 2022-09-25 23:20:05,944 [    train.py:  185]:	Train:
[INFO] 2022-09-25 23:20:05,950 [    train.py:  197]:	Loss 0.0029, ('Ner Loss', 0.0006692704628221691),  ('CLS Classification Loss', 0.002220330759882927)
[INFO] 2022-09-25 23:20:05,950 [    train.py:  207]:	('Ner Acc', 0.9997604489326477),  ('CLS Classification Acc', 0.9992430806159973)
[INFO] 2022-09-25 23:20:08,257 [    train.py:  219]:	Evaluate:
[INFO] 2022-09-25 23:20:08,258 [    train.py:  226]:	Loss 0.2308, ('Ner Loss', 0.0343553),  ('CLS Classification Loss', 0.19645038)
[INFO] 2022-09-25 23:20:08,258 [    train.py:  227]:	('Ner Acc', 0.99768305), ('CLS Classification Acc', 0.9759838)
[INFO] 2022-09-25 23:20:20,922 [    train.py:  236]:	Precision 0.533 Recall 0.438 F1 0.481
[INFO] 2022-09-25 23:21:01,583 [    train.py:  184]:	Epoch 67: 
[INFO] 2022-09-25 23:21:01,583 [    train.py:  185]:	Train:
[INFO] 2022-09-25 23:21:01,587 [    train.py:  197]:	Loss 0.0049, ('Ner Loss', 0.0007517588092014194),  ('CLS Classification Loss', 0.004117273259907961)
[INFO] 2022-09-25 23:21:01,587 [    train.py:  207]:	('Ner Acc', 0.9997438788414001),  ('CLS Classification Acc', 0.9988090395927429)
[INFO] 2022-09-25 23:21:03,895 [    train.py:  219]:	Evaluate:
[INFO] 2022-09-25 23:21:03,895 [    train.py:  226]:	Loss 0.2090, ('Ner Loss', 0.031245098),  ('CLS Classification Loss', 0.17773636)
[INFO] 2022-09-25 23:21:03,896 [    train.py:  227]:	('Ner Acc', 0.9977933), ('CLS Classification Acc', 0.9748874)
[INFO] 2022-09-25 23:21:16,489 [    train.py:  236]:	Precision 0.541 Recall 0.457 F1 0.495
[INFO] 2022-09-25 23:21:57,364 [    train.py:  184]:	Epoch 68: 
[INFO] 2022-09-25 23:21:57,364 [    train.py:  185]:	Train:
[INFO] 2022-09-25 23:21:57,370 [    train.py:  197]:	Loss 0.0043, ('Ner Loss', 0.0009160027839243412),  ('CLS Classification Loss', 0.003347176592797041)
[INFO] 2022-09-25 23:21:57,370 [    train.py:  207]:	('Ner Acc', 0.999705970287323),  ('CLS Classification Acc', 0.9989704489707947)
[INFO] 2022-09-25 23:21:59,700 [    train.py:  219]:	Evaluate:
[INFO] 2022-09-25 23:21:59,701 [    train.py:  226]:	Loss 0.2289, ('Ner Loss', 0.030869048),  ('CLS Classification Loss', 0.19805847)
[INFO] 2022-09-25 23:21:59,701 [    train.py:  227]:	('Ner Acc', 0.9976456), ('CLS Classification Acc', 0.9743391)
[INFO] 2022-09-25 23:22:12,675 [    train.py:  236]:	Precision 0.516 Recall 0.460 F1 0.487
[INFO] 2022-09-25 23:22:53,506 [    train.py:  184]:	Epoch 69: 
[INFO] 2022-09-25 23:22:53,506 [    train.py:  185]:	Train:
[INFO] 2022-09-25 23:22:53,509 [    train.py:  197]:	Loss 0.0029, ('Ner Loss', 0.000591478543356061),  ('CLS Classification Loss', 0.00233077141456306)
[INFO] 2022-09-25 23:22:53,510 [    train.py:  207]:	('Ner Acc', 0.9997921586036682),  ('CLS Classification Acc', 0.9992928504943848)
[INFO] 2022-09-25 23:22:55,833 [    train.py:  219]:	Evaluate:
[INFO] 2022-09-25 23:22:55,833 [    train.py:  226]:	Loss 0.2151, ('Ner Loss', 0.031203087),  ('CLS Classification Loss', 0.18389633)
[INFO] 2022-09-25 23:22:55,834 [    train.py:  227]:	('Ner Acc', 0.99779904), ('CLS Classification Acc', 0.9756792)
[INFO] 2022-09-25 23:23:08,656 [    train.py:  236]:	Precision 0.515 Recall 0.480 F1 0.497
[INFO] 2022-09-25 23:23:49,404 [    train.py:  184]:	Epoch 70: 
[INFO] 2022-09-25 23:23:49,404 [    train.py:  185]:	Train:
[INFO] 2022-09-25 23:23:49,409 [    train.py:  197]:	Loss 0.0023, ('Ner Loss', 0.0006882950547151268),  ('CLS Classification Loss', 0.001585841877385974)
[INFO] 2022-09-25 23:23:49,409 [    train.py:  207]:	('Ner Acc', 0.9997784495353699),  ('CLS Classification Acc', 0.9994539618492126)
[INFO] 2022-09-25 23:23:51,706 [    train.py:  219]:	Evaluate:
[INFO] 2022-09-25 23:23:51,707 [    train.py:  226]:	Loss 0.2376, ('Ner Loss', 0.030706393),  ('CLS Classification Loss', 0.2068814)
[INFO] 2022-09-25 23:23:51,707 [    train.py:  227]:	('Ner Acc', 0.997536), ('CLS Classification Acc', 0.972679)
[INFO] 2022-09-25 23:24:04,354 [    train.py:  236]:	Precision 0.476 Recall 0.451 F1 0.463
[INFO] 2022-09-25 23:24:44,871 [    train.py:  184]:	Epoch 71: 
[INFO] 2022-09-25 23:24:44,872 [    train.py:  185]:	Train:
[INFO] 2022-09-25 23:24:44,876 [    train.py:  197]:	Loss 0.0039, ('Ner Loss', 0.0006163971847854555),  ('CLS Classification Loss', 0.003287250641733408)
[INFO] 2022-09-25 23:24:44,876 [    train.py:  207]:	('Ner Acc', 0.9997762441635132),  ('CLS Classification Acc', 0.9988837242126465)
[INFO] 2022-09-25 23:24:47,195 [    train.py:  219]:	Evaluate:
[INFO] 2022-09-25 23:24:47,195 [    train.py:  226]:	Loss 0.2243, ('Ner Loss', 0.031371545),  ('CLS Classification Loss', 0.19295426)
[INFO] 2022-09-25 23:24:47,196 [    train.py:  227]:	('Ner Acc', 0.9977863), ('CLS Classification Acc', 0.9735319)
[INFO] 2022-09-25 23:24:59,804 [    train.py:  236]:	Precision 0.492 Recall 0.471 F1 0.481
[INFO] 2022-09-25 23:25:40,715 [    train.py:  184]:	Epoch 72: 
[INFO] 2022-09-25 23:25:40,716 [    train.py:  185]:	Train:
[INFO] 2022-09-25 23:25:40,719 [    train.py:  197]:	Loss 0.0047, ('Ner Loss', 0.0006397982942871749),  ('CLS Classification Loss', 0.004062877967953682)
[INFO] 2022-09-25 23:25:40,720 [    train.py:  207]:	('Ner Acc', 0.9997851848602295),  ('CLS Classification Acc', 0.9986975789070129)
[INFO] 2022-09-25 23:25:43,033 [    train.py:  219]:	Evaluate:
[INFO] 2022-09-25 23:25:43,033 [    train.py:  226]:	Loss 0.2221, ('Ner Loss', 0.031439096),  ('CLS Classification Loss', 0.1906765)
[INFO] 2022-09-25 23:25:43,034 [    train.py:  227]:	('Ner Acc', 0.99767256), ('CLS Classification Acc', 0.9719633)
[INFO] 2022-09-25 23:25:55,908 [    train.py:  236]:	Precision 0.465 Recall 0.467 F1 0.466
[INFO] 2022-09-25 23:26:36,508 [    train.py:  184]:	Epoch 73: 
[INFO] 2022-09-25 23:26:36,509 [    train.py:  185]:	Train:
[INFO] 2022-09-25 23:26:36,515 [    train.py:  197]:	Loss 0.0034, ('Ner Loss', 0.0006573881255462766),  ('CLS Classification Loss', 0.0027188165113329887)
[INFO] 2022-09-25 23:26:36,515 [    train.py:  207]:	('Ner Acc', 0.9997687339782715),  ('CLS Classification Acc', 0.9991936683654785)
[INFO] 2022-09-25 23:26:38,819 [    train.py:  219]:	Evaluate:
[INFO] 2022-09-25 23:26:38,819 [    train.py:  226]:	Loss 0.2291, ('Ner Loss', 0.030356215),  ('CLS Classification Loss', 0.1987937)
[INFO] 2022-09-25 23:26:38,819 [    train.py:  227]:	('Ner Acc', 0.9977374), ('CLS Classification Acc', 0.97394323)
[INFO] 2022-09-25 23:26:51,677 [    train.py:  236]:	Precision 0.510 Recall 0.411 F1 0.455
[INFO] 2022-09-25 23:27:32,201 [    train.py:  184]:	Epoch 74: 
[INFO] 2022-09-25 23:27:32,202 [    train.py:  185]:	Train:
[INFO] 2022-09-25 23:27:32,205 [    train.py:  197]:	Loss 0.0023, ('Ner Loss', 0.0006274976185522974),  ('CLS Classification Loss', 0.0017221574671566486)
[INFO] 2022-09-25 23:27:32,206 [    train.py:  207]:	('Ner Acc', 0.9997802972793579),  ('CLS Classification Acc', 0.999392032623291)
[INFO] 2022-09-25 23:27:34,482 [    train.py:  219]:	Evaluate:
[INFO] 2022-09-25 23:27:34,483 [    train.py:  226]:	Loss 0.2284, ('Ner Loss', 0.030690372),  ('CLS Classification Loss', 0.19775182)
[INFO] 2022-09-25 23:27:34,483 [    train.py:  227]:	('Ner Acc', 0.9978284), ('CLS Classification Acc', 0.9756945)
[INFO] 2022-09-25 23:27:47,277 [    train.py:  236]:	Precision 0.530 Recall 0.440 F1 0.481
[INFO] 2022-09-25 23:28:27,959 [    train.py:  184]:	Epoch 75: 
[INFO] 2022-09-25 23:28:27,960 [    train.py:  185]:	Train:
[INFO] 2022-09-25 23:28:27,965 [    train.py:  197]:	Loss 0.0030, ('Ner Loss', 0.0006323073175735772),  ('CLS Classification Loss', 0.0023496856447309256)
[INFO] 2022-09-25 23:28:27,965 [    train.py:  207]:	('Ner Acc', 0.9997848272323608),  ('CLS Classification Acc', 0.9993053078651428)
[INFO] 2022-09-25 23:28:30,276 [    train.py:  219]:	Evaluate:
[INFO] 2022-09-25 23:28:30,277 [    train.py:  226]:	Loss 0.2430, ('Ner Loss', 0.03141527),  ('CLS Classification Loss', 0.21158534)
[INFO] 2022-09-25 23:28:30,277 [    train.py:  227]:	('Ner Acc', 0.9976017), ('CLS Classification Acc', 0.97293806)
[INFO] 2022-09-25 23:28:42,917 [    train.py:  236]:	Precision 0.471 Recall 0.486 F1 0.478
[INFO] 2022-09-25 23:29:23,642 [    train.py:  184]:	Epoch 76: 
[INFO] 2022-09-25 23:29:23,643 [    train.py:  185]:	Train:
[INFO] 2022-09-25 23:29:23,646 [    train.py:  197]:	Loss 0.0030, ('Ner Loss', 0.0005672970437444746),  ('CLS Classification Loss', 0.0024432477075606585)
[INFO] 2022-09-25 23:29:23,646 [    train.py:  207]:	('Ner Acc', 0.9998076558113098),  ('CLS Classification Acc', 0.9992307424545288)
[INFO] 2022-09-25 23:29:25,987 [    train.py:  219]:	Evaluate:
[INFO] 2022-09-25 23:29:25,988 [    train.py:  226]:	Loss 0.2134, ('Ner Loss', 0.031027518),  ('CLS Classification Loss', 0.18233535)
[INFO] 2022-09-25 23:29:25,988 [    train.py:  227]:	('Ner Acc', 0.9977417), ('CLS Classification Acc', 0.9724507)
[INFO] 2022-09-25 23:29:39,348 [    train.py:  236]:	Precision 0.488 Recall 0.464 F1 0.476
[INFO] 2022-09-25 23:30:19,990 [    train.py:  184]:	Epoch 77: 
[INFO] 2022-09-25 23:30:19,991 [    train.py:  185]:	Train:
[INFO] 2022-09-25 23:30:19,995 [    train.py:  197]:	Loss 0.0024, ('Ner Loss', 0.000508580356836319),  ('CLS Classification Loss', 0.0019125891849398613)
[INFO] 2022-09-25 23:30:19,996 [    train.py:  207]:	('Ner Acc', 0.9998295307159424),  ('CLS Classification Acc', 0.9994167685508728)
[INFO] 2022-09-25 23:30:22,281 [    train.py:  219]:	Evaluate:
[INFO] 2022-09-25 23:30:22,281 [    train.py:  226]:	Loss 0.2229, ('Ner Loss', 0.03090726),  ('CLS Classification Loss', 0.19196793)
[INFO] 2022-09-25 23:30:22,282 [    train.py:  227]:	('Ner Acc', 0.99772465), ('CLS Classification Acc', 0.97418684)
[INFO] 2022-09-25 23:30:35,199 [    train.py:  236]:	Precision 0.476 Recall 0.459 F1 0.467
[INFO] 2022-09-25 23:31:15,631 [    train.py:  184]:	Epoch 78: 
[INFO] 2022-09-25 23:31:15,632 [    train.py:  185]:	Train:
[INFO] 2022-09-25 23:31:15,635 [    train.py:  197]:	Loss 0.0018, ('Ner Loss', 0.0005162030574865639),  ('CLS Classification Loss', 0.0012554473942145705)
[INFO] 2022-09-25 23:31:15,635 [    train.py:  207]:	('Ner Acc', 0.9998254776000977),  ('CLS Classification Acc', 0.9995534420013428)
[INFO] 2022-09-25 23:31:17,943 [    train.py:  219]:	Evaluate:
[INFO] 2022-09-25 23:31:17,943 [    train.py:  226]:	Loss 0.2411, ('Ner Loss', 0.03173411),  ('CLS Classification Loss', 0.2093778)
[INFO] 2022-09-25 23:31:17,943 [    train.py:  227]:	('Ner Acc', 0.99776447), ('CLS Classification Acc', 0.973867)
[INFO] 2022-09-25 23:31:30,907 [    train.py:  236]:	Precision 0.493 Recall 0.453 F1 0.472
[INFO] 2022-09-25 23:32:11,839 [    train.py:  184]:	Epoch 79: 
[INFO] 2022-09-25 23:32:11,839 [    train.py:  185]:	Train:
[INFO] 2022-09-25 23:32:11,844 [    train.py:  197]:	Loss 0.0019, ('Ner Loss', 0.0004366649955045432),  ('CLS Classification Loss', 0.0014201410813257098)
[INFO] 2022-09-25 23:32:11,845 [    train.py:  207]:	('Ner Acc', 0.999846875667572),  ('CLS Classification Acc', 0.9995903968811035)
[INFO] 2022-09-25 23:32:14,165 [    train.py:  219]:	Evaluate:
[INFO] 2022-09-25 23:32:14,166 [    train.py:  226]:	Loss 0.2449, ('Ner Loss', 0.03336795),  ('CLS Classification Loss', 0.21150391)
[INFO] 2022-09-25 23:32:14,166 [    train.py:  227]:	('Ner Acc', 0.99773395), ('CLS Classification Acc', 0.9734253)
[INFO] 2022-09-25 23:32:26,999 [    train.py:  236]:	Precision 0.487 Recall 0.450 F1 0.467
[INFO] 2022-09-25 23:33:07,755 [    train.py:  184]:	Epoch 80: 
[INFO] 2022-09-25 23:33:07,755 [    train.py:  185]:	Train:
[INFO] 2022-09-25 23:33:07,761 [    train.py:  197]:	Loss 0.0022, ('Ner Loss', 0.00048702562344260514),  ('CLS Classification Loss', 0.001705553149804473)
[INFO] 2022-09-25 23:33:07,761 [    train.py:  207]:	('Ner Acc', 0.9998331069946289),  ('CLS Classification Acc', 0.9994662404060364)
[INFO] 2022-09-25 23:33:10,069 [    train.py:  219]:	Evaluate:
[INFO] 2022-09-25 23:33:10,070 [    train.py:  226]:	Loss 0.2503, ('Ner Loss', 0.03333761),  ('CLS Classification Loss', 0.21692052)
[INFO] 2022-09-25 23:33:10,070 [    train.py:  227]:	('Ner Acc', 0.99767715), ('CLS Classification Acc', 0.9716436)
[INFO] 2022-09-25 23:33:22,862 [    train.py:  236]:	Precision 0.470 Recall 0.457 F1 0.463
[INFO] 2022-09-25 23:34:03,634 [    train.py:  184]:	Epoch 81: 
[INFO] 2022-09-25 23:34:03,635 [    train.py:  185]:	Train:
[INFO] 2022-09-25 23:34:03,642 [    train.py:  197]:	Loss 0.0029, ('Ner Loss', 0.0004351255774963647),  ('CLS Classification Loss', 0.002458763774484396)
[INFO] 2022-09-25 23:34:03,643 [    train.py:  207]:	('Ner Acc', 0.9998566508293152),  ('CLS Classification Acc', 0.9992927312850952)
[INFO] 2022-09-25 23:34:05,954 [    train.py:  219]:	Evaluate:
[INFO] 2022-09-25 23:34:05,954 [    train.py:  226]:	Loss 0.2416, ('Ner Loss', 0.033046566),  ('CLS Classification Loss', 0.2085225)
[INFO] 2022-09-25 23:34:05,954 [    train.py:  227]:	('Ner Acc', 0.9976017), ('CLS Classification Acc', 0.97149116)
[INFO] 2022-09-25 23:34:18,774 [    train.py:  236]:	Precision 0.464 Recall 0.427 F1 0.445
[INFO] 2022-09-25 23:34:59,595 [    train.py:  184]:	Epoch 82: 
[INFO] 2022-09-25 23:34:59,595 [    train.py:  185]:	Train:
[INFO] 2022-09-25 23:34:59,599 [    train.py:  197]:	Loss 0.0026, ('Ner Loss', 0.00048079012776724994),  ('CLS Classification Loss', 0.002161896089091897)
[INFO] 2022-09-25 23:34:59,599 [    train.py:  207]:	('Ner Acc', 0.999844491481781),  ('CLS Classification Acc', 0.9994294047355652)
[INFO] 2022-09-25 23:35:01,892 [    train.py:  219]:	Evaluate:
[INFO] 2022-09-25 23:35:01,893 [    train.py:  226]:	Loss 0.2504, ('Ner Loss', 0.032259043),  ('CLS Classification Loss', 0.21814401)
[INFO] 2022-09-25 23:35:01,893 [    train.py:  227]:	('Ner Acc', 0.99760056), ('CLS Classification Acc', 0.9714913)
[INFO] 2022-09-25 23:35:14,516 [    train.py:  236]:	Precision 0.471 Recall 0.458 F1 0.465
[INFO] 2022-09-25 23:35:55,320 [    train.py:  184]:	Epoch 83: 
[INFO] 2022-09-25 23:35:55,320 [    train.py:  185]:	Train:
[INFO] 2022-09-25 23:35:55,323 [    train.py:  197]:	Loss 0.0020, ('Ner Loss', 0.00040912642725743353),  ('CLS Classification Loss', 0.001575679169036448)
[INFO] 2022-09-25 23:35:55,323 [    train.py:  207]:	('Ner Acc', 0.9998580813407898),  ('CLS Classification Acc', 0.9995285272598267)
[INFO] 2022-09-25 23:35:57,628 [    train.py:  219]:	Evaluate:
[INFO] 2022-09-25 23:35:57,629 [    train.py:  226]:	Loss 0.2509, ('Ner Loss', 0.03280442),  ('CLS Classification Loss', 0.21814226)
[INFO] 2022-09-25 23:35:57,629 [    train.py:  227]:	('Ner Acc', 0.99762505), ('CLS Classification Acc', 0.97143024)
[INFO] 2022-09-25 23:36:10,571 [    train.py:  236]:	Precision 0.479 Recall 0.467 F1 0.473
[INFO] 2022-09-25 23:36:51,165 [    train.py:  184]:	Epoch 84: 
[INFO] 2022-09-25 23:36:51,165 [    train.py:  185]:	Train:
[INFO] 2022-09-25 23:36:51,168 [    train.py:  197]:	Loss 0.0025, ('Ner Loss', 0.00038942904211580753),  ('CLS Classification Loss', 0.0020706839859485626)
[INFO] 2022-09-25 23:36:51,168 [    train.py:  207]:	('Ner Acc', 0.9998721480369568),  ('CLS Classification Acc', 0.9993671774864197)
[INFO] 2022-09-25 23:36:53,476 [    train.py:  219]:	Evaluate:
[INFO] 2022-09-25 23:36:53,476 [    train.py:  226]:	Loss 0.2435, ('Ner Loss', 0.034089398),  ('CLS Classification Loss', 0.20937406)
[INFO] 2022-09-25 23:36:53,477 [    train.py:  227]:	('Ner Acc', 0.9976388), ('CLS Classification Acc', 0.9713085)
[INFO] 2022-09-25 23:37:06,036 [    train.py:  236]:	Precision 0.476 Recall 0.482 F1 0.479
[INFO] 2022-09-25 23:37:46,735 [    train.py:  184]:	Epoch 85: 
[INFO] 2022-09-25 23:37:46,736 [    train.py:  185]:	Train:
[INFO] 2022-09-25 23:37:46,739 [    train.py:  197]:	Loss 0.0019, ('Ner Loss', 0.0004134216869715601),  ('CLS Classification Loss', 0.0014981954591348767)
[INFO] 2022-09-25 23:37:46,739 [    train.py:  207]:	('Ner Acc', 0.999864935874939),  ('CLS Classification Acc', 0.999553382396698)
[INFO] 2022-09-25 23:37:49,049 [    train.py:  219]:	Evaluate:
[INFO] 2022-09-25 23:37:49,050 [    train.py:  226]:	Loss 0.2679, ('Ner Loss', 0.034852836),  ('CLS Classification Loss', 0.23302826)
[INFO] 2022-09-25 23:37:49,050 [    train.py:  227]:	('Ner Acc', 0.99746865), ('CLS Classification Acc', 0.9711562)
[INFO] 2022-09-25 23:38:01,932 [    train.py:  236]:	Precision 0.460 Recall 0.470 F1 0.465
[INFO] 2022-09-25 23:38:42,631 [    train.py:  184]:	Epoch 86: 
[INFO] 2022-09-25 23:38:42,632 [    train.py:  185]:	Train:
[INFO] 2022-09-25 23:38:42,639 [    train.py:  197]:	Loss 0.0021, ('Ner Loss', 0.0006217091577127576),  ('CLS Classification Loss', 0.00143716752063483)
[INFO] 2022-09-25 23:38:42,640 [    train.py:  207]:	('Ner Acc', 0.999783456325531),  ('CLS Classification Acc', 0.9995781779289246)
[INFO] 2022-09-25 23:38:44,969 [    train.py:  219]:	Evaluate:
[INFO] 2022-09-25 23:38:44,970 [    train.py:  226]:	Loss 0.2491, ('Ner Loss', 0.030079328),  ('CLS Classification Loss', 0.21899891)
[INFO] 2022-09-25 23:38:44,970 [    train.py:  227]:	('Ner Acc', 0.9976242), ('CLS Classification Acc', 0.9732426)
[INFO] 2022-09-25 23:38:57,906 [    train.py:  236]:	Precision 0.484 Recall 0.479 F1 0.482
[INFO] 2022-09-25 23:39:38,667 [    train.py:  184]:	Epoch 87: 
[INFO] 2022-09-25 23:39:38,668 [    train.py:  185]:	Train:
[INFO] 2022-09-25 23:39:38,670 [    train.py:  197]:	Loss 0.0015, ('Ner Loss', 0.0003825908061116934),  ('CLS Classification Loss', 0.0011117858812212944)
[INFO] 2022-09-25 23:39:38,670 [    train.py:  207]:	('Ner Acc', 0.9998733401298523),  ('CLS Classification Acc', 0.9996525645256042)
[INFO] 2022-09-25 23:39:40,979 [    train.py:  219]:	Evaluate:
[INFO] 2022-09-25 23:39:40,980 [    train.py:  226]:	Loss 0.2665, ('Ner Loss', 0.03424975),  ('CLS Classification Loss', 0.23221977)
[INFO] 2022-09-25 23:39:40,980 [    train.py:  227]:	('Ner Acc', 0.99775374), ('CLS Classification Acc', 0.9738212)
[INFO] 2022-09-25 23:39:53,809 [    train.py:  236]:	Precision 0.506 Recall 0.432 F1 0.466
[INFO] 2022-09-25 23:40:34,559 [    train.py:  184]:	Epoch 88: 
[INFO] 2022-09-25 23:40:34,560 [    train.py:  185]:	Train:
[INFO] 2022-09-25 23:40:34,567 [    train.py:  197]:	Loss 0.0018, ('Ner Loss', 0.0004092479939572513),  ('CLS Classification Loss', 0.001363731687888503)
[INFO] 2022-09-25 23:40:34,567 [    train.py:  207]:	('Ner Acc', 0.9998714923858643),  ('CLS Classification Acc', 0.999553382396698)
[INFO] 2022-09-25 23:40:36,902 [    train.py:  219]:	Evaluate:
[INFO] 2022-09-25 23:40:36,902 [    train.py:  226]:	Loss 0.2758, ('Ner Loss', 0.035269246),  ('CLS Classification Loss', 0.24056177)
[INFO] 2022-09-25 23:40:36,903 [    train.py:  227]:	('Ner Acc', 0.9976204), ('CLS Classification Acc', 0.972801)
[INFO] 2022-09-25 23:40:49,546 [    train.py:  236]:	Precision 0.499 Recall 0.443 F1 0.469
[INFO] 2022-09-25 23:41:30,090 [    train.py:  184]:	Epoch 89: 
[INFO] 2022-09-25 23:41:30,090 [    train.py:  185]:	Train:
[INFO] 2022-09-25 23:41:30,094 [    train.py:  197]:	Loss 0.0035, ('Ner Loss', 0.0005226136418059468),  ('CLS Classification Loss', 0.0029917173087596893)
[INFO] 2022-09-25 23:41:30,094 [    train.py:  207]:	('Ner Acc', 0.9998365044593811),  ('CLS Classification Acc', 0.9989702701568604)
[INFO] 2022-09-25 23:41:32,401 [    train.py:  219]:	Evaluate:
[INFO] 2022-09-25 23:41:32,401 [    train.py:  226]:	Loss 0.2493, ('Ner Loss', 0.032005917),  ('CLS Classification Loss', 0.21727386)
[INFO] 2022-09-25 23:41:32,402 [    train.py:  227]:	('Ner Acc', 0.99764985), ('CLS Classification Acc', 0.97135425)
[INFO] 2022-09-25 23:41:45,586 [    train.py:  236]:	Precision 0.492 Recall 0.446 F1 0.468
[INFO] 2022-09-25 23:42:26,067 [    train.py:  184]:	Epoch 90: 
[INFO] 2022-09-25 23:42:26,067 [    train.py:  185]:	Train:
[INFO] 2022-09-25 23:42:26,069 [    train.py:  197]:	Loss 0.0029, ('Ner Loss', 0.0005574821261689067),  ('CLS Classification Loss', 0.0023602298460900784)
[INFO] 2022-09-25 23:42:26,070 [    train.py:  207]:	('Ner Acc', 0.9998270273208618),  ('CLS Classification Acc', 0.9991934895515442)
[INFO] 2022-09-25 23:42:28,354 [    train.py:  219]:	Evaluate:
[INFO] 2022-09-25 23:42:28,354 [    train.py:  226]:	Loss 0.2361, ('Ner Loss', 0.031456675),  ('CLS Classification Loss', 0.20466295)
[INFO] 2022-09-25 23:42:28,355 [    train.py:  227]:	('Ner Acc', 0.9976678), ('CLS Classification Acc', 0.9723439)
[INFO] 2022-09-25 23:42:40,992 [    train.py:  236]:	Precision 0.504 Recall 0.421 F1 0.459
[INFO] 2022-09-25 23:43:21,472 [    train.py:  184]:	Epoch 91: 
[INFO] 2022-09-25 23:43:21,472 [    train.py:  185]:	Train:
[INFO] 2022-09-25 23:43:21,475 [    train.py:  197]:	Loss 0.0028, ('Ner Loss', 0.00048715234152041376),  ('CLS Classification Loss', 0.0022674112115055323)
[INFO] 2022-09-25 23:43:21,475 [    train.py:  207]:	('Ner Acc', 0.9998372793197632),  ('CLS Classification Acc', 0.9993425607681274)
[INFO] 2022-09-25 23:43:23,759 [    train.py:  219]:	Evaluate:
[INFO] 2022-09-25 23:43:23,760 [    train.py:  226]:	Loss 0.2274, ('Ner Loss', 0.030675627),  ('CLS Classification Loss', 0.19670776)
[INFO] 2022-09-25 23:43:23,760 [    train.py:  227]:	('Ner Acc', 0.9977895), ('CLS Classification Acc', 0.97333395)
[INFO] 2022-09-25 23:43:36,987 [    train.py:  236]:	Precision 0.484 Recall 0.477 F1 0.480
[INFO] 2022-09-25 23:44:17,657 [    train.py:  184]:	Epoch 92: 
[INFO] 2022-09-25 23:44:17,658 [    train.py:  185]:	Train:
[INFO] 2022-09-25 23:44:17,663 [    train.py:  197]:	Loss 0.0017, ('Ner Loss', 0.0003620433562900871),  ('CLS Classification Loss', 0.001365584321320057)
[INFO] 2022-09-25 23:44:17,663 [    train.py:  207]:	('Ner Acc', 0.9998806715011597),  ('CLS Classification Acc', 0.9995658993721008)
[INFO] 2022-09-25 23:44:19,965 [    train.py:  219]:	Evaluate:
[INFO] 2022-09-25 23:44:19,965 [    train.py:  226]:	Loss 0.2505, ('Ner Loss', 0.032861624),  ('CLS Classification Loss', 0.21759257)
[INFO] 2022-09-25 23:44:19,966 [    train.py:  227]:	('Ner Acc', 0.99774283), ('CLS Classification Acc', 0.97210044)
[INFO] 2022-09-25 23:44:32,784 [    train.py:  236]:	Precision 0.515 Recall 0.418 F1 0.461
[INFO] 2022-09-25 23:45:13,682 [    train.py:  184]:	Epoch 93: 
[INFO] 2022-09-25 23:45:13,682 [    train.py:  185]:	Train:
[INFO] 2022-09-25 23:45:13,685 [    train.py:  197]:	Loss 0.0011, ('Ner Loss', 0.00029959765379317105),  ('CLS Classification Loss', 0.0007993672043085098)
[INFO] 2022-09-25 23:45:13,685 [    train.py:  207]:	('Ner Acc', 0.9999017715454102),  ('CLS Classification Acc', 0.9997270703315735)
[INFO] 2022-09-25 23:45:15,990 [    train.py:  219]:	Evaluate:
[INFO] 2022-09-25 23:45:15,991 [    train.py:  226]:	Loss 0.2590, ('Ner Loss', 0.03409711),  ('CLS Classification Loss', 0.22488745)
[INFO] 2022-09-25 23:45:15,991 [    train.py:  227]:	('Ner Acc', 0.99775213), ('CLS Classification Acc', 0.97293794)
[INFO] 2022-09-25 23:45:28,854 [    train.py:  236]:	Precision 0.528 Recall 0.432 F1 0.475
[INFO] 2022-09-25 23:46:09,455 [    train.py:  184]:	Epoch 94: 
[INFO] 2022-09-25 23:46:09,455 [    train.py:  185]:	Train:
[INFO] 2022-09-25 23:46:09,458 [    train.py:  197]:	Loss 0.0015, ('Ner Loss', 0.0003094845451414585),  ('CLS Classification Loss', 0.0011449706507846713)
[INFO] 2022-09-25 23:46:09,458 [    train.py:  207]:	('Ner Acc', 0.9999001622200012),  ('CLS Classification Acc', 0.9996401071548462)
[INFO] 2022-09-25 23:46:11,779 [    train.py:  219]:	Evaluate:
[INFO] 2022-09-25 23:46:11,779 [    train.py:  226]:	Loss 0.2491, ('Ner Loss', 0.033280183),  ('CLS Classification Loss', 0.21580131)
[INFO] 2022-09-25 23:46:11,780 [    train.py:  227]:	('Ner Acc', 0.99769133), ('CLS Classification Acc', 0.97528327)
[INFO] 2022-09-25 23:46:24,811 [    train.py:  236]:	Precision 0.524 Recall 0.440 F1 0.478
[INFO] 2022-09-25 23:47:05,566 [    train.py:  184]:	Epoch 95: 
[INFO] 2022-09-25 23:47:05,567 [    train.py:  185]:	Train:
[INFO] 2022-09-25 23:47:05,569 [    train.py:  197]:	Loss 0.0023, ('Ner Loss', 0.0003741249965969473),  ('CLS Classification Loss', 0.0018773172050714493)
[INFO] 2022-09-25 23:47:05,569 [    train.py:  207]:	('Ner Acc', 0.9998780488967896),  ('CLS Classification Acc', 0.9994789958000183)
[INFO] 2022-09-25 23:47:07,889 [    train.py:  219]:	Evaluate:
[INFO] 2022-09-25 23:47:07,889 [    train.py:  226]:	Loss 0.2350, ('Ner Loss', 0.032038614),  ('CLS Classification Loss', 0.20295268)
[INFO] 2022-09-25 23:47:07,889 [    train.py:  227]:	('Ner Acc', 0.99762535), ('CLS Classification Acc', 0.97123235)
[INFO] 2022-09-25 23:47:20,746 [    train.py:  236]:	Precision 0.449 Recall 0.480 F1 0.464
[INFO] 2022-09-25 23:48:01,454 [    train.py:  184]:	Epoch 96: 
[INFO] 2022-09-25 23:48:01,454 [    train.py:  185]:	Train:
[INFO] 2022-09-25 23:48:01,460 [    train.py:  197]:	Loss 0.0028, ('Ner Loss', 0.0004067630507051945),  ('CLS Classification Loss', 0.0023693530820310116)
[INFO] 2022-09-25 23:48:01,460 [    train.py:  207]:	('Ner Acc', 0.9998621344566345),  ('CLS Classification Acc', 0.9992061257362366)
[INFO] 2022-09-25 23:48:03,772 [    train.py:  219]:	Evaluate:
[INFO] 2022-09-25 23:48:03,773 [    train.py:  226]:	Loss 0.2342, ('Ner Loss', 0.032862075),  ('CLS Classification Loss', 0.20134461)
[INFO] 2022-09-25 23:48:03,773 [    train.py:  227]:	('Ner Acc', 0.99770415), ('CLS Classification Acc', 0.97336435)
[INFO] 2022-09-25 23:48:17,187 [    train.py:  236]:	Precision 0.488 Recall 0.493 F1 0.491
[INFO] 2022-09-25 23:48:57,989 [    train.py:  184]:	Epoch 97: 
[INFO] 2022-09-25 23:48:57,989 [    train.py:  185]:	Train:
[INFO] 2022-09-25 23:48:57,994 [    train.py:  197]:	Loss 0.0026, ('Ner Loss', 0.0004564081900753081),  ('CLS Classification Loss', 0.0021521402522921562)
[INFO] 2022-09-25 23:48:57,995 [    train.py:  207]:	('Ner Acc', 0.999852180480957),  ('CLS Classification Acc', 0.9992558360099792)
[INFO] 2022-09-25 23:49:00,298 [    train.py:  219]:	Evaluate:
[INFO] 2022-09-25 23:49:00,298 [    train.py:  226]:	Loss 0.2587, ('Ner Loss', 0.033906482),  ('CLS Classification Loss', 0.2247458)
[INFO] 2022-09-25 23:49:00,299 [    train.py:  227]:	('Ner Acc', 0.9977021), ('CLS Classification Acc', 0.97333395)
[INFO] 2022-09-25 23:49:13,205 [    train.py:  236]:	Precision 0.519 Recall 0.451 F1 0.483
[INFO] 2022-09-25 23:49:54,071 [    train.py:  184]:	Epoch 98: 
[INFO] 2022-09-25 23:49:54,071 [    train.py:  185]:	Train:
[INFO] 2022-09-25 23:49:54,074 [    train.py:  197]:	Loss 0.0025, ('Ner Loss', 0.00033049104968085885),  ('CLS Classification Loss', 0.0021350246388465166)
[INFO] 2022-09-25 23:49:54,074 [    train.py:  207]:	('Ner Acc', 0.9998828172683716),  ('CLS Classification Acc', 0.9993674159049988)
[INFO] 2022-09-25 23:49:56,396 [    train.py:  219]:	Evaluate:
[INFO] 2022-09-25 23:49:56,397 [    train.py:  226]:	Loss 0.2423, ('Ner Loss', 0.032862805),  ('CLS Classification Loss', 0.20944417)
[INFO] 2022-09-25 23:49:56,397 [    train.py:  227]:	('Ner Acc', 0.99769515), ('CLS Classification Acc', 0.974537)
[INFO] 2022-09-25 23:50:09,303 [    train.py:  236]:	Precision 0.503 Recall 0.465 F1 0.483
[INFO] 2022-09-25 23:50:50,255 [    train.py:  184]:	Epoch 99: 
[INFO] 2022-09-25 23:50:50,256 [    train.py:  185]:	Train:
[INFO] 2022-09-25 23:50:50,259 [    train.py:  197]:	Loss 0.0016, ('Ner Loss', 0.00030138666625134647),  ('CLS Classification Loss', 0.001283595454879105)
[INFO] 2022-09-25 23:50:50,259 [    train.py:  207]:	('Ner Acc', 0.9999023675918579),  ('CLS Classification Acc', 0.9995408058166504)
[INFO] 2022-09-25 23:50:52,584 [    train.py:  219]:	Evaluate:
[INFO] 2022-09-25 23:50:52,584 [    train.py:  226]:	Loss 0.2556, ('Ner Loss', 0.03350814),  ('CLS Classification Loss', 0.22212406)
[INFO] 2022-09-25 23:50:52,585 [    train.py:  227]:	('Ner Acc', 0.9975932), ('CLS Classification Acc', 0.9729686)
[INFO] 2022-09-25 23:51:05,445 [    train.py:  236]:	Precision 0.484 Recall 0.488 F1 0.486
[INFO] 2022-09-25 23:51:46,014 [    train.py:  184]:	Epoch 100: 
[INFO] 2022-09-25 23:51:46,015 [    train.py:  185]:	Train:
[INFO] 2022-09-25 23:51:46,017 [    train.py:  197]:	Loss 0.0010, ('Ner Loss', 0.00029642932349815965),  ('CLS Classification Loss', 0.0007317636627703905)
[INFO] 2022-09-25 23:51:46,017 [    train.py:  207]:	('Ner Acc', 0.9999141097068787),  ('CLS Classification Acc', 0.9997392892837524)
[INFO] 2022-09-25 23:51:48,336 [    train.py:  219]:	Evaluate:
[INFO] 2022-09-25 23:51:48,336 [    train.py:  226]:	Loss 0.2589, ('Ner Loss', 0.033025775),  ('CLS Classification Loss', 0.22589335)
[INFO] 2022-09-25 23:51:48,337 [    train.py:  227]:	('Ner Acc', 0.9976999), ('CLS Classification Acc', 0.975725)
[INFO] 2022-09-25 23:52:01,328 [    train.py:  236]:	Precision 0.542 Recall 0.454 F1 0.494
[INFO] 2022-09-25 23:52:01,328 [    train.py:  256]:	Best Epoch 69; Best f1 0.4969400244798041 precision 0.514575411913815 recall 0.4804733727810651;
