[INFO] 2022-10-03 13:24:46,123 [    train.py:  509]:	Namespace(block_att_head_num=1, cased=False, d_block=0, data_aug=2, dataset='res15', do_test=True, do_train=True, do_valid=True, drop_null_data=True, dropout_rate=0.2, epochs=100, extra_attention=True, fuse_strategy='update', init_model_dir='', language='en', loss_ratio=5.0, lr=2e-05, mask_sb=True, model_type='end_to_end', output_dir='./output2', save_dir='', schema='BIO', task_name='ttee_res15_100epoch_0d_2aug_2e-5lr_uncased_0.2dropout_dropnull_5loss_BIO', test_batch_size=32, train_batch_size=16, valid_freq=1)
[INFO] 2022-10-03 13:24:59,822 [    train.py:  119]:	{'init_bert_model': 'bert-base-uncased', 'sentence_b': DictWrapper({'texts': ListWrapper(['general of ambience', 'price of drinks', 'quality of drinks', 'style options of drinks', 'prices of food', 'quality of food', 'style options of food', 'general of location', 'general of restaurant', 'miscellaneous of restaurant', 'prices of restaurant', 'general of service']), 'sentiments': ListWrapper(['negative', 'neutral', 'positive'])}), 'num_sentiment_classes': 3, 'subblock_hidden_size': 0, 'subblock_head_num': 1, 'cache_dir': 'bert_models/bert-base-uncased', 'fuse_strategy': 'update', 'tagging_schema': 'BIO', 'extra_attention': True, 'dropout': 0.2, 'loss_ratio': 5.0}
[INFO] 2022-10-03 13:24:59,823 [    train.py:  121]:	Number of Train Sentence: 1120
[INFO] 2022-10-03 13:24:59,832 [    train.py:  526]:	Data augment: Merge 2 train data together
[INFO] 2022-10-03 13:26:07,293 [    train.py:  185]:	Epoch 1: 
[INFO] 2022-10-03 13:26:07,293 [    train.py:  186]:	Train:
[INFO] 2022-10-03 13:26:07,300 [    train.py:  198]:	Loss 0.8745, ('Ner Loss', 0.11915912479162216),  ('CLS Classification Loss', 0.2786906659603119)
[INFO] 2022-10-03 13:26:07,300 [    train.py:  208]:	('Ner Acc', 0.9664157032966614),  ('CLS Classification Acc', 0.928087592124939)
[INFO] 2022-10-03 13:26:12,295 [    train.py:  220]:	Evaluate:
[INFO] 2022-10-03 13:26:12,296 [    train.py:  227]:	Loss 0.2816, ('Ner Loss', 0.022779007),  ('CLS Classification Loss', 0.16770045)
[INFO] 2022-10-03 13:26:12,296 [    train.py:  228]:	('Ner Acc', 0.9971178), ('CLS Classification Acc', 0.962567)
[INFO] 2022-10-03 13:26:23,317 [    train.py:  237]:	Precision 0.000 Recall 0.000 F1 0.000
[INFO] 2022-10-03 13:27:02,415 [    train.py:  185]:	Epoch 2: 
[INFO] 2022-10-03 13:27:02,416 [    train.py:  186]:	Train:
[INFO] 2022-10-03 13:27:02,420 [    train.py:  198]:	Loss 0.5113, ('Ner Loss', 0.051417600363492966),  ('CLS Classification Loss', 0.2542356252670288)
[INFO] 2022-10-03 13:27:02,420 [    train.py:  208]:	('Ner Acc', 0.9943760633468628),  ('CLS Classification Acc', 0.9352926015853882)
[INFO] 2022-10-03 13:27:04,580 [    train.py:  220]:	Evaluate:
[INFO] 2022-10-03 13:27:04,581 [    train.py:  227]:	Loss 0.2716, ('Ner Loss', 0.020160962),  ('CLS Classification Loss', 0.17082553)
[INFO] 2022-10-03 13:27:04,581 [    train.py:  228]:	('Ner Acc', 0.9971178), ('CLS Classification Acc', 0.962567)
[INFO] 2022-10-03 13:27:12,455 [    train.py:  237]:	Precision 0.000 Recall 0.000 F1 0.000
[INFO] 2022-10-03 13:27:51,907 [    train.py:  185]:	Epoch 3: 
[INFO] 2022-10-03 13:27:51,908 [    train.py:  186]:	Train:
[INFO] 2022-10-03 13:27:51,912 [    train.py:  198]:	Loss 0.4973, ('Ner Loss', 0.04920646548271179),  ('CLS Classification Loss', 0.251296728849411)
[INFO] 2022-10-03 13:27:51,912 [    train.py:  208]:	('Ner Acc', 0.9943571090698242),  ('CLS Classification Acc', 0.9360119700431824)
[INFO] 2022-10-03 13:27:54,083 [    train.py:  220]:	Evaluate:
[INFO] 2022-10-03 13:27:54,083 [    train.py:  227]:	Loss 0.2605, ('Ner Loss', 0.018388223),  ('CLS Classification Loss', 0.16858196)
[INFO] 2022-10-03 13:27:54,084 [    train.py:  228]:	('Ner Acc', 0.9971178), ('CLS Classification Acc', 0.962567)
[INFO] 2022-10-03 13:28:02,160 [    train.py:  237]:	Precision 0.000 Recall 0.000 F1 0.000
[INFO] 2022-10-03 13:28:41,590 [    train.py:  185]:	Epoch 4: 
[INFO] 2022-10-03 13:28:41,590 [    train.py:  186]:	Train:
[INFO] 2022-10-03 13:28:41,594 [    train.py:  198]:	Loss 0.4610, ('Ner Loss', 0.0472969189286232),  ('CLS Classification Loss', 0.22447746992111206)
[INFO] 2022-10-03 13:28:41,594 [    train.py:  208]:	('Ner Acc', 0.9943784475326538),  ('CLS Classification Acc', 0.9350817203521729)
[INFO] 2022-10-03 13:28:43,750 [    train.py:  220]:	Evaluate:
[INFO] 2022-10-03 13:28:43,751 [    train.py:  227]:	Loss 0.2222, ('Ner Loss', 0.0162706),  ('CLS Classification Loss', 0.1408244)
[INFO] 2022-10-03 13:28:43,751 [    train.py:  228]:	('Ner Acc', 0.9971178), ('CLS Classification Acc', 0.962567)
[INFO] 2022-10-03 13:28:51,660 [    train.py:  237]:	Precision 0.000 Recall 0.000 F1 0.000
[INFO] 2022-10-03 13:29:31,165 [    train.py:  185]:	Epoch 5: 
[INFO] 2022-10-03 13:29:31,166 [    train.py:  186]:	Train:
[INFO] 2022-10-03 13:29:31,170 [    train.py:  198]:	Loss 0.4055, ('Ner Loss', 0.042696524411439896),  ('CLS Classification Loss', 0.1920580416917801)
[INFO] 2022-10-03 13:29:31,171 [    train.py:  208]:	('Ner Acc', 0.9941036701202393),  ('CLS Classification Acc', 0.9349827170372009)
[INFO] 2022-10-03 13:29:33,374 [    train.py:  220]:	Evaluate:
[INFO] 2022-10-03 13:29:33,374 [    train.py:  227]:	Loss 0.2223, ('Ner Loss', 0.014389508),  ('CLS Classification Loss', 0.15031905)
[INFO] 2022-10-03 13:29:33,375 [    train.py:  228]:	('Ner Acc', 0.9971218), ('CLS Classification Acc', 0.9625671)
[INFO] 2022-10-03 13:29:41,377 [    train.py:  237]:	Precision 0.400 Recall 0.007 F1 0.014
[INFO] 2022-10-03 13:30:20,614 [    train.py:  185]:	Epoch 6: 
[INFO] 2022-10-03 13:30:20,614 [    train.py:  186]:	Train:
[INFO] 2022-10-03 13:30:20,617 [    train.py:  198]:	Loss 0.3840, ('Ner Loss', 0.04042810946702957),  ('CLS Classification Loss', 0.18188947439193726)
[INFO] 2022-10-03 13:30:20,617 [    train.py:  208]:	('Ner Acc', 0.9941294193267822),  ('CLS Classification Acc', 0.9369794726371765)
[INFO] 2022-10-03 13:30:22,773 [    train.py:  220]:	Evaluate:
[INFO] 2022-10-03 13:30:22,774 [    train.py:  227]:	Loss 0.1991, ('Ner Loss', 0.012440139),  ('CLS Classification Loss', 0.13686045)
[INFO] 2022-10-03 13:30:22,774 [    train.py:  228]:	('Ner Acc', 0.99723625), ('CLS Classification Acc', 0.9627498)
[INFO] 2022-10-03 13:30:30,770 [    train.py:  237]:	Precision 0.508 Recall 0.038 F1 0.070
[INFO] 2022-10-03 13:31:09,908 [    train.py:  185]:	Epoch 7: 
[INFO] 2022-10-03 13:31:09,908 [    train.py:  186]:	Train:
[INFO] 2022-10-03 13:31:09,912 [    train.py:  198]:	Loss 0.3728, ('Ner Loss', 0.03938889130949974),  ('CLS Classification Loss', 0.17586728930473328)
[INFO] 2022-10-03 13:31:09,913 [    train.py:  208]:	('Ner Acc', 0.9942161440849304),  ('CLS Classification Acc', 0.9392856955528259)
[INFO] 2022-10-03 13:31:12,070 [    train.py:  220]:	Evaluate:
[INFO] 2022-10-03 13:31:12,070 [    train.py:  227]:	Loss 0.1917, ('Ner Loss', 0.012297449),  ('CLS Classification Loss', 0.13024889)
[INFO] 2022-10-03 13:31:12,071 [    train.py:  228]:	('Ner Acc', 0.99725926), ('CLS Classification Acc', 0.96375483)
[INFO] 2022-10-03 13:31:20,112 [    train.py:  237]:	Precision 0.433 Recall 0.122 F1 0.190
[INFO] 2022-10-03 13:31:59,460 [    train.py:  185]:	Epoch 8: 
[INFO] 2022-10-03 13:31:59,460 [    train.py:  186]:	Train:
[INFO] 2022-10-03 13:31:59,463 [    train.py:  198]:	Loss 0.3613, ('Ner Loss', 0.038235247135162354),  ('CLS Classification Loss', 0.17016847431659698)
[INFO] 2022-10-03 13:31:59,463 [    train.py:  208]:	('Ner Acc', 0.9944548606872559),  ('CLS Classification Acc', 0.9414929151535034)
[INFO] 2022-10-03 13:32:01,596 [    train.py:  220]:	Evaluate:
[INFO] 2022-10-03 13:32:01,597 [    train.py:  227]:	Loss 0.2028, ('Ner Loss', 0.012816538),  ('CLS Classification Loss', 0.13871287)
[INFO] 2022-10-03 13:32:01,597 [    train.py:  228]:	('Ner Acc', 0.9972848), ('CLS Classification Acc', 0.963435)
[INFO] 2022-10-03 13:32:09,564 [    train.py:  237]:	Precision 0.527 Recall 0.080 F1 0.140
[INFO] 2022-10-03 13:32:48,847 [    train.py:  185]:	Epoch 9: 
[INFO] 2022-10-03 13:32:48,847 [    train.py:  186]:	Train:
[INFO] 2022-10-03 13:32:48,854 [    train.py:  198]:	Loss 0.3500, ('Ner Loss', 0.03684571757912636),  ('CLS Classification Loss', 0.1657613217830658)
[INFO] 2022-10-03 13:32:48,854 [    train.py:  208]:	('Ner Acc', 0.9946305155754089),  ('CLS Classification Acc', 0.9426215291023254)
[INFO] 2022-10-03 13:32:51,028 [    train.py:  220]:	Evaluate:
[INFO] 2022-10-03 13:32:51,029 [    train.py:  227]:	Loss 0.1825, ('Ner Loss', 0.011173228),  ('CLS Classification Loss', 0.12666027)
[INFO] 2022-10-03 13:32:51,029 [    train.py:  228]:	('Ner Acc', 0.997375), ('CLS Classification Acc', 0.9646229)
[INFO] 2022-10-03 13:32:59,095 [    train.py:  237]:	Precision 0.540 Recall 0.136 F1 0.217
[INFO] 2022-10-03 13:33:38,476 [    train.py:  185]:	Epoch 10: 
[INFO] 2022-10-03 13:33:38,477 [    train.py:  186]:	Train:
[INFO] 2022-10-03 13:33:38,481 [    train.py:  198]:	Loss 0.3377, ('Ner Loss', 0.035735439509153366),  ('CLS Classification Loss', 0.15905989706516266)
[INFO] 2022-10-03 13:33:38,482 [    train.py:  208]:	('Ner Acc', 0.994752824306488),  ('CLS Classification Acc', 0.9436381459236145)
[INFO] 2022-10-03 13:33:40,640 [    train.py:  220]:	Evaluate:
[INFO] 2022-10-03 13:33:40,640 [    train.py:  227]:	Loss 0.1780, ('Ner Loss', 0.010945135),  ('CLS Classification Loss', 0.12325066)
[INFO] 2022-10-03 13:33:40,640 [    train.py:  228]:	('Ner Acc', 0.99749595), ('CLS Classification Acc', 0.96503407)
[INFO] 2022-10-03 13:33:48,685 [    train.py:  237]:	Precision 0.523 Recall 0.135 F1 0.214
[INFO] 2022-10-03 13:34:27,880 [    train.py:  185]:	Epoch 11: 
[INFO] 2022-10-03 13:34:27,881 [    train.py:  186]:	Train:
[INFO] 2022-10-03 13:34:27,889 [    train.py:  198]:	Loss 0.3197, ('Ner Loss', 0.033979225903749466),  ('CLS Classification Loss', 0.14984652400016785)
[INFO] 2022-10-03 13:34:27,889 [    train.py:  208]:	('Ner Acc', 0.9949142336845398),  ('CLS Classification Acc', 0.9459452033042908)
[INFO] 2022-10-03 13:34:30,047 [    train.py:  220]:	Evaluate:
[INFO] 2022-10-03 13:34:30,047 [    train.py:  227]:	Loss 0.1721, ('Ner Loss', 0.010492359),  ('CLS Classification Loss', 0.119591)
[INFO] 2022-10-03 13:34:30,047 [    train.py:  228]:	('Ner Acc', 0.99749714), ('CLS Classification Acc', 0.96704435)
[INFO] 2022-10-03 13:34:38,127 [    train.py:  237]:	Precision 0.496 Recall 0.154 F1 0.235
[INFO] 2022-10-03 13:35:17,443 [    train.py:  185]:	Epoch 12: 
[INFO] 2022-10-03 13:35:17,444 [    train.py:  186]:	Train:
[INFO] 2022-10-03 13:35:17,448 [    train.py:  198]:	Loss 0.3009, ('Ner Loss', 0.03250809386372566),  ('CLS Classification Loss', 0.13840286433696747)
[INFO] 2022-10-03 13:35:17,449 [    train.py:  208]:	('Ner Acc', 0.9951605796813965),  ('CLS Classification Acc', 0.9483879208564758)
[INFO] 2022-10-03 13:35:19,564 [    train.py:  220]:	Evaluate:
[INFO] 2022-10-03 13:35:19,564 [    train.py:  227]:	Loss 0.1756, ('Ner Loss', 0.011326176),  ('CLS Classification Loss', 0.118976094)
[INFO] 2022-10-03 13:35:19,564 [    train.py:  228]:	('Ner Acc', 0.9975622), ('CLS Classification Acc', 0.9671814)
[INFO] 2022-10-03 13:35:28,013 [    train.py:  237]:	Precision 0.567 Recall 0.175 F1 0.268
[INFO] 2022-10-03 13:36:07,464 [    train.py:  185]:	Epoch 13: 
[INFO] 2022-10-03 13:36:07,464 [    train.py:  186]:	Train:
[INFO] 2022-10-03 13:36:07,467 [    train.py:  198]:	Loss 0.2858, ('Ner Loss', 0.03139175474643707),  ('CLS Classification Loss', 0.12886181473731995)
[INFO] 2022-10-03 13:36:07,467 [    train.py:  208]:	('Ner Acc', 0.9953546524047852),  ('CLS Classification Acc', 0.9518851041793823)
[INFO] 2022-10-03 13:36:09,623 [    train.py:  220]:	Evaluate:
[INFO] 2022-10-03 13:36:09,624 [    train.py:  227]:	Loss 0.1610, ('Ner Loss', 0.010433703),  ('CLS Classification Loss', 0.10880542)
[INFO] 2022-10-03 13:36:09,624 [    train.py:  228]:	('Ner Acc', 0.9974561), ('CLS Classification Acc', 0.96699864)
[INFO] 2022-10-03 13:36:17,656 [    train.py:  237]:	Precision 0.449 Recall 0.172 F1 0.248
[INFO] 2022-10-03 13:36:57,009 [    train.py:  185]:	Epoch 14: 
[INFO] 2022-10-03 13:36:57,009 [    train.py:  186]:	Train:
[INFO] 2022-10-03 13:36:57,012 [    train.py:  198]:	Loss 0.2757, ('Ner Loss', 0.030334925279021263),  ('CLS Classification Loss', 0.12401586025953293)
[INFO] 2022-10-03 13:36:57,013 [    train.py:  208]:	('Ner Acc', 0.9956042766571045),  ('CLS Classification Acc', 0.9522320628166199)
[INFO] 2022-10-03 13:36:59,191 [    train.py:  220]:	Evaluate:
[INFO] 2022-10-03 13:36:59,191 [    train.py:  227]:	Loss 0.1568, ('Ner Loss', 0.011150045),  ('CLS Classification Loss', 0.101047866)
[INFO] 2022-10-03 13:36:59,192 [    train.py:  228]:	('Ner Acc', 0.9975781), ('CLS Classification Acc', 0.9679885)
[INFO] 2022-10-03 13:37:07,219 [    train.py:  237]:	Precision 0.481 Recall 0.257 F1 0.335
[INFO] 2022-10-03 13:37:46,792 [    train.py:  185]:	Epoch 15: 
[INFO] 2022-10-03 13:37:46,792 [    train.py:  186]:	Train:
[INFO] 2022-10-03 13:37:46,795 [    train.py:  198]:	Loss 0.2570, ('Ner Loss', 0.028942063450813293),  ('CLS Classification Loss', 0.11227817833423615)
[INFO] 2022-10-03 13:37:46,795 [    train.py:  208]:	('Ner Acc', 0.9960463643074036),  ('CLS Classification Acc', 0.9560515284538269)
[INFO] 2022-10-03 13:37:48,951 [    train.py:  220]:	Evaluate:
[INFO] 2022-10-03 13:37:48,952 [    train.py:  227]:	Loss 0.1600, ('Ner Loss', 0.011354121),  ('CLS Classification Loss', 0.10319822)
[INFO] 2022-10-03 13:37:48,952 [    train.py:  228]:	('Ner Acc', 0.9977012), ('CLS Classification Acc', 0.9694048)
[INFO] 2022-10-03 13:37:56,991 [    train.py:  237]:	Precision 0.524 Recall 0.308 F1 0.388
[INFO] 2022-10-03 13:38:36,212 [    train.py:  185]:	Epoch 16: 
[INFO] 2022-10-03 13:38:36,213 [    train.py:  186]:	Train:
[INFO] 2022-10-03 13:38:36,218 [    train.py:  198]:	Loss 0.2409, ('Ner Loss', 0.027848893776535988),  ('CLS Classification Loss', 0.10167419165372849)
[INFO] 2022-10-03 13:38:36,218 [    train.py:  208]:	('Ner Acc', 0.9964973330497742),  ('CLS Classification Acc', 0.9602059721946716)
[INFO] 2022-10-03 13:38:38,375 [    train.py:  220]:	Evaluate:
[INFO] 2022-10-03 13:38:38,375 [    train.py:  227]:	Loss 0.1439, ('Ner Loss', 0.0101728765),  ('CLS Classification Loss', 0.093082115)
[INFO] 2022-10-03 13:38:38,376 [    train.py:  228]:	('Ner Acc', 0.9977986), ('CLS Classification Acc', 0.9710953)
[INFO] 2022-10-03 13:38:46,473 [    train.py:  237]:	Precision 0.481 Recall 0.369 F1 0.418
[INFO] 2022-10-03 13:39:25,548 [    train.py:  185]:	Epoch 17: 
[INFO] 2022-10-03 13:39:25,549 [    train.py:  186]:	Train:
[INFO] 2022-10-03 13:39:25,553 [    train.py:  198]:	Loss 0.2313, ('Ner Loss', 0.02706914208829403),  ('CLS Classification Loss', 0.09590781480073929)
[INFO] 2022-10-03 13:39:25,554 [    train.py:  208]:	('Ner Acc', 0.9965878129005432),  ('CLS Classification Acc', 0.9622641205787659)
[INFO] 2022-10-03 13:39:27,724 [    train.py:  220]:	Evaluate:
[INFO] 2022-10-03 13:39:27,724 [    train.py:  227]:	Loss 0.1544, ('Ner Loss', 0.011524292),  ('CLS Classification Loss', 0.09677322)
[INFO] 2022-10-03 13:39:27,724 [    train.py:  228]:	('Ner Acc', 0.9977191), ('CLS Classification Acc', 0.9728771)
[INFO] 2022-10-03 13:39:36,200 [    train.py:  237]:	Precision 0.541 Recall 0.380 F1 0.446
[INFO] 2022-10-03 13:40:15,391 [    train.py:  185]:	Epoch 18: 
[INFO] 2022-10-03 13:40:15,391 [    train.py:  186]:	Train:
[INFO] 2022-10-03 13:40:15,395 [    train.py:  198]:	Loss 0.2162, ('Ner Loss', 0.026315167546272278),  ('CLS Classification Loss', 0.08459611982107162)
[INFO] 2022-10-03 13:40:15,395 [    train.py:  208]:	('Ner Acc', 0.9968165755271912),  ('CLS Classification Acc', 0.9666667580604553)
[INFO] 2022-10-03 13:40:17,556 [    train.py:  220]:	Evaluate:
[INFO] 2022-10-03 13:40:17,556 [    train.py:  227]:	Loss 0.1592, ('Ner Loss', 0.0116087515),  ('CLS Classification Loss', 0.101155564)
[INFO] 2022-10-03 13:40:17,557 [    train.py:  228]:	('Ner Acc', 0.9978798), ('CLS Classification Acc', 0.97351676)
[INFO] 2022-10-03 13:40:25,562 [    train.py:  237]:	Precision 0.557 Recall 0.369 F1 0.444
[INFO] 2022-10-03 13:41:04,779 [    train.py:  185]:	Epoch 19: 
[INFO] 2022-10-03 13:41:04,779 [    train.py:  186]:	Train:
[INFO] 2022-10-03 13:41:04,782 [    train.py:  198]:	Loss 0.2039, ('Ner Loss', 0.025587720796465874),  ('CLS Classification Loss', 0.07597298920154572)
[INFO] 2022-10-03 13:41:04,782 [    train.py:  208]:	('Ner Acc', 0.9970443844795227),  ('CLS Classification Acc', 0.9698413014411926)
[INFO] 2022-10-03 13:41:06,970 [    train.py:  220]:	Evaluate:
[INFO] 2022-10-03 13:41:06,971 [    train.py:  227]:	Loss 0.1909, ('Ner Loss', 0.013207497),  ('CLS Classification Loss', 0.124910854)
[INFO] 2022-10-03 13:41:06,971 [    train.py:  228]:	('Ner Acc', 0.99790305), ('CLS Classification Acc', 0.97263336)
[INFO] 2022-10-03 13:41:15,045 [    train.py:  237]:	Precision 0.599 Recall 0.357 F1 0.448
[INFO] 2022-10-03 13:41:54,608 [    train.py:  185]:	Epoch 20: 
[INFO] 2022-10-03 13:41:54,608 [    train.py:  186]:	Train:
[INFO] 2022-10-03 13:41:54,614 [    train.py:  198]:	Loss 0.1960, ('Ner Loss', 0.025032009929418564),  ('CLS Classification Loss', 0.0708039402961731)
[INFO] 2022-10-03 13:41:54,614 [    train.py:  208]:	('Ner Acc', 0.9970943927764893),  ('CLS Classification Acc', 0.9721354842185974)
[INFO] 2022-10-03 13:41:56,810 [    train.py:  220]:	Evaluate:
[INFO] 2022-10-03 13:41:56,810 [    train.py:  227]:	Loss 0.1619, ('Ner Loss', 0.012689426),  ('CLS Classification Loss', 0.09844456)
[INFO] 2022-10-03 13:41:56,810 [    train.py:  228]:	('Ner Acc', 0.99788064), ('CLS Classification Acc', 0.9751615)
[INFO] 2022-10-03 13:42:04,819 [    train.py:  237]:	Precision 0.532 Recall 0.419 F1 0.469
[INFO] 2022-10-03 13:42:44,188 [    train.py:  185]:	Epoch 21: 
[INFO] 2022-10-03 13:42:44,189 [    train.py:  186]:	Train:
[INFO] 2022-10-03 13:42:44,193 [    train.py:  198]:	Loss 0.1867, ('Ner Loss', 0.02450527437031269),  ('CLS Classification Loss', 0.06416402012109756)
[INFO] 2022-10-03 13:42:44,194 [    train.py:  208]:	('Ner Acc', 0.9973517060279846),  ('CLS Classification Acc', 0.9746526479721069)
[INFO] 2022-10-03 13:42:46,357 [    train.py:  220]:	Evaluate:
[INFO] 2022-10-03 13:42:46,358 [    train.py:  227]:	Loss 0.1594, ('Ner Loss', 0.012556381),  ('CLS Classification Loss', 0.09664741)
[INFO] 2022-10-03 13:42:46,358 [    train.py:  228]:	('Ner Acc', 0.9978855), ('CLS Classification Acc', 0.97543555)
[INFO] 2022-10-03 13:42:54,393 [    train.py:  237]:	Precision 0.536 Recall 0.421 F1 0.472
[INFO] 2022-10-03 13:43:33,978 [    train.py:  185]:	Epoch 22: 
[INFO] 2022-10-03 13:43:33,978 [    train.py:  186]:	Train:
[INFO] 2022-10-03 13:43:33,982 [    train.py:  198]:	Loss 0.1802, ('Ner Loss', 0.024161389097571373),  ('CLS Classification Loss', 0.05937161296606064)
[INFO] 2022-10-03 13:43:33,982 [    train.py:  208]:	('Ner Acc', 0.9974312782287598),  ('CLS Classification Acc', 0.9763891100883484)
[INFO] 2022-10-03 13:43:36,171 [    train.py:  220]:	Evaluate:
[INFO] 2022-10-03 13:43:36,172 [    train.py:  227]:	Loss 0.1653, ('Ner Loss', 0.0126892505),  ('CLS Classification Loss', 0.10189362)
[INFO] 2022-10-03 13:43:36,172 [    train.py:  228]:	('Ner Acc', 0.9978161), ('CLS Classification Acc', 0.97537464)
[INFO] 2022-10-03 13:43:44,140 [    train.py:  237]:	Precision 0.542 Recall 0.417 F1 0.471
[INFO] 2022-10-03 13:44:23,476 [    train.py:  185]:	Epoch 23: 
[INFO] 2022-10-03 13:44:23,476 [    train.py:  186]:	Train:
[INFO] 2022-10-03 13:44:23,480 [    train.py:  198]:	Loss 0.1697, ('Ner Loss', 0.023548362776637077),  ('CLS Classification Loss', 0.051966000348329544)
[INFO] 2022-10-03 13:44:23,480 [    train.py:  208]:	('Ner Acc', 0.9974893927574158),  ('CLS Classification Acc', 0.9790550470352173)
[INFO] 2022-10-03 13:44:25,633 [    train.py:  220]:	Evaluate:
[INFO] 2022-10-03 13:44:25,634 [    train.py:  227]:	Loss 0.1935, ('Ner Loss', 0.014282172),  ('CLS Classification Loss', 0.122138776)
[INFO] 2022-10-03 13:44:25,634 [    train.py:  228]:	('Ner Acc', 0.99791735), ('CLS Classification Acc', 0.9745371)
[INFO] 2022-10-03 13:44:33,769 [    train.py:  237]:	Precision 0.590 Recall 0.405 F1 0.480
[INFO] 2022-10-03 13:45:12,926 [    train.py:  185]:	Epoch 24: 
[INFO] 2022-10-03 13:45:12,926 [    train.py:  186]:	Train:
[INFO] 2022-10-03 13:45:12,931 [    train.py:  198]:	Loss 0.1639, ('Ner Loss', 0.023204514756798744),  ('CLS Classification Loss', 0.04788682609796524)
[INFO] 2022-10-03 13:45:12,931 [    train.py:  208]:	('Ner Acc', 0.9975898861885071),  ('CLS Classification Acc', 0.9813616275787354)
[INFO] 2022-10-03 13:45:15,093 [    train.py:  220]:	Evaluate:
[INFO] 2022-10-03 13:45:15,094 [    train.py:  227]:	Loss 0.1863, ('Ner Loss', 0.014802677),  ('CLS Classification Loss', 0.112246476)
[INFO] 2022-10-03 13:45:15,094 [    train.py:  228]:	('Ner Acc', 0.9977778), ('CLS Classification Acc', 0.97336435)
[INFO] 2022-10-03 13:45:23,108 [    train.py:  237]:	Precision 0.498 Recall 0.517 F1 0.507
[INFO] 2022-10-03 13:46:02,560 [    train.py:  185]:	Epoch 25: 
[INFO] 2022-10-03 13:46:02,560 [    train.py:  186]:	Train:
[INFO] 2022-10-03 13:46:02,564 [    train.py:  198]:	Loss 0.1606, ('Ner Loss', 0.022917328402400017),  ('CLS Classification Loss', 0.04601214453577995)
[INFO] 2022-10-03 13:46:02,564 [    train.py:  208]:	('Ner Acc', 0.9976413249969482),  ('CLS Classification Acc', 0.9818453192710876)
[INFO] 2022-10-03 13:46:04,721 [    train.py:  220]:	Evaluate:
[INFO] 2022-10-03 13:46:04,722 [    train.py:  227]:	Loss 0.1933, ('Ner Loss', 0.015427397),  ('CLS Classification Loss', 0.11615254)
[INFO] 2022-10-03 13:46:04,722 [    train.py:  228]:	('Ner Acc', 0.9978449), ('CLS Classification Acc', 0.9747655)
[INFO] 2022-10-03 13:46:12,724 [    train.py:  237]:	Precision 0.502 Recall 0.496 F1 0.499
[INFO] 2022-10-03 13:46:51,830 [    train.py:  185]:	Epoch 26: 
[INFO] 2022-10-03 13:46:51,830 [    train.py:  186]:	Train:
[INFO] 2022-10-03 13:46:51,833 [    train.py:  198]:	Loss 0.1562, ('Ner Loss', 0.02249125763773918),  ('CLS Classification Loss', 0.043702974915504456)
[INFO] 2022-10-03 13:46:51,833 [    train.py:  208]:	('Ner Acc', 0.9976994395256042),  ('CLS Classification Acc', 0.9828370213508606)
[INFO] 2022-10-03 13:46:53,984 [    train.py:  220]:	Evaluate:
[INFO] 2022-10-03 13:46:53,985 [    train.py:  227]:	Loss 0.1879, ('Ner Loss', 0.015183228),  ('CLS Classification Loss', 0.11198917)
[INFO] 2022-10-03 13:46:53,985 [    train.py:  228]:	('Ner Acc', 0.99803877), ('CLS Classification Acc', 0.9764864)
[INFO] 2022-10-03 13:47:02,121 [    train.py:  237]:	Precision 0.550 Recall 0.452 F1 0.496
[INFO] 2022-10-03 13:47:41,622 [    train.py:  185]:	Epoch 27: 
[INFO] 2022-10-03 13:47:41,623 [    train.py:  186]:	Train:
[INFO] 2022-10-03 13:47:41,626 [    train.py:  198]:	Loss 0.1492, ('Ner Loss', 0.022110482677817345),  ('CLS Classification Loss', 0.038637373596429825)
[INFO] 2022-10-03 13:47:41,626 [    train.py:  208]:	('Ner Acc', 0.997804582118988),  ('CLS Classification Acc', 0.9847590923309326)
[INFO] 2022-10-03 13:47:43,805 [    train.py:  220]:	Evaluate:
[INFO] 2022-10-03 13:47:43,806 [    train.py:  227]:	Loss 0.1860, ('Ner Loss', 0.014339372),  ('CLS Classification Loss', 0.114328235)
[INFO] 2022-10-03 13:47:43,806 [    train.py:  228]:	('Ner Acc', 0.9978982), ('CLS Classification Acc', 0.97531366)
[INFO] 2022-10-03 13:47:51,994 [    train.py:  237]:	Precision 0.523 Recall 0.485 F1 0.503
[INFO] 2022-10-03 13:48:31,392 [    train.py:  185]:	Epoch 28: 
[INFO] 2022-10-03 13:48:31,393 [    train.py:  186]:	Train:
[INFO] 2022-10-03 13:48:31,397 [    train.py:  198]:	Loss 0.1421, ('Ner Loss', 0.021763255819678307),  ('CLS Classification Loss', 0.03327273204922676)
[INFO] 2022-10-03 13:48:31,397 [    train.py:  208]:	('Ner Acc', 0.9978559017181396),  ('CLS Classification Acc', 0.9865946173667908)
[INFO] 2022-10-03 13:48:33,533 [    train.py:  220]:	Evaluate:
[INFO] 2022-10-03 13:48:33,533 [    train.py:  227]:	Loss 0.2080, ('Ner Loss', 0.01626346),  ('CLS Classification Loss', 0.1266512)
[INFO] 2022-10-03 13:48:33,534 [    train.py:  228]:	('Ner Acc', 0.9979355), ('CLS Classification Acc', 0.97660816)
[INFO] 2022-10-03 13:48:41,563 [    train.py:  237]:	Precision 0.553 Recall 0.471 F1 0.509
[INFO] 2022-10-03 13:49:20,546 [    train.py:  185]:	Epoch 29: 
[INFO] 2022-10-03 13:49:20,546 [    train.py:  186]:	Train:
[INFO] 2022-10-03 13:49:20,552 [    train.py:  198]:	Loss 0.1368, ('Ner Loss', 0.02142505720257759),  ('CLS Classification Loss', 0.029680293053388596)
[INFO] 2022-10-03 13:49:20,552 [    train.py:  208]:	('Ner Acc', 0.997951090335846),  ('CLS Classification Acc', 0.9884670972824097)
[INFO] 2022-10-03 13:49:22,739 [    train.py:  220]:	Evaluate:
[INFO] 2022-10-03 13:49:22,740 [    train.py:  227]:	Loss 0.2214, ('Ner Loss', 0.017498322),  ('CLS Classification Loss', 0.13387045)
[INFO] 2022-10-03 13:49:22,740 [    train.py:  228]:	('Ner Acc', 0.99801046), ('CLS Classification Acc', 0.9767148)
[INFO] 2022-10-03 13:49:31,334 [    train.py:  237]:	Precision 0.577 Recall 0.479 F1 0.524
[INFO] 2022-10-03 13:50:10,786 [    train.py:  185]:	Epoch 30: 
[INFO] 2022-10-03 13:50:10,787 [    train.py:  186]:	Train:
[INFO] 2022-10-03 13:50:10,790 [    train.py:  198]:	Loss 0.1349, ('Ner Loss', 0.02133496105670929),  ('CLS Classification Loss', 0.028214674443006516)
[INFO] 2022-10-03 13:50:10,790 [    train.py:  208]:	('Ner Acc', 0.9979132413864136),  ('CLS Classification Acc', 0.9887895584106445)
[INFO] 2022-10-03 13:50:12,959 [    train.py:  220]:	Evaluate:
[INFO] 2022-10-03 13:50:12,960 [    train.py:  227]:	Loss 0.2319, ('Ner Loss', 0.018269446),  ('CLS Classification Loss', 0.14053166)
[INFO] 2022-10-03 13:50:12,960 [    train.py:  228]:	('Ner Acc', 0.99796355), ('CLS Classification Acc', 0.9755573)
[INFO] 2022-10-03 13:50:21,111 [    train.py:  237]:	Precision 0.554 Recall 0.459 F1 0.502
[INFO] 2022-10-03 13:51:00,319 [    train.py:  185]:	Epoch 31: 
[INFO] 2022-10-03 13:51:00,320 [    train.py:  186]:	Train:
[INFO] 2022-10-03 13:51:00,326 [    train.py:  198]:	Loss 0.1318, ('Ner Loss', 0.021070951595902443),  ('CLS Classification Loss', 0.02648227848112583)
[INFO] 2022-10-03 13:51:00,326 [    train.py:  208]:	('Ner Acc', 0.997879683971405),  ('CLS Classification Acc', 0.9897817373275757)
[INFO] 2022-10-03 13:51:02,496 [    train.py:  220]:	Evaluate:
[INFO] 2022-10-03 13:51:02,497 [    train.py:  227]:	Loss 0.2387, ('Ner Loss', 0.0181796),  ('CLS Classification Loss', 0.14780302)
[INFO] 2022-10-03 13:51:02,497 [    train.py:  228]:	('Ner Acc', 0.9979163), ('CLS Classification Acc', 0.97551167)
[INFO] 2022-10-03 13:51:10,578 [    train.py:  237]:	Precision 0.539 Recall 0.495 F1 0.516
[INFO] 2022-10-03 13:51:50,005 [    train.py:  185]:	Epoch 32: 
[INFO] 2022-10-03 13:51:50,006 [    train.py:  186]:	Train:
[INFO] 2022-10-03 13:51:50,009 [    train.py:  198]:	Loss 0.1283, ('Ner Loss', 0.020798366516828537),  ('CLS Classification Loss', 0.024304071441292763)
[INFO] 2022-10-03 13:51:50,009 [    train.py:  208]:	('Ner Acc', 0.9979766607284546),  ('CLS Classification Acc', 0.990847647190094)
[INFO] 2022-10-03 13:51:52,153 [    train.py:  220]:	Evaluate:
[INFO] 2022-10-03 13:51:52,154 [    train.py:  227]:	Loss 0.2428, ('Ner Loss', 0.017839437),  ('CLS Classification Loss', 0.15361781)
[INFO] 2022-10-03 13:51:52,154 [    train.py:  228]:	('Ner Acc', 0.99802005), ('CLS Classification Acc', 0.9764406)
[INFO] 2022-10-03 13:52:00,116 [    train.py:  237]:	Precision 0.569 Recall 0.465 F1 0.512
[INFO] 2022-10-03 13:52:39,244 [    train.py:  185]:	Epoch 33: 
[INFO] 2022-10-03 13:52:39,245 [    train.py:  186]:	Train:
[INFO] 2022-10-03 13:52:39,252 [    train.py:  198]:	Loss 0.1223, ('Ner Loss', 0.02046731673181057),  ('CLS Classification Loss', 0.01993829756975174)
[INFO] 2022-10-03 13:52:39,252 [    train.py:  208]:	('Ner Acc', 0.9980262517929077),  ('CLS Classification Acc', 0.9921498894691467)
[INFO] 2022-10-03 13:52:41,439 [    train.py:  220]:	Evaluate:
[INFO] 2022-10-03 13:52:41,440 [    train.py:  227]:	Loss 0.2506, ('Ner Loss', 0.018991554),  ('CLS Classification Loss', 0.15568599)
[INFO] 2022-10-03 13:52:41,440 [    train.py:  228]:	('Ner Acc', 0.9979506), ('CLS Classification Acc', 0.9755573)
[INFO] 2022-10-03 13:52:49,744 [    train.py:  237]:	Precision 0.530 Recall 0.484 F1 0.506
[INFO] 2022-10-03 13:53:29,291 [    train.py:  185]:	Epoch 34: 
[INFO] 2022-10-03 13:53:29,291 [    train.py:  186]:	Train:
[INFO] 2022-10-03 13:53:29,295 [    train.py:  198]:	Loss 0.1171, ('Ner Loss', 0.020177824422717094),  ('CLS Classification Loss', 0.016245797276496887)
[INFO] 2022-10-03 13:53:29,295 [    train.py:  208]:	('Ner Acc', 0.998079776763916),  ('CLS Classification Acc', 0.9942704439163208)
[INFO] 2022-10-03 13:53:31,499 [    train.py:  220]:	Evaluate:
[INFO] 2022-10-03 13:53:31,500 [    train.py:  227]:	Loss 0.2584, ('Ner Loss', 0.018919686),  ('CLS Classification Loss', 0.16378966)
[INFO] 2022-10-03 13:53:31,500 [    train.py:  228]:	('Ner Acc', 0.99798214), ('CLS Classification Acc', 0.97735447)
[INFO] 2022-10-03 13:53:39,812 [    train.py:  237]:	Precision 0.567 Recall 0.478 F1 0.519
[INFO] 2022-10-03 13:54:19,117 [    train.py:  185]:	Epoch 35: 
[INFO] 2022-10-03 13:54:19,117 [    train.py:  186]:	Train:
[INFO] 2022-10-03 13:54:19,120 [    train.py:  198]:	Loss 0.1153, ('Ner Loss', 0.020069295540452003),  ('CLS Classification Loss', 0.014943611808121204)
[INFO] 2022-10-03 13:54:19,120 [    train.py:  208]:	('Ner Acc', 0.9980751276016235),  ('CLS Classification Acc', 0.9942951798439026)
[INFO] 2022-10-03 13:54:21,268 [    train.py:  220]:	Evaluate:
[INFO] 2022-10-03 13:54:21,268 [    train.py:  227]:	Loss 0.2669, ('Ner Loss', 0.018893622),  ('CLS Classification Loss', 0.17248121)
[INFO] 2022-10-03 13:54:21,268 [    train.py:  228]:	('Ner Acc', 0.9980552), ('CLS Classification Acc', 0.9766994)
[INFO] 2022-10-03 13:54:29,273 [    train.py:  237]:	Precision 0.568 Recall 0.463 F1 0.510
[INFO] 2022-10-03 13:55:08,483 [    train.py:  185]:	Epoch 36: 
[INFO] 2022-10-03 13:55:08,483 [    train.py:  186]:	Train:
[INFO] 2022-10-03 13:55:08,487 [    train.py:  198]:	Loss 0.1117, ('Ner Loss', 0.019790632650256157),  ('CLS Classification Loss', 0.012750472873449326)
[INFO] 2022-10-03 13:55:08,487 [    train.py:  208]:	('Ner Acc', 0.9989103078842163),  ('CLS Classification Acc', 0.9954610466957092)
[INFO] 2022-10-03 13:55:10,676 [    train.py:  220]:	Evaluate:
[INFO] 2022-10-03 13:55:10,677 [    train.py:  227]:	Loss 0.2515, ('Ner Loss', 0.018152285),  ('CLS Classification Loss', 0.16078553)
[INFO] 2022-10-03 13:55:10,677 [    train.py:  228]:	('Ner Acc', 0.9979561), ('CLS Classification Acc', 0.9746133)
[INFO] 2022-10-03 13:55:18,710 [    train.py:  237]:	Precision 0.492 Recall 0.529 F1 0.510
[INFO] 2022-10-03 13:55:58,034 [    train.py:  185]:	Epoch 37: 
[INFO] 2022-10-03 13:55:58,034 [    train.py:  186]:	Train:
[INFO] 2022-10-03 13:55:58,040 [    train.py:  198]:	Loss 0.1112, ('Ner Loss', 0.019571056589484215),  ('CLS Classification Loss', 0.013319801539182663)
[INFO] 2022-10-03 13:55:58,040 [    train.py:  208]:	('Ner Acc', 0.9997010231018066),  ('CLS Classification Acc', 0.995175838470459)
[INFO] 2022-10-03 13:56:00,188 [    train.py:  220]:	Evaluate:
[INFO] 2022-10-03 13:56:00,188 [    train.py:  227]:	Loss 0.2704, ('Ner Loss', 0.019501504),  ('CLS Classification Loss', 0.17293626)
[INFO] 2022-10-03 13:56:00,188 [    train.py:  228]:	('Ner Acc', 0.9978973), ('CLS Classification Acc', 0.9769432)
[INFO] 2022-10-03 13:56:08,226 [    train.py:  237]:	Precision 0.524 Recall 0.499 F1 0.511
[INFO] 2022-10-03 13:56:47,707 [    train.py:  185]:	Epoch 38: 
[INFO] 2022-10-03 13:56:47,708 [    train.py:  186]:	Train:
[INFO] 2022-10-03 13:56:47,714 [    train.py:  198]:	Loss 0.1094, ('Ner Loss', 0.019646627828478813),  ('CLS Classification Loss', 0.011197988875210285)
[INFO] 2022-10-03 13:56:47,714 [    train.py:  208]:	('Ner Acc', 0.999664306640625),  ('CLS Classification Acc', 0.9961799383163452)
[INFO] 2022-10-03 13:56:49,874 [    train.py:  220]:	Evaluate:
[INFO] 2022-10-03 13:56:49,874 [    train.py:  227]:	Loss 0.2697, ('Ner Loss', 0.019352453),  ('CLS Classification Loss', 0.17290683)
[INFO] 2022-10-03 13:56:49,875 [    train.py:  228]:	('Ner Acc', 0.99790496), ('CLS Classification Acc', 0.97673005)
[INFO] 2022-10-03 13:56:57,892 [    train.py:  237]:	Precision 0.530 Recall 0.502 F1 0.516
[INFO] 2022-10-03 13:57:37,436 [    train.py:  185]:	Epoch 39: 
[INFO] 2022-10-03 13:57:37,436 [    train.py:  186]:	Train:
[INFO] 2022-10-03 13:57:37,439 [    train.py:  198]:	Loss 0.1056, ('Ner Loss', 0.019226742908358574),  ('CLS Classification Loss', 0.00946385134011507)
[INFO] 2022-10-03 13:57:37,439 [    train.py:  208]:	('Ner Acc', 0.9997038841247559),  ('CLS Classification Acc', 0.9967256784439087)
[INFO] 2022-10-03 13:57:39,592 [    train.py:  220]:	Evaluate:
[INFO] 2022-10-03 13:57:39,593 [    train.py:  227]:	Loss 0.2617, ('Ner Loss', 0.018232776),  ('CLS Classification Loss', 0.17049812)
[INFO] 2022-10-03 13:57:39,593 [    train.py:  228]:	('Ner Acc', 0.99790144), ('CLS Classification Acc', 0.9770345)
[INFO] 2022-10-03 13:57:47,670 [    train.py:  237]:	Precision 0.536 Recall 0.516 F1 0.526
[INFO] 2022-10-03 13:58:26,784 [    train.py:  185]:	Epoch 40: 
[INFO] 2022-10-03 13:58:26,784 [    train.py:  186]:	Train:
[INFO] 2022-10-03 13:58:26,788 [    train.py:  198]:	Loss 0.1014, ('Ner Loss', 0.01904303766787052),  ('CLS Classification Loss', 0.006223407573997974)
[INFO] 2022-10-03 13:58:26,789 [    train.py:  208]:	('Ner Acc', 0.9997194409370422),  ('CLS Classification Acc', 0.9978048205375671)
[INFO] 2022-10-03 13:58:28,961 [    train.py:  220]:	Evaluate:
[INFO] 2022-10-03 13:58:28,962 [    train.py:  227]:	Loss 0.3141, ('Ner Loss', 0.019495916),  ('CLS Classification Loss', 0.21658583)
[INFO] 2022-10-03 13:58:28,962 [    train.py:  228]:	('Ner Acc', 0.99803823), ('CLS Classification Acc', 0.97647107)
[INFO] 2022-10-03 13:58:36,897 [    train.py:  237]:	Precision 0.575 Recall 0.464 F1 0.513
[INFO] 2022-10-03 13:59:16,235 [    train.py:  185]:	Epoch 41: 
[INFO] 2022-10-03 13:59:16,236 [    train.py:  186]:	Train:
[INFO] 2022-10-03 13:59:16,242 [    train.py:  198]:	Loss 0.1013, ('Ner Loss', 0.01890670135617256),  ('CLS Classification Loss', 0.0067324889823794365)
[INFO] 2022-10-03 13:59:16,242 [    train.py:  208]:	('Ner Acc', 0.9997022151947021),  ('CLS Classification Acc', 0.9977304935455322)
[INFO] 2022-10-03 13:59:18,419 [    train.py:  220]:	Evaluate:
[INFO] 2022-10-03 13:59:18,419 [    train.py:  227]:	Loss 0.3211, ('Ner Loss', 0.019684277),  ('CLS Classification Loss', 0.2227002)
[INFO] 2022-10-03 13:59:18,420 [    train.py:  228]:	('Ner Acc', 0.99798596), ('CLS Classification Acc', 0.97683656)
[INFO] 2022-10-03 13:59:26,448 [    train.py:  237]:	Precision 0.571 Recall 0.489 F1 0.527
[INFO] 2022-10-03 14:00:05,798 [    train.py:  185]:	Epoch 42: 
[INFO] 2022-10-03 14:00:05,798 [    train.py:  186]:	Train:
[INFO] 2022-10-03 14:00:05,800 [    train.py:  198]:	Loss 0.0987, ('Ner Loss', 0.018658051267266273),  ('CLS Classification Loss', 0.005458699073642492)
[INFO] 2022-10-03 14:00:05,800 [    train.py:  208]:	('Ner Acc', 0.9997607469558716),  ('CLS Classification Acc', 0.9982015490531921)
[INFO] 2022-10-03 14:00:07,958 [    train.py:  220]:	Evaluate:
[INFO] 2022-10-03 14:00:07,959 [    train.py:  227]:	Loss 0.3161, ('Ner Loss', 0.020039083),  ('CLS Classification Loss', 0.21587625)
[INFO] 2022-10-03 14:00:07,959 [    train.py:  228]:	('Ner Acc', 0.998051), ('CLS Classification Acc', 0.9772631)
[INFO] 2022-10-03 14:00:15,745 [    train.py:  237]:	Precision 0.594 Recall 0.477 F1 0.529
[INFO] 2022-10-03 14:00:54,806 [    train.py:  185]:	Epoch 43: 
[INFO] 2022-10-03 14:00:54,806 [    train.py:  186]:	Train:
[INFO] 2022-10-03 14:00:54,809 [    train.py:  198]:	Loss 0.0984, ('Ner Loss', 0.01856830343604088),  ('CLS Classification Loss', 0.0056066871620714664)
[INFO] 2022-10-03 14:00:54,809 [    train.py:  208]:	('Ner Acc', 0.9997302293777466),  ('CLS Classification Acc', 0.998065173625946)
[INFO] 2022-10-03 14:00:56,988 [    train.py:  220]:	Evaluate:
[INFO] 2022-10-03 14:00:56,988 [    train.py:  227]:	Loss 0.3174, ('Ner Loss', 0.019959295),  ('CLS Classification Loss', 0.21764685)
[INFO] 2022-10-03 14:00:56,988 [    train.py:  228]:	('Ner Acc', 0.9979678), ('CLS Classification Acc', 0.9777656)
[INFO] 2022-10-03 14:01:05,020 [    train.py:  237]:	Precision 0.576 Recall 0.492 F1 0.531
[INFO] 2022-10-03 14:01:44,617 [    train.py:  185]:	Epoch 44: 
[INFO] 2022-10-03 14:01:44,617 [    train.py:  186]:	Train:
[INFO] 2022-10-03 14:01:44,623 [    train.py:  198]:	Loss 0.0965, ('Ner Loss', 0.018404530361294746),  ('CLS Classification Loss', 0.004486224614083767)
[INFO] 2022-10-03 14:01:44,624 [    train.py:  208]:	('Ner Acc', 0.9997667670249939),  ('CLS Classification Acc', 0.9986602663993835)
[INFO] 2022-10-03 14:01:46,801 [    train.py:  220]:	Evaluate:
[INFO] 2022-10-03 14:01:46,802 [    train.py:  227]:	Loss 0.3034, ('Ner Loss', 0.01823341),  ('CLS Classification Loss', 0.21223296)
[INFO] 2022-10-03 14:01:46,802 [    train.py:  228]:	('Ner Acc', 0.99799234), ('CLS Classification Acc', 0.9763797)
[INFO] 2022-10-03 14:01:54,820 [    train.py:  237]:	Precision 0.531 Recall 0.528 F1 0.529
[INFO] 2022-10-03 14:02:34,108 [    train.py:  185]:	Epoch 45: 
[INFO] 2022-10-03 14:02:34,109 [    train.py:  186]:	Train:
[INFO] 2022-10-03 14:02:34,111 [    train.py:  198]:	Loss 0.0959, ('Ner Loss', 0.018150055781006813),  ('CLS Classification Loss', 0.0051972949877381325)
[INFO] 2022-10-03 14:02:34,111 [    train.py:  208]:	('Ner Acc', 0.9997472763061523),  ('CLS Classification Acc', 0.9983997941017151)
[INFO] 2022-10-03 14:02:36,276 [    train.py:  220]:	Evaluate:
[INFO] 2022-10-03 14:02:36,277 [    train.py:  227]:	Loss 0.3079, ('Ner Loss', 0.020145655),  ('CLS Classification Loss', 0.20720406)
[INFO] 2022-10-03 14:02:36,277 [    train.py:  228]:	('Ner Acc', 0.99798644), ('CLS Classification Acc', 0.9764711)
[INFO] 2022-10-03 14:02:44,353 [    train.py:  237]:	Precision 0.556 Recall 0.489 F1 0.520
[INFO] 2022-10-03 14:03:23,650 [    train.py:  185]:	Epoch 46: 
[INFO] 2022-10-03 14:03:23,651 [    train.py:  186]:	Train:
[INFO] 2022-10-03 14:03:23,656 [    train.py:  198]:	Loss 0.0943, ('Ner Loss', 0.018057938665151596),  ('CLS Classification Loss', 0.003983426373451948)
[INFO] 2022-10-03 14:03:23,657 [    train.py:  208]:	('Ner Acc', 0.999783456325531),  ('CLS Classification Acc', 0.9987099766731262)
[INFO] 2022-10-03 14:03:25,820 [    train.py:  220]:	Evaluate:
[INFO] 2022-10-03 14:03:25,821 [    train.py:  227]:	Loss 0.3120, ('Ner Loss', 0.019137314),  ('CLS Classification Loss', 0.2163514)
[INFO] 2022-10-03 14:03:25,821 [    train.py:  228]:	('Ner Acc', 0.9980038), ('CLS Classification Acc', 0.97761333)
[INFO] 2022-10-03 14:03:34,528 [    train.py:  237]:	Precision 0.581 Recall 0.473 F1 0.522
[INFO] 2022-10-03 14:04:14,034 [    train.py:  185]:	Epoch 47: 
[INFO] 2022-10-03 14:04:14,034 [    train.py:  186]:	Train:
[INFO] 2022-10-03 14:04:14,037 [    train.py:  198]:	Loss 0.0938, ('Ner Loss', 0.017881004139780998),  ('CLS Classification Loss', 0.004427400883287191)
[INFO] 2022-10-03 14:04:14,037 [    train.py:  208]:	('Ner Acc', 0.9997497797012329),  ('CLS Classification Acc', 0.9985982775688171)
[INFO] 2022-10-03 14:04:16,263 [    train.py:  220]:	Evaluate:
[INFO] 2022-10-03 14:04:16,264 [    train.py:  227]:	Loss 0.3259, ('Ner Loss', 0.020541081),  ('CLS Classification Loss', 0.22321363)
[INFO] 2022-10-03 14:04:16,264 [    train.py:  228]:	('Ner Acc', 0.99796385), ('CLS Classification Acc', 0.97606)
[INFO] 2022-10-03 14:04:24,158 [    train.py:  237]:	Precision 0.544 Recall 0.489 F1 0.515
[INFO] 2022-10-03 14:05:03,679 [    train.py:  185]:	Epoch 48: 
[INFO] 2022-10-03 14:05:03,680 [    train.py:  186]:	Train:
[INFO] 2022-10-03 14:05:03,685 [    train.py:  198]:	Loss 0.0922, ('Ner Loss', 0.01779712550342083),  ('CLS Classification Loss', 0.003254123032093048)
[INFO] 2022-10-03 14:05:03,685 [    train.py:  208]:	('Ner Acc', 0.9997433423995972),  ('CLS Classification Acc', 0.9989704489707947)
[INFO] 2022-10-03 14:05:05,917 [    train.py:  220]:	Evaluate:
[INFO] 2022-10-03 14:05:05,918 [    train.py:  227]:	Loss 0.3111, ('Ner Loss', 0.020194575),  ('CLS Classification Loss', 0.21014178)
[INFO] 2022-10-03 14:05:05,918 [    train.py:  228]:	('Ner Acc', 0.99797773), ('CLS Classification Acc', 0.9778265)
[INFO] 2022-10-03 14:05:13,925 [    train.py:  237]:	Precision 0.573 Recall 0.485 F1 0.525
[INFO] 2022-10-03 14:05:53,438 [    train.py:  185]:	Epoch 49: 
[INFO] 2022-10-03 14:05:53,439 [    train.py:  186]:	Train:
[INFO] 2022-10-03 14:05:53,442 [    train.py:  198]:	Loss 0.0900, ('Ner Loss', 0.01750132441520691),  ('CLS Classification Loss', 0.0024777136277407408)
[INFO] 2022-10-03 14:05:53,442 [    train.py:  208]:	('Ner Acc', 0.9997787475585938),  ('CLS Classification Acc', 0.999268114566803)
[INFO] 2022-10-03 14:05:55,610 [    train.py:  220]:	Evaluate:
[INFO] 2022-10-03 14:05:55,610 [    train.py:  227]:	Loss 0.3371, ('Ner Loss', 0.020998184),  ('CLS Classification Loss', 0.23208791)
[INFO] 2022-10-03 14:05:55,611 [    train.py:  228]:	('Ner Acc', 0.9979742), ('CLS Classification Acc', 0.9760296)
[INFO] 2022-10-03 14:06:03,517 [    train.py:  237]:	Precision 0.536 Recall 0.499 F1 0.517
[INFO] 2022-10-03 14:06:42,614 [    train.py:  185]:	Epoch 50: 
[INFO] 2022-10-03 14:06:42,614 [    train.py:  186]:	Train:
[INFO] 2022-10-03 14:06:42,619 [    train.py:  198]:	Loss 0.0897, ('Ner Loss', 0.017334097996354103),  ('CLS Classification Loss', 0.003072066232562065)
[INFO] 2022-10-03 14:06:42,619 [    train.py:  208]:	('Ner Acc', 0.9997889995574951),  ('CLS Classification Acc', 0.9990199208259583)
[INFO] 2022-10-03 14:06:44,761 [    train.py:  220]:	Evaluate:
[INFO] 2022-10-03 14:06:44,761 [    train.py:  227]:	Loss 0.3257, ('Ner Loss', 0.020661777),  ('CLS Classification Loss', 0.2224106)
[INFO] 2022-10-03 14:06:44,761 [    train.py:  228]:	('Ner Acc', 0.9980378), ('CLS Classification Acc', 0.97791785)
[INFO] 2022-10-03 14:06:52,737 [    train.py:  237]:	Precision 0.567 Recall 0.495 F1 0.528
[INFO] 2022-10-03 14:07:31,912 [    train.py:  185]:	Epoch 51: 
[INFO] 2022-10-03 14:07:31,912 [    train.py:  186]:	Train:
[INFO] 2022-10-03 14:07:31,915 [    train.py:  198]:	Loss 0.0902, ('Ner Loss', 0.017337510362267494),  ('CLS Classification Loss', 0.0035558498930186033)
[INFO] 2022-10-03 14:07:31,916 [    train.py:  208]:	('Ner Acc', 0.9997686147689819),  ('CLS Classification Acc', 0.9990572333335876)
[INFO] 2022-10-03 14:07:34,122 [    train.py:  220]:	Evaluate:
[INFO] 2022-10-03 14:07:34,123 [    train.py:  227]:	Loss 0.2966, ('Ner Loss', 0.019253716),  ('CLS Classification Loss', 0.20031734)
[INFO] 2022-10-03 14:07:34,123 [    train.py:  228]:	('Ner Acc', 0.99799037), ('CLS Classification Acc', 0.97621226)
[INFO] 2022-10-03 14:07:42,163 [    train.py:  237]:	Precision 0.540 Recall 0.505 F1 0.522
[INFO] 2022-10-03 14:08:21,681 [    train.py:  185]:	Epoch 52: 
[INFO] 2022-10-03 14:08:21,682 [    train.py:  186]:	Train:
[INFO] 2022-10-03 14:08:21,685 [    train.py:  198]:	Loss 0.0877, ('Ner Loss', 0.01692364364862442),  ('CLS Classification Loss', 0.003068521386012435)
[INFO] 2022-10-03 14:08:21,685 [    train.py:  208]:	('Ner Acc', 0.999812662601471),  ('CLS Classification Acc', 0.9990199208259583)
[INFO] 2022-10-03 14:08:23,843 [    train.py:  220]:	Evaluate:
[INFO] 2022-10-03 14:08:23,844 [    train.py:  227]:	Loss 0.3069, ('Ner Loss', 0.020018136),  ('CLS Classification Loss', 0.20685716)
[INFO] 2022-10-03 14:08:23,844 [    train.py:  228]:	('Ner Acc', 0.9979964), ('CLS Classification Acc', 0.9763493)
[INFO] 2022-10-03 14:08:31,909 [    train.py:  237]:	Precision 0.567 Recall 0.478 F1 0.519
[INFO] 2022-10-03 14:09:11,275 [    train.py:  185]:	Epoch 53: 
[INFO] 2022-10-03 14:09:11,276 [    train.py:  186]:	Train:
[INFO] 2022-10-03 14:09:11,279 [    train.py:  198]:	Loss 0.0867, ('Ner Loss', 0.01681111939251423),  ('CLS Classification Loss', 0.0026126792654395103)
[INFO] 2022-10-03 14:09:11,279 [    train.py:  208]:	('Ner Acc', 0.9998236298561096),  ('CLS Classification Acc', 0.9991070628166199)
[INFO] 2022-10-03 14:09:13,451 [    train.py:  220]:	Evaluate:
[INFO] 2022-10-03 14:09:13,451 [    train.py:  227]:	Loss 0.3391, ('Ner Loss', 0.021289203),  ('CLS Classification Loss', 0.23263602)
[INFO] 2022-10-03 14:09:13,452 [    train.py:  228]:	('Ner Acc', 0.99790424), ('CLS Classification Acc', 0.9761512)
[INFO] 2022-10-03 14:09:21,526 [    train.py:  237]:	Precision 0.540 Recall 0.501 F1 0.519
[INFO] 2022-10-03 14:10:01,221 [    train.py:  185]:	Epoch 54: 
[INFO] 2022-10-03 14:10:01,222 [    train.py:  186]:	Train:
[INFO] 2022-10-03 14:10:01,225 [    train.py:  198]:	Loss 0.0870, ('Ner Loss', 0.016800658777356148),  ('CLS Classification Loss', 0.003030272899195552)
[INFO] 2022-10-03 14:10:01,225 [    train.py:  208]:	('Ner Acc', 0.9998092651367188),  ('CLS Classification Acc', 0.9989579319953918)
[INFO] 2022-10-03 14:10:03,400 [    train.py:  220]:	Evaluate:
[INFO] 2022-10-03 14:10:03,401 [    train.py:  227]:	Loss 0.3089, ('Ner Loss', 0.020663012),  ('CLS Classification Loss', 0.20559016)
[INFO] 2022-10-03 14:10:03,401 [    train.py:  228]:	('Ner Acc', 0.9979606), ('CLS Classification Acc', 0.9770954)
[INFO] 2022-10-03 14:10:11,430 [    train.py:  237]:	Precision 0.560 Recall 0.524 F1 0.542
[INFO] 2022-10-03 14:10:50,854 [    train.py:  185]:	Epoch 55: 
[INFO] 2022-10-03 14:10:50,854 [    train.py:  186]:	Train:
[INFO] 2022-10-03 14:10:50,857 [    train.py:  198]:	Loss 0.0857, ('Ner Loss', 0.016520334407687187),  ('CLS Classification Loss', 0.0030556805431842804)
[INFO] 2022-10-03 14:10:50,857 [    train.py:  208]:	('Ner Acc', 0.9997971653938293),  ('CLS Classification Acc', 0.9989702701568604)
[INFO] 2022-10-03 14:10:53,036 [    train.py:  220]:	Evaluate:
[INFO] 2022-10-03 14:10:53,037 [    train.py:  227]:	Loss 0.3353, ('Ner Loss', 0.021025877),  ('CLS Classification Loss', 0.23015401)
[INFO] 2022-10-03 14:10:53,037 [    train.py:  228]:	('Ner Acc', 0.99795383), ('CLS Classification Acc', 0.9774458)
[INFO] 2022-10-03 14:11:01,144 [    train.py:  237]:	Precision 0.566 Recall 0.493 F1 0.527
[INFO] 2022-10-03 14:11:40,808 [    train.py:  185]:	Epoch 56: 
[INFO] 2022-10-03 14:11:40,809 [    train.py:  186]:	Train:
[INFO] 2022-10-03 14:11:40,812 [    train.py:  198]:	Loss 0.0873, ('Ner Loss', 0.01648843102157116),  ('CLS Classification Loss', 0.004883760120719671)
[INFO] 2022-10-03 14:11:40,812 [    train.py:  208]:	('Ner Acc', 0.9997616410255432),  ('CLS Classification Acc', 0.9983627200126648)
[INFO] 2022-10-03 14:11:42,980 [    train.py:  220]:	Evaluate:
[INFO] 2022-10-03 14:11:42,981 [    train.py:  227]:	Loss 0.2996, ('Ner Loss', 0.019519297),  ('CLS Classification Loss', 0.20200546)
[INFO] 2022-10-03 14:11:42,981 [    train.py:  228]:	('Ner Acc', 0.9980331), ('CLS Classification Acc', 0.9768213)
[INFO] 2022-10-03 14:11:50,971 [    train.py:  237]:	Precision 0.549 Recall 0.521 F1 0.535
[INFO] 2022-10-03 14:12:30,366 [    train.py:  185]:	Epoch 57: 
[INFO] 2022-10-03 14:12:30,367 [    train.py:  186]:	Train:
[INFO] 2022-10-03 14:12:30,371 [    train.py:  198]:	Loss 0.0837, ('Ner Loss', 0.01625741831958294),  ('CLS Classification Loss', 0.0023943691048771143)
[INFO] 2022-10-03 14:12:30,371 [    train.py:  208]:	('Ner Acc', 0.9997972846031189),  ('CLS Classification Acc', 0.9992307424545288)
[INFO] 2022-10-03 14:12:32,532 [    train.py:  220]:	Evaluate:
[INFO] 2022-10-03 14:12:32,533 [    train.py:  227]:	Loss 0.3211, ('Ner Loss', 0.020597655),  ('CLS Classification Loss', 0.2180947)
[INFO] 2022-10-03 14:12:32,533 [    train.py:  228]:	('Ner Acc', 0.9979804), ('CLS Classification Acc', 0.977065)
[INFO] 2022-10-03 14:12:40,547 [    train.py:  237]:	Precision 0.584 Recall 0.490 F1 0.533
[INFO] 2022-10-03 14:13:19,916 [    train.py:  185]:	Epoch 58: 
[INFO] 2022-10-03 14:13:19,917 [    train.py:  186]:	Train:
[INFO] 2022-10-03 14:13:19,919 [    train.py:  198]:	Loss 0.0832, ('Ner Loss', 0.01606842316687107),  ('CLS Classification Loss', 0.002833216218277812)
[INFO] 2022-10-03 14:13:19,920 [    train.py:  208]:	('Ner Acc', 0.9998095631599426),  ('CLS Classification Acc', 0.9991812705993652)
[INFO] 2022-10-03 14:13:22,091 [    train.py:  220]:	Evaluate:
[INFO] 2022-10-03 14:13:22,091 [    train.py:  227]:	Loss 0.2961, ('Ner Loss', 0.019971434),  ('CLS Classification Loss', 0.1962182)
[INFO] 2022-10-03 14:13:22,091 [    train.py:  228]:	('Ner Acc', 0.99799305), ('CLS Classification Acc', 0.976532)
[INFO] 2022-10-03 14:13:30,269 [    train.py:  237]:	Precision 0.551 Recall 0.521 F1 0.535
[INFO] 2022-10-03 14:14:09,594 [    train.py:  185]:	Epoch 59: 
[INFO] 2022-10-03 14:14:09,594 [    train.py:  186]:	Train:
[INFO] 2022-10-03 14:14:09,597 [    train.py:  198]:	Loss 0.0826, ('Ner Loss', 0.015883605927228928),  ('CLS Classification Loss', 0.0031523474026471376)
[INFO] 2022-10-03 14:14:09,597 [    train.py:  208]:	('Ner Acc', 0.9997965097427368),  ('CLS Classification Acc', 0.9990572333335876)
[INFO] 2022-10-03 14:14:11,750 [    train.py:  220]:	Evaluate:
[INFO] 2022-10-03 14:14:11,751 [    train.py:  227]:	Loss 0.2896, ('Ner Loss', 0.018784674),  ('CLS Classification Loss', 0.19570912)
[INFO] 2022-10-03 14:14:11,751 [    train.py:  228]:	('Ner Acc', 0.99804056), ('CLS Classification Acc', 0.97642535)
[INFO] 2022-10-03 14:14:19,788 [    train.py:  237]:	Precision 0.589 Recall 0.483 F1 0.531
[INFO] 2022-10-03 14:14:59,239 [    train.py:  185]:	Epoch 60: 
[INFO] 2022-10-03 14:14:59,239 [    train.py:  186]:	Train:
[INFO] 2022-10-03 14:14:59,242 [    train.py:  198]:	Loss 0.0811, ('Ner Loss', 0.015852980315685272),  ('CLS Classification Loss', 0.0018115626880899072)
[INFO] 2022-10-03 14:14:59,242 [    train.py:  208]:	('Ner Acc', 0.9998159408569336),  ('CLS Classification Acc', 0.9994663596153259)
[INFO] 2022-10-03 14:15:01,434 [    train.py:  220]:	Evaluate:
[INFO] 2022-10-03 14:15:01,435 [    train.py:  227]:	Loss 0.3046, ('Ner Loss', 0.01948573),  ('CLS Classification Loss', 0.20714271)
[INFO] 2022-10-03 14:15:01,435 [    train.py:  228]:	('Ner Acc', 0.9980875), ('CLS Classification Acc', 0.97765905)
[INFO] 2022-10-03 14:15:09,443 [    train.py:  237]:	Precision 0.576 Recall 0.518 F1 0.546
[INFO] 2022-10-03 14:15:48,803 [    train.py:  185]:	Epoch 61: 
[INFO] 2022-10-03 14:15:48,804 [    train.py:  186]:	Train:
[INFO] 2022-10-03 14:15:48,809 [    train.py:  198]:	Loss 0.0799, ('Ner Loss', 0.01563263311982155),  ('CLS Classification Loss', 0.0017804373055696487)
[INFO] 2022-10-03 14:15:48,809 [    train.py:  208]:	('Ner Acc', 0.9998356699943542),  ('CLS Classification Acc', 0.9994912147521973)
[INFO] 2022-10-03 14:15:50,973 [    train.py:  220]:	Evaluate:
[INFO] 2022-10-03 14:15:50,974 [    train.py:  227]:	Loss 0.3302, ('Ner Loss', 0.021172417),  ('CLS Classification Loss', 0.2243061)
[INFO] 2022-10-03 14:15:50,974 [    train.py:  228]:	('Ner Acc', 0.9978759), ('CLS Classification Acc', 0.975527)
[INFO] 2022-10-03 14:15:58,919 [    train.py:  237]:	Precision 0.519 Recall 0.528 F1 0.523
[INFO] 2022-10-03 14:16:38,197 [    train.py:  185]:	Epoch 62: 
[INFO] 2022-10-03 14:16:38,198 [    train.py:  186]:	Train:
[INFO] 2022-10-03 14:16:38,202 [    train.py:  198]:	Loss 0.0829, ('Ner Loss', 0.015765009447932243),  ('CLS Classification Loss', 0.0041132415644824505)
[INFO] 2022-10-03 14:16:38,202 [    train.py:  208]:	('Ner Acc', 0.9997537732124329),  ('CLS Classification Acc', 0.9987344741821289)
[INFO] 2022-10-03 14:16:40,365 [    train.py:  220]:	Evaluate:
[INFO] 2022-10-03 14:16:40,365 [    train.py:  227]:	Loss 0.2736, ('Ner Loss', 0.018123033),  ('CLS Classification Loss', 0.18294598)
[INFO] 2022-10-03 14:16:40,365 [    train.py:  228]:	('Ner Acc', 0.9981261), ('CLS Classification Acc', 0.9775981)
[INFO] 2022-10-03 14:16:48,327 [    train.py:  237]:	Precision 0.594 Recall 0.499 F1 0.542
[INFO] 2022-10-03 14:17:27,758 [    train.py:  185]:	Epoch 63: 
[INFO] 2022-10-03 14:17:27,759 [    train.py:  186]:	Train:
[INFO] 2022-10-03 14:17:27,765 [    train.py:  198]:	Loss 0.0815, ('Ner Loss', 0.01548709161579609),  ('CLS Classification Loss', 0.0040243142284452915)
[INFO] 2022-10-03 14:17:27,765 [    train.py:  208]:	('Ner Acc', 0.9997846484184265),  ('CLS Classification Acc', 0.998734712600708)
[INFO] 2022-10-03 14:17:29,963 [    train.py:  220]:	Evaluate:
[INFO] 2022-10-03 14:17:29,963 [    train.py:  227]:	Loss 0.2668, ('Ner Loss', 0.018950976),  ('CLS Classification Loss', 0.17199689)
[INFO] 2022-10-03 14:17:29,964 [    train.py:  228]:	('Ner Acc', 0.99813986), ('CLS Classification Acc', 0.97724783)
[INFO] 2022-10-03 14:17:38,314 [    train.py:  237]:	Precision 0.559 Recall 0.507 F1 0.531
[INFO] 2022-10-03 14:18:18,094 [    train.py:  185]:	Epoch 64: 
[INFO] 2022-10-03 14:18:18,094 [    train.py:  186]:	Train:
[INFO] 2022-10-03 14:18:18,101 [    train.py:  198]:	Loss 0.0789, ('Ner Loss', 0.0153697170317173),  ('CLS Classification Loss', 0.0020843632519245148)
[INFO] 2022-10-03 14:18:18,101 [    train.py:  208]:	('Ner Acc', 0.9997899532318115),  ('CLS Classification Acc', 0.9994417428970337)
[INFO] 2022-10-03 14:18:20,288 [    train.py:  220]:	Evaluate:
[INFO] 2022-10-03 14:18:20,288 [    train.py:  227]:	Loss 0.2926, ('Ner Loss', 0.019080142),  ('CLS Classification Loss', 0.19717942)
[INFO] 2022-10-03 14:18:20,289 [    train.py:  228]:	('Ner Acc', 0.99804926), ('CLS Classification Acc', 0.9775523)
[INFO] 2022-10-03 14:18:28,352 [    train.py:  237]:	Precision 0.569 Recall 0.515 F1 0.541
[INFO] 2022-10-03 14:19:07,592 [    train.py:  185]:	Epoch 65: 
[INFO] 2022-10-03 14:19:07,592 [    train.py:  186]:	Train:
[INFO] 2022-10-03 14:19:07,598 [    train.py:  198]:	Loss 0.0759, ('Ner Loss', 0.015012122690677643),  ('CLS Classification Loss', 0.0007942394586279988)
[INFO] 2022-10-03 14:19:07,598 [    train.py:  208]:	('Ner Acc', 0.9998337030410767),  ('CLS Classification Acc', 0.9998013973236084)
[INFO] 2022-10-03 14:19:09,769 [    train.py:  220]:	Evaluate:
[INFO] 2022-10-03 14:19:09,769 [    train.py:  227]:	Loss 0.2979, ('Ner Loss', 0.019774018),  ('CLS Classification Loss', 0.19899882)
[INFO] 2022-10-03 14:19:09,769 [    train.py:  228]:	('Ner Acc', 0.9980438), ('CLS Classification Acc', 0.9771868)
[INFO] 2022-10-03 14:19:17,780 [    train.py:  237]:	Precision 0.570 Recall 0.514 F1 0.540
[INFO] 2022-10-03 14:19:57,172 [    train.py:  185]:	Epoch 66: 
[INFO] 2022-10-03 14:19:57,173 [    train.py:  186]:	Train:
[INFO] 2022-10-03 14:19:57,178 [    train.py:  198]:	Loss 0.0757, ('Ner Loss', 0.01501655112951994),  ('CLS Classification Loss', 0.0006655643228441477)
[INFO] 2022-10-03 14:19:57,178 [    train.py:  208]:	('Ner Acc', 0.9998178482055664),  ('CLS Classification Acc', 0.9997765421867371)
[INFO] 2022-10-03 14:19:59,336 [    train.py:  220]:	Evaluate:
[INFO] 2022-10-03 14:19:59,336 [    train.py:  227]:	Loss 0.3058, ('Ner Loss', 0.0205798),  ('CLS Classification Loss', 0.20293583)
[INFO] 2022-10-03 14:19:59,337 [    train.py:  228]:	('Ner Acc', 0.99797136), ('CLS Classification Acc', 0.9768976)
[INFO] 2022-10-03 14:20:07,314 [    train.py:  237]:	Precision 0.570 Recall 0.522 F1 0.545
[INFO] 2022-10-03 14:20:46,656 [    train.py:  185]:	Epoch 67: 
[INFO] 2022-10-03 14:20:46,657 [    train.py:  186]:	Train:
[INFO] 2022-10-03 14:20:46,660 [    train.py:  198]:	Loss 0.0752, ('Ner Loss', 0.014751199632883072),  ('CLS Classification Loss', 0.0014125594170764089)
[INFO] 2022-10-03 14:20:46,660 [    train.py:  208]:	('Ner Acc', 0.999832272529602),  ('CLS Classification Acc', 0.9995160698890686)
[INFO] 2022-10-03 14:20:48,825 [    train.py:  220]:	Evaluate:
[INFO] 2022-10-03 14:20:48,825 [    train.py:  227]:	Loss 0.3283, ('Ner Loss', 0.021322235),  ('CLS Classification Loss', 0.22167522)
[INFO] 2022-10-03 14:20:48,825 [    train.py:  228]:	('Ner Acc', 0.99788946), ('CLS Classification Acc', 0.9761209)
[INFO] 2022-10-03 14:20:56,837 [    train.py:  237]:	Precision 0.541 Recall 0.514 F1 0.527
[INFO] 2022-10-03 14:21:36,376 [    train.py:  185]:	Epoch 68: 
[INFO] 2022-10-03 14:21:36,377 [    train.py:  186]:	Train:
[INFO] 2022-10-03 14:21:36,385 [    train.py:  198]:	Loss 0.0751, ('Ner Loss', 0.014682798646390438),  ('CLS Classification Loss', 0.0016925265081226826)
[INFO] 2022-10-03 14:21:36,385 [    train.py:  208]:	('Ner Acc', 0.9998247623443604),  ('CLS Classification Acc', 0.9995410442352295)
[INFO] 2022-10-03 14:21:38,577 [    train.py:  220]:	Evaluate:
[INFO] 2022-10-03 14:21:38,578 [    train.py:  227]:	Loss 0.3440, ('Ner Loss', 0.021643482),  ('CLS Classification Loss', 0.23575343)
[INFO] 2022-10-03 14:21:38,578 [    train.py:  228]:	('Ner Acc', 0.9979736), ('CLS Classification Acc', 0.9775524)
[INFO] 2022-10-03 14:21:46,561 [    train.py:  237]:	Precision 0.589 Recall 0.488 F1 0.533
[INFO] 2022-10-03 14:22:25,709 [    train.py:  185]:	Epoch 69: 
[INFO] 2022-10-03 14:22:25,709 [    train.py:  186]:	Train:
[INFO] 2022-10-03 14:22:25,713 [    train.py:  198]:	Loss 0.0734, ('Ner Loss', 0.014453521929681301),  ('CLS Classification Loss', 0.0010983936954289675)
[INFO] 2022-10-03 14:22:25,713 [    train.py:  208]:	('Ner Acc', 0.9998350739479065),  ('CLS Classification Acc', 0.999615490436554)
[INFO] 2022-10-03 14:22:27,892 [    train.py:  220]:	Evaluate:
[INFO] 2022-10-03 14:22:27,893 [    train.py:  227]:	Loss 0.3278, ('Ner Loss', 0.021467164),  ('CLS Classification Loss', 0.22050586)
[INFO] 2022-10-03 14:22:27,893 [    train.py:  228]:	('Ner Acc', 0.9979984), ('CLS Classification Acc', 0.9776743)
[INFO] 2022-10-03 14:22:35,998 [    train.py:  237]:	Precision 0.563 Recall 0.521 F1 0.541
[INFO] 2022-10-03 14:23:15,306 [    train.py:  185]:	Epoch 70: 
[INFO] 2022-10-03 14:23:15,307 [    train.py:  186]:	Train:
[INFO] 2022-10-03 14:23:15,310 [    train.py:  198]:	Loss 0.0726, ('Ner Loss', 0.014330078847706318),  ('CLS Classification Loss', 0.0009705831180326641)
[INFO] 2022-10-03 14:23:15,310 [    train.py:  208]:	('Ner Acc', 0.9998297691345215),  ('CLS Classification Acc', 0.9997023344039917)
[INFO] 2022-10-03 14:23:17,483 [    train.py:  220]:	Evaluate:
[INFO] 2022-10-03 14:23:17,484 [    train.py:  227]:	Loss 0.3416, ('Ner Loss', 0.02173105),  ('CLS Classification Loss', 0.23294412)
[INFO] 2022-10-03 14:23:17,484 [    train.py:  228]:	('Ner Acc', 0.9980146), ('CLS Classification Acc', 0.977461)
[INFO] 2022-10-03 14:23:25,408 [    train.py:  237]:	Precision 0.593 Recall 0.501 F1 0.543
[INFO] 2022-10-03 14:24:04,845 [    train.py:  185]:	Epoch 71: 
[INFO] 2022-10-03 14:24:04,845 [    train.py:  186]:	Train:
[INFO] 2022-10-03 14:24:04,850 [    train.py:  198]:	Loss 0.0719, ('Ner Loss', 0.014254291541874409),  ('CLS Classification Loss', 0.0006569328834302723)
[INFO] 2022-10-03 14:24:04,850 [    train.py:  208]:	('Ner Acc', 0.9998412132263184),  ('CLS Classification Acc', 0.999813973903656)
[INFO] 2022-10-03 14:24:07,023 [    train.py:  220]:	Evaluate:
[INFO] 2022-10-03 14:24:07,024 [    train.py:  227]:	Loss 0.3372, ('Ner Loss', 0.022276973),  ('CLS Classification Loss', 0.22581221)
[INFO] 2022-10-03 14:24:07,024 [    train.py:  228]:	('Ner Acc', 0.9980168), ('CLS Classification Acc', 0.97589254)
[INFO] 2022-10-03 14:24:15,050 [    train.py:  237]:	Precision 0.535 Recall 0.530 F1 0.533
[INFO] 2022-10-03 14:24:54,379 [    train.py:  185]:	Epoch 72: 
[INFO] 2022-10-03 14:24:54,380 [    train.py:  186]:	Train:
[INFO] 2022-10-03 14:24:54,386 [    train.py:  198]:	Loss 0.0727, ('Ner Loss', 0.014146808534860611),  ('CLS Classification Loss', 0.0019602554384618998)
[INFO] 2022-10-03 14:24:54,386 [    train.py:  208]:	('Ner Acc', 0.9998281002044678),  ('CLS Classification Acc', 0.9995781183242798)
[INFO] 2022-10-03 14:24:56,562 [    train.py:  220]:	Evaluate:
[INFO] 2022-10-03 14:24:56,562 [    train.py:  227]:	Loss 0.3281, ('Ner Loss', 0.021696327),  ('CLS Classification Loss', 0.2195928)
[INFO] 2022-10-03 14:24:56,562 [    train.py:  228]:	('Ner Acc', 0.99811864), ('CLS Classification Acc', 0.9775981)
[INFO] 2022-10-03 14:25:04,520 [    train.py:  237]:	Precision 0.608 Recall 0.483 F1 0.538
[INFO] 2022-10-03 14:25:44,064 [    train.py:  185]:	Epoch 73: 
[INFO] 2022-10-03 14:25:44,065 [    train.py:  186]:	Train:
[INFO] 2022-10-03 14:25:44,071 [    train.py:  198]:	Loss 0.0758, ('Ner Loss', 0.014276181347668171),  ('CLS Classification Loss', 0.004389631096273661)
[INFO] 2022-10-03 14:25:44,072 [    train.py:  208]:	('Ner Acc', 0.9997603297233582),  ('CLS Classification Acc', 0.9986729025840759)
[INFO] 2022-10-03 14:25:46,236 [    train.py:  220]:	Evaluate:
[INFO] 2022-10-03 14:25:46,236 [    train.py:  227]:	Loss 0.3052, ('Ner Loss', 0.019115355),  ('CLS Classification Loss', 0.20960867)
[INFO] 2022-10-03 14:25:46,237 [    train.py:  228]:	('Ner Acc', 0.998069), ('CLS Classification Acc', 0.9769737)
[INFO] 2022-10-03 14:25:54,224 [    train.py:  237]:	Precision 0.580 Recall 0.496 F1 0.534
[INFO] 2022-10-03 14:26:33,569 [    train.py:  185]:	Epoch 74: 
[INFO] 2022-10-03 14:26:33,569 [    train.py:  186]:	Train:
[INFO] 2022-10-03 14:26:33,573 [    train.py:  198]:	Loss 0.0720, ('Ner Loss', 0.013959728181362152),  ('CLS Classification Loss', 0.0022359932772815228)
[INFO] 2022-10-03 14:26:33,573 [    train.py:  208]:	('Ner Acc', 0.999799907207489),  ('CLS Classification Acc', 0.9993301630020142)
[INFO] 2022-10-03 14:26:35,735 [    train.py:  220]:	Evaluate:
[INFO] 2022-10-03 14:26:35,736 [    train.py:  227]:	Loss 0.2901, ('Ner Loss', 0.019277336),  ('CLS Classification Loss', 0.19373469)
[INFO] 2022-10-03 14:26:35,736 [    train.py:  228]:	('Ner Acc', 0.99809587), ('CLS Classification Acc', 0.977461)
[INFO] 2022-10-03 14:26:43,713 [    train.py:  237]:	Precision 0.593 Recall 0.475 F1 0.527
[INFO] 2022-10-03 14:27:22,933 [    train.py:  185]:	Epoch 75: 
[INFO] 2022-10-03 14:27:22,934 [    train.py:  186]:	Train:
[INFO] 2022-10-03 14:27:22,936 [    train.py:  198]:	Loss 0.0695, ('Ner Loss', 0.013725359924137592),  ('CLS Classification Loss', 0.0009165295632556081)
[INFO] 2022-10-03 14:27:22,936 [    train.py:  208]:	('Ner Acc', 0.999828577041626),  ('CLS Classification Acc', 0.9997270703315735)
[INFO] 2022-10-03 14:27:25,105 [    train.py:  220]:	Evaluate:
[INFO] 2022-10-03 14:27:25,106 [    train.py:  227]:	Loss 0.3316, ('Ner Loss', 0.02031231),  ('CLS Classification Loss', 0.22999)
[INFO] 2022-10-03 14:27:25,106 [    train.py:  228]:	('Ner Acc', 0.99802065), ('CLS Classification Acc', 0.9767148)
[INFO] 2022-10-03 14:27:33,466 [    train.py:  237]:	Precision 0.599 Recall 0.489 F1 0.538
[INFO] 2022-10-03 14:28:12,796 [    train.py:  185]:	Epoch 76: 
[INFO] 2022-10-03 14:28:12,797 [    train.py:  186]:	Train:
[INFO] 2022-10-03 14:28:12,802 [    train.py:  198]:	Loss 0.0691, ('Ner Loss', 0.013698075897991657),  ('CLS Classification Loss', 0.0005820044316351414)
[INFO] 2022-10-03 14:28:12,803 [    train.py:  208]:	('Ner Acc', 0.9998334646224976),  ('CLS Classification Acc', 0.9998138546943665)
[INFO] 2022-10-03 14:28:14,958 [    train.py:  220]:	Evaluate:
[INFO] 2022-10-03 14:28:14,959 [    train.py:  227]:	Loss 0.3178, ('Ner Loss', 0.019966846),  ('CLS Classification Loss', 0.21794319)
[INFO] 2022-10-03 14:28:14,959 [    train.py:  228]:	('Ner Acc', 0.99803394), ('CLS Classification Acc', 0.9782376)
[INFO] 2022-10-03 14:28:23,046 [    train.py:  237]:	Precision 0.586 Recall 0.527 F1 0.555
[INFO] 2022-10-03 14:29:02,226 [    train.py:  185]:	Epoch 77: 
[INFO] 2022-10-03 14:29:02,226 [    train.py:  186]:	Train:
[INFO] 2022-10-03 14:29:02,230 [    train.py:  198]:	Loss 0.0684, ('Ner Loss', 0.01347794383764267),  ('CLS Classification Loss', 0.0010098883649334311)
[INFO] 2022-10-03 14:29:02,230 [    train.py:  208]:	('Ner Acc', 0.9998251795768738),  ('CLS Classification Acc', 0.9997395277023315)
[INFO] 2022-10-03 14:29:04,388 [    train.py:  220]:	Evaluate:
[INFO] 2022-10-03 14:29:04,388 [    train.py:  227]:	Loss 0.3353, ('Ner Loss', 0.021118766),  ('CLS Classification Loss', 0.22973962)
[INFO] 2022-10-03 14:29:04,389 [    train.py:  228]:	('Ner Acc', 0.997938), ('CLS Classification Acc', 0.9763493)
[INFO] 2022-10-03 14:29:12,374 [    train.py:  237]:	Precision 0.556 Recall 0.502 F1 0.527
[INFO] 2022-10-03 14:29:51,839 [    train.py:  185]:	Epoch 78: 
[INFO] 2022-10-03 14:29:51,840 [    train.py:  186]:	Train:
[INFO] 2022-10-03 14:29:51,843 [    train.py:  198]:	Loss 0.0694, ('Ner Loss', 0.013387600891292095),  ('CLS Classification Loss', 0.002422677120193839)
[INFO] 2022-10-03 14:29:51,844 [    train.py:  208]:	('Ner Acc', 0.9998350739479065),  ('CLS Classification Acc', 0.9992555975914001)
[INFO] 2022-10-03 14:29:54,032 [    train.py:  220]:	Evaluate:
[INFO] 2022-10-03 14:29:54,032 [    train.py:  227]:	Loss 0.3268, ('Ner Loss', 0.021803183),  ('CLS Classification Loss', 0.2177947)
[INFO] 2022-10-03 14:29:54,032 [    train.py:  228]:	('Ner Acc', 0.9978434), ('CLS Classification Acc', 0.97400403)
[INFO] 2022-10-03 14:30:01,947 [    train.py:  237]:	Precision 0.562 Recall 0.472 F1 0.513
[INFO] 2022-10-03 14:30:41,336 [    train.py:  185]:	Epoch 79: 
[INFO] 2022-10-03 14:30:41,337 [    train.py:  186]:	Train:
[INFO] 2022-10-03 14:30:41,341 [    train.py:  198]:	Loss 0.0678, ('Ner Loss', 0.013237115927040577),  ('CLS Classification Loss', 0.0016099114436656237)
[INFO] 2022-10-03 14:30:41,341 [    train.py:  208]:	('Ner Acc', 0.9998279213905334),  ('CLS Classification Acc', 0.9996153712272644)
[INFO] 2022-10-03 14:30:43,488 [    train.py:  220]:	Evaluate:
[INFO] 2022-10-03 14:30:43,488 [    train.py:  227]:	Loss 0.3017, ('Ner Loss', 0.0216446),  ('CLS Classification Loss', 0.19351703)
[INFO] 2022-10-03 14:30:43,488 [    train.py:  228]:	('Ner Acc', 0.9979578), ('CLS Classification Acc', 0.9774457)
[INFO] 2022-10-03 14:30:51,574 [    train.py:  237]:	Precision 0.586 Recall 0.475 F1 0.525
[INFO] 2022-10-03 14:31:30,960 [    train.py:  185]:	Epoch 80: 
[INFO] 2022-10-03 14:31:30,961 [    train.py:  186]:	Train:
[INFO] 2022-10-03 14:31:30,967 [    train.py:  198]:	Loss 0.0664, ('Ner Loss', 0.013122337870299816),  ('CLS Classification Loss', 0.0008321185014210641)
[INFO] 2022-10-03 14:31:30,967 [    train.py:  208]:	('Ner Acc', 0.999849259853363),  ('CLS Classification Acc', 0.9997643828392029)
[INFO] 2022-10-03 14:31:33,210 [    train.py:  220]:	Evaluate:
[INFO] 2022-10-03 14:31:33,211 [    train.py:  227]:	Loss 0.3373, ('Ner Loss', 0.022251122),  ('CLS Classification Loss', 0.22603863)
[INFO] 2022-10-03 14:31:33,211 [    train.py:  228]:	('Ner Acc', 0.997979), ('CLS Classification Acc', 0.9773696)
[INFO] 2022-10-03 14:31:41,866 [    train.py:  237]:	Precision 0.593 Recall 0.496 F1 0.540
[INFO] 2022-10-03 14:32:21,280 [    train.py:  185]:	Epoch 81: 
[INFO] 2022-10-03 14:32:21,280 [    train.py:  186]:	Train:
[INFO] 2022-10-03 14:32:21,284 [    train.py:  198]:	Loss 0.0661, ('Ner Loss', 0.012987269088625908),  ('CLS Classification Loss', 0.0011195113183930516)
[INFO] 2022-10-03 14:32:21,285 [    train.py:  208]:	('Ner Acc', 0.9998383522033691),  ('CLS Classification Acc', 0.9996773600578308)
[INFO] 2022-10-03 14:32:23,451 [    train.py:  220]:	Evaluate:
[INFO] 2022-10-03 14:32:23,452 [    train.py:  227]:	Loss 0.3496, ('Ner Loss', 0.021648008),  ('CLS Classification Loss', 0.24131438)
[INFO] 2022-10-03 14:32:23,452 [    train.py:  228]:	('Ner Acc', 0.9980202), ('CLS Classification Acc', 0.9755117)
[INFO] 2022-10-03 14:32:31,449 [    train.py:  237]:	Precision 0.590 Recall 0.466 F1 0.521
[INFO] 2022-10-03 14:33:10,640 [    train.py:  185]:	Epoch 82: 
[INFO] 2022-10-03 14:33:10,640 [    train.py:  186]:	Train:
[INFO] 2022-10-03 14:33:10,644 [    train.py:  198]:	Loss 0.0652, ('Ner Loss', 0.012845189310610294),  ('CLS Classification Loss', 0.0009709115256555378)
[INFO] 2022-10-03 14:33:10,644 [    train.py:  208]:	('Ner Acc', 0.9998467564582825),  ('CLS Classification Acc', 0.9997518062591553)
[INFO] 2022-10-03 14:33:12,819 [    train.py:  220]:	Evaluate:
[INFO] 2022-10-03 14:33:12,820 [    train.py:  227]:	Loss 0.3440, ('Ner Loss', 0.022418309),  ('CLS Classification Loss', 0.23191184)
[INFO] 2022-10-03 14:33:12,820 [    train.py:  228]:	('Ner Acc', 0.99804306), ('CLS Classification Acc', 0.97797877)
[INFO] 2022-10-03 14:33:20,779 [    train.py:  237]:	Precision 0.594 Recall 0.484 F1 0.534
[INFO] 2022-10-03 14:34:00,424 [    train.py:  185]:	Epoch 83: 
[INFO] 2022-10-03 14:34:00,425 [    train.py:  186]:	Train:
[INFO] 2022-10-03 14:34:00,428 [    train.py:  198]:	Loss 0.0662, ('Ner Loss', 0.012886662036180496),  ('CLS Classification Loss', 0.001738783554174006)
[INFO] 2022-10-03 14:34:00,428 [    train.py:  208]:	('Ner Acc', 0.9998121857643127),  ('CLS Classification Acc', 0.9995161890983582)
[INFO] 2022-10-03 14:34:02,604 [    train.py:  220]:	Evaluate:
[INFO] 2022-10-03 14:34:02,605 [    train.py:  227]:	Loss 0.2919, ('Ner Loss', 0.019940028),  ('CLS Classification Loss', 0.1921873)
[INFO] 2022-10-03 14:34:02,605 [    train.py:  228]:	('Ner Acc', 0.9978975), ('CLS Classification Acc', 0.97688234)
[INFO] 2022-10-03 14:34:10,674 [    train.py:  237]:	Precision 0.530 Recall 0.548 F1 0.539
[INFO] 2022-10-03 14:34:49,768 [    train.py:  185]:	Epoch 84: 
[INFO] 2022-10-03 14:34:49,769 [    train.py:  186]:	Train:
[INFO] 2022-10-03 14:34:49,771 [    train.py:  198]:	Loss 0.0648, ('Ner Loss', 0.012672679498791695),  ('CLS Classification Loss', 0.0014536721864715219)
[INFO] 2022-10-03 14:34:49,771 [    train.py:  208]:	('Ner Acc', 0.9998313784599304),  ('CLS Classification Acc', 0.9996899366378784)
[INFO] 2022-10-03 14:34:51,935 [    train.py:  220]:	Evaluate:
[INFO] 2022-10-03 14:34:51,936 [    train.py:  227]:	Loss 0.3088, ('Ner Loss', 0.021315709),  ('CLS Classification Loss', 0.20223813)
[INFO] 2022-10-03 14:34:51,936 [    train.py:  228]:	('Ner Acc', 0.9979282), ('CLS Classification Acc', 0.9761513)
[INFO] 2022-10-03 14:34:59,949 [    train.py:  237]:	Precision 0.554 Recall 0.517 F1 0.535
[INFO] 2022-10-03 14:35:39,412 [    train.py:  185]:	Epoch 85: 
[INFO] 2022-10-03 14:35:39,413 [    train.py:  186]:	Train:
[INFO] 2022-10-03 14:35:39,418 [    train.py:  198]:	Loss 0.0634, ('Ner Loss', 0.012537438422441483),  ('CLS Classification Loss', 0.0006674958858639002)
[INFO] 2022-10-03 14:35:39,419 [    train.py:  208]:	('Ner Acc', 0.9998443722724915),  ('CLS Classification Acc', 0.9997765421867371)
[INFO] 2022-10-03 14:35:41,597 [    train.py:  220]:	Evaluate:
[INFO] 2022-10-03 14:35:41,597 [    train.py:  227]:	Loss 0.3406, ('Ner Loss', 0.023042124),  ('CLS Classification Loss', 0.22542036)
[INFO] 2022-10-03 14:35:41,598 [    train.py:  228]:	('Ner Acc', 0.9978259), ('CLS Classification Acc', 0.97475034)
[INFO] 2022-10-03 14:35:49,677 [    train.py:  237]:	Precision 0.534 Recall 0.508 F1 0.520
[INFO] 2022-10-03 14:36:28,840 [    train.py:  185]:	Epoch 86: 
[INFO] 2022-10-03 14:36:28,840 [    train.py:  186]:	Train:
[INFO] 2022-10-03 14:36:28,845 [    train.py:  198]:	Loss 0.0636, ('Ner Loss', 0.01246026623994112),  ('CLS Classification Loss', 0.0013203065609559417)
[INFO] 2022-10-03 14:36:28,845 [    train.py:  208]:	('Ner Acc', 0.9998313784599304),  ('CLS Classification Acc', 0.9996649622917175)
[INFO] 2022-10-03 14:36:31,043 [    train.py:  220]:	Evaluate:
[INFO] 2022-10-03 14:36:31,043 [    train.py:  227]:	Loss 0.3065, ('Ner Loss', 0.021692766),  ('CLS Classification Loss', 0.19802935)
[INFO] 2022-10-03 14:36:31,043 [    train.py:  228]:	('Ner Acc', 0.99786115), ('CLS Classification Acc', 0.9767909)
[INFO] 2022-10-03 14:36:39,108 [    train.py:  237]:	Precision 0.580 Recall 0.484 F1 0.528
[INFO] 2022-10-03 14:37:18,361 [    train.py:  185]:	Epoch 87: 
[INFO] 2022-10-03 14:37:18,361 [    train.py:  186]:	Train:
[INFO] 2022-10-03 14:37:18,364 [    train.py:  198]:	Loss 0.0646, ('Ner Loss', 0.012442559003829956),  ('CLS Classification Loss', 0.0023521834518760443)
[INFO] 2022-10-03 14:37:18,364 [    train.py:  208]:	('Ner Acc', 0.9998062252998352),  ('CLS Classification Acc', 0.9994417428970337)
[INFO] 2022-10-03 14:37:20,520 [    train.py:  220]:	Evaluate:
[INFO] 2022-10-03 14:37:20,521 [    train.py:  227]:	Loss 0.2826, ('Ner Loss', 0.019461075),  ('CLS Classification Loss', 0.18524696)
[INFO] 2022-10-03 14:37:20,521 [    train.py:  228]:	('Ner Acc', 0.99791646), ('CLS Classification Acc', 0.97701937)
[INFO] 2022-10-03 14:37:28,333 [    train.py:  237]:	Precision 0.545 Recall 0.525 F1 0.535
[INFO] 2022-10-03 14:38:07,866 [    train.py:  185]:	Epoch 88: 
[INFO] 2022-10-03 14:38:07,867 [    train.py:  186]:	Train:
[INFO] 2022-10-03 14:38:07,872 [    train.py:  198]:	Loss 0.0681, ('Ner Loss', 0.012628181837499142),  ('CLS Classification Loss', 0.004962475039064884)
[INFO] 2022-10-03 14:38:07,872 [    train.py:  208]:	('Ner Acc', 0.999772310256958),  ('CLS Classification Acc', 0.9985364675521851)
[INFO] 2022-10-03 14:38:10,054 [    train.py:  220]:	Evaluate:
[INFO] 2022-10-03 14:38:10,054 [    train.py:  227]:	Loss 0.2687, ('Ner Loss', 0.017231658),  ('CLS Classification Loss', 0.18257883)
[INFO] 2022-10-03 14:38:10,055 [    train.py:  228]:	('Ner Acc', 0.9979801), ('CLS Classification Acc', 0.977263)
[INFO] 2022-10-03 14:38:18,085 [    train.py:  237]:	Precision 0.568 Recall 0.492 F1 0.528
[INFO] 2022-10-03 14:38:57,232 [    train.py:  185]:	Epoch 89: 
[INFO] 2022-10-03 14:38:57,232 [    train.py:  186]:	Train:
[INFO] 2022-10-03 14:38:57,238 [    train.py:  198]:	Loss 0.0626, ('Ner Loss', 0.012225307524204254),  ('CLS Classification Loss', 0.001480666920542717)
[INFO] 2022-10-03 14:38:57,238 [    train.py:  208]:	('Ner Acc', 0.9998106956481934),  ('CLS Classification Acc', 0.9994664788246155)
[INFO] 2022-10-03 14:38:59,415 [    train.py:  220]:	Evaluate:
[INFO] 2022-10-03 14:38:59,415 [    train.py:  227]:	Loss 0.2612, ('Ner Loss', 0.017748393),  ('CLS Classification Loss', 0.17246433)
[INFO] 2022-10-03 14:38:59,415 [    train.py:  228]:	('Ner Acc', 0.9979996), ('CLS Classification Acc', 0.975603)
[INFO] 2022-10-03 14:39:07,404 [    train.py:  237]:	Precision 0.541 Recall 0.501 F1 0.520
[INFO] 2022-10-03 14:39:46,692 [    train.py:  185]:	Epoch 90: 
[INFO] 2022-10-03 14:39:46,693 [    train.py:  186]:	Train:
[INFO] 2022-10-03 14:39:46,696 [    train.py:  198]:	Loss 0.0607, ('Ner Loss', 0.011979199945926666),  ('CLS Classification Loss', 0.0007867876556701958)
[INFO] 2022-10-03 14:39:46,697 [    train.py:  208]:	('Ner Acc', 0.9998317360877991),  ('CLS Classification Acc', 0.9997767806053162)
[INFO] 2022-10-03 14:39:48,883 [    train.py:  220]:	Evaluate:
[INFO] 2022-10-03 14:39:48,883 [    train.py:  227]:	Loss 0.2913, ('Ner Loss', 0.019440634),  ('CLS Classification Loss', 0.1940964)
[INFO] 2022-10-03 14:39:48,883 [    train.py:  228]:	('Ner Acc', 0.9981004), ('CLS Classification Acc', 0.97768945)
[INFO] 2022-10-03 14:39:56,887 [    train.py:  237]:	Precision 0.589 Recall 0.511 F1 0.547
[INFO] 2022-10-03 14:40:36,126 [    train.py:  185]:	Epoch 91: 
[INFO] 2022-10-03 14:40:36,126 [    train.py:  186]:	Train:
[INFO] 2022-10-03 14:40:36,129 [    train.py:  198]:	Loss 0.0597, ('Ner Loss', 0.011842478066682816),  ('CLS Classification Loss', 0.0005076127708889544)
[INFO] 2022-10-03 14:40:36,129 [    train.py:  208]:	('Ner Acc', 0.9998405575752258),  ('CLS Classification Acc', 0.9998635649681091)
[INFO] 2022-10-03 14:40:38,298 [    train.py:  220]:	Evaluate:
[INFO] 2022-10-03 14:40:38,298 [    train.py:  227]:	Loss 0.2932, ('Ner Loss', 0.018544707),  ('CLS Classification Loss', 0.2005025)
[INFO] 2022-10-03 14:40:38,298 [    train.py:  228]:	('Ner Acc', 0.99811566), ('CLS Classification Acc', 0.9771717)
[INFO] 2022-10-03 14:40:46,245 [    train.py:  237]:	Precision 0.589 Recall 0.491 F1 0.535
[INFO] 2022-10-03 14:42:15,951 [    train.py:  185]:	Epoch 92: 
[INFO] 2022-10-03 14:42:15,952 [    train.py:  186]:	Train:
[INFO] 2022-10-03 14:42:15,954 [    train.py:  198]:	Loss 0.0588, ('Ner Loss', 0.011635944247245789),  ('CLS Classification Loss', 0.0006693081231787801)
[INFO] 2022-10-03 14:42:15,955 [    train.py:  208]:	('Ner Acc', 0.9998621344566345),  ('CLS Classification Acc', 0.9998511075973511)
[INFO] 2022-10-03 14:42:18,110 [    train.py:  220]:	Evaluate:
[INFO] 2022-10-03 14:42:18,110 [    train.py:  227]:	Loss 0.2868, ('Ner Loss', 0.019605618),  ('CLS Classification Loss', 0.18878925)
[INFO] 2022-10-03 14:42:18,110 [    train.py:  228]:	('Ner Acc', 0.99814177), ('CLS Classification Acc', 0.9783748)
[INFO] 2022-10-03 14:42:26,154 [    train.py:  237]:	Precision 0.586 Recall 0.533 F1 0.558
[INFO] 2022-10-03 14:43:05,547 [    train.py:  185]:	Epoch 93: 
[INFO] 2022-10-03 14:43:05,548 [    train.py:  186]:	Train:
[INFO] 2022-10-03 14:43:05,550 [    train.py:  198]:	Loss 0.0581, ('Ner Loss', 0.011586691252887249),  ('CLS Classification Loss', 0.00020587431208696216)
[INFO] 2022-10-03 14:43:05,550 [    train.py:  208]:	('Ner Acc', 0.9998501539230347),  ('CLS Classification Acc', 0.9999502897262573)
[INFO] 2022-10-03 14:43:07,719 [    train.py:  220]:	Evaluate:
[INFO] 2022-10-03 14:43:07,720 [    train.py:  227]:	Loss 0.3272, ('Ner Loss', 0.021109536),  ('CLS Classification Loss', 0.22162277)
[INFO] 2022-10-03 14:43:07,720 [    train.py:  228]:	('Ner Acc', 0.9979917), ('CLS Classification Acc', 0.97558784)
[INFO] 2022-10-03 14:43:15,810 [    train.py:  237]:	Precision 0.556 Recall 0.520 F1 0.537
[INFO] 2022-10-03 14:43:55,153 [    train.py:  185]:	Epoch 94: 
[INFO] 2022-10-03 14:43:55,153 [    train.py:  186]:	Train:
[INFO] 2022-10-03 14:43:55,156 [    train.py:  198]:	Loss 0.0576, ('Ner Loss', 0.011498168110847473),  ('CLS Classification Loss', 0.0001023819568217732)
[INFO] 2022-10-03 14:43:55,156 [    train.py:  208]:	('Ner Acc', 0.9998601675033569),  ('CLS Classification Acc', 0.9999751448631287)
[INFO] 2022-10-03 14:43:57,315 [    train.py:  220]:	Evaluate:
[INFO] 2022-10-03 14:43:57,315 [    train.py:  227]:	Loss 0.3142, ('Ner Loss', 0.020811815),  ('CLS Classification Loss', 0.21010615)
[INFO] 2022-10-03 14:43:57,315 [    train.py:  228]:	('Ner Acc', 0.99806464), ('CLS Classification Acc', 0.9780397)
[INFO] 2022-10-03 14:44:05,254 [    train.py:  237]:	Precision 0.580 Recall 0.496 F1 0.534
[INFO] 2022-10-03 14:44:44,517 [    train.py:  185]:	Epoch 95: 
[INFO] 2022-10-03 14:44:44,518 [    train.py:  186]:	Train:
[INFO] 2022-10-03 14:44:44,525 [    train.py:  198]:	Loss 0.0574, ('Ner Loss', 0.011411672458052635),  ('CLS Classification Loss', 0.0003502494946587831)
[INFO] 2022-10-03 14:44:44,525 [    train.py:  208]:	('Ner Acc', 0.9998542666435242),  ('CLS Classification Acc', 0.9999255537986755)
[INFO] 2022-10-03 14:44:46,704 [    train.py:  220]:	Evaluate:
[INFO] 2022-10-03 14:44:46,705 [    train.py:  227]:	Loss 0.3230, ('Ner Loss', 0.021698263),  ('CLS Classification Loss', 0.214558)
[INFO] 2022-10-03 14:44:46,705 [    train.py:  228]:	('Ner Acc', 0.9980444), ('CLS Classification Acc', 0.9775981)
[INFO] 2022-10-03 14:44:54,793 [    train.py:  237]:	Precision 0.569 Recall 0.520 F1 0.543
[INFO] 2022-10-03 14:45:34,276 [    train.py:  185]:	Epoch 96: 
[INFO] 2022-10-03 14:45:34,276 [    train.py:  186]:	Train:
[INFO] 2022-10-03 14:45:34,279 [    train.py:  198]:	Loss 0.0570, ('Ner Loss', 0.011327817104756832),  ('CLS Classification Loss', 0.00037405683542601764)
[INFO] 2022-10-03 14:45:34,280 [    train.py:  208]:	('Ner Acc', 0.9998558163642883),  ('CLS Classification Acc', 0.999937891960144)
[INFO] 2022-10-03 14:45:36,472 [    train.py:  220]:	Evaluate:
[INFO] 2022-10-03 14:45:36,473 [    train.py:  227]:	Loss 0.3048, ('Ner Loss', 0.022005517),  ('CLS Classification Loss', 0.194743)
[INFO] 2022-10-03 14:45:36,473 [    train.py:  228]:	('Ner Acc', 0.9980004), ('CLS Classification Acc', 0.97685194)
[INFO] 2022-10-03 14:45:44,534 [    train.py:  237]:	Precision 0.557 Recall 0.522 F1 0.539
[INFO] 2022-10-03 14:46:23,630 [    train.py:  185]:	Epoch 97: 
[INFO] 2022-10-03 14:46:23,631 [    train.py:  186]:	Train:
[INFO] 2022-10-03 14:46:23,634 [    train.py:  198]:	Loss 0.0570, ('Ner Loss', 0.011197303421795368),  ('CLS Classification Loss', 0.0010044266236945987)
[INFO] 2022-10-03 14:46:23,634 [    train.py:  208]:	('Ner Acc', 0.9998509883880615),  ('CLS Classification Acc', 0.9997519254684448)
[INFO] 2022-10-03 14:46:25,806 [    train.py:  220]:	Evaluate:
[INFO] 2022-10-03 14:46:25,807 [    train.py:  227]:	Loss 0.3021, ('Ner Loss', 0.020283356),  ('CLS Classification Loss', 0.2007249)
[INFO] 2022-10-03 14:46:25,807 [    train.py:  228]:	('Ner Acc', 0.9980814), ('CLS Classification Acc', 0.9778874)
[INFO] 2022-10-03 14:46:33,799 [    train.py:  237]:	Precision 0.585 Recall 0.507 F1 0.543
[INFO] 2022-10-03 14:47:13,110 [    train.py:  185]:	Epoch 98: 
[INFO] 2022-10-03 14:47:13,110 [    train.py:  186]:	Train:
[INFO] 2022-10-03 14:47:13,116 [    train.py:  198]:	Loss 0.0559, ('Ner Loss', 0.011127058416604996),  ('CLS Classification Loss', 0.0002182016323786229)
[INFO] 2022-10-03 14:47:13,116 [    train.py:  208]:	('Ner Acc', 0.9998548030853271),  ('CLS Classification Acc', 0.9999255537986755)
[INFO] 2022-10-03 14:47:15,284 [    train.py:  220]:	Evaluate:
[INFO] 2022-10-03 14:47:15,284 [    train.py:  227]:	Loss 0.3213, ('Ner Loss', 0.022006577),  ('CLS Classification Loss', 0.21128309)
[INFO] 2022-10-03 14:47:15,284 [    train.py:  228]:	('Ner Acc', 0.9979942), ('CLS Classification Acc', 0.977857)
[INFO] 2022-10-03 14:47:23,358 [    train.py:  237]:	Precision 0.563 Recall 0.537 F1 0.550
[INFO] 2022-10-03 14:48:02,629 [    train.py:  185]:	Epoch 99: 
[INFO] 2022-10-03 14:48:02,629 [    train.py:  186]:	Train:
[INFO] 2022-10-03 14:48:02,632 [    train.py:  198]:	Loss 0.0562, ('Ner Loss', 0.010987787507474422),  ('CLS Classification Loss', 0.001278386451303959)
[INFO] 2022-10-03 14:48:02,632 [    train.py:  208]:	('Ner Acc', 0.9998514652252197),  ('CLS Classification Acc', 0.9996399879455566)
[INFO] 2022-10-03 14:48:04,795 [    train.py:  220]:	Evaluate:
[INFO] 2022-10-03 14:48:04,795 [    train.py:  227]:	Loss 0.3240, ('Ner Loss', 0.022519326),  ('CLS Classification Loss', 0.21137641)
[INFO] 2022-10-03 14:48:04,796 [    train.py:  228]:	('Ner Acc', 0.99791604), ('CLS Classification Acc', 0.9757858)
[INFO] 2022-10-03 14:48:12,889 [    train.py:  237]:	Precision 0.569 Recall 0.515 F1 0.540
[INFO] 2022-10-03 14:48:52,118 [    train.py:  185]:	Epoch 100: 
[INFO] 2022-10-03 14:48:52,118 [    train.py:  186]:	Train:
[INFO] 2022-10-03 14:48:52,121 [    train.py:  198]:	Loss 0.0580, ('Ner Loss', 0.011104416102170944),  ('CLS Classification Loss', 0.002487109275534749)
[INFO] 2022-10-03 14:48:52,121 [    train.py:  208]:	('Ner Acc', 0.9997867941856384),  ('CLS Classification Acc', 0.9993797540664673)
[INFO] 2022-10-03 14:48:54,282 [    train.py:  220]:	Evaluate:
[INFO] 2022-10-03 14:48:54,283 [    train.py:  227]:	Loss 0.2742, ('Ner Loss', 0.019539746),  ('CLS Classification Loss', 0.17646725)
[INFO] 2022-10-03 14:48:54,283 [    train.py:  228]:	('Ner Acc', 0.99798673), ('CLS Classification Acc', 0.97691274)
[INFO] 2022-10-03 14:49:02,402 [    train.py:  237]:	Precision 0.572 Recall 0.517 F1 0.543
[INFO] 2022-10-03 14:49:02,402 [    train.py:  257]:	Best Epoch 92; Best f1 0.5579665220086795 precision 0.5859375 recall 0.5325443786982249;
