[INFO] 2022-10-05 07:47:57,466 [    train.py:  524]:	Namespace(block_att_head_num=1, cased=0, d_block=0, data_aug=2, dataset='res15', decay_rate=0.9, decay_steps=3000, do_test=True, do_train=True, do_valid=True, drop_null_data=True, dropout_rate=0.2, epochs=100, extra_attention=True, fuse_strategy='gate', hot_attention=False, init_model_dir='', language='en', loss_ratio=1.0, lr=2e-05, mask_sb=True, model_type='end_to_end', output_dir='./output', save_dir='', schema='BIO', task_name='ttee_res15_100epoch_0d_2aug_2e-5lr_3000_0.9_schedule_0cased_gate_0.2dropout_dropnull_1loss_BIO', test_batch_size=32, train_batch_size=16, valid_freq=1)
[INFO] 2022-10-05 07:48:08,949 [    train.py:  123]:	{'init_bert_model': 'bert-base-uncased', 'sentence_b': DictWrapper({'texts': ListWrapper(['general of ambience', 'price of drinks', 'quality of drinks', 'style options of drinks', 'prices of food', 'quality of food', 'style options of food', 'general of location', 'general of restaurant', 'miscellaneous of restaurant', 'prices of restaurant', 'general of service']), 'sentiments': ListWrapper(['negative', 'neutral', 'positive'])}), 'num_sentiment_classes': 3, 'subblock_hidden_size': 0, 'subblock_head_num': 1, 'cache_dir': 'bert_models/bert-base-uncased', 'fuse_strategy': 'gate', 'tagging_schema': 'BIO', 'extra_attention': True, 'hot_attention': False, 'dropout': 0.2, 'loss_ratio': 1.0}
[INFO] 2022-10-05 07:48:08,950 [    train.py:  125]:	Number of Train Sentence: 1120
[INFO] 2022-10-05 07:48:08,959 [    train.py:  541]:	Data augment: Merge 2 train data together
[INFO] 2022-10-05 07:49:22,877 [    train.py:  217]:	Epoch 1 Train: Loss 0.3332, ('Ner Loss', 0.0837126225233078),  ('CLS Classification Loss', 0.2494540959596634), ('Ner Acc', 0.9838505387306213),  ('CLS Classification Acc', 0.9330357313156128)
[INFO] 2022-10-05 07:49:28,330 [    train.py:  237]:	Epoch 1 Valid: Loss 0.1772, ('Ner Loss', 0.018593922),  ('CLS Classification Loss', 0.15863033), ('Ner Acc', 0.9971178),  ('CLS Classification Acc', 0.962567)
[INFO] 2022-10-05 07:49:39,753 [    train.py:  246]:	Epoch 1 Test: Precision 0.000 Recall 0.000 F1 0.000
[INFO] 2022-10-05 07:50:22,868 [    train.py:  217]:	Epoch 2 Train: Loss 0.2395, ('Ner Loss', 0.047600798308849335),  ('CLS Classification Loss', 0.19190071523189545), ('Ner Acc', 0.9946328401565552),  ('CLS Classification Acc', 0.9365205764770508)
[INFO] 2022-10-05 07:50:25,378 [    train.py:  237]:	Epoch 2 Valid: Loss 0.1523, ('Ner Loss', 0.015177049),  ('CLS Classification Loss', 0.1371258), ('Ner Acc', 0.9971178),  ('CLS Classification Acc', 0.96320665)
[INFO] 2022-10-05 07:50:33,635 [    train.py:  246]:	Epoch 2 Test: Precision 0.059 Recall 0.002 F1 0.005
[INFO] 2022-10-05 07:51:17,001 [    train.py:  217]:	Epoch 3 Train: Loss 0.2151, ('Ner Loss', 0.04353171959519386),  ('CLS Classification Loss', 0.17161323130130768), ('Ner Acc', 0.9945489168167114),  ('CLS Classification Acc', 0.9408730864524841)
[INFO] 2022-10-05 07:51:19,544 [    train.py:  237]:	Epoch 3 Valid: Loss 0.1388, ('Ner Loss', 0.013347456),  ('CLS Classification Loss', 0.12542035), ('Ner Acc', 0.9971516),  ('CLS Classification Acc', 0.9629173)
[INFO] 2022-10-05 07:51:27,744 [    train.py:  246]:	Epoch 3 Test: Precision 0.081 Recall 0.019 F1 0.031
[INFO] 2022-10-05 07:52:11,120 [    train.py:  217]:	Epoch 4 Train: Loss 0.1987, ('Ner Loss', 0.041165195405483246),  ('CLS Classification Loss', 0.15757185220718384), ('Ner Acc', 0.9945676326751709),  ('CLS Classification Acc', 0.9444564580917358)
[INFO] 2022-10-05 07:52:13,647 [    train.py:  237]:	Epoch 4 Valid: Loss 0.1289, ('Ner Loss', 0.012434859),  ('CLS Classification Loss', 0.11646951), ('Ner Acc', 0.99731565),  ('CLS Classification Acc', 0.9652169)
[INFO] 2022-10-05 07:52:21,929 [    train.py:  246]:	Epoch 4 Test: Precision 0.210 Recall 0.046 F1 0.076
[INFO] 2022-10-05 07:53:05,152 [    train.py:  217]:	Epoch 5 Train: Loss 0.1813, ('Ner Loss', 0.039189357310533524),  ('CLS Classification Loss', 0.14212623238563538), ('Ner Acc', 0.9946610331535339),  ('CLS Classification Acc', 0.948896586894989)
[INFO] 2022-10-05 07:53:07,674 [    train.py:  237]:	Epoch 5 Valid: Loss 0.1207, ('Ner Loss', 0.011111304),  ('CLS Classification Loss', 0.109584056), ('Ner Acc', 0.9974657),  ('CLS Classification Acc', 0.96704435)
[INFO] 2022-10-05 07:53:15,794 [    train.py:  246]:	Epoch 5 Test: Precision 0.358 Recall 0.086 F1 0.139
[INFO] 2022-10-05 07:53:58,928 [    train.py:  217]:	Epoch 6 Train: Loss 0.1664, ('Ner Loss', 0.03744058683514595),  ('CLS Classification Loss', 0.1289321929216385), ('Ner Acc', 0.9948011040687561),  ('CLS Classification Acc', 0.9523565173149109)
[INFO] 2022-10-05 07:54:01,442 [    train.py:  237]:	Epoch 6 Valid: Loss 0.1080, ('Ner Loss', 0.01015373),  ('CLS Classification Loss', 0.09782677), ('Ner Acc', 0.9974777),  ('CLS Classification Acc', 0.96876514)
[INFO] 2022-10-05 07:54:09,492 [    train.py:  246]:	Epoch 6 Test: Precision 0.370 Recall 0.186 F1 0.247
[INFO] 2022-10-05 07:54:52,771 [    train.py:  217]:	Epoch 7 Train: Loss 0.1539, ('Ner Loss', 0.036085743457078934),  ('CLS Classification Loss', 0.11781948804855347), ('Ner Acc', 0.9950129985809326),  ('CLS Classification Acc', 0.9563619494438171)
[INFO] 2022-10-05 07:54:55,269 [    train.py:  237]:	Epoch 7 Valid: Loss 0.1073, ('Ner Loss', 0.009832055),  ('CLS Classification Loss', 0.0975087), ('Ner Acc', 0.99758357),  ('CLS Classification Acc', 0.9689174)
[INFO] 2022-10-05 07:55:03,354 [    train.py:  246]:	Epoch 7 Test: Precision 0.353 Recall 0.238 F1 0.284
[INFO] 2022-10-05 07:55:46,814 [    train.py:  217]:	Epoch 8 Train: Loss 0.1407, ('Ner Loss', 0.034657467156648636),  ('CLS Classification Loss', 0.10600006580352783), ('Ner Acc', 0.9952008128166199),  ('CLS Classification Acc', 0.9616318941116333)
[INFO] 2022-10-05 07:55:49,343 [    train.py:  237]:	Epoch 8 Valid: Loss 0.0955, ('Ner Loss', 0.0091871135),  ('CLS Classification Loss', 0.086290725), ('Ner Acc', 0.9976886),  ('CLS Classification Acc', 0.9728009)
[INFO] 2022-10-05 07:55:57,640 [    train.py:  246]:	Epoch 8 Test: Precision 0.448 Recall 0.286 F1 0.349
[INFO] 2022-10-05 07:56:40,832 [    train.py:  217]:	Epoch 9 Train: Loss 0.1268, ('Ner Loss', 0.03317207098007202),  ('CLS Classification Loss', 0.09360131621360779), ('Ner Acc', 0.995357096195221),  ('CLS Classification Acc', 0.9654388427734375)
[INFO] 2022-10-05 07:56:43,346 [    train.py:  237]:	Epoch 9 Valid: Loss 0.0956, ('Ner Loss', 0.009318627),  ('CLS Classification Loss', 0.086276144), ('Ner Acc', 0.997769),  ('CLS Classification Acc', 0.97389734)
[INFO] 2022-10-05 07:56:51,568 [    train.py:  246]:	Epoch 9 Test: Precision 0.472 Recall 0.286 F1 0.356
[INFO] 2022-10-05 07:57:34,737 [    train.py:  217]:	Epoch 10 Train: Loss 0.1175, ('Ner Loss', 0.03230821341276169),  ('CLS Classification Loss', 0.08522281795740128), ('Ner Acc', 0.9954731464385986),  ('CLS Classification Acc', 0.9681423902511597)
[INFO] 2022-10-05 07:57:37,255 [    train.py:  237]:	Epoch 10 Valid: Loss 0.0961, ('Ner Loss', 0.008779578),  ('CLS Classification Loss', 0.08729855), ('Ner Acc', 0.9977691),  ('CLS Classification Acc', 0.9737908)
[INFO] 2022-10-05 07:57:45,743 [    train.py:  246]:	Epoch 10 Test: Precision 0.454 Recall 0.394 F1 0.422
[INFO] 2022-10-05 07:58:29,047 [    train.py:  217]:	Epoch 11 Train: Loss 0.1048, ('Ner Loss', 0.030876990407705307),  ('CLS Classification Loss', 0.07394023984670639), ('Ner Acc', 0.9955886602401733),  ('CLS Classification Acc', 0.9724950790405273)
[INFO] 2022-10-05 07:58:31,569 [    train.py:  237]:	Epoch 11 Valid: Loss 0.0998, ('Ner Loss', 0.008793416),  ('CLS Classification Loss', 0.09098144), ('Ner Acc', 0.99785614),  ('CLS Classification Acc', 0.9737908)
[INFO] 2022-10-05 07:58:39,956 [    train.py:  246]:	Epoch 11 Test: Precision 0.478 Recall 0.376 F1 0.421
[INFO] 2022-10-05 07:59:23,491 [    train.py:  217]:	Epoch 12 Train: Loss 0.0962, ('Ner Loss', 0.030136646702885628),  ('CLS Classification Loss', 0.06604807823896408), ('Ner Acc', 0.9957908391952515),  ('CLS Classification Acc', 0.9750123023986816)
[INFO] 2022-10-05 07:59:26,022 [    train.py:  237]:	Epoch 12 Valid: Loss 0.1070, ('Ner Loss', 0.008719544),  ('CLS Classification Loss', 0.098241), ('Ner Acc', 0.99786466),  ('CLS Classification Acc', 0.974263)
[INFO] 2022-10-05 07:59:34,693 [    train.py:  246]:	Epoch 12 Test: Precision 0.496 Recall 0.465 F1 0.480
[INFO] 2022-10-05 08:00:18,054 [    train.py:  217]:	Epoch 13 Train: Loss 0.0774, ('Ner Loss', 0.02921062894165516),  ('CLS Classification Loss', 0.048225462436676025), ('Ner Acc', 0.9961079359054565),  ('CLS Classification Acc', 0.9808778762817383)
[INFO] 2022-10-05 08:00:20,590 [    train.py:  237]:	Epoch 13 Valid: Loss 0.1158, ('Ner Loss', 0.009080239),  ('CLS Classification Loss', 0.10674957), ('Ner Acc', 0.99795645),  ('CLS Classification Acc', 0.97385174)
[INFO] 2022-10-05 08:00:28,861 [    train.py:  246]:	Epoch 13 Test: Precision 0.486 Recall 0.483 F1 0.485
[INFO] 2022-10-05 08:01:12,127 [    train.py:  217]:	Epoch 14 Train: Loss 0.0645, ('Ner Loss', 0.028357315808534622),  ('CLS Classification Loss', 0.03616493567824364), ('Ner Acc', 0.996412992477417),  ('CLS Classification Acc', 0.9860613346099854)
[INFO] 2022-10-05 08:01:14,657 [    train.py:  237]:	Epoch 14 Valid: Loss 0.1421, ('Ner Loss', 0.009707127),  ('CLS Classification Loss', 0.13235107), ('Ner Acc', 0.9977034),  ('CLS Classification Acc', 0.9729836)
[INFO] 2022-10-05 08:01:22,876 [    train.py:  246]:	Epoch 14 Test: Precision 0.460 Recall 0.470 F1 0.465
[INFO] 2022-10-05 08:02:06,127 [    train.py:  217]:	Epoch 15 Train: Loss 0.0522, ('Ner Loss', 0.027291052043437958),  ('CLS Classification Loss', 0.024882754310965538), ('Ner Acc', 0.9966354370117188),  ('CLS Classification Acc', 0.9905257225036621)
[INFO] 2022-10-05 08:02:08,609 [    train.py:  237]:	Epoch 15 Valid: Loss 0.1330, ('Ner Loss', 0.009582008),  ('CLS Classification Loss', 0.12338418), ('Ner Acc', 0.99801666),  ('CLS Classification Acc', 0.9752071)
[INFO] 2022-10-05 08:02:17,015 [    train.py:  246]:	Epoch 15 Test: Precision 0.489 Recall 0.488 F1 0.488
[INFO] 2022-10-05 08:03:00,553 [    train.py:  217]:	Epoch 16 Train: Loss 0.0447, ('Ner Loss', 0.026713723316788673),  ('CLS Classification Loss', 0.018003208562731743), ('Ner Acc', 0.9968562722206116),  ('CLS Classification Acc', 0.9935511946678162)
[INFO] 2022-10-05 08:03:03,068 [    train.py:  237]:	Epoch 16 Valid: Loss 0.1446, ('Ner Loss', 0.009017886),  ('CLS Classification Loss', 0.13558762), ('Ner Acc', 0.9980062),  ('CLS Classification Acc', 0.9736842)
[INFO] 2022-10-05 08:03:11,572 [    train.py:  246]:	Epoch 16 Test: Precision 0.476 Recall 0.525 F1 0.499
[INFO] 2022-10-05 08:03:55,009 [    train.py:  217]:	Epoch 17 Train: Loss 0.0385, ('Ner Loss', 0.02599848434329033),  ('CLS Classification Loss', 0.01246673334389925), ('Ner Acc', 0.9968493580818176),  ('CLS Classification Acc', 0.9955477118492126)
[INFO] 2022-10-05 08:03:57,529 [    train.py:  237]:	Epoch 17 Valid: Loss 0.1461, ('Ner Loss', 0.009007094),  ('CLS Classification Loss', 0.13710606), ('Ner Acc', 0.9980521),  ('CLS Classification Acc', 0.97459793)
[INFO] 2022-10-05 08:04:05,802 [    train.py:  246]:	Epoch 17 Test: Precision 0.495 Recall 0.498 F1 0.496
[INFO] 2022-10-05 08:04:48,996 [    train.py:  217]:	Epoch 18 Train: Loss 0.0352, ('Ner Loss', 0.02541089989244938),  ('CLS Classification Loss', 0.009762072935700417), ('Ner Acc', 0.997044026851654),  ('CLS Classification Acc', 0.9966140985488892)
[INFO] 2022-10-05 08:04:51,519 [    train.py:  237]:	Epoch 18 Valid: Loss 0.1578, ('Ner Loss', 0.009601678),  ('CLS Classification Loss', 0.14818999), ('Ner Acc', 0.9980235),  ('CLS Classification Acc', 0.9748721)
[INFO] 2022-10-05 08:04:59,976 [    train.py:  246]:	Epoch 18 Test: Precision 0.497 Recall 0.520 F1 0.508
[INFO] 2022-10-05 08:05:43,237 [    train.py:  217]:	Epoch 19 Train: Loss 0.0321, ('Ner Loss', 0.02490798942744732),  ('CLS Classification Loss', 0.007155865430831909), ('Ner Acc', 0.9971395134925842),  ('CLS Classification Acc', 0.9976432919502258)
[INFO] 2022-10-05 08:05:45,771 [    train.py:  237]:	Epoch 19 Valid: Loss 0.1828, ('Ner Loss', 0.010129271),  ('CLS Classification Loss', 0.17269962), ('Ner Acc', 0.99780566),  ('CLS Classification Acc', 0.97270954)
[INFO] 2022-10-05 08:05:54,017 [    train.py:  246]:	Epoch 19 Test: Precision 0.483 Recall 0.524 F1 0.503
[INFO] 2022-10-05 08:06:37,263 [    train.py:  217]:	Epoch 20 Train: Loss 0.0308, ('Ner Loss', 0.024546781554818153),  ('CLS Classification Loss', 0.006208737846463919), ('Ner Acc', 0.9971246123313904),  ('CLS Classification Acc', 0.9977797269821167)
[INFO] 2022-10-05 08:06:39,782 [    train.py:  237]:	Epoch 20 Valid: Loss 0.1623, ('Ner Loss', 0.010020916),  ('CLS Classification Loss', 0.15224542), ('Ner Acc', 0.99812055),  ('CLS Classification Acc', 0.9777046)
[INFO] 2022-10-05 08:06:47,905 [    train.py:  246]:	Epoch 20 Test: Precision 0.547 Recall 0.489 F1 0.516
[INFO] 2022-10-05 08:07:31,068 [    train.py:  217]:	Epoch 21 Train: Loss 0.0290, ('Ner Loss', 0.02396976575255394),  ('CLS Classification Loss', 0.005055918823927641), ('Ner Acc', 0.9973974823951721),  ('CLS Classification Acc', 0.9983999133110046)
[INFO] 2022-10-05 08:07:33,534 [    train.py:  237]:	Epoch 21 Valid: Loss 0.1776, ('Ner Loss', 0.009884541),  ('CLS Classification Loss', 0.1676722), ('Ner Acc', 0.9980919),  ('CLS Classification Acc', 0.9751766)
[INFO] 2022-10-05 08:07:41,876 [    train.py:  246]:	Epoch 21 Test: Precision 0.516 Recall 0.529 F1 0.523
[INFO] 2022-10-05 08:08:25,223 [    train.py:  217]:	Epoch 22 Train: Loss 0.0274, ('Ner Loss', 0.023827578872442245),  ('CLS Classification Loss', 0.003542835358530283), ('Ner Acc', 0.9974302053451538),  ('CLS Classification Acc', 0.9990571141242981)
[INFO] 2022-10-05 08:08:27,728 [    train.py:  237]:	Epoch 22 Valid: Loss 0.1750, ('Ner Loss', 0.009958583),  ('CLS Classification Loss', 0.1650896), ('Ner Acc', 0.9979544),  ('CLS Classification Acc', 0.97537464)
[INFO] 2022-10-05 08:08:36,029 [    train.py:  246]:	Epoch 22 Test: Precision 0.508 Recall 0.544 F1 0.526
[INFO] 2022-10-05 08:09:19,204 [    train.py:  217]:	Epoch 23 Train: Loss 0.0249, ('Ner Loss', 0.023105325177311897),  ('CLS Classification Loss', 0.0018138238228857517), ('Ner Acc', 0.9975219964981079),  ('CLS Classification Acc', 0.999466598033905)
[INFO] 2022-10-05 08:09:21,742 [    train.py:  237]:	Epoch 23 Valid: Loss 0.1891, ('Ner Loss', 0.010562475),  ('CLS Classification Loss', 0.17851017), ('Ner Acc', 0.99803334),  ('CLS Classification Acc', 0.9750852)
[INFO] 2022-10-05 08:09:30,052 [    train.py:  246]:	Epoch 23 Test: Precision 0.527 Recall 0.516 F1 0.521
[INFO] 2022-10-05 08:10:13,524 [    train.py:  217]:	Epoch 24 Train: Loss 0.0245, ('Ner Loss', 0.02280385233461857),  ('CLS Classification Loss', 0.0016831634566187859), ('Ner Acc', 0.9975930452346802),  ('CLS Classification Acc', 0.9995410442352295)
[INFO] 2022-10-05 08:10:16,051 [    train.py:  237]:	Epoch 24 Valid: Loss 0.1957, ('Ner Loss', 0.010501735),  ('CLS Classification Loss', 0.18520714), ('Ner Acc', 0.99811894),  ('CLS Classification Acc', 0.97657776)
[INFO] 2022-10-05 08:10:24,199 [    train.py:  246]:	Epoch 24 Test: Precision 0.530 Recall 0.557 F1 0.544
[INFO] 2022-10-05 08:11:07,641 [    train.py:  217]:	Epoch 25 Train: Loss 0.0246, ('Ner Loss', 0.02268862910568714),  ('CLS Classification Loss', 0.0019178354414179921), ('Ner Acc', 0.9975787401199341),  ('CLS Classification Acc', 0.9994415044784546)
[INFO] 2022-10-05 08:11:10,180 [    train.py:  237]:	Epoch 25 Valid: Loss 0.2039, ('Ner Loss', 0.0103821065),  ('CLS Classification Loss', 0.19356024), ('Ner Acc', 0.9981056),  ('CLS Classification Acc', 0.9747351)
[INFO] 2022-10-05 08:11:18,361 [    train.py:  246]:	Epoch 25 Test: Precision 0.537 Recall 0.518 F1 0.528
[INFO] 2022-10-05 08:12:01,678 [    train.py:  217]:	Epoch 26 Train: Loss 0.0252, ('Ner Loss', 0.02242695540189743),  ('CLS Classification Loss', 0.002741663483902812), ('Ner Acc', 0.9976133108139038),  ('CLS Classification Acc', 0.999193549156189)
[INFO] 2022-10-05 08:12:04,208 [    train.py:  237]:	Epoch 26 Valid: Loss 0.1851, ('Ner Loss', 0.010447182),  ('CLS Classification Loss', 0.1746923), ('Ner Acc', 0.99809825),  ('CLS Classification Acc', 0.97775036)
[INFO] 2022-10-05 08:12:12,444 [    train.py:  246]:	Epoch 26 Test: Precision 0.538 Recall 0.520 F1 0.529
[INFO] 2022-10-05 08:12:55,745 [    train.py:  217]:	Epoch 27 Train: Loss 0.0269, ('Ner Loss', 0.022416889667510986),  ('CLS Classification Loss', 0.004471790045499802), ('Ner Acc', 0.9975760579109192),  ('CLS Classification Acc', 0.9986230134963989)
[INFO] 2022-10-05 08:12:58,247 [    train.py:  237]:	Epoch 27 Valid: Loss 0.2112, ('Ner Loss', 0.011410448),  ('CLS Classification Loss', 0.19981962), ('Ner Acc', 0.9979728),  ('CLS Classification Acc', 0.9737907)
[INFO] 2022-10-05 08:13:06,766 [    train.py:  246]:	Epoch 27 Test: Precision 0.514 Recall 0.538 F1 0.526
[INFO] 2022-10-05 08:13:50,127 [    train.py:  217]:	Epoch 28 Train: Loss 0.0258, ('Ner Loss', 0.02206427976489067),  ('CLS Classification Loss', 0.0037500751204788685), ('Ner Acc', 0.9976274967193604),  ('CLS Classification Acc', 0.9988587498664856)
[INFO] 2022-10-05 08:13:52,642 [    train.py:  237]:	Epoch 28 Valid: Loss 0.1942, ('Ner Loss', 0.010946044),  ('CLS Classification Loss', 0.18323676), ('Ner Acc', 0.99806905),  ('CLS Classification Acc', 0.9741563)
[INFO] 2022-10-05 08:14:00,891 [    train.py:  246]:	Epoch 28 Test: Precision 0.505 Recall 0.518 F1 0.512
[INFO] 2022-10-05 08:14:44,219 [    train.py:  217]:	Epoch 29 Train: Loss 0.0243, ('Ner Loss', 0.021807629615068436),  ('CLS Classification Loss', 0.002476190682500601), ('Ner Acc', 0.9977037906646729),  ('CLS Classification Acc', 0.9992307424545288)
[INFO] 2022-10-05 08:14:46,755 [    train.py:  237]:	Epoch 29 Valid: Loss 0.1947, ('Ner Loss', 0.010543522),  ('CLS Classification Loss', 0.18414219), ('Ner Acc', 0.99807346),  ('CLS Classification Acc', 0.9772022)
[INFO] 2022-10-05 08:14:55,054 [    train.py:  246]:	Epoch 29 Test: Precision 0.537 Recall 0.544 F1 0.541
[INFO] 2022-10-05 08:15:38,433 [    train.py:  217]:	Epoch 30 Train: Loss 0.0232, ('Ner Loss', 0.021598806604743004),  ('CLS Classification Loss', 0.0016074383165687323), ('Ner Acc', 0.9977325201034546),  ('CLS Classification Acc', 0.9994912147521973)
[INFO] 2022-10-05 08:15:40,914 [    train.py:  237]:	Epoch 30 Valid: Loss 0.2091, ('Ner Loss', 0.011415765),  ('CLS Classification Loss', 0.19772685), ('Ner Acc', 0.9981051),  ('CLS Classification Acc', 0.97679096)
[INFO] 2022-10-05 08:15:49,106 [    train.py:  246]:	Epoch 30 Test: Precision 0.543 Recall 0.512 F1 0.527
[INFO] 2022-10-05 08:16:32,079 [    train.py:  217]:	Epoch 31 Train: Loss 0.0236, ('Ner Loss', 0.021358277648687363),  ('CLS Classification Loss', 0.002193668158724904), ('Ner Acc', 0.9976622462272644),  ('CLS Classification Acc', 0.9993179440498352)
[INFO] 2022-10-05 08:16:34,502 [    train.py:  237]:	Epoch 31 Valid: Loss 0.2047, ('Ner Loss', 0.012117373),  ('CLS Classification Loss', 0.19259214), ('Ner Acc', 0.9980503),  ('CLS Classification Acc', 0.975603)
[INFO] 2022-10-05 08:16:42,638 [    train.py:  246]:	Epoch 31 Test: Precision 0.520 Recall 0.528 F1 0.524
[INFO] 2022-10-05 08:17:26,024 [    train.py:  217]:	Epoch 32 Train: Loss 0.0220, ('Ner Loss', 0.02103734016418457),  ('CLS Classification Loss', 0.0009635090827941895), ('Ner Acc', 0.9977971911430359),  ('CLS Classification Acc', 0.999739408493042)
[INFO] 2022-10-05 08:17:28,555 [    train.py:  237]:	Epoch 32 Valid: Loss 0.2020, ('Ner Loss', 0.011528979),  ('CLS Classification Loss', 0.19042346), ('Ner Acc', 0.99819624),  ('CLS Classification Acc', 0.9758924)
[INFO] 2022-10-05 08:17:37,119 [    train.py:  246]:	Epoch 32 Test: Precision 0.527 Recall 0.544 F1 0.536
[INFO] 2022-10-05 08:18:20,502 [    train.py:  217]:	Epoch 33 Train: Loss 0.0228, ('Ner Loss', 0.02080582082271576),  ('CLS Classification Loss', 0.0019695183727890253), ('Ner Acc', 0.99781733751297),  ('CLS Classification Acc', 0.9993178248405457)
[INFO] 2022-10-05 08:18:23,053 [    train.py:  237]:	Epoch 33 Valid: Loss 0.2222, ('Ner Loss', 0.011769647),  ('CLS Classification Loss', 0.21040173), ('Ner Acc', 0.9979421),  ('CLS Classification Acc', 0.9745674)
[INFO] 2022-10-05 08:18:31,231 [    train.py:  246]:	Epoch 33 Test: Precision 0.512 Recall 0.534 F1 0.523
[INFO] 2022-10-05 08:19:14,553 [    train.py:  217]:	Epoch 34 Train: Loss 0.0222, ('Ner Loss', 0.02058209665119648),  ('CLS Classification Loss', 0.001628077938221395), ('Ner Acc', 0.997844934463501),  ('CLS Classification Acc', 0.999466598033905)
[INFO] 2022-10-05 08:19:17,075 [    train.py:  237]:	Epoch 34 Valid: Loss 0.2168, ('Ner Loss', 0.012368774),  ('CLS Classification Loss', 0.20440449), ('Ner Acc', 0.99804175),  ('CLS Classification Acc', 0.97435427)
[INFO] 2022-10-05 08:19:25,185 [    train.py:  246]:	Epoch 34 Test: Precision 0.521 Recall 0.540 F1 0.530
[INFO] 2022-10-05 08:20:08,528 [    train.py:  217]:	Epoch 35 Train: Loss 0.0226, ('Ner Loss', 0.020401541143655777),  ('CLS Classification Loss', 0.0022235477808862925), ('Ner Acc', 0.9978947043418884),  ('CLS Classification Acc', 0.9993175864219666)
[INFO] 2022-10-05 08:20:11,057 [    train.py:  237]:	Epoch 35 Valid: Loss 0.2286, ('Ner Loss', 0.011926233),  ('CLS Classification Loss', 0.2166364), ('Ner Acc', 0.9980985),  ('CLS Classification Acc', 0.9746283)
[INFO] 2022-10-05 08:20:19,371 [    train.py:  246]:	Epoch 35 Test: Precision 0.547 Recall 0.478 F1 0.510
[INFO] 2022-10-05 08:21:02,786 [    train.py:  217]:	Epoch 36 Train: Loss 0.0230, ('Ner Loss', 0.020270900800824165),  ('CLS Classification Loss', 0.0027642585337162018), ('Ner Acc', 0.9992129802703857),  ('CLS Classification Acc', 0.9990944862365723)
[INFO] 2022-10-05 08:21:05,291 [    train.py:  237]:	Epoch 36 Valid: Loss 0.2248, ('Ner Loss', 0.012810357),  ('CLS Classification Loss', 0.21194983), ('Ner Acc', 0.9980243),  ('CLS Classification Acc', 0.9756487)
[INFO] 2022-10-05 08:21:13,537 [    train.py:  246]:	Epoch 36 Test: Precision 0.534 Recall 0.527 F1 0.530
[INFO] 2022-10-05 08:21:56,846 [    train.py:  217]:	Epoch 37 Train: Loss 0.0230, ('Ner Loss', 0.02011275850236416),  ('CLS Classification Loss', 0.0028782435692846775), ('Ner Acc', 0.9994718432426453),  ('CLS Classification Acc', 0.9991315603256226)
[INFO] 2022-10-05 08:21:59,345 [    train.py:  237]:	Epoch 37 Valid: Loss 0.2103, ('Ner Loss', 0.012330171),  ('CLS Classification Loss', 0.19797318), ('Ner Acc', 0.9980043),  ('CLS Classification Acc', 0.97607523)
[INFO] 2022-10-05 08:22:07,478 [    train.py:  246]:	Epoch 37 Test: Precision 0.549 Recall 0.522 F1 0.535
[INFO] 2022-10-05 08:22:50,499 [    train.py:  217]:	Epoch 38 Train: Loss 0.0213, ('Ner Loss', 0.019882338121533394),  ('CLS Classification Loss', 0.0014124251902103424), ('Ner Acc', 0.999512255191803),  ('CLS Classification Acc', 0.9995782971382141)
[INFO] 2022-10-05 08:22:52,987 [    train.py:  237]:	Epoch 38 Valid: Loss 0.2044, ('Ner Loss', 0.012632132),  ('CLS Classification Loss', 0.19178078), ('Ner Acc', 0.9980482),  ('CLS Classification Acc', 0.975603)
[INFO] 2022-10-05 08:23:01,084 [    train.py:  246]:	Epoch 38 Test: Precision 0.533 Recall 0.534 F1 0.533
[INFO] 2022-10-05 08:23:44,397 [    train.py:  217]:	Epoch 39 Train: Loss 0.0207, ('Ner Loss', 0.019462186843156815),  ('CLS Classification Loss', 0.0012148101814091206), ('Ner Acc', 0.9995689392089844),  ('CLS Classification Acc', 0.9996773600578308)
[INFO] 2022-10-05 08:23:46,928 [    train.py:  237]:	Epoch 39 Valid: Loss 0.2175, ('Ner Loss', 0.012559094),  ('CLS Classification Loss', 0.20495194), ('Ner Acc', 0.99802476),  ('CLS Classification Acc', 0.9764711)
[INFO] 2022-10-05 08:23:55,235 [    train.py:  246]:	Epoch 39 Test: Precision 0.550 Recall 0.517 F1 0.533
[INFO] 2022-10-05 08:24:38,512 [    train.py:  217]:	Epoch 40 Train: Loss 0.0204, ('Ner Loss', 0.019354505464434624),  ('CLS Classification Loss', 0.001030775485560298), ('Ner Acc', 0.9995788335800171),  ('CLS Classification Acc', 0.999739408493042)
[INFO] 2022-10-05 08:24:41,009 [    train.py:  237]:	Epoch 40 Valid: Loss 0.2063, ('Ner Loss', 0.0125419665),  ('CLS Classification Loss', 0.19378464), ('Ner Acc', 0.99817115),  ('CLS Classification Acc', 0.9784357)
[INFO] 2022-10-05 08:24:49,246 [    train.py:  246]:	Epoch 40 Test: Precision 0.587 Recall 0.529 F1 0.557
[INFO] 2022-10-05 08:25:32,414 [    train.py:  217]:	Epoch 41 Train: Loss 0.0205, ('Ner Loss', 0.019304463639855385),  ('CLS Classification Loss', 0.0012189014814794064), ('Ner Acc', 0.9995368123054504),  ('CLS Classification Acc', 0.9996401071548462)
[INFO] 2022-10-05 08:25:34,903 [    train.py:  237]:	Epoch 41 Valid: Loss 0.2210, ('Ner Loss', 0.012623859),  ('CLS Classification Loss', 0.20842613), ('Ner Acc', 0.9980381),  ('CLS Classification Acc', 0.9759838)
[INFO] 2022-10-05 08:25:43,184 [    train.py:  246]:	Epoch 41 Test: Precision 0.547 Recall 0.546 F1 0.546
[INFO] 2022-10-05 08:26:26,527 [    train.py:  217]:	Epoch 42 Train: Loss 0.0214, ('Ner Loss', 0.0191363338381052),  ('CLS Classification Loss', 0.002297458238899708), ('Ner Acc', 0.9995813369750977),  ('CLS Classification Acc', 0.9994167685508728)
[INFO] 2022-10-05 08:26:29,043 [    train.py:  237]:	Epoch 42 Valid: Loss 0.2052, ('Ner Loss', 0.012304384),  ('CLS Classification Loss', 0.1929427), ('Ner Acc', 0.99811476),  ('CLS Classification Acc', 0.9758619)
[INFO] 2022-10-05 08:26:37,309 [    train.py:  246]:	Epoch 42 Test: Precision 0.548 Recall 0.503 F1 0.524
[INFO] 2022-10-05 08:27:20,649 [    train.py:  217]:	Epoch 43 Train: Loss 0.0198, ('Ner Loss', 0.018979718908667564),  ('CLS Classification Loss', 0.0008584079332649708), ('Ner Acc', 0.999576985836029),  ('CLS Classification Acc', 0.9997022151947021)
[INFO] 2022-10-05 08:27:23,176 [    train.py:  237]:	Epoch 43 Valid: Loss 0.2134, ('Ner Loss', 0.012998772),  ('CLS Classification Loss', 0.20044652), ('Ner Acc', 0.99806917),  ('CLS Classification Acc', 0.97633404)
[INFO] 2022-10-05 08:27:31,587 [    train.py:  246]:	Epoch 43 Test: Precision 0.559 Recall 0.542 F1 0.550
[INFO] 2022-10-05 08:28:14,757 [    train.py:  217]:	Epoch 44 Train: Loss 0.0200, ('Ner Loss', 0.018832115456461906),  ('CLS Classification Loss', 0.0011547983158379793), ('Ner Acc', 0.9995908737182617),  ('CLS Classification Acc', 0.9997395277023315)
[INFO] 2022-10-05 08:28:17,265 [    train.py:  237]:	Epoch 44 Valid: Loss 0.2072, ('Ner Loss', 0.013747472),  ('CLS Classification Loss', 0.19348815), ('Ner Acc', 0.99808234),  ('CLS Classification Acc', 0.97688234)
[INFO] 2022-10-05 08:28:25,815 [    train.py:  246]:	Epoch 44 Test: Precision 0.548 Recall 0.544 F1 0.546
[INFO] 2022-10-05 08:29:09,212 [    train.py:  217]:	Epoch 45 Train: Loss 0.0190, ('Ner Loss', 0.018503442406654358),  ('CLS Classification Loss', 0.0005448248120956123), ('Ner Acc', 0.9996206164360046),  ('CLS Classification Acc', 0.9998262524604797)
[INFO] 2022-10-05 08:29:11,707 [    train.py:  237]:	Epoch 45 Valid: Loss 0.2117, ('Ner Loss', 0.013884861),  ('CLS Classification Loss', 0.19785018), ('Ner Acc', 0.99804527),  ('CLS Classification Acc', 0.97589254)
[INFO] 2022-10-05 08:29:19,946 [    train.py:  246]:	Epoch 45 Test: Precision 0.544 Recall 0.531 F1 0.537
[INFO] 2022-10-05 08:30:03,328 [    train.py:  217]:	Epoch 46 Train: Loss 0.0201, ('Ner Loss', 0.01853480562567711),  ('CLS Classification Loss', 0.0015611575217917562), ('Ner Acc', 0.9996150135993958),  ('CLS Classification Acc', 0.9996401071548462)
[INFO] 2022-10-05 08:30:05,863 [    train.py:  237]:	Epoch 46 Valid: Loss 0.2079, ('Ner Loss', 0.013596051),  ('CLS Classification Loss', 0.19429862), ('Ner Acc', 0.99808043),  ('CLS Classification Acc', 0.9770041)
[INFO] 2022-10-05 08:30:14,079 [    train.py:  246]:	Epoch 46 Test: Precision 0.563 Recall 0.523 F1 0.542
[INFO] 2022-10-05 08:30:57,377 [    train.py:  217]:	Epoch 47 Train: Loss 0.0203, ('Ner Loss', 0.018380606546998024),  ('CLS Classification Loss', 0.0019247038289904594), ('Ner Acc', 0.9995973706245422),  ('CLS Classification Acc', 0.9995160698890686)
[INFO] 2022-10-05 08:30:59,919 [    train.py:  237]:	Epoch 47 Valid: Loss 0.1973, ('Ner Loss', 0.013271707),  ('CLS Classification Loss', 0.18399982), ('Ner Acc', 0.99811083),  ('CLS Classification Acc', 0.9771412)
[INFO] 2022-10-05 08:31:08,185 [    train.py:  246]:	Epoch 47 Test: Precision 0.567 Recall 0.522 F1 0.543
[INFO] 2022-10-05 08:31:51,649 [    train.py:  217]:	Epoch 48 Train: Loss 0.0190, ('Ner Loss', 0.01818646676838398),  ('CLS Classification Loss', 0.0008203538018278778), ('Ner Acc', 0.9996095895767212),  ('CLS Classification Acc', 0.9997270703315735)
[INFO] 2022-10-05 08:31:54,156 [    train.py:  237]:	Epoch 48 Valid: Loss 0.2105, ('Ner Loss', 0.014038751),  ('CLS Classification Loss', 0.1964957), ('Ner Acc', 0.998035),  ('CLS Classification Acc', 0.97657776)
[INFO] 2022-10-05 08:32:02,347 [    train.py:  246]:	Epoch 48 Test: Precision 0.557 Recall 0.540 F1 0.548
[INFO] 2022-10-05 08:32:45,537 [    train.py:  217]:	Epoch 49 Train: Loss 0.0180, ('Ner Loss', 0.01787763275206089),  ('CLS Classification Loss', 0.00015527091454714537), ('Ner Acc', 0.9996994137763977),  ('CLS Classification Acc', 0.9999751448631287)
[INFO] 2022-10-05 08:32:48,053 [    train.py:  237]:	Epoch 49 Valid: Loss 0.2242, ('Ner Loss', 0.014821623),  ('CLS Classification Loss', 0.20932952), ('Ner Acc', 0.99808943),  ('CLS Classification Acc', 0.9758314)
[INFO] 2022-10-05 08:32:56,304 [    train.py:  246]:	Epoch 49 Test: Precision 0.569 Recall 0.525 F1 0.546
[INFO] 2022-10-05 08:33:39,576 [    train.py:  217]:	Epoch 50 Train: Loss 0.0179, ('Ner Loss', 0.01766754686832428),  ('CLS Classification Loss', 0.00025233859196305275), ('Ner Acc', 0.9997232556343079),  ('CLS Classification Acc', 0.999925434589386)
[INFO] 2022-10-05 08:33:42,106 [    train.py:  237]:	Epoch 50 Valid: Loss 0.2335, ('Ner Loss', 0.016188396),  ('CLS Classification Loss', 0.21727152), ('Ner Acc', 0.99788535),  ('CLS Classification Acc', 0.97522235)
[INFO] 2022-10-05 08:33:50,310 [    train.py:  246]:	Epoch 50 Test: Precision 0.522 Recall 0.528 F1 0.525
[INFO] 2022-10-05 08:34:33,427 [    train.py:  217]:	Epoch 51 Train: Loss 0.0178, ('Ner Loss', 0.017627984285354614),  ('CLS Classification Loss', 0.00013444680371321738), ('Ner Acc', 0.9997141361236572),  ('CLS Classification Acc', 0.9999502897262573)
[INFO] 2022-10-05 08:34:35,883 [    train.py:  237]:	Epoch 51 Valid: Loss 0.2275, ('Ner Loss', 0.015449579),  ('CLS Classification Loss', 0.21202424), ('Ner Acc', 0.9980165),  ('CLS Classification Acc', 0.97753704)
[INFO] 2022-10-05 08:34:44,112 [    train.py:  246]:	Epoch 51 Test: Precision 0.559 Recall 0.524 F1 0.541
[INFO] 2022-10-05 08:35:27,625 [    train.py:  217]:	Epoch 52 Train: Loss 0.0175, ('Ner Loss', 0.017286956310272217),  ('CLS Classification Loss', 0.00018042130977846682), ('Ner Acc', 0.9997545480728149),  ('CLS Classification Acc', 0.999913215637207)
[INFO] 2022-10-05 08:35:30,105 [    train.py:  237]:	Epoch 52 Valid: Loss 0.2185, ('Ner Loss', 0.014661074),  ('CLS Classification Loss', 0.203862), ('Ner Acc', 0.9981026),  ('CLS Classification Acc', 0.9773696)
[INFO] 2022-10-05 08:35:38,670 [    train.py:  246]:	Epoch 52 Test: Precision 0.558 Recall 0.537 F1 0.547
[INFO] 2022-10-05 08:36:21,965 [    train.py:  217]:	Epoch 53 Train: Loss 0.0179, ('Ner Loss', 0.01731088198721409),  ('CLS Classification Loss', 0.0006101741455495358), ('Ner Acc', 0.9997223019599915),  ('CLS Classification Acc', 0.9998511075973511)
[INFO] 2022-10-05 08:36:24,489 [    train.py:  237]:	Epoch 53 Valid: Loss 0.2219, ('Ner Loss', 0.014598177),  ('CLS Classification Loss', 0.20726858), ('Ner Acc', 0.9981016),  ('CLS Classification Acc', 0.97569436)
[INFO] 2022-10-05 08:36:32,701 [    train.py:  246]:	Epoch 53 Test: Precision 0.556 Recall 0.549 F1 0.553
[INFO] 2022-10-05 08:37:15,629 [    train.py:  217]:	Epoch 54 Train: Loss 0.0178, ('Ner Loss', 0.01732579991221428),  ('CLS Classification Loss', 0.000437326030805707), ('Ner Acc', 0.9997166395187378),  ('CLS Classification Acc', 0.9998262524604797)
[INFO] 2022-10-05 08:37:18,115 [    train.py:  237]:	Epoch 54 Valid: Loss 0.2263, ('Ner Loss', 0.014836117),  ('CLS Classification Loss', 0.21145572), ('Ner Acc', 0.99809855),  ('CLS Classification Acc', 0.976136)
[INFO] 2022-10-05 08:37:26,220 [    train.py:  246]:	Epoch 54 Test: Precision 0.550 Recall 0.553 F1 0.551
[INFO] 2022-10-05 08:38:09,704 [    train.py:  217]:	Epoch 55 Train: Loss 0.0199, ('Ner Loss', 0.017231309786438942),  ('CLS Classification Loss', 0.0026978799141943455), ('Ner Acc', 0.9996231198310852),  ('CLS Classification Acc', 0.9991065859794617)
[INFO] 2022-10-05 08:38:12,203 [    train.py:  237]:	Epoch 55 Valid: Loss 0.2398, ('Ner Loss', 0.014527498),  ('CLS Classification Loss', 0.22529176), ('Ner Acc', 0.99803525),  ('CLS Classification Acc', 0.97216135)
[INFO] 2022-10-05 08:38:20,370 [    train.py:  246]:	Epoch 55 Test: Precision 0.484 Recall 0.536 F1 0.509
[INFO] 2022-10-05 08:39:03,347 [    train.py:  217]:	Epoch 56 Train: Loss 0.0227, ('Ner Loss', 0.017439529299736023),  ('CLS Classification Loss', 0.005237127188593149), ('Ner Acc', 0.9995335340499878),  ('CLS Classification Acc', 0.9986478686332703)
[INFO] 2022-10-05 08:39:05,855 [    train.py:  237]:	Epoch 56 Valid: Loss 0.1855, ('Ner Loss', 0.013898827),  ('CLS Classification Loss', 0.17155932), ('Ner Acc', 0.9981084),  ('CLS Classification Acc', 0.9765929)
[INFO] 2022-10-05 08:39:14,102 [    train.py:  246]:	Epoch 56 Test: Precision 0.538 Recall 0.547 F1 0.543
[INFO] 2022-10-05 08:39:57,367 [    train.py:  217]:	Epoch 57 Train: Loss 0.0189, ('Ner Loss', 0.01705961301922798),  ('CLS Classification Loss', 0.0018598195165395737), ('Ner Acc', 0.9996398091316223),  ('CLS Classification Acc', 0.9993922710418701)
[INFO] 2022-10-05 08:39:59,890 [    train.py:  237]:	Epoch 57 Valid: Loss 0.2063, ('Ner Loss', 0.014128229),  ('CLS Classification Loss', 0.19213353), ('Ner Acc', 0.99804467),  ('CLS Classification Acc', 0.97520715)
[INFO] 2022-10-05 08:40:08,223 [    train.py:  246]:	Epoch 57 Test: Precision 0.553 Recall 0.531 F1 0.542
[INFO] 2022-10-05 08:40:51,562 [    train.py:  217]:	Epoch 58 Train: Loss 0.0172, ('Ner Loss', 0.016639089211821556),  ('CLS Classification Loss', 0.0005820670048706234), ('Ner Acc', 0.9997140169143677),  ('CLS Classification Acc', 0.9998385906219482)
[INFO] 2022-10-05 08:40:54,071 [    train.py:  237]:	Epoch 58 Valid: Loss 0.1996, ('Ner Loss', 0.014148226),  ('CLS Classification Loss', 0.18543874), ('Ner Acc', 0.99811643),  ('CLS Classification Acc', 0.97654724)
[INFO] 2022-10-05 08:41:02,354 [    train.py:  246]:	Epoch 58 Test: Precision 0.548 Recall 0.543 F1 0.546
[INFO] 2022-10-05 08:41:46,037 [    train.py:  217]:	Epoch 59 Train: Loss 0.0166, ('Ner Loss', 0.016417229548096657),  ('CLS Classification Loss', 0.0002323853987036273), ('Ner Acc', 0.9997386336326599),  ('CLS Classification Acc', 0.999925434589386)
[INFO] 2022-10-05 08:41:48,542 [    train.py:  237]:	Epoch 59 Valid: Loss 0.2093, ('Ner Loss', 0.014821435),  ('CLS Classification Loss', 0.19447704), ('Ner Acc', 0.9981195),  ('CLS Classification Acc', 0.9774305)
[INFO] 2022-10-05 08:41:56,655 [    train.py:  246]:	Epoch 59 Test: Precision 0.572 Recall 0.557 F1 0.565
[INFO] 2022-10-05 08:42:39,725 [    train.py:  217]:	Epoch 60 Train: Loss 0.0171, ('Ner Loss', 0.01645009033381939),  ('CLS Classification Loss', 0.0006585153751075268), ('Ner Acc', 0.9997498393058777),  ('CLS Classification Acc', 0.9997519254684448)
[INFO] 2022-10-05 08:42:42,234 [    train.py:  237]:	Epoch 60 Valid: Loss 0.2063, ('Ner Loss', 0.014289461),  ('CLS Classification Loss', 0.19199389), ('Ner Acc', 0.99812394),  ('CLS Classification Acc', 0.97729343)
[INFO] 2022-10-05 08:42:50,343 [    train.py:  246]:	Epoch 60 Test: Precision 0.564 Recall 0.567 F1 0.565
[INFO] 2022-10-05 08:43:33,535 [    train.py:  217]:	Epoch 61 Train: Loss 0.0173, ('Ner Loss', 0.016281139105558395),  ('CLS Classification Loss', 0.001048463862389326), ('Ner Acc', 0.9997531175613403),  ('CLS Classification Acc', 0.9996277689933777)
[INFO] 2022-10-05 08:43:36,053 [    train.py:  237]:	Epoch 61 Valid: Loss 0.2011, ('Ner Loss', 0.015098299),  ('CLS Classification Loss', 0.18597993), ('Ner Acc', 0.9981647),  ('CLS Classification Acc', 0.97793317)
[INFO] 2022-10-05 08:43:44,377 [    train.py:  246]:	Epoch 61 Test: Precision 0.582 Recall 0.512 F1 0.545
[INFO] 2022-10-05 08:44:27,965 [    train.py:  217]:	Epoch 62 Train: Loss 0.0194, ('Ner Loss', 0.01640722155570984),  ('CLS Classification Loss', 0.0029496520292013884), ('Ner Acc', 0.9996668100357056),  ('CLS Classification Acc', 0.9993425607681274)
[INFO] 2022-10-05 08:44:30,444 [    train.py:  237]:	Epoch 62 Valid: Loss 0.1857, ('Ner Loss', 0.013870292),  ('CLS Classification Loss', 0.17181964), ('Ner Acc', 0.9980175),  ('CLS Classification Acc', 0.974339)
[INFO] 2022-10-05 08:44:38,735 [    train.py:  246]:	Epoch 62 Test: Precision 0.515 Recall 0.529 F1 0.522
[INFO] 2022-10-05 08:45:22,084 [    train.py:  217]:	Epoch 63 Train: Loss 0.0177, ('Ner Loss', 0.0162349920719862),  ('CLS Classification Loss', 0.0014357110485434532), ('Ner Acc', 0.9997009038925171),  ('CLS Classification Acc', 0.999615490436554)
[INFO] 2022-10-05 08:45:24,567 [    train.py:  237]:	Epoch 63 Valid: Loss 0.1730, ('Ner Loss', 0.0143349245),  ('CLS Classification Loss', 0.15870513), ('Ner Acc', 0.9981053),  ('CLS Classification Acc', 0.97651684)
[INFO] 2022-10-05 08:45:33,173 [    train.py:  246]:	Epoch 63 Test: Precision 0.555 Recall 0.546 F1 0.550
[INFO] 2022-10-05 08:46:16,359 [    train.py:  217]:	Epoch 64 Train: Loss 0.0168, ('Ner Loss', 0.016004391014575958),  ('CLS Classification Loss', 0.0007825453649275005), ('Ner Acc', 0.9997288584709167),  ('CLS Classification Acc', 0.9998013973236084)
[INFO] 2022-10-05 08:46:18,873 [    train.py:  237]:	Epoch 64 Valid: Loss 0.1968, ('Ner Loss', 0.013866986),  ('CLS Classification Loss', 0.18289346), ('Ner Acc', 0.9980338),  ('CLS Classification Acc', 0.9765016)
[INFO] 2022-10-05 08:46:26,762 [    train.py:  246]:	Epoch 64 Test: Precision 0.558 Recall 0.533 F1 0.545
[INFO] 2022-10-05 08:47:10,094 [    train.py:  217]:	Epoch 65 Train: Loss 0.0160, ('Ner Loss', 0.015733269974589348),  ('CLS Classification Loss', 0.0003163530782330781), ('Ner Acc', 0.9997570514678955),  ('CLS Classification Acc', 0.9998634457588196)
[INFO] 2022-10-05 08:47:12,626 [    train.py:  237]:	Epoch 65 Valid: Loss 0.2068, ('Ner Loss', 0.015189178),  ('CLS Classification Loss', 0.19165179), ('Ner Acc', 0.9981144),  ('CLS Classification Acc', 0.9760142)
[INFO] 2022-10-05 08:47:20,725 [    train.py:  246]:	Epoch 65 Test: Precision 0.549 Recall 0.548 F1 0.548
[INFO] 2022-10-05 08:48:04,173 [    train.py:  217]:	Epoch 66 Train: Loss 0.0159, ('Ner Loss', 0.015729641541838646),  ('CLS Classification Loss', 0.00017853420285973698), ('Ner Acc', 0.9997599124908447),  ('CLS Classification Acc', 0.9999502897262573)
[INFO] 2022-10-05 08:48:06,716 [    train.py:  237]:	Epoch 66 Valid: Loss 0.2064, ('Ner Loss', 0.015516756),  ('CLS Classification Loss', 0.19085442), ('Ner Acc', 0.9981572),  ('CLS Classification Acc', 0.9775981)
[INFO] 2022-10-05 08:48:14,803 [    train.py:  246]:	Epoch 66 Test: Precision 0.571 Recall 0.540 F1 0.555
[INFO] 2022-10-05 08:48:58,103 [    train.py:  217]:	Epoch 67 Train: Loss 0.0157, ('Ner Loss', 0.015475725755095482),  ('CLS Classification Loss', 0.00018811231711879373), ('Ner Acc', 0.9997861385345459),  ('CLS Classification Acc', 0.9999502897262573)
[INFO] 2022-10-05 08:49:00,602 [    train.py:  237]:	Epoch 67 Valid: Loss 0.2115, ('Ner Loss', 0.015513533),  ('CLS Classification Loss', 0.19594999), ('Ner Acc', 0.9981368),  ('CLS Classification Acc', 0.97712594)
[INFO] 2022-10-05 08:49:08,776 [    train.py:  246]:	Epoch 67 Test: Precision 0.560 Recall 0.531 F1 0.545
[INFO] 2022-10-05 08:49:52,227 [    train.py:  217]:	Epoch 68 Train: Loss 0.0155, ('Ner Loss', 0.015361313708126545),  ('CLS Classification Loss', 0.0001768148213159293), ('Ner Acc', 0.9998008608818054),  ('CLS Classification Acc', 0.999937891960144)
[INFO] 2022-10-05 08:49:54,733 [    train.py:  237]:	Epoch 68 Valid: Loss 0.2142, ('Ner Loss', 0.015779927),  ('CLS Classification Loss', 0.19840324), ('Ner Acc', 0.99815136),  ('CLS Classification Acc', 0.97666913)
[INFO] 2022-10-05 08:50:02,843 [    train.py:  246]:	Epoch 68 Test: Precision 0.559 Recall 0.550 F1 0.555
[INFO] 2022-10-05 08:50:46,086 [    train.py:  217]:	Epoch 69 Train: Loss 0.0157, ('Ner Loss', 0.015252943150699139),  ('CLS Classification Loss', 0.00045717708417214453), ('Ner Acc', 0.9997770190238953),  ('CLS Classification Acc', 0.9999131560325623)
[INFO] 2022-10-05 08:50:48,601 [    train.py:  237]:	Epoch 69 Valid: Loss 0.2031, ('Ner Loss', 0.015281726),  ('CLS Classification Loss', 0.18783323), ('Ner Acc', 0.99811673),  ('CLS Classification Acc', 0.97712594)
[INFO] 2022-10-05 08:50:56,732 [    train.py:  246]:	Epoch 69 Test: Precision 0.573 Recall 0.555 F1 0.564
[INFO] 2022-10-05 08:51:40,197 [    train.py:  217]:	Epoch 70 Train: Loss 0.0154, ('Ner Loss', 0.015117774717509747),  ('CLS Classification Loss', 0.0002939757250715047), ('Ner Acc', 0.9997875690460205),  ('CLS Classification Acc', 0.9998881816864014)
[INFO] 2022-10-05 08:51:42,705 [    train.py:  237]:	Epoch 70 Valid: Loss 0.2305, ('Ner Loss', 0.017114427),  ('CLS Classification Loss', 0.21339579), ('Ner Acc', 0.99804014),  ('CLS Classification Acc', 0.9756792)
[INFO] 2022-10-05 08:51:50,924 [    train.py:  246]:	Epoch 70 Test: Precision 0.544 Recall 0.524 F1 0.534
[INFO] 2022-10-05 08:52:34,212 [    train.py:  217]:	Epoch 71 Train: Loss 0.0160, ('Ner Loss', 0.01525236014276743),  ('CLS Classification Loss', 0.0007267204928211868), ('Ner Acc', 0.9997221827507019),  ('CLS Classification Acc', 0.9998262524604797)
[INFO] 2022-10-05 08:52:36,729 [    train.py:  237]:	Epoch 71 Valid: Loss 0.2073, ('Ner Loss', 0.015378188),  ('CLS Classification Loss', 0.19189402), ('Ner Acc', 0.99812907),  ('CLS Classification Acc', 0.977857)
[INFO] 2022-10-05 08:52:44,965 [    train.py:  246]:	Epoch 71 Test: Precision 0.585 Recall 0.520 F1 0.550
[INFO] 2022-10-05 08:53:28,307 [    train.py:  217]:	Epoch 72 Train: Loss 0.0167, ('Ner Loss', 0.015131342224776745),  ('CLS Classification Loss', 0.0015560112660750747), ('Ner Acc', 0.9997304677963257),  ('CLS Classification Acc', 0.9996401071548462)
[INFO] 2022-10-05 08:53:30,804 [    train.py:  237]:	Epoch 72 Valid: Loss 0.2307, ('Ner Loss', 0.016361093),  ('CLS Classification Loss', 0.21431863), ('Ner Acc', 0.9980813),  ('CLS Classification Acc', 0.9763797)
[INFO] 2022-10-05 08:53:39,212 [    train.py:  246]:	Epoch 72 Test: Precision 0.579 Recall 0.492 F1 0.532
[INFO] 2022-10-05 08:54:22,536 [    train.py:  217]:	Epoch 73 Train: Loss 0.0159, ('Ner Loss', 0.015074824914336205),  ('CLS Classification Loss', 0.0008406708366237581), ('Ner Acc', 0.9997382164001465),  ('CLS Classification Acc', 0.999813973903656)
[INFO] 2022-10-05 08:54:25,039 [    train.py:  237]:	Epoch 73 Valid: Loss 0.2050, ('Ner Loss', 0.01521559),  ('CLS Classification Loss', 0.18982624), ('Ner Acc', 0.9980887),  ('CLS Classification Acc', 0.9775524)
[INFO] 2022-10-05 08:54:33,320 [    train.py:  246]:	Epoch 73 Test: Precision 0.549 Recall 0.535 F1 0.542
[INFO] 2022-10-05 08:55:16,410 [    train.py:  217]:	Epoch 74 Train: Loss 0.0154, ('Ner Loss', 0.014818145893514156),  ('CLS Classification Loss', 0.000615624594502151), ('Ner Acc', 0.999772310256958),  ('CLS Classification Acc', 0.9998262524604797)
[INFO] 2022-10-05 08:55:18,936 [    train.py:  237]:	Epoch 74 Valid: Loss 0.2024, ('Ner Loss', 0.014935815),  ('CLS Classification Loss', 0.18749559), ('Ner Acc', 0.99813),  ('CLS Classification Acc', 0.9760142)
[INFO] 2022-10-05 08:55:27,181 [    train.py:  246]:	Epoch 74 Test: Precision 0.537 Recall 0.529 F1 0.533
[INFO] 2022-10-05 08:56:10,459 [    train.py:  217]:	Epoch 75 Train: Loss 0.0152, ('Ner Loss', 0.01465629879385233),  ('CLS Classification Loss', 0.0005075873341411352), ('Ner Acc', 0.9997762441635132),  ('CLS Classification Acc', 0.9999006986618042)
[INFO] 2022-10-05 08:56:12,960 [    train.py:  237]:	Epoch 75 Valid: Loss 0.2052, ('Ner Loss', 0.016012931),  ('CLS Classification Loss', 0.18915696), ('Ner Acc', 0.99811715),  ('CLS Classification Acc', 0.9763339)
[INFO] 2022-10-05 08:56:21,180 [    train.py:  246]:	Epoch 75 Test: Precision 0.544 Recall 0.517 F1 0.530
[INFO] 2022-10-05 08:57:04,447 [    train.py:  217]:	Epoch 76 Train: Loss 0.0151, ('Ner Loss', 0.014653721824288368),  ('CLS Classification Loss', 0.00043083843775093555), ('Ner Acc', 0.9997942447662354),  ('CLS Classification Acc', 0.9998884201049805)
[INFO] 2022-10-05 08:57:06,958 [    train.py:  237]:	Epoch 76 Valid: Loss 0.2048, ('Ner Loss', 0.016290206),  ('CLS Classification Loss', 0.18851118), ('Ner Acc', 0.9981353),  ('CLS Classification Acc', 0.9771107)
[INFO] 2022-10-05 08:57:15,205 [    train.py:  246]:	Epoch 76 Test: Precision 0.569 Recall 0.524 F1 0.546
[INFO] 2022-10-05 08:57:58,346 [    train.py:  217]:	Epoch 77 Train: Loss 0.0149, ('Ner Loss', 0.014459903351962566),  ('CLS Classification Loss', 0.0004886025562882423), ('Ner Acc', 0.999784529209137),  ('CLS Classification Acc', 0.999801516532898)
[INFO] 2022-10-05 08:58:00,867 [    train.py:  237]:	Epoch 77 Valid: Loss 0.2130, ('Ner Loss', 0.016199613),  ('CLS Classification Loss', 0.19679095), ('Ner Acc', 0.9980998),  ('CLS Classification Acc', 0.97805494)
[INFO] 2022-10-05 08:58:09,176 [    train.py:  246]:	Epoch 77 Test: Precision 0.572 Recall 0.535 F1 0.553
[INFO] 2022-10-05 08:58:52,691 [    train.py:  217]:	Epoch 78 Train: Loss 0.0146, ('Ner Loss', 0.014341757632791996),  ('CLS Classification Loss', 0.00022583510144613683), ('Ner Acc', 0.999785840511322),  ('CLS Classification Acc', 0.999937891960144)
[INFO] 2022-10-05 08:58:55,210 [    train.py:  237]:	Epoch 78 Valid: Loss 0.2129, ('Ner Loss', 0.016653925),  ('CLS Classification Loss', 0.19627911), ('Ner Acc', 0.99815047),  ('CLS Classification Acc', 0.9785118)
[INFO] 2022-10-05 08:59:03,451 [    train.py:  246]:	Epoch 78 Test: Precision 0.585 Recall 0.529 F1 0.556
[INFO] 2022-10-05 08:59:46,736 [    train.py:  217]:	Epoch 79 Train: Loss 0.0145, ('Ner Loss', 0.014246326871216297),  ('CLS Classification Loss', 0.0002370525908190757), ('Ner Acc', 0.9997982382774353),  ('CLS Classification Acc', 0.999913215637207)
[INFO] 2022-10-05 08:59:49,280 [    train.py:  237]:	Epoch 79 Valid: Loss 0.2159, ('Ner Loss', 0.017051032),  ('CLS Classification Loss', 0.19884954), ('Ner Acc', 0.99819773),  ('CLS Classification Acc', 0.97669953)
[INFO] 2022-10-05 08:59:57,752 [    train.py:  246]:	Epoch 79 Test: Precision 0.569 Recall 0.529 F1 0.548
[INFO] 2022-10-05 09:00:41,016 [    train.py:  217]:	Epoch 80 Train: Loss 0.0143, ('Ner Loss', 0.014143859036266804),  ('CLS Classification Loss', 0.00012033564416924492), ('Ner Acc', 0.999816358089447),  ('CLS Classification Acc', 0.9999504089355469)
[INFO] 2022-10-05 09:00:43,532 [    train.py:  237]:	Epoch 80 Valid: Loss 0.2177, ('Ner Loss', 0.017346308),  ('CLS Classification Loss', 0.2003111), ('Ner Acc', 0.99811685),  ('CLS Classification Acc', 0.9774001)
[INFO] 2022-10-05 09:00:51,707 [    train.py:  246]:	Epoch 80 Test: Precision 0.573 Recall 0.518 F1 0.544
[INFO] 2022-10-05 09:01:35,177 [    train.py:  217]:	Epoch 81 Train: Loss 0.0142, ('Ner Loss', 0.014037657529115677),  ('CLS Classification Loss', 0.00012698117643594742), ('Ner Acc', 0.9998036026954651),  ('CLS Classification Acc', 0.9999627470970154)
[INFO] 2022-10-05 09:01:37,690 [    train.py:  237]:	Epoch 81 Valid: Loss 0.2146, ('Ner Loss', 0.017161965),  ('CLS Classification Loss', 0.1974186), ('Ner Acc', 0.9981198),  ('CLS Classification Acc', 0.97781134)
[INFO] 2022-10-05 09:01:45,902 [    train.py:  246]:	Epoch 81 Test: Precision 0.575 Recall 0.530 F1 0.552
[INFO] 2022-10-05 09:02:29,424 [    train.py:  217]:	Epoch 82 Train: Loss 0.0140, ('Ner Loss', 0.01391091663390398),  ('CLS Classification Loss', 0.00012302676623221487), ('Ner Acc', 0.999819815158844),  ('CLS Classification Acc', 0.9999502897262573)
[INFO] 2022-10-05 09:02:31,955 [    train.py:  237]:	Epoch 82 Valid: Loss 0.2180, ('Ner Loss', 0.017729566),  ('CLS Classification Loss', 0.20025912), ('Ner Acc', 0.9981117),  ('CLS Classification Acc', 0.97790265)
[INFO] 2022-10-05 09:02:40,208 [    train.py:  246]:	Epoch 82 Test: Precision 0.584 Recall 0.516 F1 0.548
[INFO] 2022-10-05 09:03:23,499 [    train.py:  217]:	Epoch 83 Train: Loss 0.0140, ('Ner Loss', 0.013815001584589481),  ('CLS Classification Loss', 0.00018080898735206574), ('Ner Acc', 0.9998180866241455),  ('CLS Classification Acc', 0.9999504089355469)
[INFO] 2022-10-05 09:03:26,022 [    train.py:  237]:	Epoch 83 Valid: Loss 0.2136, ('Ner Loss', 0.017845826),  ('CLS Classification Loss', 0.19576807), ('Ner Acc', 0.99816734),  ('CLS Classification Acc', 0.97781134)
[INFO] 2022-10-05 09:03:34,570 [    train.py:  246]:	Epoch 83 Test: Precision 0.574 Recall 0.530 F1 0.551
[INFO] 2022-10-05 09:04:17,912 [    train.py:  217]:	Epoch 84 Train: Loss 0.0138, ('Ner Loss', 0.013727739453315735),  ('CLS Classification Loss', 6.727228901581839e-05), ('Ner Acc', 0.999817430973053),  ('CLS Classification Acc', 0.9999751448631287)
[INFO] 2022-10-05 09:04:20,410 [    train.py:  237]:	Epoch 84 Valid: Loss 0.2207, ('Ner Loss', 0.01828166),  ('CLS Classification Loss', 0.20245016), ('Ner Acc', 0.9981348),  ('CLS Classification Acc', 0.9776743)
[INFO] 2022-10-05 09:04:28,582 [    train.py:  246]:	Epoch 84 Test: Precision 0.580 Recall 0.534 F1 0.556
[INFO] 2022-10-05 09:05:12,076 [    train.py:  217]:	Epoch 85 Train: Loss 0.0137, ('Ner Loss', 0.013643198646605015),  ('CLS Classification Loss', 9.182540816254914e-05), ('Ner Acc', 0.999832808971405),  ('CLS Classification Acc', 0.9999502897262573)
[INFO] 2022-10-05 09:05:14,618 [    train.py:  237]:	Epoch 85 Valid: Loss 0.2203, ('Ner Loss', 0.01830286),  ('CLS Classification Loss', 0.20195505), ('Ner Acc', 0.9981567),  ('CLS Classification Acc', 0.97758293)
[INFO] 2022-10-05 09:05:22,786 [    train.py:  246]:	Epoch 85 Test: Precision 0.580 Recall 0.528 F1 0.553
[INFO] 2022-10-05 09:06:06,594 [    train.py:  217]:	Epoch 86 Train: Loss 0.0143, ('Ner Loss', 0.013587072491645813),  ('CLS Classification Loss', 0.0007179687381722033), ('Ner Acc', 0.9998047947883606),  ('CLS Classification Acc', 0.999813973903656)
[INFO] 2022-10-05 09:06:09,138 [    train.py:  237]:	Epoch 86 Valid: Loss 0.2296, ('Ner Loss', 0.017841311),  ('CLS Classification Loss', 0.21177034), ('Ner Acc', 0.9980862),  ('CLS Classification Acc', 0.97441524)
[INFO] 2022-10-05 09:06:17,460 [    train.py:  246]:	Epoch 86 Test: Precision 0.546 Recall 0.501 F1 0.522
[INFO] 2022-10-05 09:07:00,995 [    train.py:  217]:	Epoch 87 Train: Loss 0.0140, ('Ner Loss', 0.01355696376413107),  ('CLS Classification Loss', 0.00039478461258113384), ('Ner Acc', 0.9997903108596802),  ('CLS Classification Acc', 0.9999008178710938)
[INFO] 2022-10-05 09:07:03,512 [    train.py:  237]:	Epoch 87 Valid: Loss 0.2118, ('Ner Loss', 0.016873755),  ('CLS Classification Loss', 0.19494444), ('Ner Acc', 0.9981678),  ('CLS Classification Acc', 0.9778266)
[INFO] 2022-10-05 09:07:11,836 [    train.py:  246]:	Epoch 87 Test: Precision 0.586 Recall 0.530 F1 0.557
[INFO] 2022-10-05 09:07:55,240 [    train.py:  217]:	Epoch 88 Train: Loss 0.0139, ('Ner Loss', 0.013461684808135033),  ('CLS Classification Loss', 0.0003988865064457059), ('Ner Acc', 0.9998128414154053),  ('CLS Classification Acc', 0.9998262524604797)
[INFO] 2022-10-05 09:07:57,759 [    train.py:  237]:	Epoch 88 Valid: Loss 0.2423, ('Ner Loss', 0.018621821),  ('CLS Classification Loss', 0.22366695), ('Ner Acc', 0.9980824),  ('CLS Classification Acc', 0.9770346)
[INFO] 2022-10-05 09:08:06,390 [    train.py:  246]:	Epoch 88 Test: Precision 0.572 Recall 0.517 F1 0.543
[INFO] 2022-10-05 09:08:49,740 [    train.py:  217]:	Epoch 89 Train: Loss 0.0157, ('Ner Loss', 0.013496258296072483),  ('CLS Classification Loss', 0.0022161235101521015), ('Ner Acc', 0.9997643828392029),  ('CLS Classification Acc', 0.9994168877601624)
[INFO] 2022-10-05 09:08:52,283 [    train.py:  237]:	Epoch 89 Valid: Loss 0.2059, ('Ner Loss', 0.017618354),  ('CLS Classification Loss', 0.18831472), ('Ner Acc', 0.9981148),  ('CLS Classification Acc', 0.9766387)
[INFO] 2022-10-05 09:09:00,345 [    train.py:  246]:	Epoch 89 Test: Precision 0.559 Recall 0.538 F1 0.549
[INFO] 2022-10-05 09:09:43,665 [    train.py:  217]:	Epoch 90 Train: Loss 0.0143, ('Ner Loss', 0.01332264393568039),  ('CLS Classification Loss', 0.0010105074616149068), ('Ner Acc', 0.999772310256958),  ('CLS Classification Acc', 0.9996277689933777)
[INFO] 2022-10-05 09:09:46,181 [    train.py:  237]:	Epoch 90 Valid: Loss 0.2051, ('Ner Loss', 0.016738461),  ('CLS Classification Loss', 0.18834814), ('Ner Acc', 0.99816823),  ('CLS Classification Acc', 0.97835964)
[INFO] 2022-10-05 09:09:54,346 [    train.py:  246]:	Epoch 90 Test: Precision 0.617 Recall 0.538 F1 0.575
[INFO] 2022-10-05 09:10:37,417 [    train.py:  217]:	Epoch 91 Train: Loss 0.0171, ('Ner Loss', 0.013385219499468803),  ('CLS Classification Loss', 0.0037048710510134697), ('Ner Acc', 0.9997287392616272),  ('CLS Classification Acc', 0.9990451335906982)
[INFO] 2022-10-05 09:10:39,933 [    train.py:  237]:	Epoch 91 Valid: Loss 0.1912, ('Ner Loss', 0.017273076),  ('CLS Classification Loss', 0.17394006), ('Ner Acc', 0.99814427),  ('CLS Classification Acc', 0.9777351)
[INFO] 2022-10-05 09:10:48,123 [    train.py:  246]:	Epoch 91 Test: Precision 0.571 Recall 0.544 F1 0.557
[INFO] 2022-10-05 09:11:31,452 [    train.py:  217]:	Epoch 92 Train: Loss 0.0149, ('Ner Loss', 0.013136673718690872),  ('CLS Classification Loss', 0.0017337137833237648), ('Ner Acc', 0.9997904896736145),  ('CLS Classification Acc', 0.9996525645256042)
[INFO] 2022-10-05 09:11:34,015 [    train.py:  237]:	Epoch 92 Valid: Loss 0.1838, ('Ner Loss', 0.017155822),  ('CLS Classification Loss', 0.16661544), ('Ner Acc', 0.998061),  ('CLS Classification Acc', 0.9777351)
[INFO] 2022-10-05 09:11:42,515 [    train.py:  246]:	Epoch 92 Test: Precision 0.558 Recall 0.550 F1 0.554
[INFO] 2022-10-05 09:12:25,720 [    train.py:  217]:	Epoch 93 Train: Loss 0.0137, ('Ner Loss', 0.013106046244502068),  ('CLS Classification Loss', 0.0006269585574045777), ('Ner Acc', 0.999784529209137),  ('CLS Classification Acc', 0.9997643828392029)
[INFO] 2022-10-05 09:12:28,234 [    train.py:  237]:	Epoch 93 Valid: Loss 0.2089, ('Ner Loss', 0.017670145),  ('CLS Classification Loss', 0.19127177), ('Ner Acc', 0.99805784),  ('CLS Classification Acc', 0.9767451)
[INFO] 2022-10-05 09:12:36,460 [    train.py:  246]:	Epoch 93 Test: Precision 0.546 Recall 0.540 F1 0.543
[INFO] 2022-10-05 09:13:19,909 [    train.py:  217]:	Epoch 94 Train: Loss 0.0139, ('Ner Loss', 0.013006241992115974),  ('CLS Classification Loss', 0.000857090693898499), ('Ner Acc', 0.9997974038124084),  ('CLS Classification Acc', 0.9997395277023315)
[INFO] 2022-10-05 09:13:22,400 [    train.py:  237]:	Epoch 94 Valid: Loss 0.1985, ('Ner Loss', 0.01736994),  ('CLS Classification Loss', 0.18116279), ('Ner Acc', 0.9981788),  ('CLS Classification Acc', 0.9787402)
[INFO] 2022-10-05 09:13:30,706 [    train.py:  246]:	Epoch 94 Test: Precision 0.589 Recall 0.540 F1 0.563
[INFO] 2022-10-05 09:14:14,236 [    train.py:  217]:	Epoch 95 Train: Loss 0.0131, ('Ner Loss', 0.012908369302749634),  ('CLS Classification Loss', 0.00016522064106538892), ('Ner Acc', 0.9998072981834412),  ('CLS Classification Acc', 0.9999131560325623)
[INFO] 2022-10-05 09:14:16,753 [    train.py:  237]:	Epoch 95 Valid: Loss 0.2165, ('Ner Loss', 0.017412715),  ('CLS Classification Loss', 0.19906726), ('Ner Acc', 0.99820316),  ('CLS Classification Acc', 0.97771996)
[INFO] 2022-10-05 09:14:24,978 [    train.py:  246]:	Epoch 95 Test: Precision 0.593 Recall 0.517 F1 0.552
[INFO] 2022-10-05 09:15:08,003 [    train.py:  217]:	Epoch 96 Train: Loss 0.0129, ('Ner Loss', 0.012827472761273384),  ('CLS Classification Loss', 0.00010540111543377861), ('Ner Acc', 0.9998196363449097),  ('CLS Classification Acc', 0.9999627470970154)
[INFO] 2022-10-05 09:15:10,508 [    train.py:  237]:	Epoch 96 Valid: Loss 0.2158, ('Ner Loss', 0.017856523),  ('CLS Classification Loss', 0.19791915), ('Ner Acc', 0.9981104),  ('CLS Classification Acc', 0.9783139)
[INFO] 2022-10-05 09:15:18,677 [    train.py:  246]:	Epoch 96 Test: Precision 0.579 Recall 0.534 F1 0.555
[INFO] 2022-10-05 09:16:02,041 [    train.py:  217]:	Epoch 97 Train: Loss 0.0128, ('Ner Loss', 0.012656484730541706),  ('CLS Classification Loss', 0.00016781401063781232), ('Ner Acc', 0.9998175501823425),  ('CLS Classification Acc', 0.9999255537986755)
[INFO] 2022-10-05 09:16:04,523 [    train.py:  237]:	Epoch 97 Valid: Loss 0.2161, ('Ner Loss', 0.01800419),  ('CLS Classification Loss', 0.19812818), ('Ner Acc', 0.99817085),  ('CLS Classification Acc', 0.97771996)
[INFO] 2022-10-05 09:16:12,685 [    train.py:  246]:	Epoch 97 Test: Precision 0.578 Recall 0.535 F1 0.556
[INFO] 2022-10-05 09:16:55,968 [    train.py:  217]:	Epoch 98 Train: Loss 0.0130, ('Ner Loss', 0.012651103548705578),  ('CLS Classification Loss', 0.0003584055812098086), ('Ner Acc', 0.9998226761817932),  ('CLS Classification Acc', 0.9998759627342224)
[INFO] 2022-10-05 09:16:58,475 [    train.py:  237]:	Epoch 98 Valid: Loss 0.2257, ('Ner Loss', 0.018570408),  ('CLS Classification Loss', 0.20713775), ('Ner Acc', 0.99811095),  ('CLS Classification Acc', 0.9777961)
[INFO] 2022-10-05 09:17:06,628 [    train.py:  246]:	Epoch 98 Test: Precision 0.579 Recall 0.524 F1 0.550
[INFO] 2022-10-05 09:17:50,011 [    train.py:  217]:	Epoch 99 Train: Loss 0.0125, ('Ner Loss', 0.012451683171093464),  ('CLS Classification Loss', 8.298087050206959e-05), ('Ner Acc', 0.9998369216918945),  ('CLS Classification Acc', 0.9999751448631287)
[INFO] 2022-10-05 09:17:52,524 [    train.py:  237]:	Epoch 99 Valid: Loss 0.2249, ('Ner Loss', 0.018978551),  ('CLS Classification Loss', 0.20595053), ('Ner Acc', 0.99812436),  ('CLS Classification Acc', 0.97714114)
[INFO] 2022-10-05 09:18:00,836 [    train.py:  246]:	Epoch 99 Test: Precision 0.563 Recall 0.535 F1 0.549
[INFO] 2022-10-05 09:18:44,057 [    train.py:  217]:	Epoch 100 Train: Loss 0.0125, ('Ner Loss', 0.012420968152582645),  ('CLS Classification Loss', 4.898890620097518e-05), ('Ner Acc', 0.9998292922973633),  ('CLS Classification Acc', 0.9999751448631287)
[INFO] 2022-10-05 09:18:46,576 [    train.py:  237]:	Epoch 100 Valid: Loss 0.2237, ('Ner Loss', 0.019060744),  ('CLS Classification Loss', 0.20463796), ('Ner Acc', 0.99817306),  ('CLS Classification Acc', 0.9775218)
[INFO] 2022-10-05 09:18:54,794 [    train.py:  246]:	Epoch 100 Test: Precision 0.577 Recall 0.536 F1 0.556
[INFO] 2022-10-05 09:18:54,794 [    train.py:  266]:	Best Epoch 90; Best f1 0.574857864813645 precision 0.6165311653116531 recall 0.5384615384615384;
