[INFO] 2022-09-30 02:38:33,634 [    train.py:  509]:	Namespace(block_att_head_num=1, cased=True, d_block=256, data_aug=2, dataset='res15', do_test=True, do_train=True, do_valid=True, drop_null_data=True, dropout_rate=0.3, epochs=100, extra_attention=True, fuse_strategy='update', init_model_dir='', language='en', loss_ratio=1.0, lr=2e-05, mask_sb=True, model_type='end_to_end', output_dir='./output', save_dir='', schema='BIO', task_name='ttee_res15_100epoch_256d_2aug_2e-5lr_cased_0.3dropout_dropnull_1loss_BIO', test_batch_size=32, train_batch_size=16, valid_freq=1)
[INFO] 2022-09-30 02:38:46,496 [    train.py:  119]:	{'init_bert_model': 'bert-base-cased', 'sentence_b': DictWrapper({'texts': ListWrapper(['general of ambience', 'price of drinks', 'quality of drinks', 'style options of drinks', 'prices of food', 'quality of food', 'style options of food', 'general of location', 'general of restaurant', 'miscellaneous of restaurant', 'prices of restaurant', 'general of service']), 'sentiments': ListWrapper(['negative', 'neutral', 'positive'])}), 'num_sentiment_classes': 3, 'subblock_hidden_size': 256, 'subblock_head_num': 1, 'cache_dir': 'bert_models/bert-base-cased', 'fuse_strategy': 'update', 'tagging_schema': 'BIO', 'extra_attention': True, 'dropout': 0.3, 'loss_ratio': 1.0}
[INFO] 2022-09-30 02:38:46,496 [    train.py:  121]:	Number of Train Sentence: 1120
[INFO] 2022-09-30 02:38:46,506 [    train.py:  526]:	Data augment: Merge 2 train data together
[INFO] 2022-09-30 02:40:13,266 [    train.py:  185]:	Epoch 1: 
[INFO] 2022-09-30 02:40:13,267 [    train.py:  186]:	Train:
[INFO] 2022-09-30 02:40:13,276 [    train.py:  198]:	Loss 0.3238, ('Ner Loss', 0.06580895930528641),  ('CLS Classification Loss', 0.25796064734458923)
[INFO] 2022-09-30 02:40:13,276 [    train.py:  208]:	('Ner Acc', 0.9794914126396179),  ('CLS Classification Acc', 0.9220487475395203)
[INFO] 2022-09-30 02:40:19,153 [    train.py:  220]:	Evaluate:
[INFO] 2022-09-30 02:40:19,154 [    train.py:  227]:	Loss 0.1908, ('Ner Loss', 0.022952814),  ('CLS Classification Loss', 0.16783983)
[INFO] 2022-09-30 02:40:19,155 [    train.py:  228]:	('Ner Acc', 0.99689984), ('CLS Classification Acc', 0.962567)
[INFO] 2022-09-30 02:40:31,290 [    train.py:  237]:	Precision 0.000 Recall 0.000 F1 0.000
[INFO] 2022-09-30 02:41:27,896 [    train.py:  185]:	Epoch 2: 
[INFO] 2022-09-30 02:41:27,897 [    train.py:  186]:	Train:
[INFO] 2022-09-30 02:41:27,902 [    train.py:  198]:	Loss 0.2224, ('Ner Loss', 0.026540745049715042),  ('CLS Classification Loss', 0.195814311504364)
[INFO] 2022-09-30 02:41:27,902 [    train.py:  208]:	('Ner Acc', 0.9960430860519409),  ('CLS Classification Acc', 0.9358136057853699)
[INFO] 2022-09-30 02:41:30,930 [    train.py:  220]:	Evaluate:
[INFO] 2022-09-30 02:41:30,931 [    train.py:  227]:	Loss 0.1662, ('Ner Loss', 0.019300468),  ('CLS Classification Loss', 0.14689846)
[INFO] 2022-09-30 02:41:30,931 [    train.py:  228]:	('Ner Acc', 0.99689984), ('CLS Classification Acc', 0.962567)
[INFO] 2022-09-30 02:41:40,531 [    train.py:  237]:	Precision 0.000 Recall 0.000 F1 0.000
[INFO] 2022-09-30 02:42:37,158 [    train.py:  185]:	Epoch 3: 
[INFO] 2022-09-30 02:42:37,158 [    train.py:  186]:	Train:
[INFO] 2022-09-30 02:42:37,162 [    train.py:  198]:	Loss 0.2027, ('Ner Loss', 0.02398608811199665),  ('CLS Classification Loss', 0.1786693036556244)
[INFO] 2022-09-30 02:42:37,162 [    train.py:  208]:	('Ner Acc', 0.9961497783660889),  ('CLS Classification Acc', 0.9376986026763916)
[INFO] 2022-09-30 02:42:40,234 [    train.py:  220]:	Evaluate:
[INFO] 2022-09-30 02:42:40,235 [    train.py:  227]:	Loss 0.1713, ('Ner Loss', 0.017510733),  ('CLS Classification Loss', 0.153816)
[INFO] 2022-09-30 02:42:40,235 [    train.py:  228]:	('Ner Acc', 0.99689984), ('CLS Classification Acc', 0.962567)
[INFO] 2022-09-30 02:42:49,287 [    train.py:  237]:	Precision 0.000 Recall 0.000 F1 0.000
[INFO] 2022-09-30 02:43:46,453 [    train.py:  185]:	Epoch 4: 
[INFO] 2022-09-30 02:43:46,453 [    train.py:  186]:	Train:
[INFO] 2022-09-30 02:43:46,456 [    train.py:  198]:	Loss 0.1921, ('Ner Loss', 0.02217596024274826),  ('CLS Classification Loss', 0.169893279671669)
[INFO] 2022-09-30 02:43:46,456 [    train.py:  208]:	('Ner Acc', 0.9961358308792114),  ('CLS Classification Acc', 0.9408980011940002)
[INFO] 2022-09-30 02:43:49,550 [    train.py:  220]:	Evaluate:
[INFO] 2022-09-30 02:43:49,551 [    train.py:  227]:	Loss 0.1643, ('Ner Loss', 0.016150229),  ('CLS Classification Loss', 0.14814626)
[INFO] 2022-09-30 02:43:49,551 [    train.py:  228]:	('Ner Acc', 0.99689984), ('CLS Classification Acc', 0.96279544)
[INFO] 2022-09-30 02:43:58,800 [    train.py:  237]:	Precision 0.200 Recall 0.001 F1 0.002
[INFO] 2022-09-30 02:44:55,786 [    train.py:  185]:	Epoch 5: 
[INFO] 2022-09-30 02:44:55,787 [    train.py:  186]:	Train:
[INFO] 2022-09-30 02:44:55,793 [    train.py:  198]:	Loss 0.1841, ('Ner Loss', 0.020367693156003952),  ('CLS Classification Loss', 0.163687601685524)
[INFO] 2022-09-30 02:44:55,793 [    train.py:  208]:	('Ner Acc', 0.9961567521095276),  ('CLS Classification Acc', 0.9427205920219421)
[INFO] 2022-09-30 02:44:58,811 [    train.py:  220]:	Evaluate:
[INFO] 2022-09-30 02:44:58,812 [    train.py:  227]:	Loss 0.1481, ('Ner Loss', 0.014748491),  ('CLS Classification Loss', 0.13340114)
[INFO] 2022-09-30 02:44:58,812 [    train.py:  228]:	('Ner Acc', 0.99689984), ('CLS Classification Acc', 0.9634807)
[INFO] 2022-09-30 02:45:07,867 [    train.py:  237]:	Precision 0.062 Recall 0.002 F1 0.005
[INFO] 2022-09-30 02:46:04,773 [    train.py:  185]:	Epoch 6: 
[INFO] 2022-09-30 02:46:04,774 [    train.py:  186]:	Train:
[INFO] 2022-09-30 02:46:04,778 [    train.py:  198]:	Loss 0.1717, ('Ner Loss', 0.017866356298327446),  ('CLS Classification Loss', 0.15379390120506287)
[INFO] 2022-09-30 02:46:04,779 [    train.py:  208]:	('Ner Acc', 0.996120035648346),  ('CLS Classification Acc', 0.9452753067016602)
[INFO] 2022-09-30 02:46:07,725 [    train.py:  220]:	Evaluate:
[INFO] 2022-09-30 02:46:07,726 [    train.py:  227]:	Loss 0.1324, ('Ner Loss', 0.013212156),  ('CLS Classification Loss', 0.119221784)
[INFO] 2022-09-30 02:46:07,726 [    train.py:  228]:	('Ner Acc', 0.99689984), ('CLS Classification Acc', 0.9655366)
[INFO] 2022-09-30 02:46:16,768 [    train.py:  237]:	Precision 0.072 Recall 0.007 F1 0.013
[INFO] 2022-09-30 02:47:13,267 [    train.py:  185]:	Epoch 7: 
[INFO] 2022-09-30 02:47:13,267 [    train.py:  186]:	Train:
[INFO] 2022-09-30 02:47:13,272 [    train.py:  198]:	Loss 0.1610, ('Ner Loss', 0.01588902808725834),  ('CLS Classification Loss', 0.14506545662879944)
[INFO] 2022-09-30 02:47:13,272 [    train.py:  208]:	('Ner Acc', 0.9960578083992004),  ('CLS Classification Acc', 0.9464037418365479)
[INFO] 2022-09-30 02:47:16,316 [    train.py:  220]:	Evaluate:
[INFO] 2022-09-30 02:47:16,316 [    train.py:  227]:	Loss 0.1327, ('Ner Loss', 0.0124845635),  ('CLS Classification Loss', 0.12022958)
[INFO] 2022-09-30 02:47:16,317 [    train.py:  228]:	('Ner Acc', 0.99689984), ('CLS Classification Acc', 0.9643031)
[INFO] 2022-09-30 02:47:25,366 [    train.py:  237]:	Precision 0.045 Recall 0.002 F1 0.004
[INFO] 2022-09-30 02:48:22,158 [    train.py:  185]:	Epoch 8: 
[INFO] 2022-09-30 02:48:22,159 [    train.py:  186]:	Train:
[INFO] 2022-09-30 02:48:22,162 [    train.py:  198]:	Loss 0.1487, ('Ner Loss', 0.014336034655570984),  ('CLS Classification Loss', 0.1344069391489029)
[INFO] 2022-09-30 02:48:22,162 [    train.py:  208]:	('Ner Acc', 0.9961006045341492),  ('CLS Classification Acc', 0.9493055939674377)
[INFO] 2022-09-30 02:48:25,277 [    train.py:  220]:	Evaluate:
[INFO] 2022-09-30 02:48:25,278 [    train.py:  227]:	Loss 0.1239, ('Ner Loss', 0.011752362),  ('CLS Classification Loss', 0.11219094)
[INFO] 2022-09-30 02:48:25,278 [    train.py:  228]:	('Ner Acc', 0.99705637), ('CLS Classification Acc', 0.966222)
[INFO] 2022-09-30 02:48:34,556 [    train.py:  237]:	Precision 0.225 Recall 0.034 F1 0.060
[INFO] 2022-09-30 02:49:31,576 [    train.py:  185]:	Epoch 9: 
[INFO] 2022-09-30 02:49:31,577 [    train.py:  186]:	Train:
[INFO] 2022-09-30 02:49:31,585 [    train.py:  198]:	Loss 0.1373, ('Ner Loss', 0.012764239683747292),  ('CLS Classification Loss', 0.12456735968589783)
[INFO] 2022-09-30 02:49:31,585 [    train.py:  208]:	('Ner Acc', 0.996293842792511),  ('CLS Classification Acc', 0.952058732509613)
[INFO] 2022-09-30 02:49:34,759 [    train.py:  220]:	Evaluate:
[INFO] 2022-09-30 02:49:34,759 [    train.py:  227]:	Loss 0.1284, ('Ner Loss', 0.01059037),  ('CLS Classification Loss', 0.1177701)
[INFO] 2022-09-30 02:49:34,760 [    train.py:  228]:	('Ner Acc', 0.99713403), ('CLS Classification Acc', 0.96567374)
[INFO] 2022-09-30 02:49:43,871 [    train.py:  237]:	Precision 0.396 Recall 0.043 F1 0.077
[INFO] 2022-09-30 02:50:40,786 [    train.py:  185]:	Epoch 10: 
[INFO] 2022-09-30 02:50:40,786 [    train.py:  186]:	Train:
[INFO] 2022-09-30 02:50:40,793 [    train.py:  198]:	Loss 0.1283, ('Ner Loss', 0.011394767090678215),  ('CLS Classification Loss', 0.11690827459096909)
[INFO] 2022-09-30 02:50:40,793 [    train.py:  208]:	('Ner Acc', 0.9964967966079712),  ('CLS Classification Acc', 0.9531496167182922)
[INFO] 2022-09-30 02:50:43,805 [    train.py:  220]:	Evaluate:
[INFO] 2022-09-30 02:50:43,806 [    train.py:  227]:	Loss 0.1191, ('Ner Loss', 0.010225852),  ('CLS Classification Loss', 0.10889115)
[INFO] 2022-09-30 02:50:43,806 [    train.py:  228]:	('Ner Acc', 0.9972669), ('CLS Classification Acc', 0.9677297)
[INFO] 2022-09-30 02:50:52,818 [    train.py:  237]:	Precision 0.465 Recall 0.111 F1 0.180
[INFO] 2022-09-30 02:51:48,911 [    train.py:  185]:	Epoch 11: 
[INFO] 2022-09-30 02:51:48,912 [    train.py:  186]:	Train:
[INFO] 2022-09-30 02:51:48,919 [    train.py:  198]:	Loss 0.1166, ('Ner Loss', 0.010563676245510578),  ('CLS Classification Loss', 0.10600491613149643)
[INFO] 2022-09-30 02:51:48,920 [    train.py:  208]:	('Ner Acc', 0.9966668486595154),  ('CLS Classification Acc', 0.9569692611694336)
[INFO] 2022-09-30 02:51:52,039 [    train.py:  220]:	Evaluate:
[INFO] 2022-09-30 02:51:52,040 [    train.py:  227]:	Loss 0.1058, ('Ner Loss', 0.009842276),  ('CLS Classification Loss', 0.0959522)
[INFO] 2022-09-30 02:51:52,040 [    train.py:  228]:	('Ner Acc', 0.99738413), ('CLS Classification Acc', 0.9690393)
[INFO] 2022-09-30 02:52:01,218 [    train.py:  237]:	Precision 0.434 Recall 0.189 F1 0.264
[INFO] 2022-09-30 02:52:58,080 [    train.py:  185]:	Epoch 12: 
[INFO] 2022-09-30 02:52:58,081 [    train.py:  186]:	Train:
[INFO] 2022-09-30 02:52:58,085 [    train.py:  198]:	Loss 0.1028, ('Ner Loss', 0.009490706957876682),  ('CLS Classification Loss', 0.0932653471827507)
[INFO] 2022-09-30 02:52:58,085 [    train.py:  208]:	('Ner Acc', 0.9968298673629761),  ('CLS Classification Acc', 0.9611978530883789)
[INFO] 2022-09-30 02:53:01,176 [    train.py:  220]:	Evaluate:
[INFO] 2022-09-30 02:53:01,176 [    train.py:  227]:	Loss 0.1317, ('Ner Loss', 0.010185928),  ('CLS Classification Loss', 0.121474944)
[INFO] 2022-09-30 02:53:01,176 [    train.py:  228]:	('Ner Acc', 0.99731946), ('CLS Classification Acc', 0.9695571)
[INFO] 2022-09-30 02:53:10,550 [    train.py:  237]:	Precision 0.482 Recall 0.187 F1 0.269
[INFO] 2022-09-30 02:54:06,876 [    train.py:  185]:	Epoch 13: 
[INFO] 2022-09-30 02:54:06,877 [    train.py:  186]:	Train:
[INFO] 2022-09-30 02:54:06,881 [    train.py:  198]:	Loss 0.0927, ('Ner Loss', 0.008533735759556293),  ('CLS Classification Loss', 0.08417561650276184)
[INFO] 2022-09-30 02:54:06,881 [    train.py:  208]:	('Ner Acc', 0.9971207976341248),  ('CLS Classification Acc', 0.9657492637634277)
[INFO] 2022-09-30 02:54:09,843 [    train.py:  220]:	Evaluate:
[INFO] 2022-09-30 02:54:09,844 [    train.py:  227]:	Loss 0.1174, ('Ner Loss', 0.010801813),  ('CLS Classification Loss', 0.106647305)
[INFO] 2022-09-30 02:54:09,844 [    train.py:  228]:	('Ner Acc', 0.99737257), ('CLS Classification Acc', 0.97109526)
[INFO] 2022-09-30 02:54:18,601 [    train.py:  237]:	Precision 0.426 Recall 0.289 F1 0.344
[INFO] 2022-09-30 02:55:15,089 [    train.py:  185]:	Epoch 14: 
[INFO] 2022-09-30 02:55:15,090 [    train.py:  186]:	Train:
[INFO] 2022-09-30 02:55:15,093 [    train.py:  198]:	Loss 0.0817, ('Ner Loss', 0.0075866649858653545),  ('CLS Classification Loss', 0.07409372180700302)
[INFO] 2022-09-30 02:55:15,093 [    train.py:  208]:	('Ner Acc', 0.9973215460777283),  ('CLS Classification Acc', 0.9690975546836853)
[INFO] 2022-09-30 02:55:18,147 [    train.py:  220]:	Evaluate:
[INFO] 2022-09-30 02:55:18,148 [    train.py:  227]:	Loss 0.1299, ('Ner Loss', 0.012260479),  ('CLS Classification Loss', 0.11760822)
[INFO] 2022-09-30 02:55:18,148 [    train.py:  228]:	('Ner Acc', 0.9973096), ('CLS Classification Acc', 0.97086686)
[INFO] 2022-09-30 02:55:27,185 [    train.py:  237]:	Precision 0.427 Recall 0.291 F1 0.346
[INFO] 2022-09-30 02:56:24,428 [    train.py:  185]:	Epoch 15: 
[INFO] 2022-09-30 02:56:24,428 [    train.py:  186]:	Train:
[INFO] 2022-09-30 02:56:24,432 [    train.py:  198]:	Loss 0.0727, ('Ner Loss', 0.0070007494650781155),  ('CLS Classification Loss', 0.06565643846988678)
[INFO] 2022-09-30 02:56:24,432 [    train.py:  208]:	('Ner Acc', 0.9974727034568787),  ('CLS Classification Acc', 0.9727057218551636)
[INFO] 2022-09-30 02:56:27,421 [    train.py:  220]:	Evaluate:
[INFO] 2022-09-30 02:56:27,422 [    train.py:  227]:	Loss 0.1284, ('Ner Loss', 0.011064722),  ('CLS Classification Loss', 0.11735258)
[INFO] 2022-09-30 02:56:27,422 [    train.py:  228]:	('Ner Acc', 0.9973522), ('CLS Classification Acc', 0.9724353)
[INFO] 2022-09-30 02:56:36,569 [    train.py:  237]:	Precision 0.478 Recall 0.335 F1 0.394
[INFO] 2022-09-30 02:57:33,750 [    train.py:  185]:	Epoch 16: 
[INFO] 2022-09-30 02:57:33,751 [    train.py:  186]:	Train:
[INFO] 2022-09-30 02:57:33,754 [    train.py:  198]:	Loss 0.0661, ('Ner Loss', 0.006415194366127253),  ('CLS Classification Loss', 0.05970616266131401)
[INFO] 2022-09-30 02:57:33,755 [    train.py:  208]:	('Ner Acc', 0.9976084232330322),  ('CLS Classification Acc', 0.9756821990013123)
[INFO] 2022-09-30 02:57:36,812 [    train.py:  220]:	Evaluate:
[INFO] 2022-09-30 02:57:36,812 [    train.py:  227]:	Loss 0.1424, ('Ner Loss', 0.01318897),  ('CLS Classification Loss', 0.1291877)
[INFO] 2022-09-30 02:57:36,813 [    train.py:  228]:	('Ner Acc', 0.9973604), ('CLS Classification Acc', 0.97260296)
[INFO] 2022-09-30 02:57:45,831 [    train.py:  237]:	Precision 0.449 Recall 0.367 F1 0.404
[INFO] 2022-09-30 02:58:42,635 [    train.py:  185]:	Epoch 17: 
[INFO] 2022-09-30 02:58:42,635 [    train.py:  186]:	Train:
[INFO] 2022-09-30 02:58:42,639 [    train.py:  198]:	Loss 0.0581, ('Ner Loss', 0.005571252200752497),  ('CLS Classification Loss', 0.052533168345689774)
[INFO] 2022-09-30 02:58:42,639 [    train.py:  208]:	('Ner Acc', 0.9979216456413269),  ('CLS Classification Acc', 0.9786954522132874)
[INFO] 2022-09-30 02:58:45,708 [    train.py:  220]:	Evaluate:
[INFO] 2022-09-30 02:58:45,708 [    train.py:  227]:	Loss 0.1381, ('Ner Loss', 0.012309729),  ('CLS Classification Loss', 0.12579434)
[INFO] 2022-09-30 02:58:45,708 [    train.py:  228]:	('Ner Acc', 0.9975241), ('CLS Classification Acc', 0.97348624)
[INFO] 2022-09-30 02:58:54,782 [    train.py:  237]:	Precision 0.490 Recall 0.364 F1 0.418
[INFO] 2022-09-30 02:59:51,726 [    train.py:  185]:	Epoch 18: 
[INFO] 2022-09-30 02:59:51,727 [    train.py:  186]:	Train:
[INFO] 2022-09-30 02:59:51,731 [    train.py:  198]:	Loss 0.0521, ('Ner Loss', 0.005120138172060251),  ('CLS Classification Loss', 0.04693373665213585)
[INFO] 2022-09-30 02:59:51,732 [    train.py:  208]:	('Ner Acc', 0.9980359673500061),  ('CLS Classification Acc', 0.9804564118385315)
[INFO] 2022-09-30 02:59:54,810 [    train.py:  220]:	Evaluate:
[INFO] 2022-09-30 02:59:54,810 [    train.py:  227]:	Loss 0.1410, ('Ner Loss', 0.013614066),  ('CLS Classification Loss', 0.12740274)
[INFO] 2022-09-30 02:59:54,811 [    train.py:  228]:	('Ner Acc', 0.9973554), ('CLS Classification Acc', 0.9714913)
[INFO] 2022-09-30 03:00:03,892 [    train.py:  237]:	Precision 0.442 Recall 0.362 F1 0.398
[INFO] 2022-09-30 03:01:00,553 [    train.py:  185]:	Epoch 19: 
[INFO] 2022-09-30 03:01:00,553 [    train.py:  186]:	Train:
[INFO] 2022-09-30 03:01:00,555 [    train.py:  198]:	Loss 0.0481, ('Ner Loss', 0.004663962870836258),  ('CLS Classification Loss', 0.04345268756151199)
[INFO] 2022-09-30 03:01:00,556 [    train.py:  208]:	('Ner Acc', 0.9981711506843567),  ('CLS Classification Acc', 0.9823535084724426)
[INFO] 2022-09-30 03:01:03,646 [    train.py:  220]:	Evaluate:
[INFO] 2022-09-30 03:01:03,646 [    train.py:  227]:	Loss 0.1449, ('Ner Loss', 0.014488057),  ('CLS Classification Loss', 0.13036597)
[INFO] 2022-09-30 03:01:03,646 [    train.py:  228]:	('Ner Acc', 0.9975309), ('CLS Classification Acc', 0.974537)
[INFO] 2022-09-30 03:01:12,720 [    train.py:  237]:	Precision 0.492 Recall 0.364 F1 0.419
[INFO] 2022-09-30 03:02:09,694 [    train.py:  185]:	Epoch 20: 
[INFO] 2022-09-30 03:02:09,695 [    train.py:  186]:	Train:
[INFO] 2022-09-30 03:02:09,697 [    train.py:  198]:	Loss 0.0445, ('Ner Loss', 0.004326049238443375),  ('CLS Classification Loss', 0.040217719972133636)
[INFO] 2022-09-30 03:02:09,698 [    train.py:  208]:	('Ner Acc', 0.9983019232749939),  ('CLS Classification Acc', 0.9837794899940491)
[INFO] 2022-09-30 03:02:12,776 [    train.py:  220]:	Evaluate:
[INFO] 2022-09-30 03:02:12,777 [    train.py:  227]:	Loss 0.1523, ('Ner Loss', 0.013528844),  ('CLS Classification Loss', 0.13877611)
[INFO] 2022-09-30 03:02:12,777 [    train.py:  228]:	('Ner Acc', 0.99762034), ('CLS Classification Acc', 0.97510046)
[INFO] 2022-09-30 03:02:21,781 [    train.py:  237]:	Precision 0.529 Recall 0.364 F1 0.432
[INFO] 2022-09-30 03:03:17,961 [    train.py:  185]:	Epoch 21: 
[INFO] 2022-09-30 03:03:17,961 [    train.py:  186]:	Train:
[INFO] 2022-09-30 03:03:17,964 [    train.py:  198]:	Loss 0.0386, ('Ner Loss', 0.0039807758294045925),  ('CLS Classification Loss', 0.03464348614215851)
[INFO] 2022-09-30 03:03:17,964 [    train.py:  208]:	('Ner Acc', 0.9984396696090698),  ('CLS Classification Acc', 0.9861235618591309)
[INFO] 2022-09-30 03:03:21,048 [    train.py:  220]:	Evaluate:
[INFO] 2022-09-30 03:03:21,049 [    train.py:  227]:	Loss 0.1508, ('Ner Loss', 0.013843949),  ('CLS Classification Loss', 0.13693304)
[INFO] 2022-09-30 03:03:21,049 [    train.py:  228]:	('Ner Acc', 0.9975626), ('CLS Classification Acc', 0.97540516)
[INFO] 2022-09-30 03:03:30,134 [    train.py:  237]:	Precision 0.500 Recall 0.401 F1 0.445
[INFO] 2022-09-30 03:04:25,824 [    train.py:  185]:	Epoch 22: 
[INFO] 2022-09-30 03:04:25,825 [    train.py:  186]:	Train:
[INFO] 2022-09-30 03:04:25,831 [    train.py:  198]:	Loss 0.0337, ('Ner Loss', 0.0036010583862662315),  ('CLS Classification Loss', 0.030098121613264084)
[INFO] 2022-09-30 03:04:25,832 [    train.py:  208]:	('Ner Acc', 0.9985225200653076),  ('CLS Classification Acc', 0.9882312417030334)
[INFO] 2022-09-30 03:04:28,918 [    train.py:  220]:	Evaluate:
[INFO] 2022-09-30 03:04:28,918 [    train.py:  227]:	Loss 0.1677, ('Ner Loss', 0.014924558),  ('CLS Classification Loss', 0.1528153)
[INFO] 2022-09-30 03:04:28,918 [    train.py:  228]:	('Ner Acc', 0.9974312), ('CLS Classification Acc', 0.974933)
[INFO] 2022-09-30 03:04:38,005 [    train.py:  237]:	Precision 0.496 Recall 0.407 F1 0.447
[INFO] 2022-09-30 03:05:35,118 [    train.py:  185]:	Epoch 23: 
[INFO] 2022-09-30 03:05:35,118 [    train.py:  186]:	Train:
[INFO] 2022-09-30 03:05:35,121 [    train.py:  198]:	Loss 0.0314, ('Ner Loss', 0.00331911351531744),  ('CLS Classification Loss', 0.028118044137954712)
[INFO] 2022-09-30 03:05:35,121 [    train.py:  208]:	('Ner Acc', 0.9986373782157898),  ('CLS Classification Acc', 0.9888268709182739)
[INFO] 2022-09-30 03:05:38,237 [    train.py:  220]:	Evaluate:
[INFO] 2022-09-30 03:05:38,237 [    train.py:  227]:	Loss 0.1696, ('Ner Loss', 0.014496148),  ('CLS Classification Loss', 0.15510957)
[INFO] 2022-09-30 03:05:38,238 [    train.py:  228]:	('Ner Acc', 0.9976001), ('CLS Classification Acc', 0.9747655)
[INFO] 2022-09-30 03:05:47,339 [    train.py:  237]:	Precision 0.514 Recall 0.427 F1 0.466
[INFO] 2022-09-30 03:06:43,969 [    train.py:  185]:	Epoch 24: 
[INFO] 2022-09-30 03:06:43,969 [    train.py:  186]:	Train:
[INFO] 2022-09-30 03:06:43,972 [    train.py:  198]:	Loss 0.0283, ('Ner Loss', 0.0030024389270693064),  ('CLS Classification Loss', 0.025292035192251205)
[INFO] 2022-09-30 03:06:43,973 [    train.py:  208]:	('Ner Acc', 0.9987491965293884),  ('CLS Classification Acc', 0.9900916814804077)
[INFO] 2022-09-30 03:06:47,083 [    train.py:  220]:	Evaluate:
[INFO] 2022-09-30 03:06:47,084 [    train.py:  227]:	Loss 0.1654, ('Ner Loss', 0.016157761),  ('CLS Classification Loss', 0.14926848)
[INFO] 2022-09-30 03:06:47,084 [    train.py:  228]:	('Ner Acc', 0.9975966), ('CLS Classification Acc', 0.97577065)
[INFO] 2022-09-30 03:06:56,159 [    train.py:  237]:	Precision 0.492 Recall 0.421 F1 0.454
[INFO] 2022-09-30 03:07:52,910 [    train.py:  185]:	Epoch 25: 
[INFO] 2022-09-30 03:07:52,911 [    train.py:  186]:	Train:
[INFO] 2022-09-30 03:07:52,914 [    train.py:  198]:	Loss 0.0263, ('Ner Loss', 0.0028803301975131035),  ('CLS Classification Loss', 0.023423364385962486)
[INFO] 2022-09-30 03:07:52,914 [    train.py:  208]:	('Ner Acc', 0.9988115429878235),  ('CLS Classification Acc', 0.9911332130432129)
[INFO] 2022-09-30 03:07:55,920 [    train.py:  220]:	Evaluate:
[INFO] 2022-09-30 03:07:55,921 [    train.py:  227]:	Loss 0.2051, ('Ner Loss', 0.019991493),  ('CLS Classification Loss', 0.18514438)
[INFO] 2022-09-30 03:07:55,921 [    train.py:  228]:	('Ner Acc', 0.9974295), ('CLS Classification Acc', 0.97197855)
[INFO] 2022-09-30 03:08:05,003 [    train.py:  237]:	Precision 0.447 Recall 0.439 F1 0.443
[INFO] 2022-09-30 03:09:01,243 [    train.py:  185]:	Epoch 26: 
[INFO] 2022-09-30 03:09:01,244 [    train.py:  186]:	Train:
[INFO] 2022-09-30 03:09:01,247 [    train.py:  198]:	Loss 0.0243, ('Ner Loss', 0.0026813186705112457),  ('CLS Classification Loss', 0.021589837968349457)
[INFO] 2022-09-30 03:09:01,247 [    train.py:  208]:	('Ner Acc', 0.9988595247268677),  ('CLS Classification Acc', 0.9916664361953735)
[INFO] 2022-09-30 03:09:04,326 [    train.py:  220]:	Evaluate:
[INFO] 2022-09-30 03:09:04,327 [    train.py:  227]:	Loss 0.1708, ('Ner Loss', 0.016804492),  ('CLS Classification Loss', 0.1540297)
[INFO] 2022-09-30 03:09:04,327 [    train.py:  228]:	('Ner Acc', 0.99773085), ('CLS Classification Acc', 0.9760296)
[INFO] 2022-09-30 03:09:13,394 [    train.py:  237]:	Precision 0.546 Recall 0.418 F1 0.474
[INFO] 2022-09-30 03:10:09,641 [    train.py:  185]:	Epoch 27: 
[INFO] 2022-09-30 03:10:09,642 [    train.py:  186]:	Train:
[INFO] 2022-09-30 03:10:09,650 [    train.py:  198]:	Loss 0.0215, ('Ner Loss', 0.0024882026482373476),  ('CLS Classification Loss', 0.019001413136720657)
[INFO] 2022-09-30 03:10:09,651 [    train.py:  208]:	('Ner Acc', 0.9989320039749146),  ('CLS Classification Acc', 0.9929187297821045)
[INFO] 2022-09-30 03:10:12,554 [    train.py:  220]:	Evaluate:
[INFO] 2022-09-30 03:10:12,554 [    train.py:  227]:	Loss 0.1728, ('Ner Loss', 0.016417986),  ('CLS Classification Loss', 0.15639518)
[INFO] 2022-09-30 03:10:12,555 [    train.py:  228]:	('Ner Acc', 0.99762523), ('CLS Classification Acc', 0.97537464)
[INFO] 2022-09-30 03:10:21,561 [    train.py:  237]:	Precision 0.514 Recall 0.464 F1 0.488
[INFO] 2022-09-30 03:11:17,994 [    train.py:  185]:	Epoch 28: 
[INFO] 2022-09-30 03:11:17,995 [    train.py:  186]:	Train:
[INFO] 2022-09-30 03:11:17,998 [    train.py:  198]:	Loss 0.0194, ('Ner Loss', 0.002348814159631729),  ('CLS Classification Loss', 0.017032556235790253)
[INFO] 2022-09-30 03:11:17,999 [    train.py:  208]:	('Ner Acc', 0.9990174174308777),  ('CLS Classification Acc', 0.993427574634552)
[INFO] 2022-09-30 03:11:21,048 [    train.py:  220]:	Evaluate:
[INFO] 2022-09-30 03:11:21,048 [    train.py:  227]:	Loss 0.1833, ('Ner Loss', 0.017763719),  ('CLS Classification Loss', 0.1655699)
[INFO] 2022-09-30 03:11:21,048 [    train.py:  228]:	('Ner Acc', 0.99756724), ('CLS Classification Acc', 0.9739127)
[INFO] 2022-09-30 03:11:30,187 [    train.py:  237]:	Precision 0.484 Recall 0.433 F1 0.457
[INFO] 2022-09-30 03:12:25,863 [    train.py:  185]:	Epoch 29: 
[INFO] 2022-09-30 03:12:25,864 [    train.py:  186]:	Train:
[INFO] 2022-09-30 03:12:25,869 [    train.py:  198]:	Loss 0.0179, ('Ner Loss', 0.0022532851435244083),  ('CLS Classification Loss', 0.015655847266316414)
[INFO] 2022-09-30 03:12:25,870 [    train.py:  208]:	('Ner Acc', 0.9990218281745911),  ('CLS Classification Acc', 0.9941465258598328)
[INFO] 2022-09-30 03:12:28,153 [    train.py:  220]:	Evaluate:
[INFO] 2022-09-30 03:12:28,153 [    train.py:  227]:	Loss 0.1888, ('Ner Loss', 0.020567285),  ('CLS Classification Loss', 0.1682205)
[INFO] 2022-09-30 03:12:28,153 [    train.py:  228]:	('Ner Acc', 0.9974176), ('CLS Classification Acc', 0.97528327)
[INFO] 2022-09-30 03:12:37,395 [    train.py:  237]:	Precision 0.487 Recall 0.459 F1 0.473
[INFO] 2022-09-30 03:13:19,614 [    train.py:  185]:	Epoch 30: 
[INFO] 2022-09-30 03:13:19,615 [    train.py:  186]:	Train:
[INFO] 2022-09-30 03:13:19,619 [    train.py:  198]:	Loss 0.0158, ('Ner Loss', 0.0018791422480717301),  ('CLS Classification Loss', 0.013925149105489254)
[INFO] 2022-09-30 03:13:19,620 [    train.py:  208]:	('Ner Acc', 0.9991927146911621),  ('CLS Classification Acc', 0.995039701461792)
[INFO] 2022-09-30 03:13:21,850 [    train.py:  220]:	Evaluate:
[INFO] 2022-09-30 03:13:21,850 [    train.py:  227]:	Loss 0.2092, ('Ner Loss', 0.020119792),  ('CLS Classification Loss', 0.189127)
[INFO] 2022-09-30 03:13:21,851 [    train.py:  228]:	('Ner Acc', 0.9976579), ('CLS Classification Acc', 0.97411066)
[INFO] 2022-09-30 03:13:32,248 [    train.py:  237]:	Precision 0.518 Recall 0.434 F1 0.472
[INFO] 2022-09-30 03:14:14,354 [    train.py:  185]:	Epoch 31: 
[INFO] 2022-09-30 03:14:14,355 [    train.py:  186]:	Train:
[INFO] 2022-09-30 03:14:14,360 [    train.py:  198]:	Loss 0.0141, ('Ner Loss', 0.0018346091965213418),  ('CLS Classification Loss', 0.012287852354347706)
[INFO] 2022-09-30 03:14:14,360 [    train.py:  208]:	('Ner Acc', 0.9991953372955322),  ('CLS Classification Acc', 0.9957463145256042)
[INFO] 2022-09-30 03:14:16,525 [    train.py:  220]:	Evaluate:
[INFO] 2022-09-30 03:14:16,525 [    train.py:  227]:	Loss 0.2075, ('Ner Loss', 0.02665301),  ('CLS Classification Loss', 0.18080331)
[INFO] 2022-09-30 03:14:16,526 [    train.py:  228]:	('Ner Acc', 0.9975153), ('CLS Classification Acc', 0.9750244)
[INFO] 2022-09-30 03:14:25,840 [    train.py:  237]:	Precision 0.492 Recall 0.466 F1 0.479
[INFO] 2022-09-30 03:15:21,571 [    train.py:  185]:	Epoch 32: 
[INFO] 2022-09-30 03:15:21,572 [    train.py:  186]:	Train:
[INFO] 2022-09-30 03:15:21,576 [    train.py:  198]:	Loss 0.0149, ('Ner Loss', 0.0018743787659332156),  ('CLS Classification Loss', 0.012988338246941566)
[INFO] 2022-09-30 03:15:21,576 [    train.py:  208]:	('Ner Acc', 0.9992386102676392),  ('CLS Classification Acc', 0.9955105185508728)
[INFO] 2022-09-30 03:15:24,721 [    train.py:  220]:	Evaluate:
[INFO] 2022-09-30 03:15:24,721 [    train.py:  227]:	Loss 0.2064, ('Ner Loss', 0.021654202),  ('CLS Classification Loss', 0.18472692)
[INFO] 2022-09-30 03:15:24,722 [    train.py:  228]:	('Ner Acc', 0.9975652), ('CLS Classification Acc', 0.97327304)
[INFO] 2022-09-30 03:15:34,388 [    train.py:  237]:	Precision 0.489 Recall 0.433 F1 0.460
[INFO] 2022-09-30 03:16:31,272 [    train.py:  185]:	Epoch 33: 
[INFO] 2022-09-30 03:16:31,273 [    train.py:  186]:	Train:
[INFO] 2022-09-30 03:16:31,276 [    train.py:  198]:	Loss 0.0125, ('Ner Loss', 0.0017200958682224154),  ('CLS Classification Loss', 0.010778862982988358)
[INFO] 2022-09-30 03:16:31,276 [    train.py:  208]:	('Ner Acc', 0.9992930889129639),  ('CLS Classification Acc', 0.9960561394691467)
[INFO] 2022-09-30 03:16:34,309 [    train.py:  220]:	Evaluate:
[INFO] 2022-09-30 03:16:34,309 [    train.py:  227]:	Loss 0.2084, ('Ner Loss', 0.022757158),  ('CLS Classification Loss', 0.18563825)
[INFO] 2022-09-30 03:16:34,309 [    train.py:  228]:	('Ner Acc', 0.99745864), ('CLS Classification Acc', 0.97450656)
[INFO] 2022-09-30 03:16:43,380 [    train.py:  237]:	Precision 0.490 Recall 0.443 F1 0.465
[INFO] 2022-09-30 03:17:40,371 [    train.py:  185]:	Epoch 34: 
[INFO] 2022-09-30 03:17:40,372 [    train.py:  186]:	Train:
[INFO] 2022-09-30 03:17:40,380 [    train.py:  198]:	Loss 0.0101, ('Ner Loss', 0.0015063341706991196),  ('CLS Classification Loss', 0.008623146452009678)
[INFO] 2022-09-30 03:17:40,380 [    train.py:  208]:	('Ner Acc', 0.9993899464607239),  ('CLS Classification Acc', 0.9970607161521912)
[INFO] 2022-09-30 03:17:43,486 [    train.py:  220]:	Evaluate:
[INFO] 2022-09-30 03:17:43,487 [    train.py:  227]:	Loss 0.2115, ('Ner Loss', 0.02382724),  ('CLS Classification Loss', 0.18772228)
[INFO] 2022-09-30 03:17:43,487 [    train.py:  228]:	('Ner Acc', 0.99757355), ('CLS Classification Acc', 0.9751461)
[INFO] 2022-09-30 03:17:52,545 [    train.py:  237]:	Precision 0.509 Recall 0.441 F1 0.473
[INFO] 2022-09-30 03:18:49,351 [    train.py:  185]:	Epoch 35: 
[INFO] 2022-09-30 03:18:49,352 [    train.py:  186]:	Train:
[INFO] 2022-09-30 03:18:49,357 [    train.py:  198]:	Loss 0.0109, ('Ner Loss', 0.001537417178042233),  ('CLS Classification Loss', 0.009398195892572403)
[INFO] 2022-09-30 03:18:49,357 [    train.py:  208]:	('Ner Acc', 0.9993470311164856),  ('CLS Classification Acc', 0.9965522885322571)
[INFO] 2022-09-30 03:18:52,433 [    train.py:  220]:	Evaluate:
[INFO] 2022-09-30 03:18:52,434 [    train.py:  227]:	Loss 0.2084, ('Ner Loss', 0.021369625),  ('CLS Classification Loss', 0.1870646)
[INFO] 2022-09-30 03:18:52,434 [    train.py:  228]:	('Ner Acc', 0.99757916), ('CLS Classification Acc', 0.9742477)
[INFO] 2022-09-30 03:19:01,540 [    train.py:  237]:	Precision 0.496 Recall 0.470 F1 0.482
[INFO] 2022-09-30 03:19:58,253 [    train.py:  185]:	Epoch 36: 
[INFO] 2022-09-30 03:19:58,253 [    train.py:  186]:	Train:
[INFO] 2022-09-30 03:19:58,257 [    train.py:  198]:	Loss 0.0101, ('Ner Loss', 0.0014294974971562624),  ('CLS Classification Loss', 0.008653717115521431)
[INFO] 2022-09-30 03:19:58,257 [    train.py:  208]:	('Ner Acc', 0.9994125366210938),  ('CLS Classification Acc', 0.9970604777336121)
[INFO] 2022-09-30 03:20:01,384 [    train.py:  220]:	Evaluate:
[INFO] 2022-09-30 03:20:01,385 [    train.py:  227]:	Loss 0.2040, ('Ner Loss', 0.020636985),  ('CLS Classification Loss', 0.18339653)
[INFO] 2022-09-30 03:20:01,385 [    train.py:  228]:	('Ner Acc', 0.99762493), ('CLS Classification Acc', 0.9745523)
[INFO] 2022-09-30 03:20:10,645 [    train.py:  237]:	Precision 0.483 Recall 0.498 F1 0.491
[INFO] 2022-09-30 03:21:07,054 [    train.py:  185]:	Epoch 37: 
[INFO] 2022-09-30 03:21:07,055 [    train.py:  186]:	Train:
[INFO] 2022-09-30 03:21:07,058 [    train.py:  198]:	Loss 0.0106, ('Ner Loss', 0.0013809606898576021),  ('CLS Classification Loss', 0.00926378183066845)
[INFO] 2022-09-30 03:21:07,059 [    train.py:  208]:	('Ner Acc', 0.9994154572486877),  ('CLS Classification Acc', 0.9970359802246094)
[INFO] 2022-09-30 03:21:10,073 [    train.py:  220]:	Evaluate:
[INFO] 2022-09-30 03:21:10,074 [    train.py:  227]:	Loss 0.2322, ('Ner Loss', 0.022135193),  ('CLS Classification Loss', 0.21008575)
[INFO] 2022-09-30 03:21:10,074 [    train.py:  228]:	('Ner Acc', 0.99755687), ('CLS Classification Acc', 0.9723593)
[INFO] 2022-09-30 03:21:19,128 [    train.py:  237]:	Precision 0.490 Recall 0.450 F1 0.469
[INFO] 2022-09-30 03:22:15,772 [    train.py:  185]:	Epoch 38: 
[INFO] 2022-09-30 03:22:15,773 [    train.py:  186]:	Train:
[INFO] 2022-09-30 03:22:15,775 [    train.py:  198]:	Loss 0.0094, ('Ner Loss', 0.0012605517404153943),  ('CLS Classification Loss', 0.008182036690413952)
[INFO] 2022-09-30 03:22:15,776 [    train.py:  208]:	('Ner Acc', 0.9994800090789795),  ('CLS Classification Acc', 0.9973211288452148)
[INFO] 2022-09-30 03:22:18,896 [    train.py:  220]:	Evaluate:
[INFO] 2022-09-30 03:22:18,897 [    train.py:  227]:	Loss 0.2244, ('Ner Loss', 0.02265408),  ('CLS Classification Loss', 0.20171814)
[INFO] 2022-09-30 03:22:18,897 [    train.py:  228]:	('Ner Acc', 0.9974276), ('CLS Classification Acc', 0.9735624)
[INFO] 2022-09-30 03:22:27,984 [    train.py:  237]:	Precision 0.493 Recall 0.472 F1 0.482
[INFO] 2022-09-30 03:23:24,183 [    train.py:  185]:	Epoch 39: 
[INFO] 2022-09-30 03:23:24,184 [    train.py:  186]:	Train:
[INFO] 2022-09-30 03:23:24,187 [    train.py:  198]:	Loss 0.0063, ('Ner Loss', 0.001172744669020176),  ('CLS Classification Loss', 0.00516817020252347)
[INFO] 2022-09-30 03:23:24,187 [    train.py:  208]:	('Ner Acc', 0.9994988441467285),  ('CLS Classification Acc', 0.9981150031089783)
[INFO] 2022-09-30 03:23:27,237 [    train.py:  220]:	Evaluate:
[INFO] 2022-09-30 03:23:27,237 [    train.py:  227]:	Loss 0.2377, ('Ner Loss', 0.025286064),  ('CLS Classification Loss', 0.21245556)
[INFO] 2022-09-30 03:23:27,238 [    train.py:  228]:	('Ner Acc', 0.9975581), ('CLS Classification Acc', 0.9750853)
[INFO] 2022-09-30 03:23:36,679 [    train.py:  237]:	Precision 0.497 Recall 0.437 F1 0.465
[INFO] 2022-09-30 03:24:33,172 [    train.py:  185]:	Epoch 40: 
[INFO] 2022-09-30 03:24:33,172 [    train.py:  186]:	Train:
[INFO] 2022-09-30 03:24:33,176 [    train.py:  198]:	Loss 0.0084, ('Ner Loss', 0.0011262998450547457),  ('CLS Classification Loss', 0.007297668140381575)
[INFO] 2022-09-30 03:24:33,176 [    train.py:  208]:	('Ner Acc', 0.9995279312133789),  ('CLS Classification Acc', 0.9976309537887573)
[INFO] 2022-09-30 03:24:36,181 [    train.py:  220]:	Evaluate:
[INFO] 2022-09-30 03:24:36,182 [    train.py:  227]:	Loss 0.2329, ('Ner Loss', 0.023623366),  ('CLS Classification Loss', 0.2092338)
[INFO] 2022-09-30 03:24:36,182 [    train.py:  228]:	('Ner Acc', 0.99755186), ('CLS Classification Acc', 0.9750852)
[INFO] 2022-09-30 03:24:45,541 [    train.py:  237]:	Precision 0.521 Recall 0.449 F1 0.482
[INFO] 2022-09-30 03:25:42,017 [    train.py:  185]:	Epoch 41: 
[INFO] 2022-09-30 03:25:42,018 [    train.py:  186]:	Train:
[INFO] 2022-09-30 03:25:42,020 [    train.py:  198]:	Loss 0.0070, ('Ner Loss', 0.0010559652000665665),  ('CLS Classification Loss', 0.005957133136689663)
[INFO] 2022-09-30 03:25:42,020 [    train.py:  208]:	('Ner Acc', 0.9995594620704651),  ('CLS Classification Acc', 0.9980154037475586)
[INFO] 2022-09-30 03:25:45,107 [    train.py:  220]:	Evaluate:
[INFO] 2022-09-30 03:25:45,108 [    train.py:  227]:	Loss 0.2184, ('Ner Loss', 0.023667878),  ('CLS Classification Loss', 0.19474716)
[INFO] 2022-09-30 03:25:45,108 [    train.py:  228]:	('Ner Acc', 0.9976631), ('CLS Classification Acc', 0.97456753)
[INFO] 2022-09-30 03:25:54,183 [    train.py:  237]:	Precision 0.529 Recall 0.450 F1 0.486
[INFO] 2022-09-30 03:26:50,803 [    train.py:  185]:	Epoch 42: 
[INFO] 2022-09-30 03:26:50,804 [    train.py:  186]:	Train:
[INFO] 2022-09-30 03:26:50,806 [    train.py:  198]:	Loss 0.0071, ('Ner Loss', 0.001068459590896964),  ('CLS Classification Loss', 0.006042641121894121)
[INFO] 2022-09-30 03:26:50,806 [    train.py:  208]:	('Ner Acc', 0.9995383024215698),  ('CLS Classification Acc', 0.9981518387794495)
[INFO] 2022-09-30 03:26:53,903 [    train.py:  220]:	Evaluate:
[INFO] 2022-09-30 03:26:53,904 [    train.py:  227]:	Loss 0.2277, ('Ner Loss', 0.023634145),  ('CLS Classification Loss', 0.20408818)
[INFO] 2022-09-30 03:26:53,904 [    train.py:  228]:	('Ner Acc', 0.99744296), ('CLS Classification Acc', 0.9738061)
[INFO] 2022-09-30 03:27:03,003 [    train.py:  237]:	Precision 0.492 Recall 0.464 F1 0.477
[INFO] 2022-09-30 03:27:59,906 [    train.py:  185]:	Epoch 43: 
[INFO] 2022-09-30 03:27:59,906 [    train.py:  186]:	Train:
[INFO] 2022-09-30 03:27:59,908 [    train.py:  198]:	Loss 0.0053, ('Ner Loss', 0.0009354448993690312),  ('CLS Classification Loss', 0.004341401159763336)
[INFO] 2022-09-30 03:27:59,909 [    train.py:  208]:	('Ner Acc', 0.999602198600769),  ('CLS Classification Acc', 0.9986603856086731)
[INFO] 2022-09-30 03:28:02,980 [    train.py:  220]:	Evaluate:
[INFO] 2022-09-30 03:28:02,980 [    train.py:  227]:	Loss 0.2010, ('Ner Loss', 0.023622341),  ('CLS Classification Loss', 0.17735219)
[INFO] 2022-09-30 03:28:02,981 [    train.py:  228]:	('Ner Acc', 0.99769545), ('CLS Classification Acc', 0.9753745)
[INFO] 2022-09-30 03:28:12,575 [    train.py:  237]:	Precision 0.495 Recall 0.490 F1 0.492
[INFO] 2022-09-30 03:29:09,287 [    train.py:  185]:	Epoch 44: 
[INFO] 2022-09-30 03:29:09,288 [    train.py:  186]:	Train:
[INFO] 2022-09-30 03:29:09,292 [    train.py:  198]:	Loss 0.0070, ('Ner Loss', 0.000944701605476439),  ('CLS Classification Loss', 0.006098790094256401)
[INFO] 2022-09-30 03:29:09,292 [    train.py:  208]:	('Ner Acc', 0.9995946884155273),  ('CLS Classification Acc', 0.9979164004325867)
[INFO] 2022-09-30 03:29:12,187 [    train.py:  220]:	Evaluate:
[INFO] 2022-09-30 03:29:12,188 [    train.py:  227]:	Loss 0.2131, ('Ner Loss', 0.024314236),  ('CLS Classification Loss', 0.18876502)
[INFO] 2022-09-30 03:29:12,188 [    train.py:  228]:	('Ner Acc', 0.9976023), ('CLS Classification Acc', 0.9749939)
[INFO] 2022-09-30 03:29:21,187 [    train.py:  237]:	Precision 0.518 Recall 0.460 F1 0.487
[INFO] 2022-09-30 03:30:17,766 [    train.py:  185]:	Epoch 45: 
[INFO] 2022-09-30 03:30:17,766 [    train.py:  186]:	Train:
[INFO] 2022-09-30 03:30:17,772 [    train.py:  198]:	Loss 0.0069, ('Ner Loss', 0.0008893446647562087),  ('CLS Classification Loss', 0.005981490947306156)
[INFO] 2022-09-30 03:30:17,772 [    train.py:  208]:	('Ner Acc', 0.9996379017829895),  ('CLS Classification Acc', 0.9977920651435852)
[INFO] 2022-09-30 03:30:20,835 [    train.py:  220]:	Evaluate:
[INFO] 2022-09-30 03:30:20,835 [    train.py:  227]:	Loss 0.2212, ('Ner Loss', 0.02514463),  ('CLS Classification Loss', 0.19602439)
[INFO] 2022-09-30 03:30:20,835 [    train.py:  228]:	('Ner Acc', 0.99751896), ('CLS Classification Acc', 0.97462845)
[INFO] 2022-09-30 03:30:29,884 [    train.py:  237]:	Precision 0.507 Recall 0.473 F1 0.490
[INFO] 2022-09-30 03:31:26,111 [    train.py:  185]:	Epoch 46: 
[INFO] 2022-09-30 03:31:26,111 [    train.py:  186]:	Train:
[INFO] 2022-09-30 03:31:26,115 [    train.py:  198]:	Loss 0.0060, ('Ner Loss', 0.0008112188661471009),  ('CLS Classification Loss', 0.005219158250838518)
[INFO] 2022-09-30 03:31:26,115 [    train.py:  208]:	('Ner Acc', 0.999663233757019),  ('CLS Classification Acc', 0.9983874559402466)
[INFO] 2022-09-30 03:31:29,240 [    train.py:  220]:	Evaluate:
[INFO] 2022-09-30 03:31:29,240 [    train.py:  227]:	Loss 0.2111, ('Ner Loss', 0.026183933),  ('CLS Classification Loss', 0.18493532)
[INFO] 2022-09-30 03:31:29,240 [    train.py:  228]:	('Ner Acc', 0.99775034), ('CLS Classification Acc', 0.97522235)
[INFO] 2022-09-30 03:31:39,388 [    train.py:  237]:	Precision 0.566 Recall 0.408 F1 0.474
[INFO] 2022-09-30 03:32:36,177 [    train.py:  185]:	Epoch 47: 
[INFO] 2022-09-30 03:32:36,177 [    train.py:  186]:	Train:
[INFO] 2022-09-30 03:32:36,181 [    train.py:  198]:	Loss 0.0047, ('Ner Loss', 0.0008115411619655788),  ('CLS Classification Loss', 0.0039285519160330296)
[INFO] 2022-09-30 03:32:36,181 [    train.py:  208]:	('Ner Acc', 0.9996633529663086),  ('CLS Classification Acc', 0.9985489845275879)
[INFO] 2022-09-30 03:32:39,192 [    train.py:  220]:	Evaluate:
[INFO] 2022-09-30 03:32:39,193 [    train.py:  227]:	Loss 0.2375, ('Ner Loss', 0.026493475),  ('CLS Classification Loss', 0.21105249)
[INFO] 2022-09-30 03:32:39,193 [    train.py:  228]:	('Ner Acc', 0.9977825), ('CLS Classification Acc', 0.975664)
[INFO] 2022-09-30 03:32:48,254 [    train.py:  237]:	Precision 0.540 Recall 0.440 F1 0.485
[INFO] 2022-09-30 03:33:45,021 [    train.py:  185]:	Epoch 48: 
[INFO] 2022-09-30 03:33:45,021 [    train.py:  186]:	Train:
[INFO] 2022-09-30 03:33:45,024 [    train.py:  198]:	Loss 0.0038, ('Ner Loss', 0.0007292450754903257),  ('CLS Classification Loss', 0.0031113752629607916)
[INFO] 2022-09-30 03:33:45,024 [    train.py:  208]:	('Ner Acc', 0.9996962547302246),  ('CLS Classification Acc', 0.9987969398498535)
[INFO] 2022-09-30 03:33:48,068 [    train.py:  220]:	Evaluate:
[INFO] 2022-09-30 03:33:48,069 [    train.py:  227]:	Loss 0.2488, ('Ner Loss', 0.026725596),  ('CLS Classification Loss', 0.22203945)
[INFO] 2022-09-30 03:33:48,069 [    train.py:  228]:	('Ner Acc', 0.9975727), ('CLS Classification Acc', 0.9734557)
[INFO] 2022-09-30 03:33:57,152 [    train.py:  237]:	Precision 0.483 Recall 0.482 F1 0.483
[INFO] 2022-09-30 03:34:53,626 [    train.py:  185]:	Epoch 49: 
[INFO] 2022-09-30 03:34:53,626 [    train.py:  186]:	Train:
[INFO] 2022-09-30 03:34:53,629 [    train.py:  198]:	Loss 0.0043, ('Ner Loss', 0.0006901818560436368),  ('CLS Classification Loss', 0.003605602076277137)
[INFO] 2022-09-30 03:34:53,629 [    train.py:  208]:	('Ner Acc', 0.9997146725654602),  ('CLS Classification Acc', 0.9987470507621765)
[INFO] 2022-09-30 03:34:56,704 [    train.py:  220]:	Evaluate:
[INFO] 2022-09-30 03:34:56,704 [    train.py:  227]:	Loss 0.2413, ('Ner Loss', 0.02955152),  ('CLS Classification Loss', 0.21175557)
[INFO] 2022-09-30 03:34:56,705 [    train.py:  228]:	('Ner Acc', 0.99754053), ('CLS Classification Acc', 0.9747198)
[INFO] 2022-09-30 03:35:05,739 [    train.py:  237]:	Precision 0.492 Recall 0.446 F1 0.468
[INFO] 2022-09-30 03:36:02,654 [    train.py:  185]:	Epoch 50: 
[INFO] 2022-09-30 03:36:02,654 [    train.py:  186]:	Train:
[INFO] 2022-09-30 03:36:02,659 [    train.py:  198]:	Loss 0.0040, ('Ner Loss', 0.0007222204003483057),  ('CLS Classification Loss', 0.003315896261483431)
[INFO] 2022-09-30 03:36:02,659 [    train.py:  208]:	('Ner Acc', 0.9997132420539856),  ('CLS Classification Acc', 0.9988340139389038)
[INFO] 2022-09-30 03:36:05,655 [    train.py:  220]:	Evaluate:
[INFO] 2022-09-30 03:36:05,656 [    train.py:  227]:	Loss 0.2387, ('Ner Loss', 0.028458742),  ('CLS Classification Loss', 0.21022104)
[INFO] 2022-09-30 03:36:05,656 [    train.py:  228]:	('Ner Acc', 0.9976977), ('CLS Classification Acc', 0.9754812)
[INFO] 2022-09-30 03:36:14,667 [    train.py:  237]:	Precision 0.533 Recall 0.427 F1 0.474
[INFO] 2022-09-30 03:37:10,953 [    train.py:  185]:	Epoch 51: 
[INFO] 2022-09-30 03:37:10,953 [    train.py:  186]:	Train:
[INFO] 2022-09-30 03:37:10,956 [    train.py:  198]:	Loss 0.0045, ('Ner Loss', 0.0006541414186358452),  ('CLS Classification Loss', 0.0038492735475301743)
[INFO] 2022-09-30 03:37:10,956 [    train.py:  208]:	('Ner Acc', 0.9997294545173645),  ('CLS Classification Acc', 0.9986355304718018)
[INFO] 2022-09-30 03:37:14,052 [    train.py:  220]:	Evaluate:
[INFO] 2022-09-30 03:37:14,052 [    train.py:  227]:	Loss 0.2073, ('Ner Loss', 0.025230188),  ('CLS Classification Loss', 0.18209265)
[INFO] 2022-09-30 03:37:14,052 [    train.py:  228]:	('Ner Acc', 0.997606), ('CLS Classification Acc', 0.9748416)
[INFO] 2022-09-30 03:37:23,156 [    train.py:  237]:	Precision 0.480 Recall 0.492 F1 0.486
[INFO] 2022-09-30 03:38:19,571 [    train.py:  185]:	Epoch 52: 
[INFO] 2022-09-30 03:38:19,572 [    train.py:  186]:	Train:
[INFO] 2022-09-30 03:38:19,574 [    train.py:  198]:	Loss 0.0054, ('Ner Loss', 0.0006320925895124674),  ('CLS Classification Loss', 0.0047750347293913364)
[INFO] 2022-09-30 03:38:19,574 [    train.py:  208]:	('Ner Acc', 0.9997397065162659),  ('CLS Classification Acc', 0.9983751773834229)
[INFO] 2022-09-30 03:38:22,621 [    train.py:  220]:	Evaluate:
[INFO] 2022-09-30 03:38:22,622 [    train.py:  227]:	Loss 0.2058, ('Ner Loss', 0.023896862),  ('CLS Classification Loss', 0.18194686)
[INFO] 2022-09-30 03:38:22,622 [    train.py:  228]:	('Ner Acc', 0.9976064), ('CLS Classification Acc', 0.97459793)
[INFO] 2022-09-30 03:38:31,767 [    train.py:  237]:	Precision 0.478 Recall 0.466 F1 0.472
[INFO] 2022-09-30 03:39:28,717 [    train.py:  185]:	Epoch 53: 
[INFO] 2022-09-30 03:39:28,718 [    train.py:  186]:	Train:
[INFO] 2022-09-30 03:39:28,722 [    train.py:  198]:	Loss 0.0036, ('Ner Loss', 0.0006181738572195172),  ('CLS Classification Loss', 0.002934668678790331)
[INFO] 2022-09-30 03:39:28,723 [    train.py:  208]:	('Ner Acc', 0.9997544288635254),  ('CLS Classification Acc', 0.9990323781967163)
[INFO] 2022-09-30 03:39:31,732 [    train.py:  220]:	Evaluate:
[INFO] 2022-09-30 03:39:31,732 [    train.py:  227]:	Loss 0.2500, ('Ner Loss', 0.029395979),  ('CLS Classification Loss', 0.22061965)
[INFO] 2022-09-30 03:39:31,733 [    train.py:  228]:	('Ner Acc', 0.9976764), ('CLS Classification Acc', 0.973867)
[INFO] 2022-09-30 03:39:41,067 [    train.py:  237]:	Precision 0.495 Recall 0.446 F1 0.469
[INFO] 2022-09-30 03:40:37,728 [    train.py:  185]:	Epoch 54: 
[INFO] 2022-09-30 03:40:37,728 [    train.py:  186]:	Train:
[INFO] 2022-09-30 03:40:37,731 [    train.py:  198]:	Loss 0.0030, ('Ner Loss', 0.0006172605790197849),  ('CLS Classification Loss', 0.002422428922727704)
[INFO] 2022-09-30 03:40:37,731 [    train.py:  208]:	('Ner Acc', 0.9997556209564209),  ('CLS Classification Acc', 0.9992058873176575)
[INFO] 2022-09-30 03:40:40,794 [    train.py:  220]:	Evaluate:
[INFO] 2022-09-30 03:40:40,795 [    train.py:  227]:	Loss 0.2257, ('Ner Loss', 0.02693936),  ('CLS Classification Loss', 0.1987416)
[INFO] 2022-09-30 03:40:40,795 [    train.py:  228]:	('Ner Acc', 0.99741924), ('CLS Classification Acc', 0.9733796)
[INFO] 2022-09-30 03:40:49,607 [    train.py:  237]:	Precision 0.456 Recall 0.478 F1 0.467
[INFO] 2022-09-30 03:41:45,915 [    train.py:  185]:	Epoch 55: 
[INFO] 2022-09-30 03:41:45,916 [    train.py:  186]:	Train:
[INFO] 2022-09-30 03:41:45,919 [    train.py:  198]:	Loss 0.0044, ('Ner Loss', 0.000656539632473141),  ('CLS Classification Loss', 0.0037727952003479004)
[INFO] 2022-09-30 03:41:45,919 [    train.py:  208]:	('Ner Acc', 0.9997320175170898),  ('CLS Classification Acc', 0.9987595677375793)
[INFO] 2022-09-30 03:41:48,992 [    train.py:  220]:	Evaluate:
[INFO] 2022-09-30 03:41:48,992 [    train.py:  227]:	Loss 0.2259, ('Ner Loss', 0.02724561),  ('CLS Classification Loss', 0.19860873)
[INFO] 2022-09-30 03:41:48,992 [    train.py:  228]:	('Ner Acc', 0.99765253), ('CLS Classification Acc', 0.97400415)
[INFO] 2022-09-30 03:41:58,075 [    train.py:  237]:	Precision 0.496 Recall 0.447 F1 0.470
[INFO] 2022-09-30 03:42:55,108 [    train.py:  185]:	Epoch 56: 
[INFO] 2022-09-30 03:42:55,108 [    train.py:  186]:	Train:
[INFO] 2022-09-30 03:42:55,111 [    train.py:  198]:	Loss 0.0033, ('Ner Loss', 0.0005452179466374218),  ('CLS Classification Loss', 0.002791612409055233)
[INFO] 2022-09-30 03:42:55,111 [    train.py:  208]:	('Ner Acc', 0.9997775554656982),  ('CLS Classification Acc', 0.9991439580917358)
[INFO] 2022-09-30 03:42:58,189 [    train.py:  220]:	Evaluate:
[INFO] 2022-09-30 03:42:58,190 [    train.py:  227]:	Loss 0.2255, ('Ner Loss', 0.027163459),  ('CLS Classification Loss', 0.19834323)
[INFO] 2022-09-30 03:42:58,190 [    train.py:  228]:	('Ner Acc', 0.9976312), ('CLS Classification Acc', 0.9742477)
[INFO] 2022-09-30 03:43:07,582 [    train.py:  237]:	Precision 0.480 Recall 0.451 F1 0.465
[INFO] 2022-09-30 03:44:04,011 [    train.py:  185]:	Epoch 57: 
[INFO] 2022-09-30 03:44:04,012 [    train.py:  186]:	Train:
[INFO] 2022-09-30 03:44:04,016 [    train.py:  198]:	Loss 0.0045, ('Ner Loss', 0.0006265953998081386),  ('CLS Classification Loss', 0.0038726513739675283)
[INFO] 2022-09-30 03:44:04,017 [    train.py:  208]:	('Ner Acc', 0.9997518062591553),  ('CLS Classification Acc', 0.9987097382545471)
[INFO] 2022-09-30 03:44:07,000 [    train.py:  220]:	Evaluate:
[INFO] 2022-09-30 03:44:07,001 [    train.py:  227]:	Loss 0.2074, ('Ner Loss', 0.025466682),  ('CLS Classification Loss', 0.18193924)
[INFO] 2022-09-30 03:44:07,002 [    train.py:  228]:	('Ner Acc', 0.9977502), ('CLS Classification Acc', 0.97475034)
[INFO] 2022-09-30 03:44:16,092 [    train.py:  237]:	Precision 0.507 Recall 0.460 F1 0.483
[INFO] 2022-09-30 03:45:12,575 [    train.py:  185]:	Epoch 58: 
[INFO] 2022-09-30 03:45:12,575 [    train.py:  186]:	Train:
[INFO] 2022-09-30 03:45:12,579 [    train.py:  198]:	Loss 0.0040, ('Ner Loss', 0.0005619476432912052),  ('CLS Classification Loss', 0.003421224420890212)
[INFO] 2022-09-30 03:45:12,579 [    train.py:  208]:	('Ner Acc', 0.9997780919075012),  ('CLS Classification Acc', 0.9988959431648254)
[INFO] 2022-09-30 03:45:15,582 [    train.py:  220]:	Evaluate:
[INFO] 2022-09-30 03:45:15,582 [    train.py:  227]:	Loss 0.2489, ('Ner Loss', 0.026888227),  ('CLS Classification Loss', 0.22202584)
[INFO] 2022-09-30 03:45:15,582 [    train.py:  228]:	('Ner Acc', 0.99752516), ('CLS Classification Acc', 0.97275525)
[INFO] 2022-09-30 03:45:24,529 [    train.py:  237]:	Precision 0.470 Recall 0.450 F1 0.459
[INFO] 2022-09-30 03:46:21,487 [    train.py:  185]:	Epoch 59: 
[INFO] 2022-09-30 03:46:21,487 [    train.py:  186]:	Train:
[INFO] 2022-09-30 03:46:21,491 [    train.py:  198]:	Loss 0.0041, ('Ner Loss', 0.0005374990869313478),  ('CLS Classification Loss', 0.003526490181684494)
[INFO] 2022-09-30 03:46:21,491 [    train.py:  208]:	('Ner Acc', 0.9997746348381042),  ('CLS Classification Acc', 0.9989083409309387)
[INFO] 2022-09-30 03:46:24,505 [    train.py:  220]:	Evaluate:
[INFO] 2022-09-30 03:46:24,506 [    train.py:  227]:	Loss 0.2319, ('Ner Loss', 0.027158985),  ('CLS Classification Loss', 0.20469601)
[INFO] 2022-09-30 03:46:24,506 [    train.py:  228]:	('Ner Acc', 0.9977672), ('CLS Classification Acc', 0.97491777)
[INFO] 2022-09-30 03:46:33,707 [    train.py:  237]:	Precision 0.531 Recall 0.460 F1 0.493
[INFO] 2022-09-30 03:47:30,288 [    train.py:  185]:	Epoch 60: 
[INFO] 2022-09-30 03:47:30,289 [    train.py:  186]:	Train:
[INFO] 2022-09-30 03:47:30,292 [    train.py:  198]:	Loss 0.0028, ('Ner Loss', 0.0004715386894531548),  ('CLS Classification Loss', 0.0022921378258615732)
[INFO] 2022-09-30 03:47:30,292 [    train.py:  208]:	('Ner Acc', 0.9998025298118591),  ('CLS Classification Acc', 0.9992930889129639)
[INFO] 2022-09-30 03:47:33,331 [    train.py:  220]:	Evaluate:
[INFO] 2022-09-30 03:47:33,332 [    train.py:  227]:	Loss 0.2474, ('Ner Loss', 0.0283425),  ('CLS Classification Loss', 0.21906388)
[INFO] 2022-09-30 03:47:33,332 [    train.py:  228]:	('Ner Acc', 0.9976983), ('CLS Classification Acc', 0.9744305)
[INFO] 2022-09-30 03:47:42,686 [    train.py:  237]:	Precision 0.516 Recall 0.486 F1 0.501
[INFO] 2022-09-30 03:48:32,235 [    train.py:  185]:	Epoch 61: 
[INFO] 2022-09-30 03:48:32,235 [    train.py:  186]:	Train:
[INFO] 2022-09-30 03:48:32,239 [    train.py:  198]:	Loss 0.0027, ('Ner Loss', 0.0004158237134106457),  ('CLS Classification Loss', 0.002277267863973975)
[INFO] 2022-09-30 03:48:32,240 [    train.py:  208]:	('Ner Acc', 0.9998297691345215),  ('CLS Classification Acc', 0.9992678761482239)
[INFO] 2022-09-30 03:48:34,580 [    train.py:  220]:	Evaluate:
[INFO] 2022-09-30 03:48:34,580 [    train.py:  227]:	Loss 0.2496, ('Ner Loss', 0.029884426),  ('CLS Classification Loss', 0.21973951)
[INFO] 2022-09-30 03:48:34,581 [    train.py:  228]:	('Ner Acc', 0.99770486), ('CLS Classification Acc', 0.97481114)
[INFO] 2022-09-30 03:48:43,224 [    train.py:  237]:	Precision 0.517 Recall 0.438 F1 0.474
[INFO] 2022-09-30 03:49:25,345 [    train.py:  185]:	Epoch 62: 
[INFO] 2022-09-30 03:49:25,346 [    train.py:  186]:	Train:
[INFO] 2022-09-30 03:49:25,351 [    train.py:  198]:	Loss 0.0034, ('Ner Loss', 0.0004336728306952864),  ('CLS Classification Loss', 0.0029401693027466536)
[INFO] 2022-09-30 03:49:25,351 [    train.py:  208]:	('Ner Acc', 0.9998114705085754),  ('CLS Classification Acc', 0.9991191029548645)
[INFO] 2022-09-30 03:49:27,752 [    train.py:  220]:	Evaluate:
[INFO] 2022-09-30 03:49:27,752 [    train.py:  227]:	Loss 0.2251, ('Ner Loss', 0.028118867),  ('CLS Classification Loss', 0.19694982)
[INFO] 2022-09-30 03:49:27,753 [    train.py:  228]:	('Ner Acc', 0.9976333), ('CLS Classification Acc', 0.97610563)
[INFO] 2022-09-30 03:49:37,087 [    train.py:  237]:	Precision 0.501 Recall 0.456 F1 0.477
[INFO] 2022-09-30 03:50:21,944 [    train.py:  185]:	Epoch 63: 
[INFO] 2022-09-30 03:50:21,945 [    train.py:  186]:	Train:
[INFO] 2022-09-30 03:50:21,947 [    train.py:  198]:	Loss 0.0030, ('Ner Loss', 0.0005712506244890392),  ('CLS Classification Loss', 0.002427133731544018)
[INFO] 2022-09-30 03:50:21,947 [    train.py:  208]:	('Ner Acc', 0.9997854828834534),  ('CLS Classification Acc', 0.9992184042930603)
[INFO] 2022-09-30 03:50:24,892 [    train.py:  220]:	Evaluate:
[INFO] 2022-09-30 03:50:24,893 [    train.py:  227]:	Loss 0.2470, ('Ner Loss', 0.028537355),  ('CLS Classification Loss', 0.21844482)
[INFO] 2022-09-30 03:50:24,893 [    train.py:  228]:	('Ner Acc', 0.9974277), ('CLS Classification Acc', 0.9743086)
[INFO] 2022-09-30 03:50:34,143 [    train.py:  237]:	Precision 0.444 Recall 0.482 F1 0.462
[INFO] 2022-09-30 03:51:30,445 [    train.py:  185]:	Epoch 64: 
[INFO] 2022-09-30 03:51:30,446 [    train.py:  186]:	Train:
[INFO] 2022-09-30 03:51:30,454 [    train.py:  198]:	Loss 0.0035, ('Ner Loss', 0.0004814392887055874),  ('CLS Classification Loss', 0.003062513656914234)
[INFO] 2022-09-30 03:51:30,454 [    train.py:  208]:	('Ner Acc', 0.999805748462677),  ('CLS Classification Acc', 0.9989455342292786)
[INFO] 2022-09-30 03:51:33,506 [    train.py:  220]:	Evaluate:
[INFO] 2022-09-30 03:51:33,507 [    train.py:  227]:	Loss 0.2318, ('Ner Loss', 0.027714685),  ('CLS Classification Loss', 0.20410764)
[INFO] 2022-09-30 03:51:33,507 [    train.py:  228]:	('Ner Acc', 0.997747), ('CLS Classification Acc', 0.97561836)
[INFO] 2022-09-30 03:51:43,151 [    train.py:  237]:	Precision 0.546 Recall 0.488 F1 0.515
[INFO] 2022-09-30 03:52:40,003 [    train.py:  185]:	Epoch 65: 
[INFO] 2022-09-30 03:52:40,003 [    train.py:  186]:	Train:
[INFO] 2022-09-30 03:52:40,007 [    train.py:  198]:	Loss 0.0032, ('Ner Loss', 0.0004518469504546374),  ('CLS Classification Loss', 0.0027885485906153917)
[INFO] 2022-09-30 03:52:40,007 [    train.py:  208]:	('Ner Acc', 0.9998234510421753),  ('CLS Classification Acc', 0.9991316795349121)
[INFO] 2022-09-30 03:52:43,092 [    train.py:  220]:	Evaluate:
[INFO] 2022-09-30 03:52:43,093 [    train.py:  227]:	Loss 0.2326, ('Ner Loss', 0.028001472),  ('CLS Classification Loss', 0.20455636)
[INFO] 2022-09-30 03:52:43,093 [    train.py:  228]:	('Ner Acc', 0.9977373), ('CLS Classification Acc', 0.9759228)
[INFO] 2022-09-30 03:52:52,130 [    train.py:  237]:	Precision 0.553 Recall 0.456 F1 0.500
[INFO] 2022-09-30 03:53:49,317 [    train.py:  185]:	Epoch 66: 
[INFO] 2022-09-30 03:53:49,318 [    train.py:  186]:	Train:
[INFO] 2022-09-30 03:53:49,320 [    train.py:  198]:	Loss 0.0048, ('Ner Loss', 0.0005799306090921164),  ('CLS Classification Loss', 0.004179290030151606)
[INFO] 2022-09-30 03:53:49,320 [    train.py:  208]:	('Ner Acc', 0.9997847676277161),  ('CLS Classification Acc', 0.9986606240272522)
[INFO] 2022-09-30 03:53:52,426 [    train.py:  220]:	Evaluate:
[INFO] 2022-09-30 03:53:52,427 [    train.py:  227]:	Loss 0.2365, ('Ner Loss', 0.025813624),  ('CLS Classification Loss', 0.21070161)
[INFO] 2022-09-30 03:53:52,427 [    train.py:  228]:	('Ner Acc', 0.99770623), ('CLS Classification Acc', 0.97606)
[INFO] 2022-09-30 03:54:01,629 [    train.py:  237]:	Precision 0.559 Recall 0.458 F1 0.504
[INFO] 2022-09-30 03:54:58,892 [    train.py:  185]:	Epoch 67: 
[INFO] 2022-09-30 03:54:58,893 [    train.py:  186]:	Train:
[INFO] 2022-09-30 03:54:58,898 [    train.py:  198]:	Loss 0.0032, ('Ner Loss', 0.00044150289613753557),  ('CLS Classification Loss', 0.00274798390455544)
[INFO] 2022-09-30 03:54:58,898 [    train.py:  208]:	('Ner Acc', 0.9998281002044678),  ('CLS Classification Acc', 0.9991688132286072)
[INFO] 2022-09-30 03:55:01,940 [    train.py:  220]:	Evaluate:
[INFO] 2022-09-30 03:55:01,941 [    train.py:  227]:	Loss 0.2240, ('Ner Loss', 0.027363159),  ('CLS Classification Loss', 0.1966367)
[INFO] 2022-09-30 03:55:01,941 [    train.py:  228]:	('Ner Acc', 0.99775785), ('CLS Classification Acc', 0.9755573)
[INFO] 2022-09-30 03:55:10,806 [    train.py:  237]:	Precision 0.544 Recall 0.457 F1 0.496
[INFO] 2022-09-30 03:56:07,243 [    train.py:  185]:	Epoch 68: 
[INFO] 2022-09-30 03:56:07,244 [    train.py:  186]:	Train:
[INFO] 2022-09-30 03:56:07,249 [    train.py:  198]:	Loss 0.0016, ('Ner Loss', 0.0003577477764338255),  ('CLS Classification Loss', 0.0012886947952210903)
[INFO] 2022-09-30 03:56:07,249 [    train.py:  208]:	('Ner Acc', 0.999866783618927),  ('CLS Classification Acc', 0.9995409250259399)
[INFO] 2022-09-30 03:56:10,344 [    train.py:  220]:	Evaluate:
[INFO] 2022-09-30 03:56:10,344 [    train.py:  227]:	Loss 0.2425, ('Ner Loss', 0.02776896),  ('CLS Classification Loss', 0.21472394)
[INFO] 2022-09-30 03:56:10,345 [    train.py:  228]:	('Ner Acc', 0.9978217), ('CLS Classification Acc', 0.97510046)
[INFO] 2022-09-30 03:56:19,439 [    train.py:  237]:	Precision 0.544 Recall 0.471 F1 0.505
[INFO] 2022-09-30 03:57:15,894 [    train.py:  185]:	Epoch 69: 
[INFO] 2022-09-30 03:57:15,894 [    train.py:  186]:	Train:
[INFO] 2022-09-30 03:57:15,897 [    train.py:  198]:	Loss 0.0023, ('Ner Loss', 0.0003595094312913716),  ('CLS Classification Loss', 0.0019185905111953616)
[INFO] 2022-09-30 03:57:15,897 [    train.py:  208]:	('Ner Acc', 0.9998573064804077),  ('CLS Classification Acc', 0.999466598033905)
[INFO] 2022-09-30 03:57:18,991 [    train.py:  220]:	Evaluate:
[INFO] 2022-09-30 03:57:18,991 [    train.py:  227]:	Loss 0.2310, ('Ner Loss', 0.026284236),  ('CLS Classification Loss', 0.20473094)
[INFO] 2022-09-30 03:57:18,992 [    train.py:  228]:	('Ner Acc', 0.99782544), ('CLS Classification Acc', 0.97525287)
[INFO] 2022-09-30 03:57:27,980 [    train.py:  237]:	Precision 0.549 Recall 0.482 F1 0.513
[INFO] 2022-09-30 03:58:25,023 [    train.py:  185]:	Epoch 70: 
[INFO] 2022-09-30 03:58:25,023 [    train.py:  186]:	Train:
[INFO] 2022-09-30 03:58:25,030 [    train.py:  198]:	Loss 0.0029, ('Ner Loss', 0.0003259884542785585),  ('CLS Classification Loss', 0.0025283130817115307)
[INFO] 2022-09-30 03:58:25,031 [    train.py:  208]:	('Ner Acc', 0.9998686909675598),  ('CLS Classification Acc', 0.9991440773010254)
[INFO] 2022-09-30 03:58:28,013 [    train.py:  220]:	Evaluate:
[INFO] 2022-09-30 03:58:28,014 [    train.py:  227]:	Loss 0.2316, ('Ner Loss', 0.02676769),  ('CLS Classification Loss', 0.20486738)
[INFO] 2022-09-30 03:58:28,014 [    train.py:  228]:	('Ner Acc', 0.99780786), ('CLS Classification Acc', 0.9732122)
[INFO] 2022-09-30 03:58:37,092 [    train.py:  237]:	Precision 0.524 Recall 0.479 F1 0.501
[INFO] 2022-09-30 03:59:33,760 [    train.py:  185]:	Epoch 71: 
[INFO] 2022-09-30 03:59:33,761 [    train.py:  186]:	Train:
[INFO] 2022-09-30 03:59:33,767 [    train.py:  198]:	Loss 0.0021, ('Ner Loss', 0.00032639302662573755),  ('CLS Classification Loss', 0.0017537613166496158)
[INFO] 2022-09-30 03:59:33,768 [    train.py:  208]:	('Ner Acc', 0.999862790107727),  ('CLS Classification Acc', 0.9994044899940491)
[INFO] 2022-09-30 03:59:36,864 [    train.py:  220]:	Evaluate:
[INFO] 2022-09-30 03:59:36,865 [    train.py:  227]:	Loss 0.2513, ('Ner Loss', 0.027401699),  ('CLS Classification Loss', 0.22386214)
[INFO] 2022-09-30 03:59:36,865 [    train.py:  228]:	('Ner Acc', 0.9977527), ('CLS Classification Acc', 0.9738212)
[INFO] 2022-09-30 03:59:45,962 [    train.py:  237]:	Precision 0.514 Recall 0.514 F1 0.514
[INFO] 2022-09-30 04:00:42,596 [    train.py:  185]:	Epoch 72: 
[INFO] 2022-09-30 04:00:42,596 [    train.py:  186]:	Train:
[INFO] 2022-09-30 04:00:42,601 [    train.py:  198]:	Loss 0.0030, ('Ner Loss', 0.0003990099357906729),  ('CLS Classification Loss', 0.002641571220010519)
[INFO] 2022-09-30 04:00:42,602 [    train.py:  208]:	('Ner Acc', 0.9998356699943542),  ('CLS Classification Acc', 0.999206006526947)
[INFO] 2022-09-30 04:00:45,607 [    train.py:  220]:	Evaluate:
[INFO] 2022-09-30 04:00:45,607 [    train.py:  227]:	Loss 0.2392, ('Ner Loss', 0.025901303),  ('CLS Classification Loss', 0.2133416)
[INFO] 2022-09-30 04:00:45,608 [    train.py:  228]:	('Ner Acc', 0.99778354), ('CLS Classification Acc', 0.9742782)
[INFO] 2022-09-30 04:00:54,413 [    train.py:  237]:	Precision 0.542 Recall 0.470 F1 0.503
[INFO] 2022-09-30 04:01:51,079 [    train.py:  185]:	Epoch 73: 
[INFO] 2022-09-30 04:01:51,080 [    train.py:  186]:	Train:
[INFO] 2022-09-30 04:01:51,083 [    train.py:  198]:	Loss 0.0033, ('Ner Loss', 0.0004073881427757442),  ('CLS Classification Loss', 0.0028726595919579268)
[INFO] 2022-09-30 04:01:51,083 [    train.py:  208]:	('Ner Acc', 0.999832808971405),  ('CLS Classification Acc', 0.9990447163581848)
[INFO] 2022-09-30 04:01:54,115 [    train.py:  220]:	Evaluate:
[INFO] 2022-09-30 04:01:54,116 [    train.py:  227]:	Loss 0.2277, ('Ner Loss', 0.024848774),  ('CLS Classification Loss', 0.20282349)
[INFO] 2022-09-30 04:01:54,116 [    train.py:  228]:	('Ner Acc', 0.9977636), ('CLS Classification Acc', 0.9746741)
[INFO] 2022-09-30 04:02:03,167 [    train.py:  237]:	Precision 0.553 Recall 0.460 F1 0.503
[INFO] 2022-09-30 04:02:59,816 [    train.py:  185]:	Epoch 74: 
[INFO] 2022-09-30 04:02:59,816 [    train.py:  186]:	Train:
[INFO] 2022-09-30 04:02:59,820 [    train.py:  198]:	Loss 0.0023, ('Ner Loss', 0.0002988074265886098),  ('CLS Classification Loss', 0.0020414870232343674)
[INFO] 2022-09-30 04:02:59,820 [    train.py:  208]:	('Ner Acc', 0.9998807907104492),  ('CLS Classification Acc', 0.999317467212677)
[INFO] 2022-09-30 04:03:02,804 [    train.py:  220]:	Evaluate:
[INFO] 2022-09-30 04:03:02,804 [    train.py:  227]:	Loss 0.2364, ('Ner Loss', 0.02668738),  ('CLS Classification Loss', 0.2097299)
[INFO] 2022-09-30 04:03:02,804 [    train.py:  228]:	('Ner Acc', 0.99772245), ('CLS Classification Acc', 0.97540504)
[INFO] 2022-09-30 04:03:12,099 [    train.py:  237]:	Precision 0.554 Recall 0.471 F1 0.509
[INFO] 2022-09-30 04:04:09,324 [    train.py:  185]:	Epoch 75: 
[INFO] 2022-09-30 04:04:09,325 [    train.py:  186]:	Train:
[INFO] 2022-09-30 04:04:09,328 [    train.py:  198]:	Loss 0.0017, ('Ner Loss', 0.0003791741910390556),  ('CLS Classification Loss', 0.0013687823666259646)
[INFO] 2022-09-30 04:04:09,328 [    train.py:  208]:	('Ner Acc', 0.9998561143875122),  ('CLS Classification Acc', 0.9995657801628113)
[INFO] 2022-09-30 04:04:12,227 [    train.py:  220]:	Evaluate:
[INFO] 2022-09-30 04:04:12,228 [    train.py:  227]:	Loss 0.2456, ('Ner Loss', 0.025755858),  ('CLS Classification Loss', 0.2198352)
[INFO] 2022-09-30 04:04:12,228 [    train.py:  228]:	('Ner Acc', 0.9977763), ('CLS Classification Acc', 0.9743848)
[INFO] 2022-09-30 04:04:21,503 [    train.py:  237]:	Precision 0.527 Recall 0.512 F1 0.520
[INFO] 2022-09-30 04:05:18,490 [    train.py:  185]:	Epoch 76: 
[INFO] 2022-09-30 04:05:18,491 [    train.py:  186]:	Train:
[INFO] 2022-09-30 04:05:18,494 [    train.py:  198]:	Loss 0.0020, ('Ner Loss', 0.00024979564477689564),  ('CLS Classification Loss', 0.0017190282233059406)
[INFO] 2022-09-30 04:05:18,494 [    train.py:  208]:	('Ner Acc', 0.9999011158943176),  ('CLS Classification Acc', 0.9994168877601624)
[INFO] 2022-09-30 04:05:21,569 [    train.py:  220]:	Evaluate:
[INFO] 2022-09-30 04:05:21,570 [    train.py:  227]:	Loss 0.2590, ('Ner Loss', 0.027826184),  ('CLS Classification Loss', 0.23119764)
[INFO] 2022-09-30 04:05:21,570 [    train.py:  228]:	('Ner Acc', 0.99777645), ('CLS Classification Acc', 0.97354716)
[INFO] 2022-09-30 04:05:30,734 [    train.py:  237]:	Precision 0.534 Recall 0.459 F1 0.494
[INFO] 2022-09-30 04:06:27,990 [    train.py:  185]:	Epoch 77: 
[INFO] 2022-09-30 04:06:27,990 [    train.py:  186]:	Train:
[INFO] 2022-09-30 04:06:27,994 [    train.py:  198]:	Loss 0.0026, ('Ner Loss', 0.00028793278033845127),  ('CLS Classification Loss', 0.002309903036803007)
[INFO] 2022-09-30 04:06:27,994 [    train.py:  208]:	('Ner Acc', 0.9998839497566223),  ('CLS Classification Acc', 0.9992309808731079)
[INFO] 2022-09-30 04:06:31,123 [    train.py:  220]:	Evaluate:
[INFO] 2022-09-30 04:06:31,123 [    train.py:  227]:	Loss 0.2331, ('Ner Loss', 0.025317943),  ('CLS Classification Loss', 0.20774037)
[INFO] 2022-09-30 04:06:31,123 [    train.py:  228]:	('Ner Acc', 0.9978001), ('CLS Classification Acc', 0.97569436)
[INFO] 2022-09-30 04:06:40,268 [    train.py:  237]:	Precision 0.562 Recall 0.470 F1 0.512
[INFO] 2022-09-30 04:07:36,885 [    train.py:  185]:	Epoch 78: 
[INFO] 2022-09-30 04:07:36,885 [    train.py:  186]:	Train:
[INFO] 2022-09-30 04:07:36,888 [    train.py:  198]:	Loss 0.0017, ('Ner Loss', 0.0002462781558278948),  ('CLS Classification Loss', 0.00144604267552495)
[INFO] 2022-09-30 04:07:36,888 [    train.py:  208]:	('Ner Acc', 0.9999081492424011),  ('CLS Classification Acc', 0.9994789361953735)
[INFO] 2022-09-30 04:07:39,928 [    train.py:  220]:	Evaluate:
[INFO] 2022-09-30 04:07:39,928 [    train.py:  227]:	Loss 0.2648, ('Ner Loss', 0.028251786),  ('CLS Classification Loss', 0.23656921)
[INFO] 2022-09-30 04:07:39,929 [    train.py:  228]:	('Ner Acc', 0.99766463), ('CLS Classification Acc', 0.9740345)
[INFO] 2022-09-30 04:07:49,083 [    train.py:  237]:	Precision 0.531 Recall 0.452 F1 0.488
[INFO] 2022-09-30 04:08:45,905 [    train.py:  185]:	Epoch 79: 
[INFO] 2022-09-30 04:08:45,905 [    train.py:  186]:	Train:
[INFO] 2022-09-30 04:08:45,908 [    train.py:  198]:	Loss 0.0029, ('Ner Loss', 0.00028108234982937574),  ('CLS Classification Loss', 0.0026010654401034117)
[INFO] 2022-09-30 04:08:45,908 [    train.py:  208]:	('Ner Acc', 0.9998816251754761),  ('CLS Classification Acc', 0.9992185235023499)
[INFO] 2022-09-30 04:08:48,999 [    train.py:  220]:	Evaluate:
[INFO] 2022-09-30 04:08:49,000 [    train.py:  227]:	Loss 0.2190, ('Ner Loss', 0.02530924),  ('CLS Classification Loss', 0.19371863)
[INFO] 2022-09-30 04:08:49,000 [    train.py:  228]:	('Ner Acc', 0.9976842), ('CLS Classification Acc', 0.97411066)
[INFO] 2022-09-30 04:08:58,116 [    train.py:  237]:	Precision 0.498 Recall 0.492 F1 0.495
[INFO] 2022-09-30 04:09:55,524 [    train.py:  185]:	Epoch 80: 
[INFO] 2022-09-30 04:09:55,525 [    train.py:  186]:	Train:
[INFO] 2022-09-30 04:09:55,533 [    train.py:  198]:	Loss 0.0032, ('Ner Loss', 0.00031330701312981546),  ('CLS Classification Loss', 0.002915408927947283)
[INFO] 2022-09-30 04:09:55,534 [    train.py:  208]:	('Ner Acc', 0.999875545501709),  ('CLS Classification Acc', 0.9990819692611694)
[INFO] 2022-09-30 04:09:58,503 [    train.py:  220]:	Evaluate:
[INFO] 2022-09-30 04:09:58,503 [    train.py:  227]:	Loss 0.2045, ('Ner Loss', 0.023360878),  ('CLS Classification Loss', 0.18118083)
[INFO] 2022-09-30 04:09:58,503 [    train.py:  228]:	('Ner Acc', 0.99768686), ('CLS Classification Acc', 0.97468936)
[INFO] 2022-09-30 04:10:07,571 [    train.py:  237]:	Precision 0.522 Recall 0.482 F1 0.501
[INFO] 2022-09-30 04:11:04,234 [    train.py:  185]:	Epoch 81: 
[INFO] 2022-09-30 04:11:04,234 [    train.py:  186]:	Train:
[INFO] 2022-09-30 04:11:04,237 [    train.py:  198]:	Loss 0.0037, ('Ner Loss', 0.0002953795774374157),  ('CLS Classification Loss', 0.003361406736075878)
[INFO] 2022-09-30 04:11:04,237 [    train.py:  208]:	('Ner Acc', 0.9998764991760254),  ('CLS Classification Acc', 0.9990944862365723)
[INFO] 2022-09-30 04:11:07,313 [    train.py:  220]:	Evaluate:
[INFO] 2022-09-30 04:11:07,314 [    train.py:  227]:	Loss 0.2385, ('Ner Loss', 0.025585365),  ('CLS Classification Loss', 0.21286711)
[INFO] 2022-09-30 04:11:07,314 [    train.py:  228]:	('Ner Acc', 0.99760103), ('CLS Classification Acc', 0.973471)
[INFO] 2022-09-30 04:11:16,409 [    train.py:  237]:	Precision 0.500 Recall 0.489 F1 0.494
[INFO] 2022-09-30 04:12:12,981 [    train.py:  185]:	Epoch 82: 
[INFO] 2022-09-30 04:12:12,981 [    train.py:  186]:	Train:
[INFO] 2022-09-30 04:12:12,984 [    train.py:  198]:	Loss 0.0019, ('Ner Loss', 0.000235784740652889),  ('CLS Classification Loss', 0.0016588144935667515)
[INFO] 2022-09-30 04:12:12,984 [    train.py:  208]:	('Ner Acc', 0.9998968839645386),  ('CLS Classification Acc', 0.9994417428970337)
[INFO] 2022-09-30 04:12:15,976 [    train.py:  220]:	Evaluate:
[INFO] 2022-09-30 04:12:15,977 [    train.py:  227]:	Loss 0.2476, ('Ner Loss', 0.02563847),  ('CLS Classification Loss', 0.22191517)
[INFO] 2022-09-30 04:12:15,977 [    train.py:  228]:	('Ner Acc', 0.9977961), ('CLS Classification Acc', 0.973471)
[INFO] 2022-09-30 04:12:25,077 [    train.py:  237]:	Precision 0.527 Recall 0.479 F1 0.502
[INFO] 2022-09-30 04:13:21,785 [    train.py:  185]:	Epoch 83: 
[INFO] 2022-09-30 04:13:21,785 [    train.py:  186]:	Train:
[INFO] 2022-09-30 04:13:21,788 [    train.py:  198]:	Loss 0.0023, ('Ner Loss', 0.00022831768728792667),  ('CLS Classification Loss', 0.002099068136885762)
[INFO] 2022-09-30 04:13:21,788 [    train.py:  208]:	('Ner Acc', 0.9999081492424011),  ('CLS Classification Acc', 0.9993425607681274)
[INFO] 2022-09-30 04:13:24,806 [    train.py:  220]:	Evaluate:
[INFO] 2022-09-30 04:13:24,806 [    train.py:  227]:	Loss 0.2540, ('Ner Loss', 0.026673619),  ('CLS Classification Loss', 0.2273083)
[INFO] 2022-09-30 04:13:24,807 [    train.py:  228]:	('Ner Acc', 0.9977875), ('CLS Classification Acc', 0.973136)
[INFO] 2022-09-30 04:13:34,252 [    train.py:  237]:	Precision 0.510 Recall 0.495 F1 0.502
[INFO] 2022-09-30 04:14:31,413 [    train.py:  185]:	Epoch 84: 
[INFO] 2022-09-30 04:14:31,413 [    train.py:  186]:	Train:
[INFO] 2022-09-30 04:14:31,415 [    train.py:  198]:	Loss 0.0015, ('Ner Loss', 0.00021097413264214993),  ('CLS Classification Loss', 0.0012540576281026006)
[INFO] 2022-09-30 04:14:31,415 [    train.py:  208]:	('Ner Acc', 0.999923050403595),  ('CLS Classification Acc', 0.9996153712272644)
[INFO] 2022-09-30 04:14:34,532 [    train.py:  220]:	Evaluate:
[INFO] 2022-09-30 04:14:34,533 [    train.py:  227]:	Loss 0.2618, ('Ner Loss', 0.02714858),  ('CLS Classification Loss', 0.23468141)
[INFO] 2022-09-30 04:14:34,533 [    train.py:  228]:	('Ner Acc', 0.9977863), ('CLS Classification Acc', 0.9747197)
[INFO] 2022-09-30 04:14:43,713 [    train.py:  237]:	Precision 0.548 Recall 0.469 F1 0.505
[INFO] 2022-09-30 04:15:40,872 [    train.py:  185]:	Epoch 85: 
[INFO] 2022-09-30 04:15:40,872 [    train.py:  186]:	Train:
[INFO] 2022-09-30 04:15:40,878 [    train.py:  198]:	Loss 0.0017, ('Ner Loss', 0.0002195901470258832),  ('CLS Classification Loss', 0.0014372003497555852)
[INFO] 2022-09-30 04:15:40,878 [    train.py:  208]:	('Ner Acc', 0.9999173879623413),  ('CLS Classification Acc', 0.9995408058166504)
[INFO] 2022-09-30 04:15:43,960 [    train.py:  220]:	Evaluate:
[INFO] 2022-09-30 04:15:43,961 [    train.py:  227]:	Loss 0.2753, ('Ner Loss', 0.029863006),  ('CLS Classification Loss', 0.24547276)
[INFO] 2022-09-30 04:15:43,961 [    train.py:  228]:	('Ner Acc', 0.997684), ('CLS Classification Acc', 0.9703795)
[INFO] 2022-09-30 04:15:53,063 [    train.py:  237]:	Precision 0.481 Recall 0.473 F1 0.477
[INFO] 2022-09-30 04:16:49,926 [    train.py:  185]:	Epoch 86: 
[INFO] 2022-09-30 04:16:49,927 [    train.py:  186]:	Train:
[INFO] 2022-09-30 04:16:49,929 [    train.py:  198]:	Loss 0.0021, ('Ner Loss', 0.00027740842779166996),  ('CLS Classification Loss', 0.0018223513616248965)
[INFO] 2022-09-30 04:16:49,929 [    train.py:  208]:	('Ner Acc', 0.9999045133590698),  ('CLS Classification Acc', 0.9995534420013428)
[INFO] 2022-09-30 04:16:53,002 [    train.py:  220]:	Evaluate:
[INFO] 2022-09-30 04:16:53,002 [    train.py:  227]:	Loss 0.2436, ('Ner Loss', 0.026696572),  ('CLS Classification Loss', 0.21693178)
[INFO] 2022-09-30 04:16:53,003 [    train.py:  228]:	('Ner Acc', 0.9977147), ('CLS Classification Acc', 0.9732425)
[INFO] 2022-09-30 04:17:02,083 [    train.py:  237]:	Precision 0.512 Recall 0.491 F1 0.501
[INFO] 2022-09-30 04:17:58,637 [    train.py:  185]:	Epoch 87: 
[INFO] 2022-09-30 04:17:58,637 [    train.py:  186]:	Train:
[INFO] 2022-09-30 04:17:58,640 [    train.py:  198]:	Loss 0.0017, ('Ner Loss', 0.00025215680943802),  ('CLS Classification Loss', 0.0014050285099074244)
[INFO] 2022-09-30 04:17:58,640 [    train.py:  208]:	('Ner Acc', 0.999906599521637),  ('CLS Classification Acc', 0.9994914531707764)
[INFO] 2022-09-30 04:18:01,605 [    train.py:  220]:	Evaluate:
[INFO] 2022-09-30 04:18:01,606 [    train.py:  227]:	Loss 0.2439, ('Ner Loss', 0.02576079),  ('CLS Classification Loss', 0.21818058)
[INFO] 2022-09-30 04:18:01,606 [    train.py:  228]:	('Ner Acc', 0.9977276), ('CLS Classification Acc', 0.9746132)
[INFO] 2022-09-30 04:18:10,491 [    train.py:  237]:	Precision 0.530 Recall 0.460 F1 0.493
[INFO] 2022-09-30 04:19:07,270 [    train.py:  185]:	Epoch 88: 
[INFO] 2022-09-30 04:19:07,270 [    train.py:  186]:	Train:
[INFO] 2022-09-30 04:19:07,273 [    train.py:  198]:	Loss 0.0016, ('Ner Loss', 0.00022975927277002484),  ('CLS Classification Loss', 0.0013606721768155694)
[INFO] 2022-09-30 04:19:07,273 [    train.py:  208]:	('Ner Acc', 0.999910295009613),  ('CLS Classification Acc', 0.9995160698890686)
[INFO] 2022-09-30 04:19:10,283 [    train.py:  220]:	Evaluate:
[INFO] 2022-09-30 04:19:10,283 [    train.py:  227]:	Loss 0.2373, ('Ner Loss', 0.024531865),  ('CLS Classification Loss', 0.21279162)
[INFO] 2022-09-30 04:19:10,283 [    train.py:  228]:	('Ner Acc', 0.9977708), ('CLS Classification Acc', 0.97465885)
[INFO] 2022-09-30 04:19:19,364 [    train.py:  237]:	Precision 0.528 Recall 0.472 F1 0.499
[INFO] 2022-09-30 04:20:16,418 [    train.py:  185]:	Epoch 89: 
[INFO] 2022-09-30 04:20:16,418 [    train.py:  186]:	Train:
[INFO] 2022-09-30 04:20:16,424 [    train.py:  198]:	Loss 0.0020, ('Ner Loss', 0.0003131851553916931),  ('CLS Classification Loss', 0.001694976817816496)
[INFO] 2022-09-30 04:20:16,424 [    train.py:  208]:	('Ner Acc', 0.9998917579650879),  ('CLS Classification Acc', 0.9993921518325806)
[INFO] 2022-09-30 04:20:19,488 [    train.py:  220]:	Evaluate:
[INFO] 2022-09-30 04:20:19,488 [    train.py:  227]:	Loss 0.2517, ('Ner Loss', 0.025729766),  ('CLS Classification Loss', 0.22593608)
[INFO] 2022-09-30 04:20:19,488 [    train.py:  228]:	('Ner Acc', 0.9977377), ('CLS Classification Acc', 0.97532886)
[INFO] 2022-09-30 04:20:28,987 [    train.py:  237]:	Precision 0.530 Recall 0.478 F1 0.503
[INFO] 2022-09-30 04:21:26,083 [    train.py:  185]:	Epoch 90: 
[INFO] 2022-09-30 04:21:26,083 [    train.py:  186]:	Train:
[INFO] 2022-09-30 04:21:26,086 [    train.py:  198]:	Loss 0.0011, ('Ner Loss', 0.00023101179976947606),  ('CLS Classification Loss', 0.0009181688074022532)
[INFO] 2022-09-30 04:21:26,086 [    train.py:  208]:	('Ner Acc', 0.9999145269393921),  ('CLS Classification Acc', 0.9997641444206238)
[INFO] 2022-09-30 04:21:29,212 [    train.py:  220]:	Evaluate:
[INFO] 2022-09-30 04:21:29,213 [    train.py:  227]:	Loss 0.2690, ('Ner Loss', 0.028359262),  ('CLS Classification Loss', 0.24061199)
[INFO] 2022-09-30 04:21:29,213 [    train.py:  228]:	('Ner Acc', 0.9976905), ('CLS Classification Acc', 0.97513086)
[INFO] 2022-09-30 04:21:39,059 [    train.py:  237]:	Precision 0.529 Recall 0.463 F1 0.494
[INFO] 2022-09-30 04:22:35,775 [    train.py:  185]:	Epoch 91: 
[INFO] 2022-09-30 04:22:35,776 [    train.py:  186]:	Train:
[INFO] 2022-09-30 04:22:35,783 [    train.py:  198]:	Loss 0.0011, ('Ner Loss', 0.00020801034406758845),  ('CLS Classification Loss', 0.0008463645935989916)
[INFO] 2022-09-30 04:22:35,784 [    train.py:  208]:	('Ner Acc', 0.9999197721481323),  ('CLS Classification Acc', 0.9997146725654602)
[INFO] 2022-09-30 04:22:38,868 [    train.py:  220]:	Evaluate:
[INFO] 2022-09-30 04:22:38,868 [    train.py:  227]:	Loss 0.2872, ('Ner Loss', 0.028300919),  ('CLS Classification Loss', 0.25886402)
[INFO] 2022-09-30 04:22:38,869 [    train.py:  228]:	('Ner Acc', 0.9976589), ('CLS Classification Acc', 0.9732731)
[INFO] 2022-09-30 04:22:47,977 [    train.py:  237]:	Precision 0.491 Recall 0.464 F1 0.477
[INFO] 2022-09-30 04:23:43,902 [    train.py:  185]:	Epoch 92: 
[INFO] 2022-09-30 04:23:43,902 [    train.py:  186]:	Train:
[INFO] 2022-09-30 04:23:43,905 [    train.py:  198]:	Loss 0.0028, ('Ner Loss', 0.0003352986241225153),  ('CLS Classification Loss', 0.0024992439430207014)
[INFO] 2022-09-30 04:23:43,905 [    train.py:  208]:	('Ner Acc', 0.999878466129303),  ('CLS Classification Acc', 0.9992182850837708)
[INFO] 2022-09-30 04:23:46,927 [    train.py:  220]:	Evaluate:
[INFO] 2022-09-30 04:23:46,927 [    train.py:  227]:	Loss 0.2478, ('Ner Loss', 0.025321556),  ('CLS Classification Loss', 0.2224412)
[INFO] 2022-09-30 04:23:46,927 [    train.py:  228]:	('Ner Acc', 0.9977709), ('CLS Classification Acc', 0.973867)
[INFO] 2022-09-30 04:23:56,204 [    train.py:  237]:	Precision 0.530 Recall 0.488 F1 0.508
[INFO] 2022-09-30 04:24:41,181 [    train.py:  185]:	Epoch 93: 
[INFO] 2022-09-30 04:24:41,181 [    train.py:  186]:	Train:
[INFO] 2022-09-30 04:24:41,185 [    train.py:  198]:	Loss 0.0021, ('Ner Loss', 0.00032067421125248075),  ('CLS Classification Loss', 0.0018239227356389165)
[INFO] 2022-09-30 04:24:41,185 [    train.py:  208]:	('Ner Acc', 0.9999148845672607),  ('CLS Classification Acc', 0.999466598033905)
[INFO] 2022-09-30 04:24:43,488 [    train.py:  220]:	Evaluate:
[INFO] 2022-09-30 04:24:43,489 [    train.py:  227]:	Loss 0.2591, ('Ner Loss', 0.025625186),  ('CLS Classification Loss', 0.23348369)
[INFO] 2022-09-30 04:24:43,489 [    train.py:  228]:	('Ner Acc', 0.9977122), ('CLS Classification Acc', 0.9739887)
[INFO] 2022-09-30 04:24:52,401 [    train.py:  237]:	Precision 0.523 Recall 0.466 F1 0.493
[INFO] 2022-09-30 04:25:34,553 [    train.py:  185]:	Epoch 94: 
[INFO] 2022-09-30 04:25:34,554 [    train.py:  186]:	Train:
[INFO] 2022-09-30 04:25:34,561 [    train.py:  198]:	Loss 0.0017, ('Ner Loss', 0.00019334071839693934),  ('CLS Classification Loss', 0.0015325951389968395)
[INFO] 2022-09-30 04:25:34,562 [    train.py:  208]:	('Ner Acc', 0.9999260902404785),  ('CLS Classification Acc', 0.9995781183242798)
[INFO] 2022-09-30 04:25:36,960 [    train.py:  220]:	Evaluate:
[INFO] 2022-09-30 04:25:36,961 [    train.py:  227]:	Loss 0.2254, ('Ner Loss', 0.02406463),  ('CLS Classification Loss', 0.20134856)
[INFO] 2022-09-30 04:25:36,961 [    train.py:  228]:	('Ner Acc', 0.9977879), ('CLS Classification Acc', 0.9737907)
[INFO] 2022-09-30 04:25:45,816 [    train.py:  237]:	Precision 0.545 Recall 0.462 F1 0.500
[INFO] 2022-09-30 04:26:36,114 [    train.py:  185]:	Epoch 95: 
[INFO] 2022-09-30 04:26:36,115 [    train.py:  186]:	Train:
[INFO] 2022-09-30 04:26:36,119 [    train.py:  198]:	Loss 0.0015, ('Ner Loss', 0.00017666324856691062),  ('CLS Classification Loss', 0.001346343895420432)
[INFO] 2022-09-30 04:26:36,119 [    train.py:  208]:	('Ner Acc', 0.9999397397041321),  ('CLS Classification Acc', 0.9996650815010071)
[INFO] 2022-09-30 04:26:39,222 [    train.py:  220]:	Evaluate:
[INFO] 2022-09-30 04:26:39,222 [    train.py:  227]:	Loss 0.2241, ('Ner Loss', 0.024707096),  ('CLS Classification Loss', 0.19937606)
[INFO] 2022-09-30 04:26:39,223 [    train.py:  228]:	('Ner Acc', 0.99785846), ('CLS Classification Acc', 0.9772326)
[INFO] 2022-09-30 04:26:48,301 [    train.py:  237]:	Precision 0.552 Recall 0.492 F1 0.520
[INFO] 2022-09-30 04:27:45,087 [    train.py:  185]:	Epoch 96: 
[INFO] 2022-09-30 04:27:45,087 [    train.py:  186]:	Train:
[INFO] 2022-09-30 04:27:45,089 [    train.py:  198]:	Loss 0.0017, ('Ner Loss', 0.0002629047376103699),  ('CLS Classification Loss', 0.0014340495690703392)
[INFO] 2022-09-30 04:27:45,089 [    train.py:  208]:	('Ner Acc', 0.9999155402183533),  ('CLS Classification Acc', 0.9995781183242798)
[INFO] 2022-09-30 04:27:48,172 [    train.py:  220]:	Evaluate:
[INFO] 2022-09-30 04:27:48,172 [    train.py:  227]:	Loss 0.2426, ('Ner Loss', 0.023542264),  ('CLS Classification Loss', 0.2190753)
[INFO] 2022-09-30 04:27:48,173 [    train.py:  228]:	('Ner Acc', 0.99758106), ('CLS Classification Acc', 0.9738212)
[INFO] 2022-09-30 04:27:57,226 [    train.py:  237]:	Precision 0.518 Recall 0.498 F1 0.508
[INFO] 2022-09-30 04:28:53,915 [    train.py:  185]:	Epoch 97: 
[INFO] 2022-09-30 04:28:53,916 [    train.py:  186]:	Train:
[INFO] 2022-09-30 04:28:53,923 [    train.py:  198]:	Loss 0.0016, ('Ner Loss', 0.00029740616446360946),  ('CLS Classification Loss', 0.0012609291588887572)
[INFO] 2022-09-30 04:28:53,923 [    train.py:  208]:	('Ner Acc', 0.9999052882194519),  ('CLS Classification Acc', 0.999652624130249)
[INFO] 2022-09-30 04:28:57,003 [    train.py:  220]:	Evaluate:
[INFO] 2022-09-30 04:28:57,004 [    train.py:  227]:	Loss 0.2428, ('Ner Loss', 0.023460522),  ('CLS Classification Loss', 0.2193857)
[INFO] 2022-09-30 04:28:57,004 [    train.py:  228]:	('Ner Acc', 0.9976901), ('CLS Classification Acc', 0.9730446)
[INFO] 2022-09-30 04:29:06,047 [    train.py:  237]:	Precision 0.511 Recall 0.482 F1 0.496
[INFO] 2022-09-30 04:30:02,774 [    train.py:  185]:	Epoch 98: 
[INFO] 2022-09-30 04:30:02,774 [    train.py:  186]:	Train:
[INFO] 2022-09-30 04:30:02,778 [    train.py:  198]:	Loss 0.0013, ('Ner Loss', 0.0001918162015499547),  ('CLS Classification Loss', 0.0011009543668478727)
[INFO] 2022-09-30 04:30:02,778 [    train.py:  208]:	('Ner Acc', 0.9999354481697083),  ('CLS Classification Acc', 0.9996649622917175)
[INFO] 2022-09-30 04:30:05,862 [    train.py:  220]:	Evaluate:
[INFO] 2022-09-30 04:30:05,862 [    train.py:  227]:	Loss 0.2485, ('Ner Loss', 0.02409253),  ('CLS Classification Loss', 0.22444329)
[INFO] 2022-09-30 04:30:05,863 [    train.py:  228]:	('Ner Acc', 0.9978218), ('CLS Classification Acc', 0.9734557)
[INFO] 2022-09-30 04:30:15,310 [    train.py:  237]:	Precision 0.535 Recall 0.457 F1 0.493
[INFO] 2022-09-30 04:31:11,729 [    train.py:  185]:	Epoch 99: 
[INFO] 2022-09-30 04:31:11,729 [    train.py:  186]:	Train:
[INFO] 2022-09-30 04:31:11,732 [    train.py:  198]:	Loss 0.0022, ('Ner Loss', 0.00022304691083263606),  ('CLS Classification Loss', 0.0020128614269196987)
[INFO] 2022-09-30 04:31:11,732 [    train.py:  208]:	('Ner Acc', 0.9999196529388428),  ('CLS Classification Acc', 0.9994912147521973)
[INFO] 2022-09-30 04:31:14,752 [    train.py:  220]:	Evaluate:
[INFO] 2022-09-30 04:31:14,752 [    train.py:  227]:	Loss 0.2544, ('Ner Loss', 0.025516741),  ('CLS Classification Loss', 0.2289216)
[INFO] 2022-09-30 04:31:14,753 [    train.py:  228]:	('Ner Acc', 0.9977398), ('CLS Classification Acc', 0.97450656)
[INFO] 2022-09-30 04:31:23,810 [    train.py:  237]:	Precision 0.541 Recall 0.451 F1 0.492
[INFO] 2022-09-30 04:32:20,531 [    train.py:  185]:	Epoch 100: 
[INFO] 2022-09-30 04:32:20,532 [    train.py:  186]:	Train:
[INFO] 2022-09-30 04:32:20,536 [    train.py:  198]:	Loss 0.0008, ('Ner Loss', 0.00014560724957846105),  ('CLS Classification Loss', 0.0006778020178899169)
[INFO] 2022-09-30 04:32:20,536 [    train.py:  208]:	('Ner Acc', 0.9999488592147827),  ('CLS Classification Acc', 0.9997889995574951)
[INFO] 2022-09-30 04:32:23,513 [    train.py:  220]:	Evaluate:
[INFO] 2022-09-30 04:32:23,513 [    train.py:  227]:	Loss 0.2758, ('Ner Loss', 0.028201476),  ('CLS Classification Loss', 0.24756464)
[INFO] 2022-09-30 04:32:23,514 [    train.py:  228]:	('Ner Acc', 0.9977451), ('CLS Classification Acc', 0.9732578)
[INFO] 2022-09-30 04:32:32,495 [    train.py:  237]:	Precision 0.523 Recall 0.464 F1 0.492
[INFO] 2022-09-30 04:32:32,495 [    train.py:  257]:	Best Epoch 95; Best f1 0.5203252032520326 precision 0.5517241379310345 recall 0.49230769230769234;
