[INFO] 2022-09-12 02:31:00,103 [    train.py:  505]:	Namespace(block_att_head_num=1, cased=True, d_block=256, data_aug=2, dataset='res15', do_test=True, do_train=True, do_valid=True, drop_null_data=True, dropout_rate=0.3, epochs=100, extra_attention=True, fuse_strategy='update', init_model_dir='', language='en', loss_ratio=1.0, lr=5e-05, mask_sb=True, model_type='end_to_end', output_dir='./output', save_dir='', task_name='ttee_res15_100epoch_256d_2aug_5e-5lr_cased_0.3dropout_dropnull_1loss', test_batch_size=32, train_batch_size=16, valid_freq=1)
[INFO] 2022-09-12 02:31:11,960 [    train.py:  118]:	{'init_bert_model': 'bert-base-cased', 'sentence_b': DictWrapper({'texts': ListWrapper(['general of ambience', 'price of drinks', 'quality of drinks', 'style options of drinks', 'prices of food', 'quality of food', 'style options of food', 'general of location', 'general of restaurant', 'miscellaneous of restaurant', 'prices of restaurant', 'general of service']), 'sentiments': ListWrapper(['negative', 'neutral', 'positive'])}), 'num_sentiment_classes': 3, 'subblock_hidden_size': 256, 'subblock_head_num': 1, 'cache_dir': 'bert_models/bert-base-cased', 'fuse_strategy': 'update', 'extra_attention': True, 'dropout': 0.3, 'loss_ratio': 1.0}
[INFO] 2022-09-12 02:31:11,961 [    train.py:  120]:	Number of Train Sentence: 1120
[INFO] 2022-09-12 02:31:11,970 [    train.py:  522]:	Data augment: Merge 2 train data together
[INFO] 2022-09-12 02:32:24,192 [    train.py:  184]:	Epoch 1: 
[INFO] 2022-09-12 02:32:24,193 [    train.py:  185]:	Train:
[INFO] 2022-09-12 02:32:24,202 [    train.py:  197]:	Loss 0.2992, ('Ner Loss', 0.06412304937839508),  ('CLS Classification Loss', 0.23504333198070526)
[INFO] 2022-09-12 02:32:24,202 [    train.py:  207]:	('Ner Acc', 0.9859692454338074),  ('CLS Classification Acc', 0.9268973469734192)
[INFO] 2022-09-12 02:32:29,517 [    train.py:  219]:	Evaluate:
[INFO] 2022-09-12 02:32:29,519 [    train.py:  226]:	Loss 0.1778, ('Ner Loss', 0.025237022),  ('CLS Classification Loss', 0.15252483)
[INFO] 2022-09-12 02:32:29,519 [    train.py:  227]:	('Ner Acc', 0.99684906), ('CLS Classification Acc', 0.9626584)
[INFO] 2022-09-12 02:32:45,108 [    train.py:  236]:	Precision 0.000 Recall 0.000 F1 0.000
[INFO] 2022-09-12 02:33:25,903 [    train.py:  184]:	Epoch 2: 
[INFO] 2022-09-12 02:33:25,903 [    train.py:  185]:	Train:
[INFO] 2022-09-12 02:33:25,907 [    train.py:  197]:	Loss 0.2122, ('Ner Loss', 0.028543489053845406),  ('CLS Classification Loss', 0.1836702823638916)
[INFO] 2022-09-12 02:33:25,907 [    train.py:  207]:	('Ner Acc', 0.9961363673210144),  ('CLS Classification Acc', 0.9366815686225891)
[INFO] 2022-09-12 02:33:28,209 [    train.py:  219]:	Evaluate:
[INFO] 2022-09-12 02:33:28,210 [    train.py:  226]:	Loss 0.1657, ('Ner Loss', 0.019615052),  ('CLS Classification Loss', 0.14610986)
[INFO] 2022-09-12 02:33:28,210 [    train.py:  227]:	('Ner Acc', 0.99689984), ('CLS Classification Acc', 0.96297824)
[INFO] 2022-09-12 02:33:41,256 [    train.py:  236]:	Precision 0.094 Recall 0.006 F1 0.011
[INFO] 2022-09-12 02:34:21,752 [    train.py:  184]:	Epoch 3: 
[INFO] 2022-09-12 02:34:21,753 [    train.py:  185]:	Train:
[INFO] 2022-09-12 02:34:21,757 [    train.py:  197]:	Loss 0.1967, ('Ner Loss', 0.02388124354183674),  ('CLS Classification Loss', 0.17277151346206665)
[INFO] 2022-09-12 02:34:21,757 [    train.py:  207]:	('Ner Acc', 0.9961259961128235),  ('CLS Classification Acc', 0.9393848776817322)
[INFO] 2022-09-12 02:34:24,049 [    train.py:  219]:	Evaluate:
[INFO] 2022-09-12 02:34:24,050 [    train.py:  226]:	Loss 0.1470, ('Ner Loss', 0.016320035),  ('CLS Classification Loss', 0.13064788)
[INFO] 2022-09-12 02:34:24,050 [    train.py:  227]:	('Ner Acc', 0.99689984), ('CLS Classification Acc', 0.96302384)
[INFO] 2022-09-12 02:34:37,109 [    train.py:  236]:	Precision 0.100 Recall 0.001 F1 0.002
[INFO] 2022-09-12 02:35:17,730 [    train.py:  184]:	Epoch 4: 
[INFO] 2022-09-12 02:35:17,730 [    train.py:  185]:	Train:
[INFO] 2022-09-12 02:35:17,733 [    train.py:  197]:	Loss 0.1836, ('Ner Loss', 0.019750958308577538),  ('CLS Classification Loss', 0.1638183295726776)
[INFO] 2022-09-12 02:35:17,733 [    train.py:  207]:	('Ner Acc', 0.9960289001464844),  ('CLS Classification Acc', 0.9431796669960022)
[INFO] 2022-09-12 02:35:20,014 [    train.py:  219]:	Evaluate:
[INFO] 2022-09-12 02:35:20,014 [    train.py:  226]:	Loss 0.1428, ('Ner Loss', 0.015095122),  ('CLS Classification Loss', 0.12767616)
[INFO] 2022-09-12 02:35:20,015 [    train.py:  227]:	('Ner Acc', 0.99697024), ('CLS Classification Acc', 0.96393764)
[INFO] 2022-09-12 02:35:32,843 [    train.py:  236]:	Precision 0.248 Recall 0.045 F1 0.076
[INFO] 2022-09-12 02:36:13,736 [    train.py:  184]:	Epoch 5: 
[INFO] 2022-09-12 02:36:13,736 [    train.py:  185]:	Train:
[INFO] 2022-09-12 02:36:13,743 [    train.py:  197]:	Loss 0.1765, ('Ner Loss', 0.017571747303009033),  ('CLS Classification Loss', 0.1588909775018692)
[INFO] 2022-09-12 02:36:13,743 [    train.py:  207]:	('Ner Acc', 0.9960139393806458),  ('CLS Classification Acc', 0.9448785781860352)
[INFO] 2022-09-12 02:36:16,020 [    train.py:  219]:	Evaluate:
[INFO] 2022-09-12 02:36:16,021 [    train.py:  226]:	Loss 0.1491, ('Ner Loss', 0.014283352),  ('CLS Classification Loss', 0.13484395)
[INFO] 2022-09-12 02:36:16,021 [    train.py:  227]:	('Ner Acc', 0.99692917), ('CLS Classification Acc', 0.96293247)
[INFO] 2022-09-12 02:36:28,544 [    train.py:  236]:	Precision 0.357 Recall 0.006 F1 0.012
[INFO] 2022-09-12 02:37:09,321 [    train.py:  184]:	Epoch 6: 
[INFO] 2022-09-12 02:37:09,322 [    train.py:  185]:	Train:
[INFO] 2022-09-12 02:37:09,328 [    train.py:  197]:	Loss 0.1685, ('Ner Loss', 0.016061648726463318),  ('CLS Classification Loss', 0.1524728536605835)
[INFO] 2022-09-12 02:37:09,329 [    train.py:  207]:	('Ner Acc', 0.9960177540779114),  ('CLS Classification Acc', 0.9458826184272766)
[INFO] 2022-09-12 02:37:11,630 [    train.py:  219]:	Evaluate:
[INFO] 2022-09-12 02:37:11,630 [    train.py:  226]:	Loss 0.1409, ('Ner Loss', 0.015187128),  ('CLS Classification Loss', 0.12573682)
[INFO] 2022-09-12 02:37:11,630 [    train.py:  227]:	('Ner Acc', 0.9967874), ('CLS Classification Acc', 0.9628868)
[INFO] 2022-09-12 02:37:24,012 [    train.py:  236]:	Precision 0.037 Recall 0.002 F1 0.004
[INFO] 2022-09-12 02:38:04,680 [    train.py:  184]:	Epoch 7: 
[INFO] 2022-09-12 02:38:04,681 [    train.py:  185]:	Train:
[INFO] 2022-09-12 02:38:04,686 [    train.py:  197]:	Loss 0.1620, ('Ner Loss', 0.014958582818508148),  ('CLS Classification Loss', 0.14701825380325317)
[INFO] 2022-09-12 02:38:04,686 [    train.py:  207]:	('Ner Acc', 0.9961036443710327),  ('CLS Classification Acc', 0.9471849799156189)
[INFO] 2022-09-12 02:38:06,981 [    train.py:  219]:	Evaluate:
[INFO] 2022-09-12 02:38:06,981 [    train.py:  226]:	Loss 0.1328, ('Ner Loss', 0.013881401),  ('CLS Classification Loss', 0.11894605)
[INFO] 2022-09-12 02:38:06,982 [    train.py:  227]:	('Ner Acc', 0.99715644), ('CLS Classification Acc', 0.9644401)
[INFO] 2022-09-12 02:38:19,507 [    train.py:  236]:	Precision 0.264 Recall 0.050 F1 0.084
[INFO] 2022-09-12 02:39:00,131 [    train.py:  184]:	Epoch 8: 
[INFO] 2022-09-12 02:39:00,132 [    train.py:  185]:	Train:
[INFO] 2022-09-12 02:39:00,138 [    train.py:  197]:	Loss 0.1466, ('Ner Loss', 0.013146691024303436),  ('CLS Classification Loss', 0.13344474136829376)
[INFO] 2022-09-12 02:39:00,138 [    train.py:  207]:	('Ner Acc', 0.9965170621871948),  ('CLS Classification Acc', 0.949999988079071)
[INFO] 2022-09-12 02:39:02,452 [    train.py:  219]:	Evaluate:
[INFO] 2022-09-12 02:39:02,453 [    train.py:  226]:	Loss 0.1256, ('Ner Loss', 0.013700453),  ('CLS Classification Loss', 0.11189848)
[INFO] 2022-09-12 02:39:02,453 [    train.py:  227]:	('Ner Acc', 0.99695575), ('CLS Classification Acc', 0.9664961)
[INFO] 2022-09-12 02:39:15,051 [    train.py:  236]:	Precision 0.359 Recall 0.149 F1 0.211
[INFO] 2022-09-12 02:39:55,712 [    train.py:  184]:	Epoch 9: 
[INFO] 2022-09-12 02:39:55,712 [    train.py:  185]:	Train:
[INFO] 2022-09-12 02:39:55,718 [    train.py:  197]:	Loss 0.1343, ('Ner Loss', 0.01182911079376936),  ('CLS Classification Loss', 0.1224948987364769)
[INFO] 2022-09-12 02:39:55,718 [    train.py:  207]:	('Ner Acc', 0.9966878890991211),  ('CLS Classification Acc', 0.9534846544265747)
[INFO] 2022-09-12 02:39:58,019 [    train.py:  219]:	Evaluate:
[INFO] 2022-09-12 02:39:58,019 [    train.py:  226]:	Loss 0.1293, ('Ner Loss', 0.013417996),  ('CLS Classification Loss', 0.11588287)
[INFO] 2022-09-12 02:39:58,020 [    train.py:  227]:	('Ner Acc', 0.99689263), ('CLS Classification Acc', 0.96663314)
[INFO] 2022-09-12 02:40:10,691 [    train.py:  236]:	Precision 0.367 Recall 0.147 F1 0.210
[INFO] 2022-09-12 02:40:51,306 [    train.py:  184]:	Epoch 10: 
[INFO] 2022-09-12 02:40:51,307 [    train.py:  185]:	Train:
[INFO] 2022-09-12 02:40:51,314 [    train.py:  197]:	Loss 0.1192, ('Ner Loss', 0.01023643184453249),  ('CLS Classification Loss', 0.10893658548593521)
[INFO] 2022-09-12 02:40:51,314 [    train.py:  207]:	('Ner Acc', 0.9970992207527161),  ('CLS Classification Acc', 0.957899272441864)
[INFO] 2022-09-12 02:40:53,611 [    train.py:  219]:	Evaluate:
[INFO] 2022-09-12 02:40:53,612 [    train.py:  226]:	Loss 0.1234, ('Ner Loss', 0.0122477),  ('CLS Classification Loss', 0.11114179)
[INFO] 2022-09-12 02:40:53,612 [    train.py:  227]:	('Ner Acc', 0.99730474), ('CLS Classification Acc', 0.967821)
[INFO] 2022-09-12 02:41:06,207 [    train.py:  236]:	Precision 0.500 Recall 0.209 F1 0.295
[INFO] 2022-09-12 02:41:46,987 [    train.py:  184]:	Epoch 11: 
[INFO] 2022-09-12 02:41:46,988 [    train.py:  185]:	Train:
[INFO] 2022-09-12 02:41:46,992 [    train.py:  197]:	Loss 0.1071, ('Ner Loss', 0.008940606378018856),  ('CLS Classification Loss', 0.09815342724323273)
[INFO] 2022-09-12 02:41:46,992 [    train.py:  207]:	('Ner Acc', 0.9973580241203308),  ('CLS Classification Acc', 0.9633804559707642)
[INFO] 2022-09-12 02:41:49,249 [    train.py:  219]:	Evaluate:
[INFO] 2022-09-12 02:41:49,250 [    train.py:  226]:	Loss 0.1210, ('Ner Loss', 0.013764157),  ('CLS Classification Loss', 0.10722139)
[INFO] 2022-09-12 02:41:49,250 [    train.py:  227]:	('Ner Acc', 0.99643147), ('CLS Classification Acc', 0.96957237)
[INFO] 2022-09-12 02:42:01,702 [    train.py:  236]:	Precision 0.369 Recall 0.366 F1 0.367
[INFO] 2022-09-12 02:42:42,299 [    train.py:  184]:	Epoch 12: 
[INFO] 2022-09-12 02:42:42,300 [    train.py:  185]:	Train:
[INFO] 2022-09-12 02:42:42,305 [    train.py:  197]:	Loss 0.0989, ('Ner Loss', 0.008031606674194336),  ('CLS Classification Loss', 0.09086139500141144)
[INFO] 2022-09-12 02:42:42,306 [    train.py:  207]:	('Ner Acc', 0.9975600242614746),  ('CLS Classification Acc', 0.9655383229255676)
[INFO] 2022-09-12 02:42:44,587 [    train.py:  219]:	Evaluate:
[INFO] 2022-09-12 02:42:44,588 [    train.py:  226]:	Loss 0.1267, ('Ner Loss', 0.013620392),  ('CLS Classification Loss', 0.1130436)
[INFO] 2022-09-12 02:42:44,588 [    train.py:  227]:	('Ner Acc', 0.99715555), ('CLS Classification Acc', 0.9695267)
[INFO] 2022-09-12 02:42:56,979 [    train.py:  236]:	Precision 0.402 Recall 0.253 F1 0.311
[INFO] 2022-09-12 02:43:37,799 [    train.py:  184]:	Epoch 13: 
[INFO] 2022-09-12 02:43:37,799 [    train.py:  185]:	Train:
[INFO] 2022-09-12 02:43:37,804 [    train.py:  197]:	Loss 0.0869, ('Ner Loss', 0.007170072756707668),  ('CLS Classification Loss', 0.07972634583711624)
[INFO] 2022-09-12 02:43:37,804 [    train.py:  207]:	('Ner Acc', 0.9977176189422607),  ('CLS Classification Acc', 0.9695932865142822)
[INFO] 2022-09-12 02:43:40,080 [    train.py:  219]:	Evaluate:
[INFO] 2022-09-12 02:43:40,080 [    train.py:  226]:	Loss 0.1357, ('Ner Loss', 0.015536737),  ('CLS Classification Loss', 0.12018413)
[INFO] 2022-09-12 02:43:40,081 [    train.py:  227]:	('Ner Acc', 0.9967141), ('CLS Classification Acc', 0.9704251)
[INFO] 2022-09-12 02:43:52,609 [    train.py:  236]:	Precision 0.376 Recall 0.391 F1 0.383
[INFO] 2022-09-12 02:44:33,155 [    train.py:  184]:	Epoch 14: 
[INFO] 2022-09-12 02:44:33,156 [    train.py:  185]:	Train:
[INFO] 2022-09-12 02:44:33,163 [    train.py:  197]:	Loss 0.0911, ('Ner Loss', 0.009090987034142017),  ('CLS Classification Loss', 0.08202702552080154)
[INFO] 2022-09-12 02:44:33,163 [    train.py:  207]:	('Ner Acc', 0.9976159334182739),  ('CLS Classification Acc', 0.97093266248703)
[INFO] 2022-09-12 02:44:35,460 [    train.py:  219]:	Evaluate:
[INFO] 2022-09-12 02:44:35,460 [    train.py:  226]:	Loss 0.1622, ('Ner Loss', 0.015675467),  ('CLS Classification Loss', 0.14650747)
[INFO] 2022-09-12 02:44:35,461 [    train.py:  227]:	('Ner Acc', 0.9970442), ('CLS Classification Acc', 0.97144556)
[INFO] 2022-09-12 02:44:48,003 [    train.py:  236]:	Precision 0.454 Recall 0.374 F1 0.410
[INFO] 2022-09-12 02:45:28,523 [    train.py:  184]:	Epoch 15: 
[INFO] 2022-09-12 02:45:28,523 [    train.py:  185]:	Train:
[INFO] 2022-09-12 02:45:28,526 [    train.py:  197]:	Loss 0.0677, ('Ner Loss', 0.005837551783770323),  ('CLS Classification Loss', 0.06184611842036247)
[INFO] 2022-09-12 02:45:28,526 [    train.py:  207]:	('Ner Acc', 0.998138427734375),  ('CLS Classification Acc', 0.977343738079071)
[INFO] 2022-09-12 02:45:30,865 [    train.py:  219]:	Evaluate:
[INFO] 2022-09-12 02:45:30,866 [    train.py:  226]:	Loss 0.1318, ('Ner Loss', 0.01454603),  ('CLS Classification Loss', 0.117223516)
[INFO] 2022-09-12 02:45:30,866 [    train.py:  227]:	('Ner Acc', 0.99732107), ('CLS Classification Acc', 0.9735777)
[INFO] 2022-09-12 02:45:43,784 [    train.py:  236]:	Precision 0.508 Recall 0.407 F1 0.452
[INFO] 2022-09-12 02:46:24,471 [    train.py:  184]:	Epoch 16: 
[INFO] 2022-09-12 02:46:24,472 [    train.py:  185]:	Train:
[INFO] 2022-09-12 02:46:24,477 [    train.py:  197]:	Loss 0.0582, ('Ner Loss', 0.0050568534061312675),  ('CLS Classification Loss', 0.053130846470594406)
[INFO] 2022-09-12 02:46:24,477 [    train.py:  207]:	('Ner Acc', 0.9983199238777161),  ('CLS Classification Acc', 0.9796008467674255)
[INFO] 2022-09-12 02:46:26,748 [    train.py:  219]:	Evaluate:
[INFO] 2022-09-12 02:46:26,749 [    train.py:  226]:	Loss 0.1519, ('Ner Loss', 0.01629831),  ('CLS Classification Loss', 0.13562207)
[INFO] 2022-09-12 02:46:26,749 [    train.py:  227]:	('Ner Acc', 0.9972515), ('CLS Classification Acc', 0.9739888)
[INFO] 2022-09-12 02:46:39,463 [    train.py:  236]:	Precision 0.480 Recall 0.440 F1 0.459
[INFO] 2022-09-12 02:47:20,371 [    train.py:  184]:	Epoch 17: 
[INFO] 2022-09-12 02:47:20,372 [    train.py:  185]:	Train:
[INFO] 2022-09-12 02:47:20,374 [    train.py:  197]:	Loss 0.0508, ('Ner Loss', 0.004523530136793852),  ('CLS Classification Loss', 0.046312227845191956)
[INFO] 2022-09-12 02:47:20,375 [    train.py:  207]:	('Ner Acc', 0.998500406742096),  ('CLS Classification Acc', 0.9820560812950134)
[INFO] 2022-09-12 02:47:22,677 [    train.py:  219]:	Evaluate:
[INFO] 2022-09-12 02:47:22,678 [    train.py:  226]:	Loss 0.1487, ('Ner Loss', 0.016455144),  ('CLS Classification Loss', 0.13227515)
[INFO] 2022-09-12 02:47:22,678 [    train.py:  227]:	('Ner Acc', 0.9973928), ('CLS Classification Acc', 0.97336435)
[INFO] 2022-09-12 02:47:36,696 [    train.py:  236]:	Precision 0.486 Recall 0.434 F1 0.459
[INFO] 2022-09-12 02:48:17,670 [    train.py:  184]:	Epoch 18: 
[INFO] 2022-09-12 02:48:17,670 [    train.py:  185]:	Train:
[INFO] 2022-09-12 02:48:17,675 [    train.py:  197]:	Loss 0.0436, ('Ner Loss', 0.004064659122377634),  ('CLS Classification Loss', 0.03949594870209694)
[INFO] 2022-09-12 02:48:17,675 [    train.py:  207]:	('Ner Acc', 0.9986440539360046),  ('CLS Classification Acc', 0.984647810459137)
[INFO] 2022-09-12 02:48:19,951 [    train.py:  219]:	Evaluate:
[INFO] 2022-09-12 02:48:19,951 [    train.py:  226]:	Loss 0.1619, ('Ner Loss', 0.016372705),  ('CLS Classification Loss', 0.14552192)
[INFO] 2022-09-12 02:48:19,951 [    train.py:  227]:	('Ner Acc', 0.9964881), ('CLS Classification Acc', 0.9751311)
[INFO] 2022-09-12 02:48:32,498 [    train.py:  236]:	Precision 0.406 Recall 0.465 F1 0.434
[INFO] 2022-09-12 02:49:13,125 [    train.py:  184]:	Epoch 19: 
[INFO] 2022-09-12 02:49:13,126 [    train.py:  185]:	Train:
[INFO] 2022-09-12 02:49:13,129 [    train.py:  197]:	Loss 0.0430, ('Ner Loss', 0.003855624468997121),  ('CLS Classification Loss', 0.03912331536412239)
[INFO] 2022-09-12 02:49:13,129 [    train.py:  207]:	('Ner Acc', 0.9987167119979858),  ('CLS Classification Acc', 0.984771728515625)
[INFO] 2022-09-12 02:49:15,410 [    train.py:  219]:	Evaluate:
[INFO] 2022-09-12 02:49:15,411 [    train.py:  226]:	Loss 0.1564, ('Ner Loss', 0.015339118),  ('CLS Classification Loss', 0.14108506)
[INFO] 2022-09-12 02:49:15,411 [    train.py:  227]:	('Ner Acc', 0.9970935), ('CLS Classification Acc', 0.9721003)
[INFO] 2022-09-12 02:49:27,940 [    train.py:  236]:	Precision 0.437 Recall 0.470 F1 0.453
[INFO] 2022-09-12 02:50:09,319 [    train.py:  184]:	Epoch 20: 
[INFO] 2022-09-12 02:50:09,319 [    train.py:  185]:	Train:
[INFO] 2022-09-12 02:50:09,322 [    train.py:  197]:	Loss 0.0385, ('Ner Loss', 0.0037062624469399452),  ('CLS Classification Loss', 0.03481040149927139)
[INFO] 2022-09-12 02:50:09,323 [    train.py:  207]:	('Ner Acc', 0.9987332820892334),  ('CLS Classification Acc', 0.9865451455116272)
[INFO] 2022-09-12 02:50:11,644 [    train.py:  219]:	Evaluate:
[INFO] 2022-09-12 02:50:11,645 [    train.py:  226]:	Loss 0.1595, ('Ner Loss', 0.017226128),  ('CLS Classification Loss', 0.14225131)
[INFO] 2022-09-12 02:50:11,646 [    train.py:  227]:	('Ner Acc', 0.99745256), ('CLS Classification Acc', 0.9745371)
[INFO] 2022-09-12 02:50:25,692 [    train.py:  236]:	Precision 0.488 Recall 0.439 F1 0.462
[INFO] 2022-09-12 02:51:06,653 [    train.py:  184]:	Epoch 21: 
[INFO] 2022-09-12 02:51:06,654 [    train.py:  185]:	Train:
[INFO] 2022-09-12 02:51:06,660 [    train.py:  197]:	Loss 0.0338, ('Ner Loss', 0.0034038429148495197),  ('CLS Classification Loss', 0.030368933454155922)
[INFO] 2022-09-12 02:51:06,660 [    train.py:  207]:	('Ner Acc', 0.9987992644309998),  ('CLS Classification Acc', 0.987896740436554)
[INFO] 2022-09-12 02:51:08,933 [    train.py:  219]:	Evaluate:
[INFO] 2022-09-12 02:51:08,934 [    train.py:  226]:	Loss 0.1944, ('Ner Loss', 0.018204007),  ('CLS Classification Loss', 0.17615417)
[INFO] 2022-09-12 02:51:08,934 [    train.py:  227]:	('Ner Acc', 0.99742466), ('CLS Classification Acc', 0.97290754)
[INFO] 2022-09-12 02:51:21,812 [    train.py:  236]:	Precision 0.474 Recall 0.462 F1 0.468
[INFO] 2022-09-12 02:52:03,300 [    train.py:  184]:	Epoch 22: 
[INFO] 2022-09-12 02:52:03,301 [    train.py:  185]:	Train:
[INFO] 2022-09-12 02:52:03,308 [    train.py:  197]:	Loss 0.0301, ('Ner Loss', 0.0029159164987504482),  ('CLS Classification Loss', 0.027225008234381676)
[INFO] 2022-09-12 02:52:03,308 [    train.py:  207]:	('Ner Acc', 0.9990026354789734),  ('CLS Classification Acc', 0.989781379699707)
[INFO] 2022-09-12 02:52:05,598 [    train.py:  219]:	Evaluate:
[INFO] 2022-09-12 02:52:05,598 [    train.py:  226]:	Loss 0.1718, ('Ner Loss', 0.019141076),  ('CLS Classification Loss', 0.15267792)
[INFO] 2022-09-12 02:52:05,598 [    train.py:  227]:	('Ner Acc', 0.9969017), ('CLS Classification Acc', 0.97395825)
[INFO] 2022-09-12 02:52:18,768 [    train.py:  236]:	Precision 0.419 Recall 0.465 F1 0.441
[INFO] 2022-09-12 02:53:00,073 [    train.py:  184]:	Epoch 23: 
[INFO] 2022-09-12 02:53:00,074 [    train.py:  185]:	Train:
[INFO] 2022-09-12 02:53:00,081 [    train.py:  197]:	Loss 0.0260, ('Ner Loss', 0.0026228970382362604),  ('CLS Classification Loss', 0.023424021899700165)
[INFO] 2022-09-12 02:53:00,082 [    train.py:  207]:	('Ner Acc', 0.9990608096122742),  ('CLS Classification Acc', 0.9909720420837402)
[INFO] 2022-09-12 02:53:02,401 [    train.py:  219]:	Evaluate:
[INFO] 2022-09-12 02:53:02,402 [    train.py:  226]:	Loss 0.1751, ('Ner Loss', 0.019814655),  ('CLS Classification Loss', 0.1552984)
[INFO] 2022-09-12 02:53:02,402 [    train.py:  227]:	('Ner Acc', 0.9974046), ('CLS Classification Acc', 0.97327304)
[INFO] 2022-09-12 02:53:15,317 [    train.py:  236]:	Precision 0.491 Recall 0.462 F1 0.476
[INFO] 2022-09-12 02:53:56,455 [    train.py:  184]:	Epoch 24: 
[INFO] 2022-09-12 02:53:56,455 [    train.py:  185]:	Train:
[INFO] 2022-09-12 02:53:56,459 [    train.py:  197]:	Loss 0.0238, ('Ner Loss', 0.0023035225458443165),  ('CLS Classification Loss', 0.021477967500686646)
[INFO] 2022-09-12 02:53:56,459 [    train.py:  207]:	('Ner Acc', 0.9991618394851685),  ('CLS Classification Acc', 0.9919518828392029)
[INFO] 2022-09-12 02:53:58,734 [    train.py:  219]:	Evaluate:
[INFO] 2022-09-12 02:53:58,734 [    train.py:  226]:	Loss 0.1911, ('Ner Loss', 0.018803144),  ('CLS Classification Loss', 0.17229699)
[INFO] 2022-09-12 02:53:58,734 [    train.py:  227]:	('Ner Acc', 0.99723095), ('CLS Classification Acc', 0.97397345)
[INFO] 2022-09-12 02:54:11,563 [    train.py:  236]:	Precision 0.454 Recall 0.490 F1 0.472
[INFO] 2022-09-12 02:54:52,934 [    train.py:  184]:	Epoch 25: 
[INFO] 2022-09-12 02:54:52,935 [    train.py:  185]:	Train:
[INFO] 2022-09-12 02:54:52,941 [    train.py:  197]:	Loss 0.0214, ('Ner Loss', 0.0020140178967267275),  ('CLS Classification Loss', 0.019336257129907608)
[INFO] 2022-09-12 02:54:52,942 [    train.py:  207]:	('Ner Acc', 0.9992525577545166),  ('CLS Classification Acc', 0.9929811954498291)
[INFO] 2022-09-12 02:54:55,203 [    train.py:  219]:	Evaluate:
[INFO] 2022-09-12 02:54:55,204 [    train.py:  226]:	Loss 0.1839, ('Ner Loss', 0.020996122),  ('CLS Classification Loss', 0.16291681)
[INFO] 2022-09-12 02:54:55,204 [    train.py:  227]:	('Ner Acc', 0.99752086), ('CLS Classification Acc', 0.9752984)
[INFO] 2022-09-12 02:55:08,574 [    train.py:  236]:	Precision 0.521 Recall 0.452 F1 0.484
[INFO] 2022-09-12 02:55:49,518 [    train.py:  184]:	Epoch 26: 
[INFO] 2022-09-12 02:55:49,518 [    train.py:  185]:	Train:
[INFO] 2022-09-12 02:55:49,522 [    train.py:  197]:	Loss 0.0198, ('Ner Loss', 0.0019267029128968716),  ('CLS Classification Loss', 0.017917999997735023)
[INFO] 2022-09-12 02:55:49,523 [    train.py:  207]:	('Ner Acc', 0.9992794394493103),  ('CLS Classification Acc', 0.993315577507019)
[INFO] 2022-09-12 02:55:51,813 [    train.py:  219]:	Evaluate:
[INFO] 2022-09-12 02:55:51,814 [    train.py:  226]:	Loss 0.1880, ('Ner Loss', 0.022207696),  ('CLS Classification Loss', 0.16582309)
[INFO] 2022-09-12 02:55:51,814 [    train.py:  227]:	('Ner Acc', 0.9974531), ('CLS Classification Acc', 0.9740649)
[INFO] 2022-09-12 02:56:04,996 [    train.py:  236]:	Precision 0.481 Recall 0.458 F1 0.469
[INFO] 2022-09-12 02:56:45,776 [    train.py:  184]:	Epoch 27: 
[INFO] 2022-09-12 02:56:45,777 [    train.py:  185]:	Train:
[INFO] 2022-09-12 02:56:45,780 [    train.py:  197]:	Loss 0.0192, ('Ner Loss', 0.0018795623909682035),  ('CLS Classification Loss', 0.017278175801038742)
[INFO] 2022-09-12 02:56:45,780 [    train.py:  207]:	('Ner Acc', 0.9993318915367126),  ('CLS Classification Acc', 0.9937993884086609)
[INFO] 2022-09-12 02:56:48,079 [    train.py:  219]:	Evaluate:
[INFO] 2022-09-12 02:56:48,080 [    train.py:  226]:	Loss 0.2043, ('Ner Loss', 0.022538442),  ('CLS Classification Loss', 0.18172316)
[INFO] 2022-09-12 02:56:48,080 [    train.py:  227]:	('Ner Acc', 0.99729335), ('CLS Classification Acc', 0.9738365)
[INFO] 2022-09-12 02:57:01,288 [    train.py:  236]:	Precision 0.481 Recall 0.437 F1 0.458
[INFO] 2022-09-12 02:57:42,266 [    train.py:  184]:	Epoch 28: 
[INFO] 2022-09-12 02:57:42,267 [    train.py:  185]:	Train:
[INFO] 2022-09-12 02:57:42,272 [    train.py:  197]:	Loss 0.0198, ('Ner Loss', 0.0019648317247629166),  ('CLS Classification Loss', 0.017856547608971596)
[INFO] 2022-09-12 02:57:42,272 [    train.py:  207]:	('Ner Acc', 0.9993113875389099),  ('CLS Classification Acc', 0.9933775663375854)
[INFO] 2022-09-12 02:57:44,537 [    train.py:  219]:	Evaluate:
[INFO] 2022-09-12 02:57:44,538 [    train.py:  226]:	Loss 0.1944, ('Ner Loss', 0.021136349),  ('CLS Classification Loss', 0.1732427)
[INFO] 2022-09-12 02:57:44,538 [    train.py:  227]:	('Ner Acc', 0.9971792), ('CLS Classification Acc', 0.9726944)
[INFO] 2022-09-12 02:57:58,102 [    train.py:  236]:	Precision 0.452 Recall 0.389 F1 0.418
[INFO] 2022-09-12 02:58:38,827 [    train.py:  184]:	Epoch 29: 
[INFO] 2022-09-12 02:58:38,827 [    train.py:  185]:	Train:
[INFO] 2022-09-12 02:58:38,831 [    train.py:  197]:	Loss 0.0181, ('Ner Loss', 0.0019043008796870708),  ('CLS Classification Loss', 0.016212644055485725)
[INFO] 2022-09-12 02:58:38,831 [    train.py:  207]:	('Ner Acc', 0.9993221759796143),  ('CLS Classification Acc', 0.9942455887794495)
[INFO] 2022-09-12 02:58:41,112 [    train.py:  219]:	Evaluate:
[INFO] 2022-09-12 02:58:41,113 [    train.py:  226]:	Loss 0.1873, ('Ner Loss', 0.019371746),  ('CLS Classification Loss', 0.16790815)
[INFO] 2022-09-12 02:58:41,113 [    train.py:  227]:	('Ner Acc', 0.9972995), ('CLS Classification Acc', 0.9737908)
[INFO] 2022-09-12 02:58:54,129 [    train.py:  236]:	Precision 0.457 Recall 0.471 F1 0.464
[INFO] 2022-09-12 02:59:34,849 [    train.py:  184]:	Epoch 30: 
[INFO] 2022-09-12 02:59:34,850 [    train.py:  185]:	Train:
[INFO] 2022-09-12 02:59:34,857 [    train.py:  197]:	Loss 0.0165, ('Ner Loss', 0.001813109265640378),  ('CLS Classification Loss', 0.014669056050479412)
[INFO] 2022-09-12 02:59:34,857 [    train.py:  207]:	('Ner Acc', 0.9993720054626465),  ('CLS Classification Acc', 0.9945681095123291)
[INFO] 2022-09-12 02:59:37,171 [    train.py:  219]:	Evaluate:
[INFO] 2022-09-12 02:59:37,172 [    train.py:  226]:	Loss 0.1984, ('Ner Loss', 0.018030941),  ('CLS Classification Loss', 0.18041272)
[INFO] 2022-09-12 02:59:37,172 [    train.py:  227]:	('Ner Acc', 0.9975329), ('CLS Classification Acc', 0.9742477)
[INFO] 2022-09-12 02:59:50,507 [    train.py:  236]:	Precision 0.508 Recall 0.425 F1 0.463
[INFO] 2022-09-12 03:00:31,206 [    train.py:  184]:	Epoch 31: 
[INFO] 2022-09-12 03:00:31,206 [    train.py:  185]:	Train:
[INFO] 2022-09-12 03:00:31,211 [    train.py:  197]:	Loss 0.0129, ('Ner Loss', 0.001464520813897252),  ('CLS Classification Loss', 0.011456046253442764)
[INFO] 2022-09-12 03:00:31,212 [    train.py:  207]:	('Ner Acc', 0.9994802474975586),  ('CLS Classification Acc', 0.9960811138153076)
[INFO] 2022-09-12 03:00:33,493 [    train.py:  219]:	Evaluate:
[INFO] 2022-09-12 03:00:33,494 [    train.py:  226]:	Loss 0.2161, ('Ner Loss', 0.02101151),  ('CLS Classification Loss', 0.19513042)
[INFO] 2022-09-12 03:00:33,494 [    train.py:  227]:	('Ner Acc', 0.9975596), ('CLS Classification Acc', 0.9738365)
[INFO] 2022-09-12 03:00:46,326 [    train.py:  236]:	Precision 0.492 Recall 0.444 F1 0.467
[INFO] 2022-09-12 03:01:26,801 [    train.py:  184]:	Epoch 32: 
[INFO] 2022-09-12 03:01:26,802 [    train.py:  185]:	Train:
[INFO] 2022-09-12 03:01:26,806 [    train.py:  197]:	Loss 0.0136, ('Ner Loss', 0.001345398835837841),  ('CLS Classification Loss', 0.012242809869349003)
[INFO] 2022-09-12 03:01:26,807 [    train.py:  207]:	('Ner Acc', 0.9995171427726746),  ('CLS Classification Acc', 0.995969295501709)
[INFO] 2022-09-12 03:01:29,086 [    train.py:  219]:	Evaluate:
[INFO] 2022-09-12 03:01:29,086 [    train.py:  226]:	Loss 0.1972, ('Ner Loss', 0.021893635),  ('CLS Classification Loss', 0.17528361)
[INFO] 2022-09-12 03:01:29,086 [    train.py:  227]:	('Ner Acc', 0.9973325), ('CLS Classification Acc', 0.9740649)
[INFO] 2022-09-12 03:01:42,525 [    train.py:  236]:	Precision 0.448 Recall 0.465 F1 0.456
[INFO] 2022-09-12 03:02:23,485 [    train.py:  184]:	Epoch 33: 
[INFO] 2022-09-12 03:02:23,485 [    train.py:  185]:	Train:
[INFO] 2022-09-12 03:02:23,487 [    train.py:  197]:	Loss 0.0103, ('Ner Loss', 0.001139835105277598),  ('CLS Classification Loss', 0.009205713868141174)
[INFO] 2022-09-12 03:02:23,488 [    train.py:  207]:	('Ner Acc', 0.999591052532196),  ('CLS Classification Acc', 0.9965395331382751)
[INFO] 2022-09-12 03:02:25,767 [    train.py:  219]:	Evaluate:
[INFO] 2022-09-12 03:02:25,768 [    train.py:  226]:	Loss 0.2227, ('Ner Loss', 0.024435805),  ('CLS Classification Loss', 0.19828187)
[INFO] 2022-09-12 03:02:25,768 [    train.py:  227]:	('Ner Acc', 0.9974032), ('CLS Classification Acc', 0.9719634)
[INFO] 2022-09-12 03:02:39,385 [    train.py:  236]:	Precision 0.448 Recall 0.470 F1 0.458
[INFO] 2022-09-12 03:03:20,413 [    train.py:  184]:	Epoch 34: 
[INFO] 2022-09-12 03:03:20,414 [    train.py:  185]:	Train:
[INFO] 2022-09-12 03:03:20,420 [    train.py:  197]:	Loss 0.0102, ('Ner Loss', 0.0010357950814068317),  ('CLS Classification Loss', 0.009114401414990425)
[INFO] 2022-09-12 03:03:20,420 [    train.py:  207]:	('Ner Acc', 0.9996207356452942),  ('CLS Classification Acc', 0.9968252182006836)
[INFO] 2022-09-12 03:03:22,689 [    train.py:  219]:	Evaluate:
[INFO] 2022-09-12 03:03:22,689 [    train.py:  226]:	Loss 0.2163, ('Ner Loss', 0.024054008),  ('CLS Classification Loss', 0.19224925)
[INFO] 2022-09-12 03:03:22,689 [    train.py:  227]:	('Ner Acc', 0.99744946), ('CLS Classification Acc', 0.97432375)
[INFO] 2022-09-12 03:03:36,478 [    train.py:  236]:	Precision 0.476 Recall 0.451 F1 0.463
[INFO] 2022-09-12 03:04:17,333 [    train.py:  184]:	Epoch 35: 
[INFO] 2022-09-12 03:04:17,333 [    train.py:  185]:	Train:
[INFO] 2022-09-12 03:04:17,335 [    train.py:  197]:	Loss 0.0102, ('Ner Loss', 0.0014204984763637185),  ('CLS Classification Loss', 0.008789797313511372)
[INFO] 2022-09-12 03:04:17,335 [    train.py:  207]:	('Ner Acc', 0.9995865821838379),  ('CLS Classification Acc', 0.9968869686126709)
[INFO] 2022-09-12 03:04:19,621 [    train.py:  219]:	Evaluate:
[INFO] 2022-09-12 03:04:19,622 [    train.py:  226]:	Loss 0.2061, ('Ner Loss', 0.023533717),  ('CLS Classification Loss', 0.18258265)
[INFO] 2022-09-12 03:04:19,622 [    train.py:  227]:	('Ner Acc', 0.9974968), ('CLS Classification Acc', 0.97071457)
[INFO] 2022-09-12 03:04:32,952 [    train.py:  236]:	Precision 0.434 Recall 0.460 F1 0.447
[INFO] 2022-09-12 03:05:13,893 [    train.py:  184]:	Epoch 36: 
[INFO] 2022-09-12 03:05:13,894 [    train.py:  185]:	Train:
[INFO] 2022-09-12 03:05:13,898 [    train.py:  197]:	Loss 0.0112, ('Ner Loss', 0.0013521777000278234),  ('CLS Classification Loss', 0.009810258634388447)
[INFO] 2022-09-12 03:05:13,898 [    train.py:  207]:	('Ner Acc', 0.9995396137237549),  ('CLS Classification Acc', 0.996291995048523)
[INFO] 2022-09-12 03:05:16,170 [    train.py:  219]:	Evaluate:
[INFO] 2022-09-12 03:05:16,171 [    train.py:  226]:	Loss 0.2248, ('Ner Loss', 0.024816778),  ('CLS Classification Loss', 0.19997017)
[INFO] 2022-09-12 03:05:16,171 [    train.py:  227]:	('Ner Acc', 0.9974271), ('CLS Classification Acc', 0.97345585)
[INFO] 2022-09-12 03:05:29,681 [    train.py:  236]:	Precision 0.483 Recall 0.477 F1 0.480
[INFO] 2022-09-12 03:06:10,633 [    train.py:  184]:	Epoch 37: 
[INFO] 2022-09-12 03:06:10,633 [    train.py:  185]:	Train:
[INFO] 2022-09-12 03:06:10,639 [    train.py:  197]:	Loss 0.0125, ('Ner Loss', 0.0013097717892378569),  ('CLS Classification Loss', 0.01123021263629198)
[INFO] 2022-09-12 03:06:10,639 [    train.py:  207]:	('Ner Acc', 0.9995877146720886),  ('CLS Classification Acc', 0.9963412880897522)
[INFO] 2022-09-12 03:06:12,927 [    train.py:  219]:	Evaluate:
[INFO] 2022-09-12 03:06:12,927 [    train.py:  226]:	Loss 0.2265, ('Ner Loss', 0.024123317),  ('CLS Classification Loss', 0.20234445)
[INFO] 2022-09-12 03:06:12,928 [    train.py:  227]:	('Ner Acc', 0.9972511), ('CLS Classification Acc', 0.97348624)
[INFO] 2022-09-12 03:06:26,076 [    train.py:  236]:	Precision 0.467 Recall 0.439 F1 0.452
[INFO] 2022-09-12 03:07:07,376 [    train.py:  184]:	Epoch 38: 
[INFO] 2022-09-12 03:07:07,377 [    train.py:  185]:	Train:
[INFO] 2022-09-12 03:07:07,380 [    train.py:  197]:	Loss 0.0094, ('Ner Loss', 0.0011106693418696523),  ('CLS Classification Loss', 0.00828109122812748)
[INFO] 2022-09-12 03:07:07,380 [    train.py:  207]:	('Ner Acc', 0.9996325969696045),  ('CLS Classification Acc', 0.997023344039917)
[INFO] 2022-09-12 03:07:09,638 [    train.py:  219]:	Evaluate:
[INFO] 2022-09-12 03:07:09,639 [    train.py:  226]:	Loss 0.2226, ('Ner Loss', 0.022456482),  ('CLS Classification Loss', 0.20015512)
[INFO] 2022-09-12 03:07:09,639 [    train.py:  227]:	('Ner Acc', 0.9971764), ('CLS Classification Acc', 0.97109514)
[INFO] 2022-09-12 03:07:22,355 [    train.py:  236]:	Precision 0.430 Recall 0.498 F1 0.462
[INFO] 2022-09-12 03:08:03,491 [    train.py:  184]:	Epoch 39: 
[INFO] 2022-09-12 03:08:03,491 [    train.py:  185]:	Train:
[INFO] 2022-09-12 03:08:03,494 [    train.py:  197]:	Loss 0.0092, ('Ner Loss', 0.00093791977269575),  ('CLS Classification Loss', 0.00824101734906435)
[INFO] 2022-09-12 03:08:03,494 [    train.py:  207]:	('Ner Acc', 0.9996693134307861),  ('CLS Classification Acc', 0.9970605969429016)
[INFO] 2022-09-12 03:08:05,789 [    train.py:  219]:	Evaluate:
[INFO] 2022-09-12 03:08:05,790 [    train.py:  226]:	Loss 0.1892, ('Ner Loss', 0.023170887),  ('CLS Classification Loss', 0.16603042)
[INFO] 2022-09-12 03:08:05,790 [    train.py:  227]:	('Ner Acc', 0.99746436), ('CLS Classification Acc', 0.9714913)
[INFO] 2022-09-12 03:08:18,926 [    train.py:  236]:	Precision 0.446 Recall 0.479 F1 0.462
[INFO] 2022-09-12 03:08:59,957 [    train.py:  184]:	Epoch 40: 
[INFO] 2022-09-12 03:08:59,957 [    train.py:  185]:	Train:
[INFO] 2022-09-12 03:08:59,960 [    train.py:  197]:	Loss 0.0099, ('Ner Loss', 0.0013831648975610733),  ('CLS Classification Loss', 0.008482899516820908)
[INFO] 2022-09-12 03:08:59,960 [    train.py:  207]:	('Ner Acc', 0.9996031522750854),  ('CLS Classification Acc', 0.9971847534179688)
[INFO] 2022-09-12 03:09:02,218 [    train.py:  219]:	Evaluate:
[INFO] 2022-09-12 03:09:02,219 [    train.py:  226]:	Loss 0.1980, ('Ner Loss', 0.019532215),  ('CLS Classification Loss', 0.17850284)
[INFO] 2022-09-12 03:09:02,219 [    train.py:  227]:	('Ner Acc', 0.9974578), ('CLS Classification Acc', 0.9745218)
[INFO] 2022-09-12 03:09:14,945 [    train.py:  236]:	Precision 0.512 Recall 0.471 F1 0.491
[INFO] 2022-09-12 03:09:55,794 [    train.py:  184]:	Epoch 41: 
[INFO] 2022-09-12 03:09:55,795 [    train.py:  185]:	Train:
[INFO] 2022-09-12 03:09:55,800 [    train.py:  197]:	Loss 0.0073, ('Ner Loss', 0.0008630293305031955),  ('CLS Classification Loss', 0.006442714016884565)
[INFO] 2022-09-12 03:09:55,800 [    train.py:  207]:	('Ner Acc', 0.9996995329856873),  ('CLS Classification Acc', 0.997953474521637)
[INFO] 2022-09-12 03:09:58,113 [    train.py:  219]:	Evaluate:
[INFO] 2022-09-12 03:09:58,113 [    train.py:  226]:	Loss 0.1947, ('Ner Loss', 0.022250045),  ('CLS Classification Loss', 0.17240918)
[INFO] 2022-09-12 03:09:58,114 [    train.py:  227]:	('Ner Acc', 0.9973549), ('CLS Classification Acc', 0.9738212)
[INFO] 2022-09-12 03:10:11,108 [    train.py:  236]:	Precision 0.466 Recall 0.449 F1 0.457
[INFO] 2022-09-12 03:10:52,431 [    train.py:  184]:	Epoch 42: 
[INFO] 2022-09-12 03:10:52,431 [    train.py:  185]:	Train:
[INFO] 2022-09-12 03:10:52,434 [    train.py:  197]:	Loss 0.0062, ('Ner Loss', 0.0008076279191300273),  ('CLS Classification Loss', 0.005388109013438225)
[INFO] 2022-09-12 03:10:52,434 [    train.py:  207]:	('Ner Acc', 0.9997175931930542),  ('CLS Classification Acc', 0.998139500617981)
[INFO] 2022-09-12 03:10:54,689 [    train.py:  219]:	Evaluate:
[INFO] 2022-09-12 03:10:54,689 [    train.py:  226]:	Loss 0.2112, ('Ner Loss', 0.021080637),  ('CLS Classification Loss', 0.1900829)
[INFO] 2022-09-12 03:10:54,689 [    train.py:  227]:	('Ner Acc', 0.9974885), ('CLS Classification Acc', 0.97482634)
[INFO] 2022-09-12 03:11:07,623 [    train.py:  236]:	Precision 0.495 Recall 0.485 F1 0.490
[INFO] 2022-09-12 03:11:48,382 [    train.py:  184]:	Epoch 43: 
[INFO] 2022-09-12 03:11:48,383 [    train.py:  185]:	Train:
[INFO] 2022-09-12 03:11:48,386 [    train.py:  197]:	Loss 0.0069, ('Ner Loss', 0.0008576031541451812),  ('CLS Classification Loss', 0.006000392138957977)
[INFO] 2022-09-12 03:11:48,387 [    train.py:  207]:	('Ner Acc', 0.9997228384017944),  ('CLS Classification Acc', 0.9980776906013489)
[INFO] 2022-09-12 03:11:50,663 [    train.py:  219]:	Evaluate:
[INFO] 2022-09-12 03:11:50,664 [    train.py:  226]:	Loss 0.2222, ('Ner Loss', 0.02148831),  ('CLS Classification Loss', 0.20075269)
[INFO] 2022-09-12 03:11:50,664 [    train.py:  227]:	('Ner Acc', 0.9975382), ('CLS Classification Acc', 0.97411066)
[INFO] 2022-09-12 03:12:03,486 [    train.py:  236]:	Precision 0.514 Recall 0.456 F1 0.483
[INFO] 2022-09-12 03:12:44,534 [    train.py:  184]:	Epoch 44: 
[INFO] 2022-09-12 03:12:44,535 [    train.py:  185]:	Train:
[INFO] 2022-09-12 03:12:44,542 [    train.py:  197]:	Loss 0.0083, ('Ner Loss', 0.001001700758934021),  ('CLS Classification Loss', 0.007318084593862295)
[INFO] 2022-09-12 03:12:44,543 [    train.py:  207]:	('Ner Acc', 0.9996458888053894),  ('CLS Classification Acc', 0.9975442290306091)
[INFO] 2022-09-12 03:12:46,834 [    train.py:  219]:	Evaluate:
[INFO] 2022-09-12 03:12:46,835 [    train.py:  226]:	Loss 0.2185, ('Ner Loss', 0.021961711),  ('CLS Classification Loss', 0.19654557)
[INFO] 2022-09-12 03:12:46,835 [    train.py:  227]:	('Ner Acc', 0.99753684), ('CLS Classification Acc', 0.9751461)
[INFO] 2022-09-12 03:12:59,876 [    train.py:  236]:	Precision 0.511 Recall 0.444 F1 0.475
[INFO] 2022-09-12 03:13:41,112 [    train.py:  184]:	Epoch 45: 
[INFO] 2022-09-12 03:13:41,113 [    train.py:  185]:	Train:
[INFO] 2022-09-12 03:13:41,117 [    train.py:  197]:	Loss 0.0060, ('Ner Loss', 0.0008097286336123943),  ('CLS Classification Loss', 0.005219908896833658)
[INFO] 2022-09-12 03:13:41,117 [    train.py:  207]:	('Ner Acc', 0.9997361302375793),  ('CLS Classification Acc', 0.9984496831893921)
[INFO] 2022-09-12 03:13:43,378 [    train.py:  219]:	Evaluate:
[INFO] 2022-09-12 03:13:43,378 [    train.py:  226]:	Loss 0.2184, ('Ner Loss', 0.023225741),  ('CLS Classification Loss', 0.19518423)
[INFO] 2022-09-12 03:13:43,378 [    train.py:  227]:	('Ner Acc', 0.9973833), ('CLS Classification Acc', 0.9745523)
[INFO] 2022-09-12 03:13:56,155 [    train.py:  236]:	Precision 0.507 Recall 0.449 F1 0.476
[INFO] 2022-09-12 03:14:36,861 [    train.py:  184]:	Epoch 46: 
[INFO] 2022-09-12 03:14:36,862 [    train.py:  185]:	Train:
[INFO] 2022-09-12 03:14:36,869 [    train.py:  197]:	Loss 0.0053, ('Ner Loss', 0.00072719861054793),  ('CLS Classification Loss', 0.004578190855681896)
[INFO] 2022-09-12 03:14:36,869 [    train.py:  207]:	('Ner Acc', 0.9997597932815552),  ('CLS Classification Acc', 0.9984992146492004)
[INFO] 2022-09-12 03:14:39,155 [    train.py:  219]:	Evaluate:
[INFO] 2022-09-12 03:14:39,156 [    train.py:  226]:	Loss 0.2299, ('Ner Loss', 0.023210764),  ('CLS Classification Loss', 0.20664458)
[INFO] 2022-09-12 03:14:39,156 [    train.py:  227]:	('Ner Acc', 0.99755716), ('CLS Classification Acc', 0.9755726)
[INFO] 2022-09-12 03:14:52,101 [    train.py:  236]:	Precision 0.515 Recall 0.469 F1 0.491
[INFO] 2022-09-12 03:15:32,954 [    train.py:  184]:	Epoch 47: 
[INFO] 2022-09-12 03:15:32,955 [    train.py:  185]:	Train:
[INFO] 2022-09-12 03:15:32,957 [    train.py:  197]:	Loss 0.0044, ('Ner Loss', 0.0005907606100663543),  ('CLS Classification Loss', 0.0038457103073596954)
[INFO] 2022-09-12 03:15:32,957 [    train.py:  207]:	('Ner Acc', 0.9997841119766235),  ('CLS Classification Acc', 0.998722493648529)
[INFO] 2022-09-12 03:15:35,288 [    train.py:  219]:	Evaluate:
[INFO] 2022-09-12 03:15:35,289 [    train.py:  226]:	Loss 0.2539, ('Ner Loss', 0.025661692),  ('CLS Classification Loss', 0.22827919)
[INFO] 2022-09-12 03:15:35,289 [    train.py:  227]:	('Ner Acc', 0.9975857), ('CLS Classification Acc', 0.9746132)
[INFO] 2022-09-12 03:15:48,005 [    train.py:  236]:	Precision 0.506 Recall 0.463 F1 0.483
[INFO] 2022-09-12 03:16:28,894 [    train.py:  184]:	Epoch 48: 
[INFO] 2022-09-12 03:16:28,895 [    train.py:  185]:	Train:
[INFO] 2022-09-12 03:16:28,898 [    train.py:  197]:	Loss 0.0047, ('Ner Loss', 0.0005952354404143989),  ('CLS Classification Loss', 0.0041233571246266365)
[INFO] 2022-09-12 03:16:28,898 [    train.py:  207]:	('Ner Acc', 0.9998123049736023),  ('CLS Classification Acc', 0.9988462328910828)
[INFO] 2022-09-12 03:16:31,199 [    train.py:  219]:	Evaluate:
[INFO] 2022-09-12 03:16:31,200 [    train.py:  226]:	Loss 0.2391, ('Ner Loss', 0.024213782),  ('CLS Classification Loss', 0.21487992)
[INFO] 2022-09-12 03:16:31,200 [    train.py:  227]:	('Ner Acc', 0.99749094), ('CLS Classification Acc', 0.97470456)
[INFO] 2022-09-12 03:16:43,892 [    train.py:  236]:	Precision 0.492 Recall 0.459 F1 0.475
[INFO] 2022-09-12 03:17:24,736 [    train.py:  184]:	Epoch 49: 
[INFO] 2022-09-12 03:17:24,738 [    train.py:  185]:	Train:
[INFO] 2022-09-12 03:17:24,745 [    train.py:  197]:	Loss 0.0067, ('Ner Loss', 0.0007467258255928755),  ('CLS Classification Loss', 0.005911155138164759)
[INFO] 2022-09-12 03:17:24,745 [    train.py:  207]:	('Ner Acc', 0.9997351765632629),  ('CLS Classification Acc', 0.998151957988739)
[INFO] 2022-09-12 03:17:27,013 [    train.py:  219]:	Evaluate:
[INFO] 2022-09-12 03:17:27,014 [    train.py:  226]:	Loss 0.2002, ('Ner Loss', 0.01978207),  ('CLS Classification Loss', 0.18045075)
[INFO] 2022-09-12 03:17:27,014 [    train.py:  227]:	('Ner Acc', 0.9975661), ('CLS Classification Acc', 0.97481114)
[INFO] 2022-09-12 03:17:40,016 [    train.py:  236]:	Precision 0.505 Recall 0.489 F1 0.497
[INFO] 2022-09-12 03:18:20,695 [    train.py:  184]:	Epoch 50: 
[INFO] 2022-09-12 03:18:20,695 [    train.py:  185]:	Train:
[INFO] 2022-09-12 03:18:20,699 [    train.py:  197]:	Loss 0.0051, ('Ner Loss', 0.0006293303449638188),  ('CLS Classification Loss', 0.004492752719670534)
[INFO] 2022-09-12 03:18:20,699 [    train.py:  207]:	('Ner Acc', 0.9997899532318115),  ('CLS Classification Acc', 0.9985735416412354)
[INFO] 2022-09-12 03:18:23,002 [    train.py:  219]:	Evaluate:
[INFO] 2022-09-12 03:18:23,003 [    train.py:  226]:	Loss 0.2020, ('Ner Loss', 0.020918017),  ('CLS Classification Loss', 0.18103306)
[INFO] 2022-09-12 03:18:23,003 [    train.py:  227]:	('Ner Acc', 0.9975618), ('CLS Classification Acc', 0.9756793)
[INFO] 2022-09-12 03:18:35,694 [    train.py:  236]:	Precision 0.511 Recall 0.437 F1 0.471
[INFO] 2022-09-12 03:19:16,307 [    train.py:  184]:	Epoch 51: 
[INFO] 2022-09-12 03:19:16,307 [    train.py:  185]:	Train:
[INFO] 2022-09-12 03:19:16,310 [    train.py:  197]:	Loss 0.0241, ('Ner Loss', 0.0020364706870168447),  ('CLS Classification Loss', 0.02208925224840641)
[INFO] 2022-09-12 03:19:16,310 [    train.py:  207]:	('Ner Acc', 0.9994935393333435),  ('CLS Classification Acc', 0.9930924773216248)
[INFO] 2022-09-12 03:19:18,586 [    train.py:  219]:	Evaluate:
[INFO] 2022-09-12 03:19:18,587 [    train.py:  226]:	Loss 0.1822, ('Ner Loss', 0.01987099),  ('CLS Classification Loss', 0.16236441)
[INFO] 2022-09-12 03:19:18,587 [    train.py:  227]:	('Ner Acc', 0.997123), ('CLS Classification Acc', 0.970943)
[INFO] 2022-09-12 03:19:31,252 [    train.py:  236]:	Precision 0.418 Recall 0.466 F1 0.441
[INFO] 2022-09-12 03:20:11,902 [    train.py:  184]:	Epoch 52: 
[INFO] 2022-09-12 03:20:11,902 [    train.py:  185]:	Train:
[INFO] 2022-09-12 03:20:11,905 [    train.py:  197]:	Loss 0.0132, ('Ner Loss', 0.0012153228744864464),  ('CLS Classification Loss', 0.011988921090960503)
[INFO] 2022-09-12 03:20:11,905 [    train.py:  207]:	('Ner Acc', 0.999630868434906),  ('CLS Classification Acc', 0.9957583546638489)
[INFO] 2022-09-12 03:20:14,159 [    train.py:  219]:	Evaluate:
[INFO] 2022-09-12 03:20:14,160 [    train.py:  226]:	Loss 0.1906, ('Ner Loss', 0.018799653),  ('CLS Classification Loss', 0.17181915)
[INFO] 2022-09-12 03:20:14,160 [    train.py:  227]:	('Ner Acc', 0.9975046), ('CLS Classification Acc', 0.97459793)
[INFO] 2022-09-12 03:20:26,687 [    train.py:  236]:	Precision 0.490 Recall 0.472 F1 0.481
[INFO] 2022-09-12 03:21:07,331 [    train.py:  184]:	Epoch 53: 
[INFO] 2022-09-12 03:21:07,332 [    train.py:  185]:	Train:
[INFO] 2022-09-12 03:21:07,335 [    train.py:  197]:	Loss 0.0052, ('Ner Loss', 0.0007354625267907977),  ('CLS Classification Loss', 0.004484345205128193)
[INFO] 2022-09-12 03:21:07,335 [    train.py:  207]:	('Ner Acc', 0.9997583627700806),  ('CLS Classification Acc', 0.998796820640564)
[INFO] 2022-09-12 03:21:09,610 [    train.py:  219]:	Evaluate:
[INFO] 2022-09-12 03:21:09,610 [    train.py:  226]:	Loss 0.2172, ('Ner Loss', 0.020153496),  ('CLS Classification Loss', 0.19704685)
[INFO] 2022-09-12 03:21:09,611 [    train.py:  227]:	('Ner Acc', 0.99741584), ('CLS Classification Acc', 0.9724355)
[INFO] 2022-09-12 03:21:22,015 [    train.py:  236]:	Precision 0.465 Recall 0.470 F1 0.468
[INFO] 2022-09-12 03:22:02,795 [    train.py:  184]:	Epoch 54: 
[INFO] 2022-09-12 03:22:02,795 [    train.py:  185]:	Train:
[INFO] 2022-09-12 03:22:02,799 [    train.py:  197]:	Loss 0.0029, ('Ner Loss', 0.0005747621762566268),  ('CLS Classification Loss', 0.002323578344658017)
[INFO] 2022-09-12 03:22:02,799 [    train.py:  207]:	('Ner Acc', 0.9998109936714172),  ('CLS Classification Acc', 0.9992928504943848)
[INFO] 2022-09-12 03:22:05,069 [    train.py:  219]:	Evaluate:
[INFO] 2022-09-12 03:22:05,070 [    train.py:  226]:	Loss 0.2120, ('Ner Loss', 0.019772938),  ('CLS Classification Loss', 0.19221938)
[INFO] 2022-09-12 03:22:05,070 [    train.py:  227]:	('Ner Acc', 0.9975364), ('CLS Classification Acc', 0.97377557)
[INFO] 2022-09-12 03:22:17,812 [    train.py:  236]:	Precision 0.483 Recall 0.443 F1 0.462
[INFO] 2022-09-12 03:22:58,552 [    train.py:  184]:	Epoch 55: 
[INFO] 2022-09-12 03:22:58,552 [    train.py:  185]:	Train:
[INFO] 2022-09-12 03:22:58,555 [    train.py:  197]:	Loss 0.0026, ('Ner Loss', 0.0005926192388869822),  ('CLS Classification Loss', 0.0020340962801128626)
[INFO] 2022-09-12 03:22:58,555 [    train.py:  207]:	('Ner Acc', 0.9998137354850769),  ('CLS Classification Acc', 0.9993423223495483)
[INFO] 2022-09-12 03:23:00,841 [    train.py:  219]:	Evaluate:
[INFO] 2022-09-12 03:23:00,842 [    train.py:  226]:	Loss 0.2320, ('Ner Loss', 0.021561408),  ('CLS Classification Loss', 0.21045521)
[INFO] 2022-09-12 03:23:00,842 [    train.py:  227]:	('Ner Acc', 0.99751484), ('CLS Classification Acc', 0.97468936)
[INFO] 2022-09-12 03:23:13,542 [    train.py:  236]:	Precision 0.497 Recall 0.466 F1 0.481
[INFO] 2022-09-12 03:23:54,486 [    train.py:  184]:	Epoch 56: 
[INFO] 2022-09-12 03:23:54,487 [    train.py:  185]:	Train:
[INFO] 2022-09-12 03:23:54,490 [    train.py:  197]:	Loss 0.0027, ('Ner Loss', 0.0005321545177139342),  ('CLS Classification Loss', 0.0021986979991197586)
[INFO] 2022-09-12 03:23:54,490 [    train.py:  207]:	('Ner Acc', 0.9998204112052917),  ('CLS Classification Acc', 0.999317467212677)
[INFO] 2022-09-12 03:23:56,771 [    train.py:  219]:	Evaluate:
[INFO] 2022-09-12 03:23:56,772 [    train.py:  226]:	Loss 0.2350, ('Ner Loss', 0.023107586),  ('CLS Classification Loss', 0.21187739)
[INFO] 2022-09-12 03:23:56,772 [    train.py:  227]:	('Ner Acc', 0.9975662), ('CLS Classification Acc', 0.9750853)
[INFO] 2022-09-12 03:24:09,521 [    train.py:  236]:	Precision 0.497 Recall 0.467 F1 0.482
[INFO] 2022-09-12 03:24:50,138 [    train.py:  184]:	Epoch 57: 
[INFO] 2022-09-12 03:24:50,139 [    train.py:  185]:	Train:
[INFO] 2022-09-12 03:24:50,143 [    train.py:  197]:	Loss 0.0033, ('Ner Loss', 0.0006076006684452295),  ('CLS Classification Loss', 0.0026541182305663824)
[INFO] 2022-09-12 03:24:50,143 [    train.py:  207]:	('Ner Acc', 0.9998062252998352),  ('CLS Classification Acc', 0.9990943670272827)
[INFO] 2022-09-12 03:24:52,429 [    train.py:  219]:	Evaluate:
[INFO] 2022-09-12 03:24:52,429 [    train.py:  226]:	Loss 0.2351, ('Ner Loss', 0.02280463),  ('CLS Classification Loss', 0.21228705)
[INFO] 2022-09-12 03:24:52,430 [    train.py:  227]:	('Ner Acc', 0.9975627), ('CLS Classification Acc', 0.9748569)
[INFO] 2022-09-12 03:25:04,979 [    train.py:  236]:	Precision 0.489 Recall 0.457 F1 0.472
[INFO] 2022-09-12 03:25:45,719 [    train.py:  184]:	Epoch 58: 
[INFO] 2022-09-12 03:25:45,719 [    train.py:  185]:	Train:
[INFO] 2022-09-12 03:25:45,722 [    train.py:  197]:	Loss 0.0031, ('Ner Loss', 0.0006109864334575832),  ('CLS Classification Loss', 0.00245592906139791)
[INFO] 2022-09-12 03:25:45,722 [    train.py:  207]:	('Ner Acc', 0.9997995495796204),  ('CLS Classification Acc', 0.9993175864219666)
[INFO] 2022-09-12 03:25:47,991 [    train.py:  219]:	Evaluate:
[INFO] 2022-09-12 03:25:47,992 [    train.py:  226]:	Loss 0.2192, ('Ner Loss', 0.02103401),  ('CLS Classification Loss', 0.19821581)
[INFO] 2022-09-12 03:25:47,992 [    train.py:  227]:	('Ner Acc', 0.9974524), ('CLS Classification Acc', 0.974065)
[INFO] 2022-09-12 03:26:00,420 [    train.py:  236]:	Precision 0.481 Recall 0.472 F1 0.477
[INFO] 2022-09-12 03:26:41,159 [    train.py:  184]:	Epoch 59: 
[INFO] 2022-09-12 03:26:41,160 [    train.py:  185]:	Train:
[INFO] 2022-09-12 03:26:41,163 [    train.py:  197]:	Loss 0.0025, ('Ner Loss', 0.00041720844455994666),  ('CLS Classification Loss', 0.0021055855322629213)
[INFO] 2022-09-12 03:26:41,163 [    train.py:  207]:	('Ner Acc', 0.9998766183853149),  ('CLS Classification Acc', 0.999392032623291)
[INFO] 2022-09-12 03:26:43,444 [    train.py:  219]:	Evaluate:
[INFO] 2022-09-12 03:26:43,445 [    train.py:  226]:	Loss 0.2299, ('Ner Loss', 0.026505873),  ('CLS Classification Loss', 0.20335138)
[INFO] 2022-09-12 03:26:43,445 [    train.py:  227]:	('Ner Acc', 0.99762005), ('CLS Classification Acc', 0.9749329)
[INFO] 2022-09-12 03:26:56,016 [    train.py:  236]:	Precision 0.503 Recall 0.444 F1 0.471
[INFO] 2022-09-12 03:27:36,798 [    train.py:  184]:	Epoch 60: 
[INFO] 2022-09-12 03:27:36,798 [    train.py:  185]:	Train:
[INFO] 2022-09-12 03:27:36,801 [    train.py:  197]:	Loss 0.0034, ('Ner Loss', 0.0005388830322772264),  ('CLS Classification Loss', 0.0028229188174009323)
[INFO] 2022-09-12 03:27:36,801 [    train.py:  207]:	('Ner Acc', 0.9998480677604675),  ('CLS Classification Acc', 0.9992306232452393)
[INFO] 2022-09-12 03:27:39,067 [    train.py:  219]:	Evaluate:
[INFO] 2022-09-12 03:27:39,068 [    train.py:  226]:	Loss 0.2208, ('Ner Loss', 0.022263339),  ('CLS Classification Loss', 0.19858295)
[INFO] 2022-09-12 03:27:39,068 [    train.py:  227]:	('Ner Acc', 0.9977734), ('CLS Classification Acc', 0.97566396)
[INFO] 2022-09-12 03:27:51,837 [    train.py:  236]:	Precision 0.552 Recall 0.414 F1 0.473
[INFO] 2022-09-12 03:28:32,387 [    train.py:  184]:	Epoch 61: 
[INFO] 2022-09-12 03:28:32,387 [    train.py:  185]:	Train:
[INFO] 2022-09-12 03:28:32,393 [    train.py:  197]:	Loss 0.0024, ('Ner Loss', 0.00048205602797679603),  ('CLS Classification Loss', 0.0018715254263952374)
[INFO] 2022-09-12 03:28:32,393 [    train.py:  207]:	('Ner Acc', 0.9998367428779602),  ('CLS Classification Acc', 0.9993921518325806)
[INFO] 2022-09-12 03:28:34,675 [    train.py:  219]:	Evaluate:
[INFO] 2022-09-12 03:28:34,676 [    train.py:  226]:	Loss 0.2395, ('Ner Loss', 0.022709262),  ('CLS Classification Loss', 0.2167643)
[INFO] 2022-09-12 03:28:34,676 [    train.py:  227]:	('Ner Acc', 0.9975143), ('CLS Classification Acc', 0.973867)
[INFO] 2022-09-12 03:28:47,395 [    train.py:  236]:	Precision 0.491 Recall 0.473 F1 0.482
[INFO] 2022-09-12 03:29:28,092 [    train.py:  184]:	Epoch 62: 
[INFO] 2022-09-12 03:29:28,092 [    train.py:  185]:	Train:
[INFO] 2022-09-12 03:29:28,098 [    train.py:  197]:	Loss 0.0035, ('Ner Loss', 0.0006935602286830544),  ('CLS Classification Loss', 0.002769612707197666)
[INFO] 2022-09-12 03:29:28,098 [    train.py:  207]:	('Ner Acc', 0.9998095631599426),  ('CLS Classification Acc', 0.9992555975914001)
[INFO] 2022-09-12 03:29:30,392 [    train.py:  219]:	Evaluate:
[INFO] 2022-09-12 03:29:30,393 [    train.py:  226]:	Loss 0.2353, ('Ner Loss', 0.021869872),  ('CLS Classification Loss', 0.2134753)
[INFO] 2022-09-12 03:29:30,393 [    train.py:  227]:	('Ner Acc', 0.9973689), ('CLS Classification Acc', 0.97347087)
[INFO] 2022-09-12 03:29:43,342 [    train.py:  236]:	Precision 0.493 Recall 0.482 F1 0.487
[INFO] 2022-09-12 03:30:24,027 [    train.py:  184]:	Epoch 63: 
[INFO] 2022-09-12 03:30:24,027 [    train.py:  185]:	Train:
[INFO] 2022-09-12 03:30:24,029 [    train.py:  197]:	Loss 0.0032, ('Ner Loss', 0.0006316041690297425),  ('CLS Classification Loss', 0.0025336332619190216)
[INFO] 2022-09-12 03:30:24,030 [    train.py:  207]:	('Ner Acc', 0.9998061060905457),  ('CLS Classification Acc', 0.999317467212677)
[INFO] 2022-09-12 03:30:26,275 [    train.py:  219]:	Evaluate:
[INFO] 2022-09-12 03:30:26,276 [    train.py:  226]:	Loss 0.2235, ('Ner Loss', 0.018397035),  ('CLS Classification Loss', 0.20513606)
[INFO] 2022-09-12 03:30:26,276 [    train.py:  227]:	('Ner Acc', 0.9975473), ('CLS Classification Acc', 0.9731054)
[INFO] 2022-09-12 03:30:38,900 [    train.py:  236]:	Precision 0.485 Recall 0.432 F1 0.457
[INFO] 2022-09-12 03:31:19,686 [    train.py:  184]:	Epoch 64: 
[INFO] 2022-09-12 03:31:19,686 [    train.py:  185]:	Train:
[INFO] 2022-09-12 03:31:19,689 [    train.py:  197]:	Loss 0.0046, ('Ner Loss', 0.0008532171486876905),  ('CLS Classification Loss', 0.0037621762603521347)
[INFO] 2022-09-12 03:31:19,689 [    train.py:  207]:	('Ner Acc', 0.9997348189353943),  ('CLS Classification Acc', 0.998945415019989)
[INFO] 2022-09-12 03:31:21,962 [    train.py:  219]:	Evaluate:
[INFO] 2022-09-12 03:31:21,963 [    train.py:  226]:	Loss 0.2038, ('Ner Loss', 0.020213265),  ('CLS Classification Loss', 0.18363115)
[INFO] 2022-09-12 03:31:21,963 [    train.py:  227]:	('Ner Acc', 0.9975915), ('CLS Classification Acc', 0.97392774)
[INFO] 2022-09-12 03:31:35,159 [    train.py:  236]:	Precision 0.510 Recall 0.433 F1 0.468
[INFO] 2022-09-12 03:32:15,798 [    train.py:  184]:	Epoch 65: 
[INFO] 2022-09-12 03:32:15,798 [    train.py:  185]:	Train:
[INFO] 2022-09-12 03:32:15,800 [    train.py:  197]:	Loss 0.0045, ('Ner Loss', 0.0007786355563439429),  ('CLS Classification Loss', 0.003716838313266635)
[INFO] 2022-09-12 03:32:15,801 [    train.py:  207]:	('Ner Acc', 0.9997683763504028),  ('CLS Classification Acc', 0.9987966418266296)
[INFO] 2022-09-12 03:32:18,079 [    train.py:  219]:	Evaluate:
[INFO] 2022-09-12 03:32:18,080 [    train.py:  226]:	Loss 0.2035, ('Ner Loss', 0.018365426),  ('CLS Classification Loss', 0.18508899)
[INFO] 2022-09-12 03:32:18,080 [    train.py:  227]:	('Ner Acc', 0.9974748), ('CLS Classification Acc', 0.97408026)
[INFO] 2022-09-12 03:32:30,808 [    train.py:  236]:	Precision 0.480 Recall 0.472 F1 0.476
[INFO] 2022-09-12 03:33:11,461 [    train.py:  184]:	Epoch 66: 
[INFO] 2022-09-12 03:33:11,461 [    train.py:  185]:	Train:
[INFO] 2022-09-12 03:33:11,465 [    train.py:  197]:	Loss 0.0048, ('Ner Loss', 0.0007059640483930707),  ('CLS Classification Loss', 0.00408697547391057)
[INFO] 2022-09-12 03:33:11,465 [    train.py:  207]:	('Ner Acc', 0.9997594356536865),  ('CLS Classification Acc', 0.9988960027694702)
[INFO] 2022-09-12 03:33:13,741 [    train.py:  219]:	Evaluate:
[INFO] 2022-09-12 03:33:13,742 [    train.py:  226]:	Loss 0.2161, ('Ner Loss', 0.019896014),  ('CLS Classification Loss', 0.1961856)
[INFO] 2022-09-12 03:33:13,742 [    train.py:  227]:	('Ner Acc', 0.9974836), ('CLS Classification Acc', 0.97456753)
[INFO] 2022-09-12 03:33:26,410 [    train.py:  236]:	Precision 0.513 Recall 0.451 F1 0.480
[INFO] 2022-09-12 03:34:07,111 [    train.py:  184]:	Epoch 67: 
[INFO] 2022-09-12 03:34:07,111 [    train.py:  185]:	Train:
[INFO] 2022-09-12 03:34:07,116 [    train.py:  197]:	Loss 0.0036, ('Ner Loss', 0.0005004410049878061),  ('CLS Classification Loss', 0.0030666599050164223)
[INFO] 2022-09-12 03:34:07,116 [    train.py:  207]:	('Ner Acc', 0.9998248219490051),  ('CLS Classification Acc', 0.9989826679229736)
[INFO] 2022-09-12 03:34:09,412 [    train.py:  219]:	Evaluate:
[INFO] 2022-09-12 03:34:09,412 [    train.py:  226]:	Loss 0.2119, ('Ner Loss', 0.020978944),  ('CLS Classification Loss', 0.1909482)
[INFO] 2022-09-12 03:34:09,413 [    train.py:  227]:	('Ner Acc', 0.9976663), ('CLS Classification Acc', 0.97535944)
[INFO] 2022-09-12 03:34:22,076 [    train.py:  236]:	Precision 0.556 Recall 0.420 F1 0.479
[INFO] 2022-09-12 03:35:02,617 [    train.py:  184]:	Epoch 68: 
[INFO] 2022-09-12 03:35:02,617 [    train.py:  185]:	Train:
[INFO] 2022-09-12 03:35:02,619 [    train.py:  197]:	Loss 0.0048, ('Ner Loss', 0.0006617261678911746),  ('CLS Classification Loss', 0.004128092434257269)
[INFO] 2022-09-12 03:35:02,619 [    train.py:  207]:	('Ner Acc', 0.999801754951477),  ('CLS Classification Acc', 0.9987472295761108)
[INFO] 2022-09-12 03:35:04,888 [    train.py:  219]:	Evaluate:
[INFO] 2022-09-12 03:35:04,888 [    train.py:  226]:	Loss 0.2037, ('Ner Loss', 0.019356007),  ('CLS Classification Loss', 0.18432952)
[INFO] 2022-09-12 03:35:04,888 [    train.py:  227]:	('Ner Acc', 0.99754816), ('CLS Classification Acc', 0.97377557)
[INFO] 2022-09-12 03:35:17,620 [    train.py:  236]:	Precision 0.498 Recall 0.449 F1 0.472
[INFO] 2022-09-12 03:35:58,614 [    train.py:  184]:	Epoch 69: 
[INFO] 2022-09-12 03:35:58,614 [    train.py:  185]:	Train:
[INFO] 2022-09-12 03:35:58,617 [    train.py:  197]:	Loss 0.0031, ('Ner Loss', 0.0005242251791059971),  ('CLS Classification Loss', 0.002561814384534955)
[INFO] 2022-09-12 03:35:58,617 [    train.py:  207]:	('Ner Acc', 0.9998420476913452),  ('CLS Classification Acc', 0.9992555975914001)
[INFO] 2022-09-12 03:36:00,911 [    train.py:  219]:	Evaluate:
[INFO] 2022-09-12 03:36:00,911 [    train.py:  226]:	Loss 0.2809, ('Ner Loss', 0.023998642),  ('CLS Classification Loss', 0.2568757)
[INFO] 2022-09-12 03:36:00,912 [    train.py:  227]:	('Ner Acc', 0.99740237), ('CLS Classification Acc', 0.9700749)
[INFO] 2022-09-12 03:36:13,663 [    train.py:  236]:	Precision 0.468 Recall 0.426 F1 0.446
[INFO] 2022-09-12 03:36:54,409 [    train.py:  184]:	Epoch 70: 
[INFO] 2022-09-12 03:36:54,410 [    train.py:  185]:	Train:
[INFO] 2022-09-12 03:36:54,414 [    train.py:  197]:	Loss 0.0020, ('Ner Loss', 0.0003728826704900712),  ('CLS Classification Loss', 0.001581632299348712)
[INFO] 2022-09-12 03:36:54,414 [    train.py:  207]:	('Ner Acc', 0.9998778104782104),  ('CLS Classification Acc', 0.9995657801628113)
[INFO] 2022-09-12 03:36:56,686 [    train.py:  219]:	Evaluate:
[INFO] 2022-09-12 03:36:56,686 [    train.py:  226]:	Loss 0.2180, ('Ner Loss', 0.022078868),  ('CLS Classification Loss', 0.19595926)
[INFO] 2022-09-12 03:36:56,686 [    train.py:  227]:	('Ner Acc', 0.99756), ('CLS Classification Acc', 0.9733187)
[INFO] 2022-09-12 03:37:09,362 [    train.py:  236]:	Precision 0.485 Recall 0.451 F1 0.467
[INFO] 2022-09-12 03:37:50,224 [    train.py:  184]:	Epoch 71: 
[INFO] 2022-09-12 03:37:50,224 [    train.py:  185]:	Train:
[INFO] 2022-09-12 03:37:50,227 [    train.py:  197]:	Loss 0.0013, ('Ner Loss', 0.0002799105423036963),  ('CLS Classification Loss', 0.0010435666190460324)
[INFO] 2022-09-12 03:37:50,227 [    train.py:  207]:	('Ner Acc', 0.9999039769172668),  ('CLS Classification Acc', 0.9996525645256042)
[INFO] 2022-09-12 03:37:52,513 [    train.py:  219]:	Evaluate:
[INFO] 2022-09-12 03:37:52,514 [    train.py:  226]:	Loss 0.2443, ('Ner Loss', 0.025125276),  ('CLS Classification Loss', 0.21918583)
[INFO] 2022-09-12 03:37:52,514 [    train.py:  227]:	('Ner Acc', 0.9975306), ('CLS Classification Acc', 0.97264874)
[INFO] 2022-09-12 03:38:05,471 [    train.py:  236]:	Precision 0.475 Recall 0.431 F1 0.452
[INFO] 2022-09-12 03:38:46,103 [    train.py:  184]:	Epoch 72: 
[INFO] 2022-09-12 03:38:46,103 [    train.py:  185]:	Train:
[INFO] 2022-09-12 03:38:46,107 [    train.py:  197]:	Loss 0.0039, ('Ner Loss', 0.00044101642561145127),  ('CLS Classification Loss', 0.003488623071461916)
[INFO] 2022-09-12 03:38:46,107 [    train.py:  207]:	('Ner Acc', 0.9998655915260315),  ('CLS Classification Acc', 0.9990695118904114)
[INFO] 2022-09-12 03:38:48,384 [    train.py:  219]:	Evaluate:
[INFO] 2022-09-12 03:38:48,385 [    train.py:  226]:	Loss 0.2204, ('Ner Loss', 0.024036527),  ('CLS Classification Loss', 0.19635043)
[INFO] 2022-09-12 03:38:48,385 [    train.py:  227]:	('Ner Acc', 0.9974773), ('CLS Classification Acc', 0.9751614)
[INFO] 2022-09-12 03:39:00,972 [    train.py:  236]:	Precision 0.519 Recall 0.436 F1 0.474
[INFO] 2022-09-12 03:39:41,737 [    train.py:  184]:	Epoch 73: 
[INFO] 2022-09-12 03:39:41,737 [    train.py:  185]:	Train:
[INFO] 2022-09-12 03:39:41,741 [    train.py:  197]:	Loss 0.0064, ('Ner Loss', 0.0007366059580817819),  ('CLS Classification Loss', 0.005679700523614883)
[INFO] 2022-09-12 03:39:41,741 [    train.py:  207]:	('Ner Acc', 0.9997837543487549),  ('CLS Classification Acc', 0.9984371662139893)
[INFO] 2022-09-12 03:39:44,037 [    train.py:  219]:	Evaluate:
[INFO] 2022-09-12 03:39:44,038 [    train.py:  226]:	Loss 0.2194, ('Ner Loss', 0.021775203),  ('CLS Classification Loss', 0.19760706)
[INFO] 2022-09-12 03:39:44,038 [    train.py:  227]:	('Ner Acc', 0.9974926), ('CLS Classification Acc', 0.97354716)
[INFO] 2022-09-12 03:39:56,688 [    train.py:  236]:	Precision 0.492 Recall 0.421 F1 0.454
[INFO] 2022-09-12 03:40:37,225 [    train.py:  184]:	Epoch 74: 
[INFO] 2022-09-12 03:40:37,226 [    train.py:  185]:	Train:
[INFO] 2022-09-12 03:40:37,229 [    train.py:  197]:	Loss 0.0028, ('Ner Loss', 0.0005537929246202111),  ('CLS Classification Loss', 0.002214353531599045)
[INFO] 2022-09-12 03:40:37,229 [    train.py:  207]:	('Ner Acc', 0.9998310804367065),  ('CLS Classification Acc', 0.9993424415588379)
[INFO] 2022-09-12 03:40:39,505 [    train.py:  219]:	Evaluate:
[INFO] 2022-09-12 03:40:39,505 [    train.py:  226]:	Loss 0.2175, ('Ner Loss', 0.022567749),  ('CLS Classification Loss', 0.19488658)
[INFO] 2022-09-12 03:40:39,506 [    train.py:  227]:	('Ner Acc', 0.9976704), ('CLS Classification Acc', 0.9749025)
[INFO] 2022-09-12 03:40:52,169 [    train.py:  236]:	Precision 0.499 Recall 0.444 F1 0.470
[INFO] 2022-09-12 03:41:32,986 [    train.py:  184]:	Epoch 75: 
[INFO] 2022-09-12 03:41:32,986 [    train.py:  185]:	Train:
[INFO] 2022-09-12 03:41:32,989 [    train.py:  197]:	Loss 0.0018, ('Ner Loss', 0.0005364018143154681),  ('CLS Classification Loss', 0.0012138629099354148)
[INFO] 2022-09-12 03:41:32,989 [    train.py:  207]:	('Ner Acc', 0.9998478293418884),  ('CLS Classification Acc', 0.9995905160903931)
[INFO] 2022-09-12 03:41:35,336 [    train.py:  219]:	Evaluate:
[INFO] 2022-09-12 03:41:35,337 [    train.py:  226]:	Loss 0.2326, ('Ner Loss', 0.021473018),  ('CLS Classification Loss', 0.21114199)
[INFO] 2022-09-12 03:41:35,337 [    train.py:  227]:	('Ner Acc', 0.9974465), ('CLS Classification Acc', 0.97305983)
[INFO] 2022-09-12 03:41:48,150 [    train.py:  236]:	Precision 0.482 Recall 0.458 F1 0.470
[INFO] 2022-09-12 03:42:28,864 [    train.py:  184]:	Epoch 76: 
[INFO] 2022-09-12 03:42:28,865 [    train.py:  185]:	Train:
[INFO] 2022-09-12 03:42:28,872 [    train.py:  197]:	Loss 0.0020, ('Ner Loss', 0.0005051859188824892),  ('CLS Classification Loss', 0.0015353410271927714)
[INFO] 2022-09-12 03:42:28,873 [    train.py:  207]:	('Ner Acc', 0.9998555779457092),  ('CLS Classification Acc', 0.9995410442352295)
[INFO] 2022-09-12 03:42:31,165 [    train.py:  219]:	Evaluate:
[INFO] 2022-09-12 03:42:31,165 [    train.py:  226]:	Loss 0.2270, ('Ner Loss', 0.021820094),  ('CLS Classification Loss', 0.20517883)
[INFO] 2022-09-12 03:42:31,166 [    train.py:  227]:	('Ner Acc', 0.9973241), ('CLS Classification Acc', 0.970882)
[INFO] 2022-09-12 03:42:43,953 [    train.py:  236]:	Precision 0.430 Recall 0.421 F1 0.426
[INFO] 2022-09-12 03:43:24,516 [    train.py:  184]:	Epoch 77: 
[INFO] 2022-09-12 03:43:24,516 [    train.py:  185]:	Train:
[INFO] 2022-09-12 03:43:24,519 [    train.py:  197]:	Loss 0.0043, ('Ner Loss', 0.0006957746227271855),  ('CLS Classification Loss', 0.0036289405543357134)
[INFO] 2022-09-12 03:43:24,520 [    train.py:  207]:	('Ner Acc', 0.999786913394928),  ('CLS Classification Acc', 0.9988712668418884)
[INFO] 2022-09-12 03:43:26,801 [    train.py:  219]:	Evaluate:
[INFO] 2022-09-12 03:43:26,802 [    train.py:  226]:	Loss 0.2245, ('Ner Loss', 0.019235784),  ('CLS Classification Loss', 0.20530769)
[INFO] 2022-09-12 03:43:26,802 [    train.py:  227]:	('Ner Acc', 0.9976964), ('CLS Classification Acc', 0.97330356)
[INFO] 2022-09-12 03:43:39,776 [    train.py:  236]:	Precision 0.506 Recall 0.477 F1 0.491
[INFO] 2022-09-12 03:44:20,335 [    train.py:  184]:	Epoch 78: 
[INFO] 2022-09-12 03:44:20,335 [    train.py:  185]:	Train:
[INFO] 2022-09-12 03:44:20,338 [    train.py:  197]:	Loss 0.0019, ('Ner Loss', 0.00046033828402869403),  ('CLS Classification Loss', 0.0014837452908977866)
[INFO] 2022-09-12 03:44:20,338 [    train.py:  207]:	('Ner Acc', 0.9998586177825928),  ('CLS Classification Acc', 0.9996030330657959)
[INFO] 2022-09-12 03:44:22,578 [    train.py:  219]:	Evaluate:
[INFO] 2022-09-12 03:44:22,578 [    train.py:  226]:	Loss 0.2241, ('Ner Loss', 0.01990761),  ('CLS Classification Loss', 0.20421629)
[INFO] 2022-09-12 03:44:22,579 [    train.py:  227]:	('Ner Acc', 0.99770486), ('CLS Classification Acc', 0.97517675)
[INFO] 2022-09-12 03:44:36,422 [    train.py:  236]:	Precision 0.531 Recall 0.463 F1 0.495
[INFO] 2022-09-12 03:45:18,092 [    train.py:  184]:	Epoch 79: 
[INFO] 2022-09-12 03:45:18,093 [    train.py:  185]:	Train:
[INFO] 2022-09-12 03:45:18,095 [    train.py:  197]:	Loss 0.0011, ('Ner Loss', 0.0003043905016966164),  ('CLS Classification Loss', 0.000751055427826941)
[INFO] 2022-09-12 03:45:18,095 [    train.py:  207]:	('Ner Acc', 0.9998981952667236),  ('CLS Classification Acc', 0.999801516532898)
[INFO] 2022-09-12 03:45:20,398 [    train.py:  219]:	Evaluate:
[INFO] 2022-09-12 03:45:20,398 [    train.py:  226]:	Loss 0.2583, ('Ner Loss', 0.023074878),  ('CLS Classification Loss', 0.23520407)
[INFO] 2022-09-12 03:45:20,398 [    train.py:  227]:	('Ner Acc', 0.9976366), ('CLS Classification Acc', 0.97503966)
[INFO] 2022-09-12 03:45:33,425 [    train.py:  236]:	Precision 0.519 Recall 0.475 F1 0.496
[INFO] 2022-09-12 03:46:14,131 [    train.py:  184]:	Epoch 80: 
[INFO] 2022-09-12 03:46:14,131 [    train.py:  185]:	Train:
[INFO] 2022-09-12 03:46:14,135 [    train.py:  197]:	Loss 0.0017, ('Ner Loss', 0.0003600862401071936),  ('CLS Classification Loss', 0.0013485189992934465)
[INFO] 2022-09-12 03:46:14,135 [    train.py:  207]:	('Ner Acc', 0.9998911023139954),  ('CLS Classification Acc', 0.999615490436554)
[INFO] 2022-09-12 03:46:16,420 [    train.py:  219]:	Evaluate:
[INFO] 2022-09-12 03:46:16,421 [    train.py:  226]:	Loss 0.2281, ('Ner Loss', 0.019828165),  ('CLS Classification Loss', 0.20828046)
[INFO] 2022-09-12 03:46:16,421 [    train.py:  227]:	('Ner Acc', 0.9976637), ('CLS Classification Acc', 0.9741867)
[INFO] 2022-09-12 03:46:29,078 [    train.py:  236]:	Precision 0.508 Recall 0.479 F1 0.493
[INFO] 2022-09-12 03:47:10,013 [    train.py:  184]:	Epoch 81: 
[INFO] 2022-09-12 03:47:10,014 [    train.py:  185]:	Train:
[INFO] 2022-09-12 03:47:10,018 [    train.py:  197]:	Loss 0.0011, ('Ner Loss', 0.00023534148931503296),  ('CLS Classification Loss', 0.0009048969368450344)
[INFO] 2022-09-12 03:47:10,018 [    train.py:  207]:	('Ner Acc', 0.9999217391014099),  ('CLS Classification Acc', 0.9997889995574951)
[INFO] 2022-09-12 03:47:12,292 [    train.py:  219]:	Evaluate:
[INFO] 2022-09-12 03:47:12,292 [    train.py:  226]:	Loss 0.2816, ('Ner Loss', 0.025189506),  ('CLS Classification Loss', 0.2564126)
[INFO] 2022-09-12 03:47:12,293 [    train.py:  227]:	('Ner Acc', 0.9974889), ('CLS Classification Acc', 0.9729837)
[INFO] 2022-09-12 03:47:26,382 [    train.py:  236]:	Precision 0.483 Recall 0.490 F1 0.486
[INFO] 2022-09-12 03:48:07,526 [    train.py:  184]:	Epoch 82: 
[INFO] 2022-09-12 03:48:07,526 [    train.py:  185]:	Train:
[INFO] 2022-09-12 03:48:07,532 [    train.py:  197]:	Loss 0.0025, ('Ner Loss', 0.0005372875602915883),  ('CLS Classification Loss', 0.0020104467403143644)
[INFO] 2022-09-12 03:48:07,532 [    train.py:  207]:	('Ner Acc', 0.9998496770858765),  ('CLS Classification Acc', 0.9994417428970337)
[INFO] 2022-09-12 03:48:09,797 [    train.py:  219]:	Evaluate:
[INFO] 2022-09-12 03:48:09,798 [    train.py:  226]:	Loss 0.2384, ('Ner Loss', 0.020203905),  ('CLS Classification Loss', 0.21821316)
[INFO] 2022-09-12 03:48:09,798 [    train.py:  227]:	('Ner Acc', 0.9976217), ('CLS Classification Acc', 0.9722832)
[INFO] 2022-09-12 03:48:23,661 [    train.py:  236]:	Precision 0.503 Recall 0.414 F1 0.454
[INFO] 2022-09-12 03:49:04,589 [    train.py:  184]:	Epoch 83: 
[INFO] 2022-09-12 03:49:04,590 [    train.py:  185]:	Train:
[INFO] 2022-09-12 03:49:04,593 [    train.py:  197]:	Loss 0.0046, ('Ner Loss', 0.0007499694474972785),  ('CLS Classification Loss', 0.0038440346252173185)
[INFO] 2022-09-12 03:49:04,593 [    train.py:  207]:	('Ner Acc', 0.9997783303260803),  ('CLS Classification Acc', 0.9989333152770996)
[INFO] 2022-09-12 03:49:06,892 [    train.py:  219]:	Evaluate:
[INFO] 2022-09-12 03:49:06,893 [    train.py:  226]:	Loss 0.1940, ('Ner Loss', 0.017290711),  ('CLS Classification Loss', 0.17671137)
[INFO] 2022-09-12 03:49:06,893 [    train.py:  227]:	('Ner Acc', 0.99750316), ('CLS Classification Acc', 0.9713997)
[INFO] 2022-09-12 03:49:21,069 [    train.py:  236]:	Precision 0.497 Recall 0.418 F1 0.454
[INFO] 2022-09-12 03:50:02,837 [    train.py:  184]:	Epoch 84: 
[INFO] 2022-09-12 03:50:02,837 [    train.py:  185]:	Train:
[INFO] 2022-09-12 03:50:02,840 [    train.py:  197]:	Loss 0.0034, ('Ner Loss', 0.0006252253660932183),  ('CLS Classification Loss', 0.0027743077371269464)
[INFO] 2022-09-12 03:50:02,840 [    train.py:  207]:	('Ner Acc', 0.9998197555541992),  ('CLS Classification Acc', 0.9991814494132996)
[INFO] 2022-09-12 03:50:05,158 [    train.py:  219]:	Evaluate:
[INFO] 2022-09-12 03:50:05,159 [    train.py:  226]:	Loss 0.2344, ('Ner Loss', 0.020293431),  ('CLS Classification Loss', 0.21409684)
[INFO] 2022-09-12 03:50:05,159 [    train.py:  227]:	('Ner Acc', 0.9974151), ('CLS Classification Acc', 0.97392786)
[INFO] 2022-09-12 03:50:18,990 [    train.py:  236]:	Precision 0.491 Recall 0.451 F1 0.470
[INFO] 2022-09-12 03:51:00,025 [    train.py:  184]:	Epoch 85: 
[INFO] 2022-09-12 03:51:00,025 [    train.py:  185]:	Train:
[INFO] 2022-09-12 03:51:00,028 [    train.py:  197]:	Loss 0.0033, ('Ner Loss', 0.0004729617794509977),  ('CLS Classification Loss', 0.002799042733386159)
[INFO] 2022-09-12 03:51:00,029 [    train.py:  207]:	('Ner Acc', 0.9998618960380554),  ('CLS Classification Acc', 0.9993177056312561)
[INFO] 2022-09-12 03:51:02,291 [    train.py:  219]:	Evaluate:
[INFO] 2022-09-12 03:51:02,291 [    train.py:  226]:	Loss 0.2039, ('Ner Loss', 0.021202186),  ('CLS Classification Loss', 0.18270943)
[INFO] 2022-09-12 03:51:02,291 [    train.py:  227]:	('Ner Acc', 0.9974373), ('CLS Classification Acc', 0.9733645)
[INFO] 2022-09-12 03:51:16,233 [    train.py:  236]:	Precision 0.483 Recall 0.484 F1 0.483
[INFO] 2022-09-12 03:51:58,353 [    train.py:  184]:	Epoch 86: 
[INFO] 2022-09-12 03:51:58,354 [    train.py:  185]:	Train:
[INFO] 2022-09-12 03:51:58,362 [    train.py:  197]:	Loss 0.0031, ('Ner Loss', 0.0006012999801896513),  ('CLS Classification Loss', 0.0024949652142822742)
[INFO] 2022-09-12 03:51:58,362 [    train.py:  207]:	('Ner Acc', 0.9998384714126587),  ('CLS Classification Acc', 0.9992928504943848)
[INFO] 2022-09-12 03:52:00,692 [    train.py:  219]:	Evaluate:
[INFO] 2022-09-12 03:52:00,692 [    train.py:  226]:	Loss 0.2383, ('Ner Loss', 0.022915507),  ('CLS Classification Loss', 0.21542579)
[INFO] 2022-09-12 03:52:00,693 [    train.py:  227]:	('Ner Acc', 0.9975615), ('CLS Classification Acc', 0.97330344)
[INFO] 2022-09-12 03:52:14,703 [    train.py:  236]:	Precision 0.505 Recall 0.446 F1 0.474
[INFO] 2022-09-12 03:52:56,308 [    train.py:  184]:	Epoch 87: 
[INFO] 2022-09-12 03:52:56,308 [    train.py:  185]:	Train:
[INFO] 2022-09-12 03:52:56,311 [    train.py:  197]:	Loss 0.0038, ('Ner Loss', 0.0007987185963429511),  ('CLS Classification Loss', 0.0030140962917357683)
[INFO] 2022-09-12 03:52:56,311 [    train.py:  207]:	('Ner Acc', 0.9997592568397522),  ('CLS Classification Acc', 0.9992184042930603)
[INFO] 2022-09-12 03:52:58,654 [    train.py:  219]:	Evaluate:
[INFO] 2022-09-12 03:52:58,655 [    train.py:  226]:	Loss 0.2143, ('Ner Loss', 0.020586615),  ('CLS Classification Loss', 0.1937422)
[INFO] 2022-09-12 03:52:58,655 [    train.py:  227]:	('Ner Acc', 0.9974563), ('CLS Classification Acc', 0.9735015)
[INFO] 2022-09-12 03:53:13,102 [    train.py:  236]:	Precision 0.513 Recall 0.463 F1 0.487
[INFO] 2022-09-12 03:53:54,707 [    train.py:  184]:	Epoch 88: 
[INFO] 2022-09-12 03:53:54,708 [    train.py:  185]:	Train:
[INFO] 2022-09-12 03:53:54,711 [    train.py:  197]:	Loss 0.0045, ('Ner Loss', 0.0006985225481912494),  ('CLS Classification Loss', 0.0038248917553573847)
[INFO] 2022-09-12 03:53:54,711 [    train.py:  207]:	('Ner Acc', 0.9997979402542114),  ('CLS Classification Acc', 0.9989455342292786)
[INFO] 2022-09-12 03:53:56,996 [    train.py:  219]:	Evaluate:
[INFO] 2022-09-12 03:53:56,996 [    train.py:  226]:	Loss 0.2441, ('Ner Loss', 0.022219641),  ('CLS Classification Loss', 0.22183716)
[INFO] 2022-09-12 03:53:56,997 [    train.py:  227]:	('Ner Acc', 0.99751323), ('CLS Classification Acc', 0.9721765)
[INFO] 2022-09-12 03:54:11,149 [    train.py:  236]:	Precision 0.507 Recall 0.412 F1 0.454
[INFO] 2022-09-12 03:54:52,651 [    train.py:  184]:	Epoch 89: 
[INFO] 2022-09-12 03:54:52,652 [    train.py:  185]:	Train:
[INFO] 2022-09-12 03:54:52,655 [    train.py:  197]:	Loss 0.0040, ('Ner Loss', 0.0005222243489697576),  ('CLS Classification Loss', 0.0034777477849274874)
[INFO] 2022-09-12 03:54:52,655 [    train.py:  207]:	('Ner Acc', 0.9998541474342346),  ('CLS Classification Acc', 0.9990819692611694)
[INFO] 2022-09-12 03:54:54,925 [    train.py:  219]:	Evaluate:
[INFO] 2022-09-12 03:54:54,926 [    train.py:  226]:	Loss 0.1862, ('Ner Loss', 0.018814716),  ('CLS Classification Loss', 0.16742603)
[INFO] 2022-09-12 03:54:54,926 [    train.py:  227]:	('Ner Acc', 0.9974062), ('CLS Classification Acc', 0.97315115)
[INFO] 2022-09-12 03:55:09,224 [    train.py:  236]:	Precision 0.471 Recall 0.471 F1 0.471
[INFO] 2022-09-12 03:55:50,697 [    train.py:  184]:	Epoch 90: 
[INFO] 2022-09-12 03:55:50,698 [    train.py:  185]:	Train:
[INFO] 2022-09-12 03:55:50,703 [    train.py:  197]:	Loss 0.0040, ('Ner Loss', 0.0005608991486951709),  ('CLS Classification Loss', 0.0034043914638459682)
[INFO] 2022-09-12 03:55:50,703 [    train.py:  207]:	('Ner Acc', 0.999833881855011),  ('CLS Classification Acc', 0.9990199208259583)
[INFO] 2022-09-12 03:55:52,992 [    train.py:  219]:	Evaluate:
[INFO] 2022-09-12 03:55:52,993 [    train.py:  226]:	Loss 0.1815, ('Ner Loss', 0.01839559),  ('CLS Classification Loss', 0.16306476)
[INFO] 2022-09-12 03:55:52,993 [    train.py:  227]:	('Ner Acc', 0.9976462), ('CLS Classification Acc', 0.9747198)
[INFO] 2022-09-12 03:56:06,891 [    train.py:  236]:	Precision 0.530 Recall 0.456 F1 0.490
[INFO] 2022-09-12 03:56:48,053 [    train.py:  184]:	Epoch 91: 
[INFO] 2022-09-12 03:56:48,054 [    train.py:  185]:	Train:
[INFO] 2022-09-12 03:56:48,056 [    train.py:  197]:	Loss 0.0042, ('Ner Loss', 0.0005706254160031676),  ('CLS Classification Loss', 0.0036337056662887335)
[INFO] 2022-09-12 03:56:48,057 [    train.py:  207]:	('Ner Acc', 0.9998310804367065),  ('CLS Classification Acc', 0.9989827871322632)
[INFO] 2022-09-12 03:56:50,379 [    train.py:  219]:	Evaluate:
[INFO] 2022-09-12 03:56:50,379 [    train.py:  226]:	Loss 0.2013, ('Ner Loss', 0.019757334),  ('CLS Classification Loss', 0.1815176)
[INFO] 2022-09-12 03:56:50,379 [    train.py:  227]:	('Ner Acc', 0.9975002), ('CLS Classification Acc', 0.97330356)
[INFO] 2022-09-12 03:57:04,070 [    train.py:  236]:	Precision 0.484 Recall 0.452 F1 0.467
[INFO] 2022-09-12 03:57:45,064 [    train.py:  184]:	Epoch 92: 
[INFO] 2022-09-12 03:57:45,064 [    train.py:  185]:	Train:
[INFO] 2022-09-12 03:57:45,067 [    train.py:  197]:	Loss 0.0022, ('Ner Loss', 0.00043642683885991573),  ('CLS Classification Loss', 0.0017662836471572518)
[INFO] 2022-09-12 03:57:45,067 [    train.py:  207]:	('Ner Acc', 0.9998591542243958),  ('CLS Classification Acc', 0.9995656609535217)
[INFO] 2022-09-12 03:57:47,380 [    train.py:  219]:	Evaluate:
[INFO] 2022-09-12 03:57:47,381 [    train.py:  226]:	Loss 0.2158, ('Ner Loss', 0.019899612),  ('CLS Classification Loss', 0.19586031)
[INFO] 2022-09-12 03:57:47,381 [    train.py:  227]:	('Ner Acc', 0.9975622), ('CLS Classification Acc', 0.97366893)
[INFO] 2022-09-12 03:58:01,445 [    train.py:  236]:	Precision 0.506 Recall 0.476 F1 0.491
[INFO] 2022-09-12 03:58:43,428 [    train.py:  184]:	Epoch 93: 
[INFO] 2022-09-12 03:58:43,428 [    train.py:  185]:	Train:
[INFO] 2022-09-12 03:58:43,431 [    train.py:  197]:	Loss 0.0024, ('Ner Loss', 0.0004319827421568334),  ('CLS Classification Loss', 0.0019985027611255646)
[INFO] 2022-09-12 03:58:43,431 [    train.py:  207]:	('Ner Acc', 0.9998574256896973),  ('CLS Classification Acc', 0.9994663596153259)
[INFO] 2022-09-12 03:58:45,698 [    train.py:  219]:	Evaluate:
[INFO] 2022-09-12 03:58:45,698 [    train.py:  226]:	Loss 0.2005, ('Ner Loss', 0.019532224),  ('CLS Classification Loss', 0.18092826)
[INFO] 2022-09-12 03:58:45,698 [    train.py:  227]:	('Ner Acc', 0.9974615), ('CLS Classification Acc', 0.9728771)
[INFO] 2022-09-12 03:58:59,492 [    train.py:  236]:	Precision 0.498 Recall 0.462 F1 0.479
[INFO] 2022-09-12 03:59:41,219 [    train.py:  184]:	Epoch 94: 
[INFO] 2022-09-12 03:59:41,219 [    train.py:  185]:	Train:
[INFO] 2022-09-12 03:59:41,222 [    train.py:  197]:	Loss 0.0025, ('Ner Loss', 0.0005361296352930367),  ('CLS Classification Loss', 0.002012359444051981)
[INFO] 2022-09-12 03:59:41,222 [    train.py:  207]:	('Ner Acc', 0.9998513460159302),  ('CLS Classification Acc', 0.9993795156478882)
[INFO] 2022-09-12 03:59:43,489 [    train.py:  219]:	Evaluate:
[INFO] 2022-09-12 03:59:43,490 [    train.py:  226]:	Loss 0.2080, ('Ner Loss', 0.018583406),  ('CLS Classification Loss', 0.18945827)
[INFO] 2022-09-12 03:59:43,490 [    train.py:  227]:	('Ner Acc', 0.9975592), ('CLS Classification Acc', 0.97485685)
[INFO] 2022-09-12 03:59:57,671 [    train.py:  236]:	Precision 0.523 Recall 0.462 F1 0.490
[INFO] 2022-09-12 04:00:39,703 [    train.py:  184]:	Epoch 95: 
[INFO] 2022-09-12 04:00:39,704 [    train.py:  185]:	Train:
[INFO] 2022-09-12 04:00:39,707 [    train.py:  197]:	Loss 0.0026, ('Ner Loss', 0.0005204721237532794),  ('CLS Classification Loss', 0.0021128584630787373)
[INFO] 2022-09-12 04:00:39,707 [    train.py:  207]:	('Ner Acc', 0.9998537302017212),  ('CLS Classification Acc', 0.9994542002677917)
[INFO] 2022-09-12 04:00:42,044 [    train.py:  219]:	Evaluate:
[INFO] 2022-09-12 04:00:42,044 [    train.py:  226]:	Loss 0.2251, ('Ner Loss', 0.018413603),  ('CLS Classification Loss', 0.20671865)
[INFO] 2022-09-12 04:00:42,044 [    train.py:  227]:	('Ner Acc', 0.9977156), ('CLS Classification Acc', 0.9749483)
[INFO] 2022-09-12 04:00:56,142 [    train.py:  236]:	Precision 0.524 Recall 0.467 F1 0.494
[INFO] 2022-09-12 04:01:38,401 [    train.py:  184]:	Epoch 96: 
[INFO] 2022-09-12 04:01:38,401 [    train.py:  185]:	Train:
[INFO] 2022-09-12 04:01:38,403 [    train.py:  197]:	Loss 0.0018, ('Ner Loss', 0.0002916976809501648),  ('CLS Classification Loss', 0.0014675416750833392)
[INFO] 2022-09-12 04:01:38,404 [    train.py:  207]:	('Ner Acc', 0.9999034404754639),  ('CLS Classification Acc', 0.9996649622917175)
[INFO] 2022-09-12 04:01:40,704 [    train.py:  219]:	Evaluate:
[INFO] 2022-09-12 04:01:40,705 [    train.py:  226]:	Loss 0.2330, ('Ner Loss', 0.01913725),  ('CLS Classification Loss', 0.21386659)
[INFO] 2022-09-12 04:01:40,705 [    train.py:  227]:	('Ner Acc', 0.9974303), ('CLS Classification Acc', 0.97161305)
[INFO] 2022-09-12 04:01:54,588 [    train.py:  236]:	Precision 0.478 Recall 0.428 F1 0.452
[INFO] 2022-09-12 04:02:36,434 [    train.py:  184]:	Epoch 97: 
[INFO] 2022-09-12 04:02:36,434 [    train.py:  185]:	Train:
[INFO] 2022-09-12 04:02:36,437 [    train.py:  197]:	Loss 0.0014, ('Ner Loss', 0.00031950880656950176),  ('CLS Classification Loss', 0.0010649667819961905)
[INFO] 2022-09-12 04:02:36,437 [    train.py:  207]:	('Ner Acc', 0.9998909831047058),  ('CLS Classification Acc', 0.9996899366378784)
[INFO] 2022-09-12 04:02:38,755 [    train.py:  219]:	Evaluate:
[INFO] 2022-09-12 04:02:38,756 [    train.py:  226]:	Loss 0.2368, ('Ner Loss', 0.020988131),  ('CLS Classification Loss', 0.21581188)
[INFO] 2022-09-12 04:02:38,756 [    train.py:  227]:	('Ner Acc', 0.9976632), ('CLS Classification Acc', 0.97435427)
[INFO] 2022-09-12 04:02:52,910 [    train.py:  236]:	Precision 0.520 Recall 0.485 F1 0.502
[INFO] 2022-09-12 04:03:35,370 [    train.py:  184]:	Epoch 98: 
[INFO] 2022-09-12 04:03:35,371 [    train.py:  185]:	Train:
[INFO] 2022-09-12 04:03:35,374 [    train.py:  197]:	Loss 0.0008, ('Ner Loss', 0.0002469441096764058),  ('CLS Classification Loss', 0.0005551915382966399)
[INFO] 2022-09-12 04:03:35,374 [    train.py:  207]:	('Ner Acc', 0.9999256730079651),  ('CLS Classification Acc', 0.9998138546943665)
[INFO] 2022-09-12 04:03:37,739 [    train.py:  219]:	Evaluate:
[INFO] 2022-09-12 04:03:37,740 [    train.py:  226]:	Loss 0.2402, ('Ner Loss', 0.021478653),  ('CLS Classification Loss', 0.21874726)
[INFO] 2022-09-12 04:03:37,740 [    train.py:  227]:	('Ner Acc', 0.99770206), ('CLS Classification Acc', 0.97522235)
[INFO] 2022-09-12 04:03:51,800 [    train.py:  236]:	Precision 0.530 Recall 0.479 F1 0.503
[INFO] 2022-09-12 04:04:34,079 [    train.py:  184]:	Epoch 99: 
[INFO] 2022-09-12 04:04:34,079 [    train.py:  185]:	Train:
[INFO] 2022-09-12 04:04:34,083 [    train.py:  197]:	Loss 0.0024, ('Ner Loss', 0.00026770361000671983),  ('CLS Classification Loss', 0.0021274234168231487)
[INFO] 2022-09-12 04:04:34,083 [    train.py:  207]:	('Ner Acc', 0.9999150037765503),  ('CLS Classification Acc', 0.9995037913322449)
[INFO] 2022-09-12 04:04:36,478 [    train.py:  219]:	Evaluate:
[INFO] 2022-09-12 04:04:36,478 [    train.py:  226]:	Loss 0.2306, ('Ner Loss', 0.02185356),  ('CLS Classification Loss', 0.20875369)
[INFO] 2022-09-12 04:04:36,479 [    train.py:  227]:	('Ner Acc', 0.997589), ('CLS Classification Acc', 0.9738061)
[INFO] 2022-09-12 04:04:50,419 [    train.py:  236]:	Precision 0.526 Recall 0.486 F1 0.506
[INFO] 2022-09-12 04:05:33,040 [    train.py:  184]:	Epoch 100: 
[INFO] 2022-09-12 04:05:33,041 [    train.py:  185]:	Train:
[INFO] 2022-09-12 04:05:33,048 [    train.py:  197]:	Loss 0.0023, ('Ner Loss', 0.0003007034247275442),  ('CLS Classification Loss', 0.001964609371498227)
[INFO] 2022-09-12 04:05:33,049 [    train.py:  207]:	('Ner Acc', 0.9999021291732788),  ('CLS Classification Acc', 0.9994417428970337)
[INFO] 2022-09-12 04:05:35,431 [    train.py:  219]:	Evaluate:
[INFO] 2022-09-12 04:05:35,431 [    train.py:  226]:	Loss 0.2082, ('Ner Loss', 0.020613056),  ('CLS Classification Loss', 0.18759702)
[INFO] 2022-09-12 04:05:35,432 [    train.py:  227]:	('Ner Acc', 0.99770254), ('CLS Classification Acc', 0.97540516)
[INFO] 2022-09-12 04:05:49,767 [    train.py:  236]:	Precision 0.545 Recall 0.433 F1 0.483
[INFO] 2022-09-12 04:05:49,768 [    train.py:  256]:	Best Epoch 99; Best f1 0.5055350553505534 precision 0.5262483994878361 recall 0.4863905325443787;
