[INFO] 2022-10-03 16:55:59,306 [    train.py:  517]:	Namespace(block_att_head_num=1, cased=0, d_block=0, data_aug=2, dataset='res15', decay_rate=0.92, decay_steps=500, do_test=True, do_train=True, do_valid=True, drop_null_data=True, dropout_rate=0.2, epochs=100, extra_attention=True, fuse_strategy='update', init_model_dir='', language='en', loss_ratio=1.0, lr=5e-05, mask_sb=True, model_type='end_to_end', output_dir='./output', save_dir='', schema='BIO', task_name='ttee_res15_100epoch_0d_2aug_5e-5lr_500_0.92_schedule_0cased_0.2dropout_dropnull_1loss_BIO', test_batch_size=32, train_batch_size=16, valid_freq=1)
[INFO] 2022-10-03 16:56:10,956 [    train.py:  122]:	{'init_bert_model': 'bert-base-uncased', 'sentence_b': DictWrapper({'texts': ListWrapper(['general of ambience', 'price of drinks', 'quality of drinks', 'style options of drinks', 'prices of food', 'quality of food', 'style options of food', 'general of location', 'general of restaurant', 'miscellaneous of restaurant', 'prices of restaurant', 'general of service']), 'sentiments': ListWrapper(['negative', 'neutral', 'positive'])}), 'num_sentiment_classes': 3, 'subblock_hidden_size': 0, 'subblock_head_num': 1, 'cache_dir': 'bert_models/bert-base-uncased', 'fuse_strategy': 'update', 'tagging_schema': 'BIO', 'extra_attention': True, 'dropout': 0.2, 'loss_ratio': 1.0}
[INFO] 2022-10-03 16:56:10,956 [    train.py:  124]:	Number of Train Sentence: 1120
[INFO] 2022-10-03 16:56:10,966 [    train.py:  534]:	Data augment: Merge 2 train data together
[INFO] 2022-10-03 16:57:20,241 [    train.py:  188]:	Epoch 1: 
[INFO] 2022-10-03 16:57:20,242 [    train.py:  189]:	Train:
[INFO] 2022-10-03 16:57:20,247 [    train.py:  201]:	Loss 0.3681, ('Ner Loss', 0.10871284455060959),  ('CLS Classification Loss', 0.25941047072410583)
[INFO] 2022-10-03 16:57:20,247 [    train.py:  211]:	('Ner Acc', 0.9739937782287598),  ('CLS Classification Acc', 0.9281250238418579)
[INFO] 2022-10-03 16:57:25,251 [    train.py:  223]:	Evaluate:
[INFO] 2022-10-03 16:57:25,252 [    train.py:  230]:	Loss 0.1820, ('Ner Loss', 0.020503106),  ('CLS Classification Loss', 0.16148059)
[INFO] 2022-10-03 16:57:25,253 [    train.py:  231]:	('Ner Acc', 0.9970935), ('CLS Classification Acc', 0.962567)
[INFO] 2022-10-03 16:57:36,242 [    train.py:  240]:	Precision 0.000 Recall 0.000 F1 0.000
[INFO] 2022-10-03 16:58:15,779 [    train.py:  188]:	Epoch 2: 
[INFO] 2022-10-03 16:58:15,780 [    train.py:  189]:	Train:
[INFO] 2022-10-03 16:58:15,787 [    train.py:  201]:	Loss 0.2343, ('Ner Loss', 0.046199750155210495),  ('CLS Classification Loss', 0.18811023235321045)
[INFO] 2022-10-03 16:58:15,788 [    train.py:  211]:	('Ner Acc', 0.9942646622657776),  ('CLS Classification Acc', 0.937227189540863)
[INFO] 2022-10-03 16:58:18,015 [    train.py:  223]:	Evaluate:
[INFO] 2022-10-03 16:58:18,015 [    train.py:  230]:	Loss 0.1740, ('Ner Loss', 0.016896075),  ('CLS Classification Loss', 0.15706937)
[INFO] 2022-10-03 16:58:18,015 [    train.py:  231]:	('Ner Acc', 0.9971178), ('CLS Classification Acc', 0.9600085)
[INFO] 2022-10-03 16:58:26,049 [    train.py:  240]:	Precision 0.074 Recall 0.018 F1 0.029
[INFO] 2022-10-03 16:59:05,636 [    train.py:  188]:	Epoch 3: 
[INFO] 2022-10-03 16:59:05,637 [    train.py:  189]:	Train:
[INFO] 2022-10-03 16:59:05,640 [    train.py:  201]:	Loss 0.2220, ('Ner Loss', 0.043202489614486694),  ('CLS Classification Loss', 0.17877845466136932)
[INFO] 2022-10-03 16:59:05,640 [    train.py:  211]:	('Ner Acc', 0.994170069694519),  ('CLS Classification Acc', 0.9397941827774048)
[INFO] 2022-10-03 16:59:07,870 [    train.py:  223]:	Evaluate:
[INFO] 2022-10-03 16:59:07,871 [    train.py:  230]:	Loss 0.1485, ('Ner Loss', 0.014447049),  ('CLS Classification Loss', 0.13404574)
[INFO] 2022-10-03 16:59:07,871 [    train.py:  231]:	('Ner Acc', 0.99713147), ('CLS Classification Acc', 0.9634808)
[INFO] 2022-10-03 16:59:15,918 [    train.py:  240]:	Precision 0.089 Recall 0.018 F1 0.030
[INFO] 2022-10-03 16:59:55,487 [    train.py:  188]:	Epoch 4: 
[INFO] 2022-10-03 16:59:55,487 [    train.py:  189]:	Train:
[INFO] 2022-10-03 16:59:55,490 [    train.py:  201]:	Loss 0.2060, ('Ner Loss', 0.04093291610479355),  ('CLS Classification Loss', 0.16504698991775513)
[INFO] 2022-10-03 16:59:55,490 [    train.py:  211]:	('Ner Acc', 0.9941628575325012),  ('CLS Classification Acc', 0.9436508417129517)
[INFO] 2022-10-03 16:59:57,717 [    train.py:  223]:	Evaluate:
[INFO] 2022-10-03 16:59:57,718 [    train.py:  230]:	Loss 0.1433, ('Ner Loss', 0.014353081),  ('CLS Classification Loss', 0.12893212)
[INFO] 2022-10-03 16:59:57,718 [    train.py:  231]:	('Ner Acc', 0.99731916), ('CLS Classification Acc', 0.9641509)
[INFO] 2022-10-03 17:00:06,109 [    train.py:  240]:	Precision 0.241 Recall 0.073 F1 0.113
[INFO] 2022-10-03 17:00:45,598 [    train.py:  188]:	Epoch 5: 
[INFO] 2022-10-03 17:00:45,598 [    train.py:  189]:	Train:
[INFO] 2022-10-03 17:00:45,601 [    train.py:  201]:	Loss 0.1959, ('Ner Loss', 0.03899959847331047),  ('CLS Classification Loss', 0.1568833440542221)
[INFO] 2022-10-03 17:00:45,601 [    train.py:  211]:	('Ner Acc', 0.9943169951438904),  ('CLS Classification Acc', 0.9457588195800781)
[INFO] 2022-10-03 17:00:47,844 [    train.py:  223]:	Evaluate:
[INFO] 2022-10-03 17:00:47,845 [    train.py:  230]:	Loss 0.1439, ('Ner Loss', 0.013898671),  ('CLS Classification Loss', 0.1299619)
[INFO] 2022-10-03 17:00:47,845 [    train.py:  231]:	('Ner Acc', 0.9972752), ('CLS Classification Acc', 0.9624756)
[INFO] 2022-10-03 17:00:55,782 [    train.py:  240]:	Precision 0.213 Recall 0.105 F1 0.141
[INFO] 2022-10-03 17:01:35,182 [    train.py:  188]:	Epoch 6: 
[INFO] 2022-10-03 17:01:35,183 [    train.py:  189]:	Train:
[INFO] 2022-10-03 17:01:35,185 [    train.py:  201]:	Loss 0.1736, ('Ner Loss', 0.0367850586771965),  ('CLS Classification Loss', 0.1367660015821457)
[INFO] 2022-10-03 17:01:35,185 [    train.py:  211]:	('Ner Acc', 0.9945653676986694),  ('CLS Classification Acc', 0.9507443308830261)
[INFO] 2022-10-03 17:01:37,394 [    train.py:  223]:	Evaluate:
[INFO] 2022-10-03 17:01:37,394 [    train.py:  230]:	Loss 0.1167, ('Ner Loss', 0.011538359),  ('CLS Classification Loss', 0.105119444)
[INFO] 2022-10-03 17:01:37,395 [    train.py:  231]:	('Ner Acc', 0.9974602), ('CLS Classification Acc', 0.96850634)
[INFO] 2022-10-03 17:01:45,497 [    train.py:  240]:	Precision 0.459 Recall 0.160 F1 0.237
[INFO] 2022-10-03 17:02:24,947 [    train.py:  188]:	Epoch 7: 
[INFO] 2022-10-03 17:02:24,947 [    train.py:  189]:	Train:
[INFO] 2022-10-03 17:02:24,951 [    train.py:  201]:	Loss 0.1580, ('Ner Loss', 0.03477392718195915),  ('CLS Classification Loss', 0.12323568761348724)
[INFO] 2022-10-03 17:02:24,951 [    train.py:  211]:	('Ner Acc', 0.994979739189148),  ('CLS Classification Acc', 0.9540426135063171)
[INFO] 2022-10-03 17:02:27,167 [    train.py:  223]:	Evaluate:
[INFO] 2022-10-03 17:02:27,167 [    train.py:  230]:	Loss 0.1073, ('Ner Loss', 0.010279845),  ('CLS Classification Loss', 0.0969705)
[INFO] 2022-10-03 17:02:27,168 [    train.py:  231]:	('Ner Acc', 0.9974107), ('CLS Classification Acc', 0.96931344)
[INFO] 2022-10-03 17:02:35,192 [    train.py:  240]:	Precision 0.423 Recall 0.191 F1 0.263
[INFO] 2022-10-03 17:03:14,845 [    train.py:  188]:	Epoch 8: 
[INFO] 2022-10-03 17:03:14,845 [    train.py:  189]:	Train:
[INFO] 2022-10-03 17:03:14,849 [    train.py:  201]:	Loss 0.1384, ('Ner Loss', 0.032709136605262756),  ('CLS Classification Loss', 0.10569439083337784)
[INFO] 2022-10-03 17:03:14,849 [    train.py:  211]:	('Ner Acc', 0.9952639937400818),  ('CLS Classification Acc', 0.9601312875747681)
[INFO] 2022-10-03 17:03:17,076 [    train.py:  223]:	Evaluate:
[INFO] 2022-10-03 17:03:17,077 [    train.py:  230]:	Loss 0.1044, ('Ner Loss', 0.01020936),  ('CLS Classification Loss', 0.09423472)
[INFO] 2022-10-03 17:03:17,077 [    train.py:  231]:	('Ner Acc', 0.9974355), ('CLS Classification Acc', 0.9688718)
[INFO] 2022-10-03 17:03:25,009 [    train.py:  240]:	Precision 0.357 Recall 0.334 F1 0.345
[INFO] 2022-10-03 17:04:04,567 [    train.py:  188]:	Epoch 9: 
[INFO] 2022-10-03 17:04:04,567 [    train.py:  189]:	Train:
[INFO] 2022-10-03 17:04:04,571 [    train.py:  201]:	Loss 0.1105, ('Ner Loss', 0.03075878694653511),  ('CLS Classification Loss', 0.07976161688566208)
[INFO] 2022-10-03 17:04:04,571 [    train.py:  211]:	('Ner Acc', 0.9955756068229675),  ('CLS Classification Acc', 0.9702507257461548)
[INFO] 2022-10-03 17:04:06,830 [    train.py:  223]:	Evaluate:
[INFO] 2022-10-03 17:04:06,830 [    train.py:  230]:	Loss 0.0983, ('Ner Loss', 0.010095897),  ('CLS Classification Loss', 0.08824986)
[INFO] 2022-10-03 17:04:06,831 [    train.py:  231]:	('Ner Acc', 0.9977015), ('CLS Classification Acc', 0.9743542)
[INFO] 2022-10-03 17:04:14,799 [    train.py:  240]:	Precision 0.484 Recall 0.367 F1 0.418
[INFO] 2022-10-03 17:04:54,115 [    train.py:  188]:	Epoch 10: 
[INFO] 2022-10-03 17:04:54,116 [    train.py:  189]:	Train:
[INFO] 2022-10-03 17:04:54,121 [    train.py:  201]:	Loss 0.0859, ('Ner Loss', 0.02895066700875759),  ('CLS Classification Loss', 0.056928008794784546)
[INFO] 2022-10-03 17:04:54,121 [    train.py:  211]:	('Ner Acc', 0.9960713982582092),  ('CLS Classification Acc', 0.9780505299568176)
[INFO] 2022-10-03 17:04:56,363 [    train.py:  223]:	Evaluate:
[INFO] 2022-10-03 17:04:56,364 [    train.py:  230]:	Loss 0.1236, ('Ner Loss', 0.013711603),  ('CLS Classification Loss', 0.109911956)
[INFO] 2022-10-03 17:04:56,364 [    train.py:  231]:	('Ner Acc', 0.9978633), ('CLS Classification Acc', 0.975664)
[INFO] 2022-10-03 17:05:04,330 [    train.py:  240]:	Precision 0.526 Recall 0.385 F1 0.444
[INFO] 2022-10-03 17:05:43,872 [    train.py:  188]:	Epoch 11: 
[INFO] 2022-10-03 17:05:43,872 [    train.py:  189]:	Train:
[INFO] 2022-10-03 17:05:43,875 [    train.py:  201]:	Loss 0.0694, ('Ner Loss', 0.02743368223309517),  ('CLS Classification Loss', 0.04200458526611328)
[INFO] 2022-10-03 17:05:43,875 [    train.py:  211]:	('Ner Acc', 0.9962394833564758),  ('CLS Classification Acc', 0.9837921261787415)
[INFO] 2022-10-03 17:05:46,092 [    train.py:  223]:	Evaluate:
[INFO] 2022-10-03 17:05:46,093 [    train.py:  230]:	Loss 0.1173, ('Ner Loss', 0.012787029),  ('CLS Classification Loss', 0.10449987)
[INFO] 2022-10-03 17:05:46,093 [    train.py:  231]:	('Ner Acc', 0.99772596), ('CLS Classification Acc', 0.97606)
[INFO] 2022-10-03 17:05:54,134 [    train.py:  240]:	Precision 0.509 Recall 0.456 F1 0.481
[INFO] 2022-10-03 17:06:33,590 [    train.py:  188]:	Epoch 12: 
[INFO] 2022-10-03 17:06:33,591 [    train.py:  189]:	Train:
[INFO] 2022-10-03 17:06:33,598 [    train.py:  201]:	Loss 0.0577, ('Ner Loss', 0.026372592896223068),  ('CLS Classification Loss', 0.03128643333911896)
[INFO] 2022-10-03 17:06:33,598 [    train.py:  211]:	('Ner Acc', 0.9964759945869446),  ('CLS Classification Acc', 0.9882195591926575)
[INFO] 2022-10-03 17:06:35,841 [    train.py:  223]:	Evaluate:
[INFO] 2022-10-03 17:06:35,841 [    train.py:  230]:	Loss 0.1274, ('Ner Loss', 0.013649774),  ('CLS Classification Loss', 0.11378469)
[INFO] 2022-10-03 17:06:35,841 [    train.py:  231]:	('Ner Acc', 0.997828), ('CLS Classification Acc', 0.9761514)
[INFO] 2022-10-03 17:06:43,942 [    train.py:  240]:	Precision 0.511 Recall 0.458 F1 0.483
[INFO] 2022-10-03 17:07:24,108 [    train.py:  188]:	Epoch 13: 
[INFO] 2022-10-03 17:07:24,109 [    train.py:  189]:	Train:
[INFO] 2022-10-03 17:07:24,113 [    train.py:  201]:	Loss 0.0461, ('Ner Loss', 0.025371167808771133),  ('CLS Classification Loss', 0.020713018253445625)
[INFO] 2022-10-03 17:07:24,113 [    train.py:  211]:	('Ner Acc', 0.9967104196548462),  ('CLS Classification Acc', 0.9924848079681396)
[INFO] 2022-10-03 17:07:26,362 [    train.py:  223]:	Evaluate:
[INFO] 2022-10-03 17:07:26,362 [    train.py:  230]:	Loss 0.1434, ('Ner Loss', 0.01560605),  ('CLS Classification Loss', 0.12776631)
[INFO] 2022-10-03 17:07:26,363 [    train.py:  231]:	('Ner Acc', 0.9979386), ('CLS Classification Acc', 0.97753716)
[INFO] 2022-10-03 17:07:34,726 [    train.py:  240]:	Precision 0.549 Recall 0.450 F1 0.494
[INFO] 2022-10-03 17:08:13,893 [    train.py:  188]:	Epoch 14: 
[INFO] 2022-10-03 17:08:13,893 [    train.py:  189]:	Train:
[INFO] 2022-10-03 17:08:13,897 [    train.py:  201]:	Loss 0.0444, ('Ner Loss', 0.02475021965801716),  ('CLS Classification Loss', 0.019616514444351196)
[INFO] 2022-10-03 17:08:13,897 [    train.py:  211]:	('Ner Acc', 0.9969065189361572),  ('CLS Classification Acc', 0.9931420683860779)
[INFO] 2022-10-03 17:08:16,117 [    train.py:  223]:	Evaluate:
[INFO] 2022-10-03 17:08:16,118 [    train.py:  230]:	Loss 0.1491, ('Ner Loss', 0.018529054),  ('CLS Classification Loss', 0.13052571)
[INFO] 2022-10-03 17:08:16,118 [    train.py:  231]:	('Ner Acc', 0.9978777), ('CLS Classification Acc', 0.976989)
[INFO] 2022-10-03 17:08:24,064 [    train.py:  240]:	Precision 0.495 Recall 0.522 F1 0.508
[INFO] 2022-10-03 17:09:03,375 [    train.py:  188]:	Epoch 15: 
[INFO] 2022-10-03 17:09:03,376 [    train.py:  189]:	Train:
[INFO] 2022-10-03 17:09:03,379 [    train.py:  201]:	Loss 0.0340, ('Ner Loss', 0.023651553317904472),  ('CLS Classification Loss', 0.010348395444452763)
[INFO] 2022-10-03 17:09:03,379 [    train.py:  211]:	('Ner Acc', 0.9971340894699097),  ('CLS Classification Acc', 0.9965396523475647)
[INFO] 2022-10-03 17:09:05,596 [    train.py:  223]:	Evaluate:
[INFO] 2022-10-03 17:09:05,597 [    train.py:  230]:	Loss 0.1640, ('Ner Loss', 0.01818505),  ('CLS Classification Loss', 0.1457659)
[INFO] 2022-10-03 17:09:05,597 [    train.py:  231]:	('Ner Acc', 0.9979249), ('CLS Classification Acc', 0.97712594)
[INFO] 2022-10-03 17:09:13,520 [    train.py:  240]:	Precision 0.526 Recall 0.523 F1 0.525
[INFO] 2022-10-03 17:09:53,019 [    train.py:  188]:	Epoch 16: 
[INFO] 2022-10-03 17:09:53,019 [    train.py:  189]:	Train:
[INFO] 2022-10-03 17:09:53,023 [    train.py:  201]:	Loss 0.0309, ('Ner Loss', 0.02285599894821644),  ('CLS Classification Loss', 0.008009575307369232)
[INFO] 2022-10-03 17:09:53,023 [    train.py:  211]:	('Ner Acc', 0.9974007606506348),  ('CLS Classification Acc', 0.9974201917648315)
[INFO] 2022-10-03 17:09:55,273 [    train.py:  223]:	Evaluate:
[INFO] 2022-10-03 17:09:55,273 [    train.py:  230]:	Loss 0.1548, ('Ner Loss', 0.015951086),  ('CLS Classification Loss', 0.13883081)
[INFO] 2022-10-03 17:09:55,273 [    train.py:  231]:	('Ner Acc', 0.9979266), ('CLS Classification Acc', 0.97771996)
[INFO] 2022-10-03 17:10:03,396 [    train.py:  240]:	Precision 0.546 Recall 0.516 F1 0.531
[INFO] 2022-10-03 17:10:43,012 [    train.py:  188]:	Epoch 17: 
[INFO] 2022-10-03 17:10:43,013 [    train.py:  189]:	Train:
[INFO] 2022-10-03 17:10:43,017 [    train.py:  201]:	Loss 0.0306, ('Ner Loss', 0.02243133634328842),  ('CLS Classification Loss', 0.008153288625180721)
[INFO] 2022-10-03 17:10:43,017 [    train.py:  211]:	('Ner Acc', 0.9973915219306946),  ('CLS Classification Acc', 0.9975067377090454)
[INFO] 2022-10-03 17:10:45,244 [    train.py:  223]:	Evaluate:
[INFO] 2022-10-03 17:10:45,244 [    train.py:  230]:	Loss 0.1660, ('Ner Loss', 0.016373776),  ('CLS Classification Loss', 0.14964496)
[INFO] 2022-10-03 17:10:45,244 [    train.py:  231]:	('Ner Acc', 0.9980517), ('CLS Classification Acc', 0.9790295)
[INFO] 2022-10-03 17:10:53,268 [    train.py:  240]:	Precision 0.581 Recall 0.524 F1 0.551
[INFO] 2022-10-03 17:11:32,848 [    train.py:  188]:	Epoch 18: 
[INFO] 2022-10-03 17:11:32,849 [    train.py:  189]:	Train:
[INFO] 2022-10-03 17:11:32,855 [    train.py:  201]:	Loss 0.0287, ('Ner Loss', 0.02206086553633213),  ('CLS Classification Loss', 0.006627014838159084)
[INFO] 2022-10-03 17:11:32,855 [    train.py:  211]:	('Ner Acc', 0.997410774230957),  ('CLS Classification Acc', 0.9978665113449097)
[INFO] 2022-10-03 17:11:35,064 [    train.py:  223]:	Evaluate:
[INFO] 2022-10-03 17:11:35,065 [    train.py:  230]:	Loss 0.1788, ('Ner Loss', 0.017738538),  ('CLS Classification Loss', 0.16108961)
[INFO] 2022-10-03 17:11:35,065 [    train.py:  231]:	('Ner Acc', 0.99785376), ('CLS Classification Acc', 0.97747624)
[INFO] 2022-10-03 17:11:43,221 [    train.py:  240]:	Precision 0.528 Recall 0.560 F1 0.544
[INFO] 2022-10-03 17:12:22,676 [    train.py:  188]:	Epoch 19: 
[INFO] 2022-10-03 17:12:22,676 [    train.py:  189]:	Train:
[INFO] 2022-10-03 17:12:22,679 [    train.py:  201]:	Loss 0.0271, ('Ner Loss', 0.021453414112329483),  ('CLS Classification Loss', 0.005639481358230114)
[INFO] 2022-10-03 17:12:22,679 [    train.py:  211]:	('Ner Acc', 0.9975531697273254),  ('CLS Classification Acc', 0.998139500617981)
[INFO] 2022-10-03 17:12:24,899 [    train.py:  223]:	Evaluate:
[INFO] 2022-10-03 17:12:24,900 [    train.py:  230]:	Loss 0.1774, ('Ner Loss', 0.017784879),  ('CLS Classification Loss', 0.15959892)
[INFO] 2022-10-03 17:12:24,900 [    train.py:  231]:	('Ner Acc', 0.9978859), ('CLS Classification Acc', 0.97768956)
[INFO] 2022-10-03 17:12:32,875 [    train.py:  240]:	Precision 0.538 Recall 0.546 F1 0.542
[INFO] 2022-10-03 17:13:12,197 [    train.py:  188]:	Epoch 20: 
[INFO] 2022-10-03 17:13:12,198 [    train.py:  189]:	Train:
[INFO] 2022-10-03 17:13:12,203 [    train.py:  201]:	Loss 0.0254, ('Ner Loss', 0.02088024467229843),  ('CLS Classification Loss', 0.0045502823777496815)
[INFO] 2022-10-03 17:13:12,203 [    train.py:  211]:	('Ner Acc', 0.9986652731895447),  ('CLS Classification Acc', 0.9985488057136536)
[INFO] 2022-10-03 17:13:14,430 [    train.py:  223]:	Evaluate:
[INFO] 2022-10-03 17:13:14,430 [    train.py:  230]:	Loss 0.1848, ('Ner Loss', 0.018924348),  ('CLS Classification Loss', 0.16587229)
[INFO] 2022-10-03 17:13:14,431 [    train.py:  231]:	('Ner Acc', 0.9978422), ('CLS Classification Acc', 0.97628844)
[INFO] 2022-10-03 17:13:22,539 [    train.py:  240]:	Precision 0.526 Recall 0.524 F1 0.525
[INFO] 2022-10-03 17:14:02,417 [    train.py:  188]:	Epoch 21: 
[INFO] 2022-10-03 17:14:02,418 [    train.py:  189]:	Train:
[INFO] 2022-10-03 17:14:02,421 [    train.py:  201]:	Loss 0.0256, ('Ner Loss', 0.020704928785562515),  ('CLS Classification Loss', 0.004875977523624897)
[INFO] 2022-10-03 17:14:02,421 [    train.py:  211]:	('Ner Acc', 0.9992424845695496),  ('CLS Classification Acc', 0.9985113739967346)
[INFO] 2022-10-03 17:14:04,661 [    train.py:  223]:	Evaluate:
[INFO] 2022-10-03 17:14:04,662 [    train.py:  230]:	Loss 0.1812, ('Ner Loss', 0.0208118),  ('CLS Classification Loss', 0.16037181)
[INFO] 2022-10-03 17:14:04,662 [    train.py:  231]:	('Ner Acc', 0.9978805), ('CLS Classification Acc', 0.9770803)
[INFO] 2022-10-03 17:14:12,690 [    train.py:  240]:	Precision 0.552 Recall 0.486 F1 0.517
[INFO] 2022-10-03 17:14:52,082 [    train.py:  188]:	Epoch 22: 
[INFO] 2022-10-03 17:14:52,082 [    train.py:  189]:	Train:
[INFO] 2022-10-03 17:14:52,085 [    train.py:  201]:	Loss 0.0232, ('Ner Loss', 0.020282212644815445),  ('CLS Classification Loss', 0.0029296178836375475)
[INFO] 2022-10-03 17:14:52,085 [    train.py:  211]:	('Ner Acc', 0.9993597865104675),  ('CLS Classification Acc', 0.9991686940193176)
[INFO] 2022-10-03 17:14:54,317 [    train.py:  223]:	Evaluate:
[INFO] 2022-10-03 17:14:54,318 [    train.py:  230]:	Loss 0.1900, ('Ner Loss', 0.019897742),  ('CLS Classification Loss', 0.1700547)
[INFO] 2022-10-03 17:14:54,318 [    train.py:  231]:	('Ner Acc', 0.998004), ('CLS Classification Acc', 0.9774001)
[INFO] 2022-10-03 17:15:02,370 [    train.py:  240]:	Precision 0.562 Recall 0.510 F1 0.535
[INFO] 2022-10-03 17:15:41,960 [    train.py:  188]:	Epoch 23: 
[INFO] 2022-10-03 17:15:41,961 [    train.py:  189]:	Train:
[INFO] 2022-10-03 17:15:41,963 [    train.py:  201]:	Loss 0.0219, ('Ner Loss', 0.019654665142297745),  ('CLS Classification Loss', 0.0022851447574794292)
[INFO] 2022-10-03 17:15:41,963 [    train.py:  211]:	('Ner Acc', 0.9994348883628845),  ('CLS Classification Acc', 0.9993550181388855)
[INFO] 2022-10-03 17:15:44,174 [    train.py:  223]:	Evaluate:
[INFO] 2022-10-03 17:15:44,175 [    train.py:  230]:	Loss 0.1828, ('Ner Loss', 0.01892357),  ('CLS Classification Loss', 0.16389537)
[INFO] 2022-10-03 17:15:44,175 [    train.py:  231]:	('Ner Acc', 0.9980944), ('CLS Classification Acc', 0.97828335)
[INFO] 2022-10-03 17:15:52,054 [    train.py:  240]:	Precision 0.594 Recall 0.517 F1 0.553
[INFO] 2022-10-03 17:16:31,587 [    train.py:  188]:	Epoch 24: 
[INFO] 2022-10-03 17:16:31,587 [    train.py:  189]:	Train:
[INFO] 2022-10-03 17:16:31,591 [    train.py:  201]:	Loss 0.0214, ('Ner Loss', 0.019404875114560127),  ('CLS Classification Loss', 0.0019931932911276817)
[INFO] 2022-10-03 17:16:31,591 [    train.py:  211]:	('Ner Acc', 0.9994193911552429),  ('CLS Classification Acc', 0.9994912147521973)
[INFO] 2022-10-03 17:16:33,796 [    train.py:  223]:	Evaluate:
[INFO] 2022-10-03 17:16:33,796 [    train.py:  230]:	Loss 0.1902, ('Ner Loss', 0.02029179),  ('CLS Classification Loss', 0.16985823)
[INFO] 2022-10-03 17:16:33,797 [    train.py:  231]:	('Ner Acc', 0.9978965), ('CLS Classification Acc', 0.97800916)
[INFO] 2022-10-03 17:16:41,696 [    train.py:  240]:	Precision 0.552 Recall 0.543 F1 0.548
[INFO] 2022-10-03 17:17:20,879 [    train.py:  188]:	Epoch 25: 
[INFO] 2022-10-03 17:17:20,880 [    train.py:  189]:	Train:
[INFO] 2022-10-03 17:17:20,882 [    train.py:  201]:	Loss 0.0200, ('Ner Loss', 0.018968218937516212),  ('CLS Classification Loss', 0.0009896940318867564)
[INFO] 2022-10-03 17:17:20,883 [    train.py:  211]:	('Ner Acc', 0.9995476603507996),  ('CLS Classification Acc', 0.9997891187667847)
[INFO] 2022-10-03 17:17:23,118 [    train.py:  223]:	Evaluate:
[INFO] 2022-10-03 17:17:23,119 [    train.py:  230]:	Loss 0.1989, ('Ner Loss', 0.019941185),  ('CLS Classification Loss', 0.17893237)
[INFO] 2022-10-03 17:17:23,119 [    train.py:  231]:	('Ner Acc', 0.997972), ('CLS Classification Acc', 0.9778265)
[INFO] 2022-10-03 17:17:31,244 [    train.py:  240]:	Precision 0.564 Recall 0.540 F1 0.552
[INFO] 2022-10-03 17:18:11,204 [    train.py:  188]:	Epoch 26: 
[INFO] 2022-10-03 17:18:11,204 [    train.py:  189]:	Train:
[INFO] 2022-10-03 17:18:11,207 [    train.py:  201]:	Loss 0.0208, ('Ner Loss', 0.018667690455913544),  ('CLS Classification Loss', 0.0021303207613527775)
[INFO] 2022-10-03 17:18:11,207 [    train.py:  211]:	('Ner Acc', 0.9995788335800171),  ('CLS Classification Acc', 0.9993797540664673)
[INFO] 2022-10-03 17:18:13,482 [    train.py:  223]:	Evaluate:
[INFO] 2022-10-03 17:18:13,483 [    train.py:  230]:	Loss 0.1989, ('Ner Loss', 0.020179607),  ('CLS Classification Loss', 0.17876701)
[INFO] 2022-10-03 17:18:13,483 [    train.py:  231]:	('Ner Acc', 0.9979113), ('CLS Classification Acc', 0.9777503)
[INFO] 2022-10-03 17:18:21,579 [    train.py:  240]:	Precision 0.544 Recall 0.523 F1 0.533
[INFO] 2022-10-03 17:19:01,270 [    train.py:  188]:	Epoch 27: 
[INFO] 2022-10-03 17:19:01,271 [    train.py:  189]:	Train:
[INFO] 2022-10-03 17:19:01,274 [    train.py:  201]:	Loss 0.0200, ('Ner Loss', 0.018430063501000404),  ('CLS Classification Loss', 0.0015301876701414585)
[INFO] 2022-10-03 17:19:01,274 [    train.py:  211]:	('Ner Acc', 0.9995832443237305),  ('CLS Classification Acc', 0.9995781779289246)
[INFO] 2022-10-03 17:19:03,500 [    train.py:  223]:	Evaluate:
[INFO] 2022-10-03 17:19:03,501 [    train.py:  230]:	Loss 0.2100, ('Ner Loss', 0.021407727),  ('CLS Classification Loss', 0.18858217)
[INFO] 2022-10-03 17:19:03,501 [    train.py:  231]:	('Ner Acc', 0.9980519), ('CLS Classification Acc', 0.9781462)
[INFO] 2022-10-03 17:19:11,519 [    train.py:  240]:	Precision 0.580 Recall 0.512 F1 0.544
[INFO] 2022-10-03 17:19:51,086 [    train.py:  188]:	Epoch 28: 
[INFO] 2022-10-03 17:19:51,087 [    train.py:  189]:	Train:
[INFO] 2022-10-03 17:19:51,090 [    train.py:  201]:	Loss 0.0196, ('Ner Loss', 0.01821654848754406),  ('CLS Classification Loss', 0.0013977778144180775)
[INFO] 2022-10-03 17:19:51,090 [    train.py:  211]:	('Ner Acc', 0.9995880126953125),  ('CLS Classification Acc', 0.9996152520179749)
[INFO] 2022-10-03 17:19:53,317 [    train.py:  223]:	Evaluate:
[INFO] 2022-10-03 17:19:53,318 [    train.py:  230]:	Loss 0.2158, ('Ner Loss', 0.020804694),  ('CLS Classification Loss', 0.1949816)
[INFO] 2022-10-03 17:19:53,318 [    train.py:  231]:	('Ner Acc', 0.99793345), ('CLS Classification Acc', 0.97478074)
[INFO] 2022-10-03 17:20:01,262 [    train.py:  240]:	Precision 0.522 Recall 0.515 F1 0.518
[INFO] 2022-10-03 17:20:40,900 [    train.py:  188]:	Epoch 29: 
[INFO] 2022-10-03 17:20:40,901 [    train.py:  189]:	Train:
[INFO] 2022-10-03 17:20:40,906 [    train.py:  201]:	Loss 0.0235, ('Ner Loss', 0.01863509975373745),  ('CLS Classification Loss', 0.004842119757086039)
[INFO] 2022-10-03 17:20:40,906 [    train.py:  211]:	('Ner Acc', 0.9994130730628967),  ('CLS Classification Acc', 0.9984371662139893)
[INFO] 2022-10-03 17:20:43,142 [    train.py:  223]:	Evaluate:
[INFO] 2022-10-03 17:20:43,143 [    train.py:  230]:	Loss 0.1913, ('Ner Loss', 0.019127479),  ('CLS Classification Loss', 0.17219071)
[INFO] 2022-10-03 17:20:43,143 [    train.py:  231]:	('Ner Acc', 0.9979957), ('CLS Classification Acc', 0.9776133)
[INFO] 2022-10-03 17:20:51,506 [    train.py:  240]:	Precision 0.556 Recall 0.521 F1 0.538
[INFO] 2022-10-03 17:21:31,068 [    train.py:  188]:	Epoch 30: 
[INFO] 2022-10-03 17:21:31,069 [    train.py:  189]:	Train:
[INFO] 2022-10-03 17:21:31,072 [    train.py:  201]:	Loss 0.0203, ('Ner Loss', 0.01804514229297638),  ('CLS Classification Loss', 0.0022396587301045656)
[INFO] 2022-10-03 17:21:31,072 [    train.py:  211]:	('Ner Acc', 0.9995332956314087),  ('CLS Classification Acc', 0.9993425607681274)
[INFO] 2022-10-03 17:21:33,303 [    train.py:  223]:	Evaluate:
[INFO] 2022-10-03 17:21:33,304 [    train.py:  230]:	Loss 0.2255, ('Ner Loss', 0.01992222),  ('CLS Classification Loss', 0.20553088)
[INFO] 2022-10-03 17:21:33,304 [    train.py:  231]:	('Ner Acc', 0.9978491), ('CLS Classification Acc', 0.9747959)
[INFO] 2022-10-03 17:21:41,776 [    train.py:  240]:	Precision 0.515 Recall 0.503 F1 0.509
[INFO] 2022-10-03 17:22:21,282 [    train.py:  188]:	Epoch 31: 
[INFO] 2022-10-03 17:22:21,283 [    train.py:  189]:	Train:
[INFO] 2022-10-03 17:22:21,286 [    train.py:  201]:	Loss 0.0194, ('Ner Loss', 0.017654474824666977),  ('CLS Classification Loss', 0.001795416697859764)
[INFO] 2022-10-03 17:22:21,287 [    train.py:  211]:	('Ner Acc', 0.999577522277832),  ('CLS Classification Acc', 0.9995037913322449)
[INFO] 2022-10-03 17:22:23,509 [    train.py:  223]:	Evaluate:
[INFO] 2022-10-03 17:22:23,509 [    train.py:  230]:	Loss 0.2119, ('Ner Loss', 0.01971201),  ('CLS Classification Loss', 0.19216354)
[INFO] 2022-10-03 17:22:23,510 [    train.py:  231]:	('Ner Acc', 0.99799347), ('CLS Classification Acc', 0.97688234)
[INFO] 2022-10-03 17:22:31,482 [    train.py:  240]:	Precision 0.555 Recall 0.536 F1 0.545
[INFO] 2022-10-03 17:23:10,770 [    train.py:  188]:	Epoch 32: 
[INFO] 2022-10-03 17:23:10,771 [    train.py:  189]:	Train:
[INFO] 2022-10-03 17:23:10,778 [    train.py:  201]:	Loss 0.0312, ('Ner Loss', 0.019303660839796066),  ('CLS Classification Loss', 0.011891860514879227)
[INFO] 2022-10-03 17:23:10,778 [    train.py:  211]:	('Ner Acc', 0.9991206526756287),  ('CLS Classification Acc', 0.9971970915794373)
[INFO] 2022-10-03 17:23:13,068 [    train.py:  223]:	Evaluate:
[INFO] 2022-10-03 17:23:13,069 [    train.py:  230]:	Loss 0.1684, ('Ner Loss', 0.018376889),  ('CLS Classification Loss', 0.14998873)
[INFO] 2022-10-03 17:23:13,070 [    train.py:  231]:	('Ner Acc', 0.99799746), ('CLS Classification Acc', 0.97621226)
[INFO] 2022-10-03 17:23:21,029 [    train.py:  240]:	Precision 0.546 Recall 0.510 F1 0.528
[INFO] 2022-10-03 17:24:00,740 [    train.py:  188]:	Epoch 33: 
[INFO] 2022-10-03 17:24:00,740 [    train.py:  189]:	Train:
[INFO] 2022-10-03 17:24:00,743 [    train.py:  201]:	Loss 0.0194, ('Ner Loss', 0.017390578985214233),  ('CLS Classification Loss', 0.0019626689609140158)
[INFO] 2022-10-03 17:24:00,743 [    train.py:  211]:	('Ner Acc', 0.9995691776275635),  ('CLS Classification Acc', 0.9995038509368896)
[INFO] 2022-10-03 17:24:03,004 [    train.py:  223]:	Evaluate:
[INFO] 2022-10-03 17:24:03,005 [    train.py:  230]:	Loss 0.1880, ('Ner Loss', 0.019446537),  ('CLS Classification Loss', 0.16854046)
[INFO] 2022-10-03 17:24:03,005 [    train.py:  231]:	('Ner Acc', 0.99802667), ('CLS Classification Acc', 0.97688234)
[INFO] 2022-10-03 17:24:10,977 [    train.py:  240]:	Precision 0.558 Recall 0.496 F1 0.525
[INFO] 2022-10-03 17:24:50,234 [    train.py:  188]:	Epoch 34: 
[INFO] 2022-10-03 17:24:50,235 [    train.py:  189]:	Train:
[INFO] 2022-10-03 17:24:50,239 [    train.py:  201]:	Loss 0.0177, ('Ner Loss', 0.016907401382923126),  ('CLS Classification Loss', 0.0007752146339043975)
[INFO] 2022-10-03 17:24:50,239 [    train.py:  211]:	('Ner Acc', 0.9996638894081116),  ('CLS Classification Acc', 0.9998013973236084)
[INFO] 2022-10-03 17:24:52,473 [    train.py:  223]:	Evaluate:
[INFO] 2022-10-03 17:24:52,474 [    train.py:  230]:	Loss 0.1980, ('Ner Loss', 0.019377943),  ('CLS Classification Loss', 0.17860052)
[INFO] 2022-10-03 17:24:52,474 [    train.py:  231]:	('Ner Acc', 0.9980313), ('CLS Classification Acc', 0.9772173)
[INFO] 2022-10-03 17:25:00,404 [    train.py:  240]:	Precision 0.565 Recall 0.525 F1 0.544
[INFO] 2022-10-03 17:25:40,109 [    train.py:  188]:	Epoch 35: 
[INFO] 2022-10-03 17:25:40,110 [    train.py:  189]:	Train:
[INFO] 2022-10-03 17:25:40,112 [    train.py:  201]:	Loss 0.0171, ('Ner Loss', 0.016707250848412514),  ('CLS Classification Loss', 0.0003928193764295429)
[INFO] 2022-10-03 17:25:40,113 [    train.py:  211]:	('Ner Acc', 0.9997012615203857),  ('CLS Classification Acc', 0.9998884201049805)
[INFO] 2022-10-03 17:25:42,354 [    train.py:  223]:	Evaluate:
[INFO] 2022-10-03 17:25:42,355 [    train.py:  230]:	Loss 0.2092, ('Ner Loss', 0.01972006),  ('CLS Classification Loss', 0.18946688)
[INFO] 2022-10-03 17:25:42,355 [    train.py:  231]:	('Ner Acc', 0.9980255), ('CLS Classification Acc', 0.9765321)
[INFO] 2022-10-03 17:25:50,272 [    train.py:  240]:	Precision 0.542 Recall 0.512 F1 0.527
[INFO] 2022-10-03 17:26:30,000 [    train.py:  188]:	Epoch 36: 
[INFO] 2022-10-03 17:26:30,001 [    train.py:  189]:	Train:
[INFO] 2022-10-03 17:26:30,005 [    train.py:  201]:	Loss 0.0167, ('Ner Loss', 0.016415901482105255),  ('CLS Classification Loss', 0.00029197288677096367)
[INFO] 2022-10-03 17:26:30,005 [    train.py:  211]:	('Ner Acc', 0.9997357130050659),  ('CLS Classification Acc', 0.999937891960144)
[INFO] 2022-10-03 17:26:32,255 [    train.py:  223]:	Evaluate:
[INFO] 2022-10-03 17:26:32,256 [    train.py:  230]:	Loss 0.2141, ('Ner Loss', 0.020021312),  ('CLS Classification Loss', 0.19408216)
[INFO] 2022-10-03 17:26:32,256 [    train.py:  231]:	('Ner Acc', 0.997998), ('CLS Classification Acc', 0.977461)
[INFO] 2022-10-03 17:26:40,400 [    train.py:  240]:	Precision 0.557 Recall 0.523 F1 0.539
[INFO] 2022-10-03 17:27:19,959 [    train.py:  188]:	Epoch 37: 
[INFO] 2022-10-03 17:27:19,960 [    train.py:  189]:	Train:
[INFO] 2022-10-03 17:27:19,963 [    train.py:  201]:	Loss 0.0167, ('Ner Loss', 0.016170119866728783),  ('CLS Classification Loss', 0.000579743180423975)
[INFO] 2022-10-03 17:27:19,964 [    train.py:  211]:	('Ner Acc', 0.9997354745864868),  ('CLS Classification Acc', 0.9998387098312378)
[INFO] 2022-10-03 17:27:22,194 [    train.py:  223]:	Evaluate:
[INFO] 2022-10-03 17:27:22,195 [    train.py:  230]:	Loss 0.2251, ('Ner Loss', 0.020794062),  ('CLS Classification Loss', 0.20432596)
[INFO] 2022-10-03 17:27:22,195 [    train.py:  231]:	('Ner Acc', 0.99796337), ('CLS Classification Acc', 0.97694325)
[INFO] 2022-10-03 17:27:30,245 [    train.py:  240]:	Precision 0.555 Recall 0.521 F1 0.537
[INFO] 2022-10-03 17:28:09,876 [    train.py:  188]:	Epoch 38: 
[INFO] 2022-10-03 17:28:09,876 [    train.py:  189]:	Train:
[INFO] 2022-10-03 17:28:09,879 [    train.py:  201]:	Loss 0.0163, ('Ner Loss', 0.01608685404062271),  ('CLS Classification Loss', 0.0002035654179053381)
[INFO] 2022-10-03 17:28:09,879 [    train.py:  211]:	('Ner Acc', 0.9997458457946777),  ('CLS Classification Acc', 0.9999256730079651)
[INFO] 2022-10-03 17:28:12,133 [    train.py:  223]:	Evaluate:
[INFO] 2022-10-03 17:28:12,133 [    train.py:  230]:	Loss 0.2275, ('Ner Loss', 0.020828228),  ('CLS Classification Loss', 0.20665799)
[INFO] 2022-10-03 17:28:12,134 [    train.py:  231]:	('Ner Acc', 0.99794126), ('CLS Classification Acc', 0.97712594)
[INFO] 2022-10-03 17:28:20,166 [    train.py:  240]:	Precision 0.542 Recall 0.529 F1 0.535
[INFO] 2022-10-03 17:28:59,749 [    train.py:  188]:	Epoch 39: 
[INFO] 2022-10-03 17:28:59,750 [    train.py:  189]:	Train:
[INFO] 2022-10-03 17:28:59,755 [    train.py:  201]:	Loss 0.0162, ('Ner Loss', 0.01577884890139103),  ('CLS Classification Loss', 0.0003738993837032467)
[INFO] 2022-10-03 17:28:59,755 [    train.py:  211]:	('Ner Acc', 0.9997753500938416),  ('CLS Classification Acc', 0.999937891960144)
[INFO] 2022-10-03 17:29:02,035 [    train.py:  223]:	Evaluate:
[INFO] 2022-10-03 17:29:02,035 [    train.py:  230]:	Loss 0.2246, ('Ner Loss', 0.020400168),  ('CLS Classification Loss', 0.20423457)
[INFO] 2022-10-03 17:29:02,035 [    train.py:  231]:	('Ner Acc', 0.9979221), ('CLS Classification Acc', 0.97621226)
[INFO] 2022-10-03 17:29:10,009 [    train.py:  240]:	Precision 0.531 Recall 0.566 F1 0.548
[INFO] 2022-10-03 17:29:49,846 [    train.py:  188]:	Epoch 40: 
[INFO] 2022-10-03 17:29:49,846 [    train.py:  189]:	Train:
[INFO] 2022-10-03 17:29:49,851 [    train.py:  201]:	Loss 0.0170, ('Ner Loss', 0.01576102338731289),  ('CLS Classification Loss', 0.0012466775951907039)
[INFO] 2022-10-03 17:29:49,851 [    train.py:  211]:	('Ner Acc', 0.9997363686561584),  ('CLS Classification Acc', 0.9997145533561707)
[INFO] 2022-10-03 17:29:52,102 [    train.py:  223]:	Evaluate:
[INFO] 2022-10-03 17:29:52,103 [    train.py:  230]:	Loss 0.2030, ('Ner Loss', 0.02081557),  ('CLS Classification Loss', 0.18223052)
[INFO] 2022-10-03 17:29:52,103 [    train.py:  231]:	('Ner Acc', 0.9980595), ('CLS Classification Acc', 0.97732395)
[INFO] 2022-10-03 17:30:00,057 [    train.py:  240]:	Precision 0.569 Recall 0.510 F1 0.538
[INFO] 2022-10-03 17:30:39,428 [    train.py:  188]:	Epoch 41: 
[INFO] 2022-10-03 17:30:39,428 [    train.py:  189]:	Train:
[INFO] 2022-10-03 17:30:39,431 [    train.py:  201]:	Loss 0.0163, ('Ner Loss', 0.01563389226794243),  ('CLS Classification Loss', 0.0006895423284731805)
[INFO] 2022-10-03 17:30:39,431 [    train.py:  211]:	('Ner Acc', 0.99974125623703),  ('CLS Classification Acc', 0.9997889995574951)
[INFO] 2022-10-03 17:30:41,649 [    train.py:  223]:	Evaluate:
[INFO] 2022-10-03 17:30:41,650 [    train.py:  230]:	Loss 0.2120, ('Ner Loss', 0.019953428),  ('CLS Classification Loss', 0.1920693)
[INFO] 2022-10-03 17:30:41,650 [    train.py:  231]:	('Ner Acc', 0.997889), ('CLS Classification Acc', 0.9748721)
[INFO] 2022-10-03 17:30:49,634 [    train.py:  240]:	Precision 0.502 Recall 0.568 F1 0.533
[INFO] 2022-10-03 17:31:29,065 [    train.py:  188]:	Epoch 42: 
[INFO] 2022-10-03 17:31:29,065 [    train.py:  189]:	Train:
[INFO] 2022-10-03 17:31:29,071 [    train.py:  201]:	Loss 0.0158, ('Ner Loss', 0.015438727103173733),  ('CLS Classification Loss', 0.0004028360708616674)
[INFO] 2022-10-03 17:31:29,071 [    train.py:  211]:	('Ner Acc', 0.9997449517250061),  ('CLS Classification Acc', 0.9998883008956909)
[INFO] 2022-10-03 17:31:31,260 [    train.py:  223]:	Evaluate:
[INFO] 2022-10-03 17:31:31,261 [    train.py:  230]:	Loss 0.2328, ('Ner Loss', 0.022069447),  ('CLS Classification Loss', 0.21070275)
[INFO] 2022-10-03 17:31:31,261 [    train.py:  231]:	('Ner Acc', 0.9980257), ('CLS Classification Acc', 0.97669965)
[INFO] 2022-10-03 17:31:39,652 [    train.py:  240]:	Precision 0.544 Recall 0.534 F1 0.539
[INFO] 2022-10-03 17:32:19,198 [    train.py:  188]:	Epoch 43: 
[INFO] 2022-10-03 17:32:19,199 [    train.py:  189]:	Train:
[INFO] 2022-10-03 17:32:19,202 [    train.py:  201]:	Loss 0.0159, ('Ner Loss', 0.01536536030471325),  ('CLS Classification Loss', 0.0005454199272207916)
[INFO] 2022-10-03 17:32:19,202 [    train.py:  211]:	('Ner Acc', 0.9997578263282776),  ('CLS Classification Acc', 0.9998884201049805)
[INFO] 2022-10-03 17:32:21,432 [    train.py:  223]:	Evaluate:
[INFO] 2022-10-03 17:32:21,433 [    train.py:  230]:	Loss 0.2154, ('Ner Loss', 0.0213744),  ('CLS Classification Loss', 0.19406927)
[INFO] 2022-10-03 17:32:21,433 [    train.py:  231]:	('Ner Acc', 0.9979411), ('CLS Classification Acc', 0.97564876)
[INFO] 2022-10-03 17:32:29,307 [    train.py:  240]:	Precision 0.517 Recall 0.550 F1 0.533
[INFO] 2022-10-03 17:33:08,710 [    train.py:  188]:	Epoch 44: 
[INFO] 2022-10-03 17:33:08,710 [    train.py:  189]:	Train:
[INFO] 2022-10-03 17:33:08,714 [    train.py:  201]:	Loss 0.0156, ('Ner Loss', 0.015233974903821945),  ('CLS Classification Loss', 0.00038822434726171196)
[INFO] 2022-10-03 17:33:08,714 [    train.py:  211]:	('Ner Acc', 0.9997595548629761),  ('CLS Classification Acc', 0.9998759627342224)
[INFO] 2022-10-03 17:33:10,926 [    train.py:  223]:	Evaluate:
[INFO] 2022-10-03 17:33:10,927 [    train.py:  230]:	Loss 0.2348, ('Ner Loss', 0.022141714),  ('CLS Classification Loss', 0.21269381)
[INFO] 2022-10-03 17:33:10,927 [    train.py:  231]:	('Ner Acc', 0.9979759), ('CLS Classification Acc', 0.97642547)
[INFO] 2022-10-03 17:33:18,847 [    train.py:  240]:	Precision 0.530 Recall 0.540 F1 0.535
[INFO] 2022-10-03 17:33:58,464 [    train.py:  188]:	Epoch 45: 
[INFO] 2022-10-03 17:33:58,465 [    train.py:  189]:	Train:
[INFO] 2022-10-03 17:33:58,467 [    train.py:  201]:	Loss 0.0159, ('Ner Loss', 0.01511671207845211),  ('CLS Classification Loss', 0.0008080329280346632)
[INFO] 2022-10-03 17:33:58,467 [    train.py:  211]:	('Ner Acc', 0.9997138977050781),  ('CLS Classification Acc', 0.9997392892837524)
[INFO] 2022-10-03 17:34:00,674 [    train.py:  223]:	Evaluate:
[INFO] 2022-10-03 17:34:00,675 [    train.py:  230]:	Loss 0.2101, ('Ner Loss', 0.02169793),  ('CLS Classification Loss', 0.18842106)
[INFO] 2022-10-03 17:34:00,675 [    train.py:  231]:	('Ner Acc', 0.9980774), ('CLS Classification Acc', 0.9768518)
[INFO] 2022-10-03 17:34:08,732 [    train.py:  240]:	Precision 0.563 Recall 0.523 F1 0.542
[INFO] 2022-10-03 17:34:48,260 [    train.py:  188]:	Epoch 46: 
[INFO] 2022-10-03 17:34:48,260 [    train.py:  189]:	Train:
[INFO] 2022-10-03 17:34:48,263 [    train.py:  201]:	Loss 0.0163, ('Ner Loss', 0.015036831609904766),  ('CLS Classification Loss', 0.0012645988026633859)
[INFO] 2022-10-03 17:34:48,263 [    train.py:  211]:	('Ner Acc', 0.9997521638870239),  ('CLS Classification Acc', 0.9996525645256042)
[INFO] 2022-10-03 17:34:50,503 [    train.py:  223]:	Evaluate:
[INFO] 2022-10-03 17:34:50,503 [    train.py:  230]:	Loss 0.2092, ('Ner Loss', 0.02059349),  ('CLS Classification Loss', 0.18857232)
[INFO] 2022-10-03 17:34:50,504 [    train.py:  231]:	('Ner Acc', 0.9978177), ('CLS Classification Acc', 0.97447616)
[INFO] 2022-10-03 17:34:58,889 [    train.py:  240]:	Precision 0.493 Recall 0.606 F1 0.544
[INFO] 2022-10-03 17:35:38,388 [    train.py:  188]:	Epoch 47: 
[INFO] 2022-10-03 17:35:38,388 [    train.py:  189]:	Train:
[INFO] 2022-10-03 17:35:38,391 [    train.py:  201]:	Loss 0.0163, ('Ner Loss', 0.014944340102374554),  ('CLS Classification Loss', 0.001397664425894618)
[INFO] 2022-10-03 17:35:38,391 [    train.py:  211]:	('Ner Acc', 0.9997187852859497),  ('CLS Classification Acc', 0.999553382396698)
[INFO] 2022-10-03 17:35:40,627 [    train.py:  223]:	Evaluate:
[INFO] 2022-10-03 17:35:40,627 [    train.py:  230]:	Loss 0.2214, ('Ner Loss', 0.02186428),  ('CLS Classification Loss', 0.19953851)
[INFO] 2022-10-03 17:35:40,628 [    train.py:  231]:	('Ner Acc', 0.9979854), ('CLS Classification Acc', 0.97514623)
[INFO] 2022-10-03 17:35:48,680 [    train.py:  240]:	Precision 0.518 Recall 0.569 F1 0.543
[INFO] 2022-10-03 17:36:28,440 [    train.py:  188]:	Epoch 48: 
[INFO] 2022-10-03 17:36:28,440 [    train.py:  189]:	Train:
[INFO] 2022-10-03 17:36:28,446 [    train.py:  201]:	Loss 0.0158, ('Ner Loss', 0.014878121204674244),  ('CLS Classification Loss', 0.0008964631124399602)
[INFO] 2022-10-03 17:36:28,446 [    train.py:  211]:	('Ner Acc', 0.9996938705444336),  ('CLS Classification Acc', 0.9997022151947021)
[INFO] 2022-10-03 17:36:30,674 [    train.py:  223]:	Evaluate:
[INFO] 2022-10-03 17:36:30,675 [    train.py:  230]:	Loss 0.2079, ('Ner Loss', 0.02306828),  ('CLS Classification Loss', 0.18484838)
[INFO] 2022-10-03 17:36:30,675 [    train.py:  231]:	('Ner Acc', 0.9980244), ('CLS Classification Acc', 0.97606)
[INFO] 2022-10-03 17:36:38,613 [    train.py:  240]:	Precision 0.542 Recall 0.517 F1 0.529
[INFO] 2022-10-03 17:37:17,887 [    train.py:  188]:	Epoch 49: 
[INFO] 2022-10-03 17:37:17,888 [    train.py:  189]:	Train:
[INFO] 2022-10-03 17:37:17,893 [    train.py:  201]:	Loss 0.0152, ('Ner Loss', 0.014616838656365871),  ('CLS Classification Loss', 0.0005977971595712006)
[INFO] 2022-10-03 17:37:17,893 [    train.py:  211]:	('Ner Acc', 0.999757707118988),  ('CLS Classification Acc', 0.9997891187667847)
[INFO] 2022-10-03 17:37:20,137 [    train.py:  223]:	Evaluate:
[INFO] 2022-10-03 17:37:20,138 [    train.py:  230]:	Loss 0.2248, ('Ner Loss', 0.022775024),  ('CLS Classification Loss', 0.20207173)
[INFO] 2022-10-03 17:37:20,138 [    train.py:  231]:	('Ner Acc', 0.99800986), ('CLS Classification Acc', 0.9761513)
[INFO] 2022-10-03 17:37:28,066 [    train.py:  240]:	Precision 0.541 Recall 0.518 F1 0.530
[INFO] 2022-10-03 17:38:07,793 [    train.py:  188]:	Epoch 50: 
[INFO] 2022-10-03 17:38:07,794 [    train.py:  189]:	Train:
[INFO] 2022-10-03 17:38:07,799 [    train.py:  201]:	Loss 0.0163, ('Ner Loss', 0.014550428837537766),  ('CLS Classification Loss', 0.0017220232402905822)
[INFO] 2022-10-03 17:38:07,799 [    train.py:  211]:	('Ner Acc', 0.9997292757034302),  ('CLS Classification Acc', 0.9994913339614868)
[INFO] 2022-10-03 17:38:10,027 [    train.py:  223]:	Evaluate:
[INFO] 2022-10-03 17:38:10,028 [    train.py:  230]:	Loss 0.2139, ('Ner Loss', 0.02206924),  ('CLS Classification Loss', 0.19184943)
[INFO] 2022-10-03 17:38:10,028 [    train.py:  231]:	('Ner Acc', 0.99803364), ('CLS Classification Acc', 0.9775524)
[INFO] 2022-10-03 17:38:18,098 [    train.py:  240]:	Precision 0.550 Recall 0.547 F1 0.548
[INFO] 2022-10-03 17:38:57,666 [    train.py:  188]:	Epoch 51: 
[INFO] 2022-10-03 17:38:57,667 [    train.py:  189]:	Train:
[INFO] 2022-10-03 17:38:57,670 [    train.py:  201]:	Loss 0.0151, ('Ner Loss', 0.014478281140327454),  ('CLS Classification Loss', 0.0005961742717772722)
[INFO] 2022-10-03 17:38:57,670 [    train.py:  211]:	('Ner Acc', 0.9997593760490417),  ('CLS Classification Acc', 0.9998387098312378)
[INFO] 2022-10-03 17:38:59,919 [    train.py:  223]:	Evaluate:
[INFO] 2022-10-03 17:38:59,920 [    train.py:  230]:	Loss 0.2183, ('Ner Loss', 0.021092828),  ('CLS Classification Loss', 0.1972272)
[INFO] 2022-10-03 17:38:59,920 [    train.py:  231]:	('Ner Acc', 0.99805564), ('CLS Classification Acc', 0.976989)
[INFO] 2022-10-03 17:39:08,064 [    train.py:  240]:	Precision 0.544 Recall 0.550 F1 0.547
[INFO] 2022-10-03 17:39:47,388 [    train.py:  188]:	Epoch 52: 
[INFO] 2022-10-03 17:39:47,389 [    train.py:  189]:	Train:
[INFO] 2022-10-03 17:39:47,396 [    train.py:  201]:	Loss 0.0143, ('Ner Loss', 0.014141349121928215),  ('CLS Classification Loss', 0.0001347330689895898)
[INFO] 2022-10-03 17:39:47,396 [    train.py:  211]:	('Ner Acc', 0.9998235702514648),  ('CLS Classification Acc', 0.9999751448631287)
[INFO] 2022-10-03 17:39:49,668 [    train.py:  223]:	Evaluate:
[INFO] 2022-10-03 17:39:49,668 [    train.py:  230]:	Loss 0.2293, ('Ner Loss', 0.022484371),  ('CLS Classification Loss', 0.20680933)
[INFO] 2022-10-03 17:39:49,669 [    train.py:  231]:	('Ner Acc', 0.9980444), ('CLS Classification Acc', 0.9780397)
[INFO] 2022-10-03 17:39:57,733 [    train.py:  240]:	Precision 0.561 Recall 0.535 F1 0.548
[INFO] 2022-10-03 17:40:37,219 [    train.py:  188]:	Epoch 53: 
[INFO] 2022-10-03 17:40:37,220 [    train.py:  189]:	Train:
[INFO] 2022-10-03 17:40:37,222 [    train.py:  201]:	Loss 0.0143, ('Ner Loss', 0.0140862250700593),  ('CLS Classification Loss', 0.00020291343389544636)
[INFO] 2022-10-03 17:40:37,222 [    train.py:  211]:	('Ner Acc', 0.9998188614845276),  ('CLS Classification Acc', 0.999925434589386)
[INFO] 2022-10-03 17:40:39,416 [    train.py:  223]:	Evaluate:
[INFO] 2022-10-03 17:40:39,416 [    train.py:  230]:	Loss 0.2309, ('Ner Loss', 0.022277063),  ('CLS Classification Loss', 0.20864615)
[INFO] 2022-10-03 17:40:39,416 [    train.py:  231]:	('Ner Acc', 0.99812025), ('CLS Classification Acc', 0.97616655)
[INFO] 2022-10-03 17:40:47,489 [    train.py:  240]:	Precision 0.554 Recall 0.524 F1 0.539
[INFO] 2022-10-03 17:41:26,924 [    train.py:  188]:	Epoch 54: 
[INFO] 2022-10-03 17:41:26,925 [    train.py:  189]:	Train:
[INFO] 2022-10-03 17:41:26,930 [    train.py:  201]:	Loss 0.0145, ('Ner Loss', 0.014110460877418518),  ('CLS Classification Loss', 0.00038957622018642724)
[INFO] 2022-10-03 17:41:26,930 [    train.py:  211]:	('Ner Acc', 0.9997953176498413),  ('CLS Classification Acc', 0.9998387098312378)
[INFO] 2022-10-03 17:41:29,169 [    train.py:  223]:	Evaluate:
[INFO] 2022-10-03 17:41:29,170 [    train.py:  230]:	Loss 0.2573, ('Ner Loss', 0.022920776),  ('CLS Classification Loss', 0.23436697)
[INFO] 2022-10-03 17:41:29,170 [    train.py:  231]:	('Ner Acc', 0.99800664), ('CLS Classification Acc', 0.975268)
[INFO] 2022-10-03 17:41:37,746 [    train.py:  240]:	Precision 0.524 Recall 0.557 F1 0.540
[INFO] 2022-10-03 17:42:17,117 [    train.py:  188]:	Epoch 55: 
[INFO] 2022-10-03 17:42:17,118 [    train.py:  189]:	Train:
[INFO] 2022-10-03 17:42:17,121 [    train.py:  201]:	Loss 0.0148, ('Ner Loss', 0.013999673537909985),  ('CLS Classification Loss', 0.0007581860409118235)
[INFO] 2022-10-03 17:42:17,121 [    train.py:  211]:	('Ner Acc', 0.9997848272323608),  ('CLS Classification Acc', 0.9997889995574951)
[INFO] 2022-10-03 17:42:19,332 [    train.py:  223]:	Evaluate:
[INFO] 2022-10-03 17:42:19,333 [    train.py:  230]:	Loss 0.2215, ('Ner Loss', 0.02235007),  ('CLS Classification Loss', 0.1991252)
[INFO] 2022-10-03 17:42:19,333 [    train.py:  231]:	('Ner Acc', 0.9979895), ('CLS Classification Acc', 0.9765625)
[INFO] 2022-10-03 17:42:27,282 [    train.py:  240]:	Precision 0.539 Recall 0.560 F1 0.549
[INFO] 2022-10-03 17:43:06,787 [    train.py:  188]:	Epoch 56: 
[INFO] 2022-10-03 17:43:06,787 [    train.py:  189]:	Train:
[INFO] 2022-10-03 17:43:06,793 [    train.py:  201]:	Loss 0.0147, ('Ner Loss', 0.013854427263140678),  ('CLS Classification Loss', 0.0008686367073096335)
[INFO] 2022-10-03 17:43:06,794 [    train.py:  211]:	('Ner Acc', 0.9997662305831909),  ('CLS Classification Acc', 0.9997643828392029)
[INFO] 2022-10-03 17:43:09,018 [    train.py:  223]:	Evaluate:
[INFO] 2022-10-03 17:43:09,019 [    train.py:  230]:	Loss 0.2301, ('Ner Loss', 0.021359188),  ('CLS Classification Loss', 0.2087785)
[INFO] 2022-10-03 17:43:09,019 [    train.py:  231]:	('Ner Acc', 0.9979726), ('CLS Classification Acc', 0.9757249)
[INFO] 2022-10-03 17:43:16,896 [    train.py:  240]:	Precision 0.517 Recall 0.570 F1 0.542
[INFO] 2022-10-03 17:43:56,523 [    train.py:  188]:	Epoch 57: 
[INFO] 2022-10-03 17:43:56,523 [    train.py:  189]:	Train:
[INFO] 2022-10-03 17:43:56,529 [    train.py:  201]:	Loss 0.0148, ('Ner Loss', 0.013746225275099277),  ('CLS Classification Loss', 0.0010480873752385378)
[INFO] 2022-10-03 17:43:56,530 [    train.py:  211]:	('Ner Acc', 0.9997899532318115),  ('CLS Classification Acc', 0.9997022151947021)
[INFO] 2022-10-03 17:43:58,777 [    train.py:  223]:	Evaluate:
[INFO] 2022-10-03 17:43:58,777 [    train.py:  230]:	Loss 0.2279, ('Ner Loss', 0.022426192),  ('CLS Classification Loss', 0.20549476)
[INFO] 2022-10-03 17:43:58,777 [    train.py:  231]:	('Ner Acc', 0.9980717), ('CLS Classification Acc', 0.9754204)
[INFO] 2022-10-03 17:44:06,901 [    train.py:  240]:	Precision 0.532 Recall 0.546 F1 0.539
[INFO] 2022-10-03 17:44:46,399 [    train.py:  188]:	Epoch 58: 
[INFO] 2022-10-03 17:44:46,399 [    train.py:  189]:	Train:
[INFO] 2022-10-03 17:44:46,404 [    train.py:  201]:	Loss 0.0139, ('Ner Loss', 0.0135727534070611),  ('CLS Classification Loss', 0.00031197929638437927)
[INFO] 2022-10-03 17:44:46,405 [    train.py:  211]:	('Ner Acc', 0.9997909665107727),  ('CLS Classification Acc', 0.9999130368232727)
[INFO] 2022-10-03 17:44:48,653 [    train.py:  223]:	Evaluate:
[INFO] 2022-10-03 17:44:48,654 [    train.py:  230]:	Loss 0.2403, ('Ner Loss', 0.023457255),  ('CLS Classification Loss', 0.21687831)
[INFO] 2022-10-03 17:44:48,655 [    train.py:  231]:	('Ner Acc', 0.9980321), ('CLS Classification Acc', 0.9757553)
[INFO] 2022-10-03 17:44:56,589 [    train.py:  240]:	Precision 0.538 Recall 0.542 F1 0.540
[INFO] 2022-10-03 17:45:36,145 [    train.py:  188]:	Epoch 59: 
[INFO] 2022-10-03 17:45:36,145 [    train.py:  189]:	Train:
[INFO] 2022-10-03 17:45:36,149 [    train.py:  201]:	Loss 0.0135, ('Ner Loss', 0.01338128186762333),  ('CLS Classification Loss', 8.137748227454722e-05)
[INFO] 2022-10-03 17:45:36,149 [    train.py:  211]:	('Ner Acc', 0.9998267889022827),  ('CLS Classification Acc', 0.9999876022338867)
[INFO] 2022-10-03 17:45:38,394 [    train.py:  223]:	Evaluate:
[INFO] 2022-10-03 17:45:38,395 [    train.py:  230]:	Loss 0.2433, ('Ner Loss', 0.023643857),  ('CLS Classification Loss', 0.2196841)
[INFO] 2022-10-03 17:45:38,395 [    train.py:  231]:	('Ner Acc', 0.9979963), ('CLS Classification Acc', 0.9752984)
[INFO] 2022-10-03 17:45:46,475 [    train.py:  240]:	Precision 0.529 Recall 0.547 F1 0.538
[INFO] 2022-10-03 17:46:26,047 [    train.py:  188]:	Epoch 60: 
[INFO] 2022-10-03 17:46:26,047 [    train.py:  189]:	Train:
[INFO] 2022-10-03 17:46:26,051 [    train.py:  201]:	Loss 0.0137, ('Ner Loss', 0.013429338112473488),  ('CLS Classification Loss', 0.0002761353680398315)
[INFO] 2022-10-03 17:46:26,052 [    train.py:  211]:	('Ner Acc', 0.9998329281806946),  ('CLS Classification Acc', 0.9999005794525146)
[INFO] 2022-10-03 17:46:28,288 [    train.py:  223]:	Evaluate:
[INFO] 2022-10-03 17:46:28,289 [    train.py:  230]:	Loss 0.2679, ('Ner Loss', 0.024614146),  ('CLS Classification Loss', 0.24328807)
[INFO] 2022-10-03 17:46:28,289 [    train.py:  231]:	('Ner Acc', 0.9979329), ('CLS Classification Acc', 0.9758924)
[INFO] 2022-10-03 17:46:36,338 [    train.py:  240]:	Precision 0.532 Recall 0.535 F1 0.533
[INFO] 2022-10-03 17:47:15,756 [    train.py:  188]:	Epoch 61: 
[INFO] 2022-10-03 17:47:15,756 [    train.py:  189]:	Train:
[INFO] 2022-10-03 17:47:15,760 [    train.py:  201]:	Loss 0.0134, ('Ner Loss', 0.013285860419273376),  ('CLS Classification Loss', 0.00015357481606770307)
[INFO] 2022-10-03 17:47:15,760 [    train.py:  211]:	('Ner Acc', 0.999836266040802),  ('CLS Classification Acc', 0.9999502897262573)
[INFO] 2022-10-03 17:47:18,013 [    train.py:  223]:	Evaluate:
[INFO] 2022-10-03 17:47:18,014 [    train.py:  230]:	Loss 0.2515, ('Ner Loss', 0.02449557),  ('CLS Classification Loss', 0.22696462)
[INFO] 2022-10-03 17:47:18,014 [    train.py:  231]:	('Ner Acc', 0.9980275), ('CLS Classification Acc', 0.976928)
[INFO] 2022-10-03 17:47:26,100 [    train.py:  240]:	Precision 0.562 Recall 0.529 F1 0.545
[INFO] 2022-10-03 17:48:05,704 [    train.py:  188]:	Epoch 62: 
[INFO] 2022-10-03 17:48:05,704 [    train.py:  189]:	Train:
[INFO] 2022-10-03 17:48:05,711 [    train.py:  201]:	Loss 0.0134, ('Ner Loss', 0.013239718042314053),  ('CLS Classification Loss', 0.00011262329644523561)
[INFO] 2022-10-03 17:48:05,712 [    train.py:  211]:	('Ner Acc', 0.9998167753219604),  ('CLS Classification Acc', 0.9999502897262573)
[INFO] 2022-10-03 17:48:07,861 [    train.py:  223]:	Evaluate:
[INFO] 2022-10-03 17:48:07,862 [    train.py:  230]:	Loss 0.2608, ('Ner Loss', 0.023957811),  ('CLS Classification Loss', 0.2368855)
[INFO] 2022-10-03 17:48:07,862 [    train.py:  231]:	('Ner Acc', 0.9979983), ('CLS Classification Acc', 0.9752984)
[INFO] 2022-10-03 17:48:15,793 [    train.py:  240]:	Precision 0.530 Recall 0.559 F1 0.544
[INFO] 2022-10-03 17:48:55,256 [    train.py:  188]:	Epoch 63: 
[INFO] 2022-10-03 17:48:55,256 [    train.py:  189]:	Train:
[INFO] 2022-10-03 17:48:55,259 [    train.py:  201]:	Loss 0.0133, ('Ner Loss', 0.013151203282177448),  ('CLS Classification Loss', 0.0001962351379916072)
[INFO] 2022-10-03 17:48:55,259 [    train.py:  211]:	('Ner Acc', 0.9998438358306885),  ('CLS Classification Acc', 0.9999502897262573)
[INFO] 2022-10-03 17:48:57,525 [    train.py:  223]:	Evaluate:
[INFO] 2022-10-03 17:48:57,525 [    train.py:  230]:	Loss 0.2461, ('Ner Loss', 0.023620874),  ('CLS Classification Loss', 0.2224592)
[INFO] 2022-10-03 17:48:57,525 [    train.py:  231]:	('Ner Acc', 0.9980482), ('CLS Classification Acc', 0.9759838)
[INFO] 2022-10-03 17:49:06,150 [    train.py:  240]:	Precision 0.542 Recall 0.540 F1 0.541
[INFO] 2022-10-03 17:49:46,067 [    train.py:  188]:	Epoch 64: 
[INFO] 2022-10-03 17:49:46,068 [    train.py:  189]:	Train:
[INFO] 2022-10-03 17:49:46,072 [    train.py:  201]:	Loss 0.0134, ('Ner Loss', 0.013108715415000916),  ('CLS Classification Loss', 0.0002700566838029772)
[INFO] 2022-10-03 17:49:46,072 [    train.py:  211]:	('Ner Acc', 0.9998133778572083),  ('CLS Classification Acc', 0.9999006986618042)
[INFO] 2022-10-03 17:49:48,334 [    train.py:  223]:	Evaluate:
[INFO] 2022-10-03 17:49:48,335 [    train.py:  230]:	Loss 0.2531, ('Ner Loss', 0.023597104),  ('CLS Classification Loss', 0.2294602)
[INFO] 2022-10-03 17:49:48,335 [    train.py:  231]:	('Ner Acc', 0.99801165), ('CLS Classification Acc', 0.97606)
[INFO] 2022-10-03 17:49:56,346 [    train.py:  240]:	Precision 0.545 Recall 0.547 F1 0.546
[INFO] 2022-10-03 17:50:36,283 [    train.py:  188]:	Epoch 65: 
[INFO] 2022-10-03 17:50:36,284 [    train.py:  189]:	Train:
[INFO] 2022-10-03 17:50:36,286 [    train.py:  201]:	Loss 0.0134, ('Ner Loss', 0.012997573241591454),  ('CLS Classification Loss', 0.0004233980143908411)
[INFO] 2022-10-03 17:50:36,286 [    train.py:  211]:	('Ner Acc', 0.9998244047164917),  ('CLS Classification Acc', 0.9998634457588196)
[INFO] 2022-10-03 17:50:38,488 [    train.py:  223]:	Evaluate:
[INFO] 2022-10-03 17:50:38,489 [    train.py:  230]:	Loss 0.2441, ('Ner Loss', 0.02342995),  ('CLS Classification Loss', 0.2206693)
[INFO] 2022-10-03 17:50:38,489 [    train.py:  231]:	('Ner Acc', 0.9980791), ('CLS Classification Acc', 0.9760904)
[INFO] 2022-10-03 17:50:46,273 [    train.py:  240]:	Precision 0.548 Recall 0.543 F1 0.546
[INFO] 2022-10-03 17:51:25,941 [    train.py:  188]:	Epoch 66: 
[INFO] 2022-10-03 17:51:25,941 [    train.py:  189]:	Train:
[INFO] 2022-10-03 17:51:25,944 [    train.py:  201]:	Loss 0.0137, ('Ner Loss', 0.013063074089586735),  ('CLS Classification Loss', 0.0006653884192928672)
[INFO] 2022-10-03 17:51:25,944 [    train.py:  211]:	('Ner Acc', 0.9997883439064026),  ('CLS Classification Acc', 0.9997891187667847)
[INFO] 2022-10-03 17:51:28,164 [    train.py:  223]:	Evaluate:
[INFO] 2022-10-03 17:51:28,165 [    train.py:  230]:	Loss 0.2561, ('Ner Loss', 0.026961468),  ('CLS Classification Loss', 0.22913478)
[INFO] 2022-10-03 17:51:28,165 [    train.py:  231]:	('Ner Acc', 0.99804276), ('CLS Classification Acc', 0.9768518)
[INFO] 2022-10-03 17:51:36,821 [    train.py:  240]:	Precision 0.567 Recall 0.507 F1 0.535
[INFO] 2022-10-03 17:52:16,407 [    train.py:  188]:	Epoch 67: 
[INFO] 2022-10-03 17:52:16,408 [    train.py:  189]:	Train:
[INFO] 2022-10-03 17:52:16,412 [    train.py:  201]:	Loss 0.0140, ('Ner Loss', 0.012948164716362953),  ('CLS Classification Loss', 0.0010454985313117504)
[INFO] 2022-10-03 17:52:16,412 [    train.py:  211]:	('Ner Acc', 0.9998170137405396),  ('CLS Classification Acc', 0.9997766613960266)
[INFO] 2022-10-03 17:52:18,666 [    train.py:  223]:	Evaluate:
[INFO] 2022-10-03 17:52:18,667 [    train.py:  230]:	Loss 0.2417, ('Ner Loss', 0.025086422),  ('CLS Classification Loss', 0.21665327)
[INFO] 2022-10-03 17:52:18,667 [    train.py:  231]:	('Ner Acc', 0.9979825), ('CLS Classification Acc', 0.97528327)
[INFO] 2022-10-03 17:52:26,586 [    train.py:  240]:	Precision 0.515 Recall 0.531 F1 0.523
[INFO] 2022-10-03 17:53:06,278 [    train.py:  188]:	Epoch 68: 
[INFO] 2022-10-03 17:53:06,278 [    train.py:  189]:	Train:
[INFO] 2022-10-03 17:53:06,281 [    train.py:  201]:	Loss 0.0138, ('Ner Loss', 0.012878598645329475),  ('CLS Classification Loss', 0.0008782739751040936)
[INFO] 2022-10-03 17:53:06,282 [    train.py:  211]:	('Ner Acc', 0.9998241066932678),  ('CLS Classification Acc', 0.9998635649681091)
[INFO] 2022-10-03 17:53:08,511 [    train.py:  223]:	Evaluate:
[INFO] 2022-10-03 17:53:08,512 [    train.py:  230]:	Loss 0.2313, ('Ner Loss', 0.025462067),  ('CLS Classification Loss', 0.20579666)
[INFO] 2022-10-03 17:53:08,512 [    train.py:  231]:	('Ner Acc', 0.9980801), ('CLS Classification Acc', 0.9764864)
[INFO] 2022-10-03 17:53:16,568 [    train.py:  240]:	Precision 0.563 Recall 0.523 F1 0.542
[INFO] 2022-10-03 17:53:56,194 [    train.py:  188]:	Epoch 69: 
[INFO] 2022-10-03 17:53:56,194 [    train.py:  189]:	Train:
[INFO] 2022-10-03 17:53:56,197 [    train.py:  201]:	Loss 0.0129, ('Ner Loss', 0.01269633136689663),  ('CLS Classification Loss', 0.00016210084140766412)
[INFO] 2022-10-03 17:53:56,198 [    train.py:  211]:	('Ner Acc', 0.9998248219490051),  ('CLS Classification Acc', 0.9999380707740784)
[INFO] 2022-10-03 17:53:58,465 [    train.py:  223]:	Evaluate:
[INFO] 2022-10-03 17:53:58,466 [    train.py:  230]:	Loss 0.2382, ('Ner Loss', 0.025890129),  ('CLS Classification Loss', 0.21232863)
[INFO] 2022-10-03 17:53:58,466 [    train.py:  231]:	('Ner Acc', 0.99811584), ('CLS Classification Acc', 0.9770345)
[INFO] 2022-10-03 17:54:06,445 [    train.py:  240]:	Precision 0.567 Recall 0.529 F1 0.547
[INFO] 2022-10-03 17:54:45,745 [    train.py:  188]:	Epoch 70: 
[INFO] 2022-10-03 17:54:45,745 [    train.py:  189]:	Train:
[INFO] 2022-10-03 17:54:45,748 [    train.py:  201]:	Loss 0.0127, ('Ner Loss', 0.012604824267327785),  ('CLS Classification Loss', 8.208788494812325e-05)
[INFO] 2022-10-03 17:54:45,748 [    train.py:  211]:	('Ner Acc', 0.9998418688774109),  ('CLS Classification Acc', 0.9999751448631287)
[INFO] 2022-10-03 17:54:47,971 [    train.py:  223]:	Evaluate:
[INFO] 2022-10-03 17:54:47,972 [    train.py:  230]:	Loss 0.2448, ('Ner Loss', 0.026425917),  ('CLS Classification Loss', 0.21841908)
[INFO] 2022-10-03 17:54:47,972 [    train.py:  231]:	('Ner Acc', 0.9980778), ('CLS Classification Acc', 0.97651684)
[INFO] 2022-10-03 17:54:55,795 [    train.py:  240]:	Precision 0.556 Recall 0.528 F1 0.542
[INFO] 2022-10-03 17:55:35,493 [    train.py:  188]:	Epoch 71: 
[INFO] 2022-10-03 17:55:35,493 [    train.py:  189]:	Train:
[INFO] 2022-10-03 17:55:35,498 [    train.py:  201]:	Loss 0.0127, ('Ner Loss', 0.012616129592061043),  ('CLS Classification Loss', 6.961973849684e-05)
[INFO] 2022-10-03 17:55:35,499 [    train.py:  211]:	('Ner Acc', 0.999832272529602),  ('CLS Classification Acc', 0.9999627470970154)
[INFO] 2022-10-03 17:55:37,745 [    train.py:  223]:	Evaluate:
[INFO] 2022-10-03 17:55:37,745 [    train.py:  230]:	Loss 0.2442, ('Ner Loss', 0.025816277),  ('CLS Classification Loss', 0.21839479)
[INFO] 2022-10-03 17:55:37,745 [    train.py:  231]:	('Ner Acc', 0.99809384), ('CLS Classification Acc', 0.9768975)
[INFO] 2022-10-03 17:55:45,666 [    train.py:  240]:	Precision 0.573 Recall 0.528 F1 0.550
[INFO] 2022-10-03 17:56:25,330 [    train.py:  188]:	Epoch 72: 
[INFO] 2022-10-03 17:56:25,330 [    train.py:  189]:	Train:
[INFO] 2022-10-03 17:56:25,333 [    train.py:  201]:	Loss 0.0126, ('Ner Loss', 0.01254188735038042),  ('CLS Classification Loss', 6.700629455735907e-05)
[INFO] 2022-10-03 17:56:25,333 [    train.py:  211]:	('Ner Acc', 0.9998396635055542),  ('CLS Classification Acc', 0.9999751448631287)
[INFO] 2022-10-03 17:56:27,552 [    train.py:  223]:	Evaluate:
[INFO] 2022-10-03 17:56:27,553 [    train.py:  230]:	Loss 0.2428, ('Ner Loss', 0.0253632),  ('CLS Classification Loss', 0.21739839)
[INFO] 2022-10-03 17:56:27,553 [    train.py:  231]:	('Ner Acc', 0.9981315), ('CLS Classification Acc', 0.9772173)
[INFO] 2022-10-03 17:56:35,581 [    train.py:  240]:	Precision 0.573 Recall 0.529 F1 0.550
[INFO] 2022-10-03 17:57:15,168 [    train.py:  188]:	Epoch 73: 
[INFO] 2022-10-03 17:57:15,169 [    train.py:  189]:	Train:
[INFO] 2022-10-03 17:57:15,172 [    train.py:  201]:	Loss 0.0126, ('Ner Loss', 0.012493658810853958),  ('CLS Classification Loss', 0.00010215668589808047)
[INFO] 2022-10-03 17:57:15,172 [    train.py:  211]:	('Ner Acc', 0.9998406767845154),  ('CLS Classification Acc', 0.9999751448631287)
[INFO] 2022-10-03 17:57:17,409 [    train.py:  223]:	Evaluate:
[INFO] 2022-10-03 17:57:17,410 [    train.py:  230]:	Loss 0.2433, ('Ner Loss', 0.025827192),  ('CLS Classification Loss', 0.2174324)
[INFO] 2022-10-03 17:57:17,410 [    train.py:  231]:	('Ner Acc', 0.9980563), ('CLS Classification Acc', 0.97727823)
[INFO] 2022-10-03 17:57:25,318 [    train.py:  240]:	Precision 0.561 Recall 0.548 F1 0.554
[INFO] 2022-10-03 17:58:04,858 [    train.py:  188]:	Epoch 74: 
[INFO] 2022-10-03 17:58:04,859 [    train.py:  189]:	Train:
[INFO] 2022-10-03 17:58:04,863 [    train.py:  201]:	Loss 0.0125, ('Ner Loss', 0.012401082552969456),  ('CLS Classification Loss', 5.223551488597877e-05)
[INFO] 2022-10-03 17:58:04,863 [    train.py:  211]:	('Ner Acc', 0.9998395442962646),  ('CLS Classification Acc', 1.0)
[INFO] 2022-10-03 17:58:07,091 [    train.py:  223]:	Evaluate:
[INFO] 2022-10-03 17:58:07,092 [    train.py:  230]:	Loss 0.2700, ('Ner Loss', 0.027080256),  ('CLS Classification Loss', 0.2429141)
[INFO] 2022-10-03 17:58:07,092 [    train.py:  231]:	('Ner Acc', 0.99803144), ('CLS Classification Acc', 0.97610563)
[INFO] 2022-10-03 17:58:14,952 [    train.py:  240]:	Precision 0.555 Recall 0.537 F1 0.546
[INFO] 2022-10-03 17:58:54,362 [    train.py:  188]:	Epoch 75: 
[INFO] 2022-10-03 17:58:54,363 [    train.py:  189]:	Train:
[INFO] 2022-10-03 17:58:54,370 [    train.py:  201]:	Loss 0.0124, ('Ner Loss', 0.012303242459893227),  ('CLS Classification Loss', 6.428034248529002e-05)
[INFO] 2022-10-03 17:58:54,370 [    train.py:  211]:	('Ner Acc', 0.9998418688774109),  ('CLS Classification Acc', 0.9999751448631287)
[INFO] 2022-10-03 17:58:56,616 [    train.py:  223]:	Evaluate:
[INFO] 2022-10-03 17:58:56,617 [    train.py:  230]:	Loss 0.2753, ('Ner Loss', 0.027178388),  ('CLS Classification Loss', 0.248099)
[INFO] 2022-10-03 17:58:56,617 [    train.py:  231]:	('Ner Acc', 0.99799716), ('CLS Classification Acc', 0.97590756)
[INFO] 2022-10-03 17:59:04,664 [    train.py:  240]:	Precision 0.550 Recall 0.538 F1 0.544
[INFO] 2022-10-03 17:59:44,296 [    train.py:  188]:	Epoch 76: 
[INFO] 2022-10-03 17:59:44,296 [    train.py:  189]:	Train:
[INFO] 2022-10-03 17:59:44,298 [    train.py:  201]:	Loss 0.0124, ('Ner Loss', 0.01235357578843832),  ('CLS Classification Loss', 5.3337957069743425e-05)
[INFO] 2022-10-03 17:59:44,298 [    train.py:  211]:	('Ner Acc', 0.9998466372489929),  ('CLS Classification Acc', 0.9999751448631287)
[INFO] 2022-10-03 17:59:46,521 [    train.py:  223]:	Evaluate:
[INFO] 2022-10-03 17:59:46,521 [    train.py:  230]:	Loss 0.2746, ('Ner Loss', 0.027210671),  ('CLS Classification Loss', 0.24738404)
[INFO] 2022-10-03 17:59:46,521 [    train.py:  231]:	('Ner Acc', 0.9980629), ('CLS Classification Acc', 0.97651684)
[INFO] 2022-10-03 17:59:54,452 [    train.py:  240]:	Precision 0.565 Recall 0.523 F1 0.543
[INFO] 2022-10-03 18:00:33,754 [    train.py:  188]:	Epoch 77: 
[INFO] 2022-10-03 18:00:33,754 [    train.py:  189]:	Train:
[INFO] 2022-10-03 18:00:33,762 [    train.py:  201]:	Loss 0.0123, ('Ner Loss', 0.01222301833331585),  ('CLS Classification Loss', 6.563789065694436e-05)
[INFO] 2022-10-03 18:00:33,762 [    train.py:  211]:	('Ner Acc', 0.9998388886451721),  ('CLS Classification Acc', 0.9999751448631287)
[INFO] 2022-10-03 18:00:36,005 [    train.py:  223]:	Evaluate:
[INFO] 2022-10-03 18:00:36,006 [    train.py:  230]:	Loss 0.2733, ('Ner Loss', 0.02729877),  ('CLS Classification Loss', 0.24599823)
[INFO] 2022-10-03 18:00:36,006 [    train.py:  231]:	('Ner Acc', 0.9980833), ('CLS Classification Acc', 0.9754964)
[INFO] 2022-10-03 18:00:43,949 [    train.py:  240]:	Precision 0.545 Recall 0.524 F1 0.534
[INFO] 2022-10-03 18:01:23,380 [    train.py:  188]:	Epoch 78: 
[INFO] 2022-10-03 18:01:23,380 [    train.py:  189]:	Train:
[INFO] 2022-10-03 18:01:23,386 [    train.py:  201]:	Loss 0.0122, ('Ner Loss', 0.01214080024510622),  ('CLS Classification Loss', 5.7481542171444744e-05)
[INFO] 2022-10-03 18:01:23,386 [    train.py:  211]:	('Ner Acc', 0.9998520016670227),  ('CLS Classification Acc', 0.9999751448631287)
[INFO] 2022-10-03 18:01:25,634 [    train.py:  223]:	Evaluate:
[INFO] 2022-10-03 18:01:25,635 [    train.py:  230]:	Loss 0.2723, ('Ner Loss', 0.02766889),  ('CLS Classification Loss', 0.24465965)
[INFO] 2022-10-03 18:01:25,635 [    train.py:  231]:	('Ner Acc', 0.9980598), ('CLS Classification Acc', 0.9766844)
[INFO] 2022-10-03 18:01:34,156 [    train.py:  240]:	Precision 0.560 Recall 0.525 F1 0.542
[INFO] 2022-10-03 18:02:13,414 [    train.py:  188]:	Epoch 79: 
[INFO] 2022-10-03 18:02:13,414 [    train.py:  189]:	Train:
[INFO] 2022-10-03 18:02:13,417 [    train.py:  201]:	Loss 0.0121, ('Ner Loss', 0.01207713782787323),  ('CLS Classification Loss', 6.800836854381487e-05)
[INFO] 2022-10-03 18:02:13,417 [    train.py:  211]:	('Ner Acc', 0.9998514652252197),  ('CLS Classification Acc', 0.9999628067016602)
[INFO] 2022-10-03 18:02:15,642 [    train.py:  223]:	Evaluate:
[INFO] 2022-10-03 18:02:15,643 [    train.py:  230]:	Loss 0.2710, ('Ner Loss', 0.0272377),  ('CLS Classification Loss', 0.24372856)
[INFO] 2022-10-03 18:02:15,643 [    train.py:  231]:	('Ner Acc', 0.99804837), ('CLS Classification Acc', 0.9764558)
[INFO] 2022-10-03 18:02:23,529 [    train.py:  240]:	Precision 0.560 Recall 0.527 F1 0.543
[INFO] 2022-10-03 18:03:02,776 [    train.py:  188]:	Epoch 80: 
[INFO] 2022-10-03 18:03:02,777 [    train.py:  189]:	Train:
[INFO] 2022-10-03 18:03:02,781 [    train.py:  201]:	Loss 0.0121, ('Ner Loss', 0.012086923234164715),  ('CLS Classification Loss', 3.712785473908298e-05)
[INFO] 2022-10-03 18:03:02,781 [    train.py:  211]:	('Ner Acc', 0.9998527765274048),  ('CLS Classification Acc', 1.0)
[INFO] 2022-10-03 18:03:05,022 [    train.py:  223]:	Evaluate:
[INFO] 2022-10-03 18:03:05,022 [    train.py:  230]:	Loss 0.2771, ('Ner Loss', 0.027983518),  ('CLS Classification Loss', 0.2491443)
[INFO] 2022-10-03 18:03:05,022 [    train.py:  231]:	('Ner Acc', 0.9980545), ('CLS Classification Acc', 0.9765929)
[INFO] 2022-10-03 18:03:13,424 [    train.py:  240]:	Precision 0.567 Recall 0.523 F1 0.544
[INFO] 2022-10-03 18:03:53,255 [    train.py:  188]:	Epoch 81: 
[INFO] 2022-10-03 18:03:53,255 [    train.py:  189]:	Train:
[INFO] 2022-10-03 18:03:53,259 [    train.py:  201]:	Loss 0.0121, ('Ner Loss', 0.012041161768138409),  ('CLS Classification Loss', 7.885583909228444e-05)
[INFO] 2022-10-03 18:03:53,259 [    train.py:  211]:	('Ner Acc', 0.9998405575752258),  ('CLS Classification Acc', 0.9999627470970154)
[INFO] 2022-10-03 18:03:55,523 [    train.py:  223]:	Evaluate:
[INFO] 2022-10-03 18:03:55,524 [    train.py:  230]:	Loss 0.2799, ('Ner Loss', 0.027120654),  ('CLS Classification Loss', 0.25274205)
[INFO] 2022-10-03 18:03:55,524 [    train.py:  231]:	('Ner Acc', 0.9980577), ('CLS Classification Acc', 0.9763188)
[INFO] 2022-10-03 18:04:03,609 [    train.py:  240]:	Precision 0.561 Recall 0.541 F1 0.551
[INFO] 2022-10-03 18:04:42,909 [    train.py:  188]:	Epoch 82: 
[INFO] 2022-10-03 18:04:42,909 [    train.py:  189]:	Train:
[INFO] 2022-10-03 18:04:42,912 [    train.py:  201]:	Loss 0.0121, ('Ner Loss', 0.011981843970716),  ('CLS Classification Loss', 9.175122249871492e-05)
[INFO] 2022-10-03 18:04:42,912 [    train.py:  211]:	('Ner Acc', 0.9998490214347839),  ('CLS Classification Acc', 0.9999751448631287)
[INFO] 2022-10-03 18:04:45,170 [    train.py:  223]:	Evaluate:
[INFO] 2022-10-03 18:04:45,171 [    train.py:  230]:	Loss 0.2831, ('Ner Loss', 0.027537622),  ('CLS Classification Loss', 0.2555347)
[INFO] 2022-10-03 18:04:45,171 [    train.py:  231]:	('Ner Acc', 0.99800783), ('CLS Classification Acc', 0.976136)
[INFO] 2022-10-03 18:04:53,228 [    train.py:  240]:	Precision 0.554 Recall 0.538 F1 0.546
[INFO] 2022-10-03 18:05:32,645 [    train.py:  188]:	Epoch 83: 
[INFO] 2022-10-03 18:05:32,646 [    train.py:  189]:	Train:
[INFO] 2022-10-03 18:05:32,648 [    train.py:  201]:	Loss 0.0120, ('Ner Loss', 0.01194557175040245),  ('CLS Classification Loss', 7.034386362647638e-05)
[INFO] 2022-10-03 18:05:32,648 [    train.py:  211]:	('Ner Acc', 0.9998428225517273),  ('CLS Classification Acc', 0.9999876022338867)
[INFO] 2022-10-03 18:05:34,827 [    train.py:  223]:	Evaluate:
[INFO] 2022-10-03 18:05:34,828 [    train.py:  230]:	Loss 0.2845, ('Ner Loss', 0.027986677),  ('CLS Classification Loss', 0.25651318)
[INFO] 2022-10-03 18:05:34,828 [    train.py:  231]:	('Ner Acc', 0.9980997), ('CLS Classification Acc', 0.97706515)
[INFO] 2022-10-03 18:05:42,904 [    train.py:  240]:	Precision 0.577 Recall 0.521 F1 0.547
[INFO] 2022-10-03 18:06:22,517 [    train.py:  188]:	Epoch 84: 
[INFO] 2022-10-03 18:06:22,517 [    train.py:  189]:	Train:
[INFO] 2022-10-03 18:06:22,519 [    train.py:  201]:	Loss 0.0121, ('Ner Loss', 0.01189884077757597),  ('CLS Classification Loss', 0.0001844054932007566)
[INFO] 2022-10-03 18:06:22,519 [    train.py:  211]:	('Ner Acc', 0.9998409748077393),  ('CLS Classification Acc', 0.9999628067016602)
[INFO] 2022-10-03 18:06:24,763 [    train.py:  223]:	Evaluate:
[INFO] 2022-10-03 18:06:24,763 [    train.py:  230]:	Loss 0.2738, ('Ner Loss', 0.027892603),  ('CLS Classification Loss', 0.24589664)
[INFO] 2022-10-03 18:06:24,764 [    train.py:  231]:	('Ner Acc', 0.99803543), ('CLS Classification Acc', 0.97717166)
[INFO] 2022-10-03 18:06:32,884 [    train.py:  240]:	Precision 0.573 Recall 0.520 F1 0.545
[INFO] 2022-10-03 18:07:12,483 [    train.py:  188]:	Epoch 85: 
[INFO] 2022-10-03 18:07:12,484 [    train.py:  189]:	Train:
[INFO] 2022-10-03 18:07:12,487 [    train.py:  201]:	Loss 0.0129, ('Ner Loss', 0.01197665836662054),  ('CLS Classification Loss', 0.0008947756723500788)
[INFO] 2022-10-03 18:07:12,487 [    train.py:  211]:	('Ner Acc', 0.9998223185539246),  ('CLS Classification Acc', 0.9997268915176392)
[INFO] 2022-10-03 18:07:14,727 [    train.py:  223]:	Evaluate:
[INFO] 2022-10-03 18:07:14,727 [    train.py:  230]:	Loss 0.2554, ('Ner Loss', 0.027363652),  ('CLS Classification Loss', 0.228018)
[INFO] 2022-10-03 18:07:14,728 [    train.py:  231]:	('Ner Acc', 0.9979698), ('CLS Classification Acc', 0.977263)
[INFO] 2022-10-03 18:07:22,783 [    train.py:  240]:	Precision 0.556 Recall 0.521 F1 0.538
[INFO] 2022-10-03 18:08:02,245 [    train.py:  188]:	Epoch 86: 
[INFO] 2022-10-03 18:08:02,246 [    train.py:  189]:	Train:
[INFO] 2022-10-03 18:08:02,250 [    train.py:  201]:	Loss 0.0126, ('Ner Loss', 0.011997160501778126),  ('CLS Classification Loss', 0.0006515700952149928)
[INFO] 2022-10-03 18:08:02,250 [    train.py:  211]:	('Ner Acc', 0.9998036026954651),  ('CLS Classification Acc', 0.9998635649681091)
[INFO] 2022-10-03 18:08:04,472 [    train.py:  223]:	Evaluate:
[INFO] 2022-10-03 18:08:04,473 [    train.py:  230]:	Loss 0.2350, ('Ner Loss', 0.026374597),  ('CLS Classification Loss', 0.2085765)
[INFO] 2022-10-03 18:08:04,473 [    train.py:  231]:	('Ner Acc', 0.99803513), ('CLS Classification Acc', 0.9772326)
[INFO] 2022-10-03 18:08:12,546 [    train.py:  240]:	Precision 0.550 Recall 0.524 F1 0.537
[INFO] 2022-10-03 18:08:52,148 [    train.py:  188]:	Epoch 87: 
[INFO] 2022-10-03 18:08:52,148 [    train.py:  189]:	Train:
[INFO] 2022-10-03 18:08:52,151 [    train.py:  201]:	Loss 0.0121, ('Ner Loss', 0.011880899779498577),  ('CLS Classification Loss', 0.00024277584452647716)
[INFO] 2022-10-03 18:08:52,151 [    train.py:  211]:	('Ner Acc', 0.9998250603675842),  ('CLS Classification Acc', 0.9999380111694336)
[INFO] 2022-10-03 18:08:54,381 [    train.py:  223]:	Evaluate:
[INFO] 2022-10-03 18:08:54,382 [    train.py:  230]:	Loss 0.2494, ('Ner Loss', 0.027153047),  ('CLS Classification Loss', 0.22221895)
[INFO] 2022-10-03 18:08:54,382 [    train.py:  231]:	('Ner Acc', 0.997955), ('CLS Classification Acc', 0.9768671)
[INFO] 2022-10-03 18:09:02,437 [    train.py:  240]:	Precision 0.543 Recall 0.528 F1 0.535
[INFO] 2022-10-03 18:09:41,838 [    train.py:  188]:	Epoch 88: 
[INFO] 2022-10-03 18:09:41,838 [    train.py:  189]:	Train:
[INFO] 2022-10-03 18:09:41,842 [    train.py:  201]:	Loss 0.0120, ('Ner Loss', 0.01178755797445774),  ('CLS Classification Loss', 0.0001694675738690421)
[INFO] 2022-10-03 18:09:41,842 [    train.py:  211]:	('Ner Acc', 0.9998575448989868),  ('CLS Classification Acc', 0.9999504089355469)
[INFO] 2022-10-03 18:09:44,080 [    train.py:  223]:	Evaluate:
[INFO] 2022-10-03 18:09:44,080 [    train.py:  230]:	Loss 0.2330, ('Ner Loss', 0.025818504),  ('CLS Classification Loss', 0.20716113)
[INFO] 2022-10-03 18:09:44,080 [    train.py:  231]:	('Ner Acc', 0.99804103), ('CLS Classification Acc', 0.97680616)
[INFO] 2022-10-03 18:09:52,199 [    train.py:  240]:	Precision 0.564 Recall 0.551 F1 0.558
[INFO] 2022-10-03 18:10:31,697 [    train.py:  188]:	Epoch 89: 
[INFO] 2022-10-03 18:10:31,697 [    train.py:  189]:	Train:
[INFO] 2022-10-03 18:10:31,700 [    train.py:  201]:	Loss 0.0121, ('Ner Loss', 0.011756605468690395),  ('CLS Classification Loss', 0.0003477409190963954)
[INFO] 2022-10-03 18:10:31,700 [    train.py:  211]:	('Ner Acc', 0.9998559951782227),  ('CLS Classification Acc', 0.9998759627342224)
[INFO] 2022-10-03 18:10:33,934 [    train.py:  223]:	Evaluate:
[INFO] 2022-10-03 18:10:33,934 [    train.py:  230]:	Loss 0.2468, ('Ner Loss', 0.026661292),  ('CLS Classification Loss', 0.22013903)
[INFO] 2022-10-03 18:10:33,935 [    train.py:  231]:	('Ner Acc', 0.9980491), ('CLS Classification Acc', 0.97662336)
[INFO] 2022-10-03 18:10:41,770 [    train.py:  240]:	Precision 0.556 Recall 0.543 F1 0.550
[INFO] 2022-10-03 18:11:21,201 [    train.py:  188]:	Epoch 90: 
[INFO] 2022-10-03 18:11:21,202 [    train.py:  189]:	Train:
[INFO] 2022-10-03 18:11:21,205 [    train.py:  201]:	Loss 0.0117, ('Ner Loss', 0.011633355170488358),  ('CLS Classification Loss', 6.42684826743789e-05)
[INFO] 2022-10-03 18:11:21,205 [    train.py:  211]:	('Ner Acc', 0.999845027923584),  ('CLS Classification Acc', 0.9999751448631287)
[INFO] 2022-10-03 18:11:23,426 [    train.py:  223]:	Evaluate:
[INFO] 2022-10-03 18:11:23,427 [    train.py:  230]:	Loss 0.2514, ('Ner Loss', 0.026726678),  ('CLS Classification Loss', 0.22463755)
[INFO] 2022-10-03 18:11:23,427 [    train.py:  231]:	('Ner Acc', 0.99800855), ('CLS Classification Acc', 0.97680616)
[INFO] 2022-10-03 18:11:31,717 [    train.py:  240]:	Precision 0.557 Recall 0.551 F1 0.554
[INFO] 2022-10-03 18:12:11,357 [    train.py:  188]:	Epoch 91: 
[INFO] 2022-10-03 18:12:11,357 [    train.py:  189]:	Train:
[INFO] 2022-10-03 18:12:11,360 [    train.py:  201]:	Loss 0.0117, ('Ner Loss', 0.011614885181188583),  ('CLS Classification Loss', 6.590367411263287e-05)
[INFO] 2022-10-03 18:12:11,360 [    train.py:  211]:	('Ner Acc', 0.9998488426208496),  ('CLS Classification Acc', 0.9999751448631287)
[INFO] 2022-10-03 18:12:13,628 [    train.py:  223]:	Evaluate:
[INFO] 2022-10-03 18:12:13,629 [    train.py:  230]:	Loss 0.2559, ('Ner Loss', 0.02734077),  ('CLS Classification Loss', 0.22855484)
[INFO] 2022-10-03 18:12:13,629 [    train.py:  231]:	('Ner Acc', 0.9980287), ('CLS Classification Acc', 0.9768671)
[INFO] 2022-10-03 18:12:21,727 [    train.py:  240]:	Precision 0.563 Recall 0.534 F1 0.548
[INFO] 2022-10-03 18:13:01,541 [    train.py:  188]:	Epoch 92: 
[INFO] 2022-10-03 18:13:01,542 [    train.py:  189]:	Train:
[INFO] 2022-10-03 18:13:01,544 [    train.py:  201]:	Loss 0.0116, ('Ner Loss', 0.011534654535353184),  ('CLS Classification Loss', 5.7899793318938464e-05)
[INFO] 2022-10-03 18:13:01,544 [    train.py:  211]:	('Ner Acc', 0.999862790107727),  ('CLS Classification Acc', 0.9999627470970154)
[INFO] 2022-10-03 18:13:03,783 [    train.py:  223]:	Evaluate:
[INFO] 2022-10-03 18:13:03,784 [    train.py:  230]:	Loss 0.2678, ('Ner Loss', 0.027705563),  ('CLS Classification Loss', 0.24012734)
[INFO] 2022-10-03 18:13:03,784 [    train.py:  231]:	('Ner Acc', 0.997965), ('CLS Classification Acc', 0.97657764)
[INFO] 2022-10-03 18:13:11,850 [    train.py:  240]:	Precision 0.552 Recall 0.531 F1 0.542
[INFO] 2022-10-03 18:13:52,051 [    train.py:  188]:	Epoch 93: 
[INFO] 2022-10-03 18:13:52,051 [    train.py:  189]:	Train:
[INFO] 2022-10-03 18:13:52,057 [    train.py:  201]:	Loss 0.0116, ('Ner Loss', 0.011548575013875961),  ('CLS Classification Loss', 5.321343269315548e-05)
[INFO] 2022-10-03 18:13:52,057 [    train.py:  211]:	('Ner Acc', 0.9998454451560974),  ('CLS Classification Acc', 0.9999751448631287)
[INFO] 2022-10-03 18:13:54,329 [    train.py:  223]:	Evaluate:
[INFO] 2022-10-03 18:13:54,329 [    train.py:  230]:	Loss 0.2656, ('Ner Loss', 0.027565837),  ('CLS Classification Loss', 0.23803186)
[INFO] 2022-10-03 18:13:54,330 [    train.py:  231]:	('Ner Acc', 0.99799967), ('CLS Classification Acc', 0.97691274)
[INFO] 2022-10-03 18:14:02,407 [    train.py:  240]:	Precision 0.558 Recall 0.523 F1 0.540
[INFO] 2022-10-03 18:14:42,015 [    train.py:  188]:	Epoch 94: 
[INFO] 2022-10-03 18:14:42,015 [    train.py:  189]:	Train:
[INFO] 2022-10-03 18:14:42,019 [    train.py:  201]:	Loss 0.0116, ('Ner Loss', 0.011520837433636189),  ('CLS Classification Loss', 4.3634292524075136e-05)
[INFO] 2022-10-03 18:14:42,019 [    train.py:  211]:	('Ner Acc', 0.9998573064804077),  ('CLS Classification Acc', 0.9999876022338867)
[INFO] 2022-10-03 18:14:44,277 [    train.py:  223]:	Evaluate:
[INFO] 2022-10-03 18:14:44,277 [    train.py:  230]:	Loss 0.2664, ('Ner Loss', 0.027471753),  ('CLS Classification Loss', 0.23888232)
[INFO] 2022-10-03 18:14:44,278 [    train.py:  231]:	('Ner Acc', 0.9980049), ('CLS Classification Acc', 0.9765929)
[INFO] 2022-10-03 18:14:52,312 [    train.py:  240]:	Precision 0.553 Recall 0.533 F1 0.542
[INFO] 2022-10-03 18:15:31,873 [    train.py:  188]:	Epoch 95: 
[INFO] 2022-10-03 18:15:31,873 [    train.py:  189]:	Train:
[INFO] 2022-10-03 18:15:31,878 [    train.py:  201]:	Loss 0.0116, ('Ner Loss', 0.011516849510371685),  ('CLS Classification Loss', 8.617752610007301e-05)
[INFO] 2022-10-03 18:15:31,879 [    train.py:  211]:	('Ner Acc', 0.9998496770858765),  ('CLS Classification Acc', 0.9999627470970154)
[INFO] 2022-10-03 18:15:34,090 [    train.py:  223]:	Evaluate:
[INFO] 2022-10-03 18:15:34,091 [    train.py:  230]:	Loss 0.2689, ('Ner Loss', 0.02688771),  ('CLS Classification Loss', 0.24199776)
[INFO] 2022-10-03 18:15:34,091 [    train.py:  231]:	('Ner Acc', 0.9979998), ('CLS Classification Acc', 0.9767299)
[INFO] 2022-10-03 18:15:42,167 [    train.py:  240]:	Precision 0.547 Recall 0.535 F1 0.541
[INFO] 2022-10-03 18:16:21,757 [    train.py:  188]:	Epoch 96: 
[INFO] 2022-10-03 18:16:21,757 [    train.py:  189]:	Train:
[INFO] 2022-10-03 18:16:21,760 [    train.py:  201]:	Loss 0.0116, ('Ner Loss', 0.011512409895658493),  ('CLS Classification Loss', 4.650619302992709e-05)
[INFO] 2022-10-03 18:16:21,760 [    train.py:  211]:	('Ner Acc', 0.9998502731323242),  ('CLS Classification Acc', 0.9999751448631287)
[INFO] 2022-10-03 18:16:23,972 [    train.py:  223]:	Evaluate:
[INFO] 2022-10-03 18:16:23,972 [    train.py:  230]:	Loss 0.2738, ('Ner Loss', 0.02731385),  ('CLS Classification Loss', 0.24647819)
[INFO] 2022-10-03 18:16:23,973 [    train.py:  231]:	('Ner Acc', 0.9979751), ('CLS Classification Acc', 0.9761665)
[INFO] 2022-10-03 18:16:32,072 [    train.py:  240]:	Precision 0.547 Recall 0.548 F1 0.547
[INFO] 2022-10-03 18:17:11,522 [    train.py:  188]:	Epoch 97: 
[INFO] 2022-10-03 18:17:11,522 [    train.py:  189]:	Train:
[INFO] 2022-10-03 18:17:11,525 [    train.py:  201]:	Loss 0.0114, ('Ner Loss', 0.01139878574758768),  ('CLS Classification Loss', 5.1079605327686295e-05)
[INFO] 2022-10-03 18:17:11,525 [    train.py:  211]:	('Ner Acc', 0.9998533129692078),  ('CLS Classification Acc', 0.9999751448631287)
[INFO] 2022-10-03 18:17:13,766 [    train.py:  223]:	Evaluate:
[INFO] 2022-10-03 18:17:13,767 [    train.py:  230]:	Loss 0.2733, ('Ner Loss', 0.027004734),  ('CLS Classification Loss', 0.24632025)
[INFO] 2022-10-03 18:17:13,767 [    train.py:  231]:	('Ner Acc', 0.99801886), ('CLS Classification Acc', 0.9765929)
[INFO] 2022-10-03 18:17:21,447 [    train.py:  240]:	Precision 0.560 Recall 0.527 F1 0.543
[INFO] 2022-10-03 18:18:01,111 [    train.py:  188]:	Epoch 98: 
[INFO] 2022-10-03 18:18:01,111 [    train.py:  189]:	Train:
[INFO] 2022-10-03 18:18:01,117 [    train.py:  201]:	Loss 0.0115, ('Ner Loss', 0.011438474990427494),  ('CLS Classification Loss', 5.842579048476182e-05)
[INFO] 2022-10-03 18:18:01,117 [    train.py:  211]:	('Ner Acc', 0.9998553395271301),  ('CLS Classification Acc', 0.9999628067016602)
[INFO] 2022-10-03 18:18:03,349 [    train.py:  223]:	Evaluate:
[INFO] 2022-10-03 18:18:03,350 [    train.py:  230]:	Loss 0.2766, ('Ner Loss', 0.027631696),  ('CLS Classification Loss', 0.24897139)
[INFO] 2022-10-03 18:18:03,350 [    train.py:  231]:	('Ner Acc', 0.99804175), ('CLS Classification Acc', 0.976532)
[INFO] 2022-10-03 18:18:11,318 [    train.py:  240]:	Precision 0.568 Recall 0.531 F1 0.549
[INFO] 2022-10-03 18:18:50,840 [    train.py:  188]:	Epoch 99: 
[INFO] 2022-10-03 18:18:50,840 [    train.py:  189]:	Train:
[INFO] 2022-10-03 18:18:50,843 [    train.py:  201]:	Loss 0.0114, ('Ner Loss', 0.011328238993883133),  ('CLS Classification Loss', 7.618823292432353e-05)
[INFO] 2022-10-03 18:18:50,843 [    train.py:  211]:	('Ner Acc', 0.9998582005500793),  ('CLS Classification Acc', 0.9999627470970154)
[INFO] 2022-10-03 18:18:53,073 [    train.py:  223]:	Evaluate:
[INFO] 2022-10-03 18:18:53,074 [    train.py:  230]:	Loss 0.2702, ('Ner Loss', 0.027063975),  ('CLS Classification Loss', 0.2431341)
[INFO] 2022-10-03 18:18:53,074 [    train.py:  231]:	('Ner Acc', 0.99799967), ('CLS Classification Acc', 0.97676045)
[INFO] 2022-10-03 18:19:01,065 [    train.py:  240]:	Precision 0.549 Recall 0.550 F1 0.550
[INFO] 2022-10-03 18:19:40,627 [    train.py:  188]:	Epoch 100: 
[INFO] 2022-10-03 18:19:40,628 [    train.py:  189]:	Train:
[INFO] 2022-10-03 18:19:40,633 [    train.py:  201]:	Loss 0.0114, ('Ner Loss', 0.011342893354594707),  ('CLS Classification Loss', 4.542993337963708e-05)
[INFO] 2022-10-03 18:19:40,633 [    train.py:  211]:	('Ner Acc', 0.9998480677604675),  ('CLS Classification Acc', 0.9999751448631287)
[INFO] 2022-10-03 18:19:42,896 [    train.py:  223]:	Evaluate:
[INFO] 2022-10-03 18:19:42,897 [    train.py:  230]:	Loss 0.2716, ('Ner Loss', 0.027631136),  ('CLS Classification Loss', 0.24391915)
[INFO] 2022-10-03 18:19:42,897 [    train.py:  231]:	('Ner Acc', 0.9980504), ('CLS Classification Acc', 0.9770346)
[INFO] 2022-10-03 18:19:50,995 [    train.py:  240]:	Precision 0.561 Recall 0.533 F1 0.546
[INFO] 2022-10-03 18:19:50,996 [    train.py:  260]:	Best Epoch 88; Best f1 0.5577498503889886 precision 0.5641646489104116 recall 0.5514792899408284;
