[INFO] 2022-09-26 05:52:18,975 [    train.py:  505]:	Namespace(block_att_head_num=1, cased=True, d_block=128, data_aug=2, dataset='res15', do_test=True, do_train=True, do_valid=True, drop_null_data=True, dropout_rate=0.2, epochs=100, extra_attention=True, fuse_strategy='update', init_model_dir='', language='en', loss_ratio=1.0, lr=2e-05, mask_sb=True, model_type='end_to_end', output_dir='./output', save_dir='', task_name='ttee_res15_100epoch_128d_2aug_2e-5lr_cased_0.2dropout_dropnull_1loss', test_batch_size=32, train_batch_size=16, valid_freq=1)
[INFO] 2022-09-26 05:52:30,404 [    train.py:  118]:	{'init_bert_model': 'bert-base-cased', 'sentence_b': DictWrapper({'texts': ListWrapper(['general of ambience', 'price of drinks', 'quality of drinks', 'style options of drinks', 'prices of food', 'quality of food', 'style options of food', 'general of location', 'general of restaurant', 'miscellaneous of restaurant', 'prices of restaurant', 'general of service']), 'sentiments': ListWrapper(['negative', 'neutral', 'positive'])}), 'num_sentiment_classes': 3, 'subblock_hidden_size': 128, 'subblock_head_num': 1, 'cache_dir': 'bert_models/bert-base-cased', 'fuse_strategy': 'update', 'extra_attention': True, 'dropout': 0.2, 'loss_ratio': 1.0}
[INFO] 2022-09-26 05:52:30,404 [    train.py:  120]:	Number of Train Sentence: 1120
[INFO] 2022-09-26 05:52:30,414 [    train.py:  522]:	Data augment: Merge 2 train data together
[INFO] 2022-09-26 05:53:41,203 [    train.py:  184]:	Epoch 1: 
[INFO] 2022-09-26 05:53:41,204 [    train.py:  185]:	Train:
[INFO] 2022-09-26 05:53:41,210 [    train.py:  197]:	Loss 0.3291, ('Ner Loss', 0.0987757071852684),  ('CLS Classification Loss', 0.23033447563648224)
[INFO] 2022-09-26 05:53:41,210 [    train.py:  207]:	('Ner Acc', 0.974079430103302),  ('CLS Classification Acc', 0.9266494512557983)
[INFO] 2022-09-26 05:53:46,336 [    train.py:  219]:	Evaluate:
[INFO] 2022-09-26 05:53:46,338 [    train.py:  226]:	Loss 0.1680, ('Ner Loss', 0.026802585),  ('CLS Classification Loss', 0.14118813)
[INFO] 2022-09-26 05:53:46,338 [    train.py:  227]:	('Ner Acc', 0.99689984), ('CLS Classification Acc', 0.962567)
[INFO] 2022-09-26 05:54:02,014 [    train.py:  236]:	Precision 0.167 Recall 0.001 F1 0.002
[INFO] 2022-09-26 05:54:42,517 [    train.py:  184]:	Epoch 2: 
[INFO] 2022-09-26 05:54:42,518 [    train.py:  185]:	Train:
[INFO] 2022-09-26 05:54:42,523 [    train.py:  197]:	Loss 0.2118, ('Ner Loss', 0.03211209923028946),  ('CLS Classification Loss', 0.17965786159038544)
[INFO] 2022-09-26 05:54:42,523 [    train.py:  207]:	('Ner Acc', 0.9961639642715454),  ('CLS Classification Acc', 0.9368054866790771)
[INFO] 2022-09-26 05:54:44,853 [    train.py:  219]:	Evaluate:
[INFO] 2022-09-26 05:54:44,854 [    train.py:  226]:	Loss 0.1671, ('Ner Loss', 0.02295388),  ('CLS Classification Loss', 0.14414872)
[INFO] 2022-09-26 05:54:44,854 [    train.py:  227]:	('Ner Acc', 0.99689704), ('CLS Classification Acc', 0.96279544)
[INFO] 2022-09-26 05:54:57,616 [    train.py:  236]:	Precision 0.060 Recall 0.005 F1 0.009
[INFO] 2022-09-26 05:55:38,242 [    train.py:  184]:	Epoch 3: 
[INFO] 2022-09-26 05:55:38,242 [    train.py:  185]:	Train:
[INFO] 2022-09-26 05:55:38,246 [    train.py:  197]:	Loss 0.2011, ('Ner Loss', 0.02827267162501812),  ('CLS Classification Loss', 0.17277856171131134)
[INFO] 2022-09-26 05:55:38,247 [    train.py:  207]:	('Ner Acc', 0.9961569905281067),  ('CLS Classification Acc', 0.9390254616737366)
[INFO] 2022-09-26 05:55:40,576 [    train.py:  219]:	Evaluate:
[INFO] 2022-09-26 05:55:40,577 [    train.py:  226]:	Loss 0.1472, ('Ner Loss', 0.020471405),  ('CLS Classification Loss', 0.1266977)
[INFO] 2022-09-26 05:55:40,577 [    train.py:  227]:	('Ner Acc', 0.9968947), ('CLS Classification Acc', 0.9631153)
[INFO] 2022-09-26 05:55:53,298 [    train.py:  236]:	Precision 0.135 Recall 0.008 F1 0.016
[INFO] 2022-09-26 05:56:33,858 [    train.py:  184]:	Epoch 4: 
[INFO] 2022-09-26 05:56:33,859 [    train.py:  185]:	Train:
[INFO] 2022-09-26 05:56:33,862 [    train.py:  197]:	Loss 0.1879, ('Ner Loss', 0.024853289127349854),  ('CLS Classification Loss', 0.16305488348007202)
[INFO] 2022-09-26 05:56:33,862 [    train.py:  207]:	('Ner Acc', 0.9961550235748291),  ('CLS Classification Acc', 0.9431795477867126)
[INFO] 2022-09-26 05:56:36,189 [    train.py:  219]:	Evaluate:
[INFO] 2022-09-26 05:56:36,190 [    train.py:  226]:	Loss 0.1434, ('Ner Loss', 0.017944079),  ('CLS Classification Loss', 0.12542537)
[INFO] 2022-09-26 05:56:36,190 [    train.py:  227]:	('Ner Acc', 0.9968796), ('CLS Classification Acc', 0.96357214)
[INFO] 2022-09-26 05:56:49,283 [    train.py:  236]:	Precision 0.118 Recall 0.005 F1 0.009
[INFO] 2022-09-26 05:57:29,825 [    train.py:  184]:	Epoch 5: 
[INFO] 2022-09-26 05:57:29,826 [    train.py:  185]:	Train:
[INFO] 2022-09-26 05:57:29,832 [    train.py:  197]:	Loss 0.1787, ('Ner Loss', 0.021502498537302017),  ('CLS Classification Loss', 0.15723487734794617)
[INFO] 2022-09-26 05:57:29,832 [    train.py:  207]:	('Ner Acc', 0.9961004853248596),  ('CLS Classification Acc', 0.9440102577209473)
[INFO] 2022-09-26 05:57:32,153 [    train.py:  219]:	Evaluate:
[INFO] 2022-09-26 05:57:32,154 [    train.py:  226]:	Loss 0.1469, ('Ner Loss', 0.016476814),  ('CLS Classification Loss', 0.13039303)
[INFO] 2022-09-26 05:57:32,154 [    train.py:  227]:	('Ner Acc', 0.9968925), ('CLS Classification Acc', 0.9639376)
[INFO] 2022-09-26 05:57:44,989 [    train.py:  236]:	Precision 0.221 Recall 0.018 F1 0.033
[INFO] 2022-09-26 05:58:25,571 [    train.py:  184]:	Epoch 6: 
[INFO] 2022-09-26 05:58:25,572 [    train.py:  185]:	Train:
[INFO] 2022-09-26 05:58:25,575 [    train.py:  197]:	Loss 0.1640, ('Ner Loss', 0.01952226273715496),  ('CLS Classification Loss', 0.14452116191387177)
[INFO] 2022-09-26 05:58:25,575 [    train.py:  207]:	('Ner Acc', 0.9960945248603821),  ('CLS Classification Acc', 0.9463664293289185)
[INFO] 2022-09-26 05:58:27,912 [    train.py:  219]:	Evaluate:
[INFO] 2022-09-26 05:58:27,913 [    train.py:  226]:	Loss 0.1277, ('Ner Loss', 0.015147698),  ('CLS Classification Loss', 0.112544514)
[INFO] 2022-09-26 05:58:27,913 [    train.py:  227]:	('Ner Acc', 0.9969623), ('CLS Classification Acc', 0.9655366)
[INFO] 2022-09-26 05:58:40,641 [    train.py:  236]:	Precision 0.285 Recall 0.049 F1 0.083
[INFO] 2022-09-26 05:59:21,252 [    train.py:  184]:	Epoch 7: 
[INFO] 2022-09-26 05:59:21,253 [    train.py:  185]:	Train:
[INFO] 2022-09-26 05:59:21,260 [    train.py:  197]:	Loss 0.1498, ('Ner Loss', 0.01771768368780613),  ('CLS Classification Loss', 0.13205894827842712)
[INFO] 2022-09-26 05:59:21,260 [    train.py:  207]:	('Ner Acc', 0.9961277842521667),  ('CLS Classification Acc', 0.9504463076591492)
[INFO] 2022-09-26 05:59:23,591 [    train.py:  219]:	Evaluate:
[INFO] 2022-09-26 05:59:23,592 [    train.py:  226]:	Loss 0.1242, ('Ner Loss', 0.014829658),  ('CLS Classification Loss', 0.1093235)
[INFO] 2022-09-26 05:59:23,592 [    train.py:  227]:	('Ner Acc', 0.99702454), ('CLS Classification Acc', 0.9666788)
[INFO] 2022-09-26 05:59:36,845 [    train.py:  236]:	Precision 0.321 Recall 0.051 F1 0.088
[INFO] 2022-09-26 06:00:17,492 [    train.py:  184]:	Epoch 8: 
[INFO] 2022-09-26 06:00:17,492 [    train.py:  185]:	Train:
[INFO] 2022-09-26 06:00:17,497 [    train.py:  197]:	Loss 0.1373, ('Ner Loss', 0.01603533700108528),  ('CLS Classification Loss', 0.12129635363817215)
[INFO] 2022-09-26 06:00:17,498 [    train.py:  207]:	('Ner Acc', 0.9962422251701355),  ('CLS Classification Acc', 0.9523559808731079)
[INFO] 2022-09-26 06:00:19,834 [    train.py:  219]:	Evaluate:
[INFO] 2022-09-26 06:00:19,834 [    train.py:  226]:	Loss 0.1121, ('Ner Loss', 0.013801176),  ('CLS Classification Loss', 0.09831748)
[INFO] 2022-09-26 06:00:19,835 [    train.py:  227]:	('Ner Acc', 0.99718165), ('CLS Classification Acc', 0.96736413)
[INFO] 2022-09-26 06:00:32,590 [    train.py:  236]:	Precision 0.323 Recall 0.115 F1 0.169
[INFO] 2022-09-26 06:01:13,161 [    train.py:  184]:	Epoch 9: 
[INFO] 2022-09-26 06:01:13,161 [    train.py:  185]:	Train:
[INFO] 2022-09-26 06:01:13,164 [    train.py:  197]:	Loss 0.1273, ('Ner Loss', 0.014286801218986511),  ('CLS Classification Loss', 0.1130317971110344)
[INFO] 2022-09-26 06:01:13,164 [    train.py:  207]:	('Ner Acc', 0.9963884353637695),  ('CLS Classification Acc', 0.9552334547042847)
[INFO] 2022-09-26 06:01:15,519 [    train.py:  219]:	Evaluate:
[INFO] 2022-09-26 06:01:15,520 [    train.py:  226]:	Loss 0.1157, ('Ner Loss', 0.013634292),  ('CLS Classification Loss', 0.10203673)
[INFO] 2022-09-26 06:01:15,520 [    train.py:  227]:	('Ner Acc', 0.9972276), ('CLS Classification Acc', 0.96818644)
[INFO] 2022-09-26 06:01:28,308 [    train.py:  236]:	Precision 0.334 Recall 0.130 F1 0.187
[INFO] 2022-09-26 06:02:09,226 [    train.py:  184]:	Epoch 10: 
[INFO] 2022-09-26 06:02:09,226 [    train.py:  185]:	Train:
[INFO] 2022-09-26 06:02:09,230 [    train.py:  197]:	Loss 0.1162, ('Ner Loss', 0.012877626344561577),  ('CLS Classification Loss', 0.1033444032073021)
[INFO] 2022-09-26 06:02:09,230 [    train.py:  207]:	('Ner Acc', 0.9965611100196838),  ('CLS Classification Acc', 0.9588912129402161)
[INFO] 2022-09-26 06:02:11,547 [    train.py:  219]:	Evaluate:
[INFO] 2022-09-26 06:02:11,547 [    train.py:  226]:	Loss 0.1147, ('Ner Loss', 0.0129641965),  ('CLS Classification Loss', 0.101763085)
[INFO] 2022-09-26 06:02:11,548 [    train.py:  227]:	('Ner Acc', 0.997299), ('CLS Classification Acc', 0.96792763)
[INFO] 2022-09-26 06:02:24,272 [    train.py:  236]:	Precision 0.301 Recall 0.207 F1 0.245
[INFO] 2022-09-26 06:03:04,920 [    train.py:  184]:	Epoch 11: 
[INFO] 2022-09-26 06:03:04,921 [    train.py:  185]:	Train:
[INFO] 2022-09-26 06:03:04,924 [    train.py:  197]:	Loss 0.1038, ('Ner Loss', 0.011536890640854836),  ('CLS Classification Loss', 0.09224151819944382)
[INFO] 2022-09-26 06:03:04,924 [    train.py:  207]:	('Ner Acc', 0.9967164993286133),  ('CLS Classification Acc', 0.9623885154724121)
[INFO] 2022-09-26 06:03:07,276 [    train.py:  219]:	Evaluate:
[INFO] 2022-09-26 06:03:07,277 [    train.py:  226]:	Loss 0.1134, ('Ner Loss', 0.013105049),  ('CLS Classification Loss', 0.10034073)
[INFO] 2022-09-26 06:03:07,277 [    train.py:  227]:	('Ner Acc', 0.9971212), ('CLS Classification Acc', 0.9706233)
[INFO] 2022-09-26 06:03:19,948 [    train.py:  236]:	Precision 0.358 Recall 0.227 F1 0.278
[INFO] 2022-09-26 06:04:00,551 [    train.py:  184]:	Epoch 12: 
[INFO] 2022-09-26 06:04:00,551 [    train.py:  185]:	Train:
[INFO] 2022-09-26 06:04:00,556 [    train.py:  197]:	Loss 0.0908, ('Ner Loss', 0.010406473651528358),  ('CLS Classification Loss', 0.08036651462316513)
[INFO] 2022-09-26 06:04:00,556 [    train.py:  207]:	('Ner Acc', 0.9968675971031189),  ('CLS Classification Acc', 0.967894434928894)
[INFO] 2022-09-26 06:04:02,877 [    train.py:  219]:	Evaluate:
[INFO] 2022-09-26 06:04:02,878 [    train.py:  226]:	Loss 0.1271, ('Ner Loss', 0.015369881),  ('CLS Classification Loss', 0.11170829)
[INFO] 2022-09-26 06:04:02,878 [    train.py:  227]:	('Ner Acc', 0.99682325), ('CLS Classification Acc', 0.973471)
[INFO] 2022-09-26 06:04:15,570 [    train.py:  236]:	Precision 0.326 Recall 0.249 F1 0.282
[INFO] 2022-09-26 06:04:56,064 [    train.py:  184]:	Epoch 13: 
[INFO] 2022-09-26 06:04:56,065 [    train.py:  185]:	Train:
[INFO] 2022-09-26 06:04:56,068 [    train.py:  197]:	Loss 0.0783, ('Ner Loss', 0.009242844767868519),  ('CLS Classification Loss', 0.06909997016191483)
[INFO] 2022-09-26 06:04:56,068 [    train.py:  207]:	('Ner Acc', 0.9971539378166199),  ('CLS Classification Acc', 0.9715399742126465)
[INFO] 2022-09-26 06:04:58,405 [    train.py:  219]:	Evaluate:
[INFO] 2022-09-26 06:04:58,406 [    train.py:  226]:	Loss 0.1198, ('Ner Loss', 0.013999251),  ('CLS Classification Loss', 0.10575273)
[INFO] 2022-09-26 06:04:58,406 [    train.py:  227]:	('Ner Acc', 0.9969621), ('CLS Classification Acc', 0.9692678)
[INFO] 2022-09-26 06:05:11,129 [    train.py:  236]:	Precision 0.318 Recall 0.355 F1 0.335
[INFO] 2022-09-26 06:05:51,676 [    train.py:  184]:	Epoch 14: 
[INFO] 2022-09-26 06:05:51,677 [    train.py:  185]:	Train:
[INFO] 2022-09-26 06:05:51,681 [    train.py:  197]:	Loss 0.0697, ('Ner Loss', 0.008237113244831562),  ('CLS Classification Loss', 0.06150108575820923)
[INFO] 2022-09-26 06:05:51,681 [    train.py:  207]:	('Ner Acc', 0.9973475933074951),  ('CLS Classification Acc', 0.9755334854125977)
[INFO] 2022-09-26 06:05:54,021 [    train.py:  219]:	Evaluate:
[INFO] 2022-09-26 06:05:54,022 [    train.py:  226]:	Loss 0.1336, ('Ner Loss', 0.014395193),  ('CLS Classification Loss', 0.11923735)
[INFO] 2022-09-26 06:05:54,022 [    train.py:  227]:	('Ner Acc', 0.99712354), ('CLS Classification Acc', 0.9722984)
[INFO] 2022-09-26 06:06:06,809 [    train.py:  236]:	Precision 0.382 Recall 0.323 F1 0.350
[INFO] 2022-09-26 06:06:47,440 [    train.py:  184]:	Epoch 15: 
[INFO] 2022-09-26 06:06:47,440 [    train.py:  185]:	Train:
[INFO] 2022-09-26 06:06:47,443 [    train.py:  197]:	Loss 0.0622, ('Ner Loss', 0.007465927861630917),  ('CLS Classification Loss', 0.05469149351119995)
[INFO] 2022-09-26 06:06:47,443 [    train.py:  207]:	('Ner Acc', 0.997572124004364),  ('CLS Classification Acc', 0.9782609939575195)
[INFO] 2022-09-26 06:06:49,765 [    train.py:  219]:	Evaluate:
[INFO] 2022-09-26 06:06:49,766 [    train.py:  226]:	Loss 0.1284, ('Ner Loss', 0.016292112),  ('CLS Classification Loss', 0.1120984)
[INFO] 2022-09-26 06:06:49,766 [    train.py:  227]:	('Ner Acc', 0.9969563), ('CLS Classification Acc', 0.97500914)
[INFO] 2022-09-26 06:07:02,602 [    train.py:  236]:	Precision 0.375 Recall 0.331 F1 0.352
[INFO] 2022-09-26 06:07:43,334 [    train.py:  184]:	Epoch 16: 
[INFO] 2022-09-26 06:07:43,334 [    train.py:  185]:	Train:
[INFO] 2022-09-26 06:07:43,338 [    train.py:  197]:	Loss 0.0550, ('Ner Loss', 0.006708306726068258),  ('CLS Classification Loss', 0.04829626530408859)
[INFO] 2022-09-26 06:07:43,338 [    train.py:  207]:	('Ner Acc', 0.9978139400482178),  ('CLS Classification Acc', 0.9802206754684448)
[INFO] 2022-09-26 06:07:45,661 [    train.py:  219]:	Evaluate:
[INFO] 2022-09-26 06:07:45,662 [    train.py:  226]:	Loss 0.1249, ('Ner Loss', 0.016289135),  ('CLS Classification Loss', 0.108628966)
[INFO] 2022-09-26 06:07:45,662 [    train.py:  227]:	('Ner Acc', 0.99705356), ('CLS Classification Acc', 0.9733796)
[INFO] 2022-09-26 06:07:58,455 [    train.py:  236]:	Precision 0.378 Recall 0.404 F1 0.390
[INFO] 2022-09-26 06:08:39,085 [    train.py:  184]:	Epoch 17: 
[INFO] 2022-09-26 06:08:39,085 [    train.py:  185]:	Train:
[INFO] 2022-09-26 06:08:39,089 [    train.py:  197]:	Loss 0.0490, ('Ner Loss', 0.006117424461990595),  ('CLS Classification Loss', 0.04290584847331047)
[INFO] 2022-09-26 06:08:39,089 [    train.py:  207]:	('Ner Acc', 0.9979631900787354),  ('CLS Classification Acc', 0.9825148582458496)
[INFO] 2022-09-26 06:08:41,360 [    train.py:  219]:	Evaluate:
[INFO] 2022-09-26 06:08:41,361 [    train.py:  226]:	Loss 0.1569, ('Ner Loss', 0.018312586),  ('CLS Classification Loss', 0.13857932)
[INFO] 2022-09-26 06:08:41,361 [    train.py:  227]:	('Ner Acc', 0.9968956), ('CLS Classification Acc', 0.97060794)
[INFO] 2022-09-26 06:08:54,220 [    train.py:  236]:	Precision 0.340 Recall 0.401 F1 0.368
[INFO] 2022-09-26 06:09:35,123 [    train.py:  184]:	Epoch 18: 
[INFO] 2022-09-26 06:09:35,124 [    train.py:  185]:	Train:
[INFO] 2022-09-26 06:09:35,127 [    train.py:  197]:	Loss 0.0445, ('Ner Loss', 0.005650778766721487),  ('CLS Classification Loss', 0.038889795541763306)
[INFO] 2022-09-26 06:09:35,127 [    train.py:  207]:	('Ner Acc', 0.9980419874191284),  ('CLS Classification Acc', 0.9843624830245972)
[INFO] 2022-09-26 06:09:37,460 [    train.py:  219]:	Evaluate:
[INFO] 2022-09-26 06:09:37,460 [    train.py:  226]:	Loss 0.1580, ('Ner Loss', 0.017205955),  ('CLS Classification Loss', 0.14082436)
[INFO] 2022-09-26 06:09:37,460 [    train.py:  227]:	('Ner Acc', 0.997065), ('CLS Classification Acc', 0.97257245)
[INFO] 2022-09-26 06:09:50,274 [    train.py:  236]:	Precision 0.374 Recall 0.396 F1 0.385
[INFO] 2022-09-26 06:10:30,770 [    train.py:  184]:	Epoch 19: 
[INFO] 2022-09-26 06:10:30,770 [    train.py:  185]:	Train:
[INFO] 2022-09-26 06:10:30,773 [    train.py:  197]:	Loss 0.0408, ('Ner Loss', 0.0050302655436098576),  ('CLS Classification Loss', 0.03580253943800926)
[INFO] 2022-09-26 06:10:30,773 [    train.py:  207]:	('Ner Acc', 0.9982563853263855),  ('CLS Classification Acc', 0.985776424407959)
[INFO] 2022-09-26 06:10:33,105 [    train.py:  219]:	Evaluate:
[INFO] 2022-09-26 06:10:33,106 [    train.py:  226]:	Loss 0.1494, ('Ner Loss', 0.017755982),  ('CLS Classification Loss', 0.13168436)
[INFO] 2022-09-26 06:10:33,106 [    train.py:  227]:	('Ner Acc', 0.9973483), ('CLS Classification Acc', 0.9738822)
[INFO] 2022-09-26 06:10:45,773 [    train.py:  236]:	Precision 0.417 Recall 0.378 F1 0.396
[INFO] 2022-09-26 06:11:26,436 [    train.py:  184]:	Epoch 20: 
[INFO] 2022-09-26 06:11:26,437 [    train.py:  185]:	Train:
[INFO] 2022-09-26 06:11:26,440 [    train.py:  197]:	Loss 0.0368, ('Ner Loss', 0.004628406371921301),  ('CLS Classification Loss', 0.03214976564049721)
[INFO] 2022-09-26 06:11:26,440 [    train.py:  207]:	('Ner Acc', 0.9983270764350891),  ('CLS Classification Acc', 0.987003743648529)
[INFO] 2022-09-26 06:11:28,764 [    train.py:  219]:	Evaluate:
[INFO] 2022-09-26 06:11:28,764 [    train.py:  226]:	Loss 0.1538, ('Ner Loss', 0.01681397),  ('CLS Classification Loss', 0.13694204)
[INFO] 2022-09-26 06:11:28,764 [    train.py:  227]:	('Ner Acc', 0.9971714), ('CLS Classification Acc', 0.9740193)
[INFO] 2022-09-26 06:11:42,393 [    train.py:  236]:	Precision 0.385 Recall 0.443 F1 0.412
[INFO] 2022-09-26 06:12:23,113 [    train.py:  184]:	Epoch 21: 
[INFO] 2022-09-26 06:12:23,114 [    train.py:  185]:	Train:
[INFO] 2022-09-26 06:12:23,119 [    train.py:  197]:	Loss 0.0358, ('Ner Loss', 0.004342644941061735),  ('CLS Classification Loss', 0.03149375692009926)
[INFO] 2022-09-26 06:12:23,119 [    train.py:  207]:	('Ner Acc', 0.9984616041183472),  ('CLS Classification Acc', 0.9879955649375916)
[INFO] 2022-09-26 06:12:25,455 [    train.py:  219]:	Evaluate:
[INFO] 2022-09-26 06:12:25,455 [    train.py:  226]:	Loss 0.1660, ('Ner Loss', 0.019598717),  ('CLS Classification Loss', 0.14640532)
[INFO] 2022-09-26 06:12:25,456 [    train.py:  227]:	('Ner Acc', 0.9972715), ('CLS Classification Acc', 0.9734406)
[INFO] 2022-09-26 06:12:38,634 [    train.py:  236]:	Precision 0.407 Recall 0.434 F1 0.420
[INFO] 2022-09-26 06:13:19,232 [    train.py:  184]:	Epoch 22: 
[INFO] 2022-09-26 06:13:19,233 [    train.py:  185]:	Train:
[INFO] 2022-09-26 06:13:19,241 [    train.py:  197]:	Loss 0.0304, ('Ner Loss', 0.003969118464738131),  ('CLS Classification Loss', 0.026465389877557755)
[INFO] 2022-09-26 06:13:19,241 [    train.py:  207]:	('Ner Acc', 0.9985640645027161),  ('CLS Classification Acc', 0.9893599152565002)
[INFO] 2022-09-26 06:13:21,568 [    train.py:  219]:	Evaluate:
[INFO] 2022-09-26 06:13:21,569 [    train.py:  226]:	Loss 0.1643, ('Ner Loss', 0.019774882),  ('CLS Classification Loss', 0.14450434)
[INFO] 2022-09-26 06:13:21,569 [    train.py:  227]:	('Ner Acc', 0.99728423), ('CLS Classification Acc', 0.9732882)
[INFO] 2022-09-26 06:13:34,674 [    train.py:  236]:	Precision 0.411 Recall 0.422 F1 0.417
[INFO] 2022-09-26 06:14:15,502 [    train.py:  184]:	Epoch 23: 
[INFO] 2022-09-26 06:14:15,502 [    train.py:  185]:	Train:
[INFO] 2022-09-26 06:14:15,505 [    train.py:  197]:	Loss 0.0265, ('Ner Loss', 0.0035622145514935255),  ('CLS Classification Loss', 0.022962842136621475)
[INFO] 2022-09-26 06:14:15,505 [    train.py:  207]:	('Ner Acc', 0.9986947178840637),  ('CLS Classification Acc', 0.9908232688903809)
[INFO] 2022-09-26 06:14:17,833 [    train.py:  219]:	Evaluate:
[INFO] 2022-09-26 06:14:17,834 [    train.py:  226]:	Loss 0.1691, ('Ner Loss', 0.02037277),  ('CLS Classification Loss', 0.14869344)
[INFO] 2022-09-26 06:14:17,834 [    train.py:  227]:	('Ner Acc', 0.9974555), ('CLS Classification Acc', 0.97417146)
[INFO] 2022-09-26 06:14:30,627 [    train.py:  236]:	Precision 0.466 Recall 0.401 F1 0.431
[INFO] 2022-09-26 06:15:11,123 [    train.py:  184]:	Epoch 24: 
[INFO] 2022-09-26 06:15:11,124 [    train.py:  185]:	Train:
[INFO] 2022-09-26 06:15:11,131 [    train.py:  197]:	Loss 0.0243, ('Ner Loss', 0.0032245665788650513),  ('CLS Classification Loss', 0.02107829786837101)
[INFO] 2022-09-26 06:15:11,131 [    train.py:  207]:	('Ner Acc', 0.9988095164299011),  ('CLS Classification Acc', 0.9919516444206238)
[INFO] 2022-09-26 06:15:13,495 [    train.py:  219]:	Evaluate:
[INFO] 2022-09-26 06:15:13,496 [    train.py:  226]:	Loss 0.1597, ('Ner Loss', 0.020131802),  ('CLS Classification Loss', 0.13957681)
[INFO] 2022-09-26 06:15:13,496 [    train.py:  227]:	('Ner Acc', 0.99737006), ('CLS Classification Acc', 0.9743847)
[INFO] 2022-09-26 06:15:26,344 [    train.py:  236]:	Precision 0.412 Recall 0.463 F1 0.436
[INFO] 2022-09-26 06:16:07,081 [    train.py:  184]:	Epoch 25: 
[INFO] 2022-09-26 06:16:07,082 [    train.py:  185]:	Train:
[INFO] 2022-09-26 06:16:07,086 [    train.py:  197]:	Loss 0.0200, ('Ner Loss', 0.002958668163046241),  ('CLS Classification Loss', 0.01699824258685112)
[INFO] 2022-09-26 06:16:07,086 [    train.py:  207]:	('Ner Acc', 0.9989255666732788),  ('CLS Classification Acc', 0.993377685546875)
[INFO] 2022-09-26 06:16:09,425 [    train.py:  219]:	Evaluate:
[INFO] 2022-09-26 06:16:09,426 [    train.py:  226]:	Loss 0.1779, ('Ner Loss', 0.02119543),  ('CLS Classification Loss', 0.1567402)
[INFO] 2022-09-26 06:16:09,426 [    train.py:  227]:	('Ner Acc', 0.99742496), ('CLS Classification Acc', 0.97408015)
[INFO] 2022-09-26 06:16:21,961 [    train.py:  236]:	Precision 0.449 Recall 0.462 F1 0.455
[INFO] 2022-09-26 06:17:02,481 [    train.py:  184]:	Epoch 26: 
[INFO] 2022-09-26 06:17:02,481 [    train.py:  185]:	Train:
[INFO] 2022-09-26 06:17:02,483 [    train.py:  197]:	Loss 0.0185, ('Ner Loss', 0.002738738199695945),  ('CLS Classification Loss', 0.01578359305858612)
[INFO] 2022-09-26 06:17:02,483 [    train.py:  207]:	('Ner Acc', 0.9989805221557617),  ('CLS Classification Acc', 0.9940596222877502)
[INFO] 2022-09-26 06:17:04,790 [    train.py:  219]:	Evaluate:
[INFO] 2022-09-26 06:17:04,790 [    train.py:  226]:	Loss 0.1855, ('Ner Loss', 0.022398036),  ('CLS Classification Loss', 0.16307802)
[INFO] 2022-09-26 06:17:04,790 [    train.py:  227]:	('Ner Acc', 0.99745953), ('CLS Classification Acc', 0.9753138)
[INFO] 2022-09-26 06:17:17,236 [    train.py:  236]:	Precision 0.444 Recall 0.405 F1 0.423
[INFO] 2022-09-26 06:17:57,944 [    train.py:  184]:	Epoch 27: 
[INFO] 2022-09-26 06:17:57,944 [    train.py:  185]:	Train:
[INFO] 2022-09-26 06:17:57,947 [    train.py:  197]:	Loss 0.0188, ('Ner Loss', 0.002646378008648753),  ('CLS Classification Loss', 0.016125351190567017)
[INFO] 2022-09-26 06:17:57,947 [    train.py:  207]:	('Ner Acc', 0.999011754989624),  ('CLS Classification Acc', 0.9939976334571838)
[INFO] 2022-09-26 06:18:00,266 [    train.py:  219]:	Evaluate:
[INFO] 2022-09-26 06:18:00,266 [    train.py:  226]:	Loss 0.1898, ('Ner Loss', 0.023881432),  ('CLS Classification Loss', 0.16589107)
[INFO] 2022-09-26 06:18:00,267 [    train.py:  227]:	('Ner Acc', 0.99744004), ('CLS Classification Acc', 0.97577053)
[INFO] 2022-09-26 06:18:12,793 [    train.py:  236]:	Precision 0.486 Recall 0.394 F1 0.435
[INFO] 2022-09-26 06:18:53,689 [    train.py:  184]:	Epoch 28: 
[INFO] 2022-09-26 06:18:53,690 [    train.py:  185]:	Train:
[INFO] 2022-09-26 06:18:53,693 [    train.py:  197]:	Loss 0.0176, ('Ner Loss', 0.0024283851962536573),  ('CLS Classification Loss', 0.015190938487648964)
[INFO] 2022-09-26 06:18:53,693 [    train.py:  207]:	('Ner Acc', 0.9991161823272705),  ('CLS Classification Acc', 0.9944688081741333)
[INFO] 2022-09-26 06:18:56,038 [    train.py:  219]:	Evaluate:
[INFO] 2022-09-26 06:18:56,039 [    train.py:  226]:	Loss 0.1936, ('Ner Loss', 0.02502147),  ('CLS Classification Loss', 0.16861528)
[INFO] 2022-09-26 06:18:56,039 [    train.py:  227]:	('Ner Acc', 0.99765056), ('CLS Classification Acc', 0.97584677)
[INFO] 2022-09-26 06:19:08,599 [    train.py:  236]:	Precision 0.499 Recall 0.420 F1 0.456
[INFO] 2022-09-26 06:19:49,193 [    train.py:  184]:	Epoch 29: 
[INFO] 2022-09-26 06:19:49,194 [    train.py:  185]:	Train:
[INFO] 2022-09-26 06:19:49,199 [    train.py:  197]:	Loss 0.0153, ('Ner Loss', 0.002355473581701517),  ('CLS Classification Loss', 0.01294036116451025)
[INFO] 2022-09-26 06:19:49,200 [    train.py:  207]:	('Ner Acc', 0.9991344809532166),  ('CLS Classification Acc', 0.9952499270439148)
[INFO] 2022-09-26 06:19:51,518 [    train.py:  219]:	Evaluate:
[INFO] 2022-09-26 06:19:51,519 [    train.py:  226]:	Loss 0.1859, ('Ner Loss', 0.02307121),  ('CLS Classification Loss', 0.16278112)
[INFO] 2022-09-26 06:19:51,519 [    train.py:  227]:	('Ner Acc', 0.99742717), ('CLS Classification Acc', 0.9753899)
[INFO] 2022-09-26 06:20:04,090 [    train.py:  236]:	Precision 0.454 Recall 0.438 F1 0.446
[INFO] 2022-09-26 06:20:44,664 [    train.py:  184]:	Epoch 30: 
[INFO] 2022-09-26 06:20:44,664 [    train.py:  185]:	Train:
[INFO] 2022-09-26 06:20:44,667 [    train.py:  197]:	Loss 0.0132, ('Ner Loss', 0.002084418199956417),  ('CLS Classification Loss', 0.011089826002717018)
[INFO] 2022-09-26 06:20:44,667 [    train.py:  207]:	('Ner Acc', 0.9992119669914246),  ('CLS Classification Acc', 0.9958457946777344)
[INFO] 2022-09-26 06:20:46,978 [    train.py:  219]:	Evaluate:
[INFO] 2022-09-26 06:20:46,978 [    train.py:  226]:	Loss 0.1983, ('Ner Loss', 0.025103632),  ('CLS Classification Loss', 0.17316954)
[INFO] 2022-09-26 06:20:46,979 [    train.py:  227]:	('Ner Acc', 0.9975626), ('CLS Classification Acc', 0.97389746)
[INFO] 2022-09-26 06:20:59,440 [    train.py:  236]:	Precision 0.454 Recall 0.437 F1 0.445
[INFO] 2022-09-26 06:21:39,999 [    train.py:  184]:	Epoch 31: 
[INFO] 2022-09-26 06:21:40,000 [    train.py:  185]:	Train:
[INFO] 2022-09-26 06:21:40,007 [    train.py:  197]:	Loss 0.0121, ('Ner Loss', 0.0019039018079638481),  ('CLS Classification Loss', 0.010229907929897308)
[INFO] 2022-09-26 06:21:40,007 [    train.py:  207]:	('Ner Acc', 0.9992610216140747),  ('CLS Classification Acc', 0.9961801767349243)
[INFO] 2022-09-26 06:21:42,337 [    train.py:  219]:	Evaluate:
[INFO] 2022-09-26 06:21:42,338 [    train.py:  226]:	Loss 0.1975, ('Ner Loss', 0.023070844),  ('CLS Classification Loss', 0.17447446)
[INFO] 2022-09-26 06:21:42,338 [    train.py:  227]:	('Ner Acc', 0.99755555), ('CLS Classification Acc', 0.9739126)
[INFO] 2022-09-26 06:21:54,856 [    train.py:  236]:	Precision 0.450 Recall 0.451 F1 0.451
[INFO] 2022-09-26 06:22:35,110 [    train.py:  184]:	Epoch 32: 
[INFO] 2022-09-26 06:22:35,110 [    train.py:  185]:	Train:
[INFO] 2022-09-26 06:22:35,114 [    train.py:  197]:	Loss 0.0105, ('Ner Loss', 0.0017258054576814175),  ('CLS Classification Loss', 0.008752957917749882)
[INFO] 2022-09-26 06:22:35,114 [    train.py:  207]:	('Ner Acc', 0.9993556141853333),  ('CLS Classification Acc', 0.9968122243881226)
[INFO] 2022-09-26 06:22:37,429 [    train.py:  219]:	Evaluate:
[INFO] 2022-09-26 06:22:37,429 [    train.py:  226]:	Loss 0.2068, ('Ner Loss', 0.024614964),  ('CLS Classification Loss', 0.182139)
[INFO] 2022-09-26 06:22:37,430 [    train.py:  227]:	('Ner Acc', 0.99759775), ('CLS Classification Acc', 0.9745067)
[INFO] 2022-09-26 06:22:49,936 [    train.py:  236]:	Precision 0.475 Recall 0.440 F1 0.457
[INFO] 2022-09-26 06:23:30,477 [    train.py:  184]:	Epoch 33: 
[INFO] 2022-09-26 06:23:30,477 [    train.py:  185]:	Train:
[INFO] 2022-09-26 06:23:30,479 [    train.py:  197]:	Loss 0.0107, ('Ner Loss', 0.0016529947752133012),  ('CLS Classification Loss', 0.009036251343786716)
[INFO] 2022-09-26 06:23:30,479 [    train.py:  207]:	('Ner Acc', 0.9993850588798523),  ('CLS Classification Acc', 0.9967877268791199)
[INFO] 2022-09-26 06:23:32,773 [    train.py:  219]:	Evaluate:
[INFO] 2022-09-26 06:23:32,773 [    train.py:  226]:	Loss 0.1820, ('Ner Loss', 0.023873834),  ('CLS Classification Loss', 0.1581445)
[INFO] 2022-09-26 06:23:32,774 [    train.py:  227]:	('Ner Acc', 0.9975089), ('CLS Classification Acc', 0.9759077)
[INFO] 2022-09-26 06:23:45,488 [    train.py:  236]:	Precision 0.452 Recall 0.443 F1 0.447
[INFO] 2022-09-26 06:24:25,847 [    train.py:  184]:	Epoch 34: 
[INFO] 2022-09-26 06:24:25,848 [    train.py:  185]:	Train:
[INFO] 2022-09-26 06:24:25,854 [    train.py:  197]:	Loss 0.0090, ('Ner Loss', 0.0014885450946167111),  ('CLS Classification Loss', 0.007525966037064791)
[INFO] 2022-09-26 06:24:25,854 [    train.py:  207]:	('Ner Acc', 0.9994509220123291),  ('CLS Classification Acc', 0.9973955154418945)
[INFO] 2022-09-26 06:24:28,192 [    train.py:  219]:	Evaluate:
[INFO] 2022-09-26 06:24:28,192 [    train.py:  226]:	Loss 0.2174, ('Ner Loss', 0.028367365),  ('CLS Classification Loss', 0.18900152)
[INFO] 2022-09-26 06:24:28,193 [    train.py:  227]:	('Ner Acc', 0.9976591), ('CLS Classification Acc', 0.97599906)
[INFO] 2022-09-26 06:24:40,708 [    train.py:  236]:	Precision 0.477 Recall 0.396 F1 0.433
[INFO] 2022-09-26 06:25:21,284 [    train.py:  184]:	Epoch 35: 
[INFO] 2022-09-26 06:25:21,285 [    train.py:  185]:	Train:
[INFO] 2022-09-26 06:25:21,291 [    train.py:  197]:	Loss 0.0100, ('Ner Loss', 0.0014722761698067188),  ('CLS Classification Loss', 0.00854002870619297)
[INFO] 2022-09-26 06:25:21,292 [    train.py:  207]:	('Ner Acc', 0.9994419813156128),  ('CLS Classification Acc', 0.9969737529754639)
[INFO] 2022-09-26 06:25:23,624 [    train.py:  219]:	Evaluate:
[INFO] 2022-09-26 06:25:23,624 [    train.py:  226]:	Loss 0.2010, ('Ner Loss', 0.026284512),  ('CLS Classification Loss', 0.17474818)
[INFO] 2022-09-26 06:25:23,624 [    train.py:  227]:	('Ner Acc', 0.99760485), ('CLS Classification Acc', 0.9760142)
[INFO] 2022-09-26 06:25:36,762 [    train.py:  236]:	Precision 0.468 Recall 0.439 F1 0.453
[INFO] 2022-09-26 06:26:17,398 [    train.py:  184]:	Epoch 36: 
[INFO] 2022-09-26 06:26:17,399 [    train.py:  185]:	Train:
[INFO] 2022-09-26 06:26:17,403 [    train.py:  197]:	Loss 0.0092, ('Ner Loss', 0.001347979879938066),  ('CLS Classification Loss', 0.007899458520114422)
[INFO] 2022-09-26 06:26:17,403 [    train.py:  207]:	('Ner Acc', 0.9994902610778809),  ('CLS Classification Acc', 0.9971227645874023)
[INFO] 2022-09-26 06:26:19,751 [    train.py:  219]:	Evaluate:
[INFO] 2022-09-26 06:26:19,752 [    train.py:  226]:	Loss 0.1930, ('Ner Loss', 0.024159502),  ('CLS Classification Loss', 0.16879353)
[INFO] 2022-09-26 06:26:19,752 [    train.py:  227]:	('Ner Acc', 0.99736553), ('CLS Classification Acc', 0.9719177)
[INFO] 2022-09-26 06:26:32,624 [    train.py:  236]:	Precision 0.412 Recall 0.498 F1 0.451
[INFO] 2022-09-26 06:27:13,207 [    train.py:  184]:	Epoch 37: 
[INFO] 2022-09-26 06:27:13,207 [    train.py:  185]:	Train:
[INFO] 2022-09-26 06:27:13,215 [    train.py:  197]:	Loss 0.0078, ('Ner Loss', 0.0012923000613227487),  ('CLS Classification Loss', 0.006532199680805206)
[INFO] 2022-09-26 06:27:13,215 [    train.py:  207]:	('Ner Acc', 0.9995114803314209),  ('CLS Classification Acc', 0.9977799654006958)
[INFO] 2022-09-26 06:27:15,554 [    train.py:  219]:	Evaluate:
[INFO] 2022-09-26 06:27:15,555 [    train.py:  226]:	Loss 0.2119, ('Ner Loss', 0.028630106),  ('CLS Classification Loss', 0.18330729)
[INFO] 2022-09-26 06:27:15,555 [    train.py:  227]:	('Ner Acc', 0.9976182), ('CLS Classification Acc', 0.97587717)
[INFO] 2022-09-26 06:27:27,937 [    train.py:  236]:	Precision 0.463 Recall 0.380 F1 0.417
[INFO] 2022-09-26 06:28:08,981 [    train.py:  184]:	Epoch 38: 
[INFO] 2022-09-26 06:28:08,981 [    train.py:  185]:	Train:
[INFO] 2022-09-26 06:28:08,984 [    train.py:  197]:	Loss 0.0071, ('Ner Loss', 0.001242762547917664),  ('CLS Classification Loss', 0.005837552715092897)
[INFO] 2022-09-26 06:28:08,984 [    train.py:  207]:	('Ner Acc', 0.9995357990264893),  ('CLS Classification Acc', 0.9978668093681335)
[INFO] 2022-09-26 06:28:11,308 [    train.py:  219]:	Evaluate:
[INFO] 2022-09-26 06:28:11,309 [    train.py:  226]:	Loss 0.2073, ('Ner Loss', 0.028599896),  ('CLS Classification Loss', 0.17865609)
[INFO] 2022-09-26 06:28:11,309 [    train.py:  227]:	('Ner Acc', 0.9975235), ('CLS Classification Acc', 0.975268)
[INFO] 2022-09-26 06:28:24,269 [    train.py:  236]:	Precision 0.460 Recall 0.463 F1 0.461
[INFO] 2022-09-26 06:29:04,738 [    train.py:  184]:	Epoch 39: 
[INFO] 2022-09-26 06:29:04,739 [    train.py:  185]:	Train:
[INFO] 2022-09-26 06:29:04,741 [    train.py:  197]:	Loss 0.0063, ('Ner Loss', 0.0011420567752793431),  ('CLS Classification Loss', 0.005163498222827911)
[INFO] 2022-09-26 06:29:04,742 [    train.py:  207]:	('Ner Acc', 0.9995666742324829),  ('CLS Classification Acc', 0.9982881546020508)
[INFO] 2022-09-26 06:29:07,059 [    train.py:  219]:	Evaluate:
[INFO] 2022-09-26 06:29:07,060 [    train.py:  226]:	Loss 0.2064, ('Ner Loss', 0.02719178),  ('CLS Classification Loss', 0.17924784)
[INFO] 2022-09-26 06:29:07,060 [    train.py:  227]:	('Ner Acc', 0.99749875), ('CLS Classification Acc', 0.9750243)
[INFO] 2022-09-26 06:29:19,807 [    train.py:  236]:	Precision 0.440 Recall 0.473 F1 0.456
[INFO] 2022-09-26 06:30:00,340 [    train.py:  184]:	Epoch 40: 
[INFO] 2022-09-26 06:30:00,341 [    train.py:  185]:	Train:
[INFO] 2022-09-26 06:30:00,348 [    train.py:  197]:	Loss 0.0081, ('Ner Loss', 0.0012524236226454377),  ('CLS Classification Loss', 0.006865056697279215)
[INFO] 2022-09-26 06:30:00,348 [    train.py:  207]:	('Ner Acc', 0.9995469450950623),  ('CLS Classification Acc', 0.9977053999900818)
[INFO] 2022-09-26 06:30:02,710 [    train.py:  219]:	Evaluate:
[INFO] 2022-09-26 06:30:02,711 [    train.py:  226]:	Loss 0.2093, ('Ner Loss', 0.029574448),  ('CLS Classification Loss', 0.17970026)
[INFO] 2022-09-26 06:30:02,711 [    train.py:  227]:	('Ner Acc', 0.9975407), ('CLS Classification Acc', 0.97584665)
[INFO] 2022-09-26 06:30:15,471 [    train.py:  236]:	Precision 0.458 Recall 0.424 F1 0.440
[INFO] 2022-09-26 06:30:55,889 [    train.py:  184]:	Epoch 41: 
[INFO] 2022-09-26 06:30:55,889 [    train.py:  185]:	Train:
[INFO] 2022-09-26 06:30:55,892 [    train.py:  197]:	Loss 0.0073, ('Ner Loss', 0.0010567833669483662),  ('CLS Classification Loss', 0.006228472106158733)
[INFO] 2022-09-26 06:30:55,892 [    train.py:  207]:	('Ner Acc', 0.9996193051338196),  ('CLS Classification Acc', 0.9978915452957153)
[INFO] 2022-09-26 06:30:58,215 [    train.py:  219]:	Evaluate:
[INFO] 2022-09-26 06:30:58,215 [    train.py:  226]:	Loss 0.2161, ('Ner Loss', 0.030473595),  ('CLS Classification Loss', 0.1856391)
[INFO] 2022-09-26 06:30:58,216 [    train.py:  227]:	('Ner Acc', 0.99749154), ('CLS Classification Acc', 0.97580105)
[INFO] 2022-09-26 06:31:11,012 [    train.py:  236]:	Precision 0.476 Recall 0.462 F1 0.469
[INFO] 2022-09-26 06:31:51,707 [    train.py:  184]:	Epoch 42: 
[INFO] 2022-09-26 06:31:51,708 [    train.py:  185]:	Train:
[INFO] 2022-09-26 06:31:51,711 [    train.py:  197]:	Loss 0.0052, ('Ner Loss', 0.000991038279607892),  ('CLS Classification Loss', 0.004215063527226448)
[INFO] 2022-09-26 06:31:51,711 [    train.py:  207]:	('Ner Acc', 0.9996671676635742),  ('CLS Classification Acc', 0.9987099766731262)
[INFO] 2022-09-26 06:31:54,048 [    train.py:  219]:	Evaluate:
[INFO] 2022-09-26 06:31:54,049 [    train.py:  226]:	Loss 0.2094, ('Ner Loss', 0.029303757),  ('CLS Classification Loss', 0.18009438)
[INFO] 2022-09-26 06:31:54,049 [    train.py:  227]:	('Ner Acc', 0.99749905), ('CLS Classification Acc', 0.9751006)
[INFO] 2022-09-26 06:32:06,771 [    train.py:  236]:	Precision 0.454 Recall 0.459 F1 0.456
[INFO] 2022-09-26 06:32:47,214 [    train.py:  184]:	Epoch 43: 
[INFO] 2022-09-26 06:32:47,215 [    train.py:  185]:	Train:
[INFO] 2022-09-26 06:32:47,217 [    train.py:  197]:	Loss 0.0045, ('Ner Loss', 0.0008980255224741995),  ('CLS Classification Loss', 0.0036209016107022762)
[INFO] 2022-09-26 06:32:47,217 [    train.py:  207]:	('Ner Acc', 0.9996663928031921),  ('CLS Classification Acc', 0.9987844228744507)
[INFO] 2022-09-26 06:32:49,539 [    train.py:  219]:	Evaluate:
[INFO] 2022-09-26 06:32:49,540 [    train.py:  226]:	Loss 0.2346, ('Ner Loss', 0.031219818),  ('CLS Classification Loss', 0.203376)
[INFO] 2022-09-26 06:32:49,540 [    train.py:  227]:	('Ner Acc', 0.9976089), ('CLS Classification Acc', 0.9761513)
[INFO] 2022-09-26 06:33:02,299 [    train.py:  236]:	Precision 0.501 Recall 0.456 F1 0.477
[INFO] 2022-09-26 06:33:42,903 [    train.py:  184]:	Epoch 44: 
[INFO] 2022-09-26 06:33:42,903 [    train.py:  185]:	Train:
[INFO] 2022-09-26 06:33:42,907 [    train.py:  197]:	Loss 0.0055, ('Ner Loss', 0.0009121868060901761),  ('CLS Classification Loss', 0.004578816704452038)
[INFO] 2022-09-26 06:33:42,907 [    train.py:  207]:	('Ner Acc', 0.9996690154075623),  ('CLS Classification Acc', 0.9985860586166382)
[INFO] 2022-09-26 06:33:45,263 [    train.py:  219]:	Evaluate:
[INFO] 2022-09-26 06:33:45,264 [    train.py:  226]:	Loss 0.2149, ('Ner Loss', 0.03073873),  ('CLS Classification Loss', 0.18414561)
[INFO] 2022-09-26 06:33:45,264 [    train.py:  227]:	('Ner Acc', 0.99750286), ('CLS Classification Acc', 0.97592294)
[INFO] 2022-09-26 06:33:58,022 [    train.py:  236]:	Precision 0.472 Recall 0.451 F1 0.461
[INFO] 2022-09-26 06:34:38,772 [    train.py:  184]:	Epoch 45: 
[INFO] 2022-09-26 06:34:38,772 [    train.py:  185]:	Train:
[INFO] 2022-09-26 06:34:38,776 [    train.py:  197]:	Loss 0.0037, ('Ner Loss', 0.0008617951534688473),  ('CLS Classification Loss', 0.002803684677928686)
[INFO] 2022-09-26 06:34:38,776 [    train.py:  207]:	('Ner Acc', 0.9997036457061768),  ('CLS Classification Acc', 0.9988960027694702)
[INFO] 2022-09-26 06:34:41,136 [    train.py:  219]:	Evaluate:
[INFO] 2022-09-26 06:34:41,137 [    train.py:  226]:	Loss 0.2477, ('Ner Loss', 0.03210127),  ('CLS Classification Loss', 0.2156222)
[INFO] 2022-09-26 06:34:41,137 [    train.py:  227]:	('Ner Acc', 0.99741715), ('CLS Classification Acc', 0.9749787)
[INFO] 2022-09-26 06:34:53,899 [    train.py:  236]:	Precision 0.436 Recall 0.470 F1 0.452
[INFO] 2022-09-26 06:35:35,029 [    train.py:  184]:	Epoch 46: 
[INFO] 2022-09-26 06:35:35,030 [    train.py:  185]:	Train:
[INFO] 2022-09-26 06:35:35,032 [    train.py:  197]:	Loss 0.0052, ('Ner Loss', 0.0009096094290725887),  ('CLS Classification Loss', 0.004263053648173809)
[INFO] 2022-09-26 06:35:35,032 [    train.py:  207]:	('Ner Acc', 0.999667227268219),  ('CLS Classification Acc', 0.9987223744392395)
[INFO] 2022-09-26 06:35:37,334 [    train.py:  219]:	Evaluate:
[INFO] 2022-09-26 06:35:37,335 [    train.py:  226]:	Loss 0.2037, ('Ner Loss', 0.02896237),  ('CLS Classification Loss', 0.17474034)
[INFO] 2022-09-26 06:35:37,335 [    train.py:  227]:	('Ner Acc', 0.9975552), ('CLS Classification Acc', 0.9753289)
[INFO] 2022-09-26 06:35:50,117 [    train.py:  236]:	Precision 0.461 Recall 0.459 F1 0.460
[INFO] 2022-09-26 06:36:30,887 [    train.py:  184]:	Epoch 47: 
[INFO] 2022-09-26 06:36:30,887 [    train.py:  185]:	Train:
[INFO] 2022-09-26 06:36:30,890 [    train.py:  197]:	Loss 0.0043, ('Ner Loss', 0.000926055945456028),  ('CLS Classification Loss', 0.0033756582997739315)
[INFO] 2022-09-26 06:36:30,890 [    train.py:  207]:	('Ner Acc', 0.9996645450592041),  ('CLS Classification Acc', 0.9987967610359192)
[INFO] 2022-09-26 06:36:33,201 [    train.py:  219]:	Evaluate:
[INFO] 2022-09-26 06:36:33,201 [    train.py:  226]:	Loss 0.2224, ('Ner Loss', 0.03133584),  ('CLS Classification Loss', 0.19105485)
[INFO] 2022-09-26 06:36:33,201 [    train.py:  227]:	('Ner Acc', 0.9976239), ('CLS Classification Acc', 0.97503966)
[INFO] 2022-09-26 06:36:45,922 [    train.py:  236]:	Precision 0.477 Recall 0.427 F1 0.451
[INFO] 2022-09-26 06:37:26,712 [    train.py:  184]:	Epoch 48: 
[INFO] 2022-09-26 06:37:26,713 [    train.py:  185]:	Train:
[INFO] 2022-09-26 06:37:26,716 [    train.py:  197]:	Loss 0.0047, ('Ner Loss', 0.0006782572017982602),  ('CLS Classification Loss', 0.004037788137793541)
[INFO] 2022-09-26 06:37:26,716 [    train.py:  207]:	('Ner Acc', 0.9997552037239075),  ('CLS Classification Acc', 0.9985114932060242)
[INFO] 2022-09-26 06:37:29,046 [    train.py:  219]:	Evaluate:
[INFO] 2022-09-26 06:37:29,047 [    train.py:  226]:	Loss 0.2129, ('Ner Loss', 0.02905578),  ('CLS Classification Loss', 0.18386266)
[INFO] 2022-09-26 06:37:29,047 [    train.py:  227]:	('Ner Acc', 0.9975929), ('CLS Classification Acc', 0.975268)
[INFO] 2022-09-26 06:37:42,262 [    train.py:  236]:	Precision 0.466 Recall 0.469 F1 0.467
[INFO] 2022-09-26 06:38:22,782 [    train.py:  184]:	Epoch 49: 
[INFO] 2022-09-26 06:38:22,783 [    train.py:  185]:	Train:
[INFO] 2022-09-26 06:38:22,790 [    train.py:  197]:	Loss 0.0034, ('Ner Loss', 0.00065988878486678),  ('CLS Classification Loss', 0.0027603839989751577)
[INFO] 2022-09-26 06:38:22,790 [    train.py:  207]:	('Ner Acc', 0.999760627746582),  ('CLS Classification Acc', 0.9989331960678101)
[INFO] 2022-09-26 06:38:25,093 [    train.py:  219]:	Evaluate:
[INFO] 2022-09-26 06:38:25,093 [    train.py:  226]:	Loss 0.2406, ('Ner Loss', 0.032710657),  ('CLS Classification Loss', 0.20793183)
[INFO] 2022-09-26 06:38:25,094 [    train.py:  227]:	('Ner Acc', 0.9975596), ('CLS Classification Acc', 0.9764711)
[INFO] 2022-09-26 06:38:37,547 [    train.py:  236]:	Precision 0.489 Recall 0.458 F1 0.473
[INFO] 2022-09-26 06:39:17,684 [    train.py:  184]:	Epoch 50: 
[INFO] 2022-09-26 06:39:17,684 [    train.py:  185]:	Train:
[INFO] 2022-09-26 06:39:17,689 [    train.py:  197]:	Loss 0.0040, ('Ner Loss', 0.0006988109089434147),  ('CLS Classification Loss', 0.00330380629748106)
[INFO] 2022-09-26 06:39:17,689 [    train.py:  207]:	('Ner Acc', 0.9997541308403015),  ('CLS Classification Acc', 0.9988960027694702)
[INFO] 2022-09-26 06:39:19,988 [    train.py:  219]:	Evaluate:
[INFO] 2022-09-26 06:39:19,989 [    train.py:  226]:	Loss 0.2351, ('Ner Loss', 0.03324912),  ('CLS Classification Loss', 0.20184705)
[INFO] 2022-09-26 06:39:19,989 [    train.py:  227]:	('Ner Acc', 0.9974037), ('CLS Classification Acc', 0.9756793)
[INFO] 2022-09-26 06:39:32,764 [    train.py:  236]:	Precision 0.450 Recall 0.443 F1 0.446
[INFO] 2022-09-26 06:40:13,530 [    train.py:  184]:	Epoch 51: 
[INFO] 2022-09-26 06:40:13,531 [    train.py:  185]:	Train:
[INFO] 2022-09-26 06:40:13,537 [    train.py:  197]:	Loss 0.0032, ('Ner Loss', 0.0005544938030652702),  ('CLS Classification Loss', 0.002688863081857562)
[INFO] 2022-09-26 06:40:13,537 [    train.py:  207]:	('Ner Acc', 0.999797523021698),  ('CLS Classification Acc', 0.9992058873176575)
[INFO] 2022-09-26 06:40:15,866 [    train.py:  219]:	Evaluate:
[INFO] 2022-09-26 06:40:15,866 [    train.py:  226]:	Loss 0.2213, ('Ner Loss', 0.032116544),  ('CLS Classification Loss', 0.18914354)
[INFO] 2022-09-26 06:40:15,867 [    train.py:  227]:	('Ner Acc', 0.9975612), ('CLS Classification Acc', 0.9764863)
[INFO] 2022-09-26 06:40:28,657 [    train.py:  236]:	Precision 0.475 Recall 0.434 F1 0.454
[INFO] 2022-09-26 06:41:09,236 [    train.py:  184]:	Epoch 52: 
[INFO] 2022-09-26 06:41:09,236 [    train.py:  185]:	Train:
[INFO] 2022-09-26 06:41:09,239 [    train.py:  197]:	Loss 0.0028, ('Ner Loss', 0.000635230157058686),  ('CLS Classification Loss', 0.002128222957253456)
[INFO] 2022-09-26 06:41:09,239 [    train.py:  207]:	('Ner Acc', 0.9997777938842773),  ('CLS Classification Acc', 0.9993796348571777)
[INFO] 2022-09-26 06:41:11,533 [    train.py:  219]:	Evaluate:
[INFO] 2022-09-26 06:41:11,534 [    train.py:  226]:	Loss 0.2206, ('Ner Loss', 0.031618282),  ('CLS Classification Loss', 0.18900195)
[INFO] 2022-09-26 06:41:11,534 [    train.py:  227]:	('Ner Acc', 0.9975791), ('CLS Classification Acc', 0.9758315)
[INFO] 2022-09-26 06:41:24,001 [    train.py:  236]:	Precision 0.471 Recall 0.464 F1 0.468
[INFO] 2022-09-26 06:42:04,685 [    train.py:  184]:	Epoch 53: 
[INFO] 2022-09-26 06:42:04,686 [    train.py:  185]:	Train:
[INFO] 2022-09-26 06:42:04,689 [    train.py:  197]:	Loss 0.0094, ('Ner Loss', 0.001319299335591495),  ('CLS Classification Loss', 0.008084631524980068)
[INFO] 2022-09-26 06:42:04,689 [    train.py:  207]:	('Ner Acc', 0.9996465444564819),  ('CLS Classification Acc', 0.9974697828292847)
[INFO] 2022-09-26 06:42:07,025 [    train.py:  219]:	Evaluate:
[INFO] 2022-09-26 06:42:07,025 [    train.py:  226]:	Loss 0.2450, ('Ner Loss', 0.03130332),  ('CLS Classification Loss', 0.21372376)
[INFO] 2022-09-26 06:42:07,025 [    train.py:  227]:	('Ner Acc', 0.99749744), ('CLS Classification Acc', 0.9742782)
[INFO] 2022-09-26 06:42:19,779 [    train.py:  236]:	Precision 0.495 Recall 0.443 F1 0.467
[INFO] 2022-09-26 06:43:00,413 [    train.py:  184]:	Epoch 54: 
[INFO] 2022-09-26 06:43:00,414 [    train.py:  185]:	Train:
[INFO] 2022-09-26 06:43:00,421 [    train.py:  197]:	Loss 0.0049, ('Ner Loss', 0.000742071948479861),  ('CLS Classification Loss', 0.0041190520860254765)
[INFO] 2022-09-26 06:43:00,421 [    train.py:  207]:	('Ner Acc', 0.9997528195381165),  ('CLS Classification Acc', 0.9986602663993835)
[INFO] 2022-09-26 06:43:02,741 [    train.py:  219]:	Evaluate:
[INFO] 2022-09-26 06:43:02,741 [    train.py:  226]:	Loss 0.2313, ('Ner Loss', 0.030076206),  ('CLS Classification Loss', 0.20118102)
[INFO] 2022-09-26 06:43:02,741 [    train.py:  227]:	('Ner Acc', 0.9975588), ('CLS Classification Acc', 0.9754965)
[INFO] 2022-09-26 06:43:15,398 [    train.py:  236]:	Precision 0.495 Recall 0.450 F1 0.471
[INFO] 2022-09-26 06:43:56,379 [    train.py:  184]:	Epoch 55: 
[INFO] 2022-09-26 06:43:56,380 [    train.py:  185]:	Train:
[INFO] 2022-09-26 06:43:56,387 [    train.py:  197]:	Loss 0.0035, ('Ner Loss', 0.000566430448088795),  ('CLS Classification Loss', 0.0028881768230348825)
[INFO] 2022-09-26 06:43:56,387 [    train.py:  207]:	('Ner Acc', 0.9997996687889099),  ('CLS Classification Acc', 0.9991193413734436)
[INFO] 2022-09-26 06:43:58,713 [    train.py:  219]:	Evaluate:
[INFO] 2022-09-26 06:43:58,714 [    train.py:  226]:	Loss 0.2452, ('Ner Loss', 0.030513212),  ('CLS Classification Loss', 0.21473493)
[INFO] 2022-09-26 06:43:58,714 [    train.py:  227]:	('Ner Acc', 0.99757236), ('CLS Classification Acc', 0.9769432)
[INFO] 2022-09-26 06:44:11,786 [    train.py:  236]:	Precision 0.500 Recall 0.458 F1 0.478
[INFO] 2022-09-26 06:44:52,324 [    train.py:  184]:	Epoch 56: 
[INFO] 2022-09-26 06:44:52,324 [    train.py:  185]:	Train:
[INFO] 2022-09-26 06:44:52,326 [    train.py:  197]:	Loss 0.0027, ('Ner Loss', 0.00048782103112898767),  ('CLS Classification Loss', 0.002200867747887969)
[INFO] 2022-09-26 06:44:52,326 [    train.py:  207]:	('Ner Acc', 0.9998242855072021),  ('CLS Classification Acc', 0.9992679953575134)
[INFO] 2022-09-26 06:44:54,684 [    train.py:  219]:	Evaluate:
[INFO] 2022-09-26 06:44:54,685 [    train.py:  226]:	Loss 0.2507, ('Ner Loss', 0.031257235),  ('CLS Classification Loss', 0.21941662)
[INFO] 2022-09-26 06:44:54,685 [    train.py:  227]:	('Ner Acc', 0.99753994), ('CLS Classification Acc', 0.9750852)
[INFO] 2022-09-26 06:45:07,405 [    train.py:  236]:	Precision 0.480 Recall 0.450 F1 0.464
[INFO] 2022-09-26 06:45:48,161 [    train.py:  184]:	Epoch 57: 
[INFO] 2022-09-26 06:45:48,161 [    train.py:  185]:	Train:
[INFO] 2022-09-26 06:45:48,164 [    train.py:  197]:	Loss 0.0030, ('Ner Loss', 0.00045012778718955815),  ('CLS Classification Loss', 0.0025682689156383276)
[INFO] 2022-09-26 06:45:48,164 [    train.py:  207]:	('Ner Acc', 0.9998271465301514),  ('CLS Classification Acc', 0.9991811513900757)
[INFO] 2022-09-26 06:45:50,499 [    train.py:  219]:	Evaluate:
[INFO] 2022-09-26 06:45:50,500 [    train.py:  226]:	Loss 0.2272, ('Ner Loss', 0.029839927),  ('CLS Classification Loss', 0.19732651)
[INFO] 2022-09-26 06:45:50,500 [    train.py:  227]:	('Ner Acc', 0.9975598), ('CLS Classification Acc', 0.97528327)
[INFO] 2022-09-26 06:46:03,366 [    train.py:  236]:	Precision 0.471 Recall 0.476 F1 0.473
[INFO] 2022-09-26 06:46:44,051 [    train.py:  184]:	Epoch 58: 
[INFO] 2022-09-26 06:46:44,051 [    train.py:  185]:	Train:
[INFO] 2022-09-26 06:46:44,054 [    train.py:  197]:	Loss 0.0032, ('Ner Loss', 0.0004874133155681193),  ('CLS Classification Loss', 0.0027263734955340624)
[INFO] 2022-09-26 06:46:44,054 [    train.py:  207]:	('Ner Acc', 0.9998173117637634),  ('CLS Classification Acc', 0.9990943670272827)
[INFO] 2022-09-26 06:46:46,406 [    train.py:  219]:	Evaluate:
[INFO] 2022-09-26 06:46:46,407 [    train.py:  226]:	Loss 0.2451, ('Ner Loss', 0.030543901),  ('CLS Classification Loss', 0.21453905)
[INFO] 2022-09-26 06:46:46,407 [    train.py:  227]:	('Ner Acc', 0.9975815), ('CLS Classification Acc', 0.97444564)
[INFO] 2022-09-26 06:46:59,116 [    train.py:  236]:	Precision 0.451 Recall 0.480 F1 0.465
[INFO] 2022-09-26 06:47:40,246 [    train.py:  184]:	Epoch 59: 
[INFO] 2022-09-26 06:47:40,246 [    train.py:  185]:	Train:
[INFO] 2022-09-26 06:47:40,251 [    train.py:  197]:	Loss 0.0030, ('Ner Loss', 0.0004427120147738606),  ('CLS Classification Loss', 0.002571328543126583)
[INFO] 2022-09-26 06:47:40,251 [    train.py:  207]:	('Ner Acc', 0.9998481869697571),  ('CLS Classification Acc', 0.999193549156189)
[INFO] 2022-09-26 06:47:42,593 [    train.py:  219]:	Evaluate:
[INFO] 2022-09-26 06:47:42,593 [    train.py:  226]:	Loss 0.2207, ('Ner Loss', 0.03146476),  ('CLS Classification Loss', 0.18923062)
[INFO] 2022-09-26 06:47:42,593 [    train.py:  227]:	('Ner Acc', 0.9977162), ('CLS Classification Acc', 0.9758924)
[INFO] 2022-09-26 06:47:55,418 [    train.py:  236]:	Precision 0.513 Recall 0.422 F1 0.463
[INFO] 2022-09-26 06:48:36,680 [    train.py:  184]:	Epoch 60: 
[INFO] 2022-09-26 06:48:36,681 [    train.py:  185]:	Train:
[INFO] 2022-09-26 06:48:36,684 [    train.py:  197]:	Loss 0.0032, ('Ner Loss', 0.000502957496792078),  ('CLS Classification Loss', 0.0026475428603589535)
[INFO] 2022-09-26 06:48:36,684 [    train.py:  207]:	('Ner Acc', 0.9998059868812561),  ('CLS Classification Acc', 0.9992307424545288)
[INFO] 2022-09-26 06:48:39,036 [    train.py:  219]:	Evaluate:
[INFO] 2022-09-26 06:48:39,036 [    train.py:  226]:	Loss 0.2416, ('Ner Loss', 0.032660585),  ('CLS Classification Loss', 0.20891395)
[INFO] 2022-09-26 06:48:39,037 [    train.py:  227]:	('Ner Acc', 0.9976612), ('CLS Classification Acc', 0.97532886)
[INFO] 2022-09-26 06:48:51,791 [    train.py:  236]:	Precision 0.505 Recall 0.441 F1 0.471
[INFO] 2022-09-26 06:49:32,497 [    train.py:  184]:	Epoch 61: 
[INFO] 2022-09-26 06:49:32,498 [    train.py:  185]:	Train:
[INFO] 2022-09-26 06:49:32,503 [    train.py:  197]:	Loss 0.0023, ('Ner Loss', 0.0003679468936752528),  ('CLS Classification Loss', 0.001968436175957322)
[INFO] 2022-09-26 06:49:32,503 [    train.py:  207]:	('Ner Acc', 0.9998636245727539),  ('CLS Classification Acc', 0.9994913339614868)
[INFO] 2022-09-26 06:49:34,794 [    train.py:  219]:	Evaluate:
[INFO] 2022-09-26 06:49:34,794 [    train.py:  226]:	Loss 0.2512, ('Ner Loss', 0.030758942),  ('CLS Classification Loss', 0.22039212)
[INFO] 2022-09-26 06:49:34,795 [    train.py:  227]:	('Ner Acc', 0.99771357), ('CLS Classification Acc', 0.9751461)
[INFO] 2022-09-26 06:49:47,733 [    train.py:  236]:	Precision 0.516 Recall 0.449 F1 0.480
[INFO] 2022-09-26 06:50:28,325 [    train.py:  184]:	Epoch 62: 
[INFO] 2022-09-26 06:50:28,326 [    train.py:  185]:	Train:
[INFO] 2022-09-26 06:50:28,330 [    train.py:  197]:	Loss 0.0032, ('Ner Loss', 0.00037299608811736107),  ('CLS Classification Loss', 0.0027942743618041277)
[INFO] 2022-09-26 06:50:28,330 [    train.py:  207]:	('Ner Acc', 0.999865710735321),  ('CLS Classification Acc', 0.9991317987442017)
[INFO] 2022-09-26 06:50:30,677 [    train.py:  219]:	Evaluate:
[INFO] 2022-09-26 06:50:30,678 [    train.py:  226]:	Loss 0.2464, ('Ner Loss', 0.03386753),  ('CLS Classification Loss', 0.21256344)
[INFO] 2022-09-26 06:50:30,678 [    train.py:  227]:	('Ner Acc', 0.99762464), ('CLS Classification Acc', 0.97382116)
[INFO] 2022-09-26 06:50:43,438 [    train.py:  236]:	Precision 0.499 Recall 0.452 F1 0.475
[INFO] 2022-09-26 06:51:24,107 [    train.py:  184]:	Epoch 63: 
[INFO] 2022-09-26 06:51:24,108 [    train.py:  185]:	Train:
[INFO] 2022-09-26 06:51:24,111 [    train.py:  197]:	Loss 0.0030, ('Ner Loss', 0.0006074670236557722),  ('CLS Classification Loss', 0.0024143976625055075)
[INFO] 2022-09-26 06:51:24,111 [    train.py:  207]:	('Ner Acc', 0.9998136162757874),  ('CLS Classification Acc', 0.9993424415588379)
[INFO] 2022-09-26 06:51:26,445 [    train.py:  219]:	Evaluate:
[INFO] 2022-09-26 06:51:26,445 [    train.py:  226]:	Loss 0.2513, ('Ner Loss', 0.0334006),  ('CLS Classification Loss', 0.21792334)
[INFO] 2022-09-26 06:51:26,445 [    train.py:  227]:	('Ner Acc', 0.9975347), ('CLS Classification Acc', 0.97450656)
[INFO] 2022-09-26 06:51:40,178 [    train.py:  236]:	Precision 0.496 Recall 0.466 F1 0.481
[INFO] 2022-09-26 06:52:20,790 [    train.py:  184]:	Epoch 64: 
[INFO] 2022-09-26 06:52:20,791 [    train.py:  185]:	Train:
[INFO] 2022-09-26 06:52:20,796 [    train.py:  197]:	Loss 0.0029, ('Ner Loss', 0.00041674799285829067),  ('CLS Classification Loss', 0.0024833797942847013)
[INFO] 2022-09-26 06:52:20,796 [    train.py:  207]:	('Ner Acc', 0.9998608231544495),  ('CLS Classification Acc', 0.999392032623291)
[INFO] 2022-09-26 06:52:23,134 [    train.py:  219]:	Evaluate:
[INFO] 2022-09-26 06:52:23,134 [    train.py:  226]:	Loss 0.2422, ('Ner Loss', 0.033590324),  ('CLS Classification Loss', 0.20862897)
[INFO] 2022-09-26 06:52:23,135 [    train.py:  227]:	('Ner Acc', 0.99754864), ('CLS Classification Acc', 0.9751157)
[INFO] 2022-09-26 06:52:36,018 [    train.py:  236]:	Precision 0.495 Recall 0.483 F1 0.489
[INFO] 2022-09-26 06:53:16,586 [    train.py:  184]:	Epoch 65: 
[INFO] 2022-09-26 06:53:16,587 [    train.py:  185]:	Train:
[INFO] 2022-09-26 06:53:16,594 [    train.py:  197]:	Loss 0.0014, ('Ner Loss', 0.00037318692193366587),  ('CLS Classification Loss', 0.0010726579930633307)
[INFO] 2022-09-26 06:53:16,594 [    train.py:  207]:	('Ner Acc', 0.9998672604560852),  ('CLS Classification Acc', 0.9996649622917175)
[INFO] 2022-09-26 06:53:18,928 [    train.py:  219]:	Evaluate:
[INFO] 2022-09-26 06:53:18,928 [    train.py:  226]:	Loss 0.2437, ('Ner Loss', 0.033993635),  ('CLS Classification Loss', 0.20969357)
[INFO] 2022-09-26 06:53:18,929 [    train.py:  227]:	('Ner Acc', 0.9976629), ('CLS Classification Acc', 0.97569436)
[INFO] 2022-09-26 06:53:31,836 [    train.py:  236]:	Precision 0.503 Recall 0.466 F1 0.484
[INFO] 2022-09-26 06:54:12,391 [    train.py:  184]:	Epoch 66: 
[INFO] 2022-09-26 06:54:12,391 [    train.py:  185]:	Train:
[INFO] 2022-09-26 06:54:12,395 [    train.py:  197]:	Loss 0.0015, ('Ner Loss', 0.00028693757485598326),  ('CLS Classification Loss', 0.0012133816489949822)
[INFO] 2022-09-26 06:54:12,395 [    train.py:  207]:	('Ner Acc', 0.9998956918716431),  ('CLS Classification Acc', 0.9996773600578308)
[INFO] 2022-09-26 06:54:14,737 [    train.py:  219]:	Evaluate:
[INFO] 2022-09-26 06:54:14,737 [    train.py:  226]:	Loss 0.2583, ('Ner Loss', 0.03459813),  ('CLS Classification Loss', 0.22373775)
[INFO] 2022-09-26 06:54:14,738 [    train.py:  227]:	('Ner Acc', 0.9975891), ('CLS Classification Acc', 0.97459793)
[INFO] 2022-09-26 06:54:27,075 [    train.py:  236]:	Precision 0.480 Recall 0.466 F1 0.473
[INFO] 2022-09-26 06:55:07,457 [    train.py:  184]:	Epoch 67: 
[INFO] 2022-09-26 06:55:07,458 [    train.py:  185]:	Train:
[INFO] 2022-09-26 06:55:07,460 [    train.py:  197]:	Loss 0.0020, ('Ner Loss', 0.00031866831704974174),  ('CLS Classification Loss', 0.0016345600597560406)
[INFO] 2022-09-26 06:55:07,460 [    train.py:  207]:	('Ner Acc', 0.9998837113380432),  ('CLS Classification Acc', 0.9994044899940491)
[INFO] 2022-09-26 06:55:09,777 [    train.py:  219]:	Evaluate:
[INFO] 2022-09-26 06:55:09,777 [    train.py:  226]:	Loss 0.2595, ('Ner Loss', 0.034018546),  ('CLS Classification Loss', 0.22549449)
[INFO] 2022-09-26 06:55:09,778 [    train.py:  227]:	('Ner Acc', 0.9975598), ('CLS Classification Acc', 0.9743542)
[INFO] 2022-09-26 06:55:22,250 [    train.py:  236]:	Precision 0.498 Recall 0.459 F1 0.478
[INFO] 2022-09-26 06:56:02,820 [    train.py:  184]:	Epoch 68: 
[INFO] 2022-09-26 06:56:02,821 [    train.py:  185]:	Train:
[INFO] 2022-09-26 06:56:02,824 [    train.py:  197]:	Loss 0.0027, ('Ner Loss', 0.0003132719430141151),  ('CLS Classification Loss', 0.00241447938606143)
[INFO] 2022-09-26 06:56:02,824 [    train.py:  207]:	('Ner Acc', 0.9998963475227356),  ('CLS Classification Acc', 0.9992061257362366)
[INFO] 2022-09-26 06:56:05,153 [    train.py:  219]:	Evaluate:
[INFO] 2022-09-26 06:56:05,154 [    train.py:  226]:	Loss 0.2243, ('Ner Loss', 0.033974726),  ('CLS Classification Loss', 0.19029303)
[INFO] 2022-09-26 06:56:05,154 [    train.py:  227]:	('Ner Acc', 0.997553), ('CLS Classification Acc', 0.97494817)
[INFO] 2022-09-26 06:56:17,760 [    train.py:  236]:	Precision 0.480 Recall 0.477 F1 0.479
[INFO] 2022-09-26 06:56:58,262 [    train.py:  184]:	Epoch 69: 
[INFO] 2022-09-26 06:56:58,262 [    train.py:  185]:	Train:
[INFO] 2022-09-26 06:56:58,265 [    train.py:  197]:	Loss 0.0024, ('Ner Loss', 0.0004007618117611855),  ('CLS Classification Loss', 0.0019793901592493057)
[INFO] 2022-09-26 06:56:58,265 [    train.py:  207]:	('Ner Acc', 0.9998691082000732),  ('CLS Classification Acc', 0.9993301630020142)
[INFO] 2022-09-26 06:57:00,576 [    train.py:  219]:	Evaluate:
[INFO] 2022-09-26 06:57:00,577 [    train.py:  226]:	Loss 0.2598, ('Ner Loss', 0.03495617),  ('CLS Classification Loss', 0.2248592)
[INFO] 2022-09-26 06:57:00,577 [    train.py:  227]:	('Ner Acc', 0.9976214), ('CLS Classification Acc', 0.976197)
[INFO] 2022-09-26 06:57:13,169 [    train.py:  236]:	Precision 0.490 Recall 0.475 F1 0.482
[INFO] 2022-09-26 06:57:53,712 [    train.py:  184]:	Epoch 70: 
[INFO] 2022-09-26 06:57:53,712 [    train.py:  185]:	Train:
[INFO] 2022-09-26 06:57:53,716 [    train.py:  197]:	Loss 0.0027, ('Ner Loss', 0.00034219655208289623),  ('CLS Classification Loss', 0.0023660899605602026)
[INFO] 2022-09-26 06:57:53,716 [    train.py:  207]:	('Ner Acc', 0.9998874068260193),  ('CLS Classification Acc', 0.9994167685508728)
[INFO] 2022-09-26 06:57:56,037 [    train.py:  219]:	Evaluate:
[INFO] 2022-09-26 06:57:56,038 [    train.py:  226]:	Loss 0.2271, ('Ner Loss', 0.032665282),  ('CLS Classification Loss', 0.19441313)
[INFO] 2022-09-26 06:57:56,038 [    train.py:  227]:	('Ner Acc', 0.99767447), ('CLS Classification Acc', 0.9758923)
[INFO] 2022-09-26 06:58:08,603 [    train.py:  236]:	Precision 0.512 Recall 0.458 F1 0.483
[INFO] 2022-09-26 06:58:49,012 [    train.py:  184]:	Epoch 71: 
[INFO] 2022-09-26 06:58:49,013 [    train.py:  185]:	Train:
[INFO] 2022-09-26 06:58:49,015 [    train.py:  197]:	Loss 0.0023, ('Ner Loss', 0.0003387761826161295),  ('CLS Classification Loss', 0.0019589802250266075)
[INFO] 2022-09-26 06:58:49,015 [    train.py:  207]:	('Ner Acc', 0.9998837113380432),  ('CLS Classification Acc', 0.9994171261787415)
[INFO] 2022-09-26 06:58:51,396 [    train.py:  219]:	Evaluate:
[INFO] 2022-09-26 06:58:51,397 [    train.py:  226]:	Loss 0.2575, ('Ner Loss', 0.034820568),  ('CLS Classification Loss', 0.22263117)
[INFO] 2022-09-26 06:58:51,397 [    train.py:  227]:	('Ner Acc', 0.99762934), ('CLS Classification Acc', 0.9756335)
[INFO] 2022-09-26 06:59:04,239 [    train.py:  236]:	Precision 0.501 Recall 0.454 F1 0.477
[INFO] 2022-09-26 06:59:45,001 [    train.py:  184]:	Epoch 72: 
[INFO] 2022-09-26 06:59:45,002 [    train.py:  185]:	Train:
[INFO] 2022-09-26 06:59:45,008 [    train.py:  197]:	Loss 0.0014, ('Ner Loss', 0.00029305441421456635),  ('CLS Classification Loss', 0.0010925388196483254)
[INFO] 2022-09-26 06:59:45,008 [    train.py:  207]:	('Ner Acc', 0.9999068975448608),  ('CLS Classification Acc', 0.999652624130249)
[INFO] 2022-09-26 06:59:47,361 [    train.py:  219]:	Evaluate:
[INFO] 2022-09-26 06:59:47,362 [    train.py:  226]:	Loss 0.2519, ('Ner Loss', 0.035271674),  ('CLS Classification Loss', 0.21658832)
[INFO] 2022-09-26 06:59:47,362 [    train.py:  227]:	('Ner Acc', 0.9976629), ('CLS Classification Acc', 0.97558784)
[INFO] 2022-09-26 07:00:00,358 [    train.py:  236]:	Precision 0.480 Recall 0.424 F1 0.450
[INFO] 2022-09-26 07:00:41,180 [    train.py:  184]:	Epoch 73: 
[INFO] 2022-09-26 07:00:41,181 [    train.py:  185]:	Train:
[INFO] 2022-09-26 07:00:41,185 [    train.py:  197]:	Loss 0.0027, ('Ner Loss', 0.0004886247916147113),  ('CLS Classification Loss', 0.002176165347918868)
[INFO] 2022-09-26 07:00:41,185 [    train.py:  207]:	('Ner Acc', 0.9998645186424255),  ('CLS Classification Acc', 0.9992555975914001)
[INFO] 2022-09-26 07:00:43,516 [    train.py:  219]:	Evaluate:
[INFO] 2022-09-26 07:00:43,517 [    train.py:  226]:	Loss 0.2417, ('Ner Loss', 0.03233436),  ('CLS Classification Loss', 0.20932081)
[INFO] 2022-09-26 07:00:43,517 [    train.py:  227]:	('Ner Acc', 0.99760133), ('CLS Classification Acc', 0.97348636)
[INFO] 2022-09-26 07:00:56,171 [    train.py:  236]:	Precision 0.468 Recall 0.488 F1 0.478
[INFO] 2022-09-26 07:01:37,022 [    train.py:  184]:	Epoch 74: 
[INFO] 2022-09-26 07:01:37,023 [    train.py:  185]:	Train:
[INFO] 2022-09-26 07:01:37,026 [    train.py:  197]:	Loss 0.0024, ('Ner Loss', 0.0003621318901423365),  ('CLS Classification Loss', 0.0020781392231583595)
[INFO] 2022-09-26 07:01:37,026 [    train.py:  207]:	('Ner Acc', 0.9998771548271179),  ('CLS Classification Acc', 0.9994044899940491)
[INFO] 2022-09-26 07:01:39,327 [    train.py:  219]:	Evaluate:
[INFO] 2022-09-26 07:01:39,327 [    train.py:  226]:	Loss 0.2544, ('Ner Loss', 0.035171527),  ('CLS Classification Loss', 0.21925119)
[INFO] 2022-09-26 07:01:39,327 [    train.py:  227]:	('Ner Acc', 0.9975756), ('CLS Classification Acc', 0.9762732)
[INFO] 2022-09-26 07:01:52,141 [    train.py:  236]:	Precision 0.497 Recall 0.471 F1 0.484
[INFO] 2022-09-26 07:02:32,806 [    train.py:  184]:	Epoch 75: 
[INFO] 2022-09-26 07:02:32,807 [    train.py:  185]:	Train:
[INFO] 2022-09-26 07:02:32,813 [    train.py:  197]:	Loss 0.0018, ('Ner Loss', 0.0003842232981696725),  ('CLS Classification Loss', 0.0013695480301976204)
[INFO] 2022-09-26 07:02:32,813 [    train.py:  207]:	('Ner Acc', 0.9998748898506165),  ('CLS Classification Acc', 0.9995657801628113)
[INFO] 2022-09-26 07:02:35,159 [    train.py:  219]:	Evaluate:
[INFO] 2022-09-26 07:02:35,160 [    train.py:  226]:	Loss 0.2489, ('Ner Loss', 0.032525595),  ('CLS Classification Loss', 0.21634696)
[INFO] 2022-09-26 07:02:35,160 [    train.py:  227]:	('Ner Acc', 0.9976661), ('CLS Classification Acc', 0.9753899)
[INFO] 2022-09-26 07:02:47,867 [    train.py:  236]:	Precision 0.509 Recall 0.495 F1 0.501
[INFO] 2022-09-26 07:03:28,296 [    train.py:  184]:	Epoch 76: 
[INFO] 2022-09-26 07:03:28,296 [    train.py:  185]:	Train:
[INFO] 2022-09-26 07:03:28,300 [    train.py:  197]:	Loss 0.0029, ('Ner Loss', 0.00047505725524388254),  ('CLS Classification Loss', 0.0024412223137915134)
[INFO] 2022-09-26 07:03:28,300 [    train.py:  207]:	('Ner Acc', 0.9998767375946045),  ('CLS Classification Acc', 0.999268114566803)
[INFO] 2022-09-26 07:03:30,605 [    train.py:  219]:	Evaluate:
[INFO] 2022-09-26 07:03:30,606 [    train.py:  226]:	Loss 0.2472, ('Ner Loss', 0.031678863),  ('CLS Classification Loss', 0.21547909)
[INFO] 2022-09-26 07:03:30,606 [    train.py:  227]:	('Ner Acc', 0.99757177), ('CLS Classification Acc', 0.97436947)
[INFO] 2022-09-26 07:03:43,693 [    train.py:  236]:	Precision 0.494 Recall 0.463 F1 0.478
[INFO] 2022-09-26 07:04:24,169 [    train.py:  184]:	Epoch 77: 
[INFO] 2022-09-26 07:04:24,169 [    train.py:  185]:	Train:
[INFO] 2022-09-26 07:04:24,175 [    train.py:  197]:	Loss 0.0023, ('Ner Loss', 0.0003038938157260418),  ('CLS Classification Loss', 0.002015027217566967)
[INFO] 2022-09-26 07:04:24,176 [    train.py:  207]:	('Ner Acc', 0.999896764755249),  ('CLS Classification Acc', 0.9994043707847595)
[INFO] 2022-09-26 07:04:26,530 [    train.py:  219]:	Evaluate:
[INFO] 2022-09-26 07:04:26,531 [    train.py:  226]:	Loss 0.2335, ('Ner Loss', 0.031088138),  ('CLS Classification Loss', 0.2024369)
[INFO] 2022-09-26 07:04:26,531 [    train.py:  227]:	('Ner Acc', 0.9977301), ('CLS Classification Acc', 0.97577065)
[INFO] 2022-09-26 07:04:39,279 [    train.py:  236]:	Precision 0.515 Recall 0.472 F1 0.493
[INFO] 2022-09-26 07:05:19,770 [    train.py:  184]:	Epoch 78: 
[INFO] 2022-09-26 07:05:19,770 [    train.py:  185]:	Train:
[INFO] 2022-09-26 07:05:19,777 [    train.py:  197]:	Loss 0.0021, ('Ner Loss', 0.0002894910576287657),  ('CLS Classification Loss', 0.0017844507237896323)
[INFO] 2022-09-26 07:05:19,777 [    train.py:  207]:	('Ner Acc', 0.9998988509178162),  ('CLS Classification Acc', 0.9994046092033386)
[INFO] 2022-09-26 07:05:22,112 [    train.py:  219]:	Evaluate:
[INFO] 2022-09-26 07:05:22,113 [    train.py:  226]:	Loss 0.2482, ('Ner Loss', 0.032324724),  ('CLS Classification Loss', 0.21587105)
[INFO] 2022-09-26 07:05:22,113 [    train.py:  227]:	('Ner Acc', 0.9976795), ('CLS Classification Acc', 0.9756792)
[INFO] 2022-09-26 07:05:35,405 [    train.py:  236]:	Precision 0.515 Recall 0.471 F1 0.492
[INFO] 2022-09-26 07:06:16,134 [    train.py:  184]:	Epoch 79: 
[INFO] 2022-09-26 07:06:16,135 [    train.py:  185]:	Train:
[INFO] 2022-09-26 07:06:16,138 [    train.py:  197]:	Loss 0.0025, ('Ner Loss', 0.0002733346482273191),  ('CLS Classification Loss', 0.0022164126858115196)
[INFO] 2022-09-26 07:06:16,138 [    train.py:  207]:	('Ner Acc', 0.9999071359634399),  ('CLS Classification Acc', 0.999392032623291)
[INFO] 2022-09-26 07:06:18,481 [    train.py:  219]:	Evaluate:
[INFO] 2022-09-26 07:06:18,482 [    train.py:  226]:	Loss 0.2368, ('Ner Loss', 0.03307499),  ('CLS Classification Loss', 0.20372729)
[INFO] 2022-09-26 07:06:18,482 [    train.py:  227]:	('Ner Acc', 0.99754775), ('CLS Classification Acc', 0.9737299)
[INFO] 2022-09-26 07:06:31,195 [    train.py:  236]:	Precision 0.475 Recall 0.446 F1 0.460
[INFO] 2022-09-26 07:07:11,779 [    train.py:  184]:	Epoch 80: 
[INFO] 2022-09-26 07:07:11,780 [    train.py:  185]:	Train:
[INFO] 2022-09-26 07:07:11,785 [    train.py:  197]:	Loss 0.0019, ('Ner Loss', 0.00025812676176428795),  ('CLS Classification Loss', 0.0016869115643203259)
[INFO] 2022-09-26 07:07:11,786 [    train.py:  207]:	('Ner Acc', 0.999907910823822),  ('CLS Classification Acc', 0.9994786977767944)
[INFO] 2022-09-26 07:07:14,122 [    train.py:  219]:	Evaluate:
[INFO] 2022-09-26 07:07:14,123 [    train.py:  226]:	Loss 0.2241, ('Ner Loss', 0.031992424),  ('CLS Classification Loss', 0.19213118)
[INFO] 2022-09-26 07:07:14,123 [    train.py:  227]:	('Ner Acc', 0.99781287), ('CLS Classification Acc', 0.9761513)
[INFO] 2022-09-26 07:07:26,852 [    train.py:  236]:	Precision 0.521 Recall 0.464 F1 0.491
[INFO] 2022-09-26 07:08:07,518 [    train.py:  184]:	Epoch 81: 
[INFO] 2022-09-26 07:08:07,518 [    train.py:  185]:	Train:
[INFO] 2022-09-26 07:08:07,521 [    train.py:  197]:	Loss 0.0012, ('Ner Loss', 0.00024819071404635906),  ('CLS Classification Loss', 0.0009825980523601174)
[INFO] 2022-09-26 07:08:07,521 [    train.py:  207]:	('Ner Acc', 0.999921441078186),  ('CLS Classification Acc', 0.9996649622917175)
[INFO] 2022-09-26 07:08:09,837 [    train.py:  219]:	Evaluate:
[INFO] 2022-09-26 07:08:09,838 [    train.py:  226]:	Loss 0.2532, ('Ner Loss', 0.033080265),  ('CLS Classification Loss', 0.22015552)
[INFO] 2022-09-26 07:08:09,838 [    train.py:  227]:	('Ner Acc', 0.9977068), ('CLS Classification Acc', 0.97414106)
[INFO] 2022-09-26 07:08:22,469 [    train.py:  236]:	Precision 0.496 Recall 0.463 F1 0.479
[INFO] 2022-09-26 07:09:02,983 [    train.py:  184]:	Epoch 82: 
[INFO] 2022-09-26 07:09:02,983 [    train.py:  185]:	Train:
[INFO] 2022-09-26 07:09:02,987 [    train.py:  197]:	Loss 0.0022, ('Ner Loss', 0.0002359331992920488),  ('CLS Classification Loss', 0.0019589203875511885)
[INFO] 2022-09-26 07:09:02,987 [    train.py:  207]:	('Ner Acc', 0.9999178051948547),  ('CLS Classification Acc', 0.9992432594299316)
[INFO] 2022-09-26 07:09:05,304 [    train.py:  219]:	Evaluate:
[INFO] 2022-09-26 07:09:05,305 [    train.py:  226]:	Loss 0.2446, ('Ner Loss', 0.03418805),  ('CLS Classification Loss', 0.21037087)
[INFO] 2022-09-26 07:09:05,305 [    train.py:  227]:	('Ner Acc', 0.99767214), ('CLS Classification Acc', 0.9745828)
[INFO] 2022-09-26 07:09:18,093 [    train.py:  236]:	Precision 0.480 Recall 0.469 F1 0.474
[INFO] 2022-09-26 07:09:58,706 [    train.py:  184]:	Epoch 83: 
[INFO] 2022-09-26 07:09:58,706 [    train.py:  185]:	Train:
[INFO] 2022-09-26 07:09:58,710 [    train.py:  197]:	Loss 0.0022, ('Ner Loss', 0.0002443892299197614),  ('CLS Classification Loss', 0.0019929122645407915)
[INFO] 2022-09-26 07:09:58,710 [    train.py:  207]:	('Ner Acc', 0.9999193549156189),  ('CLS Classification Acc', 0.9994170069694519)
[INFO] 2022-09-26 07:10:01,033 [    train.py:  219]:	Evaluate:
[INFO] 2022-09-26 07:10:01,034 [    train.py:  226]:	Loss 0.2509, ('Ner Loss', 0.032995746),  ('CLS Classification Loss', 0.21790057)
[INFO] 2022-09-26 07:10:01,034 [    train.py:  227]:	('Ner Acc', 0.99766845), ('CLS Classification Acc', 0.97482634)
[INFO] 2022-09-26 07:10:13,739 [    train.py:  236]:	Precision 0.514 Recall 0.463 F1 0.487
[INFO] 2022-09-26 07:10:54,093 [    train.py:  184]:	Epoch 84: 
[INFO] 2022-09-26 07:10:54,094 [    train.py:  185]:	Train:
[INFO] 2022-09-26 07:10:54,096 [    train.py:  197]:	Loss 0.0016, ('Ner Loss', 0.00020455935737118125),  ('CLS Classification Loss', 0.001359680318273604)
[INFO] 2022-09-26 07:10:54,096 [    train.py:  207]:	('Ner Acc', 0.9999303817749023),  ('CLS Classification Acc', 0.9996030330657959)
[INFO] 2022-09-26 07:10:56,417 [    train.py:  219]:	Evaluate:
[INFO] 2022-09-26 07:10:56,418 [    train.py:  226]:	Loss 0.2648, ('Ner Loss', 0.032995272),  ('CLS Classification Loss', 0.23185103)
[INFO] 2022-09-26 07:10:56,418 [    train.py:  227]:	('Ner Acc', 0.99775684), ('CLS Classification Acc', 0.9734711)
[INFO] 2022-09-26 07:11:09,189 [    train.py:  236]:	Precision 0.499 Recall 0.491 F1 0.495
[INFO] 2022-09-26 07:11:50,026 [    train.py:  184]:	Epoch 85: 
[INFO] 2022-09-26 07:11:50,027 [    train.py:  185]:	Train:
[INFO] 2022-09-26 07:11:50,030 [    train.py:  197]:	Loss 0.0018, ('Ner Loss', 0.00023452583991456777),  ('CLS Classification Loss', 0.0015345830470323563)
[INFO] 2022-09-26 07:11:50,030 [    train.py:  207]:	('Ner Acc', 0.9999280571937561),  ('CLS Classification Acc', 0.9994667172431946)
[INFO] 2022-09-26 07:11:52,400 [    train.py:  219]:	Evaluate:
[INFO] 2022-09-26 07:11:52,401 [    train.py:  226]:	Loss 0.2635, ('Ner Loss', 0.033079434),  ('CLS Classification Loss', 0.23039646)
[INFO] 2022-09-26 07:11:52,401 [    train.py:  227]:	('Ner Acc', 0.9976405), ('CLS Classification Acc', 0.9749025)
[INFO] 2022-09-26 07:12:05,230 [    train.py:  236]:	Precision 0.498 Recall 0.491 F1 0.494
[INFO] 2022-09-26 07:12:45,549 [    train.py:  184]:	Epoch 86: 
[INFO] 2022-09-26 07:12:45,549 [    train.py:  185]:	Train:
[INFO] 2022-09-26 07:12:45,552 [    train.py:  197]:	Loss 0.0027, ('Ner Loss', 0.00030712064472027123),  ('CLS Classification Loss', 0.0023912328761070967)
[INFO] 2022-09-26 07:12:45,552 [    train.py:  207]:	('Ner Acc', 0.9999030828475952),  ('CLS Classification Acc', 0.9992682337760925)
[INFO] 2022-09-26 07:12:47,863 [    train.py:  219]:	Evaluate:
[INFO] 2022-09-26 07:12:47,863 [    train.py:  226]:	Loss 0.2636, ('Ner Loss', 0.03365341),  ('CLS Classification Loss', 0.22995442)
[INFO] 2022-09-26 07:12:47,864 [    train.py:  227]:	('Ner Acc', 0.9976054), ('CLS Classification Acc', 0.97389746)
[INFO] 2022-09-26 07:13:00,605 [    train.py:  236]:	Precision 0.489 Recall 0.465 F1 0.477
[INFO] 2022-09-26 07:13:41,269 [    train.py:  184]:	Epoch 87: 
[INFO] 2022-09-26 07:13:41,269 [    train.py:  185]:	Train:
[INFO] 2022-09-26 07:13:41,271 [    train.py:  197]:	Loss 0.0016, ('Ner Loss', 0.00022635415371041745),  ('CLS Classification Loss', 0.0013756923144683242)
[INFO] 2022-09-26 07:13:41,272 [    train.py:  207]:	('Ner Acc', 0.9999280571937561),  ('CLS Classification Acc', 0.9996525645256042)
[INFO] 2022-09-26 07:13:43,578 [    train.py:  219]:	Evaluate:
[INFO] 2022-09-26 07:13:43,578 [    train.py:  226]:	Loss 0.2492, ('Ner Loss', 0.032960426),  ('CLS Classification Loss', 0.21626869)
[INFO] 2022-09-26 07:13:43,578 [    train.py:  227]:	('Ner Acc', 0.9976912), ('CLS Classification Acc', 0.97424775)
[INFO] 2022-09-26 07:13:56,133 [    train.py:  236]:	Precision 0.487 Recall 0.491 F1 0.489
[INFO] 2022-09-26 07:14:36,852 [    train.py:  184]:	Epoch 88: 
[INFO] 2022-09-26 07:14:36,852 [    train.py:  185]:	Train:
[INFO] 2022-09-26 07:14:36,855 [    train.py:  197]:	Loss 0.0014, ('Ner Loss', 0.00023821940703783184),  ('CLS Classification Loss', 0.0011258552549406886)
[INFO] 2022-09-26 07:14:36,855 [    train.py:  207]:	('Ner Acc', 0.9999253153800964),  ('CLS Classification Acc', 0.9996277689933777)
[INFO] 2022-09-26 07:14:39,176 [    train.py:  219]:	Evaluate:
[INFO] 2022-09-26 07:14:39,177 [    train.py:  226]:	Loss 0.2562, ('Ner Loss', 0.03356007),  ('CLS Classification Loss', 0.222606)
[INFO] 2022-09-26 07:14:39,177 [    train.py:  227]:	('Ner Acc', 0.9977699), ('CLS Classification Acc', 0.97510046)
[INFO] 2022-09-26 07:14:51,867 [    train.py:  236]:	Precision 0.520 Recall 0.470 F1 0.493
[INFO] 2022-09-26 07:15:32,413 [    train.py:  184]:	Epoch 89: 
[INFO] 2022-09-26 07:15:32,414 [    train.py:  185]:	Train:
[INFO] 2022-09-26 07:15:32,418 [    train.py:  197]:	Loss 0.0014, ('Ner Loss', 0.00023204080935101956),  ('CLS Classification Loss', 0.0011747423559427261)
[INFO] 2022-09-26 07:15:32,418 [    train.py:  207]:	('Ner Acc', 0.9999266266822815),  ('CLS Classification Acc', 0.9995905160903931)
[INFO] 2022-09-26 07:15:34,710 [    train.py:  219]:	Evaluate:
[INFO] 2022-09-26 07:15:34,711 [    train.py:  226]:	Loss 0.2573, ('Ner Loss', 0.03182592),  ('CLS Classification Loss', 0.22547758)
[INFO] 2022-09-26 07:15:34,711 [    train.py:  227]:	('Ner Acc', 0.9977193), ('CLS Classification Acc', 0.9742781)
[INFO] 2022-09-26 07:15:47,346 [    train.py:  236]:	Precision 0.509 Recall 0.480 F1 0.495
[INFO] 2022-09-26 07:16:28,284 [    train.py:  184]:	Epoch 90: 
[INFO] 2022-09-26 07:16:28,284 [    train.py:  185]:	Train:
[INFO] 2022-09-26 07:16:28,290 [    train.py:  197]:	Loss 0.0023, ('Ner Loss', 0.00025765859754756093),  ('CLS Classification Loss', 0.0020910289604216814)
[INFO] 2022-09-26 07:16:28,290 [    train.py:  207]:	('Ner Acc', 0.9999114871025085),  ('CLS Classification Acc', 0.9993301630020142)
[INFO] 2022-09-26 07:16:30,626 [    train.py:  219]:	Evaluate:
[INFO] 2022-09-26 07:16:30,626 [    train.py:  226]:	Loss 0.2518, ('Ner Loss', 0.03433606),  ('CLS Classification Loss', 0.21746404)
[INFO] 2022-09-26 07:16:30,627 [    train.py:  227]:	('Ner Acc', 0.9976928), ('CLS Classification Acc', 0.97485685)
[INFO] 2022-09-26 07:16:43,138 [    train.py:  236]:	Precision 0.464 Recall 0.491 F1 0.477
[INFO] 2022-09-26 07:17:23,555 [    train.py:  184]:	Epoch 91: 
[INFO] 2022-09-26 07:17:23,555 [    train.py:  185]:	Train:
[INFO] 2022-09-26 07:17:23,558 [    train.py:  197]:	Loss 0.0019, ('Ner Loss', 0.00022224684653338045),  ('CLS Classification Loss', 0.001663070754148066)
[INFO] 2022-09-26 07:17:23,558 [    train.py:  207]:	('Ner Acc', 0.9999189972877502),  ('CLS Classification Acc', 0.9995906352996826)
[INFO] 2022-09-26 07:17:25,887 [    train.py:  219]:	Evaluate:
[INFO] 2022-09-26 07:17:25,887 [    train.py:  226]:	Loss 0.2615, ('Ner Loss', 0.033848472),  ('CLS Classification Loss', 0.22768337)
[INFO] 2022-09-26 07:17:25,887 [    train.py:  227]:	('Ner Acc', 0.9976544), ('CLS Classification Acc', 0.97555745)
[INFO] 2022-09-26 07:17:39,055 [    train.py:  236]:	Precision 0.495 Recall 0.472 F1 0.483
[INFO] 2022-09-26 07:18:19,345 [    train.py:  184]:	Epoch 92: 
[INFO] 2022-09-26 07:18:19,345 [    train.py:  185]:	Train:
[INFO] 2022-09-26 07:18:19,348 [    train.py:  197]:	Loss 0.0020, ('Ner Loss', 0.00018497751443646848),  ('CLS Classification Loss', 0.0018024832243099809)
[INFO] 2022-09-26 07:18:19,349 [    train.py:  207]:	('Ner Acc', 0.9999414682388306),  ('CLS Classification Acc', 0.9994044899940491)
[INFO] 2022-09-26 07:18:21,677 [    train.py:  219]:	Evaluate:
[INFO] 2022-09-26 07:18:21,678 [    train.py:  226]:	Loss 0.2370, ('Ner Loss', 0.034430146),  ('CLS Classification Loss', 0.20254163)
[INFO] 2022-09-26 07:18:21,678 [    train.py:  227]:	('Ner Acc', 0.99767995), ('CLS Classification Acc', 0.97435427)
[INFO] 2022-09-26 07:18:34,177 [    train.py:  236]:	Precision 0.492 Recall 0.456 F1 0.473
[INFO] 2022-09-26 07:19:14,631 [    train.py:  184]:	Epoch 93: 
[INFO] 2022-09-26 07:19:14,632 [    train.py:  185]:	Train:
[INFO] 2022-09-26 07:19:14,634 [    train.py:  197]:	Loss 0.0035, ('Ner Loss', 0.0003207726404070854),  ('CLS Classification Loss', 0.003153393045067787)
[INFO] 2022-09-26 07:19:14,635 [    train.py:  207]:	('Ner Acc', 0.9998951554298401),  ('CLS Classification Acc', 0.9990326166152954)
[INFO] 2022-09-26 07:19:16,953 [    train.py:  219]:	Evaluate:
[INFO] 2022-09-26 07:19:16,954 [    train.py:  226]:	Loss 0.2344, ('Ner Loss', 0.03334257),  ('CLS Classification Loss', 0.20105644)
[INFO] 2022-09-26 07:19:16,954 [    train.py:  227]:	('Ner Acc', 0.9976509), ('CLS Classification Acc', 0.97528327)
[INFO] 2022-09-26 07:19:29,446 [    train.py:  236]:	Precision 0.485 Recall 0.470 F1 0.477
[INFO] 2022-09-26 07:20:09,836 [    train.py:  184]:	Epoch 94: 
[INFO] 2022-09-26 07:20:09,836 [    train.py:  185]:	Train:
[INFO] 2022-09-26 07:20:09,838 [    train.py:  197]:	Loss 0.0021, ('Ner Loss', 0.0002863185072783381),  ('CLS Classification Loss', 0.0018097907304763794)
[INFO] 2022-09-26 07:20:09,838 [    train.py:  207]:	('Ner Acc', 0.9999181628227234),  ('CLS Classification Acc', 0.9994789958000183)
[INFO] 2022-09-26 07:20:12,139 [    train.py:  219]:	Evaluate:
[INFO] 2022-09-26 07:20:12,140 [    train.py:  226]:	Loss 0.2492, ('Ner Loss', 0.031198718),  ('CLS Classification Loss', 0.2179707)
[INFO] 2022-09-26 07:20:12,140 [    train.py:  227]:	('Ner Acc', 0.9977018), ('CLS Classification Acc', 0.9741563)
[INFO] 2022-09-26 07:20:24,602 [    train.py:  236]:	Precision 0.501 Recall 0.482 F1 0.491
[INFO] 2022-09-26 07:21:04,936 [    train.py:  184]:	Epoch 95: 
[INFO] 2022-09-26 07:21:04,936 [    train.py:  185]:	Train:
[INFO] 2022-09-26 07:21:04,939 [    train.py:  197]:	Loss 0.0018, ('Ner Loss', 0.000229172088438645),  ('CLS Classification Loss', 0.0015949603402987123)
[INFO] 2022-09-26 07:21:04,939 [    train.py:  207]:	('Ner Acc', 0.999923825263977),  ('CLS Classification Acc', 0.9994789361953735)
[INFO] 2022-09-26 07:21:07,272 [    train.py:  219]:	Evaluate:
[INFO] 2022-09-26 07:21:07,273 [    train.py:  226]:	Loss 0.2501, ('Ner Loss', 0.03280859),  ('CLS Classification Loss', 0.21727334)
[INFO] 2022-09-26 07:21:07,273 [    train.py:  227]:	('Ner Acc', 0.99753714), ('CLS Classification Acc', 0.97444576)
[INFO] 2022-09-26 07:21:19,688 [    train.py:  236]:	Precision 0.478 Recall 0.492 F1 0.485
[INFO] 2022-09-26 07:22:00,514 [    train.py:  184]:	Epoch 96: 
[INFO] 2022-09-26 07:22:00,514 [    train.py:  185]:	Train:
[INFO] 2022-09-26 07:22:00,518 [    train.py:  197]:	Loss 0.0010, ('Ner Loss', 0.00016086648975033313),  ('CLS Classification Loss', 0.0008280775509774685)
[INFO] 2022-09-26 07:22:00,518 [    train.py:  207]:	('Ner Acc', 0.999939501285553),  ('CLS Classification Acc', 0.9997519254684448)
[INFO] 2022-09-26 07:22:02,831 [    train.py:  219]:	Evaluate:
[INFO] 2022-09-26 07:22:02,832 [    train.py:  226]:	Loss 0.3031, ('Ner Loss', 0.038102843),  ('CLS Classification Loss', 0.26500568)
[INFO] 2022-09-26 07:22:02,832 [    train.py:  227]:	('Ner Acc', 0.9975612), ('CLS Classification Acc', 0.97369945)
[INFO] 2022-09-26 07:22:15,506 [    train.py:  236]:	Precision 0.491 Recall 0.441 F1 0.465
[INFO] 2022-09-26 07:22:56,033 [    train.py:  184]:	Epoch 97: 
[INFO] 2022-09-26 07:22:56,033 [    train.py:  185]:	Train:
[INFO] 2022-09-26 07:22:56,039 [    train.py:  197]:	Loss 0.0016, ('Ner Loss', 0.00015123469347599894),  ('CLS Classification Loss', 0.0014907270669937134)
[INFO] 2022-09-26 07:22:56,039 [    train.py:  207]:	('Ner Acc', 0.9999533295631409),  ('CLS Classification Acc', 0.9996153712272644)
[INFO] 2022-09-26 07:22:58,377 [    train.py:  219]:	Evaluate:
[INFO] 2022-09-26 07:22:58,377 [    train.py:  226]:	Loss 0.2594, ('Ner Loss', 0.03605474),  ('CLS Classification Loss', 0.22332187)
[INFO] 2022-09-26 07:22:58,377 [    train.py:  227]:	('Ner Acc', 0.99761623), ('CLS Classification Acc', 0.9750548)
[INFO] 2022-09-26 07:23:11,201 [    train.py:  236]:	Precision 0.504 Recall 0.478 F1 0.491
[INFO] 2022-09-26 07:23:51,794 [    train.py:  184]:	Epoch 98: 
[INFO] 2022-09-26 07:23:51,795 [    train.py:  185]:	Train:
[INFO] 2022-09-26 07:23:51,798 [    train.py:  197]:	Loss 0.0022, ('Ner Loss', 0.00021642775391228497),  ('CLS Classification Loss', 0.0020206619519740343)
[INFO] 2022-09-26 07:23:51,798 [    train.py:  207]:	('Ner Acc', 0.9999315738677979),  ('CLS Classification Acc', 0.999466598033905)
[INFO] 2022-09-26 07:23:54,120 [    train.py:  219]:	Evaluate:
[INFO] 2022-09-26 07:23:54,120 [    train.py:  226]:	Loss 0.2117, ('Ner Loss', 0.032502044),  ('CLS Classification Loss', 0.17916444)
[INFO] 2022-09-26 07:23:54,121 [    train.py:  227]:	('Ner Acc', 0.9977973), ('CLS Classification Acc', 0.97784173)
[INFO] 2022-09-26 07:24:07,318 [    train.py:  236]:	Precision 0.569 Recall 0.469 F1 0.514
[INFO] 2022-09-26 07:24:48,035 [    train.py:  184]:	Epoch 99: 
[INFO] 2022-09-26 07:24:48,036 [    train.py:  185]:	Train:
[INFO] 2022-09-26 07:24:48,041 [    train.py:  197]:	Loss 0.0016, ('Ner Loss', 0.00016159667575266212),  ('CLS Classification Loss', 0.0014480248792096972)
[INFO] 2022-09-26 07:24:48,042 [    train.py:  207]:	('Ner Acc', 0.9999422430992126),  ('CLS Classification Acc', 0.9995161890983582)
[INFO] 2022-09-26 07:24:50,362 [    train.py:  219]:	Evaluate:
[INFO] 2022-09-26 07:24:50,363 [    train.py:  226]:	Loss 0.2589, ('Ner Loss', 0.034315478),  ('CLS Classification Loss', 0.22463065)
[INFO] 2022-09-26 07:24:50,363 [    train.py:  227]:	('Ner Acc', 0.9976923), ('CLS Classification Acc', 0.9751615)
[INFO] 2022-09-26 07:25:03,199 [    train.py:  236]:	Precision 0.511 Recall 0.454 F1 0.481
[INFO] 2022-09-26 07:25:43,844 [    train.py:  184]:	Epoch 100: 
[INFO] 2022-09-26 07:25:43,845 [    train.py:  185]:	Train:
[INFO] 2022-09-26 07:25:43,852 [    train.py:  197]:	Loss 0.0010, ('Ner Loss', 0.00012875371612608433),  ('CLS Classification Loss', 0.0008218756993301213)
[INFO] 2022-09-26 07:25:43,852 [    train.py:  207]:	('Ner Acc', 0.9999526143074036),  ('CLS Classification Acc', 0.9997146725654602)
[INFO] 2022-09-26 07:25:46,175 [    train.py:  219]:	Evaluate:
[INFO] 2022-09-26 07:25:46,175 [    train.py:  226]:	Loss 0.2697, ('Ner Loss', 0.03503352),  ('CLS Classification Loss', 0.23462203)
[INFO] 2022-09-26 07:25:46,176 [    train.py:  227]:	('Ner Acc', 0.9977326), ('CLS Classification Acc', 0.97281617)
[INFO] 2022-09-26 07:25:58,861 [    train.py:  236]:	Precision 0.481 Recall 0.491 F1 0.486
[INFO] 2022-09-26 07:25:58,861 [    train.py:  256]:	Best Epoch 98; Best f1 0.5139519792342635 precision 0.5689655172413793 recall 0.4686390532544379;
