[INFO] 2022-09-10 07:28:35,732 [    train.py:  505]:	Namespace(block_att_head_num=1, cased=True, d_block=256, data_aug=None, dataset='res15', do_test=True, do_train=True, do_valid=True, drop_null_data=True, dropout_rate=0.1, epochs=50, extra_attention=True, fuse_strategy='update', init_model_dir='', language='en', loss_ratio=5.0, lr=2e-05, mask_sb=True, model_type='end_to_end', output_dir='./output', save_dir='', task_name='ttee_res15_50epoch_256d_2e-5lr_cased_0.1dropout_dropnull_5loss', test_batch_size=32, train_batch_size=16, valid_freq=1)
[INFO] 2022-09-10 07:28:47,782 [    train.py:  118]:	{'init_bert_model': 'bert-base-cased', 'sentence_b': DictWrapper({'texts': ListWrapper(['general of ambience', 'price of drinks', 'quality of drinks', 'style options of drinks', 'prices of food', 'quality of food', 'style options of food', 'general of location', 'general of restaurant', 'miscellaneous of restaurant', 'prices of restaurant', 'general of service']), 'sentiments': ListWrapper(['negative', 'neutral', 'positive'])}), 'num_sentiment_classes': 3, 'subblock_hidden_size': 256, 'subblock_head_num': 1, 'cache_dir': 'bert_models/bert-base-cased', 'fuse_strategy': 'update', 'extra_attention': True, 'dropout': 0.1, 'loss_ratio': 5.0}
[INFO] 2022-09-10 07:28:47,783 [    train.py:  120]:	Number of Train Sentence: 1120
[INFO] 2022-09-10 07:29:35,838 [    train.py:  184]:	Epoch 1: 
[INFO] 2022-09-10 07:29:35,839 [    train.py:  185]:	Train:
[INFO] 2022-09-10 07:29:35,849 [    train.py:  197]:	Loss 0.8174, ('Ner Loss', 0.11630821228027344),  ('CLS Classification Loss', 0.2359025925397873)
[INFO] 2022-09-10 07:29:35,849 [    train.py:  207]:	('Ner Acc', 0.9681698679924011),  ('CLS Classification Acc', 0.917262077331543)
[INFO] 2022-09-10 07:29:41,227 [    train.py:  219]:	Evaluate:
[INFO] 2022-09-10 07:29:41,229 [    train.py:  226]:	Loss 0.3146, ('Ner Loss', 0.02880843),  ('CLS Classification Loss', 0.1705281)
[INFO] 2022-09-10 07:29:41,229 [    train.py:  227]:	('Ner Acc', 0.99689984), ('CLS Classification Acc', 0.962567)
[INFO] 2022-09-10 07:29:58,182 [    train.py:  236]:	Precision 0.000 Recall 0.000 F1 0.000
[INFO] 2022-09-10 07:30:13,536 [    train.py:  184]:	Epoch 2: 
[INFO] 2022-09-10 07:30:13,537 [    train.py:  185]:	Train:
[INFO] 2022-09-10 07:30:13,545 [    train.py:  197]:	Loss 0.3129, ('Ner Loss', 0.029828991740942),  ('CLS Classification Loss', 0.16378648579120636)
[INFO] 2022-09-10 07:30:13,546 [    train.py:  207]:	('Ner Acc', 0.9963461756706238),  ('CLS Classification Acc', 0.9626984596252441)
[INFO] 2022-09-10 07:30:15,805 [    train.py:  219]:	Evaluate:
[INFO] 2022-09-10 07:30:15,806 [    train.py:  226]:	Loss 0.2811, ('Ner Loss', 0.023354158),  ('CLS Classification Loss', 0.16436854)
[INFO] 2022-09-10 07:30:15,806 [    train.py:  227]:	('Ner Acc', 0.99689984), ('CLS Classification Acc', 0.962567)
[INFO] 2022-09-10 07:30:29,757 [    train.py:  236]:	Precision 0.000 Recall 0.000 F1 0.000
[INFO] 2022-09-10 07:30:45,069 [    train.py:  184]:	Epoch 3: 
[INFO] 2022-09-10 07:30:45,070 [    train.py:  185]:	Train:
[INFO] 2022-09-10 07:30:45,073 [    train.py:  197]:	Loss 0.2971, ('Ner Loss', 0.02687249518930912),  ('CLS Classification Loss', 0.16273103654384613)
[INFO] 2022-09-10 07:30:45,073 [    train.py:  207]:	('Ner Acc', 0.9963394999504089),  ('CLS Classification Acc', 0.9626984596252441)
[INFO] 2022-09-10 07:30:47,283 [    train.py:  219]:	Evaluate:
[INFO] 2022-09-10 07:30:47,283 [    train.py:  226]:	Loss 0.2699, ('Ner Loss', 0.021490311),  ('CLS Classification Loss', 0.16241598)
[INFO] 2022-09-10 07:30:47,284 [    train.py:  227]:	('Ner Acc', 0.99689984), ('CLS Classification Acc', 0.962567)
[INFO] 2022-09-10 07:31:01,241 [    train.py:  236]:	Precision 0.000 Recall 0.000 F1 0.000
[INFO] 2022-09-10 07:31:16,562 [    train.py:  184]:	Epoch 4: 
[INFO] 2022-09-10 07:31:16,562 [    train.py:  185]:	Train:
[INFO] 2022-09-10 07:31:16,567 [    train.py:  197]:	Loss 0.2828, ('Ner Loss', 0.024989241734147072),  ('CLS Classification Loss', 0.15784382820129395)
[INFO] 2022-09-10 07:31:16,567 [    train.py:  207]:	('Ner Acc', 0.9963430166244507),  ('CLS Classification Acc', 0.9626985788345337)
[INFO] 2022-09-10 07:31:18,794 [    train.py:  219]:	Evaluate:
[INFO] 2022-09-10 07:31:18,795 [    train.py:  226]:	Loss 0.2600, ('Ner Loss', 0.020453798),  ('CLS Classification Loss', 0.15776256)
[INFO] 2022-09-10 07:31:18,795 [    train.py:  227]:	('Ner Acc', 0.99689984), ('CLS Classification Acc', 0.962567)
[INFO] 2022-09-10 07:31:33,347 [    train.py:  236]:	Precision 0.000 Recall 0.000 F1 0.000
[INFO] 2022-09-10 07:31:48,768 [    train.py:  184]:	Epoch 5: 
[INFO] 2022-09-10 07:31:48,768 [    train.py:  185]:	Train:
[INFO] 2022-09-10 07:31:48,772 [    train.py:  197]:	Loss 0.2935, ('Ner Loss', 0.02869563363492489),  ('CLS Classification Loss', 0.15002606809139252)
[INFO] 2022-09-10 07:31:48,772 [    train.py:  207]:	('Ner Acc', 0.9957203269004822),  ('CLS Classification Acc', 0.9625496864318848)
[INFO] 2022-09-10 07:31:51,056 [    train.py:  219]:	Evaluate:
[INFO] 2022-09-10 07:31:51,057 [    train.py:  226]:	Loss 0.2667, ('Ner Loss', 0.02025722),  ('CLS Classification Loss', 0.1653731)
[INFO] 2022-09-10 07:31:51,057 [    train.py:  227]:	('Ner Acc', 0.99689984), ('CLS Classification Acc', 0.962567)
[INFO] 2022-09-10 07:32:05,406 [    train.py:  236]:	Precision 0.000 Recall 0.000 F1 0.000
[INFO] 2022-09-10 07:32:20,996 [    train.py:  184]:	Epoch 6: 
[INFO] 2022-09-10 07:32:20,996 [    train.py:  185]:	Train:
[INFO] 2022-09-10 07:32:21,000 [    train.py:  197]:	Loss 0.2699, ('Ner Loss', 0.023867139592766762),  ('CLS Classification Loss', 0.1505204439163208)
[INFO] 2022-09-10 07:32:21,000 [    train.py:  207]:	('Ner Acc', 0.9963459372520447),  ('CLS Classification Acc', 0.9626983404159546)
[INFO] 2022-09-10 07:32:23,332 [    train.py:  219]:	Evaluate:
[INFO] 2022-09-10 07:32:23,333 [    train.py:  226]:	Loss 0.2406, ('Ner Loss', 0.019795965),  ('CLS Classification Loss', 0.1416301)
[INFO] 2022-09-10 07:32:23,334 [    train.py:  227]:	('Ner Acc', 0.99689984), ('CLS Classification Acc', 0.962567)
[INFO] 2022-09-10 07:32:37,184 [    train.py:  236]:	Precision 0.000 Recall 0.000 F1 0.000
[INFO] 2022-09-10 07:32:52,879 [    train.py:  184]:	Epoch 7: 
[INFO] 2022-09-10 07:32:52,879 [    train.py:  185]:	Train:
[INFO] 2022-09-10 07:32:52,882 [    train.py:  197]:	Loss 0.2556, ('Ner Loss', 0.023343130946159363),  ('CLS Classification Loss', 0.13885246217250824)
[INFO] 2022-09-10 07:32:52,883 [    train.py:  207]:	('Ner Acc', 0.9963343739509583),  ('CLS Classification Acc', 0.9627233147621155)
[INFO] 2022-09-10 07:32:55,148 [    train.py:  219]:	Evaluate:
[INFO] 2022-09-10 07:32:55,149 [    train.py:  226]:	Loss 0.2531, ('Ner Loss', 0.019192137),  ('CLS Classification Loss', 0.15709272)
[INFO] 2022-09-10 07:32:55,149 [    train.py:  227]:	('Ner Acc', 0.99689984), ('CLS Classification Acc', 0.962567)
[INFO] 2022-09-10 07:33:08,786 [    train.py:  236]:	Precision 0.000 Recall 0.000 F1 0.000
[INFO] 2022-09-10 07:33:24,387 [    train.py:  184]:	Epoch 8: 
[INFO] 2022-09-10 07:33:24,388 [    train.py:  185]:	Train:
[INFO] 2022-09-10 07:33:24,393 [    train.py:  197]:	Loss 0.2481, ('Ner Loss', 0.022654809057712555),  ('CLS Classification Loss', 0.1347973644733429)
[INFO] 2022-09-10 07:33:24,393 [    train.py:  207]:	('Ner Acc', 0.9963431358337402),  ('CLS Classification Acc', 0.9626736044883728)
[INFO] 2022-09-10 07:33:26,680 [    train.py:  219]:	Evaluate:
[INFO] 2022-09-10 07:33:26,681 [    train.py:  226]:	Loss 0.2331, ('Ner Loss', 0.018703466),  ('CLS Classification Loss', 0.13959211)
[INFO] 2022-09-10 07:33:26,681 [    train.py:  227]:	('Ner Acc', 0.99689984), ('CLS Classification Acc', 0.962567)
[INFO] 2022-09-10 07:33:40,956 [    train.py:  236]:	Precision 0.000 Recall 0.000 F1 0.000
[INFO] 2022-09-10 07:33:56,476 [    train.py:  184]:	Epoch 9: 
[INFO] 2022-09-10 07:33:56,477 [    train.py:  185]:	Train:
[INFO] 2022-09-10 07:33:56,479 [    train.py:  197]:	Loss 0.2374, ('Ner Loss', 0.021452907472848892),  ('CLS Classification Loss', 0.13015112280845642)
[INFO] 2022-09-10 07:33:56,479 [    train.py:  207]:	('Ner Acc', 0.9963363409042358),  ('CLS Classification Acc', 0.9626489877700806)
[INFO] 2022-09-10 07:33:58,745 [    train.py:  219]:	Evaluate:
[INFO] 2022-09-10 07:33:58,746 [    train.py:  226]:	Loss 0.2250, ('Ner Loss', 0.01795812),  ('CLS Classification Loss', 0.13520256)
[INFO] 2022-09-10 07:33:58,746 [    train.py:  227]:	('Ner Acc', 0.99689984), ('CLS Classification Acc', 0.962567)
[INFO] 2022-09-10 07:34:12,497 [    train.py:  236]:	Precision 0.000 Recall 0.000 F1 0.000
[INFO] 2022-09-10 07:34:27,911 [    train.py:  184]:	Epoch 10: 
[INFO] 2022-09-10 07:34:27,912 [    train.py:  185]:	Train:
[INFO] 2022-09-10 07:34:27,916 [    train.py:  197]:	Loss 0.2338, ('Ner Loss', 0.020694682374596596),  ('CLS Classification Loss', 0.13030345737934113)
[INFO] 2022-09-10 07:34:27,917 [    train.py:  207]:	('Ner Acc', 0.9963261485099792),  ('CLS Classification Acc', 0.962648868560791)
[INFO] 2022-09-10 07:34:30,146 [    train.py:  219]:	Evaluate:
[INFO] 2022-09-10 07:34:30,147 [    train.py:  226]:	Loss 0.2218, ('Ner Loss', 0.017170204),  ('CLS Classification Loss', 0.13595688)
[INFO] 2022-09-10 07:34:30,147 [    train.py:  227]:	('Ner Acc', 0.99689984), ('CLS Classification Acc', 0.962567)
[INFO] 2022-09-10 07:34:44,018 [    train.py:  236]:	Precision 0.000 Recall 0.000 F1 0.000
[INFO] 2022-09-10 07:34:59,401 [    train.py:  184]:	Epoch 11: 
[INFO] 2022-09-10 07:34:59,402 [    train.py:  185]:	Train:
[INFO] 2022-09-10 07:34:59,405 [    train.py:  197]:	Loss 0.2259, ('Ner Loss', 0.01948464661836624),  ('CLS Classification Loss', 0.1285102218389511)
[INFO] 2022-09-10 07:34:59,405 [    train.py:  207]:	('Ner Acc', 0.9963265657424927),  ('CLS Classification Acc', 0.9627233147621155)
[INFO] 2022-09-10 07:35:01,661 [    train.py:  219]:	Evaluate:
[INFO] 2022-09-10 07:35:01,662 [    train.py:  226]:	Loss 0.2144, ('Ner Loss', 0.016159335),  ('CLS Classification Loss', 0.13357562)
[INFO] 2022-09-10 07:35:01,662 [    train.py:  227]:	('Ner Acc', 0.99689984), ('CLS Classification Acc', 0.962567)
[INFO] 2022-09-10 07:35:15,334 [    train.py:  236]:	Precision 0.000 Recall 0.000 F1 0.000
[INFO] 2022-09-10 07:35:30,612 [    train.py:  184]:	Epoch 12: 
[INFO] 2022-09-10 07:35:30,612 [    train.py:  185]:	Train:
[INFO] 2022-09-10 07:35:30,615 [    train.py:  197]:	Loss 0.2184, ('Ner Loss', 0.017989113926887512),  ('CLS Classification Loss', 0.12843428552150726)
[INFO] 2022-09-10 07:35:30,615 [    train.py:  207]:	('Ner Acc', 0.9962869882583618),  ('CLS Classification Acc', 0.9623761773109436)
[INFO] 2022-09-10 07:35:32,853 [    train.py:  219]:	Evaluate:
[INFO] 2022-09-10 07:35:32,854 [    train.py:  226]:	Loss 0.2176, ('Ner Loss', 0.015779855),  ('CLS Classification Loss', 0.13867317)
[INFO] 2022-09-10 07:35:32,854 [    train.py:  227]:	('Ner Acc', 0.99689984), ('CLS Classification Acc', 0.962567)
[INFO] 2022-09-10 07:35:46,773 [    train.py:  236]:	Precision 0.000 Recall 0.000 F1 0.000
[INFO] 2022-09-10 07:36:02,144 [    train.py:  184]:	Epoch 13: 
[INFO] 2022-09-10 07:36:02,145 [    train.py:  185]:	Train:
[INFO] 2022-09-10 07:36:02,148 [    train.py:  197]:	Loss 0.2113, ('Ner Loss', 0.016988294199109077),  ('CLS Classification Loss', 0.12632140517234802)
[INFO] 2022-09-10 07:36:02,149 [    train.py:  207]:	('Ner Acc', 0.9962987899780273),  ('CLS Classification Acc', 0.9626242518424988)
[INFO] 2022-09-10 07:36:04,357 [    train.py:  219]:	Evaluate:
[INFO] 2022-09-10 07:36:04,358 [    train.py:  226]:	Loss 0.2122, ('Ner Loss', 0.015517205),  ('CLS Classification Loss', 0.13464929)
[INFO] 2022-09-10 07:36:04,358 [    train.py:  227]:	('Ner Acc', 0.996889), ('CLS Classification Acc', 0.962567)
[INFO] 2022-09-10 07:36:17,819 [    train.py:  236]:	Precision 0.000 Recall 0.000 F1 0.000
[INFO] 2022-09-10 07:36:33,212 [    train.py:  184]:	Epoch 14: 
[INFO] 2022-09-10 07:36:33,212 [    train.py:  185]:	Train:
[INFO] 2022-09-10 07:36:33,216 [    train.py:  197]:	Loss 0.2090, ('Ner Loss', 0.016443617641925812),  ('CLS Classification Loss', 0.12675490975379944)
[INFO] 2022-09-10 07:36:33,216 [    train.py:  207]:	('Ner Acc', 0.9963122606277466),  ('CLS Classification Acc', 0.9627730250358582)
[INFO] 2022-09-10 07:36:35,471 [    train.py:  219]:	Evaluate:
[INFO] 2022-09-10 07:36:35,472 [    train.py:  226]:	Loss 0.2051, ('Ner Loss', 0.015175161),  ('CLS Classification Loss', 0.12924848)
[INFO] 2022-09-10 07:36:35,472 [    train.py:  227]:	('Ner Acc', 0.9968969), ('CLS Classification Acc', 0.962567)
[INFO] 2022-09-10 07:36:49,345 [    train.py:  236]:	Precision 0.000 Recall 0.000 F1 0.000
[INFO] 2022-09-10 07:37:04,571 [    train.py:  184]:	Epoch 15: 
[INFO] 2022-09-10 07:37:04,572 [    train.py:  185]:	Train:
[INFO] 2022-09-10 07:37:04,578 [    train.py:  197]:	Loss 0.2028, ('Ner Loss', 0.01577693410217762),  ('CLS Classification Loss', 0.12387052178382874)
[INFO] 2022-09-10 07:37:04,579 [    train.py:  207]:	('Ner Acc', 0.9963029026985168),  ('CLS Classification Acc', 0.9631450176239014)
[INFO] 2022-09-10 07:37:06,920 [    train.py:  219]:	Evaluate:
[INFO] 2022-09-10 07:37:06,920 [    train.py:  226]:	Loss 0.2135, ('Ner Loss', 0.015325092),  ('CLS Classification Loss', 0.13688873)
[INFO] 2022-09-10 07:37:06,920 [    train.py:  227]:	('Ner Acc', 0.9968896), ('CLS Classification Acc', 0.9628868)
[INFO] 2022-09-10 07:37:20,746 [    train.py:  236]:	Precision 0.137 Recall 0.008 F1 0.016
[INFO] 2022-09-10 07:37:36,156 [    train.py:  184]:	Epoch 16: 
[INFO] 2022-09-10 07:37:36,156 [    train.py:  185]:	Train:
[INFO] 2022-09-10 07:37:36,159 [    train.py:  197]:	Loss 0.1982, ('Ner Loss', 0.015143110416829586),  ('CLS Classification Loss', 0.12246070802211761)
[INFO] 2022-09-10 07:37:36,159 [    train.py:  207]:	('Ner Acc', 0.9962733387947083),  ('CLS Classification Acc', 0.9632440805435181)
[INFO] 2022-09-10 07:37:38,413 [    train.py:  219]:	Evaluate:
[INFO] 2022-09-10 07:37:38,413 [    train.py:  226]:	Loss 0.2171, ('Ner Loss', 0.015368311),  ('CLS Classification Loss', 0.14023499)
[INFO] 2022-09-10 07:37:38,413 [    train.py:  227]:	('Ner Acc', 0.99688), ('CLS Classification Acc', 0.9632523)
[INFO] 2022-09-10 07:37:52,331 [    train.py:  236]:	Precision 0.149 Recall 0.012 F1 0.022
[INFO] 2022-09-10 07:38:07,648 [    train.py:  184]:	Epoch 17: 
[INFO] 2022-09-10 07:38:07,649 [    train.py:  185]:	Train:
[INFO] 2022-09-10 07:38:07,654 [    train.py:  197]:	Loss 0.1963, ('Ner Loss', 0.014788872562348843),  ('CLS Classification Loss', 0.12235809117555618)
[INFO] 2022-09-10 07:38:07,654 [    train.py:  207]:	('Ner Acc', 0.996272087097168),  ('CLS Classification Acc', 0.9637152552604675)
[INFO] 2022-09-10 07:38:09,874 [    train.py:  219]:	Evaluate:
[INFO] 2022-09-10 07:38:09,875 [    train.py:  226]:	Loss 0.2049, ('Ner Loss', 0.014545055),  ('CLS Classification Loss', 0.1321316)
[INFO] 2022-09-10 07:38:09,875 [    train.py:  227]:	('Ner Acc', 0.99698186), ('CLS Classification Acc', 0.96375483)
[INFO] 2022-09-10 07:38:23,567 [    train.py:  236]:	Precision 0.141 Recall 0.013 F1 0.024
[INFO] 2022-09-10 07:38:38,963 [    train.py:  184]:	Epoch 18: 
[INFO] 2022-09-10 07:38:38,964 [    train.py:  185]:	Train:
[INFO] 2022-09-10 07:38:38,967 [    train.py:  197]:	Loss 0.1914, ('Ner Loss', 0.01422935165464878),  ('CLS Classification Loss', 0.12022516876459122)
[INFO] 2022-09-10 07:38:38,967 [    train.py:  207]:	('Ner Acc', 0.9963228702545166),  ('CLS Classification Acc', 0.9639387726783752)
[INFO] 2022-09-10 07:38:41,172 [    train.py:  219]:	Evaluate:
[INFO] 2022-09-10 07:38:41,173 [    train.py:  226]:	Loss 0.2031, ('Ner Loss', 0.014268435),  ('CLS Classification Loss', 0.13175857)
[INFO] 2022-09-10 07:38:41,173 [    train.py:  227]:	('Ner Acc', 0.9970176), ('CLS Classification Acc', 0.96302396)
[INFO] 2022-09-10 07:38:54,925 [    train.py:  236]:	Precision 0.143 Recall 0.012 F1 0.022
[INFO] 2022-09-10 07:39:09,959 [    train.py:  184]:	Epoch 19: 
[INFO] 2022-09-10 07:39:09,959 [    train.py:  185]:	Train:
[INFO] 2022-09-10 07:39:09,962 [    train.py:  197]:	Loss 0.1872, ('Ner Loss', 0.013712809421122074),  ('CLS Classification Loss', 0.11861320585012436)
[INFO] 2022-09-10 07:39:09,962 [    train.py:  207]:	('Ner Acc', 0.9964612722396851),  ('CLS Classification Acc', 0.9644098281860352)
[INFO] 2022-09-10 07:39:12,240 [    train.py:  219]:	Evaluate:
[INFO] 2022-09-10 07:39:12,241 [    train.py:  226]:	Loss 0.2068, ('Ner Loss', 0.0144203855),  ('CLS Classification Loss', 0.13466613)
[INFO] 2022-09-10 07:39:12,241 [    train.py:  227]:	('Ner Acc', 0.9969999), ('CLS Classification Acc', 0.9640747)
[INFO] 2022-09-10 07:39:25,896 [    train.py:  236]:	Precision 0.101 Recall 0.018 F1 0.030
[INFO] 2022-09-10 07:39:41,330 [    train.py:  184]:	Epoch 20: 
[INFO] 2022-09-10 07:39:41,331 [    train.py:  185]:	Train:
[INFO] 2022-09-10 07:39:41,336 [    train.py:  197]:	Loss 0.1853, ('Ner Loss', 0.013409275561571121),  ('CLS Classification Loss', 0.11821750551462173)
[INFO] 2022-09-10 07:39:41,336 [    train.py:  207]:	('Ner Acc', 0.9964627027511597),  ('CLS Classification Acc', 0.9644594192504883)
[INFO] 2022-09-10 07:39:43,576 [    train.py:  219]:	Evaluate:
[INFO] 2022-09-10 07:39:43,577 [    train.py:  226]:	Loss 0.2049, ('Ner Loss', 0.014232041),  ('CLS Classification Loss', 0.1337444)
[INFO] 2022-09-10 07:39:43,578 [    train.py:  227]:	('Ner Acc', 0.99703026), ('CLS Classification Acc', 0.9643945)
[INFO] 2022-09-10 07:39:57,238 [    train.py:  236]:	Precision 0.144 Recall 0.025 F1 0.042
[INFO] 2022-09-10 07:40:12,408 [    train.py:  184]:	Epoch 21: 
[INFO] 2022-09-10 07:40:12,409 [    train.py:  185]:	Train:
[INFO] 2022-09-10 07:40:12,416 [    train.py:  197]:	Loss 0.1815, ('Ner Loss', 0.012978658080101013),  ('CLS Classification Loss', 0.11659268289804459)
[INFO] 2022-09-10 07:40:12,416 [    train.py:  207]:	('Ner Acc', 0.9965521693229675),  ('CLS Classification Acc', 0.9644842743873596)
[INFO] 2022-09-10 07:40:14,700 [    train.py:  219]:	Evaluate:
[INFO] 2022-09-10 07:40:14,700 [    train.py:  226]:	Loss 0.1981, ('Ner Loss', 0.013923258),  ('CLS Classification Loss', 0.12843415)
[INFO] 2022-09-10 07:40:14,700 [    train.py:  227]:	('Ner Acc', 0.997071), ('CLS Classification Acc', 0.9649884)
[INFO] 2022-09-10 07:40:28,685 [    train.py:  236]:	Precision 0.214 Recall 0.043 F1 0.071
[INFO] 2022-09-10 07:40:44,006 [    train.py:  184]:	Epoch 22: 
[INFO] 2022-09-10 07:40:44,006 [    train.py:  185]:	Train:
[INFO] 2022-09-10 07:40:44,010 [    train.py:  197]:	Loss 0.1770, ('Ner Loss', 0.01263791136443615),  ('CLS Classification Loss', 0.11384662240743637)
[INFO] 2022-09-10 07:40:44,010 [    train.py:  207]:	('Ner Acc', 0.9966015219688416),  ('CLS Classification Acc', 0.9650049209594727)
[INFO] 2022-09-10 07:40:46,275 [    train.py:  219]:	Evaluate:
[INFO] 2022-09-10 07:40:46,275 [    train.py:  226]:	Loss 0.2053, ('Ner Loss', 0.0148620745),  ('CLS Classification Loss', 0.13098787)
[INFO] 2022-09-10 07:40:46,276 [    train.py:  227]:	('Ner Acc', 0.9969893), ('CLS Classification Acc', 0.96512556)
[INFO] 2022-09-10 07:41:00,192 [    train.py:  236]:	Precision 0.232 Recall 0.058 F1 0.093
[INFO] 2022-09-10 07:41:15,466 [    train.py:  184]:	Epoch 23: 
[INFO] 2022-09-10 07:41:15,466 [    train.py:  185]:	Train:
[INFO] 2022-09-10 07:41:15,469 [    train.py:  197]:	Loss 0.1742, ('Ner Loss', 0.012316820211708546),  ('CLS Classification Loss', 0.1125979796051979)
[INFO] 2022-09-10 07:41:15,469 [    train.py:  207]:	('Ner Acc', 0.9966465830802917),  ('CLS Classification Acc', 0.96577388048172)
[INFO] 2022-09-10 07:41:17,676 [    train.py:  219]:	Evaluate:
[INFO] 2022-09-10 07:41:17,676 [    train.py:  226]:	Loss 0.2165, ('Ner Loss', 0.015573312),  ('CLS Classification Loss', 0.13864727)
[INFO] 2022-09-10 07:41:17,676 [    train.py:  227]:	('Ner Acc', 0.9967533), ('CLS Classification Acc', 0.9645772)
[INFO] 2022-09-10 07:41:32,011 [    train.py:  236]:	Precision 0.188 Recall 0.049 F1 0.077
[INFO] 2022-09-10 07:41:47,471 [    train.py:  184]:	Epoch 24: 
[INFO] 2022-09-10 07:41:47,471 [    train.py:  185]:	Train:
[INFO] 2022-09-10 07:41:47,474 [    train.py:  197]:	Loss 0.1709, ('Ner Loss', 0.011907007545232773),  ('CLS Classification Loss', 0.11135656386613846)
[INFO] 2022-09-10 07:41:47,475 [    train.py:  207]:	('Ner Acc', 0.9967978596687317),  ('CLS Classification Acc', 0.966096043586731)
[INFO] 2022-09-10 07:41:49,749 [    train.py:  219]:	Evaluate:
[INFO] 2022-09-10 07:41:49,749 [    train.py:  226]:	Loss 0.2007, ('Ner Loss', 0.014539138),  ('CLS Classification Loss', 0.12802784)
[INFO] 2022-09-10 07:41:49,750 [    train.py:  227]:	('Ner Acc', 0.9969158), ('CLS Classification Acc', 0.9657194)
[INFO] 2022-09-10 07:42:03,489 [    train.py:  236]:	Precision 0.252 Recall 0.075 F1 0.115
[INFO] 2022-09-10 07:42:18,794 [    train.py:  184]:	Epoch 25: 
[INFO] 2022-09-10 07:42:18,794 [    train.py:  185]:	Train:
[INFO] 2022-09-10 07:42:18,800 [    train.py:  197]:	Loss 0.1664, ('Ner Loss', 0.011463112197816372),  ('CLS Classification Loss', 0.1090758815407753)
[INFO] 2022-09-10 07:42:18,800 [    train.py:  207]:	('Ner Acc', 0.9969027042388916),  ('CLS Classification Acc', 0.9669394493103027)
[INFO] 2022-09-10 07:42:21,046 [    train.py:  219]:	Evaluate:
[INFO] 2022-09-10 07:42:21,047 [    train.py:  226]:	Loss 0.2141, ('Ner Loss', 0.015885038),  ('CLS Classification Loss', 0.13463187)
[INFO] 2022-09-10 07:42:21,047 [    train.py:  227]:	('Ner Acc', 0.9964702), ('CLS Classification Acc', 0.96512556)
[INFO] 2022-09-10 07:42:35,232 [    train.py:  236]:	Precision 0.240 Recall 0.123 F1 0.163
[INFO] 2022-09-10 07:42:50,504 [    train.py:  184]:	Epoch 26: 
[INFO] 2022-09-10 07:42:50,505 [    train.py:  185]:	Train:
[INFO] 2022-09-10 07:42:50,509 [    train.py:  197]:	Loss 0.1608, ('Ner Loss', 0.010868457145988941),  ('CLS Classification Loss', 0.1064436063170433)
[INFO] 2022-09-10 07:42:50,509 [    train.py:  207]:	('Ner Acc', 0.9969516396522522),  ('CLS Classification Acc', 0.967113196849823)
[INFO] 2022-09-10 07:42:52,759 [    train.py:  219]:	Evaluate:
[INFO] 2022-09-10 07:42:52,759 [    train.py:  226]:	Loss 0.2096, ('Ner Loss', 0.015290278),  ('CLS Classification Loss', 0.13318048)
[INFO] 2022-09-10 07:42:52,759 [    train.py:  227]:	('Ner Acc', 0.99692166), ('CLS Classification Acc', 0.96603924)
[INFO] 2022-09-10 07:43:06,469 [    train.py:  236]:	Precision 0.304 Recall 0.101 F1 0.151
[INFO] 2022-09-10 07:43:21,751 [    train.py:  184]:	Epoch 27: 
[INFO] 2022-09-10 07:43:21,752 [    train.py:  185]:	Train:
[INFO] 2022-09-10 07:43:21,756 [    train.py:  197]:	Loss 0.1562, ('Ner Loss', 0.010542290285229683),  ('CLS Classification Loss', 0.10347477346658707)
[INFO] 2022-09-10 07:43:21,756 [    train.py:  207]:	('Ner Acc', 0.9970382452011108),  ('CLS Classification Acc', 0.9677333235740662)
[INFO] 2022-09-10 07:43:24,047 [    train.py:  219]:	Evaluate:
[INFO] 2022-09-10 07:43:24,048 [    train.py:  226]:	Loss 0.2072, ('Ner Loss', 0.015713388),  ('CLS Classification Loss', 0.12866668)
[INFO] 2022-09-10 07:43:24,048 [    train.py:  227]:	('Ner Acc', 0.996833), ('CLS Classification Acc', 0.9663134)
[INFO] 2022-09-10 07:43:38,133 [    train.py:  236]:	Precision 0.314 Recall 0.112 F1 0.166
[INFO] 2022-09-10 07:43:53,367 [    train.py:  184]:	Epoch 28: 
[INFO] 2022-09-10 07:43:53,368 [    train.py:  185]:	Train:
[INFO] 2022-09-10 07:43:53,373 [    train.py:  197]:	Loss 0.1514, ('Ner Loss', 0.01031525619328022),  ('CLS Classification Loss', 0.0997801348567009)
[INFO] 2022-09-10 07:43:53,373 [    train.py:  207]:	('Ner Acc', 0.9970626831054688),  ('CLS Classification Acc', 0.9689486026763916)
[INFO] 2022-09-10 07:43:55,627 [    train.py:  219]:	Evaluate:
[INFO] 2022-09-10 07:43:55,627 [    train.py:  226]:	Loss 0.1965, ('Ner Loss', 0.014634538),  ('CLS Classification Loss', 0.12333585)
[INFO] 2022-09-10 07:43:55,628 [    train.py:  227]:	('Ner Acc', 0.9970446), ('CLS Classification Acc', 0.96702915)
[INFO] 2022-09-10 07:44:09,989 [    train.py:  236]:	Precision 0.368 Recall 0.138 F1 0.201
[INFO] 2022-09-10 07:44:25,525 [    train.py:  184]:	Epoch 29: 
[INFO] 2022-09-10 07:44:25,525 [    train.py:  185]:	Train:
[INFO] 2022-09-10 07:44:25,529 [    train.py:  197]:	Loss 0.1427, ('Ner Loss', 0.009764390997588634),  ('CLS Classification Loss', 0.09385319799184799)
[INFO] 2022-09-10 07:44:25,530 [    train.py:  207]:	('Ner Acc', 0.9971196055412292),  ('CLS Classification Acc', 0.9695932865142822)
[INFO] 2022-09-10 07:44:27,775 [    train.py:  219]:	Evaluate:
[INFO] 2022-09-10 07:44:27,775 [    train.py:  226]:	Loss 0.1878, ('Ner Loss', 0.013760835),  ('CLS Classification Loss', 0.11896988)
[INFO] 2022-09-10 07:44:27,775 [    train.py:  227]:	('Ner Acc', 0.99700624), ('CLS Classification Acc', 0.9668158)
[INFO] 2022-09-10 07:44:41,662 [    train.py:  236]:	Precision 0.329 Recall 0.123 F1 0.179
[INFO] 2022-09-10 07:44:56,940 [    train.py:  184]:	Epoch 30: 
[INFO] 2022-09-10 07:44:56,940 [    train.py:  185]:	Train:
[INFO] 2022-09-10 07:44:56,948 [    train.py:  197]:	Loss 0.1339, ('Ner Loss', 0.009280281141400337),  ('CLS Classification Loss', 0.08753471821546555)
[INFO] 2022-09-10 07:44:56,949 [    train.py:  207]:	('Ner Acc', 0.9972102642059326),  ('CLS Classification Acc', 0.972271740436554)
[INFO] 2022-09-10 07:44:59,164 [    train.py:  219]:	Evaluate:
[INFO] 2022-09-10 07:44:59,165 [    train.py:  226]:	Loss 0.1938, ('Ner Loss', 0.015222738),  ('CLS Classification Loss', 0.117642105)
[INFO] 2022-09-10 07:44:59,165 [    train.py:  227]:	('Ner Acc', 0.9967782), ('CLS Classification Acc', 0.96759254)
[INFO] 2022-09-10 07:45:13,076 [    train.py:  236]:	Precision 0.321 Recall 0.180 F1 0.230
[INFO] 2022-09-10 07:45:28,390 [    train.py:  184]:	Epoch 31: 
[INFO] 2022-09-10 07:45:28,390 [    train.py:  185]:	Train:
[INFO] 2022-09-10 07:45:28,393 [    train.py:  197]:	Loss 0.1245, ('Ner Loss', 0.008496205322444439),  ('CLS Classification Loss', 0.08201399445533752)
[INFO] 2022-09-10 07:45:28,393 [    train.py:  207]:	('Ner Acc', 0.997405469417572),  ('CLS Classification Acc', 0.9733880162239075)
[INFO] 2022-09-10 07:45:30,648 [    train.py:  219]:	Evaluate:
[INFO] 2022-09-10 07:45:30,649 [    train.py:  226]:	Loss 0.1944, ('Ner Loss', 0.014519356),  ('CLS Classification Loss', 0.12180092)
[INFO] 2022-09-10 07:45:30,649 [    train.py:  227]:	('Ner Acc', 0.9970411), ('CLS Classification Acc', 0.96675503)
[INFO] 2022-09-10 07:45:44,858 [    train.py:  236]:	Precision 0.347 Recall 0.183 F1 0.240
[INFO] 2022-09-10 07:45:59,967 [    train.py:  184]:	Epoch 32: 
[INFO] 2022-09-10 07:45:59,968 [    train.py:  185]:	Train:
[INFO] 2022-09-10 07:45:59,975 [    train.py:  197]:	Loss 0.1203, ('Ner Loss', 0.00839964672923088),  ('CLS Classification Loss', 0.07826093584299088)
[INFO] 2022-09-10 07:45:59,975 [    train.py:  207]:	('Ner Acc', 0.9974600672721863),  ('CLS Classification Acc', 0.9742064476013184)
[INFO] 2022-09-10 07:46:02,201 [    train.py:  219]:	Evaluate:
[INFO] 2022-09-10 07:46:02,202 [    train.py:  226]:	Loss 0.2105, ('Ner Loss', 0.016997127),  ('CLS Classification Loss', 0.12555476)
[INFO] 2022-09-10 07:46:02,202 [    train.py:  227]:	('Ner Acc', 0.996467), ('CLS Classification Acc', 0.9673032)
[INFO] 2022-09-10 07:46:15,951 [    train.py:  236]:	Precision 0.307 Recall 0.215 F1 0.253
[INFO] 2022-09-10 07:46:31,601 [    train.py:  184]:	Epoch 33: 
[INFO] 2022-09-10 07:46:31,602 [    train.py:  185]:	Train:
[INFO] 2022-09-10 07:46:31,607 [    train.py:  197]:	Loss 0.1106, ('Ner Loss', 0.007513666059821844),  ('CLS Classification Loss', 0.07302838563919067)
[INFO] 2022-09-10 07:46:31,607 [    train.py:  207]:	('Ner Acc', 0.9975442886352539),  ('CLS Classification Acc', 0.9758679270744324)
[INFO] 2022-09-10 07:46:33,880 [    train.py:  219]:	Evaluate:
[INFO] 2022-09-10 07:46:33,880 [    train.py:  226]:	Loss 0.1933, ('Ner Loss', 0.015021426),  ('CLS Classification Loss', 0.118195154)
[INFO] 2022-09-10 07:46:33,880 [    train.py:  227]:	('Ner Acc', 0.9965904), ('CLS Classification Acc', 0.96702915)
[INFO] 2022-09-10 07:46:47,580 [    train.py:  236]:	Precision 0.362 Recall 0.219 F1 0.273
[INFO] 2022-09-10 07:47:03,224 [    train.py:  184]:	Epoch 34: 
[INFO] 2022-09-10 07:47:03,224 [    train.py:  185]:	Train:
[INFO] 2022-09-10 07:47:03,228 [    train.py:  197]:	Loss 0.1016, ('Ner Loss', 0.006772953551262617),  ('CLS Classification Loss', 0.06775793433189392)
[INFO] 2022-09-10 07:47:03,229 [    train.py:  207]:	('Ner Acc', 0.997698962688446),  ('CLS Classification Acc', 0.9772570133209229)
[INFO] 2022-09-10 07:47:05,535 [    train.py:  219]:	Evaluate:
[INFO] 2022-09-10 07:47:05,535 [    train.py:  226]:	Loss 0.2037, ('Ner Loss', 0.015945986),  ('CLS Classification Loss', 0.12397597)
[INFO] 2022-09-10 07:47:05,536 [    train.py:  227]:	('Ner Acc', 0.99671644), ('CLS Classification Acc', 0.9668921)
[INFO] 2022-09-10 07:47:19,282 [    train.py:  236]:	Precision 0.336 Recall 0.224 F1 0.268
[INFO] 2022-09-10 07:47:39,764 [    train.py:  184]:	Epoch 35: 
[INFO] 2022-09-10 07:47:39,765 [    train.py:  185]:	Train:
[INFO] 2022-09-10 07:47:39,770 [    train.py:  197]:	Loss 0.0944, ('Ner Loss', 0.006399886682629585),  ('CLS Classification Loss', 0.06242261454463005)
[INFO] 2022-09-10 07:47:39,771 [    train.py:  207]:	('Ner Acc', 0.9977878928184509),  ('CLS Classification Acc', 0.9788194894790649)
[INFO] 2022-09-10 07:47:42,094 [    train.py:  219]:	Evaluate:
[INFO] 2022-09-10 07:47:42,095 [    train.py:  226]:	Loss 0.2023, ('Ner Loss', 0.0156200295),  ('CLS Classification Loss', 0.124226406)
[INFO] 2022-09-10 07:47:42,095 [    train.py:  227]:	('Ner Acc', 0.99710083), ('CLS Classification Acc', 0.9682779)
[INFO] 2022-09-10 07:47:56,071 [    train.py:  236]:	Precision 0.428 Recall 0.206 F1 0.278
[INFO] 2022-09-10 07:48:11,424 [    train.py:  184]:	Epoch 36: 
[INFO] 2022-09-10 07:48:11,424 [    train.py:  185]:	Train:
[INFO] 2022-09-10 07:48:11,432 [    train.py:  197]:	Loss 0.0936, ('Ner Loss', 0.006391929462552071),  ('CLS Classification Loss', 0.061680957674980164)
[INFO] 2022-09-10 07:48:11,432 [    train.py:  207]:	('Ner Acc', 0.997787356376648),  ('CLS Classification Acc', 0.9789682626724243)
[INFO] 2022-09-10 07:48:13,689 [    train.py:  219]:	Evaluate:
[INFO] 2022-09-10 07:48:13,690 [    train.py:  226]:	Loss 0.2086, ('Ner Loss', 0.015998134),  ('CLS Classification Loss', 0.1286155)
[INFO] 2022-09-10 07:48:13,691 [    train.py:  227]:	('Ner Acc', 0.9968652), ('CLS Classification Acc', 0.9668007)
[INFO] 2022-09-10 07:48:27,419 [    train.py:  236]:	Precision 0.357 Recall 0.251 F1 0.295
[INFO] 2022-09-10 07:48:42,805 [    train.py:  184]:	Epoch 37: 
[INFO] 2022-09-10 07:48:42,805 [    train.py:  185]:	Train:
[INFO] 2022-09-10 07:48:42,808 [    train.py:  197]:	Loss 0.0831, ('Ner Loss', 0.005563646554946899),  ('CLS Classification Loss', 0.05528348684310913)
[INFO] 2022-09-10 07:48:42,808 [    train.py:  207]:	('Ner Acc', 0.9979991316795349),  ('CLS Classification Acc', 0.9812748432159424)
[INFO] 2022-09-10 07:48:45,039 [    train.py:  219]:	Evaluate:
[INFO] 2022-09-10 07:48:45,040 [    train.py:  226]:	Loss 0.1915, ('Ner Loss', 0.015153441),  ('CLS Classification Loss', 0.11577827)
[INFO] 2022-09-10 07:48:45,040 [    train.py:  227]:	('Ner Acc', 0.9971429), ('CLS Classification Acc', 0.96993786)
[INFO] 2022-09-10 07:48:58,824 [    train.py:  236]:	Precision 0.437 Recall 0.275 F1 0.337
[INFO] 2022-09-10 07:49:14,017 [    train.py:  184]:	Epoch 38: 
[INFO] 2022-09-10 07:49:14,018 [    train.py:  185]:	Train:
[INFO] 2022-09-10 07:49:14,023 [    train.py:  197]:	Loss 0.0780, ('Ner Loss', 0.005364153068512678),  ('CLS Classification Loss', 0.05117223784327507)
[INFO] 2022-09-10 07:49:14,023 [    train.py:  207]:	('Ner Acc', 0.998058021068573),  ('CLS Classification Acc', 0.9821180105209351)
[INFO] 2022-09-10 07:49:16,269 [    train.py:  219]:	Evaluate:
[INFO] 2022-09-10 07:49:16,270 [    train.py:  226]:	Loss 0.2120, ('Ner Loss', 0.017273325),  ('CLS Classification Loss', 0.12567271)
[INFO] 2022-09-10 07:49:16,270 [    train.py:  227]:	('Ner Acc', 0.99669284), ('CLS Classification Acc', 0.97005975)
[INFO] 2022-09-10 07:49:30,180 [    train.py:  236]:	Precision 0.380 Recall 0.338 F1 0.358
[INFO] 2022-09-10 07:49:45,664 [    train.py:  184]:	Epoch 39: 
[INFO] 2022-09-10 07:49:45,665 [    train.py:  185]:	Train:
[INFO] 2022-09-10 07:49:45,669 [    train.py:  197]:	Loss 0.0712, ('Ner Loss', 0.004790253471583128),  ('CLS Classification Loss', 0.04722273722290993)
[INFO] 2022-09-10 07:49:45,669 [    train.py:  207]:	('Ner Acc', 0.9982940554618835),  ('CLS Classification Acc', 0.9831349849700928)
[INFO] 2022-09-10 07:49:47,964 [    train.py:  219]:	Evaluate:
[INFO] 2022-09-10 07:49:47,964 [    train.py:  226]:	Loss 0.1913, ('Ner Loss', 0.015408972),  ('CLS Classification Loss', 0.11424362)
[INFO] 2022-09-10 07:49:47,964 [    train.py:  227]:	('Ner Acc', 0.9967304), ('CLS Classification Acc', 0.9704709)
[INFO] 2022-09-10 07:50:01,722 [    train.py:  236]:	Precision 0.360 Recall 0.318 F1 0.338
[INFO] 2022-09-10 07:50:17,131 [    train.py:  184]:	Epoch 40: 
[INFO] 2022-09-10 07:50:17,132 [    train.py:  185]:	Train:
[INFO] 2022-09-10 07:50:17,141 [    train.py:  197]:	Loss 0.0665, ('Ner Loss', 0.004390103276818991),  ('CLS Classification Loss', 0.04454869031906128)
[INFO] 2022-09-10 07:50:17,141 [    train.py:  207]:	('Ner Acc', 0.9983295798301697),  ('CLS Classification Acc', 0.9841023087501526)
[INFO] 2022-09-10 07:50:19,363 [    train.py:  219]:	Evaluate:
[INFO] 2022-09-10 07:50:19,363 [    train.py:  226]:	Loss 0.2118, ('Ner Loss', 0.017066956),  ('CLS Classification Loss', 0.12649992)
[INFO] 2022-09-10 07:50:19,363 [    train.py:  227]:	('Ner Acc', 0.99723357), ('CLS Classification Acc', 0.9721461)
[INFO] 2022-09-10 07:50:33,358 [    train.py:  236]:	Precision 0.472 Recall 0.349 F1 0.401
[INFO] 2022-09-10 07:50:48,765 [    train.py:  184]:	Epoch 41: 
[INFO] 2022-09-10 07:50:48,765 [    train.py:  185]:	Train:
[INFO] 2022-09-10 07:50:48,768 [    train.py:  197]:	Loss 0.0600, ('Ner Loss', 0.004135606810450554),  ('CLS Classification Loss', 0.03934049606323242)
[INFO] 2022-09-10 07:50:48,768 [    train.py:  207]:	('Ner Acc', 0.9984601736068726),  ('CLS Classification Acc', 0.9862104058265686)
[INFO] 2022-09-10 07:50:51,052 [    train.py:  219]:	Evaluate:
[INFO] 2022-09-10 07:50:51,053 [    train.py:  226]:	Loss 0.2237, ('Ner Loss', 0.016611252),  ('CLS Classification Loss', 0.14065582)
[INFO] 2022-09-10 07:50:51,053 [    train.py:  227]:	('Ner Acc', 0.99714863), ('CLS Classification Acc', 0.96910024)
[INFO] 2022-09-10 07:51:04,900 [    train.py:  236]:	Precision 0.453 Recall 0.293 F1 0.356
[INFO] 2022-09-10 07:51:20,110 [    train.py:  184]:	Epoch 42: 
[INFO] 2022-09-10 07:51:20,110 [    train.py:  185]:	Train:
[INFO] 2022-09-10 07:51:20,118 [    train.py:  197]:	Loss 0.0565, ('Ner Loss', 0.0037955348379909992),  ('CLS Classification Loss', 0.03749482333660126)
[INFO] 2022-09-10 07:51:20,119 [    train.py:  207]:	('Ner Acc', 0.9985652565956116),  ('CLS Classification Acc', 0.9858878254890442)
[INFO] 2022-09-10 07:51:22,355 [    train.py:  219]:	Evaluate:
[INFO] 2022-09-10 07:51:22,356 [    train.py:  226]:	Loss 0.2006, ('Ner Loss', 0.015488166),  ('CLS Classification Loss', 0.12316438)
[INFO] 2022-09-10 07:51:22,356 [    train.py:  227]:	('Ner Acc', 0.997231), ('CLS Classification Acc', 0.97229826)
[INFO] 2022-09-10 07:51:36,630 [    train.py:  236]:	Precision 0.454 Recall 0.337 F1 0.387
[INFO] 2022-09-10 07:51:51,933 [    train.py:  184]:	Epoch 43: 
[INFO] 2022-09-10 07:51:51,934 [    train.py:  185]:	Train:
[INFO] 2022-09-10 07:51:51,937 [    train.py:  197]:	Loss 0.0533, ('Ner Loss', 0.003719263942912221),  ('CLS Classification Loss', 0.03472025319933891)
[INFO] 2022-09-10 07:51:51,937 [    train.py:  207]:	('Ner Acc', 0.9985377788543701),  ('CLS Classification Acc', 0.9875741004943848)
[INFO] 2022-09-10 07:51:54,248 [    train.py:  219]:	Evaluate:
[INFO] 2022-09-10 07:51:54,249 [    train.py:  226]:	Loss 0.2300, ('Ner Loss', 0.016721776),  ('CLS Classification Loss', 0.1463736)
[INFO] 2022-09-10 07:51:54,249 [    train.py:  227]:	('Ner Acc', 0.9972236), ('CLS Classification Acc', 0.9715522)
[INFO] 2022-09-10 07:52:07,884 [    train.py:  236]:	Precision 0.495 Recall 0.363 F1 0.419
[INFO] 2022-09-10 07:52:22,965 [    train.py:  184]:	Epoch 44: 
[INFO] 2022-09-10 07:52:22,966 [    train.py:  185]:	Train:
[INFO] 2022-09-10 07:52:22,971 [    train.py:  197]:	Loss 0.0494, ('Ner Loss', 0.00331460265442729),  ('CLS Classification Loss', 0.03284277394413948)
[INFO] 2022-09-10 07:52:22,972 [    train.py:  207]:	('Ner Acc', 0.9987367987632751),  ('CLS Classification Acc', 0.987797737121582)
[INFO] 2022-09-10 07:52:25,276 [    train.py:  219]:	Evaluate:
[INFO] 2022-09-10 07:52:25,276 [    train.py:  226]:	Loss 0.2506, ('Ner Loss', 0.019329537),  ('CLS Classification Loss', 0.15393695)
[INFO] 2022-09-10 07:52:25,277 [    train.py:  227]:	('Ner Acc', 0.99737406), ('CLS Classification Acc', 0.9709277)
[INFO] 2022-09-10 07:52:39,354 [    train.py:  236]:	Precision 0.506 Recall 0.293 F1 0.372
[INFO] 2022-09-10 07:52:54,574 [    train.py:  184]:	Epoch 45: 
[INFO] 2022-09-10 07:52:54,574 [    train.py:  185]:	Train:
[INFO] 2022-09-10 07:52:54,579 [    train.py:  197]:	Loss 0.0475, ('Ner Loss', 0.0033721455838531256),  ('CLS Classification Loss', 0.030662216246128082)
[INFO] 2022-09-10 07:52:54,579 [    train.py:  207]:	('Ner Acc', 0.9987157583236694),  ('CLS Classification Acc', 0.988864004611969)
[INFO] 2022-09-10 07:52:56,866 [    train.py:  219]:	Evaluate:
[INFO] 2022-09-10 07:52:56,866 [    train.py:  226]:	Loss 0.2213, ('Ner Loss', 0.01671589),  ('CLS Classification Loss', 0.13768812)
[INFO] 2022-09-10 07:52:56,866 [    train.py:  227]:	('Ner Acc', 0.9970884), ('CLS Classification Acc', 0.9703491)
[INFO] 2022-09-10 07:53:10,651 [    train.py:  236]:	Precision 0.440 Recall 0.396 F1 0.417
[INFO] 2022-09-10 07:53:25,834 [    train.py:  184]:	Epoch 46: 
[INFO] 2022-09-10 07:53:25,834 [    train.py:  185]:	Train:
[INFO] 2022-09-10 07:53:25,837 [    train.py:  197]:	Loss 0.0481, ('Ner Loss', 0.0034719412215054035),  ('CLS Classification Loss', 0.030766643583774567)
[INFO] 2022-09-10 07:53:25,838 [    train.py:  207]:	('Ner Acc', 0.9987115263938904),  ('CLS Classification Acc', 0.9881695508956909)
[INFO] 2022-09-10 07:53:28,065 [    train.py:  219]:	Evaluate:
[INFO] 2022-09-10 07:53:28,066 [    train.py:  226]:	Loss 0.2184, ('Ner Loss', 0.016771365),  ('CLS Classification Loss', 0.13451366)
[INFO] 2022-09-10 07:53:28,066 [    train.py:  227]:	('Ner Acc', 0.99682134), ('CLS Classification Acc', 0.9718414)
[INFO] 2022-09-10 07:53:42,101 [    train.py:  236]:	Precision 0.418 Recall 0.407 F1 0.413
[INFO] 2022-09-10 07:53:57,078 [    train.py:  184]:	Epoch 47: 
[INFO] 2022-09-10 07:53:57,079 [    train.py:  185]:	Train:
[INFO] 2022-09-10 07:53:57,081 [    train.py:  197]:	Loss 0.0390, ('Ner Loss', 0.002826408017426729),  ('CLS Classification Loss', 0.024821119382977486)
[INFO] 2022-09-10 07:53:57,081 [    train.py:  207]:	('Ner Acc', 0.9989191293716431),  ('CLS Classification Acc', 0.9908977150917053)
[INFO] 2022-09-10 07:53:59,339 [    train.py:  219]:	Evaluate:
[INFO] 2022-09-10 07:53:59,340 [    train.py:  226]:	Loss 0.2286, ('Ner Loss', 0.01778622),  ('CLS Classification Loss', 0.13966912)
[INFO] 2022-09-10 07:53:59,340 [    train.py:  227]:	('Ner Acc', 0.9971083), ('CLS Classification Acc', 0.9716282)
[INFO] 2022-09-10 07:54:13,062 [    train.py:  236]:	Precision 0.428 Recall 0.420 F1 0.424
[INFO] 2022-09-10 07:54:28,337 [    train.py:  184]:	Epoch 48: 
[INFO] 2022-09-10 07:54:28,337 [    train.py:  185]:	Train:
[INFO] 2022-09-10 07:54:28,341 [    train.py:  197]:	Loss 0.0356, ('Ner Loss', 0.002557832980528474),  ('CLS Classification Loss', 0.022808067500591278)
[INFO] 2022-09-10 07:54:28,341 [    train.py:  207]:	('Ner Acc', 0.9989156723022461),  ('CLS Classification Acc', 0.991592288017273)
[INFO] 2022-09-10 07:54:30,564 [    train.py:  219]:	Evaluate:
[INFO] 2022-09-10 07:54:30,565 [    train.py:  226]:	Loss 0.2440, ('Ner Loss', 0.018054713),  ('CLS Classification Loss', 0.1537001)
[INFO] 2022-09-10 07:54:30,565 [    train.py:  227]:	('Ner Acc', 0.9972759), ('CLS Classification Acc', 0.97249633)
[INFO] 2022-09-10 07:54:44,544 [    train.py:  236]:	Precision 0.509 Recall 0.387 F1 0.440
[INFO] 2022-09-10 07:54:59,820 [    train.py:  184]:	Epoch 49: 
[INFO] 2022-09-10 07:54:59,821 [    train.py:  185]:	Train:
[INFO] 2022-09-10 07:54:59,824 [    train.py:  197]:	Loss 0.0392, ('Ner Loss', 0.0028593118768185377),  ('CLS Classification Loss', 0.02489713951945305)
[INFO] 2022-09-10 07:54:59,824 [    train.py:  207]:	('Ner Acc', 0.9988491535186768),  ('CLS Classification Acc', 0.9906249046325684)
[INFO] 2022-09-10 07:55:02,091 [    train.py:  219]:	Evaluate:
[INFO] 2022-09-10 07:55:02,092 [    train.py:  226]:	Loss 0.2275, ('Ner Loss', 0.017423362),  ('CLS Classification Loss', 0.14042754)
[INFO] 2022-09-10 07:55:02,092 [    train.py:  227]:	('Ner Acc', 0.99715436), ('CLS Classification Acc', 0.97205466)
[INFO] 2022-09-10 07:55:16,086 [    train.py:  236]:	Precision 0.455 Recall 0.399 F1 0.425
[INFO] 2022-09-10 07:55:31,390 [    train.py:  184]:	Epoch 50: 
[INFO] 2022-09-10 07:55:31,390 [    train.py:  185]:	Train:
[INFO] 2022-09-10 07:55:31,393 [    train.py:  197]:	Loss 0.0354, ('Ner Loss', 0.002463384298607707),  ('CLS Classification Loss', 0.023057319223880768)
[INFO] 2022-09-10 07:55:31,393 [    train.py:  207]:	('Ner Acc', 0.9989933371543884),  ('CLS Classification Acc', 0.9912202954292297)
[INFO] 2022-09-10 07:55:33,962 [    train.py:  219]:	Evaluate:
[INFO] 2022-09-10 07:55:33,962 [    train.py:  226]:	Loss 0.2489, ('Ner Loss', 0.018554168),  ('CLS Classification Loss', 0.15611707)
[INFO] 2022-09-10 07:55:33,962 [    train.py:  227]:	('Ner Acc', 0.99732196), ('CLS Classification Acc', 0.97144556)
[INFO] 2022-09-10 07:55:47,736 [    train.py:  236]:	Precision 0.478 Recall 0.363 F1 0.413
[INFO] 2022-09-10 07:55:47,736 [    train.py:  256]:	Best Epoch 48; Best f1 0.43951612903225806 precision 0.5085536547433903 recall 0.38698224852071006;
