[INFO] 2022-09-26 19:24:50,934 [    train.py:  505]:	Namespace(block_att_head_num=1, cased=True, d_block=512, data_aug=2, dataset='res15', do_test=True, do_train=True, do_valid=True, drop_null_data=True, dropout_rate=0.2, epochs=100, extra_attention=True, fuse_strategy='update', init_model_dir='', language='en', loss_ratio=1.0, lr=2e-05, mask_sb=True, model_type='end_to_end', output_dir='./output', save_dir='', task_name='ttee_res15_100epoch_512d_2aug_2e-5lr_cased_0.2dropout_dropnull_1loss', test_batch_size=32, train_batch_size=16, valid_freq=1)
[INFO] 2022-09-26 19:25:03,882 [    train.py:  118]:	{'init_bert_model': 'bert-base-cased', 'sentence_b': DictWrapper({'texts': ListWrapper(['general of ambience', 'price of drinks', 'quality of drinks', 'style options of drinks', 'prices of food', 'quality of food', 'style options of food', 'general of location', 'general of restaurant', 'miscellaneous of restaurant', 'prices of restaurant', 'general of service']), 'sentiments': ListWrapper(['negative', 'neutral', 'positive'])}), 'num_sentiment_classes': 3, 'subblock_hidden_size': 512, 'subblock_head_num': 1, 'cache_dir': 'bert_models/bert-base-cased', 'fuse_strategy': 'update', 'extra_attention': True, 'dropout': 0.2, 'loss_ratio': 1.0}
[INFO] 2022-09-26 19:25:03,882 [    train.py:  120]:	Number of Train Sentence: 1120
[INFO] 2022-09-26 19:25:03,891 [    train.py:  522]:	Data augment: Merge 2 train data together
[INFO] 2022-09-26 19:26:29,828 [    train.py:  184]:	Epoch 1: 
[INFO] 2022-09-26 19:26:29,828 [    train.py:  185]:	Train:
[INFO] 2022-09-26 19:26:29,833 [    train.py:  197]:	Loss 0.3156, ('Ner Loss', 0.08352848142385483),  ('CLS Classification Loss', 0.23207035660743713)
[INFO] 2022-09-26 19:26:29,833 [    train.py:  207]:	('Ner Acc', 0.9781485199928284),  ('CLS Classification Acc', 0.9255334138870239)
[INFO] 2022-09-26 19:26:35,797 [    train.py:  219]:	Evaluate:
[INFO] 2022-09-26 19:26:35,798 [    train.py:  226]:	Loss 0.1650, ('Ner Loss', 0.027041875),  ('CLS Classification Loss', 0.13791497)
[INFO] 2022-09-26 19:26:35,798 [    train.py:  227]:	('Ner Acc', 0.99689984), ('CLS Classification Acc', 0.962567)
[INFO] 2022-09-26 19:26:52,241 [    train.py:  236]:	Precision 0.000 Recall 0.000 F1 0.000
[INFO] 2022-09-26 19:27:45,998 [    train.py:  184]:	Epoch 2: 
[INFO] 2022-09-26 19:27:45,998 [    train.py:  185]:	Train:
[INFO] 2022-09-26 19:27:46,003 [    train.py:  197]:	Loss 0.2085, ('Ner Loss', 0.030321529135107994),  ('CLS Classification Loss', 0.1782083958387375)
[INFO] 2022-09-26 19:27:46,004 [    train.py:  207]:	('Ner Acc', 0.9961759448051453),  ('CLS Classification Acc', 0.9370660781860352)
[INFO] 2022-09-26 19:27:49,136 [    train.py:  219]:	Evaluate:
[INFO] 2022-09-26 19:27:49,137 [    train.py:  226]:	Loss 0.1730, ('Ner Loss', 0.023089245),  ('CLS Classification Loss', 0.1499489)
[INFO] 2022-09-26 19:27:49,137 [    train.py:  227]:	('Ner Acc', 0.9968597), ('CLS Classification Acc', 0.9628868)
[INFO] 2022-09-26 19:28:02,775 [    train.py:  236]:	Precision 0.095 Recall 0.002 F1 0.005
[INFO] 2022-09-26 19:28:56,384 [    train.py:  184]:	Epoch 3: 
[INFO] 2022-09-26 19:28:56,385 [    train.py:  185]:	Train:
[INFO] 2022-09-26 19:28:56,390 [    train.py:  197]:	Loss 0.1972, ('Ner Loss', 0.02689114212989807),  ('CLS Classification Loss', 0.17028401792049408)
[INFO] 2022-09-26 19:28:56,390 [    train.py:  207]:	('Ner Acc', 0.9961152076721191),  ('CLS Classification Acc', 0.940290093421936)
[INFO] 2022-09-26 19:28:59,428 [    train.py:  219]:	Evaluate:
[INFO] 2022-09-26 19:28:59,429 [    train.py:  226]:	Loss 0.1502, ('Ner Loss', 0.020257091),  ('CLS Classification Loss', 0.12996544)
[INFO] 2022-09-26 19:28:59,429 [    train.py:  227]:	('Ner Acc', 0.99689984), ('CLS Classification Acc', 0.96352637)
[INFO] 2022-09-26 19:29:12,768 [    train.py:  236]:	Precision 0.184 Recall 0.011 F1 0.020
[INFO] 2022-09-26 19:30:07,628 [    train.py:  184]:	Epoch 4: 
[INFO] 2022-09-26 19:30:07,629 [    train.py:  185]:	Train:
[INFO] 2022-09-26 19:30:07,634 [    train.py:  197]:	Loss 0.1903, ('Ner Loss', 0.024646805599331856),  ('CLS Classification Loss', 0.16562031209468842)
[INFO] 2022-09-26 19:30:07,634 [    train.py:  207]:	('Ner Acc', 0.9960188865661621),  ('CLS Classification Acc', 0.9413442611694336)
[INFO] 2022-09-26 19:30:10,642 [    train.py:  219]:	Evaluate:
[INFO] 2022-09-26 19:30:10,643 [    train.py:  226]:	Loss 0.1526, ('Ner Loss', 0.019389972),  ('CLS Classification Loss', 0.13322103)
[INFO] 2022-09-26 19:30:10,643 [    train.py:  227]:	('Ner Acc', 0.99689984), ('CLS Classification Acc', 0.96302384)
[INFO] 2022-09-26 19:30:24,654 [    train.py:  236]:	Precision 0.222 Recall 0.005 F1 0.009
[INFO] 2022-09-26 19:31:19,262 [    train.py:  184]:	Epoch 5: 
[INFO] 2022-09-26 19:31:19,263 [    train.py:  185]:	Train:
[INFO] 2022-09-26 19:31:19,269 [    train.py:  197]:	Loss 0.1748, ('Ner Loss', 0.022116035223007202),  ('CLS Classification Loss', 0.15265211462974548)
[INFO] 2022-09-26 19:31:19,269 [    train.py:  207]:	('Ner Acc', 0.9960227012634277),  ('CLS Classification Acc', 0.9457836747169495)
[INFO] 2022-09-26 19:31:22,274 [    train.py:  219]:	Evaluate:
[INFO] 2022-09-26 19:31:22,274 [    train.py:  226]:	Loss 0.1483, ('Ner Loss', 0.018406365),  ('CLS Classification Loss', 0.12991963)
[INFO] 2022-09-26 19:31:22,275 [    train.py:  227]:	('Ner Acc', 0.99689984), ('CLS Classification Acc', 0.96398336)
[INFO] 2022-09-26 19:31:36,357 [    train.py:  236]:	Precision 0.118 Recall 0.007 F1 0.013
[INFO] 2022-09-26 19:32:30,571 [    train.py:  184]:	Epoch 6: 
[INFO] 2022-09-26 19:32:30,572 [    train.py:  185]:	Train:
[INFO] 2022-09-26 19:32:30,577 [    train.py:  197]:	Loss 0.1611, ('Ner Loss', 0.02067527174949646),  ('CLS Classification Loss', 0.14040960371494293)
[INFO] 2022-09-26 19:32:30,577 [    train.py:  207]:	('Ner Acc', 0.9960407614707947),  ('CLS Classification Acc', 0.948623776435852)
[INFO] 2022-09-26 19:32:33,553 [    train.py:  219]:	Evaluate:
[INFO] 2022-09-26 19:32:33,553 [    train.py:  226]:	Loss 0.1266, ('Ner Loss', 0.01609266),  ('CLS Classification Loss', 0.110520124)
[INFO] 2022-09-26 19:32:33,554 [    train.py:  227]:	('Ner Acc', 0.99689984), ('CLS Classification Acc', 0.96585643)
[INFO] 2022-09-26 19:32:47,225 [    train.py:  236]:	Precision 0.110 Recall 0.013 F1 0.023
[INFO] 2022-09-26 19:33:41,967 [    train.py:  184]:	Epoch 7: 
[INFO] 2022-09-26 19:33:41,968 [    train.py:  185]:	Train:
[INFO] 2022-09-26 19:33:41,973 [    train.py:  197]:	Loss 0.1490, ('Ner Loss', 0.018236150965094566),  ('CLS Classification Loss', 0.1307685524225235)
[INFO] 2022-09-26 19:33:41,974 [    train.py:  207]:	('Ner Acc', 0.9960563778877258),  ('CLS Classification Acc', 0.9507566094398499)
[INFO] 2022-09-26 19:33:44,890 [    train.py:  219]:	Evaluate:
[INFO] 2022-09-26 19:33:44,890 [    train.py:  226]:	Loss 0.1225, ('Ner Loss', 0.015210876),  ('CLS Classification Loss', 0.107254416)
[INFO] 2022-09-26 19:33:44,890 [    train.py:  227]:	('Ner Acc', 0.99690896), ('CLS Classification Acc', 0.966953)
[INFO] 2022-09-26 19:33:58,429 [    train.py:  236]:	Precision 0.211 Recall 0.078 F1 0.114
[INFO] 2022-09-26 19:34:52,512 [    train.py:  184]:	Epoch 8: 
[INFO] 2022-09-26 19:34:52,513 [    train.py:  185]:	Train:
[INFO] 2022-09-26 19:34:52,516 [    train.py:  197]:	Loss 0.1350, ('Ner Loss', 0.016092458739876747),  ('CLS Classification Loss', 0.1188918799161911)
[INFO] 2022-09-26 19:34:52,516 [    train.py:  207]:	('Ner Acc', 0.9961997866630554),  ('CLS Classification Acc', 0.9528646469116211)
[INFO] 2022-09-26 19:34:55,488 [    train.py:  219]:	Evaluate:
[INFO] 2022-09-26 19:34:55,489 [    train.py:  226]:	Loss 0.1197, ('Ner Loss', 0.013965983),  ('CLS Classification Loss', 0.105721086)
[INFO] 2022-09-26 19:34:55,489 [    train.py:  227]:	('Ner Acc', 0.9972246), ('CLS Classification Acc', 0.9677297)
[INFO] 2022-09-26 19:35:08,912 [    train.py:  236]:	Precision 0.302 Recall 0.105 F1 0.156
[INFO] 2022-09-26 19:36:03,471 [    train.py:  184]:	Epoch 9: 
[INFO] 2022-09-26 19:36:03,472 [    train.py:  185]:	Train:
[INFO] 2022-09-26 19:36:03,479 [    train.py:  197]:	Loss 0.1249, ('Ner Loss', 0.01468855980783701),  ('CLS Classification Loss', 0.11017163097858429)
[INFO] 2022-09-26 19:36:03,480 [    train.py:  207]:	('Ner Acc', 0.9963976144790649),  ('CLS Classification Acc', 0.955902636051178)
[INFO] 2022-09-26 19:36:06,460 [    train.py:  219]:	Evaluate:
[INFO] 2022-09-26 19:36:06,460 [    train.py:  226]:	Loss 0.1243, ('Ner Loss', 0.0132871885),  ('CLS Classification Loss', 0.11104619)
[INFO] 2022-09-26 19:36:06,460 [    train.py:  227]:	('Ner Acc', 0.9971604), ('CLS Classification Acc', 0.96759254)
[INFO] 2022-09-26 19:36:20,104 [    train.py:  236]:	Precision 0.292 Recall 0.102 F1 0.151
[INFO] 2022-09-26 19:37:14,674 [    train.py:  184]:	Epoch 10: 
[INFO] 2022-09-26 19:37:14,674 [    train.py:  185]:	Train:
[INFO] 2022-09-26 19:37:14,677 [    train.py:  197]:	Loss 0.1108, ('Ner Loss', 0.013351713307201862),  ('CLS Classification Loss', 0.09742367267608643)
[INFO] 2022-09-26 19:37:14,677 [    train.py:  207]:	('Ner Acc', 0.9964939951896667),  ('CLS Classification Acc', 0.9610117077827454)
[INFO] 2022-09-26 19:37:17,647 [    train.py:  219]:	Evaluate:
[INFO] 2022-09-26 19:37:17,648 [    train.py:  226]:	Loss 0.1098, ('Ner Loss', 0.012294484),  ('CLS Classification Loss', 0.09755318)
[INFO] 2022-09-26 19:37:17,648 [    train.py:  227]:	('Ner Acc', 0.9973027), ('CLS Classification Acc', 0.9720699)
[INFO] 2022-09-26 19:37:31,580 [    train.py:  236]:	Precision 0.333 Recall 0.186 F1 0.238
[INFO] 2022-09-26 19:38:26,363 [    train.py:  184]:	Epoch 11: 
[INFO] 2022-09-26 19:38:26,363 [    train.py:  185]:	Train:
[INFO] 2022-09-26 19:38:26,366 [    train.py:  197]:	Loss 0.0958, ('Ner Loss', 0.011934604495763779),  ('CLS Classification Loss', 0.08386669307947159)
[INFO] 2022-09-26 19:38:26,366 [    train.py:  207]:	('Ner Acc', 0.9966956973075867),  ('CLS Classification Acc', 0.9656498432159424)
[INFO] 2022-09-26 19:38:29,366 [    train.py:  219]:	Evaluate:
[INFO] 2022-09-26 19:38:29,366 [    train.py:  226]:	Loss 0.1064, ('Ner Loss', 0.012481443),  ('CLS Classification Loss', 0.09393364)
[INFO] 2022-09-26 19:38:29,366 [    train.py:  227]:	('Ner Acc', 0.99718225), ('CLS Classification Acc', 0.97380596)
[INFO] 2022-09-26 19:38:43,265 [    train.py:  236]:	Precision 0.353 Recall 0.260 F1 0.300
[INFO] 2022-09-26 19:39:36,727 [    train.py:  184]:	Epoch 12: 
[INFO] 2022-09-26 19:39:36,728 [    train.py:  185]:	Train:
[INFO] 2022-09-26 19:39:36,735 [    train.py:  197]:	Loss 0.0844, ('Ner Loss', 0.010734748095273972),  ('CLS Classification Loss', 0.07371318340301514)
[INFO] 2022-09-26 19:39:36,735 [    train.py:  207]:	('Ner Acc', 0.9968907833099365),  ('CLS Classification Acc', 0.9698289036750793)
[INFO] 2022-09-26 19:39:39,639 [    train.py:  219]:	Evaluate:
[INFO] 2022-09-26 19:39:39,639 [    train.py:  226]:	Loss 0.1250, ('Ner Loss', 0.011981116),  ('CLS Classification Loss', 0.113008976)
[INFO] 2022-09-26 19:39:39,639 [    train.py:  227]:	('Ner Acc', 0.99733603), ('CLS Classification Acc', 0.97374517)
[INFO] 2022-09-26 19:39:53,638 [    train.py:  236]:	Precision 0.378 Recall 0.250 F1 0.301
[INFO] 2022-09-26 19:40:46,974 [    train.py:  184]:	Epoch 13: 
[INFO] 2022-09-26 19:40:46,974 [    train.py:  185]:	Train:
[INFO] 2022-09-26 19:40:46,978 [    train.py:  197]:	Loss 0.0754, ('Ner Loss', 0.0098080113530159),  ('CLS Classification Loss', 0.06555819511413574)
[INFO] 2022-09-26 19:40:46,978 [    train.py:  207]:	('Ner Acc', 0.9970657229423523),  ('CLS Classification Acc', 0.9734997153282166)
[INFO] 2022-09-26 19:40:49,926 [    train.py:  219]:	Evaluate:
[INFO] 2022-09-26 19:40:49,927 [    train.py:  226]:	Loss 0.1218, ('Ner Loss', 0.012592857),  ('CLS Classification Loss', 0.10917847)
[INFO] 2022-09-26 19:40:49,927 [    train.py:  227]:	('Ner Acc', 0.9971423), ('CLS Classification Acc', 0.9729532)
[INFO] 2022-09-26 19:41:03,490 [    train.py:  236]:	Precision 0.382 Recall 0.341 F1 0.360
[INFO] 2022-09-26 19:41:57,941 [    train.py:  184]:	Epoch 14: 
[INFO] 2022-09-26 19:41:57,941 [    train.py:  185]:	Train:
[INFO] 2022-09-26 19:41:57,945 [    train.py:  197]:	Loss 0.0673, ('Ner Loss', 0.008781368844211102),  ('CLS Classification Loss', 0.05852513387799263)
[INFO] 2022-09-26 19:41:57,946 [    train.py:  207]:	('Ner Acc', 0.9972468614578247),  ('CLS Classification Acc', 0.9765376448631287)
[INFO] 2022-09-26 19:42:01,034 [    train.py:  219]:	Evaluate:
[INFO] 2022-09-26 19:42:01,034 [    train.py:  226]:	Loss 0.1291, ('Ner Loss', 0.01194445),  ('CLS Classification Loss', 0.11711054)
[INFO] 2022-09-26 19:42:01,034 [    train.py:  227]:	('Ner Acc', 0.997347), ('CLS Classification Acc', 0.97374517)
[INFO] 2022-09-26 19:42:14,727 [    train.py:  236]:	Precision 0.421 Recall 0.324 F1 0.366
[INFO] 2022-09-26 19:43:09,335 [    train.py:  184]:	Epoch 15: 
[INFO] 2022-09-26 19:43:09,335 [    train.py:  185]:	Train:
[INFO] 2022-09-26 19:43:09,340 [    train.py:  197]:	Loss 0.0582, ('Ner Loss', 0.007764635141938925),  ('CLS Classification Loss', 0.050444625318050385)
[INFO] 2022-09-26 19:43:09,340 [    train.py:  207]:	('Ner Acc', 0.9975706934928894),  ('CLS Classification Acc', 0.9794391989707947)
[INFO] 2022-09-26 19:43:12,300 [    train.py:  219]:	Evaluate:
[INFO] 2022-09-26 19:43:12,301 [    train.py:  226]:	Loss 0.1201, ('Ner Loss', 0.011546162),  ('CLS Classification Loss', 0.10857941)
[INFO] 2022-09-26 19:43:12,301 [    train.py:  227]:	('Ner Acc', 0.9974899), ('CLS Classification Acc', 0.9746436)
[INFO] 2022-09-26 19:43:26,095 [    train.py:  236]:	Precision 0.455 Recall 0.329 F1 0.382
[INFO] 2022-09-26 19:44:19,627 [    train.py:  184]:	Epoch 16: 
[INFO] 2022-09-26 19:44:19,628 [    train.py:  185]:	Train:
[INFO] 2022-09-26 19:44:19,632 [    train.py:  197]:	Loss 0.0536, ('Ner Loss', 0.007240368518978357),  ('CLS Classification Loss', 0.04632667452096939)
[INFO] 2022-09-26 19:44:19,633 [    train.py:  207]:	('Ner Acc', 0.9976673722267151),  ('CLS Classification Acc', 0.980915367603302)
[INFO] 2022-09-26 19:44:22,672 [    train.py:  219]:	Evaluate:
[INFO] 2022-09-26 19:44:22,672 [    train.py:  226]:	Loss 0.1440, ('Ner Loss', 0.013628797),  ('CLS Classification Loss', 0.13034475)
[INFO] 2022-09-26 19:44:22,672 [    train.py:  227]:	('Ner Acc', 0.99739367), ('CLS Classification Acc', 0.9723897)
[INFO] 2022-09-26 19:44:36,345 [    train.py:  236]:	Precision 0.434 Recall 0.368 F1 0.398
[INFO] 2022-09-26 19:45:30,531 [    train.py:  184]:	Epoch 17: 
[INFO] 2022-09-26 19:45:30,531 [    train.py:  185]:	Train:
[INFO] 2022-09-26 19:45:30,536 [    train.py:  197]:	Loss 0.0487, ('Ner Loss', 0.006386349443346262),  ('CLS Classification Loss', 0.042284078896045685)
[INFO] 2022-09-26 19:45:30,537 [    train.py:  207]:	('Ner Acc', 0.9978880882263184),  ('CLS Classification Acc', 0.9833208322525024)
[INFO] 2022-09-26 19:45:33,434 [    train.py:  219]:	Evaluate:
[INFO] 2022-09-26 19:45:33,435 [    train.py:  226]:	Loss 0.1466, ('Ner Loss', 0.013162572),  ('CLS Classification Loss', 0.13339974)
[INFO] 2022-09-26 19:45:33,435 [    train.py:  227]:	('Ner Acc', 0.9975152), ('CLS Classification Acc', 0.9713845)
[INFO] 2022-09-26 19:45:47,103 [    train.py:  236]:	Precision 0.391 Recall 0.405 F1 0.398
[INFO] 2022-09-26 19:46:41,281 [    train.py:  184]:	Epoch 18: 
[INFO] 2022-09-26 19:46:41,281 [    train.py:  185]:	Train:
[INFO] 2022-09-26 19:46:41,285 [    train.py:  197]:	Loss 0.0425, ('Ner Loss', 0.005715685430914164),  ('CLS Classification Loss', 0.036793053150177)
[INFO] 2022-09-26 19:46:41,285 [    train.py:  207]:	('Ner Acc', 0.998030424118042),  ('CLS Classification Acc', 0.9854537844657898)
[INFO] 2022-09-26 19:46:44,341 [    train.py:  219]:	Evaluate:
[INFO] 2022-09-26 19:46:44,342 [    train.py:  226]:	Loss 0.1447, ('Ner Loss', 0.012569374),  ('CLS Classification Loss', 0.13209537)
[INFO] 2022-09-26 19:46:44,342 [    train.py:  227]:	('Ner Acc', 0.9974883), ('CLS Classification Acc', 0.97488725)
[INFO] 2022-09-26 19:46:57,757 [    train.py:  236]:	Precision 0.442 Recall 0.391 F1 0.415
[INFO] 2022-09-26 19:47:51,865 [    train.py:  184]:	Epoch 19: 
[INFO] 2022-09-26 19:47:51,865 [    train.py:  185]:	Train:
[INFO] 2022-09-26 19:47:51,868 [    train.py:  197]:	Loss 0.0386, ('Ner Loss', 0.005437738262116909),  ('CLS Classification Loss', 0.03319444879889488)
[INFO] 2022-09-26 19:47:51,868 [    train.py:  207]:	('Ner Acc', 0.9981176257133484),  ('CLS Classification Acc', 0.9869788289070129)
[INFO] 2022-09-26 19:47:54,676 [    train.py:  219]:	Evaluate:
[INFO] 2022-09-26 19:47:54,677 [    train.py:  226]:	Loss 0.1547, ('Ner Loss', 0.013015124),  ('CLS Classification Loss', 0.14170952)
[INFO] 2022-09-26 19:47:54,677 [    train.py:  227]:	('Ner Acc', 0.99754065), ('CLS Classification Acc', 0.97327304)
[INFO] 2022-09-26 19:48:08,033 [    train.py:  236]:	Precision 0.435 Recall 0.419 F1 0.427
[INFO] 2022-09-26 19:49:01,985 [    train.py:  184]:	Epoch 20: 
[INFO] 2022-09-26 19:49:01,986 [    train.py:  185]:	Train:
[INFO] 2022-09-26 19:49:01,992 [    train.py:  197]:	Loss 0.0363, ('Ner Loss', 0.004901800770312548),  ('CLS Classification Loss', 0.0314347967505455)
[INFO] 2022-09-26 19:49:01,993 [    train.py:  207]:	('Ner Acc', 0.9982613921165466),  ('CLS Classification Acc', 0.9880330562591553)
[INFO] 2022-09-26 19:49:04,873 [    train.py:  219]:	Evaluate:
[INFO] 2022-09-26 19:49:04,874 [    train.py:  226]:	Loss 0.1496, ('Ner Loss', 0.013697328),  ('CLS Classification Loss', 0.13587308)
[INFO] 2022-09-26 19:49:04,874 [    train.py:  227]:	('Ner Acc', 0.99749464), ('CLS Classification Acc', 0.97429335)
[INFO] 2022-09-26 19:49:18,537 [    train.py:  236]:	Precision 0.456 Recall 0.424 F1 0.439
[INFO] 2022-09-26 19:50:13,637 [    train.py:  184]:	Epoch 21: 
[INFO] 2022-09-26 19:50:13,637 [    train.py:  185]:	Train:
[INFO] 2022-09-26 19:50:13,640 [    train.py:  197]:	Loss 0.0317, ('Ner Loss', 0.004359605722129345),  ('CLS Classification Loss', 0.027357766404747963)
[INFO] 2022-09-26 19:50:13,640 [    train.py:  207]:	('Ner Acc', 0.9984341263771057),  ('CLS Classification Acc', 0.9893723726272583)
[INFO] 2022-09-26 19:50:16,736 [    train.py:  219]:	Evaluate:
[INFO] 2022-09-26 19:50:16,736 [    train.py:  226]:	Loss 0.1745, ('Ner Loss', 0.014847313),  ('CLS Classification Loss', 0.15961689)
[INFO] 2022-09-26 19:50:16,737 [    train.py:  227]:	('Ner Acc', 0.9973444), ('CLS Classification Acc', 0.9708212)
[INFO] 2022-09-26 19:50:30,455 [    train.py:  236]:	Precision 0.388 Recall 0.407 F1 0.397
[INFO] 2022-09-26 19:51:24,823 [    train.py:  184]:	Epoch 22: 
[INFO] 2022-09-26 19:51:24,824 [    train.py:  185]:	Train:
[INFO] 2022-09-26 19:51:24,828 [    train.py:  197]:	Loss 0.0294, ('Ner Loss', 0.004030166659504175),  ('CLS Classification Loss', 0.025322023779153824)
[INFO] 2022-09-26 19:51:24,828 [    train.py:  207]:	('Ner Acc', 0.9985018968582153),  ('CLS Classification Acc', 0.9902278184890747)
[INFO] 2022-09-26 19:51:27,765 [    train.py:  219]:	Evaluate:
[INFO] 2022-09-26 19:51:27,766 [    train.py:  226]:	Loss 0.1740, ('Ner Loss', 0.015676714),  ('CLS Classification Loss', 0.15833183)
[INFO] 2022-09-26 19:51:27,766 [    train.py:  227]:	('Ner Acc', 0.9975052), ('CLS Classification Acc', 0.97366893)
[INFO] 2022-09-26 19:51:42,594 [    train.py:  236]:	Precision 0.444 Recall 0.419 F1 0.431
[INFO] 2022-09-26 19:52:37,101 [    train.py:  184]:	Epoch 23: 
[INFO] 2022-09-26 19:52:37,101 [    train.py:  185]:	Train:
[INFO] 2022-09-26 19:52:37,105 [    train.py:  197]:	Loss 0.0265, ('Ner Loss', 0.003719741478562355),  ('CLS Classification Loss', 0.02280324138700962)
[INFO] 2022-09-26 19:52:37,105 [    train.py:  207]:	('Ner Acc', 0.9986410737037659),  ('CLS Classification Acc', 0.9911209344863892)
[INFO] 2022-09-26 19:52:40,029 [    train.py:  219]:	Evaluate:
[INFO] 2022-09-26 19:52:40,030 [    train.py:  226]:	Loss 0.1642, ('Ner Loss', 0.015948657),  ('CLS Classification Loss', 0.14827879)
[INFO] 2022-09-26 19:52:40,030 [    train.py:  227]:	('Ner Acc', 0.9975874), ('CLS Classification Acc', 0.9752985)
[INFO] 2022-09-26 19:52:53,403 [    train.py:  236]:	Precision 0.466 Recall 0.417 F1 0.440
[INFO] 2022-09-26 19:53:36,973 [    train.py:  184]:	Epoch 24: 
[INFO] 2022-09-26 19:53:36,974 [    train.py:  185]:	Train:
[INFO] 2022-09-26 19:53:36,978 [    train.py:  197]:	Loss 0.0234, ('Ner Loss', 0.0033020824193954468),  ('CLS Classification Loss', 0.020094027742743492)
[INFO] 2022-09-26 19:53:36,978 [    train.py:  207]:	('Ner Acc', 0.9987998008728027),  ('CLS Classification Acc', 0.9923731088638306)
[INFO] 2022-09-26 19:53:39,271 [    train.py:  219]:	Evaluate:
[INFO] 2022-09-26 19:53:39,271 [    train.py:  226]:	Loss 0.1666, ('Ner Loss', 0.016258847),  ('CLS Classification Loss', 0.15030947)
[INFO] 2022-09-26 19:53:39,271 [    train.py:  227]:	('Ner Acc', 0.9974726), ('CLS Classification Acc', 0.9726335)
[INFO] 2022-09-26 19:53:54,630 [    train.py:  236]:	Precision 0.442 Recall 0.434 F1 0.438
[INFO] 2022-09-26 19:54:38,152 [    train.py:  184]:	Epoch 25: 
[INFO] 2022-09-26 19:54:38,153 [    train.py:  185]:	Train:
[INFO] 2022-09-26 19:54:38,158 [    train.py:  197]:	Loss 0.0208, ('Ner Loss', 0.0030709803104400635),  ('CLS Classification Loss', 0.017759032547473907)
[INFO] 2022-09-26 19:54:38,158 [    train.py:  207]:	('Ner Acc', 0.9988542795181274),  ('CLS Classification Acc', 0.9934646487236023)
[INFO] 2022-09-26 19:54:40,413 [    train.py:  219]:	Evaluate:
[INFO] 2022-09-26 19:54:40,414 [    train.py:  226]:	Loss 0.1770, ('Ner Loss', 0.015584506),  ('CLS Classification Loss', 0.16137284)
[INFO] 2022-09-26 19:54:40,414 [    train.py:  227]:	('Ner Acc', 0.9974563), ('CLS Classification Acc', 0.97395825)
[INFO] 2022-09-26 19:54:55,623 [    train.py:  236]:	Precision 0.438 Recall 0.426 F1 0.432
[INFO] 2022-09-26 19:55:38,966 [    train.py:  184]:	Epoch 26: 
[INFO] 2022-09-26 19:55:38,967 [    train.py:  185]:	Train:
[INFO] 2022-09-26 19:55:38,973 [    train.py:  197]:	Loss 0.0175, ('Ner Loss', 0.002915620571002364),  ('CLS Classification Loss', 0.014593654312193394)
[INFO] 2022-09-26 19:55:38,973 [    train.py:  207]:	('Ner Acc', 0.9989054799079895),  ('CLS Classification Acc', 0.9944440722465515)
[INFO] 2022-09-26 19:55:41,287 [    train.py:  219]:	Evaluate:
[INFO] 2022-09-26 19:55:41,287 [    train.py:  226]:	Loss 0.1641, ('Ner Loss', 0.017289469),  ('CLS Classification Loss', 0.14678586)
[INFO] 2022-09-26 19:55:41,287 [    train.py:  227]:	('Ner Acc', 0.99757206), ('CLS Classification Acc', 0.9758315)
[INFO] 2022-09-26 19:55:56,220 [    train.py:  236]:	Precision 0.471 Recall 0.422 F1 0.445
[INFO] 2022-09-26 19:56:39,688 [    train.py:  184]:	Epoch 27: 
[INFO] 2022-09-26 19:56:39,689 [    train.py:  185]:	Train:
[INFO] 2022-09-26 19:56:39,692 [    train.py:  197]:	Loss 0.0172, ('Ner Loss', 0.002595239318907261),  ('CLS Classification Loss', 0.014556501992046833)
[INFO] 2022-09-26 19:56:39,692 [    train.py:  207]:	('Ner Acc', 0.9990180134773254),  ('CLS Classification Acc', 0.9946302175521851)
[INFO] 2022-09-26 19:56:42,182 [    train.py:  219]:	Evaluate:
[INFO] 2022-09-26 19:56:42,182 [    train.py:  226]:	Loss 0.1970, ('Ner Loss', 0.018364385),  ('CLS Classification Loss', 0.1785952)
[INFO] 2022-09-26 19:56:42,182 [    train.py:  227]:	('Ner Acc', 0.9975064), ('CLS Classification Acc', 0.9737757)
[INFO] 2022-09-26 19:56:57,443 [    train.py:  236]:	Precision 0.471 Recall 0.379 F1 0.420
[INFO] 2022-09-26 19:57:40,875 [    train.py:  184]:	Epoch 28: 
[INFO] 2022-09-26 19:57:40,876 [    train.py:  185]:	Train:
[INFO] 2022-09-26 19:57:40,881 [    train.py:  197]:	Loss 0.0149, ('Ner Loss', 0.0023869196884334087),  ('CLS Classification Loss', 0.012510595843195915)
[INFO] 2022-09-26 19:57:40,881 [    train.py:  207]:	('Ner Acc', 0.9991248846054077),  ('CLS Classification Acc', 0.9953493475914001)
[INFO] 2022-09-26 19:57:43,169 [    train.py:  219]:	Evaluate:
[INFO] 2022-09-26 19:57:43,170 [    train.py:  226]:	Loss 0.1812, ('Ner Loss', 0.01937471),  ('CLS Classification Loss', 0.16181426)
[INFO] 2022-09-26 19:57:43,170 [    train.py:  227]:	('Ner Acc', 0.9977118), ('CLS Classification Acc', 0.9752985)
[INFO] 2022-09-26 19:57:58,584 [    train.py:  236]:	Precision 0.490 Recall 0.391 F1 0.435
[INFO] 2022-09-26 19:59:20,507 [    train.py:  184]:	Epoch 29: 
[INFO] 2022-09-26 19:59:20,508 [    train.py:  185]:	Train:
[INFO] 2022-09-26 19:59:20,516 [    train.py:  197]:	Loss 0.0136, ('Ner Loss', 0.0022089993581175804),  ('CLS Classification Loss', 0.011425609700381756)
[INFO] 2022-09-26 19:59:20,516 [    train.py:  207]:	('Ner Acc', 0.9991977214813232),  ('CLS Classification Acc', 0.9957833290100098)
[INFO] 2022-09-26 19:59:22,855 [    train.py:  219]:	Evaluate:
[INFO] 2022-09-26 19:59:22,856 [    train.py:  226]:	Loss 0.1781, ('Ner Loss', 0.017618394),  ('CLS Classification Loss', 0.16052239)
[INFO] 2022-09-26 19:59:22,857 [    train.py:  227]:	('Ner Acc', 0.9975279), ('CLS Classification Acc', 0.9741258)
[INFO] 2022-09-26 19:59:38,660 [    train.py:  236]:	Precision 0.460 Recall 0.453 F1 0.456
[INFO] 2022-09-26 20:00:23,805 [    train.py:  184]:	Epoch 30: 
[INFO] 2022-09-26 20:00:23,805 [    train.py:  185]:	Train:
[INFO] 2022-09-26 20:00:23,809 [    train.py:  197]:	Loss 0.0117, ('Ner Loss', 0.0018903661984950304),  ('CLS Classification Loss', 0.009785867296159267)
[INFO] 2022-09-26 20:00:23,810 [    train.py:  207]:	('Ner Acc', 0.9993124008178711),  ('CLS Classification Acc', 0.9963415861129761)
[INFO] 2022-09-26 20:00:26,875 [    train.py:  219]:	Evaluate:
[INFO] 2022-09-26 20:00:26,876 [    train.py:  226]:	Loss 0.2084, ('Ner Loss', 0.020570451),  ('CLS Classification Loss', 0.1878566)
[INFO] 2022-09-26 20:00:26,876 [    train.py:  227]:	('Ner Acc', 0.9976682), ('CLS Classification Acc', 0.97363865)
[INFO] 2022-09-26 20:00:40,553 [    train.py:  236]:	Precision 0.469 Recall 0.430 F1 0.448
[INFO] 2022-09-26 20:01:35,656 [    train.py:  184]:	Epoch 31: 
[INFO] 2022-09-26 20:01:35,656 [    train.py:  185]:	Train:
[INFO] 2022-09-26 20:01:35,661 [    train.py:  197]:	Loss 0.0133, ('Ner Loss', 0.0017790708225220442),  ('CLS Classification Loss', 0.011550500988960266)
[INFO] 2022-09-26 20:01:35,661 [    train.py:  207]:	('Ner Acc', 0.9993472695350647),  ('CLS Classification Acc', 0.9958080649375916)
[INFO] 2022-09-26 20:01:38,777 [    train.py:  219]:	Evaluate:
[INFO] 2022-09-26 20:01:38,778 [    train.py:  226]:	Loss 0.1900, ('Ner Loss', 0.020433683),  ('CLS Classification Loss', 0.16954218)
[INFO] 2022-09-26 20:01:38,778 [    train.py:  227]:	('Ner Acc', 0.9975656), ('CLS Classification Acc', 0.973608)
[INFO] 2022-09-26 20:01:52,389 [    train.py:  236]:	Precision 0.461 Recall 0.434 F1 0.447
[INFO] 2022-09-26 20:02:47,008 [    train.py:  184]:	Epoch 32: 
[INFO] 2022-09-26 20:02:47,009 [    train.py:  185]:	Train:
[INFO] 2022-09-26 20:02:47,014 [    train.py:  197]:	Loss 0.0112, ('Ner Loss', 0.0017321998020634055),  ('CLS Classification Loss', 0.009453167207539082)
[INFO] 2022-09-26 20:02:47,014 [    train.py:  207]:	('Ner Acc', 0.9993658065795898),  ('CLS Classification Acc', 0.9966263771057129)
[INFO] 2022-09-26 20:02:49,956 [    train.py:  219]:	Evaluate:
[INFO] 2022-09-26 20:02:49,957 [    train.py:  226]:	Loss 0.2200, ('Ner Loss', 0.022789288),  ('CLS Classification Loss', 0.19720858)
[INFO] 2022-09-26 20:02:49,957 [    train.py:  227]:	('Ner Acc', 0.99759084), ('CLS Classification Acc', 0.9737908)
[INFO] 2022-09-26 20:03:03,709 [    train.py:  236]:	Precision 0.509 Recall 0.415 F1 0.457
[INFO] 2022-09-26 20:03:57,951 [    train.py:  184]:	Epoch 33: 
[INFO] 2022-09-26 20:03:57,951 [    train.py:  185]:	Train:
[INFO] 2022-09-26 20:03:57,954 [    train.py:  197]:	Loss 0.0108, ('Ner Loss', 0.0016152580501511693),  ('CLS Classification Loss', 0.00917443074285984)
[INFO] 2022-09-26 20:03:57,954 [    train.py:  207]:	('Ner Acc', 0.9994115829467773),  ('CLS Classification Acc', 0.9967879056930542)
[INFO] 2022-09-26 20:04:01,017 [    train.py:  219]:	Evaluate:
[INFO] 2022-09-26 20:04:01,017 [    train.py:  226]:	Loss 0.2024, ('Ner Loss', 0.020279953),  ('CLS Classification Loss', 0.18207657)
[INFO] 2022-09-26 20:04:01,018 [    train.py:  227]:	('Ner Acc', 0.9975524), ('CLS Classification Acc', 0.97369945)
[INFO] 2022-09-26 20:04:14,502 [    train.py:  236]:	Precision 0.482 Recall 0.457 F1 0.469
[INFO] 2022-09-26 20:05:09,476 [    train.py:  184]:	Epoch 34: 
[INFO] 2022-09-26 20:05:09,476 [    train.py:  185]:	Train:
[INFO] 2022-09-26 20:05:09,479 [    train.py:  197]:	Loss 0.0098, ('Ner Loss', 0.001544770086184144),  ('CLS Classification Loss', 0.00823593232780695)
[INFO] 2022-09-26 20:05:09,479 [    train.py:  207]:	('Ner Acc', 0.9994453191757202),  ('CLS Classification Acc', 0.9969116449356079)
[INFO] 2022-09-26 20:05:12,560 [    train.py:  219]:	Evaluate:
[INFO] 2022-09-26 20:05:12,561 [    train.py:  226]:	Loss 0.1919, ('Ner Loss', 0.021745136),  ('CLS Classification Loss', 0.17013158)
[INFO] 2022-09-26 20:05:12,561 [    train.py:  227]:	('Ner Acc', 0.9977162), ('CLS Classification Acc', 0.97584677)
[INFO] 2022-09-26 20:05:26,059 [    train.py:  236]:	Precision 0.505 Recall 0.443 F1 0.472
[INFO] 2022-09-26 20:06:20,848 [    train.py:  184]:	Epoch 35: 
[INFO] 2022-09-26 20:06:20,848 [    train.py:  185]:	Train:
[INFO] 2022-09-26 20:06:20,851 [    train.py:  197]:	Loss 0.0103, ('Ner Loss', 0.001533382455818355),  ('CLS Classification Loss', 0.008798176422715187)
[INFO] 2022-09-26 20:06:20,851 [    train.py:  207]:	('Ner Acc', 0.9994308352470398),  ('CLS Classification Acc', 0.9968499541282654)
[INFO] 2022-09-26 20:06:23,843 [    train.py:  219]:	Evaluate:
[INFO] 2022-09-26 20:06:23,843 [    train.py:  226]:	Loss 0.2041, ('Ner Loss', 0.022755047),  ('CLS Classification Loss', 0.18137051)
[INFO] 2022-09-26 20:06:23,843 [    train.py:  227]:	('Ner Acc', 0.9975897), ('CLS Classification Acc', 0.9751461)
[INFO] 2022-09-26 20:06:37,318 [    train.py:  236]:	Precision 0.510 Recall 0.425 F1 0.464
[INFO] 2022-09-26 20:07:32,366 [    train.py:  184]:	Epoch 36: 
[INFO] 2022-09-26 20:07:32,366 [    train.py:  185]:	Train:
[INFO] 2022-09-26 20:07:32,372 [    train.py:  197]:	Loss 0.0078, ('Ner Loss', 0.0012937327846884727),  ('CLS Classification Loss', 0.006502801086753607)
[INFO] 2022-09-26 20:07:32,372 [    train.py:  207]:	('Ner Acc', 0.9995277523994446),  ('CLS Classification Acc', 0.9978545308113098)
[INFO] 2022-09-26 20:07:35,476 [    train.py:  219]:	Evaluate:
[INFO] 2022-09-26 20:07:35,476 [    train.py:  226]:	Loss 0.2048, ('Ner Loss', 0.021570543),  ('CLS Classification Loss', 0.18318243)
[INFO] 2022-09-26 20:07:35,476 [    train.py:  227]:	('Ner Acc', 0.99759597), ('CLS Classification Acc', 0.9745218)
[INFO] 2022-09-26 20:07:48,750 [    train.py:  236]:	Precision 0.463 Recall 0.452 F1 0.457
[INFO] 2022-09-26 20:08:43,270 [    train.py:  184]:	Epoch 37: 
[INFO] 2022-09-26 20:08:43,270 [    train.py:  185]:	Train:
[INFO] 2022-09-26 20:08:43,273 [    train.py:  197]:	Loss 0.0083, ('Ner Loss', 0.0012732181930914521),  ('CLS Classification Loss', 0.007034461945295334)
[INFO] 2022-09-26 20:08:43,274 [    train.py:  207]:	('Ner Acc', 0.9995225071907043),  ('CLS Classification Acc', 0.9973831176757812)
[INFO] 2022-09-26 20:08:46,248 [    train.py:  219]:	Evaluate:
[INFO] 2022-09-26 20:08:46,249 [    train.py:  226]:	Loss 0.2365, ('Ner Loss', 0.022685632),  ('CLS Classification Loss', 0.2137735)
[INFO] 2022-09-26 20:08:46,249 [    train.py:  227]:	('Ner Acc', 0.9975278), ('CLS Classification Acc', 0.9710343)
[INFO] 2022-09-26 20:08:59,894 [    train.py:  236]:	Precision 0.460 Recall 0.446 F1 0.453
[INFO] 2022-09-26 20:09:55,417 [    train.py:  184]:	Epoch 38: 
[INFO] 2022-09-26 20:09:55,418 [    train.py:  185]:	Train:
[INFO] 2022-09-26 20:09:55,424 [    train.py:  197]:	Loss 0.0072, ('Ner Loss', 0.001249582157470286),  ('CLS Classification Loss', 0.00599308405071497)
[INFO] 2022-09-26 20:09:55,425 [    train.py:  207]:	('Ner Acc', 0.9995255470275879),  ('CLS Classification Acc', 0.9980401396751404)
[INFO] 2022-09-26 20:09:58,417 [    train.py:  219]:	Evaluate:
[INFO] 2022-09-26 20:09:58,417 [    train.py:  226]:	Loss 0.2032, ('Ner Loss', 0.02318153),  ('CLS Classification Loss', 0.18001431)
[INFO] 2022-09-26 20:09:58,417 [    train.py:  227]:	('Ner Acc', 0.99759245), ('CLS Classification Acc', 0.9748874)
[INFO] 2022-09-26 20:10:12,088 [    train.py:  236]:	Precision 0.499 Recall 0.419 F1 0.456
[INFO] 2022-09-26 20:11:06,939 [    train.py:  184]:	Epoch 39: 
[INFO] 2022-09-26 20:11:06,940 [    train.py:  185]:	Train:
[INFO] 2022-09-26 20:11:06,943 [    train.py:  197]:	Loss 0.0065, ('Ner Loss', 0.0010551685700193048),  ('CLS Classification Loss', 0.00545991025865078)
[INFO] 2022-09-26 20:11:06,943 [    train.py:  207]:	('Ner Acc', 0.9995940923690796),  ('CLS Classification Acc', 0.9981518387794495)
[INFO] 2022-09-26 20:11:09,804 [    train.py:  219]:	Evaluate:
[INFO] 2022-09-26 20:11:09,804 [    train.py:  226]:	Loss 0.2072, ('Ner Loss', 0.02235659),  ('CLS Classification Loss', 0.18482256)
[INFO] 2022-09-26 20:11:09,804 [    train.py:  227]:	('Ner Acc', 0.9976158), ('CLS Classification Acc', 0.97517663)
[INFO] 2022-09-26 20:11:23,092 [    train.py:  236]:	Precision 0.491 Recall 0.432 F1 0.460
[INFO] 2022-09-26 20:12:18,672 [    train.py:  184]:	Epoch 40: 
[INFO] 2022-09-26 20:12:18,673 [    train.py:  185]:	Train:
[INFO] 2022-09-26 20:12:18,680 [    train.py:  197]:	Loss 0.0063, ('Ner Loss', 0.0009836270473897457),  ('CLS Classification Loss', 0.005311594810336828)
[INFO] 2022-09-26 20:12:18,680 [    train.py:  207]:	('Ner Acc', 0.9996150135993958),  ('CLS Classification Acc', 0.9982138276100159)
[INFO] 2022-09-26 20:12:21,694 [    train.py:  219]:	Evaluate:
[INFO] 2022-09-26 20:12:21,694 [    train.py:  226]:	Loss 0.2156, ('Ner Loss', 0.024419356),  ('CLS Classification Loss', 0.19118461)
[INFO] 2022-09-26 20:12:21,695 [    train.py:  227]:	('Ner Acc', 0.9976342), ('CLS Classification Acc', 0.9740345)
[INFO] 2022-09-26 20:12:35,110 [    train.py:  236]:	Precision 0.513 Recall 0.436 F1 0.471
[INFO] 2022-09-26 20:13:29,585 [    train.py:  184]:	Epoch 41: 
[INFO] 2022-09-26 20:13:29,586 [    train.py:  185]:	Train:
[INFO] 2022-09-26 20:13:29,593 [    train.py:  197]:	Loss 0.0051, ('Ner Loss', 0.0009238947532139719),  ('CLS Classification Loss', 0.004152724519371986)
[INFO] 2022-09-26 20:13:29,594 [    train.py:  207]:	('Ner Acc', 0.9996652007102966),  ('CLS Classification Acc', 0.9987223148345947)
[INFO] 2022-09-26 20:13:32,583 [    train.py:  219]:	Evaluate:
[INFO] 2022-09-26 20:13:32,583 [    train.py:  226]:	Loss 0.2125, ('Ner Loss', 0.02373478),  ('CLS Classification Loss', 0.18879977)
[INFO] 2022-09-26 20:13:32,583 [    train.py:  227]:	('Ner Acc', 0.99769884), ('CLS Classification Acc', 0.97473496)
[INFO] 2022-09-26 20:13:46,185 [    train.py:  236]:	Precision 0.499 Recall 0.437 F1 0.466
[INFO] 2022-09-26 20:14:39,973 [    train.py:  184]:	Epoch 42: 
[INFO] 2022-09-26 20:14:39,974 [    train.py:  185]:	Train:
[INFO] 2022-09-26 20:14:39,979 [    train.py:  197]:	Loss 0.0057, ('Ner Loss', 0.0008062712149694562),  ('CLS Classification Loss', 0.004880744498223066)
[INFO] 2022-09-26 20:14:39,979 [    train.py:  207]:	('Ner Acc', 0.9996964335441589),  ('CLS Classification Acc', 0.9982635378837585)
[INFO] 2022-09-26 20:14:42,885 [    train.py:  219]:	Evaluate:
[INFO] 2022-09-26 20:14:42,886 [    train.py:  226]:	Loss 0.2182, ('Ner Loss', 0.024523338),  ('CLS Classification Loss', 0.19369744)
[INFO] 2022-09-26 20:14:42,886 [    train.py:  227]:	('Ner Acc', 0.99770415), ('CLS Classification Acc', 0.9756487)
[INFO] 2022-09-26 20:14:56,575 [    train.py:  236]:	Precision 0.538 Recall 0.431 F1 0.478
[INFO] 2022-09-26 20:15:51,075 [    train.py:  184]:	Epoch 43: 
[INFO] 2022-09-26 20:15:51,075 [    train.py:  185]:	Train:
[INFO] 2022-09-26 20:15:51,078 [    train.py:  197]:	Loss 0.0058, ('Ner Loss', 0.0008278696914203465),  ('CLS Classification Loss', 0.004965804982930422)
[INFO] 2022-09-26 20:15:51,079 [    train.py:  207]:	('Ner Acc', 0.9996885061264038),  ('CLS Classification Acc', 0.9983504414558411)
[INFO] 2022-09-26 20:15:54,137 [    train.py:  219]:	Evaluate:
[INFO] 2022-09-26 20:15:54,137 [    train.py:  226]:	Loss 0.2085, ('Ner Loss', 0.023187922),  ('CLS Classification Loss', 0.18533202)
[INFO] 2022-09-26 20:15:54,137 [    train.py:  227]:	('Ner Acc', 0.99755335), ('CLS Classification Acc', 0.9726181)
[INFO] 2022-09-26 20:16:07,671 [    train.py:  236]:	Precision 0.462 Recall 0.447 F1 0.454
[INFO] 2022-09-26 20:17:02,115 [    train.py:  184]:	Epoch 44: 
[INFO] 2022-09-26 20:17:02,115 [    train.py:  185]:	Train:
[INFO] 2022-09-26 20:17:02,121 [    train.py:  197]:	Loss 0.0045, ('Ner Loss', 0.0007449186523444951),  ('CLS Classification Loss', 0.0037322943098843098)
[INFO] 2022-09-26 20:17:02,121 [    train.py:  207]:	('Ner Acc', 0.9997302293777466),  ('CLS Classification Acc', 0.9986727833747864)
[INFO] 2022-09-26 20:17:05,106 [    train.py:  219]:	Evaluate:
[INFO] 2022-09-26 20:17:05,107 [    train.py:  226]:	Loss 0.2169, ('Ner Loss', 0.024837838),  ('CLS Classification Loss', 0.19208533)
[INFO] 2022-09-26 20:17:05,107 [    train.py:  227]:	('Ner Acc', 0.99775887), ('CLS Classification Acc', 0.97605985)
[INFO] 2022-09-26 20:17:18,611 [    train.py:  236]:	Precision 0.509 Recall 0.453 F1 0.480
[INFO] 2022-09-26 20:18:12,879 [    train.py:  184]:	Epoch 45: 
[INFO] 2022-09-26 20:18:12,879 [    train.py:  185]:	Train:
[INFO] 2022-09-26 20:18:12,882 [    train.py:  197]:	Loss 0.0050, ('Ner Loss', 0.0006863545859232545),  ('CLS Classification Loss', 0.004317330662161112)
[INFO] 2022-09-26 20:18:12,883 [    train.py:  207]:	('Ner Acc', 0.9997349381446838),  ('CLS Classification Acc', 0.9985365867614746)
[INFO] 2022-09-26 20:18:15,756 [    train.py:  219]:	Evaluate:
[INFO] 2022-09-26 20:18:15,757 [    train.py:  226]:	Loss 0.2417, ('Ner Loss', 0.026341219),  ('CLS Classification Loss', 0.21534127)
[INFO] 2022-09-26 20:18:15,757 [    train.py:  227]:	('Ner Acc', 0.99765855), ('CLS Classification Acc', 0.9729836)
[INFO] 2022-09-26 20:18:29,432 [    train.py:  236]:	Precision 0.482 Recall 0.401 F1 0.438
[INFO] 2022-09-26 20:19:24,594 [    train.py:  184]:	Epoch 46: 
[INFO] 2022-09-26 20:19:24,594 [    train.py:  185]:	Train:
[INFO] 2022-09-26 20:19:24,596 [    train.py:  197]:	Loss 0.0056, ('Ner Loss', 0.0007768850773572922),  ('CLS Classification Loss', 0.004863230977207422)
[INFO] 2022-09-26 20:19:24,596 [    train.py:  207]:	('Ner Acc', 0.9997078776359558),  ('CLS Classification Acc', 0.9983876943588257)
[INFO] 2022-09-26 20:19:27,512 [    train.py:  219]:	Evaluate:
[INFO] 2022-09-26 20:19:27,512 [    train.py:  226]:	Loss 0.2112, ('Ner Loss', 0.025144108),  ('CLS Classification Loss', 0.18600596)
[INFO] 2022-09-26 20:19:27,512 [    train.py:  227]:	('Ner Acc', 0.997638), ('CLS Classification Acc', 0.9740953)
[INFO] 2022-09-26 20:19:41,807 [    train.py:  236]:	Precision 0.495 Recall 0.454 F1 0.474
[INFO] 2022-09-26 20:20:36,861 [    train.py:  184]:	Epoch 47: 
[INFO] 2022-09-26 20:20:36,861 [    train.py:  185]:	Train:
[INFO] 2022-09-26 20:20:36,864 [    train.py:  197]:	Loss 0.0056, ('Ner Loss', 0.000798017717897892),  ('CLS Classification Loss', 0.004828677978366613)
[INFO] 2022-09-26 20:20:36,864 [    train.py:  207]:	('Ner Acc', 0.9997326731681824),  ('CLS Classification Acc', 0.9983503222465515)
[INFO] 2022-09-26 20:20:39,832 [    train.py:  219]:	Evaluate:
[INFO] 2022-09-26 20:20:39,833 [    train.py:  226]:	Loss 0.1897, ('Ner Loss', 0.023169944),  ('CLS Classification Loss', 0.16649461)
[INFO] 2022-09-26 20:20:39,833 [    train.py:  227]:	('Ner Acc', 0.9976895), ('CLS Classification Acc', 0.97561836)
[INFO] 2022-09-26 20:20:53,361 [    train.py:  236]:	Precision 0.510 Recall 0.465 F1 0.487
[INFO] 2022-09-26 20:21:48,352 [    train.py:  184]:	Epoch 48: 
[INFO] 2022-09-26 20:21:48,352 [    train.py:  185]:	Train:
[INFO] 2022-09-26 20:21:48,358 [    train.py:  197]:	Loss 0.0038, ('Ner Loss', 0.0006619786727242172),  ('CLS Classification Loss', 0.003101120702922344)
[INFO] 2022-09-26 20:21:48,358 [    train.py:  207]:	('Ner Acc', 0.9997483491897583),  ('CLS Classification Acc', 0.998920738697052)
[INFO] 2022-09-26 20:21:51,292 [    train.py:  219]:	Evaluate:
[INFO] 2022-09-26 20:21:51,293 [    train.py:  226]:	Loss 0.2255, ('Ner Loss', 0.023974676),  ('CLS Classification Loss', 0.20154266)
[INFO] 2022-09-26 20:21:51,293 [    train.py:  227]:	('Ner Acc', 0.99754924), ('CLS Classification Acc', 0.97360814)
[INFO] 2022-09-26 20:22:04,797 [    train.py:  236]:	Precision 0.479 Recall 0.459 F1 0.469
[INFO] 2022-09-26 20:22:59,580 [    train.py:  184]:	Epoch 49: 
[INFO] 2022-09-26 20:22:59,580 [    train.py:  185]:	Train:
[INFO] 2022-09-26 20:22:59,585 [    train.py:  197]:	Loss 0.0046, ('Ner Loss', 0.0006352924974635243),  ('CLS Classification Loss', 0.003981259651482105)
[INFO] 2022-09-26 20:22:59,585 [    train.py:  207]:	('Ner Acc', 0.9997713565826416),  ('CLS Classification Acc', 0.9986852407455444)
[INFO] 2022-09-26 20:23:02,563 [    train.py:  219]:	Evaluate:
[INFO] 2022-09-26 20:23:02,563 [    train.py:  226]:	Loss 0.2054, ('Ner Loss', 0.024812773),  ('CLS Classification Loss', 0.1805815)
[INFO] 2022-09-26 20:23:02,563 [    train.py:  227]:	('Ner Acc', 0.9976205), ('CLS Classification Acc', 0.97525275)
[INFO] 2022-09-26 20:23:15,991 [    train.py:  236]:	Precision 0.542 Recall 0.441 F1 0.487
[INFO] 2022-09-26 20:24:10,800 [    train.py:  184]:	Epoch 50: 
[INFO] 2022-09-26 20:24:10,801 [    train.py:  185]:	Train:
[INFO] 2022-09-26 20:24:10,806 [    train.py:  197]:	Loss 0.0042, ('Ner Loss', 0.0006103594205342233),  ('CLS Classification Loss', 0.0035551944747567177)
[INFO] 2022-09-26 20:24:10,806 [    train.py:  207]:	('Ner Acc', 0.9997716546058655),  ('CLS Classification Acc', 0.9988711476325989)
[INFO] 2022-09-26 20:24:13,879 [    train.py:  219]:	Evaluate:
[INFO] 2022-09-26 20:24:13,880 [    train.py:  226]:	Loss 0.2047, ('Ner Loss', 0.025143594),  ('CLS Classification Loss', 0.1795705)
[INFO] 2022-09-26 20:24:13,880 [    train.py:  227]:	('Ner Acc', 0.9977269), ('CLS Classification Acc', 0.97519183)
[INFO] 2022-09-26 20:24:27,429 [    train.py:  236]:	Precision 0.519 Recall 0.434 F1 0.473
[INFO] 2022-09-26 20:25:22,172 [    train.py:  184]:	Epoch 51: 
[INFO] 2022-09-26 20:25:22,172 [    train.py:  185]:	Train:
[INFO] 2022-09-26 20:25:22,178 [    train.py:  197]:	Loss 0.0043, ('Ner Loss', 0.0006563528440892696),  ('CLS Classification Loss', 0.0035936671774834394)
[INFO] 2022-09-26 20:25:22,178 [    train.py:  207]:	('Ner Acc', 0.9997565150260925),  ('CLS Classification Acc', 0.998883843421936)
[INFO] 2022-09-26 20:25:25,204 [    train.py:  219]:	Evaluate:
[INFO] 2022-09-26 20:25:25,205 [    train.py:  226]:	Loss 0.2133, ('Ner Loss', 0.024960166),  ('CLS Classification Loss', 0.1883272)
[INFO] 2022-09-26 20:25:25,205 [    train.py:  227]:	('Ner Acc', 0.99759483), ('CLS Classification Acc', 0.974796)
[INFO] 2022-09-26 20:25:39,221 [    train.py:  236]:	Precision 0.502 Recall 0.437 F1 0.467
[INFO] 2022-09-26 20:26:34,199 [    train.py:  184]:	Epoch 52: 
[INFO] 2022-09-26 20:26:34,200 [    train.py:  185]:	Train:
[INFO] 2022-09-26 20:26:34,203 [    train.py:  197]:	Loss 0.0046, ('Ner Loss', 0.0006855385145172477),  ('CLS Classification Loss', 0.003902812022715807)
[INFO] 2022-09-26 20:26:34,203 [    train.py:  207]:	('Ner Acc', 0.9997686147689819),  ('CLS Classification Acc', 0.9986478686332703)
[INFO] 2022-09-26 20:26:37,126 [    train.py:  219]:	Evaluate:
[INFO] 2022-09-26 20:26:37,127 [    train.py:  226]:	Loss 0.2080, ('Ner Loss', 0.023747195),  ('CLS Classification Loss', 0.18427014)
[INFO] 2022-09-26 20:26:37,127 [    train.py:  227]:	('Ner Acc', 0.99769163), ('CLS Classification Acc', 0.9742172)
[INFO] 2022-09-26 20:26:50,362 [    train.py:  236]:	Precision 0.469 Recall 0.479 F1 0.474
[INFO] 2022-09-26 20:27:45,614 [    train.py:  184]:	Epoch 53: 
[INFO] 2022-09-26 20:27:45,615 [    train.py:  185]:	Train:
[INFO] 2022-09-26 20:27:45,617 [    train.py:  197]:	Loss 0.0038, ('Ner Loss', 0.0005655219429172575),  ('CLS Classification Loss', 0.0032090533059090376)
[INFO] 2022-09-26 20:27:45,617 [    train.py:  207]:	('Ner Acc', 0.9998108744621277),  ('CLS Classification Acc', 0.9989826679229736)
[INFO] 2022-09-26 20:27:48,645 [    train.py:  219]:	Evaluate:
[INFO] 2022-09-26 20:27:48,646 [    train.py:  226]:	Loss 0.2392, ('Ner Loss', 0.02815441),  ('CLS Classification Loss', 0.21108638)
[INFO] 2022-09-26 20:27:48,646 [    train.py:  227]:	('Ner Acc', 0.99760896), ('CLS Classification Acc', 0.9732426)
[INFO] 2022-09-26 20:28:02,283 [    train.py:  236]:	Precision 0.494 Recall 0.444 F1 0.468
[INFO] 2022-09-26 20:28:56,824 [    train.py:  184]:	Epoch 54: 
[INFO] 2022-09-26 20:28:56,825 [    train.py:  185]:	Train:
[INFO] 2022-09-26 20:28:56,829 [    train.py:  197]:	Loss 0.0035, ('Ner Loss', 0.0005568493506871164),  ('CLS Classification Loss', 0.002980405231937766)
[INFO] 2022-09-26 20:28:56,830 [    train.py:  207]:	('Ner Acc', 0.9998027086257935),  ('CLS Classification Acc', 0.9989455342292786)
[INFO] 2022-09-26 20:28:59,842 [    train.py:  219]:	Evaluate:
[INFO] 2022-09-26 20:28:59,843 [    train.py:  226]:	Loss 0.2055, ('Ner Loss', 0.024359224),  ('CLS Classification Loss', 0.18116102)
[INFO] 2022-09-26 20:28:59,843 [    train.py:  227]:	('Ner Acc', 0.9977562), ('CLS Classification Acc', 0.97456753)
[INFO] 2022-09-26 20:29:13,255 [    train.py:  236]:	Precision 0.513 Recall 0.456 F1 0.483
[INFO] 2022-09-26 20:30:07,061 [    train.py:  184]:	Epoch 55: 
[INFO] 2022-09-26 20:30:07,062 [    train.py:  185]:	Train:
[INFO] 2022-09-26 20:30:07,069 [    train.py:  197]:	Loss 0.0031, ('Ner Loss', 0.0005265378276817501),  ('CLS Classification Loss', 0.0025712093338370323)
[INFO] 2022-09-26 20:30:07,069 [    train.py:  207]:	('Ner Acc', 0.9998141527175903),  ('CLS Classification Acc', 0.9991936683654785)
[INFO] 2022-09-26 20:30:09,844 [    train.py:  219]:	Evaluate:
[INFO] 2022-09-26 20:30:09,844 [    train.py:  226]:	Loss 0.2224, ('Ner Loss', 0.024680732),  ('CLS Classification Loss', 0.1977534)
[INFO] 2022-09-26 20:30:09,844 [    train.py:  227]:	('Ner Acc', 0.99764293), ('CLS Classification Acc', 0.97459793)
[INFO] 2022-09-26 20:30:23,866 [    train.py:  236]:	Precision 0.487 Recall 0.456 F1 0.471
[INFO] 2022-09-26 20:31:17,255 [    train.py:  184]:	Epoch 56: 
[INFO] 2022-09-26 20:31:17,255 [    train.py:  185]:	Train:
[INFO] 2022-09-26 20:31:17,261 [    train.py:  197]:	Loss 0.0035, ('Ner Loss', 0.0005153799429535866),  ('CLS Classification Loss', 0.002970099216327071)
[INFO] 2022-09-26 20:31:17,261 [    train.py:  207]:	('Ner Acc', 0.9998193979263306),  ('CLS Classification Acc', 0.9989703297615051)
[INFO] 2022-09-26 20:31:20,268 [    train.py:  219]:	Evaluate:
[INFO] 2022-09-26 20:31:20,269 [    train.py:  226]:	Loss 0.2208, ('Ner Loss', 0.025908345),  ('CLS Classification Loss', 0.1949055)
[INFO] 2022-09-26 20:31:20,269 [    train.py:  227]:	('Ner Acc', 0.99773484), ('CLS Classification Acc', 0.975664)
[INFO] 2022-09-26 20:31:34,088 [    train.py:  236]:	Precision 0.521 Recall 0.441 F1 0.478
[INFO] 2022-09-26 20:32:29,129 [    train.py:  184]:	Epoch 57: 
[INFO] 2022-09-26 20:32:29,129 [    train.py:  185]:	Train:
[INFO] 2022-09-26 20:32:29,133 [    train.py:  197]:	Loss 0.0041, ('Ner Loss', 0.0005708160460926592),  ('CLS Classification Loss', 0.0034904659260064363)
[INFO] 2022-09-26 20:32:29,133 [    train.py:  207]:	('Ner Acc', 0.9997972846031189),  ('CLS Classification Acc', 0.9989576935768127)
[INFO] 2022-09-26 20:32:32,086 [    train.py:  219]:	Evaluate:
[INFO] 2022-09-26 20:32:32,087 [    train.py:  226]:	Loss 0.2160, ('Ner Loss', 0.025274822),  ('CLS Classification Loss', 0.1907184)
[INFO] 2022-09-26 20:32:32,087 [    train.py:  227]:	('Ner Acc', 0.997671), ('CLS Classification Acc', 0.9749786)
[INFO] 2022-09-26 20:32:45,947 [    train.py:  236]:	Precision 0.503 Recall 0.456 F1 0.478
[INFO] 2022-09-26 20:33:40,627 [    train.py:  184]:	Epoch 58: 
[INFO] 2022-09-26 20:33:40,627 [    train.py:  185]:	Train:
[INFO] 2022-09-26 20:33:40,630 [    train.py:  197]:	Loss 0.0035, ('Ner Loss', 0.000544382375665009),  ('CLS Classification Loss', 0.0029650856740772724)
[INFO] 2022-09-26 20:33:40,630 [    train.py:  207]:	('Ner Acc', 0.9998189806938171),  ('CLS Classification Acc', 0.9990074038505554)
[INFO] 2022-09-26 20:33:43,665 [    train.py:  219]:	Evaluate:
[INFO] 2022-09-26 20:33:43,666 [    train.py:  226]:	Loss 0.2160, ('Ner Loss', 0.025063742),  ('CLS Classification Loss', 0.19094463)
[INFO] 2022-09-26 20:33:43,666 [    train.py:  227]:	('Ner Acc', 0.9977168), ('CLS Classification Acc', 0.9755573)
[INFO] 2022-09-26 20:33:57,225 [    train.py:  236]:	Precision 0.526 Recall 0.445 F1 0.482
[INFO] 2022-09-26 20:34:52,275 [    train.py:  184]:	Epoch 59: 
[INFO] 2022-09-26 20:34:52,276 [    train.py:  185]:	Train:
[INFO] 2022-09-26 20:34:52,280 [    train.py:  197]:	Loss 0.0040, ('Ner Loss', 0.00048235926078632474),  ('CLS Classification Loss', 0.003542851423844695)
[INFO] 2022-09-26 20:34:52,280 [    train.py:  207]:	('Ner Acc', 0.9998350143432617),  ('CLS Classification Acc', 0.9987969398498535)
[INFO] 2022-09-26 20:34:55,275 [    train.py:  219]:	Evaluate:
[INFO] 2022-09-26 20:34:55,276 [    train.py:  226]:	Loss 0.2126, ('Ner Loss', 0.02533435),  ('CLS Classification Loss', 0.18728952)
[INFO] 2022-09-26 20:34:55,276 [    train.py:  227]:	('Ner Acc', 0.9977719), ('CLS Classification Acc', 0.9751614)
[INFO] 2022-09-26 20:35:08,944 [    train.py:  236]:	Precision 0.527 Recall 0.433 F1 0.475
[INFO] 2022-09-26 20:36:03,496 [    train.py:  184]:	Epoch 60: 
[INFO] 2022-09-26 20:36:03,497 [    train.py:  185]:	Train:
[INFO] 2022-09-26 20:36:03,504 [    train.py:  197]:	Loss 0.0034, ('Ner Loss', 0.0004195967921987176),  ('CLS Classification Loss', 0.0030167200602591038)
[INFO] 2022-09-26 20:36:03,504 [    train.py:  207]:	('Ner Acc', 0.9998568892478943),  ('CLS Classification Acc', 0.9988464117050171)
[INFO] 2022-09-26 20:36:06,428 [    train.py:  219]:	Evaluate:
[INFO] 2022-09-26 20:36:06,429 [    train.py:  226]:	Loss 0.2108, ('Ner Loss', 0.02549421),  ('CLS Classification Loss', 0.1853483)
[INFO] 2022-09-26 20:36:06,429 [    train.py:  227]:	('Ner Acc', 0.9977075), ('CLS Classification Acc', 0.97589254)
[INFO] 2022-09-26 20:36:19,858 [    train.py:  236]:	Precision 0.521 Recall 0.464 F1 0.491
[INFO] 2022-09-26 20:37:15,050 [    train.py:  184]:	Epoch 61: 
[INFO] 2022-09-26 20:37:15,050 [    train.py:  185]:	Train:
[INFO] 2022-09-26 20:37:15,055 [    train.py:  197]:	Loss 0.0025, ('Ner Loss', 0.00040659643127582967),  ('CLS Classification Loss', 0.002103541512042284)
[INFO] 2022-09-26 20:37:15,055 [    train.py:  207]:	('Ner Acc', 0.9998604655265808),  ('CLS Classification Acc', 0.9993796348571777)
[INFO] 2022-09-26 20:37:18,055 [    train.py:  219]:	Evaluate:
[INFO] 2022-09-26 20:37:18,056 [    train.py:  226]:	Loss 0.2645, ('Ner Loss', 0.029036174),  ('CLS Classification Loss', 0.23550816)
[INFO] 2022-09-26 20:37:18,056 [    train.py:  227]:	('Ner Acc', 0.9976302), ('CLS Classification Acc', 0.9731056)
[INFO] 2022-09-26 20:37:31,722 [    train.py:  236]:	Precision 0.499 Recall 0.432 F1 0.463
[INFO] 2022-09-26 20:38:26,204 [    train.py:  184]:	Epoch 62: 
[INFO] 2022-09-26 20:38:26,205 [    train.py:  185]:	Train:
[INFO] 2022-09-26 20:38:26,209 [    train.py:  197]:	Loss 0.0026, ('Ner Loss', 0.00037268499727360904),  ('CLS Classification Loss', 0.0022521335631608963)
[INFO] 2022-09-26 20:38:26,209 [    train.py:  207]:	('Ner Acc', 0.9998608231544495),  ('CLS Classification Acc', 0.9992182850837708)
[INFO] 2022-09-26 20:38:29,085 [    train.py:  219]:	Evaluate:
[INFO] 2022-09-26 20:38:29,086 [    train.py:  226]:	Loss 0.2320, ('Ner Loss', 0.027215477),  ('CLS Classification Loss', 0.20478946)
[INFO] 2022-09-26 20:38:29,086 [    train.py:  227]:	('Ner Acc', 0.9976541), ('CLS Classification Acc', 0.97502446)
[INFO] 2022-09-26 20:38:42,379 [    train.py:  236]:	Precision 0.526 Recall 0.471 F1 0.497
[INFO] 2022-09-26 20:39:36,654 [    train.py:  184]:	Epoch 63: 
[INFO] 2022-09-26 20:39:36,655 [    train.py:  185]:	Train:
[INFO] 2022-09-26 20:39:36,661 [    train.py:  197]:	Loss 0.0030, ('Ner Loss', 0.0003166526148561388),  ('CLS Classification Loss', 0.0026383455842733383)
[INFO] 2022-09-26 20:39:36,661 [    train.py:  207]:	('Ner Acc', 0.9998806715011597),  ('CLS Classification Acc', 0.9990941882133484)
[INFO] 2022-09-26 20:39:39,569 [    train.py:  219]:	Evaluate:
[INFO] 2022-09-26 20:39:39,570 [    train.py:  226]:	Loss 0.1984, ('Ner Loss', 0.026693001),  ('CLS Classification Loss', 0.17173786)
[INFO] 2022-09-26 20:39:39,570 [    train.py:  227]:	('Ner Acc', 0.9977145), ('CLS Classification Acc', 0.9760142)
[INFO] 2022-09-26 20:39:53,111 [    train.py:  236]:	Precision 0.506 Recall 0.427 F1 0.463
[INFO] 2022-09-26 20:40:45,798 [    train.py:  184]:	Epoch 64: 
[INFO] 2022-09-26 20:40:45,798 [    train.py:  185]:	Train:
[INFO] 2022-09-26 20:40:45,801 [    train.py:  197]:	Loss 0.0027, ('Ner Loss', 0.0003798078978434205),  ('CLS Classification Loss', 0.002361275954172015)
[INFO] 2022-09-26 20:40:45,801 [    train.py:  207]:	('Ner Acc', 0.9998645186424255),  ('CLS Classification Acc', 0.9992061257362366)
[INFO] 2022-09-26 20:40:48,807 [    train.py:  219]:	Evaluate:
[INFO] 2022-09-26 20:40:48,808 [    train.py:  226]:	Loss 0.2201, ('Ner Loss', 0.026049439),  ('CLS Classification Loss', 0.19400768)
[INFO] 2022-09-26 20:40:48,808 [    train.py:  227]:	('Ner Acc', 0.9977266), ('CLS Classification Acc', 0.9757859)
[INFO] 2022-09-26 20:41:02,296 [    train.py:  236]:	Precision 0.524 Recall 0.463 F1 0.492
[INFO] 2022-09-26 20:41:57,380 [    train.py:  184]:	Epoch 65: 
[INFO] 2022-09-26 20:41:57,381 [    train.py:  185]:	Train:
[INFO] 2022-09-26 20:41:57,383 [    train.py:  197]:	Loss 0.0017, ('Ner Loss', 0.0002811207377817482),  ('CLS Classification Loss', 0.001409610966220498)
[INFO] 2022-09-26 20:41:57,383 [    train.py:  207]:	('Ner Acc', 0.9999005198478699),  ('CLS Classification Acc', 0.999553382396698)
[INFO] 2022-09-26 20:42:00,428 [    train.py:  219]:	Evaluate:
[INFO] 2022-09-26 20:42:00,429 [    train.py:  226]:	Loss 0.2187, ('Ner Loss', 0.026623089),  ('CLS Classification Loss', 0.19206671)
[INFO] 2022-09-26 20:42:00,429 [    train.py:  227]:	('Ner Acc', 0.9977882), ('CLS Classification Acc', 0.9758163)
[INFO] 2022-09-26 20:42:14,280 [    train.py:  236]:	Precision 0.519 Recall 0.430 F1 0.470
[INFO] 2022-09-26 20:43:08,446 [    train.py:  184]:	Epoch 66: 
[INFO] 2022-09-26 20:43:08,446 [    train.py:  185]:	Train:
[INFO] 2022-09-26 20:43:08,450 [    train.py:  197]:	Loss 0.0025, ('Ner Loss', 0.0003272618632763624),  ('CLS Classification Loss', 0.0022196865174919367)
[INFO] 2022-09-26 20:43:08,450 [    train.py:  207]:	('Ner Acc', 0.9998813271522522),  ('CLS Classification Acc', 0.9992557168006897)
[INFO] 2022-09-26 20:43:11,415 [    train.py:  219]:	Evaluate:
[INFO] 2022-09-26 20:43:11,416 [    train.py:  226]:	Loss 0.2208, ('Ner Loss', 0.026512824),  ('CLS Classification Loss', 0.19429147)
[INFO] 2022-09-26 20:43:11,416 [    train.py:  227]:	('Ner Acc', 0.9977396), ('CLS Classification Acc', 0.9762578)
[INFO] 2022-09-26 20:43:25,127 [    train.py:  236]:	Precision 0.514 Recall 0.456 F1 0.483
[INFO] 2022-09-26 20:44:20,119 [    train.py:  184]:	Epoch 67: 
[INFO] 2022-09-26 20:44:20,120 [    train.py:  185]:	Train:
[INFO] 2022-09-26 20:44:20,126 [    train.py:  197]:	Loss 0.0024, ('Ner Loss', 0.00034674504422582686),  ('CLS Classification Loss', 0.002061522798612714)
[INFO] 2022-09-26 20:44:20,126 [    train.py:  207]:	('Ner Acc', 0.9998807907104492),  ('CLS Classification Acc', 0.9993547797203064)
[INFO] 2022-09-26 20:44:23,049 [    train.py:  219]:	Evaluate:
[INFO] 2022-09-26 20:44:23,049 [    train.py:  226]:	Loss 0.2355, ('Ner Loss', 0.028434722),  ('CLS Classification Loss', 0.2070661)
[INFO] 2022-09-26 20:44:23,049 [    train.py:  227]:	('Ner Acc', 0.9977056), ('CLS Classification Acc', 0.97475034)
[INFO] 2022-09-26 20:44:37,079 [    train.py:  236]:	Precision 0.508 Recall 0.413 F1 0.456
[INFO] 2022-09-26 20:45:32,131 [    train.py:  184]:	Epoch 68: 
[INFO] 2022-09-26 20:45:32,132 [    train.py:  185]:	Train:
[INFO] 2022-09-26 20:45:32,136 [    train.py:  197]:	Loss 0.0031, ('Ner Loss', 0.00048659666208550334),  ('CLS Classification Loss', 0.0026298623997718096)
[INFO] 2022-09-26 20:45:32,136 [    train.py:  207]:	('Ner Acc', 0.999842643737793),  ('CLS Classification Acc', 0.9991812705993652)
[INFO] 2022-09-26 20:45:35,101 [    train.py:  219]:	Evaluate:
[INFO] 2022-09-26 20:45:35,102 [    train.py:  226]:	Loss 0.2314, ('Ner Loss', 0.025712242),  ('CLS Classification Loss', 0.20573024)
[INFO] 2022-09-26 20:45:35,102 [    train.py:  227]:	('Ner Acc', 0.99764013), ('CLS Classification Acc', 0.975801)
[INFO] 2022-09-26 20:45:48,863 [    train.py:  236]:	Precision 0.513 Recall 0.470 F1 0.490
[INFO] 2022-09-26 20:46:43,751 [    train.py:  184]:	Epoch 69: 
[INFO] 2022-09-26 20:46:43,752 [    train.py:  185]:	Train:
[INFO] 2022-09-26 20:46:43,754 [    train.py:  197]:	Loss 0.0038, ('Ner Loss', 0.0004536131746135652),  ('CLS Classification Loss', 0.0033157814759761095)
[INFO] 2022-09-26 20:46:43,754 [    train.py:  207]:	('Ner Acc', 0.9998401999473572),  ('CLS Classification Acc', 0.9989704489707947)
[INFO] 2022-09-26 20:46:46,689 [    train.py:  219]:	Evaluate:
[INFO] 2022-09-26 20:46:46,690 [    train.py:  226]:	Loss 0.2139, ('Ner Loss', 0.024341937),  ('CLS Classification Loss', 0.18955635)
[INFO] 2022-09-26 20:46:46,690 [    train.py:  227]:	('Ner Acc', 0.9976597), ('CLS Classification Acc', 0.97570974)
[INFO] 2022-09-26 20:47:00,283 [    train.py:  236]:	Precision 0.491 Recall 0.478 F1 0.484
[INFO] 2022-09-26 20:47:50,086 [    train.py:  184]:	Epoch 70: 
[INFO] 2022-09-26 20:47:50,086 [    train.py:  185]:	Train:
[INFO] 2022-09-26 20:47:50,089 [    train.py:  197]:	Loss 0.0036, ('Ner Loss', 0.0003985087387263775),  ('CLS Classification Loss', 0.003181351348757744)
[INFO] 2022-09-26 20:47:50,089 [    train.py:  207]:	('Ner Acc', 0.999846339225769),  ('CLS Classification Acc', 0.9990199208259583)
[INFO] 2022-09-26 20:47:52,289 [    train.py:  219]:	Evaluate:
[INFO] 2022-09-26 20:47:52,289 [    train.py:  226]:	Loss 0.2025, ('Ner Loss', 0.02429467),  ('CLS Classification Loss', 0.17816234)
[INFO] 2022-09-26 20:47:52,289 [    train.py:  227]:	('Ner Acc', 0.99776095), ('CLS Classification Acc', 0.9764863)
[INFO] 2022-09-26 20:48:06,904 [    train.py:  236]:	Precision 0.505 Recall 0.485 F1 0.495
[INFO] 2022-09-26 20:48:50,170 [    train.py:  184]:	Epoch 71: 
[INFO] 2022-09-26 20:48:50,170 [    train.py:  185]:	Train:
[INFO] 2022-09-26 20:48:50,173 [    train.py:  197]:	Loss 0.0030, ('Ner Loss', 0.00039088985067792237),  ('CLS Classification Loss', 0.002658770652487874)
[INFO] 2022-09-26 20:48:50,173 [    train.py:  207]:	('Ner Acc', 0.9998709559440613),  ('CLS Classification Acc', 0.9992061257362366)
[INFO] 2022-09-26 20:48:52,580 [    train.py:  219]:	Evaluate:
[INFO] 2022-09-26 20:48:52,580 [    train.py:  226]:	Loss 0.2157, ('Ner Loss', 0.024330074),  ('CLS Classification Loss', 0.19140446)
[INFO] 2022-09-26 20:48:52,580 [    train.py:  227]:	('Ner Acc', 0.99764675), ('CLS Classification Acc', 0.97592294)
[INFO] 2022-09-26 20:49:07,656 [    train.py:  236]:	Precision 0.488 Recall 0.464 F1 0.475
[INFO] 2022-09-26 20:49:50,557 [    train.py:  184]:	Epoch 72: 
[INFO] 2022-09-26 20:49:50,558 [    train.py:  185]:	Train:
[INFO] 2022-09-26 20:49:50,569 [    train.py:  197]:	Loss 0.0021, ('Ner Loss', 0.0003216383920516819),  ('CLS Classification Loss', 0.0017877346836030483)
[INFO] 2022-09-26 20:49:50,569 [    train.py:  207]:	('Ner Acc', 0.9998917579650879),  ('CLS Classification Acc', 0.999392032623291)
[INFO] 2022-09-26 20:49:52,786 [    train.py:  219]:	Evaluate:
[INFO] 2022-09-26 20:49:52,787 [    train.py:  226]:	Loss 0.2201, ('Ner Loss', 0.025115317),  ('CLS Classification Loss', 0.19498892)
[INFO] 2022-09-26 20:49:52,787 [    train.py:  227]:	('Ner Acc', 0.9976811), ('CLS Classification Acc', 0.9771259)
[INFO] 2022-09-26 20:50:08,322 [    train.py:  236]:	Precision 0.536 Recall 0.463 F1 0.497
[INFO] 2022-09-26 20:50:51,601 [    train.py:  184]:	Epoch 73: 
[INFO] 2022-09-26 20:50:51,601 [    train.py:  185]:	Train:
[INFO] 2022-09-26 20:50:51,605 [    train.py:  197]:	Loss 0.0017, ('Ner Loss', 0.0002633402473293245),  ('CLS Classification Loss', 0.0014280551113188267)
[INFO] 2022-09-26 20:50:51,605 [    train.py:  207]:	('Ner Acc', 0.9998958110809326),  ('CLS Classification Acc', 0.9995160698890686)
[INFO] 2022-09-26 20:50:53,868 [    train.py:  219]:	Evaluate:
[INFO] 2022-09-26 20:50:53,869 [    train.py:  226]:	Loss 0.2292, ('Ner Loss', 0.0256517),  ('CLS Classification Loss', 0.20350778)
[INFO] 2022-09-26 20:50:53,869 [    train.py:  227]:	('Ner Acc', 0.9976919), ('CLS Classification Acc', 0.9755422)
[INFO] 2022-09-26 20:51:08,846 [    train.py:  236]:	Precision 0.474 Recall 0.475 F1 0.474
[INFO] 2022-09-26 20:51:51,916 [    train.py:  184]:	Epoch 74: 
[INFO] 2022-09-26 20:51:51,916 [    train.py:  185]:	Train:
[INFO] 2022-09-26 20:51:51,920 [    train.py:  197]:	Loss 0.0011, ('Ner Loss', 0.00022625047131441534),  ('CLS Classification Loss', 0.0008687334484420717)
[INFO] 2022-09-26 20:51:51,920 [    train.py:  207]:	('Ner Acc', 0.999920666217804),  ('CLS Classification Acc', 0.9997269511222839)
[INFO] 2022-09-26 20:51:54,172 [    train.py:  219]:	Evaluate:
[INFO] 2022-09-26 20:51:54,172 [    train.py:  226]:	Loss 0.2534, ('Ner Loss', 0.028279599),  ('CLS Classification Loss', 0.22508952)
[INFO] 2022-09-26 20:51:54,172 [    train.py:  227]:	('Ner Acc', 0.99762326), ('CLS Classification Acc', 0.9749787)
[INFO] 2022-09-26 20:52:09,052 [    train.py:  236]:	Precision 0.494 Recall 0.451 F1 0.471
[INFO] 2022-09-26 20:52:52,421 [    train.py:  184]:	Epoch 75: 
[INFO] 2022-09-26 20:52:52,421 [    train.py:  185]:	Train:
[INFO] 2022-09-26 20:52:52,424 [    train.py:  197]:	Loss 0.0015, ('Ner Loss', 0.0002385885891271755),  ('CLS Classification Loss', 0.0012992073316127062)
[INFO] 2022-09-26 20:52:52,424 [    train.py:  207]:	('Ner Acc', 0.9999247789382935),  ('CLS Classification Acc', 0.9995782971382141)
[INFO] 2022-09-26 20:52:54,668 [    train.py:  219]:	Evaluate:
[INFO] 2022-09-26 20:52:54,669 [    train.py:  226]:	Loss 0.2565, ('Ner Loss', 0.029279841),  ('CLS Classification Loss', 0.22723751)
[INFO] 2022-09-26 20:52:54,669 [    train.py:  227]:	('Ner Acc', 0.9976242), ('CLS Classification Acc', 0.97503966)
[INFO] 2022-09-26 20:53:10,238 [    train.py:  236]:	Precision 0.485 Recall 0.464 F1 0.474
[INFO] 2022-09-26 20:53:53,625 [    train.py:  184]:	Epoch 76: 
[INFO] 2022-09-26 20:53:53,626 [    train.py:  185]:	Train:
[INFO] 2022-09-26 20:53:53,630 [    train.py:  197]:	Loss 0.0031, ('Ner Loss', 0.0003054461267311126),  ('CLS Classification Loss', 0.002772585256025195)
[INFO] 2022-09-26 20:53:53,630 [    train.py:  207]:	('Ner Acc', 0.9999101758003235),  ('CLS Classification Acc', 0.9993054270744324)
[INFO] 2022-09-26 20:53:55,870 [    train.py:  219]:	Evaluate:
[INFO] 2022-09-26 20:53:55,871 [    train.py:  226]:	Loss 0.1902, ('Ner Loss', 0.025064083),  ('CLS Classification Loss', 0.16516976)
[INFO] 2022-09-26 20:53:55,871 [    train.py:  227]:	('Ner Acc', 0.9976672), ('CLS Classification Acc', 0.97803956)
[INFO] 2022-09-26 20:54:10,941 [    train.py:  236]:	Precision 0.510 Recall 0.471 F1 0.490
[INFO] 2022-09-26 20:54:54,263 [    train.py:  184]:	Epoch 77: 
[INFO] 2022-09-26 20:54:54,264 [    train.py:  185]:	Train:
[INFO] 2022-09-26 20:54:54,268 [    train.py:  197]:	Loss 0.0029, ('Ner Loss', 0.00036866284790448844),  ('CLS Classification Loss', 0.002551332348957658)
[INFO] 2022-09-26 20:54:54,268 [    train.py:  207]:	('Ner Acc', 0.999906063079834),  ('CLS Classification Acc', 0.9992555975914001)
[INFO] 2022-09-26 20:54:57,210 [    train.py:  219]:	Evaluate:
[INFO] 2022-09-26 20:54:57,210 [    train.py:  226]:	Loss 0.1989, ('Ner Loss', 0.023210725),  ('CLS Classification Loss', 0.17567497)
[INFO] 2022-09-26 20:54:57,210 [    train.py:  227]:	('Ner Acc', 0.9976795), ('CLS Classification Acc', 0.9756793)
[INFO] 2022-09-26 20:55:10,614 [    train.py:  236]:	Precision 0.497 Recall 0.470 F1 0.483
[INFO] 2022-09-26 20:56:05,384 [    train.py:  184]:	Epoch 78: 
[INFO] 2022-09-26 20:56:05,384 [    train.py:  185]:	Train:
[INFO] 2022-09-26 20:56:05,388 [    train.py:  197]:	Loss 0.0016, ('Ner Loss', 0.00023263072944246233),  ('CLS Classification Loss', 0.0013291685609146953)
[INFO] 2022-09-26 20:56:05,388 [    train.py:  207]:	('Ner Acc', 0.9999260902404785),  ('CLS Classification Acc', 0.9996402263641357)
[INFO] 2022-09-26 20:56:08,347 [    train.py:  219]:	Evaluate:
[INFO] 2022-09-26 20:56:08,348 [    train.py:  226]:	Loss 0.2079, ('Ner Loss', 0.024123475),  ('CLS Classification Loss', 0.18373947)
[INFO] 2022-09-26 20:56:08,348 [    train.py:  227]:	('Ner Acc', 0.9977412), ('CLS Classification Acc', 0.97584677)
[INFO] 2022-09-26 20:56:22,066 [    train.py:  236]:	Precision 0.504 Recall 0.441 F1 0.471
[INFO] 2022-09-26 20:57:16,645 [    train.py:  184]:	Epoch 79: 
[INFO] 2022-09-26 20:57:16,645 [    train.py:  185]:	Train:
[INFO] 2022-09-26 20:57:16,648 [    train.py:  197]:	Loss 0.0018, ('Ner Loss', 0.0002555506071075797),  ('CLS Classification Loss', 0.001573606627061963)
[INFO] 2022-09-26 20:57:16,648 [    train.py:  207]:	('Ner Acc', 0.999911367893219),  ('CLS Classification Acc', 0.9994789361953735)
[INFO] 2022-09-26 20:57:19,503 [    train.py:  219]:	Evaluate:
[INFO] 2022-09-26 20:57:19,503 [    train.py:  226]:	Loss 0.2277, ('Ner Loss', 0.023874229),  ('CLS Classification Loss', 0.20381474)
[INFO] 2022-09-26 20:57:19,504 [    train.py:  227]:	('Ner Acc', 0.99778175), ('CLS Classification Acc', 0.9766843)
[INFO] 2022-09-26 20:57:33,078 [    train.py:  236]:	Precision 0.541 Recall 0.432 F1 0.480
[INFO] 2022-09-26 20:58:27,280 [    train.py:  184]:	Epoch 80: 
[INFO] 2022-09-26 20:58:27,280 [    train.py:  185]:	Train:
[INFO] 2022-09-26 20:58:27,284 [    train.py:  197]:	Loss 0.0023, ('Ner Loss', 0.000346052780514583),  ('CLS Classification Loss', 0.0019630896858870983)
[INFO] 2022-09-26 20:58:27,284 [    train.py:  207]:	('Ner Acc', 0.9998871684074402),  ('CLS Classification Acc', 0.9994294047355652)
[INFO] 2022-09-26 20:58:30,325 [    train.py:  219]:	Evaluate:
[INFO] 2022-09-26 20:58:30,326 [    train.py:  226]:	Loss 0.2497, ('Ner Loss', 0.025578856),  ('CLS Classification Loss', 0.22409579)
[INFO] 2022-09-26 20:58:30,326 [    train.py:  227]:	('Ner Acc', 0.99762523), ('CLS Classification Acc', 0.9754965)
[INFO] 2022-09-26 20:58:43,782 [    train.py:  236]:	Precision 0.503 Recall 0.444 F1 0.471
[INFO] 2022-09-26 20:59:37,359 [    train.py:  184]:	Epoch 81: 
[INFO] 2022-09-26 20:59:37,359 [    train.py:  185]:	Train:
[INFO] 2022-09-26 20:59:37,363 [    train.py:  197]:	Loss 0.0022, ('Ner Loss', 0.0003614936431404203),  ('CLS Classification Loss', 0.0017988313920795918)
[INFO] 2022-09-26 20:59:37,363 [    train.py:  207]:	('Ner Acc', 0.9998844861984253),  ('CLS Classification Acc', 0.9995781779289246)
[INFO] 2022-09-26 20:59:40,401 [    train.py:  219]:	Evaluate:
[INFO] 2022-09-26 20:59:40,401 [    train.py:  226]:	Loss 0.2180, ('Ner Loss', 0.024966454),  ('CLS Classification Loss', 0.19300292)
[INFO] 2022-09-26 20:59:40,402 [    train.py:  227]:	('Ner Acc', 0.9976152), ('CLS Classification Acc', 0.97456753)
[INFO] 2022-09-26 20:59:54,368 [    train.py:  236]:	Precision 0.498 Recall 0.439 F1 0.467
[INFO] 2022-09-26 21:00:48,849 [    train.py:  184]:	Epoch 82: 
[INFO] 2022-09-26 21:00:48,850 [    train.py:  185]:	Train:
[INFO] 2022-09-26 21:00:48,859 [    train.py:  197]:	Loss 0.0010, ('Ner Loss', 0.00022641077521257102),  ('CLS Classification Loss', 0.0007459566695615649)
[INFO] 2022-09-26 21:00:48,859 [    train.py:  207]:	('Ner Acc', 0.9999253153800964),  ('CLS Classification Acc', 0.9997270703315735)
[INFO] 2022-09-26 21:00:51,809 [    train.py:  219]:	Evaluate:
[INFO] 2022-09-26 21:00:51,809 [    train.py:  226]:	Loss 0.2548, ('Ner Loss', 0.026143959),  ('CLS Classification Loss', 0.22863455)
[INFO] 2022-09-26 21:00:51,810 [    train.py:  227]:	('Ner Acc', 0.9977146), ('CLS Classification Acc', 0.9751615)
[INFO] 2022-09-26 21:01:05,473 [    train.py:  236]:	Precision 0.520 Recall 0.438 F1 0.476
[INFO] 2022-09-26 21:01:59,866 [    train.py:  184]:	Epoch 83: 
[INFO] 2022-09-26 21:01:59,867 [    train.py:  185]:	Train:
[INFO] 2022-09-26 21:01:59,869 [    train.py:  197]:	Loss 0.0019, ('Ner Loss', 0.0002745716483332217),  ('CLS Classification Loss', 0.0016447616508230567)
[INFO] 2022-09-26 21:01:59,870 [    train.py:  207]:	('Ner Acc', 0.9999168515205383),  ('CLS Classification Acc', 0.9993797540664673)
[INFO] 2022-09-26 21:02:02,778 [    train.py:  219]:	Evaluate:
[INFO] 2022-09-26 21:02:02,779 [    train.py:  226]:	Loss 0.2458, ('Ner Loss', 0.025751606),  ('CLS Classification Loss', 0.2200785)
[INFO] 2022-09-26 21:02:02,779 [    train.py:  227]:	('Ner Acc', 0.9975931), ('CLS Classification Acc', 0.9763341)
[INFO] 2022-09-26 21:02:16,445 [    train.py:  236]:	Precision 0.513 Recall 0.469 F1 0.490
[INFO] 2022-09-26 21:03:11,052 [    train.py:  184]:	Epoch 84: 
[INFO] 2022-09-26 21:03:11,053 [    train.py:  185]:	Train:
[INFO] 2022-09-26 21:03:11,060 [    train.py:  197]:	Loss 0.0020, ('Ner Loss', 0.00021692751033697277),  ('CLS Classification Loss', 0.0017980807460844517)
[INFO] 2022-09-26 21:03:11,060 [    train.py:  207]:	('Ner Acc', 0.9999179244041443),  ('CLS Classification Acc', 0.9994044899940491)
[INFO] 2022-09-26 21:03:13,986 [    train.py:  219]:	Evaluate:
[INFO] 2022-09-26 21:03:13,987 [    train.py:  226]:	Loss 0.2201, ('Ner Loss', 0.024554327),  ('CLS Classification Loss', 0.1955742)
[INFO] 2022-09-26 21:03:13,987 [    train.py:  227]:	('Ner Acc', 0.99764544), ('CLS Classification Acc', 0.976136)
[INFO] 2022-09-26 21:03:27,829 [    train.py:  236]:	Precision 0.513 Recall 0.471 F1 0.491
[INFO] 2022-09-26 21:04:22,283 [    train.py:  184]:	Epoch 85: 
[INFO] 2022-09-26 21:04:22,284 [    train.py:  185]:	Train:
[INFO] 2022-09-26 21:04:22,288 [    train.py:  197]:	Loss 0.0027, ('Ner Loss', 0.00018819706747308373),  ('CLS Classification Loss', 0.0024733208119869232)
[INFO] 2022-09-26 21:04:22,288 [    train.py:  207]:	('Ner Acc', 0.9999297261238098),  ('CLS Classification Acc', 0.9993050694465637)
[INFO] 2022-09-26 21:04:25,206 [    train.py:  219]:	Evaluate:
[INFO] 2022-09-26 21:04:25,207 [    train.py:  226]:	Loss 0.2179, ('Ner Loss', 0.025025984),  ('CLS Classification Loss', 0.19290613)
[INFO] 2022-09-26 21:04:25,207 [    train.py:  227]:	('Ner Acc', 0.9976655), ('CLS Classification Acc', 0.9740954)
[INFO] 2022-09-26 21:04:38,841 [    train.py:  236]:	Precision 0.517 Recall 0.441 F1 0.476
[INFO] 2022-09-26 21:05:32,786 [    train.py:  184]:	Epoch 86: 
[INFO] 2022-09-26 21:05:32,786 [    train.py:  185]:	Train:
[INFO] 2022-09-26 21:05:32,789 [    train.py:  197]:	Loss 0.0015, ('Ner Loss', 0.00019522641377989203),  ('CLS Classification Loss', 0.001312853186391294)
[INFO] 2022-09-26 21:05:32,790 [    train.py:  207]:	('Ner Acc', 0.999940037727356),  ('CLS Classification Acc', 0.9996525645256042)
[INFO] 2022-09-26 21:05:35,745 [    train.py:  219]:	Evaluate:
[INFO] 2022-09-26 21:05:35,745 [    train.py:  226]:	Loss 0.2148, ('Ner Loss', 0.024436945),  ('CLS Classification Loss', 0.1903501)
[INFO] 2022-09-26 21:05:35,746 [    train.py:  227]:	('Ner Acc', 0.9978228), ('CLS Classification Acc', 0.97531366)
[INFO] 2022-09-26 21:05:49,463 [    train.py:  236]:	Precision 0.536 Recall 0.444 F1 0.486
[INFO] 2022-09-26 21:06:43,709 [    train.py:  184]:	Epoch 87: 
[INFO] 2022-09-26 21:06:43,710 [    train.py:  185]:	Train:
[INFO] 2022-09-26 21:06:43,713 [    train.py:  197]:	Loss 0.0013, ('Ner Loss', 0.000181125127710402),  ('CLS Classification Loss', 0.001104057882912457)
[INFO] 2022-09-26 21:06:43,713 [    train.py:  207]:	('Ner Acc', 0.9999350309371948),  ('CLS Classification Acc', 0.9996401071548462)
[INFO] 2022-09-26 21:06:46,564 [    train.py:  219]:	Evaluate:
[INFO] 2022-09-26 21:06:46,565 [    train.py:  226]:	Loss 0.2048, ('Ner Loss', 0.023997692),  ('CLS Classification Loss', 0.18084255)
[INFO] 2022-09-26 21:06:46,565 [    train.py:  227]:	('Ner Acc', 0.997801), ('CLS Classification Acc', 0.97639495)
[INFO] 2022-09-26 21:07:00,178 [    train.py:  236]:	Precision 0.523 Recall 0.475 F1 0.498
[INFO] 2022-09-26 21:07:54,599 [    train.py:  184]:	Epoch 88: 
[INFO] 2022-09-26 21:07:54,599 [    train.py:  185]:	Train:
[INFO] 2022-09-26 21:07:54,602 [    train.py:  197]:	Loss 0.0009, ('Ner Loss', 0.00015323048864956945),  ('CLS Classification Loss', 0.000708177569322288)
[INFO] 2022-09-26 21:07:54,602 [    train.py:  207]:	('Ner Acc', 0.99995356798172),  ('CLS Classification Acc', 0.9997643828392029)
[INFO] 2022-09-26 21:07:57,604 [    train.py:  219]:	Evaluate:
[INFO] 2022-09-26 21:07:57,604 [    train.py:  226]:	Loss 0.2230, ('Ner Loss', 0.026076294),  ('CLS Classification Loss', 0.19693579)
[INFO] 2022-09-26 21:07:57,604 [    train.py:  227]:	('Ner Acc', 0.99767655), ('CLS Classification Acc', 0.9760142)
[INFO] 2022-09-26 21:08:10,936 [    train.py:  236]:	Precision 0.517 Recall 0.471 F1 0.493
[INFO] 2022-09-26 21:09:05,220 [    train.py:  184]:	Epoch 89: 
[INFO] 2022-09-26 21:09:05,221 [    train.py:  185]:	Train:
[INFO] 2022-09-26 21:09:05,228 [    train.py:  197]:	Loss 0.0024, ('Ner Loss', 0.00018758929218165576),  ('CLS Classification Loss', 0.0022413681726902723)
[INFO] 2022-09-26 21:09:05,228 [    train.py:  207]:	('Ner Acc', 0.9999369978904724),  ('CLS Classification Acc', 0.9993053078651428)
[INFO] 2022-09-26 21:09:08,180 [    train.py:  219]:	Evaluate:
[INFO] 2022-09-26 21:09:08,180 [    train.py:  226]:	Loss 0.2127, ('Ner Loss', 0.02553711),  ('CLS Classification Loss', 0.18712251)
[INFO] 2022-09-26 21:09:08,181 [    train.py:  227]:	('Ner Acc', 0.9977952), ('CLS Classification Acc', 0.97537464)
[INFO] 2022-09-26 21:09:21,795 [    train.py:  236]:	Precision 0.539 Recall 0.463 F1 0.498
[INFO] 2022-09-26 21:10:15,847 [    train.py:  184]:	Epoch 90: 
[INFO] 2022-09-26 21:10:15,847 [    train.py:  185]:	Train:
[INFO] 2022-09-26 21:10:15,856 [    train.py:  197]:	Loss 0.0017, ('Ner Loss', 0.00019932733266614377),  ('CLS Classification Loss', 0.0015330342575907707)
[INFO] 2022-09-26 21:10:15,857 [    train.py:  207]:	('Ner Acc', 0.9999330639839172),  ('CLS Classification Acc', 0.9995160698890686)
[INFO] 2022-09-26 21:10:18,917 [    train.py:  219]:	Evaluate:
[INFO] 2022-09-26 21:10:18,917 [    train.py:  226]:	Loss 0.2122, ('Ner Loss', 0.024380837),  ('CLS Classification Loss', 0.18776995)
[INFO] 2022-09-26 21:10:18,917 [    train.py:  227]:	('Ner Acc', 0.9976403), ('CLS Classification Acc', 0.97470456)
[INFO] 2022-09-26 21:10:32,898 [    train.py:  236]:	Precision 0.509 Recall 0.445 F1 0.475
[INFO] 2022-09-26 21:11:26,730 [    train.py:  184]:	Epoch 91: 
[INFO] 2022-09-26 21:11:26,731 [    train.py:  185]:	Train:
[INFO] 2022-09-26 21:11:26,733 [    train.py:  197]:	Loss 0.0018, ('Ner Loss', 0.00017451470193918794),  ('CLS Classification Loss', 0.0016742836451157928)
[INFO] 2022-09-26 21:11:26,733 [    train.py:  207]:	('Ner Acc', 0.9999362230300903),  ('CLS Classification Acc', 0.9995906352996826)
[INFO] 2022-09-26 21:11:29,686 [    train.py:  219]:	Evaluate:
[INFO] 2022-09-26 21:11:29,687 [    train.py:  226]:	Loss 0.1955, ('Ner Loss', 0.024312928),  ('CLS Classification Loss', 0.17118183)
[INFO] 2022-09-26 21:11:29,687 [    train.py:  227]:	('Ner Acc', 0.9977115), ('CLS Classification Acc', 0.9756945)
[INFO] 2022-09-26 21:11:44,206 [    train.py:  236]:	Precision 0.512 Recall 0.482 F1 0.496
[INFO] 2022-09-26 21:12:38,870 [    train.py:  184]:	Epoch 92: 
[INFO] 2022-09-26 21:12:38,870 [    train.py:  185]:	Train:
[INFO] 2022-09-26 21:12:38,875 [    train.py:  197]:	Loss 0.0015, ('Ner Loss', 0.00017492462939117104),  ('CLS Classification Loss', 0.0013029882684350014)
[INFO] 2022-09-26 21:12:38,875 [    train.py:  207]:	('Ner Acc', 0.999936580657959),  ('CLS Classification Acc', 0.9995658993721008)
[INFO] 2022-09-26 21:12:41,705 [    train.py:  219]:	Evaluate:
[INFO] 2022-09-26 21:12:41,706 [    train.py:  226]:	Loss 0.2397, ('Ner Loss', 0.026547754),  ('CLS Classification Loss', 0.21320204)
[INFO] 2022-09-26 21:12:41,706 [    train.py:  227]:	('Ner Acc', 0.9976057), ('CLS Classification Acc', 0.97321206)
[INFO] 2022-09-26 21:12:55,459 [    train.py:  236]:	Precision 0.544 Recall 0.373 F1 0.442
[INFO] 2022-09-26 21:13:49,373 [    train.py:  184]:	Epoch 93: 
[INFO] 2022-09-26 21:13:49,374 [    train.py:  185]:	Train:
[INFO] 2022-09-26 21:13:49,376 [    train.py:  197]:	Loss 0.0013, ('Ner Loss', 0.00022004821221344173),  ('CLS Classification Loss', 0.0010753831593319774)
[INFO] 2022-09-26 21:13:49,376 [    train.py:  207]:	('Ner Acc', 0.9999282956123352),  ('CLS Classification Acc', 0.9996525645256042)
[INFO] 2022-09-26 21:13:52,261 [    train.py:  219]:	Evaluate:
[INFO] 2022-09-26 21:13:52,262 [    train.py:  226]:	Loss 0.2442, ('Ner Loss', 0.0247768),  ('CLS Classification Loss', 0.21944427)
[INFO] 2022-09-26 21:13:52,262 [    train.py:  227]:	('Ner Acc', 0.9976894), ('CLS Classification Acc', 0.9763493)
[INFO] 2022-09-26 21:14:05,937 [    train.py:  236]:	Precision 0.540 Recall 0.476 F1 0.506
[INFO] 2022-09-26 21:14:59,090 [    train.py:  184]:	Epoch 94: 
[INFO] 2022-09-26 21:14:59,090 [    train.py:  185]:	Train:
[INFO] 2022-09-26 21:14:59,096 [    train.py:  197]:	Loss 0.0018, ('Ner Loss', 0.0001620090624783188),  ('CLS Classification Loss', 0.0015955803683027625)
[INFO] 2022-09-26 21:14:59,096 [    train.py:  207]:	('Ner Acc', 0.9999446272850037),  ('CLS Classification Acc', 0.9995656609535217)
[INFO] 2022-09-26 21:15:02,078 [    train.py:  219]:	Evaluate:
[INFO] 2022-09-26 21:15:02,079 [    train.py:  226]:	Loss 0.2222, ('Ner Loss', 0.025434334),  ('CLS Classification Loss', 0.19671793)
[INFO] 2022-09-26 21:15:02,079 [    train.py:  227]:	('Ner Acc', 0.9976698), ('CLS Classification Acc', 0.9742781)
[INFO] 2022-09-26 21:15:15,754 [    train.py:  236]:	Precision 0.489 Recall 0.470 F1 0.479
[INFO] 2022-09-26 21:16:09,681 [    train.py:  184]:	Epoch 95: 
[INFO] 2022-09-26 21:16:09,681 [    train.py:  185]:	Train:
[INFO] 2022-09-26 21:16:09,685 [    train.py:  197]:	Loss 0.0035, ('Ner Loss', 0.0002994234091602266),  ('CLS Classification Loss', 0.0032315070275217295)
[INFO] 2022-09-26 21:16:09,685 [    train.py:  207]:	('Ner Acc', 0.9998996257781982),  ('CLS Classification Acc', 0.9989333152770996)
[INFO] 2022-09-26 21:16:12,569 [    train.py:  219]:	Evaluate:
[INFO] 2022-09-26 21:16:12,570 [    train.py:  226]:	Loss 0.2136, ('Ner Loss', 0.02564557),  ('CLS Classification Loss', 0.18791698)
[INFO] 2022-09-26 21:16:12,570 [    train.py:  227]:	('Ner Acc', 0.9976252), ('CLS Classification Acc', 0.9763035)
[INFO] 2022-09-26 21:16:25,857 [    train.py:  236]:	Precision 0.516 Recall 0.470 F1 0.492
[INFO] 2022-09-26 21:17:20,047 [    train.py:  184]:	Epoch 96: 
[INFO] 2022-09-26 21:17:20,047 [    train.py:  185]:	Train:
[INFO] 2022-09-26 21:17:20,053 [    train.py:  197]:	Loss 0.0021, ('Ner Loss', 0.0002698370662983507),  ('CLS Classification Loss', 0.0018285851692780852)
[INFO] 2022-09-26 21:17:20,053 [    train.py:  207]:	('Ner Acc', 0.9999110698699951),  ('CLS Classification Acc', 0.9995038509368896)
[INFO] 2022-09-26 21:17:22,911 [    train.py:  219]:	Evaluate:
[INFO] 2022-09-26 21:17:22,911 [    train.py:  226]:	Loss 0.2080, ('Ner Loss', 0.024382094),  ('CLS Classification Loss', 0.18360364)
[INFO] 2022-09-26 21:17:22,911 [    train.py:  227]:	('Ner Acc', 0.9976805), ('CLS Classification Acc', 0.9763797)
[INFO] 2022-09-26 21:17:37,102 [    train.py:  236]:	Precision 0.527 Recall 0.466 F1 0.495
[INFO] 2022-09-26 21:18:32,401 [    train.py:  184]:	Epoch 97: 
[INFO] 2022-09-26 21:18:32,402 [    train.py:  185]:	Train:
[INFO] 2022-09-26 21:18:32,406 [    train.py:  197]:	Loss 0.0013, ('Ner Loss', 0.00019683022401295602),  ('CLS Classification Loss', 0.0011415303451940417)
[INFO] 2022-09-26 21:18:32,406 [    train.py:  207]:	('Ner Acc', 0.9999265670776367),  ('CLS Classification Acc', 0.9996649622917175)
[INFO] 2022-09-26 21:18:35,428 [    train.py:  219]:	Evaluate:
[INFO] 2022-09-26 21:18:35,429 [    train.py:  226]:	Loss 0.2198, ('Ner Loss', 0.026102694),  ('CLS Classification Loss', 0.19367674)
[INFO] 2022-09-26 21:18:35,429 [    train.py:  227]:	('Ner Acc', 0.9976519), ('CLS Classification Acc', 0.97595334)
[INFO] 2022-09-26 21:18:49,212 [    train.py:  236]:	Precision 0.525 Recall 0.464 F1 0.492
[INFO] 2022-09-26 21:19:42,978 [    train.py:  184]:	Epoch 98: 
[INFO] 2022-09-26 21:19:42,978 [    train.py:  185]:	Train:
[INFO] 2022-09-26 21:19:42,981 [    train.py:  197]:	Loss 0.0020, ('Ner Loss', 0.00020039906667079777),  ('CLS Classification Loss', 0.0018132197437807918)
[INFO] 2022-09-26 21:19:42,982 [    train.py:  207]:	('Ner Acc', 0.999927818775177),  ('CLS Classification Acc', 0.9994046092033386)
[INFO] 2022-09-26 21:19:45,878 [    train.py:  219]:	Evaluate:
[INFO] 2022-09-26 21:19:45,879 [    train.py:  226]:	Loss 0.2324, ('Ner Loss', 0.026006516),  ('CLS Classification Loss', 0.20635228)
[INFO] 2022-09-26 21:19:45,879 [    train.py:  227]:	('Ner Acc', 0.99764174), ('CLS Classification Acc', 0.9756335)
[INFO] 2022-09-26 21:19:59,367 [    train.py:  236]:	Precision 0.543 Recall 0.413 F1 0.469
[INFO] 2022-09-26 21:20:53,715 [    train.py:  184]:	Epoch 99: 
[INFO] 2022-09-26 21:20:53,716 [    train.py:  185]:	Train:
[INFO] 2022-09-26 21:20:53,718 [    train.py:  197]:	Loss 0.0017, ('Ner Loss', 0.00016164792759809643),  ('CLS Classification Loss', 0.001553105772472918)
[INFO] 2022-09-26 21:20:53,719 [    train.py:  207]:	('Ner Acc', 0.9999450445175171),  ('CLS Classification Acc', 0.9995903968811035)
[INFO] 2022-09-26 21:20:56,635 [    train.py:  219]:	Evaluate:
[INFO] 2022-09-26 21:20:56,636 [    train.py:  226]:	Loss 0.2234, ('Ner Loss', 0.025386441),  ('CLS Classification Loss', 0.1979681)
[INFO] 2022-09-26 21:20:56,636 [    train.py:  227]:	('Ner Acc', 0.99755335), ('CLS Classification Acc', 0.9752985)
[INFO] 2022-09-26 21:21:10,268 [    train.py:  236]:	Precision 0.507 Recall 0.466 F1 0.486
[INFO] 2022-09-26 21:22:04,328 [    train.py:  184]:	Epoch 100: 
[INFO] 2022-09-26 21:22:04,329 [    train.py:  185]:	Train:
[INFO] 2022-09-26 21:22:04,338 [    train.py:  197]:	Loss 0.0016, ('Ner Loss', 0.00015966343926265836),  ('CLS Classification Loss', 0.0014140107668936253)
[INFO] 2022-09-26 21:22:04,338 [    train.py:  207]:	('Ner Acc', 0.9999446272850037),  ('CLS Classification Acc', 0.9995905160903931)
[INFO] 2022-09-26 21:22:07,240 [    train.py:  219]:	Evaluate:
[INFO] 2022-09-26 21:22:07,240 [    train.py:  226]:	Loss 0.1999, ('Ner Loss', 0.025082352),  ('CLS Classification Loss', 0.17477183)
[INFO] 2022-09-26 21:22:07,240 [    train.py:  227]:	('Ner Acc', 0.9976127), ('CLS Classification Acc', 0.975527)
[INFO] 2022-09-26 21:22:21,029 [    train.py:  236]:	Precision 0.512 Recall 0.486 F1 0.499
[INFO] 2022-09-26 21:22:21,029 [    train.py:  256]:	Best Epoch 93; Best f1 0.5059786028949026 precision 0.5403225806451613 recall 0.4757396449704142;
