[INFO] 2022-09-30 10:26:20,328 [    train.py:  509]:	Namespace(block_att_head_num=1, cased=True, d_block=512, data_aug=2, dataset='res16', do_test=True, do_train=True, do_valid=True, drop_null_data=True, dropout_rate=0.2, epochs=100, extra_attention=True, fuse_strategy='update', init_model_dir='', language='en', loss_ratio=1.0, lr=2e-05, mask_sb=True, model_type='end_to_end', output_dir='./output', save_dir='', schema='BIO', task_name='ttee_res16_100epoch_512d_2aug_2e-5lr_cased_0.2dropout_dropnull_1loss_BIO', test_batch_size=32, train_batch_size=16, valid_freq=1)
[INFO] 2022-09-30 10:26:32,061 [    train.py:  119]:	{'init_bert_model': 'bert-base-cased', 'sentence_b': DictWrapper({'texts': ListWrapper(['general of ambience', 'price of drinks', 'quality of drinks', 'style options of drinks', 'prices of food', 'quality of food', 'style options of food', 'general of location', 'general of restaurant', 'miscellaneous of restaurant', 'prices of restaurant', 'general of service']), 'sentiments': ListWrapper(['negative', 'neutral', 'positive'])}), 'num_sentiment_classes': 3, 'subblock_hidden_size': 512, 'subblock_head_num': 1, 'cache_dir': 'bert_models/bert-base-cased', 'fuse_strategy': 'update', 'tagging_schema': 'BIO', 'extra_attention': True, 'dropout': 0.2, 'loss_ratio': 1.0}
[INFO] 2022-09-30 10:26:32,061 [    train.py:  121]:	Number of Train Sentence: 1708
[INFO] 2022-09-30 10:26:32,071 [    train.py:  526]:	Data augment: Merge 2 train data together
[INFO] 2022-09-30 10:28:09,932 [    train.py:  185]:	Epoch 1: 
[INFO] 2022-09-30 10:28:09,933 [    train.py:  186]:	Train:
[INFO] 2022-09-30 10:28:09,936 [    train.py:  198]:	Loss 0.2902, ('Ner Loss', 0.06744640320539474),  ('CLS Classification Loss', 0.2227357178926468)
[INFO] 2022-09-30 10:28:09,936 [    train.py:  208]:	('Ner Acc', 0.9764476418495178),  ('CLS Classification Acc', 0.9290138483047485)
[INFO] 2022-09-30 10:28:15,188 [    train.py:  220]:	Evaluate:
[INFO] 2022-09-30 10:28:15,190 [    train.py:  227]:	Loss 0.1596, ('Ner Loss', 0.022763817),  ('CLS Classification Loss', 0.1368523)
[INFO] 2022-09-30 10:28:15,190 [    train.py:  228]:	('Ner Acc', 0.9962898), ('CLS Classification Acc', 0.9642063)
[INFO] 2022-09-30 10:28:26,794 [    train.py:  237]:	Precision 0.000 Recall 0.000 F1 0.000
[INFO] 2022-09-30 10:29:32,558 [    train.py:  185]:	Epoch 2: 
[INFO] 2022-09-30 10:29:32,558 [    train.py:  186]:	Train:
[INFO] 2022-09-30 10:29:32,561 [    train.py:  198]:	Loss 0.2008, ('Ner Loss', 0.021035296842455864),  ('CLS Classification Loss', 0.17973464727401733)
[INFO] 2022-09-30 10:29:32,562 [    train.py:  208]:	('Ner Acc', 0.99629807472229),  ('CLS Classification Acc', 0.9387896656990051)
[INFO] 2022-09-30 10:29:34,897 [    train.py:  220]:	Evaluate:
[INFO] 2022-09-30 10:29:34,898 [    train.py:  227]:	Loss 0.1403, ('Ner Loss', 0.017908152),  ('CLS Classification Loss', 0.1223484)
[INFO] 2022-09-30 10:29:34,898 [    train.py:  228]:	('Ner Acc', 0.9962898), ('CLS Classification Acc', 0.9641606)
[INFO] 2022-09-30 10:29:43,349 [    train.py:  237]:	Precision 0.000 Recall 0.000 F1 0.000
[INFO] 2022-09-30 10:30:49,227 [    train.py:  185]:	Epoch 3: 
[INFO] 2022-09-30 10:30:49,228 [    train.py:  186]:	Train:
[INFO] 2022-09-30 10:30:49,235 [    train.py:  198]:	Loss 0.1880, ('Ner Loss', 0.01739566959440708),  ('CLS Classification Loss', 0.17064951360225677)
[INFO] 2022-09-30 10:30:49,236 [    train.py:  208]:	('Ner Acc', 0.99625164270401),  ('CLS Classification Acc', 0.9425298571586609)
[INFO] 2022-09-30 10:30:51,546 [    train.py:  220]:	Evaluate:
[INFO] 2022-09-30 10:30:51,546 [    train.py:  227]:	Loss 0.1369, ('Ner Loss', 0.015205714),  ('CLS Classification Loss', 0.12166476)
[INFO] 2022-09-30 10:30:51,546 [    train.py:  228]:	('Ner Acc', 0.9962898), ('CLS Classification Acc', 0.96429354)
[INFO] 2022-09-30 10:30:59,709 [    train.py:  237]:	Precision 0.056 Recall 0.001 F1 0.002
[INFO] 2022-09-30 10:32:05,572 [    train.py:  185]:	Epoch 4: 
[INFO] 2022-09-30 10:32:05,573 [    train.py:  186]:	Train:
[INFO] 2022-09-30 10:32:05,576 [    train.py:  198]:	Loss 0.1780, ('Ner Loss', 0.015629518777132034),  ('CLS Classification Loss', 0.16234226524829865)
[INFO] 2022-09-30 10:32:05,576 [    train.py:  208]:	('Ner Acc', 0.9962202310562134),  ('CLS Classification Acc', 0.9447445273399353)
[INFO] 2022-09-30 10:32:07,873 [    train.py:  220]:	Evaluate:
[INFO] 2022-09-30 10:32:07,874 [    train.py:  227]:	Loss 0.1277, ('Ner Loss', 0.013357085),  ('CLS Classification Loss', 0.11435472)
[INFO] 2022-09-30 10:32:07,874 [    train.py:  228]:	('Ner Acc', 0.99638075), ('CLS Classification Acc', 0.9658884)
[INFO] 2022-09-30 10:32:16,036 [    train.py:  237]:	Precision 0.333 Recall 0.027 F1 0.050
[INFO] 2022-09-30 10:33:21,712 [    train.py:  185]:	Epoch 5: 
[INFO] 2022-09-30 10:33:21,712 [    train.py:  186]:	Train:
[INFO] 2022-09-30 10:33:21,715 [    train.py:  198]:	Loss 0.1649, ('Ner Loss', 0.014369654469192028),  ('CLS Classification Loss', 0.15052403509616852)
[INFO] 2022-09-30 10:33:21,715 [    train.py:  208]:	('Ner Acc', 0.9963216781616211),  ('CLS Classification Acc', 0.9474545121192932)
[INFO] 2022-09-30 10:33:23,997 [    train.py:  220]:	Evaluate:
[INFO] 2022-09-30 10:33:23,997 [    train.py:  227]:	Loss 0.1109, ('Ner Loss', 0.012466139),  ('CLS Classification Loss', 0.09846276)
[INFO] 2022-09-30 10:33:23,998 [    train.py:  228]:	('Ner Acc', 0.99697876), ('CLS Classification Acc', 0.9684344)
[INFO] 2022-09-30 10:33:32,498 [    train.py:  237]:	Precision 0.362 Recall 0.133 F1 0.194
[INFO] 2022-09-30 10:34:38,070 [    train.py:  185]:	Epoch 6: 
[INFO] 2022-09-30 10:34:38,071 [    train.py:  186]:	Train:
[INFO] 2022-09-30 10:34:38,076 [    train.py:  198]:	Loss 0.1447, ('Ner Loss', 0.012892215512692928),  ('CLS Classification Loss', 0.1318119466304779)
[INFO] 2022-09-30 10:34:38,076 [    train.py:  208]:	('Ner Acc', 0.9965119361877441),  ('CLS Classification Acc', 0.9514945149421692)
[INFO] 2022-09-30 10:34:40,376 [    train.py:  220]:	Evaluate:
[INFO] 2022-09-30 10:34:40,377 [    train.py:  227]:	Loss 0.0992, ('Ner Loss', 0.01133544),  ('CLS Classification Loss', 0.087857)
[INFO] 2022-09-30 10:34:40,377 [    train.py:  228]:	('Ner Acc', 0.9970403), ('CLS Classification Acc', 0.9706688)
[INFO] 2022-09-30 10:34:48,576 [    train.py:  237]:	Precision 0.468 Recall 0.185 F1 0.265
[INFO] 2022-09-30 10:35:54,285 [    train.py:  185]:	Epoch 7: 
[INFO] 2022-09-30 10:35:54,285 [    train.py:  186]:	Train:
[INFO] 2022-09-30 10:35:54,289 [    train.py:  198]:	Loss 0.1277, ('Ner Loss', 0.01111938152462244),  ('CLS Classification Loss', 0.11659485846757889)
[INFO] 2022-09-30 10:35:54,289 [    train.py:  208]:	('Ner Acc', 0.9967939853668213),  ('CLS Classification Acc', 0.9552911520004272)
[INFO] 2022-09-30 10:35:56,569 [    train.py:  220]:	Evaluate:
[INFO] 2022-09-30 10:35:56,569 [    train.py:  227]:	Loss 0.0961, ('Ner Loss', 0.010552518),  ('CLS Classification Loss', 0.08553716)
[INFO] 2022-09-30 10:35:56,570 [    train.py:  228]:	('Ner Acc', 0.9970405), ('CLS Classification Acc', 0.9719439)
[INFO] 2022-09-30 10:36:04,671 [    train.py:  237]:	Precision 0.380 Recall 0.257 F1 0.307
[INFO] 2022-09-30 10:37:10,429 [    train.py:  185]:	Epoch 8: 
[INFO] 2022-09-30 10:37:10,430 [    train.py:  186]:	Train:
[INFO] 2022-09-30 10:37:10,437 [    train.py:  198]:	Loss 0.1151, ('Ner Loss', 0.009999924339354038),  ('CLS Classification Loss', 0.10512511432170868)
[INFO] 2022-09-30 10:37:10,437 [    train.py:  208]:	('Ner Acc', 0.996953547000885),  ('CLS Classification Acc', 0.9598907828330994)
[INFO] 2022-09-30 10:37:12,730 [    train.py:  220]:	Evaluate:
[INFO] 2022-09-30 10:37:12,730 [    train.py:  227]:	Loss 0.0871, ('Ner Loss', 0.010731145),  ('CLS Classification Loss', 0.07632761)
[INFO] 2022-09-30 10:37:12,730 [    train.py:  228]:	('Ner Acc', 0.99710006), ('CLS Classification Acc', 0.9735389)
[INFO] 2022-09-30 10:37:20,817 [    train.py:  237]:	Precision 0.383 Recall 0.282 F1 0.325
[INFO] 2022-09-30 10:38:26,862 [    train.py:  185]:	Epoch 9: 
[INFO] 2022-09-30 10:38:26,863 [    train.py:  186]:	Train:
[INFO] 2022-09-30 10:38:26,866 [    train.py:  198]:	Loss 0.0968, ('Ner Loss', 0.008834698237478733),  ('CLS Classification Loss', 0.08796530216932297)
[INFO] 2022-09-30 10:38:26,866 [    train.py:  208]:	('Ner Acc', 0.9971686601638794),  ('CLS Classification Acc', 0.9658293128013611)
[INFO] 2022-09-30 10:38:29,155 [    train.py:  220]:	Evaluate:
[INFO] 2022-09-30 10:38:29,156 [    train.py:  227]:	Loss 0.0888, ('Ner Loss', 0.008820973),  ('CLS Classification Loss', 0.07997445)
[INFO] 2022-09-30 10:38:29,156 [    train.py:  228]:	('Ner Acc', 0.9974151), ('CLS Classification Acc', 0.97615534)
[INFO] 2022-09-30 10:38:37,608 [    train.py:  237]:	Precision 0.503 Recall 0.347 F1 0.410
[INFO] 2022-09-30 10:39:43,195 [    train.py:  185]:	Epoch 10: 
[INFO] 2022-09-30 10:39:43,196 [    train.py:  186]:	Train:
[INFO] 2022-09-30 10:39:43,201 [    train.py:  198]:	Loss 0.0826, ('Ner Loss', 0.007492436561733484),  ('CLS Classification Loss', 0.07511568814516068)
[INFO] 2022-09-30 10:39:43,201 [    train.py:  208]:	('Ner Acc', 0.9973737597465515),  ('CLS Classification Acc', 0.9710294604301453)
[INFO] 2022-09-30 10:39:45,497 [    train.py:  220]:	Evaluate:
[INFO] 2022-09-30 10:39:45,498 [    train.py:  227]:	Loss 0.0779, ('Ner Loss', 0.008548951),  ('CLS Classification Loss', 0.06938639)
[INFO] 2022-09-30 10:39:45,498 [    train.py:  228]:	('Ner Acc', 0.9975403), ('CLS Classification Acc', 0.97865576)
[INFO] 2022-09-30 10:39:53,624 [    train.py:  237]:	Precision 0.514 Recall 0.435 F1 0.471
[INFO] 2022-09-30 10:40:59,051 [    train.py:  185]:	Epoch 11: 
[INFO] 2022-09-30 10:40:59,052 [    train.py:  186]:	Train:
[INFO] 2022-09-30 10:40:59,056 [    train.py:  198]:	Loss 0.0702, ('Ner Loss', 0.006486996542662382),  ('CLS Classification Loss', 0.06375563144683838)
[INFO] 2022-09-30 10:40:59,056 [    train.py:  208]:	('Ner Acc', 0.9975945353507996),  ('CLS Classification Acc', 0.9748995900154114)
[INFO] 2022-09-30 10:41:01,374 [    train.py:  220]:	Evaluate:
[INFO] 2022-09-30 10:41:01,375 [    train.py:  227]:	Loss 0.0900, ('Ner Loss', 0.008813672),  ('CLS Classification Loss', 0.08121417)
[INFO] 2022-09-30 10:41:01,375 [    train.py:  228]:	('Ner Acc', 0.99775845), ('CLS Classification Acc', 0.97769636)
[INFO] 2022-09-30 10:41:09,670 [    train.py:  237]:	Precision 0.536 Recall 0.480 F1 0.506
[INFO] 2022-09-30 10:42:15,797 [    train.py:  185]:	Epoch 12: 
[INFO] 2022-09-30 10:42:15,798 [    train.py:  186]:	Train:
[INFO] 2022-09-30 10:42:15,802 [    train.py:  198]:	Loss 0.0610, ('Ner Loss', 0.005685593467205763),  ('CLS Classification Loss', 0.05535830184817314)
[INFO] 2022-09-30 10:42:15,802 [    train.py:  208]:	('Ner Acc', 0.9978711009025574),  ('CLS Classification Acc', 0.9782172441482544)
[INFO] 2022-09-30 10:42:18,116 [    train.py:  220]:	Evaluate:
[INFO] 2022-09-30 10:42:18,117 [    train.py:  227]:	Loss 0.0939, ('Ner Loss', 0.008896532),  ('CLS Classification Loss', 0.08501291)
[INFO] 2022-09-30 10:42:18,117 [    train.py:  228]:	('Ner Acc', 0.9978793), ('CLS Classification Acc', 0.97902536)
[INFO] 2022-09-30 10:42:26,659 [    train.py:  237]:	Precision 0.600 Recall 0.477 F1 0.532
[INFO] 2022-09-30 10:43:32,477 [    train.py:  185]:	Epoch 13: 
[INFO] 2022-09-30 10:43:32,478 [    train.py:  186]:	Train:
[INFO] 2022-09-30 10:43:32,482 [    train.py:  198]:	Loss 0.0541, ('Ner Loss', 0.005252641160041094),  ('CLS Classification Loss', 0.048856403678655624)
[INFO] 2022-09-30 10:43:32,483 [    train.py:  208]:	('Ner Acc', 0.9979600310325623),  ('CLS Classification Acc', 0.9808459281921387)
[INFO] 2022-09-30 10:43:34,826 [    train.py:  220]:	Evaluate:
[INFO] 2022-09-30 10:43:34,827 [    train.py:  227]:	Loss 0.0957, ('Ner Loss', 0.008646805),  ('CLS Classification Loss', 0.08703203)
[INFO] 2022-09-30 10:43:34,827 [    train.py:  228]:	('Ner Acc', 0.9978716), ('CLS Classification Acc', 0.9800638)
[INFO] 2022-09-30 10:43:43,092 [    train.py:  237]:	Precision 0.581 Recall 0.495 F1 0.534
[INFO] 2022-09-30 10:44:48,710 [    train.py:  185]:	Epoch 14: 
[INFO] 2022-09-30 10:44:48,711 [    train.py:  186]:	Train:
[INFO] 2022-09-30 10:44:48,718 [    train.py:  198]:	Loss 0.0446, ('Ner Loss', 0.004427370149642229),  ('CLS Classification Loss', 0.040174759924411774)
[INFO] 2022-09-30 10:44:48,718 [    train.py:  208]:	('Ner Acc', 0.998242974281311),  ('CLS Classification Acc', 0.984261691570282)
[INFO] 2022-09-30 10:44:51,023 [    train.py:  220]:	Evaluate:
[INFO] 2022-09-30 10:44:51,024 [    train.py:  227]:	Loss 0.1127, ('Ner Loss', 0.009208567),  ('CLS Classification Loss', 0.10353514)
[INFO] 2022-09-30 10:44:51,024 [    train.py:  228]:	('Ner Acc', 0.99765253), ('CLS Classification Acc', 0.9783359)
[INFO] 2022-09-30 10:44:59,358 [    train.py:  237]:	Precision 0.552 Recall 0.512 F1 0.531
[INFO] 2022-09-30 10:46:05,589 [    train.py:  185]:	Epoch 15: 
[INFO] 2022-09-30 10:46:05,589 [    train.py:  186]:	Train:
[INFO] 2022-09-30 10:46:05,591 [    train.py:  198]:	Loss 0.0391, ('Ner Loss', 0.003977844025939703),  ('CLS Classification Loss', 0.03513528034090996)
[INFO] 2022-09-30 10:46:05,591 [    train.py:  208]:	('Ner Acc', 0.9983608722686768),  ('CLS Classification Acc', 0.9864519238471985)
[INFO] 2022-09-30 10:46:07,861 [    train.py:  220]:	Evaluate:
[INFO] 2022-09-30 10:46:07,861 [    train.py:  227]:	Loss 0.1110, ('Ner Loss', 0.009164143),  ('CLS Classification Loss', 0.10180014)
[INFO] 2022-09-30 10:46:07,861 [    train.py:  228]:	('Ner Acc', 0.9978231), ('CLS Classification Acc', 0.9798977)
[INFO] 2022-09-30 10:46:16,097 [    train.py:  237]:	Precision 0.579 Recall 0.555 F1 0.567
[INFO] 2022-09-30 10:47:21,796 [    train.py:  185]:	Epoch 16: 
[INFO] 2022-09-30 10:47:21,797 [    train.py:  186]:	Train:
[INFO] 2022-09-30 10:47:21,802 [    train.py:  198]:	Loss 0.0334, ('Ner Loss', 0.0036122172605246305),  ('CLS Classification Loss', 0.029769763350486755)
[INFO] 2022-09-30 10:47:21,802 [    train.py:  208]:	('Ner Acc', 0.998496413230896),  ('CLS Classification Acc', 0.9884148240089417)
[INFO] 2022-09-30 10:47:24,095 [    train.py:  220]:	Evaluate:
[INFO] 2022-09-30 10:47:24,095 [    train.py:  227]:	Loss 0.1117, ('Ner Loss', 0.009503461),  ('CLS Classification Loss', 0.10221317)
[INFO] 2022-09-30 10:47:24,095 [    train.py:  228]:	('Ner Acc', 0.99794215), ('CLS Classification Acc', 0.9792081)
[INFO] 2022-09-30 10:47:32,600 [    train.py:  237]:	Precision 0.585 Recall 0.579 F1 0.582
[INFO] 2022-09-30 10:48:38,667 [    train.py:  185]:	Epoch 17: 
[INFO] 2022-09-30 10:48:38,668 [    train.py:  186]:	Train:
[INFO] 2022-09-30 10:48:38,674 [    train.py:  198]:	Loss 0.0294, ('Ner Loss', 0.0032828617841005325),  ('CLS Classification Loss', 0.026135278865695)
[INFO] 2022-09-30 10:48:38,675 [    train.py:  208]:	('Ner Acc', 0.9986264705657959),  ('CLS Classification Acc', 0.9899645447731018)
[INFO] 2022-09-30 10:48:41,032 [    train.py:  220]:	Evaluate:
[INFO] 2022-09-30 10:48:41,032 [    train.py:  227]:	Loss 0.1034, ('Ner Loss', 0.00849275),  ('CLS Classification Loss', 0.09492656)
[INFO] 2022-09-30 10:48:41,033 [    train.py:  228]:	('Ner Acc', 0.99788326), ('CLS Classification Acc', 0.9790711)
[INFO] 2022-09-30 10:48:49,139 [    train.py:  237]:	Precision 0.557 Recall 0.601 F1 0.578
[INFO] 2022-09-30 10:49:54,899 [    train.py:  185]:	Epoch 18: 
[INFO] 2022-09-30 10:49:54,899 [    train.py:  186]:	Train:
[INFO] 2022-09-30 10:49:54,904 [    train.py:  198]:	Loss 0.0255, ('Ner Loss', 0.0029874765314161777),  ('CLS Classification Loss', 0.02251669205725193)
[INFO] 2022-09-30 10:49:54,904 [    train.py:  208]:	('Ner Acc', 0.9987208843231201),  ('CLS Classification Acc', 0.9916189908981323)
[INFO] 2022-09-30 10:49:57,237 [    train.py:  220]:	Evaluate:
[INFO] 2022-09-30 10:49:57,238 [    train.py:  227]:	Loss 0.1197, ('Ner Loss', 0.0106301885),  ('CLS Classification Loss', 0.109098576)
[INFO] 2022-09-30 10:49:57,238 [    train.py:  228]:	('Ner Acc', 0.9978632), ('CLS Classification Acc', 0.98152995)
[INFO] 2022-09-30 10:50:05,500 [    train.py:  237]:	Precision 0.606 Recall 0.570 F1 0.588
[INFO] 2022-09-30 10:51:11,259 [    train.py:  185]:	Epoch 19: 
[INFO] 2022-09-30 10:51:11,259 [    train.py:  186]:	Train:
[INFO] 2022-09-30 10:51:11,263 [    train.py:  198]:	Loss 0.0226, ('Ner Loss', 0.0027397924568504095),  ('CLS Classification Loss', 0.01987924799323082)
[INFO] 2022-09-30 10:51:11,263 [    train.py:  208]:	('Ner Acc', 0.9988130331039429),  ('CLS Classification Acc', 0.9923652410507202)
[INFO] 2022-09-30 10:51:13,603 [    train.py:  220]:	Evaluate:
[INFO] 2022-09-30 10:51:13,604 [    train.py:  227]:	Loss 0.1237, ('Ner Loss', 0.010373642),  ('CLS Classification Loss', 0.11331109)
[INFO] 2022-09-30 10:51:13,604 [    train.py:  228]:	('Ner Acc', 0.99783516), ('CLS Classification Acc', 0.98094004)
[INFO] 2022-09-30 10:51:21,840 [    train.py:  237]:	Precision 0.586 Recall 0.593 F1 0.589
[INFO] 2022-09-30 10:52:27,735 [    train.py:  185]:	Epoch 20: 
[INFO] 2022-09-30 10:52:27,736 [    train.py:  186]:	Train:
[INFO] 2022-09-30 10:52:27,739 [    train.py:  198]:	Loss 0.0207, ('Ner Loss', 0.0025035804137587547),  ('CLS Classification Loss', 0.018186375498771667)
[INFO] 2022-09-30 10:52:27,739 [    train.py:  208]:	('Ner Acc', 0.998948335647583),  ('CLS Classification Acc', 0.9933712482452393)
[INFO] 2022-09-30 10:52:30,065 [    train.py:  220]:	Evaluate:
[INFO] 2022-09-30 10:52:30,066 [    train.py:  227]:	Loss 0.1208, ('Ner Loss', 0.010113851),  ('CLS Classification Loss', 0.11070611)
[INFO] 2022-09-30 10:52:30,066 [    train.py:  228]:	('Ner Acc', 0.9978487), ('CLS Classification Acc', 0.98094016)
[INFO] 2022-09-30 10:52:38,314 [    train.py:  237]:	Precision 0.579 Recall 0.593 F1 0.586
[INFO] 2022-09-30 10:53:44,039 [    train.py:  185]:	Epoch 21: 
[INFO] 2022-09-30 10:53:44,039 [    train.py:  186]:	Train:
[INFO] 2022-09-30 10:53:44,042 [    train.py:  198]:	Loss 0.0195, ('Ner Loss', 0.002246670424938202),  ('CLS Classification Loss', 0.01727202907204628)
[INFO] 2022-09-30 10:53:44,042 [    train.py:  208]:	('Ner Acc', 0.9990351796150208),  ('CLS Classification Acc', 0.9936636686325073)
[INFO] 2022-09-30 10:53:46,391 [    train.py:  220]:	Evaluate:
[INFO] 2022-09-30 10:53:46,392 [    train.py:  227]:	Loss 0.1235, ('Ner Loss', 0.010188341),  ('CLS Classification Loss', 0.11331463)
[INFO] 2022-09-30 10:53:46,392 [    train.py:  228]:	('Ner Acc', 0.9979679), ('CLS Classification Acc', 0.98147583)
[INFO] 2022-09-30 10:53:54,555 [    train.py:  237]:	Precision 0.592 Recall 0.596 F1 0.594
[INFO] 2022-09-30 10:55:00,185 [    train.py:  185]:	Epoch 22: 
[INFO] 2022-09-30 10:55:00,185 [    train.py:  186]:	Train:
[INFO] 2022-09-30 10:55:00,188 [    train.py:  198]:	Loss 0.0153, ('Ner Loss', 0.0020455496851354837),  ('CLS Classification Loss', 0.013239949941635132)
[INFO] 2022-09-30 10:55:00,188 [    train.py:  208]:	('Ner Acc', 0.9991294145584106),  ('CLS Classification Acc', 0.9950342178344727)
[INFO] 2022-09-30 10:55:02,525 [    train.py:  220]:	Evaluate:
[INFO] 2022-09-30 10:55:02,526 [    train.py:  227]:	Loss 0.1322, ('Ner Loss', 0.01151413),  ('CLS Classification Loss', 0.120672)
[INFO] 2022-09-30 10:55:02,526 [    train.py:  228]:	('Ner Acc', 0.99792904), ('CLS Classification Acc', 0.9815756)
[INFO] 2022-09-30 10:55:10,592 [    train.py:  237]:	Precision 0.596 Recall 0.591 F1 0.594
[INFO] 2022-09-30 10:56:16,902 [    train.py:  185]:	Epoch 23: 
[INFO] 2022-09-30 10:56:16,903 [    train.py:  186]:	Train:
[INFO] 2022-09-30 10:56:16,908 [    train.py:  198]:	Loss 0.0146, ('Ner Loss', 0.001910180551931262),  ('CLS Classification Loss', 0.01264096423983574)
[INFO] 2022-09-30 10:56:16,909 [    train.py:  208]:	('Ner Acc', 0.999171793460846),  ('CLS Classification Acc', 0.9954885244369507)
[INFO] 2022-09-30 10:56:19,303 [    train.py:  220]:	Evaluate:
[INFO] 2022-09-30 10:56:19,304 [    train.py:  227]:	Loss 0.1196, ('Ner Loss', 0.010815724),  ('CLS Classification Loss', 0.10881635)
[INFO] 2022-09-30 10:56:19,304 [    train.py:  228]:	('Ner Acc', 0.998008), ('CLS Classification Acc', 0.98202413)
[INFO] 2022-09-30 10:56:27,436 [    train.py:  237]:	Precision 0.624 Recall 0.602 F1 0.613
[INFO] 2022-09-30 10:57:33,727 [    train.py:  185]:	Epoch 24: 
[INFO] 2022-09-30 10:57:33,727 [    train.py:  186]:	Train:
[INFO] 2022-09-30 10:57:33,732 [    train.py:  198]:	Loss 0.0130, ('Ner Loss', 0.0016424552304670215),  ('CLS Classification Loss', 0.011389845982193947)
[INFO] 2022-09-30 10:57:33,732 [    train.py:  208]:	('Ner Acc', 0.9992867112159729),  ('CLS Classification Acc', 0.9959431290626526)
[INFO] 2022-09-30 10:57:36,071 [    train.py:  220]:	Evaluate:
[INFO] 2022-09-30 10:57:36,072 [    train.py:  227]:	Loss 0.1204, ('Ner Loss', 0.010661434),  ('CLS Classification Loss', 0.109726906)
[INFO] 2022-09-30 10:57:36,072 [    train.py:  228]:	('Ner Acc', 0.9980222), ('CLS Classification Acc', 0.9822153)
[INFO] 2022-09-30 10:57:44,246 [    train.py:  237]:	Precision 0.601 Recall 0.629 F1 0.615
[INFO] 2022-09-30 10:58:49,808 [    train.py:  185]:	Epoch 25: 
[INFO] 2022-09-30 10:58:49,809 [    train.py:  186]:	Train:
[INFO] 2022-09-30 10:58:49,813 [    train.py:  198]:	Loss 0.0118, ('Ner Loss', 0.0015347214648500085),  ('CLS Classification Loss', 0.01030644215643406)
[INFO] 2022-09-30 10:58:49,813 [    train.py:  208]:	('Ner Acc', 0.9993342757225037),  ('CLS Classification Acc', 0.9961459636688232)
[INFO] 2022-09-30 10:58:52,189 [    train.py:  220]:	Evaluate:
[INFO] 2022-09-30 10:58:52,190 [    train.py:  227]:	Loss 0.1286, ('Ner Loss', 0.012067681),  ('CLS Classification Loss', 0.11650152)
[INFO] 2022-09-30 10:58:52,190 [    train.py:  228]:	('Ner Acc', 0.9981083), ('CLS Classification Acc', 0.9810273)
[INFO] 2022-09-30 10:59:00,226 [    train.py:  237]:	Precision 0.617 Recall 0.573 F1 0.594
[INFO] 2022-09-30 11:00:05,828 [    train.py:  185]:	Epoch 26: 
[INFO] 2022-09-30 11:00:05,829 [    train.py:  186]:	Train:
[INFO] 2022-09-30 11:00:05,832 [    train.py:  198]:	Loss 0.0102, ('Ner Loss', 0.0014841670636087656),  ('CLS Classification Loss', 0.00876118429005146)
[INFO] 2022-09-30 11:00:05,832 [    train.py:  208]:	('Ner Acc', 0.9993609189987183),  ('CLS Classification Acc', 0.9969165921211243)
[INFO] 2022-09-30 11:00:08,174 [    train.py:  220]:	Evaluate:
[INFO] 2022-09-30 11:00:08,175 [    train.py:  227]:	Loss 0.1307, ('Ner Loss', 0.011474632),  ('CLS Classification Loss', 0.119206175)
[INFO] 2022-09-30 11:00:08,175 [    train.py:  228]:	('Ner Acc', 0.9980271), ('CLS Classification Acc', 0.9819826)
[INFO] 2022-09-30 11:00:16,312 [    train.py:  237]:	Precision 0.616 Recall 0.604 F1 0.610
[INFO] 2022-09-30 11:01:22,121 [    train.py:  185]:	Epoch 27: 
[INFO] 2022-09-30 11:01:22,121 [    train.py:  186]:	Train:
[INFO] 2022-09-30 11:01:22,125 [    train.py:  198]:	Loss 0.0101, ('Ner Loss', 0.0013984215911477804),  ('CLS Classification Loss', 0.008707024157047272)
[INFO] 2022-09-30 11:01:22,126 [    train.py:  208]:	('Ner Acc', 0.9993934035301208),  ('CLS Classification Acc', 0.9969814419746399)
[INFO] 2022-09-30 11:01:24,452 [    train.py:  220]:	Evaluate:
[INFO] 2022-09-30 11:01:24,453 [    train.py:  227]:	Loss 0.1347, ('Ner Loss', 0.011658457),  ('CLS Classification Loss', 0.12299565)
[INFO] 2022-09-30 11:01:24,453 [    train.py:  228]:	('Ner Acc', 0.9980862), ('CLS Classification Acc', 0.9817999)
[INFO] 2022-09-30 11:01:33,043 [    train.py:  237]:	Precision 0.626 Recall 0.618 F1 0.622
[INFO] 2022-09-30 11:02:38,780 [    train.py:  185]:	Epoch 28: 
[INFO] 2022-09-30 11:02:38,781 [    train.py:  186]:	Train:
[INFO] 2022-09-30 11:02:38,786 [    train.py:  198]:	Loss 0.0087, ('Ner Loss', 0.0012248579878360033),  ('CLS Classification Loss', 0.00745397200807929)
[INFO] 2022-09-30 11:02:38,786 [    train.py:  208]:	('Ner Acc', 0.9994764924049377),  ('CLS Classification Acc', 0.9972413778305054)
[INFO] 2022-09-30 11:02:41,126 [    train.py:  220]:	Evaluate:
[INFO] 2022-09-30 11:02:41,126 [    train.py:  227]:	Loss 0.1401, ('Ner Loss', 0.012605372),  ('CLS Classification Loss', 0.12748216)
[INFO] 2022-09-30 11:02:41,126 [    train.py:  228]:	('Ner Acc', 0.9981393), ('CLS Classification Acc', 0.9822112)
[INFO] 2022-09-30 11:02:49,328 [    train.py:  237]:	Precision 0.626 Recall 0.612 F1 0.619
[INFO] 2022-09-30 11:03:55,199 [    train.py:  185]:	Epoch 29: 
[INFO] 2022-09-30 11:03:55,199 [    train.py:  186]:	Train:
[INFO] 2022-09-30 11:03:55,202 [    train.py:  198]:	Loss 0.0084, ('Ner Loss', 0.0012519641313701868),  ('CLS Classification Loss', 0.007140502333641052)
[INFO] 2022-09-30 11:03:55,202 [    train.py:  208]:	('Ner Acc', 0.9994769096374512),  ('CLS Classification Acc', 0.9972654581069946)
[INFO] 2022-09-30 11:03:57,566 [    train.py:  220]:	Evaluate:
[INFO] 2022-09-30 11:03:57,567 [    train.py:  227]:	Loss 0.1393, ('Ner Loss', 0.0122468565),  ('CLS Classification Loss', 0.12709565)
[INFO] 2022-09-30 11:03:57,567 [    train.py:  228]:	('Ner Acc', 0.99812025), ('CLS Classification Acc', 0.9807948)
[INFO] 2022-09-30 11:04:05,815 [    train.py:  237]:	Precision 0.614 Recall 0.594 F1 0.604
[INFO] 2022-09-30 11:05:11,862 [    train.py:  185]:	Epoch 30: 
[INFO] 2022-09-30 11:05:11,862 [    train.py:  186]:	Train:
[INFO] 2022-09-30 11:05:11,865 [    train.py:  198]:	Loss 0.0077, ('Ner Loss', 0.0010751611553132534),  ('CLS Classification Loss', 0.006602570880204439)
[INFO] 2022-09-30 11:05:11,866 [    train.py:  208]:	('Ner Acc', 0.9995298385620117),  ('CLS Classification Acc', 0.9975818395614624)
[INFO] 2022-09-30 11:05:14,238 [    train.py:  220]:	Evaluate:
[INFO] 2022-09-30 11:05:14,239 [    train.py:  227]:	Loss 0.1467, ('Ner Loss', 0.012533081),  ('CLS Classification Loss', 0.13416193)
[INFO] 2022-09-30 11:05:14,239 [    train.py:  228]:	('Ner Acc', 0.99796754), ('CLS Classification Acc', 0.9813846)
[INFO] 2022-09-30 11:05:22,409 [    train.py:  237]:	Precision 0.598 Recall 0.624 F1 0.610
[INFO] 2022-09-30 11:06:28,451 [    train.py:  185]:	Epoch 31: 
[INFO] 2022-09-30 11:06:28,452 [    train.py:  186]:	Train:
[INFO] 2022-09-30 11:06:28,458 [    train.py:  198]:	Loss 0.0087, ('Ner Loss', 0.0010871551930904388),  ('CLS Classification Loss', 0.007580980192869902)
[INFO] 2022-09-30 11:06:28,458 [    train.py:  208]:	('Ner Acc', 0.999541163444519),  ('CLS Classification Acc', 0.9975331425666809)
[INFO] 2022-09-30 11:06:30,827 [    train.py:  220]:	Evaluate:
[INFO] 2022-09-30 11:06:30,828 [    train.py:  227]:	Loss 0.1299, ('Ner Loss', 0.012385546),  ('CLS Classification Loss', 0.117557414)
[INFO] 2022-09-30 11:06:30,828 [    train.py:  228]:	('Ner Acc', 0.99798316), ('CLS Classification Acc', 0.98093605)
[INFO] 2022-09-30 11:06:38,919 [    train.py:  237]:	Precision 0.588 Recall 0.595 F1 0.591
[INFO] 2022-09-30 11:07:44,833 [    train.py:  185]:	Epoch 32: 
[INFO] 2022-09-30 11:07:44,833 [    train.py:  186]:	Train:
[INFO] 2022-09-30 11:07:44,836 [    train.py:  198]:	Loss 0.0073, ('Ner Loss', 0.001087966957129538),  ('CLS Classification Loss', 0.006217366550117731)
[INFO] 2022-09-30 11:07:44,836 [    train.py:  208]:	('Ner Acc', 0.9995566606521606),  ('CLS Classification Acc', 0.9978819489479065)
[INFO] 2022-09-30 11:07:47,165 [    train.py:  220]:	Evaluate:
[INFO] 2022-09-30 11:07:47,166 [    train.py:  227]:	Loss 0.1466, ('Ner Loss', 0.012905613),  ('CLS Classification Loss', 0.1337353)
[INFO] 2022-09-30 11:07:47,166 [    train.py:  228]:	('Ner Acc', 0.9980253), ('CLS Classification Acc', 0.98038775)
[INFO] 2022-09-30 11:07:55,364 [    train.py:  237]:	Precision 0.583 Recall 0.616 F1 0.599
[INFO] 2022-09-30 11:09:01,420 [    train.py:  185]:	Epoch 33: 
[INFO] 2022-09-30 11:09:01,421 [    train.py:  186]:	Train:
[INFO] 2022-09-30 11:09:01,423 [    train.py:  198]:	Loss 0.0062, ('Ner Loss', 0.0009496111888438463),  ('CLS Classification Loss', 0.00521274097263813)
[INFO] 2022-09-30 11:09:01,424 [    train.py:  208]:	('Ner Acc', 0.9996097087860107),  ('CLS Classification Acc', 0.9980849623680115)
[INFO] 2022-09-30 11:09:03,768 [    train.py:  220]:	Evaluate:
[INFO] 2022-09-30 11:09:03,775 [    train.py:  227]:	Loss 0.1509, ('Ner Loss', 0.012937723),  ('CLS Classification Loss', 0.13798416)
[INFO] 2022-09-30 11:09:03,776 [    train.py:  228]:	('Ner Acc', 0.9980522), ('CLS Classification Acc', 0.98165864)
[INFO] 2022-09-30 11:09:11,989 [    train.py:  237]:	Precision 0.606 Recall 0.614 F1 0.610
[INFO] 2022-09-30 11:10:18,512 [    train.py:  185]:	Epoch 34: 
[INFO] 2022-09-30 11:10:18,512 [    train.py:  186]:	Train:
[INFO] 2022-09-30 11:10:18,516 [    train.py:  198]:	Loss 0.0049, ('Ner Loss', 0.0008568266639485955),  ('CLS Classification Loss', 0.0040559046901762486)
[INFO] 2022-09-30 11:10:18,517 [    train.py:  208]:	('Ner Acc', 0.9996479153633118),  ('CLS Classification Acc', 0.9985877871513367)
[INFO] 2022-09-30 11:10:20,895 [    train.py:  220]:	Evaluate:
[INFO] 2022-09-30 11:10:20,896 [    train.py:  227]:	Loss 0.1486, ('Ner Loss', 0.012747261),  ('CLS Classification Loss', 0.13587213)
[INFO] 2022-09-30 11:10:20,896 [    train.py:  228]:	('Ner Acc', 0.998105), ('CLS Classification Acc', 0.9817541)
[INFO] 2022-09-30 11:10:29,103 [    train.py:  237]:	Precision 0.616 Recall 0.607 F1 0.611
[INFO] 2022-09-30 11:11:34,916 [    train.py:  185]:	Epoch 35: 
[INFO] 2022-09-30 11:11:34,917 [    train.py:  186]:	Train:
[INFO] 2022-09-30 11:11:34,920 [    train.py:  198]:	Loss 0.0053, ('Ner Loss', 0.0008348721894435585),  ('CLS Classification Loss', 0.0045041730627417564)
[INFO] 2022-09-30 11:11:34,920 [    train.py:  208]:	('Ner Acc', 0.9996505379676819),  ('CLS Classification Acc', 0.9985551834106445)
[INFO] 2022-09-30 11:11:37,241 [    train.py:  220]:	Evaluate:
[INFO] 2022-09-30 11:11:37,242 [    train.py:  227]:	Loss 0.1504, ('Ner Loss', 0.012740277),  ('CLS Classification Loss', 0.1376655)
[INFO] 2022-09-30 11:11:37,242 [    train.py:  228]:	('Ner Acc', 0.99804807), ('CLS Classification Acc', 0.9818871)
[INFO] 2022-09-30 11:11:45,641 [    train.py:  237]:	Precision 0.608 Recall 0.619 F1 0.614
[INFO] 2022-09-30 11:12:51,498 [    train.py:  185]:	Epoch 36: 
[INFO] 2022-09-30 11:12:51,499 [    train.py:  186]:	Train:
[INFO] 2022-09-30 11:12:51,504 [    train.py:  198]:	Loss 0.0049, ('Ner Loss', 0.0007371602114289999),  ('CLS Classification Loss', 0.004116069991141558)
[INFO] 2022-09-30 11:12:51,505 [    train.py:  208]:	('Ner Acc', 0.9996832013130188),  ('CLS Classification Acc', 0.9986528158187866)
[INFO] 2022-09-30 11:12:53,866 [    train.py:  220]:	Evaluate:
[INFO] 2022-09-30 11:12:53,867 [    train.py:  227]:	Loss 0.1463, ('Ner Loss', 0.014724465),  ('CLS Classification Loss', 0.13158688)
[INFO] 2022-09-30 11:12:53,867 [    train.py:  228]:	('Ner Acc', 0.9980985), ('CLS Classification Acc', 0.98184144)
[INFO] 2022-09-30 11:13:01,931 [    train.py:  237]:	Precision 0.636 Recall 0.568 F1 0.600
[INFO] 2022-09-30 11:14:07,547 [    train.py:  185]:	Epoch 37: 
[INFO] 2022-09-30 11:14:07,547 [    train.py:  186]:	Train:
[INFO] 2022-09-30 11:14:07,551 [    train.py:  198]:	Loss 0.0060, ('Ner Loss', 0.0007808914524503052),  ('CLS Classification Loss', 0.005262075923383236)
[INFO] 2022-09-30 11:14:07,551 [    train.py:  208]:	('Ner Acc', 0.999681293964386),  ('CLS Classification Acc', 0.9983850121498108)
[INFO] 2022-09-30 11:14:09,868 [    train.py:  220]:	Evaluate:
[INFO] 2022-09-30 11:14:09,868 [    train.py:  227]:	Loss 0.1460, ('Ner Loss', 0.014809361),  ('CLS Classification Loss', 0.13114594)
[INFO] 2022-09-30 11:14:09,869 [    train.py:  228]:	('Ner Acc', 0.99811906), ('CLS Classification Acc', 0.9821653)
[INFO] 2022-09-30 11:14:17,887 [    train.py:  237]:	Precision 0.624 Recall 0.602 F1 0.613
[INFO] 2022-09-30 11:15:23,710 [    train.py:  185]:	Epoch 38: 
[INFO] 2022-09-30 11:15:23,711 [    train.py:  186]:	Train:
[INFO] 2022-09-30 11:15:23,716 [    train.py:  198]:	Loss 0.0049, ('Ner Loss', 0.0007250813068822026),  ('CLS Classification Loss', 0.004180252086371183)
[INFO] 2022-09-30 11:15:23,717 [    train.py:  208]:	('Ner Acc', 0.9996902346611023),  ('CLS Classification Acc', 0.9986363053321838)
[INFO] 2022-09-30 11:15:26,066 [    train.py:  220]:	Evaluate:
[INFO] 2022-09-30 11:15:26,066 [    train.py:  227]:	Loss 0.1471, ('Ner Loss', 0.013570939),  ('CLS Classification Loss', 0.1335647)
[INFO] 2022-09-30 11:15:26,067 [    train.py:  228]:	('Ner Acc', 0.99803203), ('CLS Classification Acc', 0.9804293)
[INFO] 2022-09-30 11:15:34,519 [    train.py:  237]:	Precision 0.580 Recall 0.605 F1 0.593
[INFO] 2022-09-30 11:16:40,043 [    train.py:  185]:	Epoch 39: 
[INFO] 2022-09-30 11:16:40,043 [    train.py:  186]:	Train:
[INFO] 2022-09-30 11:16:40,046 [    train.py:  198]:	Loss 0.0045, ('Ner Loss', 0.0006617916515097022),  ('CLS Classification Loss', 0.00384358037263155)
[INFO] 2022-09-30 11:16:40,046 [    train.py:  208]:	('Ner Acc', 0.9997190833091736),  ('CLS Classification Acc', 0.9987581968307495)
[INFO] 2022-09-30 11:16:42,402 [    train.py:  220]:	Evaluate:
[INFO] 2022-09-30 11:16:42,403 [    train.py:  227]:	Loss 0.1490, ('Ner Loss', 0.012904546),  ('CLS Classification Loss', 0.13606201)
[INFO] 2022-09-30 11:16:42,403 [    train.py:  228]:	('Ner Acc', 0.9979957), ('CLS Classification Acc', 0.9802507)
[INFO] 2022-09-30 11:16:50,435 [    train.py:  237]:	Precision 0.580 Recall 0.623 F1 0.600
[INFO] 2022-09-30 11:17:56,308 [    train.py:  185]:	Epoch 40: 
[INFO] 2022-09-30 11:17:56,308 [    train.py:  186]:	Train:
[INFO] 2022-09-30 11:17:56,312 [    train.py:  198]:	Loss 0.0040, ('Ner Loss', 0.0006511918036267161),  ('CLS Classification Loss', 0.0032990030013024807)
[INFO] 2022-09-30 11:17:56,313 [    train.py:  208]:	('Ner Acc', 0.9997290968894958),  ('CLS Classification Acc', 0.9988716244697571)
[INFO] 2022-09-30 11:17:58,663 [    train.py:  220]:	Evaluate:
[INFO] 2022-09-30 11:17:58,663 [    train.py:  227]:	Loss 0.1427, ('Ner Loss', 0.0131077),  ('CLS Classification Loss', 0.12958182)
[INFO] 2022-09-30 11:17:58,664 [    train.py:  228]:	('Ner Acc', 0.9980702), ('CLS Classification Acc', 0.9819411)
[INFO] 2022-09-30 11:18:06,926 [    train.py:  237]:	Precision 0.624 Recall 0.637 F1 0.630
[INFO] 2022-09-30 11:19:12,658 [    train.py:  185]:	Epoch 41: 
[INFO] 2022-09-30 11:19:12,659 [    train.py:  186]:	Train:
[INFO] 2022-09-30 11:19:12,665 [    train.py:  198]:	Loss 0.0053, ('Ner Loss', 0.0006258371286094189),  ('CLS Classification Loss', 0.004629990551620722)
[INFO] 2022-09-30 11:19:12,666 [    train.py:  208]:	('Ner Acc', 0.9997323751449585),  ('CLS Classification Acc', 0.9985388517379761)
[INFO] 2022-09-30 11:19:15,007 [    train.py:  220]:	Evaluate:
[INFO] 2022-09-30 11:19:15,007 [    train.py:  227]:	Loss 0.1419, ('Ner Loss', 0.014590861),  ('CLS Classification Loss', 0.12730926)
[INFO] 2022-09-30 11:19:15,008 [    train.py:  228]:	('Ner Acc', 0.9981563), ('CLS Classification Acc', 0.98171264)
[INFO] 2022-09-30 11:19:23,167 [    train.py:  237]:	Precision 0.617 Recall 0.640 F1 0.628
[INFO] 2022-09-30 11:20:29,080 [    train.py:  185]:	Epoch 42: 
[INFO] 2022-09-30 11:20:29,081 [    train.py:  186]:	Train:
[INFO] 2022-09-30 11:20:29,087 [    train.py:  198]:	Loss 0.0037, ('Ner Loss', 0.0005563889280892909),  ('CLS Classification Loss', 0.003109483513981104)
[INFO] 2022-09-30 11:20:29,088 [    train.py:  208]:	('Ner Acc', 0.9997715353965759),  ('CLS Classification Acc', 0.9989202618598938)
[INFO] 2022-09-30 11:20:31,421 [    train.py:  220]:	Evaluate:
[INFO] 2022-09-30 11:20:31,422 [    train.py:  227]:	Loss 0.1433, ('Ner Loss', 0.013659065),  ('CLS Classification Loss', 0.12964818)
[INFO] 2022-09-30 11:20:31,422 [    train.py:  228]:	('Ner Acc', 0.99812406), ('CLS Classification Acc', 0.98162127)
[INFO] 2022-09-30 11:20:40,015 [    train.py:  237]:	Precision 0.614 Recall 0.636 F1 0.625
[INFO] 2022-09-30 11:21:45,978 [    train.py:  185]:	Epoch 43: 
[INFO] 2022-09-30 11:21:45,979 [    train.py:  186]:	Train:
[INFO] 2022-09-30 11:21:45,983 [    train.py:  198]:	Loss 0.0034, ('Ner Loss', 0.0006033826502971351),  ('CLS Classification Loss', 0.002776074456050992)
[INFO] 2022-09-30 11:21:45,983 [    train.py:  208]:	('Ner Acc', 0.999738872051239),  ('CLS Classification Acc', 0.9990096092224121)
[INFO] 2022-09-30 11:21:48,317 [    train.py:  220]:	Evaluate:
[INFO] 2022-09-30 11:21:48,318 [    train.py:  227]:	Loss 0.1397, ('Ner Loss', 0.013038855),  ('CLS Classification Loss', 0.12664187)
[INFO] 2022-09-30 11:21:48,318 [    train.py:  228]:	('Ner Acc', 0.99801064), ('CLS Classification Acc', 0.9818498)
[INFO] 2022-09-30 11:21:56,550 [    train.py:  237]:	Precision 0.622 Recall 0.627 F1 0.625
[INFO] 2022-09-30 11:23:02,223 [    train.py:  185]:	Epoch 44: 
[INFO] 2022-09-30 11:23:02,224 [    train.py:  186]:	Train:
[INFO] 2022-09-30 11:23:02,232 [    train.py:  198]:	Loss 0.0043, ('Ner Loss', 0.0005820039077661932),  ('CLS Classification Loss', 0.003678834531456232)
[INFO] 2022-09-30 11:23:02,232 [    train.py:  208]:	('Ner Acc', 0.9997631907463074),  ('CLS Classification Acc', 0.998709499835968)
[INFO] 2022-09-30 11:23:04,568 [    train.py:  220]:	Evaluate:
[INFO] 2022-09-30 11:23:04,569 [    train.py:  227]:	Loss 0.1490, ('Ner Loss', 0.013446934),  ('CLS Classification Loss', 0.13557073)
[INFO] 2022-09-30 11:23:04,569 [    train.py:  228]:	('Ner Acc', 0.99804187), ('CLS Classification Acc', 0.9805788)
[INFO] 2022-09-30 11:23:12,649 [    train.py:  237]:	Precision 0.602 Recall 0.600 F1 0.601
[INFO] 2022-09-30 11:24:18,398 [    train.py:  185]:	Epoch 45: 
[INFO] 2022-09-30 11:24:18,399 [    train.py:  186]:	Train:
[INFO] 2022-09-30 11:24:18,403 [    train.py:  198]:	Loss 0.0038, ('Ner Loss', 0.0004993847105652094),  ('CLS Classification Loss', 0.0033008898608386517)
[INFO] 2022-09-30 11:24:18,403 [    train.py:  208]:	('Ner Acc', 0.9997978806495667),  ('CLS Classification Acc', 0.9988878965377808)
[INFO] 2022-09-30 11:24:20,760 [    train.py:  220]:	Evaluate:
[INFO] 2022-09-30 11:24:20,760 [    train.py:  227]:	Loss 0.1479, ('Ner Loss', 0.013372747),  ('CLS Classification Loss', 0.13457103)
[INFO] 2022-09-30 11:24:20,761 [    train.py:  228]:	('Ner Acc', 0.99804044), ('CLS Classification Acc', 0.98171276)
[INFO] 2022-09-30 11:24:28,950 [    train.py:  237]:	Precision 0.599 Recall 0.650 F1 0.623
[INFO] 2022-09-30 11:25:34,745 [    train.py:  185]:	Epoch 46: 
[INFO] 2022-09-30 11:25:34,745 [    train.py:  186]:	Train:
[INFO] 2022-09-30 11:25:34,749 [    train.py:  198]:	Loss 0.0029, ('Ner Loss', 0.0004957722849212587),  ('CLS Classification Loss', 0.002367632929235697)
[INFO] 2022-09-30 11:25:34,749 [    train.py:  208]:	('Ner Acc', 0.9998034834861755),  ('CLS Classification Acc', 0.9991880655288696)
[INFO] 2022-09-30 11:25:37,078 [    train.py:  220]:	Evaluate:
[INFO] 2022-09-30 11:25:37,079 [    train.py:  227]:	Loss 0.1453, ('Ner Loss', 0.014648038),  ('CLS Classification Loss', 0.13063054)
[INFO] 2022-09-30 11:25:37,079 [    train.py:  228]:	('Ner Acc', 0.9979675), ('CLS Classification Acc', 0.9810772)
[INFO] 2022-09-30 11:25:45,270 [    train.py:  237]:	Precision 0.600 Recall 0.620 F1 0.610
[INFO] 2022-09-30 11:26:50,928 [    train.py:  185]:	Epoch 47: 
[INFO] 2022-09-30 11:26:50,929 [    train.py:  186]:	Train:
[INFO] 2022-09-30 11:26:50,934 [    train.py:  198]:	Loss 0.0026, ('Ner Loss', 0.00043330725748091936),  ('CLS Classification Loss', 0.0021398833487182856)
[INFO] 2022-09-30 11:26:50,934 [    train.py:  208]:	('Ner Acc', 0.999825119972229),  ('CLS Classification Acc', 0.9993505477905273)
[INFO] 2022-09-30 11:26:53,319 [    train.py:  220]:	Evaluate:
[INFO] 2022-09-30 11:26:53,319 [    train.py:  227]:	Loss 0.1570, ('Ner Loss', 0.013662613),  ('CLS Classification Loss', 0.14334592)
[INFO] 2022-09-30 11:26:53,319 [    train.py:  228]:	('Ner Acc', 0.998051), ('CLS Classification Acc', 0.9819411)
[INFO] 2022-09-30 11:27:01,373 [    train.py:  237]:	Precision 0.633 Recall 0.625 F1 0.629
[INFO] 2022-09-30 11:28:07,475 [    train.py:  185]:	Epoch 48: 
[INFO] 2022-09-30 11:28:07,475 [    train.py:  186]:	Train:
[INFO] 2022-09-30 11:28:07,479 [    train.py:  198]:	Loss 0.0034, ('Ner Loss', 0.00040910750976763666),  ('CLS Classification Loss', 0.0029439774807542562)
[INFO] 2022-09-30 11:28:07,479 [    train.py:  208]:	('Ner Acc', 0.9998292326927185),  ('CLS Classification Acc', 0.9990097284317017)
[INFO] 2022-09-30 11:28:09,802 [    train.py:  220]:	Evaluate:
[INFO] 2022-09-30 11:28:09,803 [    train.py:  227]:	Loss 0.1539, ('Ner Loss', 0.015317082),  ('CLS Classification Loss', 0.13858807)
[INFO] 2022-09-30 11:28:09,803 [    train.py:  228]:	('Ner Acc', 0.99804366), ('CLS Classification Acc', 0.98207396)
[INFO] 2022-09-30 11:28:18,053 [    train.py:  237]:	Precision 0.624 Recall 0.600 F1 0.612
[INFO] 2022-09-30 11:29:25,603 [    train.py:  185]:	Epoch 49: 
[INFO] 2022-09-30 11:29:25,604 [    train.py:  186]:	Train:
[INFO] 2022-09-30 11:29:25,607 [    train.py:  198]:	Loss 0.0024, ('Ner Loss', 0.00037734562647528946),  ('CLS Classification Loss', 0.0019812032114714384)
[INFO] 2022-09-30 11:29:25,607 [    train.py:  208]:	('Ner Acc', 0.9998496770858765),  ('CLS Classification Acc', 0.9993911981582642)
[INFO] 2022-09-30 11:29:28,002 [    train.py:  220]:	Evaluate:
[INFO] 2022-09-30 11:29:28,003 [    train.py:  227]:	Loss 0.1681, ('Ner Loss', 0.014613828),  ('CLS Classification Loss', 0.15344243)
[INFO] 2022-09-30 11:29:28,003 [    train.py:  228]:	('Ner Acc', 0.9980014), ('CLS Classification Acc', 0.9801177)
[INFO] 2022-09-30 11:29:36,799 [    train.py:  237]:	Precision 0.564 Recall 0.651 F1 0.604
[INFO] 2022-09-30 11:30:42,945 [    train.py:  185]:	Epoch 50: 
[INFO] 2022-09-30 11:30:42,946 [    train.py:  186]:	Train:
[INFO] 2022-09-30 11:30:42,949 [    train.py:  198]:	Loss 0.0035, ('Ner Loss', 0.00046245913836173713),  ('CLS Classification Loss', 0.0030346158891916275)
[INFO] 2022-09-30 11:30:42,949 [    train.py:  208]:	('Ner Acc', 0.9998201727867126),  ('CLS Classification Acc', 0.9990503787994385)
[INFO] 2022-09-30 11:30:45,292 [    train.py:  220]:	Evaluate:
[INFO] 2022-09-30 11:30:45,292 [    train.py:  227]:	Loss 0.1563, ('Ner Loss', 0.01433337),  ('CLS Classification Loss', 0.1420073)
[INFO] 2022-09-30 11:30:45,293 [    train.py:  228]:	('Ner Acc', 0.99811894), ('CLS Classification Acc', 0.982398)
[INFO] 2022-09-30 11:30:53,361 [    train.py:  237]:	Precision 0.616 Recall 0.595 F1 0.605
[INFO] 2022-09-30 11:31:58,970 [    train.py:  185]:	Epoch 51: 
[INFO] 2022-09-30 11:31:58,970 [    train.py:  186]:	Train:
[INFO] 2022-09-30 11:31:58,974 [    train.py:  198]:	Loss 0.0027, ('Ner Loss', 0.00042265604133717716),  ('CLS Classification Loss', 0.0023039758671075106)
[INFO] 2022-09-30 11:31:58,975 [    train.py:  208]:	('Ner Acc', 0.999846339225769),  ('CLS Classification Acc', 0.999163806438446)
[INFO] 2022-09-30 11:32:01,314 [    train.py:  220]:	Evaluate:
[INFO] 2022-09-30 11:32:01,315 [    train.py:  227]:	Loss 0.1541, ('Ner Loss', 0.014386709),  ('CLS Classification Loss', 0.13975063)
[INFO] 2022-09-30 11:32:01,315 [    train.py:  228]:	('Ner Acc', 0.99816084), ('CLS Classification Acc', 0.9819411)
[INFO] 2022-09-30 11:32:09,631 [    train.py:  237]:	Precision 0.626 Recall 0.626 F1 0.626
[INFO] 2022-09-30 11:33:15,711 [    train.py:  185]:	Epoch 52: 
[INFO] 2022-09-30 11:33:15,712 [    train.py:  186]:	Train:
[INFO] 2022-09-30 11:33:15,715 [    train.py:  198]:	Loss 0.0028, ('Ner Loss', 0.0003931063984055072),  ('CLS Classification Loss', 0.0024019896518439054)
[INFO] 2022-09-30 11:33:15,715 [    train.py:  208]:	('Ner Acc', 0.9998608231544495),  ('CLS Classification Acc', 0.9991637468338013)
[INFO] 2022-09-30 11:33:18,060 [    train.py:  220]:	Evaluate:
[INFO] 2022-09-30 11:33:18,060 [    train.py:  227]:	Loss 0.1433, ('Ner Loss', 0.013205202),  ('CLS Classification Loss', 0.13013637)
[INFO] 2022-09-30 11:33:18,060 [    train.py:  228]:	('Ner Acc', 0.9979568), ('CLS Classification Acc', 0.9819868)
[INFO] 2022-09-30 11:33:26,224 [    train.py:  237]:	Precision 0.623 Recall 0.644 F1 0.633
[INFO] 2022-09-30 11:34:32,103 [    train.py:  185]:	Epoch 53: 
[INFO] 2022-09-30 11:34:32,103 [    train.py:  186]:	Train:
[INFO] 2022-09-30 11:34:32,107 [    train.py:  198]:	Loss 0.0022, ('Ner Loss', 0.0003844292659778148),  ('CLS Classification Loss', 0.0018193379510194063)
[INFO] 2022-09-30 11:34:32,107 [    train.py:  208]:	('Ner Acc', 0.9998417496681213),  ('CLS Classification Acc', 0.9994153380393982)
[INFO] 2022-09-30 11:34:34,453 [    train.py:  220]:	Evaluate:
[INFO] 2022-09-30 11:34:34,454 [    train.py:  227]:	Loss 0.1818, ('Ner Loss', 0.014967418),  ('CLS Classification Loss', 0.16681924)
[INFO] 2022-09-30 11:34:34,454 [    train.py:  228]:	('Ner Acc', 0.99791133), ('CLS Classification Acc', 0.9807117)
[INFO] 2022-09-30 11:34:42,529 [    train.py:  237]:	Precision 0.581 Recall 0.658 F1 0.617
[INFO] 2022-09-30 11:35:48,243 [    train.py:  185]:	Epoch 54: 
[INFO] 2022-09-30 11:35:48,243 [    train.py:  186]:	Train:
[INFO] 2022-09-30 11:35:48,245 [    train.py:  198]:	Loss 0.0029, ('Ner Loss', 0.0003868920903187245),  ('CLS Classification Loss', 0.0024696500040590763)
[INFO] 2022-09-30 11:35:48,245 [    train.py:  208]:	('Ner Acc', 0.9998425841331482),  ('CLS Classification Acc', 0.9992368221282959)
[INFO] 2022-09-30 11:35:50,570 [    train.py:  220]:	Evaluate:
[INFO] 2022-09-30 11:35:50,570 [    train.py:  227]:	Loss 0.1467, ('Ner Loss', 0.01495074),  ('CLS Classification Loss', 0.131773)
[INFO] 2022-09-30 11:35:50,570 [    train.py:  228]:	('Ner Acc', 0.998047), ('CLS Classification Acc', 0.98252666)
[INFO] 2022-09-30 11:35:58,688 [    train.py:  237]:	Precision 0.622 Recall 0.625 F1 0.623
[INFO] 2022-09-30 11:37:04,416 [    train.py:  185]:	Epoch 55: 
[INFO] 2022-09-30 11:37:04,416 [    train.py:  186]:	Train:
[INFO] 2022-09-30 11:37:04,419 [    train.py:  198]:	Loss 0.0026, ('Ner Loss', 0.00039385646232403815),  ('CLS Classification Loss', 0.0022140389773994684)
[INFO] 2022-09-30 11:37:04,420 [    train.py:  208]:	('Ner Acc', 0.9998332858085632),  ('CLS Classification Acc', 0.9993587136268616)
[INFO] 2022-09-30 11:37:06,753 [    train.py:  220]:	Evaluate:
[INFO] 2022-09-30 11:37:06,753 [    train.py:  227]:	Loss 0.1471, ('Ner Loss', 0.0133314775),  ('CLS Classification Loss', 0.13373871)
[INFO] 2022-09-30 11:37:06,754 [    train.py:  228]:	('Ner Acc', 0.9980056), ('CLS Classification Acc', 0.9826596)
[INFO] 2022-09-30 11:37:14,792 [    train.py:  237]:	Precision 0.640 Recall 0.617 F1 0.628
[INFO] 2022-09-30 11:38:20,298 [    train.py:  185]:	Epoch 56: 
[INFO] 2022-09-30 11:38:20,298 [    train.py:  186]:	Train:
[INFO] 2022-09-30 11:38:20,304 [    train.py:  198]:	Loss 0.0027, ('Ner Loss', 0.00037956403684802353),  ('CLS Classification Loss', 0.0023532456252723932)
[INFO] 2022-09-30 11:38:20,304 [    train.py:  208]:	('Ner Acc', 0.9998379945755005),  ('CLS Classification Acc', 0.999334454536438)
[INFO] 2022-09-30 11:38:22,652 [    train.py:  220]:	Evaluate:
[INFO] 2022-09-30 11:38:22,652 [    train.py:  227]:	Loss 0.1580, ('Ner Loss', 0.014695906),  ('CLS Classification Loss', 0.14328763)
[INFO] 2022-09-30 11:38:22,653 [    train.py:  228]:	('Ner Acc', 0.9980246), ('CLS Classification Acc', 0.9823896)
[INFO] 2022-09-30 11:38:30,707 [    train.py:  237]:	Precision 0.623 Recall 0.644 F1 0.633
[INFO] 2022-09-30 11:39:36,251 [    train.py:  185]:	Epoch 57: 
[INFO] 2022-09-30 11:39:36,251 [    train.py:  186]:	Train:
[INFO] 2022-09-30 11:39:36,254 [    train.py:  198]:	Loss 0.0022, ('Ner Loss', 0.00033790944144129753),  ('CLS Classification Loss', 0.0019104494713246822)
[INFO] 2022-09-30 11:39:36,255 [    train.py:  208]:	('Ner Acc', 0.9998667240142822),  ('CLS Classification Acc', 0.9993261694908142)
[INFO] 2022-09-30 11:39:38,594 [    train.py:  220]:	Evaluate:
[INFO] 2022-09-30 11:39:38,594 [    train.py:  227]:	Loss 0.1694, ('Ner Loss', 0.015496414),  ('CLS Classification Loss', 0.15391171)
[INFO] 2022-09-30 11:39:38,595 [    train.py:  228]:	('Ner Acc', 0.997986), ('CLS Classification Acc', 0.98066187)
[INFO] 2022-09-30 11:39:46,670 [    train.py:  237]:	Precision 0.621 Recall 0.577 F1 0.598
[INFO] 2022-09-30 11:40:52,087 [    train.py:  185]:	Epoch 58: 
[INFO] 2022-09-30 11:40:52,087 [    train.py:  186]:	Train:
[INFO] 2022-09-30 11:40:52,090 [    train.py:  198]:	Loss 0.0020, ('Ner Loss', 0.00029948248993605375),  ('CLS Classification Loss', 0.001661377027630806)
[INFO] 2022-09-30 11:40:52,090 [    train.py:  208]:	('Ner Acc', 0.9998815655708313),  ('CLS Classification Acc', 0.9994640350341797)
[INFO] 2022-09-30 11:40:54,418 [    train.py:  220]:	Evaluate:
[INFO] 2022-09-30 11:40:54,419 [    train.py:  227]:	Loss 0.1661, ('Ner Loss', 0.014699725),  ('CLS Classification Loss', 0.15142715)
[INFO] 2022-09-30 11:40:54,419 [    train.py:  228]:	('Ner Acc', 0.9980925), ('CLS Classification Acc', 0.98193693)
[INFO] 2022-09-30 11:41:02,604 [    train.py:  237]:	Precision 0.640 Recall 0.640 F1 0.640
[INFO] 2022-09-30 11:42:08,245 [    train.py:  185]:	Epoch 59: 
[INFO] 2022-09-30 11:42:08,245 [    train.py:  186]:	Train:
[INFO] 2022-09-30 11:42:08,247 [    train.py:  198]:	Loss 0.0026, ('Ner Loss', 0.00031092166318558156),  ('CLS Classification Loss', 0.0023242656607180834)
[INFO] 2022-09-30 11:42:08,247 [    train.py:  208]:	('Ner Acc', 0.9998822212219238),  ('CLS Classification Acc', 0.9992777109146118)
[INFO] 2022-09-30 11:42:10,582 [    train.py:  220]:	Evaluate:
[INFO] 2022-09-30 11:42:10,583 [    train.py:  227]:	Loss 0.1605, ('Ner Loss', 0.015382966),  ('CLS Classification Loss', 0.14508304)
[INFO] 2022-09-30 11:42:10,583 [    train.py:  228]:	('Ner Acc', 0.9981334), ('CLS Classification Acc', 0.9822526)
[INFO] 2022-09-30 11:42:18,578 [    train.py:  237]:	Precision 0.631 Recall 0.633 F1 0.632
[INFO] 2022-09-30 11:43:24,089 [    train.py:  185]:	Epoch 60: 
[INFO] 2022-09-30 11:43:24,090 [    train.py:  186]:	Train:
[INFO] 2022-09-30 11:43:24,093 [    train.py:  198]:	Loss 0.0020, ('Ner Loss', 0.0002900616964325309),  ('CLS Classification Loss', 0.001678052474744618)
[INFO] 2022-09-30 11:43:24,093 [    train.py:  208]:	('Ner Acc', 0.9998804926872253),  ('CLS Classification Acc', 0.9994316697120667)
[INFO] 2022-09-30 11:43:26,406 [    train.py:  220]:	Evaluate:
[INFO] 2022-09-30 11:43:26,407 [    train.py:  227]:	Loss 0.1709, ('Ner Loss', 0.015059077),  ('CLS Classification Loss', 0.15581712)
[INFO] 2022-09-30 11:43:26,407 [    train.py:  228]:	('Ner Acc', 0.9980318), ('CLS Classification Acc', 0.9818953)
[INFO] 2022-09-30 11:43:34,913 [    train.py:  237]:	Precision 0.612 Recall 0.651 F1 0.631
[INFO] 2022-09-30 11:44:40,618 [    train.py:  185]:	Epoch 61: 
[INFO] 2022-09-30 11:44:40,619 [    train.py:  186]:	Train:
[INFO] 2022-09-30 11:44:40,624 [    train.py:  198]:	Loss 0.0022, ('Ner Loss', 0.0003109828685410321),  ('CLS Classification Loss', 0.001922953873872757)
[INFO] 2022-09-30 11:44:40,625 [    train.py:  208]:	('Ner Acc', 0.9998832941055298),  ('CLS Classification Acc', 0.9993748068809509)
[INFO] 2022-09-30 11:44:42,975 [    train.py:  220]:	Evaluate:
[INFO] 2022-09-30 11:44:42,975 [    train.py:  227]:	Loss 0.1529, ('Ner Loss', 0.013718707),  ('CLS Classification Loss', 0.13913812)
[INFO] 2022-09-30 11:44:42,975 [    train.py:  228]:	('Ner Acc', 0.99803895), ('CLS Classification Acc', 0.9813056)
[INFO] 2022-09-30 11:44:50,980 [    train.py:  237]:	Precision 0.610 Recall 0.631 F1 0.620
[INFO] 2022-09-30 11:45:56,753 [    train.py:  185]:	Epoch 62: 
[INFO] 2022-09-30 11:45:56,753 [    train.py:  186]:	Train:
[INFO] 2022-09-30 11:45:56,756 [    train.py:  198]:	Loss 0.0015, ('Ner Loss', 0.0002766293764580041),  ('CLS Classification Loss', 0.001214688876643777)
[INFO] 2022-09-30 11:45:56,756 [    train.py:  208]:	('Ner Acc', 0.9998881816864014),  ('CLS Classification Acc', 0.99959397315979)
[INFO] 2022-09-30 11:45:59,095 [    train.py:  220]:	Evaluate:
[INFO] 2022-09-30 11:45:59,095 [    train.py:  227]:	Loss 0.1597, ('Ner Loss', 0.014388926),  ('CLS Classification Loss', 0.1453393)
[INFO] 2022-09-30 11:45:59,096 [    train.py:  228]:	('Ner Acc', 0.9981123), ('CLS Classification Acc', 0.9837561)
[INFO] 2022-09-30 11:46:07,360 [    train.py:  237]:	Precision 0.667 Recall 0.639 F1 0.653
[INFO] 2022-09-30 11:47:12,616 [    train.py:  185]:	Epoch 63: 
[INFO] 2022-09-30 11:47:12,616 [    train.py:  186]:	Train:
[INFO] 2022-09-30 11:47:12,622 [    train.py:  198]:	Loss 0.0016, ('Ner Loss', 0.0002358174097025767),  ('CLS Classification Loss', 0.0013544060057029128)
[INFO] 2022-09-30 11:47:12,622 [    train.py:  208]:	('Ner Acc', 0.9999082088470459),  ('CLS Classification Acc', 0.9995777606964111)
[INFO] 2022-09-30 11:47:14,977 [    train.py:  220]:	Evaluate:
[INFO] 2022-09-30 11:47:14,978 [    train.py:  227]:	Loss 0.1760, ('Ner Loss', 0.015184891),  ('CLS Classification Loss', 0.16082065)
[INFO] 2022-09-30 11:47:14,978 [    train.py:  228]:	('Ner Acc', 0.99809414), ('CLS Classification Acc', 0.9824894)
[INFO] 2022-09-30 11:47:23,048 [    train.py:  237]:	Precision 0.641 Recall 0.646 F1 0.643
[INFO] 2022-09-30 11:48:29,154 [    train.py:  185]:	Epoch 64: 
[INFO] 2022-09-30 11:48:29,155 [    train.py:  186]:	Train:
[INFO] 2022-09-30 11:48:29,158 [    train.py:  198]:	Loss 0.0018, ('Ner Loss', 0.00022220872051548213),  ('CLS Classification Loss', 0.0015915804542601109)
[INFO] 2022-09-30 11:48:29,158 [    train.py:  208]:	('Ner Acc', 0.9999250769615173),  ('CLS Classification Acc', 0.999602198600769)
[INFO] 2022-09-30 11:48:31,505 [    train.py:  220]:	Evaluate:
[INFO] 2022-09-30 11:48:31,506 [    train.py:  227]:	Loss 0.1471, ('Ner Loss', 0.014082766),  ('CLS Classification Loss', 0.13298675)
[INFO] 2022-09-30 11:48:31,506 [    train.py:  228]:	('Ner Acc', 0.99810994), ('CLS Classification Acc', 0.9828133)
[INFO] 2022-09-30 11:48:39,739 [    train.py:  237]:	Precision 0.638 Recall 0.647 F1 0.642
[INFO] 2022-09-30 11:49:45,593 [    train.py:  185]:	Epoch 65: 
[INFO] 2022-09-30 11:49:45,593 [    train.py:  186]:	Train:
[INFO] 2022-09-30 11:49:45,596 [    train.py:  198]:	Loss 0.0012, ('Ner Loss', 0.00018789830210153013),  ('CLS Classification Loss', 0.0010281981667503715)
[INFO] 2022-09-30 11:49:45,596 [    train.py:  208]:	('Ner Acc', 0.9999223947525024),  ('CLS Classification Acc', 0.9996752738952637)
[INFO] 2022-09-30 11:49:47,916 [    train.py:  220]:	Evaluate:
[INFO] 2022-09-30 11:49:47,917 [    train.py:  227]:	Loss 0.1698, ('Ner Loss', 0.015102006),  ('CLS Classification Loss', 0.15474433)
[INFO] 2022-09-30 11:49:47,917 [    train.py:  228]:	('Ner Acc', 0.9980569), ('CLS Classification Acc', 0.9827634)
[INFO] 2022-09-30 11:49:56,139 [    train.py:  237]:	Precision 0.631 Recall 0.637 F1 0.634
[INFO] 2022-09-30 11:51:01,843 [    train.py:  185]:	Epoch 66: 
[INFO] 2022-09-30 11:51:01,843 [    train.py:  186]:	Train:
[INFO] 2022-09-30 11:51:01,845 [    train.py:  198]:	Loss 0.0021, ('Ner Loss', 0.00023997937387321144),  ('CLS Classification Loss', 0.0018960341112688184)
[INFO] 2022-09-30 11:51:01,846 [    train.py:  208]:	('Ner Acc', 0.9999063611030579),  ('CLS Classification Acc', 0.9992855191230774)
[INFO] 2022-09-30 11:51:04,166 [    train.py:  220]:	Evaluate:
[INFO] 2022-09-30 11:51:04,167 [    train.py:  227]:	Loss 0.1685, ('Ner Loss', 0.015754063),  ('CLS Classification Loss', 0.15275893)
[INFO] 2022-09-30 11:51:04,167 [    train.py:  228]:	('Ner Acc', 0.9979509), ('CLS Classification Acc', 0.9823108)
[INFO] 2022-09-30 11:51:12,362 [    train.py:  237]:	Precision 0.612 Recall 0.657 F1 0.633
[INFO] 2022-09-30 11:52:18,370 [    train.py:  185]:	Epoch 67: 
[INFO] 2022-09-30 11:52:18,370 [    train.py:  186]:	Train:
[INFO] 2022-09-30 11:52:18,373 [    train.py:  198]:	Loss 0.0021, ('Ner Loss', 0.0002736992319114506),  ('CLS Classification Loss', 0.0018385961884632707)
[INFO] 2022-09-30 11:52:18,373 [    train.py:  208]:	('Ner Acc', 0.9998990893363953),  ('CLS Classification Acc', 0.9994316697120667)
[INFO] 2022-09-30 11:52:20,712 [    train.py:  220]:	Evaluate:
[INFO] 2022-09-30 11:52:20,713 [    train.py:  227]:	Loss 0.1475, ('Ner Loss', 0.012464829),  ('CLS Classification Loss', 0.13507469)
[INFO] 2022-09-30 11:52:20,713 [    train.py:  228]:	('Ner Acc', 0.9980181), ('CLS Classification Acc', 0.9817542)
[INFO] 2022-09-30 11:52:28,892 [    train.py:  237]:	Precision 0.609 Recall 0.646 F1 0.627
[INFO] 2022-09-30 11:53:34,535 [    train.py:  185]:	Epoch 68: 
[INFO] 2022-09-30 11:53:34,536 [    train.py:  186]:	Train:
[INFO] 2022-09-30 11:53:34,539 [    train.py:  198]:	Loss 0.0020, ('Ner Loss', 0.00020772455900441855),  ('CLS Classification Loss', 0.001829972374252975)
[INFO] 2022-09-30 11:53:34,539 [    train.py:  208]:	('Ner Acc', 0.9999212026596069),  ('CLS Classification Acc', 0.9993665218353271)
[INFO] 2022-09-30 11:53:36,869 [    train.py:  220]:	Evaluate:
[INFO] 2022-09-30 11:53:36,870 [    train.py:  227]:	Loss 0.1478, ('Ner Loss', 0.014410847),  ('CLS Classification Loss', 0.1333886)
[INFO] 2022-09-30 11:53:36,870 [    train.py:  228]:	('Ner Acc', 0.9980391), ('CLS Classification Acc', 0.98202413)
[INFO] 2022-09-30 11:53:45,097 [    train.py:  237]:	Precision 0.628 Recall 0.622 F1 0.625
[INFO] 2022-09-30 11:54:50,828 [    train.py:  185]:	Epoch 69: 
[INFO] 2022-09-30 11:54:50,828 [    train.py:  186]:	Train:
[INFO] 2022-09-30 11:54:50,831 [    train.py:  198]:	Loss 0.0025, ('Ner Loss', 0.00023926697031129152),  ('CLS Classification Loss', 0.0022940358612686396)
[INFO] 2022-09-30 11:54:50,831 [    train.py:  208]:	('Ner Acc', 0.9999059438705444),  ('CLS Classification Acc', 0.9993504285812378)
[INFO] 2022-09-30 11:54:53,166 [    train.py:  220]:	Evaluate:
[INFO] 2022-09-30 11:54:53,167 [    train.py:  227]:	Loss 0.1328, ('Ner Loss', 0.014147181),  ('CLS Classification Loss', 0.11865007)
[INFO] 2022-09-30 11:54:53,167 [    train.py:  228]:	('Ner Acc', 0.9980648), ('CLS Classification Acc', 0.98207396)
[INFO] 2022-09-30 11:55:01,255 [    train.py:  237]:	Precision 0.633 Recall 0.634 F1 0.634
[INFO] 2022-09-30 11:56:07,076 [    train.py:  185]:	Epoch 70: 
[INFO] 2022-09-30 11:56:07,076 [    train.py:  186]:	Train:
[INFO] 2022-09-30 11:56:07,082 [    train.py:  198]:	Loss 0.0012, ('Ner Loss', 0.0002058576646959409),  ('CLS Classification Loss', 0.0009757861844263971)
[INFO] 2022-09-30 11:56:07,082 [    train.py:  208]:	('Ner Acc', 0.999922513961792),  ('CLS Classification Acc', 0.9996914267539978)
[INFO] 2022-09-30 11:56:09,425 [    train.py:  220]:	Evaluate:
[INFO] 2022-09-30 11:56:09,426 [    train.py:  227]:	Loss 0.1656, ('Ner Loss', 0.016293984),  ('CLS Classification Loss', 0.14934878)
[INFO] 2022-09-30 11:56:09,426 [    train.py:  228]:	('Ner Acc', 0.998084), ('CLS Classification Acc', 0.98207814)
[INFO] 2022-09-30 11:56:17,449 [    train.py:  237]:	Precision 0.628 Recall 0.624 F1 0.626
[INFO] 2022-09-30 11:57:23,082 [    train.py:  185]:	Epoch 71: 
[INFO] 2022-09-30 11:57:23,083 [    train.py:  186]:	Train:
[INFO] 2022-09-30 11:57:23,087 [    train.py:  198]:	Loss 0.0025, ('Ner Loss', 0.00024517797282896936),  ('CLS Classification Loss', 0.002304538618773222)
[INFO] 2022-09-30 11:57:23,087 [    train.py:  208]:	('Ner Acc', 0.9999032616615295),  ('CLS Classification Acc', 0.9993181824684143)
[INFO] 2022-09-30 11:57:25,431 [    train.py:  220]:	Evaluate:
[INFO] 2022-09-30 11:57:25,432 [    train.py:  227]:	Loss 0.1514, ('Ner Loss', 0.0153214745),  ('CLS Classification Loss', 0.13605225)
[INFO] 2022-09-30 11:57:25,432 [    train.py:  228]:	('Ner Acc', 0.99796176), ('CLS Classification Acc', 0.98230654)
[INFO] 2022-09-30 11:57:33,919 [    train.py:  237]:	Precision 0.628 Recall 0.588 F1 0.607
[INFO] 2022-09-30 11:58:39,708 [    train.py:  185]:	Epoch 72: 
[INFO] 2022-09-30 11:58:39,709 [    train.py:  186]:	Train:
[INFO] 2022-09-30 11:58:39,712 [    train.py:  198]:	Loss 0.0023, ('Ner Loss', 0.00019819359295070171),  ('CLS Classification Loss', 0.002059800084680319)
[INFO] 2022-09-30 11:58:39,712 [    train.py:  208]:	('Ner Acc', 0.9999218583106995),  ('CLS Classification Acc', 0.9993424415588379)
[INFO] 2022-09-30 11:58:42,043 [    train.py:  220]:	Evaluate:
[INFO] 2022-09-30 11:58:42,043 [    train.py:  227]:	Loss 0.1545, ('Ner Loss', 0.015815092),  ('CLS Classification Loss', 0.13863955)
[INFO] 2022-09-30 11:58:42,044 [    train.py:  228]:	('Ner Acc', 0.9980712), ('CLS Classification Acc', 0.98272616)
[INFO] 2022-09-30 11:58:50,114 [    train.py:  237]:	Precision 0.644 Recall 0.629 F1 0.636
[INFO] 2022-09-30 11:59:55,833 [    train.py:  185]:	Epoch 73: 
[INFO] 2022-09-30 11:59:55,834 [    train.py:  186]:	Train:
[INFO] 2022-09-30 11:59:55,836 [    train.py:  198]:	Loss 0.0016, ('Ner Loss', 0.0002037960075540468),  ('CLS Classification Loss', 0.0013528908602893353)
[INFO] 2022-09-30 11:59:55,836 [    train.py:  208]:	('Ner Acc', 0.9999243021011353),  ('CLS Classification Acc', 0.9996347427368164)
[INFO] 2022-09-30 11:59:58,195 [    train.py:  220]:	Evaluate:
[INFO] 2022-09-30 11:59:58,195 [    train.py:  227]:	Loss 0.1637, ('Ner Loss', 0.016661597),  ('CLS Classification Loss', 0.14702716)
[INFO] 2022-09-30 11:59:58,195 [    train.py:  228]:	('Ner Acc', 0.99808484), ('CLS Classification Acc', 0.98158383)
[INFO] 2022-09-30 12:00:06,295 [    train.py:  237]:	Precision 0.607 Recall 0.619 F1 0.613
[INFO] 2022-09-30 12:01:11,984 [    train.py:  185]:	Epoch 74: 
[INFO] 2022-09-30 12:01:11,984 [    train.py:  186]:	Train:
[INFO] 2022-09-30 12:01:11,987 [    train.py:  198]:	Loss 0.0009, ('Ner Loss', 0.00014658443978987634),  ('CLS Classification Loss', 0.0007596121868118644)
[INFO] 2022-09-30 12:01:11,987 [    train.py:  208]:	('Ner Acc', 0.9999423623085022),  ('CLS Classification Acc', 0.9997482299804688)
[INFO] 2022-09-30 12:01:14,324 [    train.py:  220]:	Evaluate:
[INFO] 2022-09-30 12:01:14,325 [    train.py:  227]:	Loss 0.1647, ('Ner Loss', 0.015930617),  ('CLS Classification Loss', 0.14879057)
[INFO] 2022-09-30 12:01:14,325 [    train.py:  228]:	('Ner Acc', 0.9980429), ('CLS Classification Acc', 0.9819826)
[INFO] 2022-09-30 12:01:22,357 [    train.py:  237]:	Precision 0.640 Recall 0.634 F1 0.637
[INFO] 2022-09-30 12:02:28,256 [    train.py:  185]:	Epoch 75: 
[INFO] 2022-09-30 12:02:28,256 [    train.py:  186]:	Train:
[INFO] 2022-09-30 12:02:28,259 [    train.py:  198]:	Loss 0.0015, ('Ner Loss', 0.00013837270671501756),  ('CLS Classification Loss', 0.0013445437652990222)
[INFO] 2022-09-30 12:02:28,259 [    train.py:  208]:	('Ner Acc', 0.9999463558197021),  ('CLS Classification Acc', 0.9996995329856873)
[INFO] 2022-09-30 12:02:30,607 [    train.py:  220]:	Evaluate:
[INFO] 2022-09-30 12:02:30,607 [    train.py:  227]:	Loss 0.1620, ('Ner Loss', 0.016967915),  ('CLS Classification Loss', 0.14503318)
[INFO] 2022-09-30 12:02:30,608 [    train.py:  228]:	('Ner Acc', 0.9981113), ('CLS Classification Acc', 0.98143435)
[INFO] 2022-09-30 12:02:38,670 [    train.py:  237]:	Precision 0.630 Recall 0.637 F1 0.633
[INFO] 2022-09-30 12:03:44,591 [    train.py:  185]:	Epoch 76: 
[INFO] 2022-09-30 12:03:44,591 [    train.py:  186]:	Train:
[INFO] 2022-09-30 12:03:44,598 [    train.py:  198]:	Loss 0.0008, ('Ner Loss', 0.00015460702707059681),  ('CLS Classification Loss', 0.0006488741491921246)
[INFO] 2022-09-30 12:03:44,598 [    train.py:  208]:	('Ner Acc', 0.9999451637268066),  ('CLS Classification Acc', 0.9997887015342712)
[INFO] 2022-09-30 12:03:46,951 [    train.py:  220]:	Evaluate:
[INFO] 2022-09-30 12:03:46,952 [    train.py:  227]:	Loss 0.1759, ('Ner Loss', 0.017065475),  ('CLS Classification Loss', 0.15880628)
[INFO] 2022-09-30 12:03:46,952 [    train.py:  228]:	('Ner Acc', 0.99811566), ('CLS Classification Acc', 0.9828051)
[INFO] 2022-09-30 12:03:55,155 [    train.py:  237]:	Precision 0.652 Recall 0.638 F1 0.645
[INFO] 2022-09-30 12:05:01,141 [    train.py:  185]:	Epoch 77: 
[INFO] 2022-09-30 12:05:01,142 [    train.py:  186]:	Train:
[INFO] 2022-09-30 12:05:01,146 [    train.py:  198]:	Loss 0.0016, ('Ner Loss', 0.00021406348969321698),  ('CLS Classification Loss', 0.0013405479257926345)
[INFO] 2022-09-30 12:05:01,146 [    train.py:  208]:	('Ner Acc', 0.9999292492866516),  ('CLS Classification Acc', 0.9996507167816162)
[INFO] 2022-09-30 12:05:03,487 [    train.py:  220]:	Evaluate:
[INFO] 2022-09-30 12:05:03,487 [    train.py:  227]:	Loss 0.1509, ('Ner Loss', 0.014159393),  ('CLS Classification Loss', 0.13669556)
[INFO] 2022-09-30 12:05:03,488 [    train.py:  228]:	('Ner Acc', 0.9979544), ('CLS Classification Acc', 0.9819826)
[INFO] 2022-09-30 12:05:11,755 [    train.py:  237]:	Precision 0.644 Recall 0.645 F1 0.645
[INFO] 2022-09-30 12:06:17,786 [    train.py:  185]:	Epoch 78: 
[INFO] 2022-09-30 12:06:17,787 [    train.py:  186]:	Train:
[INFO] 2022-09-30 12:06:17,792 [    train.py:  198]:	Loss 0.0020, ('Ner Loss', 0.00018516751879360527),  ('CLS Classification Loss', 0.0018443685257807374)
[INFO] 2022-09-30 12:06:17,792 [    train.py:  208]:	('Ner Acc', 0.9999310970306396),  ('CLS Classification Acc', 0.9994317293167114)
[INFO] 2022-09-30 12:06:20,140 [    train.py:  220]:	Evaluate:
[INFO] 2022-09-30 12:06:20,141 [    train.py:  227]:	Loss 0.1613, ('Ner Loss', 0.015980607),  ('CLS Classification Loss', 0.14531219)
[INFO] 2022-09-30 12:06:20,141 [    train.py:  228]:	('Ner Acc', 0.9979612), ('CLS Classification Acc', 0.982344)
[INFO] 2022-09-30 12:06:28,307 [    train.py:  237]:	Precision 0.646 Recall 0.596 F1 0.620
[INFO] 2022-09-30 12:07:34,001 [    train.py:  185]:	Epoch 79: 
[INFO] 2022-09-30 12:07:34,002 [    train.py:  186]:	Train:
[INFO] 2022-09-30 12:07:34,004 [    train.py:  198]:	Loss 0.0024, ('Ner Loss', 0.00022537450422532856),  ('CLS Classification Loss', 0.0021918893326073885)
[INFO] 2022-09-30 12:07:34,005 [    train.py:  208]:	('Ner Acc', 0.9999103546142578),  ('CLS Classification Acc', 0.9993668794631958)
[INFO] 2022-09-30 12:07:36,320 [    train.py:  220]:	Evaluate:
[INFO] 2022-09-30 12:07:36,320 [    train.py:  227]:	Loss 0.1481, ('Ner Loss', 0.014262882),  ('CLS Classification Loss', 0.13387091)
[INFO] 2022-09-30 12:07:36,320 [    train.py:  228]:	('Ner Acc', 0.9979515), ('CLS Classification Acc', 0.9818497)
[INFO] 2022-09-30 12:07:44,574 [    train.py:  237]:	Precision 0.617 Recall 0.636 F1 0.626
[INFO] 2022-09-30 12:08:50,406 [    train.py:  185]:	Epoch 80: 
[INFO] 2022-09-30 12:08:50,407 [    train.py:  186]:	Train:
[INFO] 2022-09-30 12:08:50,410 [    train.py:  198]:	Loss 0.0017, ('Ner Loss', 0.00021067714260425419),  ('CLS Classification Loss', 0.0014721992192789912)
[INFO] 2022-09-30 12:08:50,410 [    train.py:  208]:	('Ner Acc', 0.9999211430549622),  ('CLS Classification Acc', 0.9995453953742981)
[INFO] 2022-09-30 12:08:52,751 [    train.py:  220]:	Evaluate:
[INFO] 2022-09-30 12:08:52,752 [    train.py:  227]:	Loss 0.1648, ('Ner Loss', 0.015031961),  ('CLS Classification Loss', 0.14977318)
[INFO] 2022-09-30 12:08:52,752 [    train.py:  228]:	('Ner Acc', 0.9979754), ('CLS Classification Acc', 0.98202837)
[INFO] 2022-09-30 12:09:01,073 [    train.py:  237]:	Precision 0.622 Recall 0.634 F1 0.628
[INFO] 2022-09-30 12:10:06,997 [    train.py:  185]:	Epoch 81: 
[INFO] 2022-09-30 12:10:06,998 [    train.py:  186]:	Train:
[INFO] 2022-09-30 12:10:07,001 [    train.py:  198]:	Loss 0.0014, ('Ner Loss', 0.00016739424609113485),  ('CLS Classification Loss', 0.0012234689202159643)
[INFO] 2022-09-30 12:10:07,001 [    train.py:  208]:	('Ner Acc', 0.9999345541000366),  ('CLS Classification Acc', 0.9996669888496399)
[INFO] 2022-09-30 12:10:09,346 [    train.py:  220]:	Evaluate:
[INFO] 2022-09-30 12:10:09,347 [    train.py:  227]:	Loss 0.1554, ('Ner Loss', 0.014813072),  ('CLS Classification Loss', 0.14062108)
[INFO] 2022-09-30 12:10:09,347 [    train.py:  228]:	('Ner Acc', 0.99804235), ('CLS Classification Acc', 0.9822526)
[INFO] 2022-09-30 12:10:17,556 [    train.py:  237]:	Precision 0.623 Recall 0.645 F1 0.634
[INFO] 2022-09-30 12:11:23,299 [    train.py:  185]:	Epoch 82: 
[INFO] 2022-09-30 12:11:23,300 [    train.py:  186]:	Train:
[INFO] 2022-09-30 12:11:23,303 [    train.py:  198]:	Loss 0.0015, ('Ner Loss', 0.0001611208135727793),  ('CLS Classification Loss', 0.0013425132492557168)
[INFO] 2022-09-30 12:11:23,303 [    train.py:  208]:	('Ner Acc', 0.9999350309371948),  ('CLS Classification Acc', 0.9996020793914795)
[INFO] 2022-09-30 12:11:25,652 [    train.py:  220]:	Evaluate:
[INFO] 2022-09-30 12:11:25,653 [    train.py:  227]:	Loss 0.1528, ('Ner Loss', 0.014735986),  ('CLS Classification Loss', 0.1380556)
[INFO] 2022-09-30 12:11:25,653 [    train.py:  228]:	('Ner Acc', 0.9981524), ('CLS Classification Acc', 0.98225254)
[INFO] 2022-09-30 12:11:34,304 [    train.py:  237]:	Precision 0.668 Recall 0.587 F1 0.625
[INFO] 2022-09-30 12:12:40,080 [    train.py:  185]:	Epoch 83: 
[INFO] 2022-09-30 12:12:40,081 [    train.py:  186]:	Train:
[INFO] 2022-09-30 12:12:40,084 [    train.py:  198]:	Loss 0.0019, ('Ner Loss', 0.00018764333799481392),  ('CLS Classification Loss', 0.0016736418474465609)
[INFO] 2022-09-30 12:12:40,084 [    train.py:  208]:	('Ner Acc', 0.9999229311943054),  ('CLS Classification Acc', 0.9994965195655823)
[INFO] 2022-09-30 12:12:42,441 [    train.py:  220]:	Evaluate:
[INFO] 2022-09-30 12:12:42,441 [    train.py:  227]:	Loss 0.1485, ('Ner Loss', 0.013609983),  ('CLS Classification Loss', 0.13493612)
[INFO] 2022-09-30 12:12:42,442 [    train.py:  228]:	('Ner Acc', 0.9980441), ('CLS Classification Acc', 0.9805248)
[INFO] 2022-09-30 12:12:50,714 [    train.py:  237]:	Precision 0.604 Recall 0.614 F1 0.609
[INFO] 2022-09-30 12:13:56,406 [    train.py:  185]:	Epoch 84: 
[INFO] 2022-09-30 12:13:56,406 [    train.py:  186]:	Train:
[INFO] 2022-09-30 12:13:56,408 [    train.py:  198]:	Loss 0.0014, ('Ner Loss', 0.00021241322974674404),  ('CLS Classification Loss', 0.0012110008392482996)
[INFO] 2022-09-30 12:13:56,408 [    train.py:  208]:	('Ner Acc', 0.999926745891571),  ('CLS Classification Acc', 0.9996914267539978)
[INFO] 2022-09-30 12:13:58,729 [    train.py:  220]:	Evaluate:
[INFO] 2022-09-30 12:13:58,729 [    train.py:  227]:	Loss 0.1609, ('Ner Loss', 0.014447645),  ('CLS Classification Loss', 0.14642034)
[INFO] 2022-09-30 12:13:58,730 [    train.py:  228]:	('Ner Acc', 0.9979738), ('CLS Classification Acc', 0.980666)
[INFO] 2022-09-30 12:14:06,965 [    train.py:  237]:	Precision 0.607 Recall 0.630 F1 0.618
[INFO] 2022-09-30 12:15:13,106 [    train.py:  185]:	Epoch 85: 
[INFO] 2022-09-30 12:15:13,107 [    train.py:  186]:	Train:
[INFO] 2022-09-30 12:15:13,110 [    train.py:  198]:	Loss 0.0011, ('Ner Loss', 0.00016073491133283824),  ('CLS Classification Loss', 0.0009692609310150146)
[INFO] 2022-09-30 12:15:13,110 [    train.py:  208]:	('Ner Acc', 0.9999392628669739),  ('CLS Classification Acc', 0.9997320175170898)
[INFO] 2022-09-30 12:15:15,483 [    train.py:  220]:	Evaluate:
[INFO] 2022-09-30 12:15:15,484 [    train.py:  227]:	Loss 0.1612, ('Ner Loss', 0.015176652),  ('CLS Classification Loss', 0.14597547)
[INFO] 2022-09-30 12:15:15,484 [    train.py:  228]:	('Ner Acc', 0.9981106), ('CLS Classification Acc', 0.9817583)
[INFO] 2022-09-30 12:15:23,655 [    train.py:  237]:	Precision 0.639 Recall 0.647 F1 0.643
[INFO] 2022-09-30 12:16:29,976 [    train.py:  185]:	Epoch 86: 
[INFO] 2022-09-30 12:16:29,976 [    train.py:  186]:	Train:
[INFO] 2022-09-30 12:16:29,980 [    train.py:  198]:	Loss 0.0023, ('Ner Loss', 0.0002410376473562792),  ('CLS Classification Loss', 0.002050460083410144)
[INFO] 2022-09-30 12:16:29,980 [    train.py:  208]:	('Ner Acc', 0.9999272227287292),  ('CLS Classification Acc', 0.999464213848114)
[INFO] 2022-09-30 12:16:32,350 [    train.py:  220]:	Evaluate:
[INFO] 2022-09-30 12:16:32,351 [    train.py:  227]:	Loss 0.1542, ('Ner Loss', 0.014151775),  ('CLS Classification Loss', 0.14006515)
[INFO] 2022-09-30 12:16:32,351 [    train.py:  228]:	('Ner Acc', 0.9980881), ('CLS Classification Acc', 0.980749)
[INFO] 2022-09-30 12:16:40,519 [    train.py:  237]:	Precision 0.619 Recall 0.638 F1 0.628
[INFO] 2022-09-30 12:17:46,749 [    train.py:  185]:	Epoch 87: 
[INFO] 2022-09-30 12:17:46,749 [    train.py:  186]:	Train:
[INFO] 2022-09-30 12:17:46,752 [    train.py:  198]:	Loss 0.0013, ('Ner Loss', 0.000219823356019333),  ('CLS Classification Loss', 0.0010973946191370487)
[INFO] 2022-09-30 12:17:46,752 [    train.py:  208]:	('Ner Acc', 0.9999359846115112),  ('CLS Classification Acc', 0.9996022582054138)
[INFO] 2022-09-30 12:17:49,104 [    train.py:  220]:	Evaluate:
[INFO] 2022-09-30 12:17:49,105 [    train.py:  227]:	Loss 0.1596, ('Ner Loss', 0.0138401),  ('CLS Classification Loss', 0.14571773)
[INFO] 2022-09-30 12:17:49,105 [    train.py:  228]:	('Ner Acc', 0.9981368), ('CLS Classification Acc', 0.98179567)
[INFO] 2022-09-30 12:17:57,265 [    train.py:  237]:	Precision 0.649 Recall 0.631 F1 0.640
[INFO] 2022-09-30 12:19:03,137 [    train.py:  185]:	Epoch 88: 
[INFO] 2022-09-30 12:19:03,138 [    train.py:  186]:	Train:
[INFO] 2022-09-30 12:19:03,144 [    train.py:  198]:	Loss 0.0016, ('Ner Loss', 0.0001812450645957142),  ('CLS Classification Loss', 0.0013911464484408498)
[INFO] 2022-09-30 12:19:03,144 [    train.py:  208]:	('Ner Acc', 0.9999393820762634),  ('CLS Classification Acc', 0.9996346235275269)
[INFO] 2022-09-30 12:19:05,503 [    train.py:  220]:	Evaluate:
[INFO] 2022-09-30 12:19:05,504 [    train.py:  227]:	Loss 0.1493, ('Ner Loss', 0.014155067),  ('CLS Classification Loss', 0.13515657)
[INFO] 2022-09-30 12:19:05,504 [    train.py:  228]:	('Ner Acc', 0.9980915), ('CLS Classification Acc', 0.9817583)
[INFO] 2022-09-30 12:19:13,566 [    train.py:  237]:	Precision 0.638 Recall 0.617 F1 0.627
[INFO] 2022-09-30 12:20:19,360 [    train.py:  185]:	Epoch 89: 
[INFO] 2022-09-30 12:20:19,360 [    train.py:  186]:	Train:
[INFO] 2022-09-30 12:20:19,363 [    train.py:  198]:	Loss 0.0020, ('Ner Loss', 0.00015725700359325856),  ('CLS Classification Loss', 0.0018059109570458531)
[INFO] 2022-09-30 12:20:19,363 [    train.py:  208]:	('Ner Acc', 0.9999430775642395),  ('CLS Classification Acc', 0.9995130300521851)
[INFO] 2022-09-30 12:20:21,663 [    train.py:  220]:	Evaluate:
[INFO] 2022-09-30 12:20:21,663 [    train.py:  227]:	Loss 0.1448, ('Ner Loss', 0.0139647005),  ('CLS Classification Loss', 0.13079064)
[INFO] 2022-09-30 12:20:21,664 [    train.py:  228]:	('Ner Acc', 0.99797964), ('CLS Classification Acc', 0.98184544)
[INFO] 2022-09-30 12:20:30,614 [    train.py:  237]:	Precision 0.625 Recall 0.627 F1 0.626
[INFO] 2022-09-30 12:21:36,585 [    train.py:  185]:	Epoch 90: 
[INFO] 2022-09-30 12:21:36,585 [    train.py:  186]:	Train:
[INFO] 2022-09-30 12:21:36,588 [    train.py:  198]:	Loss 0.0005, ('Ner Loss', 0.00010059704072773457),  ('CLS Classification Loss', 0.00039520644349977374)
[INFO] 2022-09-30 12:21:36,588 [    train.py:  208]:	('Ner Acc', 0.9999631643295288),  ('CLS Classification Acc', 0.9999269247055054)
[INFO] 2022-09-30 12:21:38,912 [    train.py:  220]:	Evaluate:
[INFO] 2022-09-30 12:21:38,913 [    train.py:  227]:	Loss 0.1714, ('Ner Loss', 0.014904962),  ('CLS Classification Loss', 0.15652609)
[INFO] 2022-09-30 12:21:38,913 [    train.py:  228]:	('Ner Acc', 0.9980335), ('CLS Classification Acc', 0.9821654)
[INFO] 2022-09-30 12:21:47,129 [    train.py:  237]:	Precision 0.633 Recall 0.624 F1 0.628
[INFO] 2022-09-30 12:22:52,959 [    train.py:  185]:	Epoch 91: 
[INFO] 2022-09-30 12:22:52,959 [    train.py:  186]:	Train:
[INFO] 2022-09-30 12:22:52,962 [    train.py:  198]:	Loss 0.0009, ('Ner Loss', 0.00013841252075508237),  ('CLS Classification Loss', 0.0007290842477232218)
[INFO] 2022-09-30 12:22:52,962 [    train.py:  208]:	('Ner Acc', 0.9999481439590454),  ('CLS Classification Acc', 0.9997969269752502)
[INFO] 2022-09-30 12:22:55,275 [    train.py:  220]:	Evaluate:
[INFO] 2022-09-30 12:22:55,276 [    train.py:  227]:	Loss 0.1744, ('Ner Loss', 0.014797609),  ('CLS Classification Loss', 0.15957539)
[INFO] 2022-09-30 12:22:55,276 [    train.py:  228]:	('Ner Acc', 0.9979979), ('CLS Classification Acc', 0.9819785)
[INFO] 2022-09-30 12:23:03,519 [    train.py:  237]:	Precision 0.624 Recall 0.619 F1 0.621
[INFO] 2022-09-30 12:24:09,453 [    train.py:  185]:	Epoch 92: 
[INFO] 2022-09-30 12:24:09,454 [    train.py:  186]:	Train:
[INFO] 2022-09-30 12:24:09,461 [    train.py:  198]:	Loss 0.0014, ('Ner Loss', 0.0001250367349712178),  ('CLS Classification Loss', 0.0012560326140373945)
[INFO] 2022-09-30 12:24:09,461 [    train.py:  208]:	('Ner Acc', 0.9999535083770752),  ('CLS Classification Acc', 0.9996427297592163)
[INFO] 2022-09-30 12:24:11,783 [    train.py:  220]:	Evaluate:
[INFO] 2022-09-30 12:24:11,783 [    train.py:  227]:	Loss 0.1610, ('Ner Loss', 0.014904708),  ('CLS Classification Loss', 0.14614353)
[INFO] 2022-09-30 12:24:11,783 [    train.py:  228]:	('Ner Acc', 0.99793965), ('CLS Classification Acc', 0.98038775)
[INFO] 2022-09-30 12:24:19,881 [    train.py:  237]:	Precision 0.604 Recall 0.624 F1 0.614
[INFO] 2022-09-30 12:25:25,761 [    train.py:  185]:	Epoch 93: 
[INFO] 2022-09-30 12:25:25,761 [    train.py:  186]:	Train:
[INFO] 2022-09-30 12:25:25,764 [    train.py:  198]:	Loss 0.0014, ('Ner Loss', 0.00011914368951693177),  ('CLS Classification Loss', 0.0012606756063178182)
[INFO] 2022-09-30 12:25:25,764 [    train.py:  208]:	('Ner Acc', 0.9999539256095886),  ('CLS Classification Acc', 0.9996833205223083)
[INFO] 2022-09-30 12:25:28,092 [    train.py:  220]:	Evaluate:
[INFO] 2022-09-30 12:25:28,093 [    train.py:  227]:	Loss 0.1543, ('Ner Loss', 0.015099478),  ('CLS Classification Loss', 0.13921285)
[INFO] 2022-09-30 12:25:28,093 [    train.py:  228]:	('Ner Acc', 0.99793714), ('CLS Classification Acc', 0.98244363)
[INFO] 2022-09-30 12:25:36,919 [    train.py:  237]:	Precision 0.633 Recall 0.625 F1 0.629
[INFO] 2022-09-30 12:26:42,645 [    train.py:  185]:	Epoch 94: 
[INFO] 2022-09-30 12:26:42,645 [    train.py:  186]:	Train:
[INFO] 2022-09-30 12:26:42,648 [    train.py:  198]:	Loss 0.0014, ('Ner Loss', 0.00016882886120583862),  ('CLS Classification Loss', 0.0012543350458145142)
[INFO] 2022-09-30 12:26:42,648 [    train.py:  208]:	('Ner Acc', 0.9999335408210754),  ('CLS Classification Acc', 0.999618411064148)
[INFO] 2022-09-30 12:26:44,960 [    train.py:  220]:	Evaluate:
[INFO] 2022-09-30 12:26:44,960 [    train.py:  227]:	Loss 0.1672, ('Ner Loss', 0.015782367),  ('CLS Classification Loss', 0.15138312)
[INFO] 2022-09-30 12:26:44,961 [    train.py:  228]:	('Ner Acc', 0.99783945), ('CLS Classification Acc', 0.9806577)
[INFO] 2022-09-30 12:26:53,136 [    train.py:  237]:	Precision 0.595 Recall 0.615 F1 0.604
[INFO] 2022-09-30 12:27:59,138 [    train.py:  185]:	Epoch 95: 
[INFO] 2022-09-30 12:27:59,139 [    train.py:  186]:	Train:
[INFO] 2022-09-30 12:27:59,141 [    train.py:  198]:	Loss 0.0018, ('Ner Loss', 0.0001478836202295497),  ('CLS Classification Loss', 0.0016289849299937487)
[INFO] 2022-09-30 12:27:59,141 [    train.py:  208]:	('Ner Acc', 0.9999461770057678),  ('CLS Classification Acc', 0.9995695948600769)
[INFO] 2022-09-30 12:28:01,483 [    train.py:  220]:	Evaluate:
[INFO] 2022-09-30 12:28:01,483 [    train.py:  227]:	Loss 0.1499, ('Ner Loss', 0.014525111),  ('CLS Classification Loss', 0.13536792)
[INFO] 2022-09-30 12:28:01,484 [    train.py:  228]:	('Ner Acc', 0.9979004), ('CLS Classification Acc', 0.98134714)
[INFO] 2022-09-30 12:28:09,673 [    train.py:  237]:	Precision 0.621 Recall 0.627 F1 0.624
[INFO] 2022-09-30 12:29:15,371 [    train.py:  185]:	Epoch 96: 
[INFO] 2022-09-30 12:29:15,372 [    train.py:  186]:	Train:
[INFO] 2022-09-30 12:29:15,377 [    train.py:  198]:	Loss 0.0012, ('Ner Loss', 0.00013731708168052137),  ('CLS Classification Loss', 0.0010734772076830268)
[INFO] 2022-09-30 12:29:15,377 [    train.py:  208]:	('Ner Acc', 0.9999512434005737),  ('CLS Classification Acc', 0.9996833205223083)
[INFO] 2022-09-30 12:29:17,659 [    train.py:  220]:	Evaluate:
[INFO] 2022-09-30 12:29:17,660 [    train.py:  227]:	Loss 0.1546, ('Ner Loss', 0.014158624),  ('CLS Classification Loss', 0.14044179)
[INFO] 2022-09-30 12:29:17,660 [    train.py:  228]:	('Ner Acc', 0.99795926), ('CLS Classification Acc', 0.9803421)
[INFO] 2022-09-30 12:29:26,285 [    train.py:  237]:	Precision 0.610 Recall 0.625 F1 0.617
[INFO] 2022-09-30 12:30:32,579 [    train.py:  185]:	Epoch 97: 
[INFO] 2022-09-30 12:30:32,579 [    train.py:  186]:	Train:
[INFO] 2022-09-30 12:30:32,585 [    train.py:  198]:	Loss 0.0015, ('Ner Loss', 0.0002238138986285776),  ('CLS Classification Loss', 0.001291409833356738)
[INFO] 2022-09-30 12:30:32,585 [    train.py:  208]:	('Ner Acc', 0.9999436736106873),  ('CLS Classification Acc', 0.9996428489685059)
[INFO] 2022-09-30 12:30:34,962 [    train.py:  220]:	Evaluate:
[INFO] 2022-09-30 12:30:34,963 [    train.py:  227]:	Loss 0.1640, ('Ner Loss', 0.015163924),  ('CLS Classification Loss', 0.14881627)
[INFO] 2022-09-30 12:30:34,963 [    train.py:  228]:	('Ner Acc', 0.997949), ('CLS Classification Acc', 0.98097754)
[INFO] 2022-09-30 12:30:43,970 [    train.py:  237]:	Precision 0.617 Recall 0.614 F1 0.615
[INFO] 2022-09-30 12:31:50,256 [    train.py:  185]:	Epoch 98: 
[INFO] 2022-09-30 12:31:50,256 [    train.py:  186]:	Train:
[INFO] 2022-09-30 12:31:50,263 [    train.py:  198]:	Loss 0.0005, ('Ner Loss', 0.0001231653877766803),  ('CLS Classification Loss', 0.00034576101461425424)
[INFO] 2022-09-30 12:31:50,264 [    train.py:  208]:	('Ner Acc', 0.9999635219573975),  ('CLS Classification Acc', 0.9999106526374817)
[INFO] 2022-09-30 12:31:52,610 [    train.py:  220]:	Evaluate:
[INFO] 2022-09-30 12:31:52,611 [    train.py:  227]:	Loss 0.1853, ('Ner Loss', 0.01633214),  ('CLS Classification Loss', 0.16901302)
[INFO] 2022-09-30 12:31:52,611 [    train.py:  228]:	('Ner Acc', 0.9979514), ('CLS Classification Acc', 0.9808903)
[INFO] 2022-09-30 12:32:01,047 [    train.py:  237]:	Precision 0.596 Recall 0.632 F1 0.614
[INFO] 2022-09-30 12:33:07,199 [    train.py:  185]:	Epoch 99: 
[INFO] 2022-09-30 12:33:07,200 [    train.py:  186]:	Train:
[INFO] 2022-09-30 12:33:07,204 [    train.py:  198]:	Loss 0.0012, ('Ner Loss', 0.00013430201215669513),  ('CLS Classification Loss', 0.0010431291302666068)
[INFO] 2022-09-30 12:33:07,204 [    train.py:  208]:	('Ner Acc', 0.9999648332595825),  ('CLS Classification Acc', 0.9997319579124451)
[INFO] 2022-09-30 12:33:09,548 [    train.py:  220]:	Evaluate:
[INFO] 2022-09-30 12:33:09,549 [    train.py:  227]:	Loss 0.1577, ('Ner Loss', 0.0144087495),  ('CLS Classification Loss', 0.14330219)
[INFO] 2022-09-30 12:33:09,549 [    train.py:  228]:	('Ner Acc', 0.9979144), ('CLS Classification Acc', 0.980749)
[INFO] 2022-09-30 12:33:17,886 [    train.py:  237]:	Precision 0.604 Recall 0.620 F1 0.612
[INFO] 2022-09-30 12:34:24,493 [    train.py:  185]:	Epoch 100: 
[INFO] 2022-09-30 12:34:24,494 [    train.py:  186]:	Train:
[INFO] 2022-09-30 12:34:24,500 [    train.py:  198]:	Loss 0.0009, ('Ner Loss', 0.00011961194832110777),  ('CLS Classification Loss', 0.0007515091565437615)
[INFO] 2022-09-30 12:34:24,500 [    train.py:  208]:	('Ner Acc', 0.9999648332595825),  ('CLS Classification Acc', 0.9997564554214478)
[INFO] 2022-09-30 12:34:26,867 [    train.py:  220]:	Evaluate:
[INFO] 2022-09-30 12:34:26,868 [    train.py:  227]:	Loss 0.1796, ('Ner Loss', 0.015591294),  ('CLS Classification Loss', 0.16396312)
[INFO] 2022-09-30 12:34:26,868 [    train.py:  228]:	('Ner Acc', 0.99785995), ('CLS Classification Acc', 0.98075324)
[INFO] 2022-09-30 12:34:35,292 [    train.py:  237]:	Precision 0.598 Recall 0.624 F1 0.611
[INFO] 2022-09-30 12:34:35,292 [    train.py:  257]:	Best Epoch 62; Best f1 0.652794292508918 precision 0.6670716889428918 recall 0.6391152502910361;
